 
                                                                                               
 
 
Variable Summary

          Measurement    Frequency
Role         Level         Count

ID         INTERVAL           1   
ID         NOMINAL            1   
INPUT      INTERVAL          18   
TARGET     BINARY             1   
 
                                                                                               
 
 
Model Events

                                  Number
                   Measurement      of
Target    Event       Level       Levels      Order       Label

DepVar      1        BINARY          2      Descending    DepVar
 
                                                                                               
 
 
Predicted and decision variables

Type         Variable     Label

TARGET       DepVar       DepVar             
PREDICTED    P_DepVar1    Predicted: DepVar=1
RESIDUAL     R_DepVar1    Residual: DepVar=1 
PREDICTED    P_DepVar0    Predicted: DepVar=0
RESIDUAL     R_DepVar0    Residual: DepVar=0 
FROM         F_DepVar     From: DepVar       
INTO         I_DepVar     Into: DepVar       
 
                                                                                               
 
 

The SVM Procedure
Parameter Tuning Process: Technique=  FQP

---Start Tuning Process: Technique=  FQP---


      Sorted Results of Grid Search for 1 Parameters
 
                                                     Train
     N             C     NMisc       Percent         Error

    10       1.00000        98       9.80000      88.00000
     8       0.80000       101      10.10000      89.00000
     9       0.90000        98       9.80000      90.00000
     6       0.60000       104      10.40000      92.00000
     7       0.70000       101      10.10000      93.00000
     5       0.50000       105      10.50000      97.00000
     3       0.30000       112      11.20000     101.00000
     4       0.40000       109      10.90000     101.00000
     2       0.20000       111      11.10000     106.00000
     1       0.10000       123      12.30000     117.00000

Best solution with C=1 selected.

---Start CrossValidation: Technique=  FQP---

Misclassification=98  Accuracy=  90.20
Change + to - : 84 Change - to + : 14
 
                                                                                               
 
 

The SVM Procedure

    Classification Table (Cross Validation)
 
     Misclassification=98  Accuracy=  90.20
 
                          Predicted
Observed           0           1         Missing

0              835.0     14.0000               0
1            84.0000     67.0000               0
Missing            0           0               0

Random CV Result: Nmiss=98 Error=90.2
Estimate of Recall=44.370860927 Precision=82.716049383
Runtime for k=10 fold cross validation in seconds: 63

---Start Training: Technique=  FQP---
 
                                                                                               
 
 

The SVM Procedure

      Classification Table (Training Data)
 
     Misclassification=88  Accuracy=  91.20
 
                          Predicted
Observed           0           1         Missing

0              840.0      9.0000               0
1            79.0000     72.0000               0
Missing            0           0               0
 
                                                                                               
 
 

The SVM Procedure
Regularization Parameter C=1

      Classification Table (Training Data)
 
     Misclassification=88  Accuracy=  91.20
 
                          Predicted
Observed           0           1         Missing

0              840.0      9.0000               0
1            79.0000     72.0000               0
Missing            0           0               0
 
                                                                                               
 
 

The SVM Procedure

Support Vector Classification             C_CLAS
Kernel Function                           Linear
Estimation Method                            FQP
Number of Observations (Train)              1000
Number of Effects                             18
Regularization Parameter C              1.000000
Classification Error (Training)        88.000000
Classification Error (Random CV)       98.000000
Objective Function                   -236.249080
Inf. Norm of Gradient               1.310063E-14
Squared Euclidean Norm of w            20.947711
Geometric Margin                        0.436980
Number of Support Vectors                    256
Number of S.Vector on Margin                 238
Norm of Longest Vector                  2.643465
Radius of Sphere Around SV              2.643465
Estimated VC Dim of Classifier        147.380672
Linear Kernel Constant (Fit)            1.376676
Linear Kernel Constant (PCE)            1.376676
Number of Kernel Calls                     62319
