 
                                                                                               
 
 
Variable Summary

            Measurement    Frequency
Role           Level         Count

INPUT        INTERVAL          13   
INPUT        NOMINAL            1   
REJECTED     BINARY             7   
REJECTED     INTERVAL          11   
REJECTED     NOMINAL            1   
TARGET       BINARY             1   
 
                                                                                               
 
 
Model Events

                                  Number
                   Measurement      of
Target    Event       Level       Levels      Order       Label

DepVar      1        BINARY          2      Descending    DepVar
 
                                                                                               
 
 
Predicted and decision variables

Type         Variable     Label

TARGET       DepVar       DepVar             
PREDICTED    P_DepVar1    Predicted: DepVar=1
RESIDUAL     R_DepVar1    Residual: DepVar=1 
PREDICTED    P_DepVar0    Predicted: DepVar=0
RESIDUAL     R_DepVar0    Residual: DepVar=0 
FROM         F_DepVar     From: DepVar       
INTO         I_DepVar     Into: DepVar       
 
                                                                                               
 
 

The NEURAL Procedure

Preliminary       Starting         Objective         Number
 Training          Random           Function           of        Terminating
    Run             Seed             Value         Iterations     Criteria

        1               12345    0.138175753335           10                
        2           679865644    0.143364154392           10                
        3           335245709    0.121115782141           10                
        4           466641608    0.134508308994           10                
        5          2007033381    0.126577850563           10                
 
                                                                                               
 
 

The NEURAL Procedure

                      Optimization Start
                      Parameter Estimates
                                                      Gradient
                                                     Objective
  N Parameter                         Estimate        Function

  1 AcceptedCmpTotal_H11             -0.433611        0.013784
  2 Frq_H11                           0.957241        0.006526
  3 Income_H11                       -0.273595        0.004454
  4 Mnt_H11                           0.241296        0.012058
  5 MntGoldProds_H11                  0.160092        0.013415
  6 MntMeatProducts_H11              -0.990493        0.013016
  7 NumCatalogPurchases_H11          -0.565035        0.011829
  8 NumDealsPurchases_H11            -0.453152       -0.006004
  9 NumWebVisitsMonth_H11            -0.606851       -0.014264
 10 RFMstat_H11                      -0.174165       -0.006571
 11 Recency_H11                       0.801713        0.009977
 12 Teenhome_H11                     -0.046779        0.000291
 13 Year_Birth_H11                   -0.343023        0.006068
 14 AcceptedCmpTotal_H12             -0.000399        0.002263
 15 Frq_H12                           0.005323        0.001898
 16 Income_H12                       -0.380366        0.001785
 17 Mnt_H12                           0.148472        0.002542
 18 MntGoldProds_H12                  0.251689        0.002374
 19 MntMeatProducts_H12               0.011592        0.003378
 20 NumCatalogPurchases_H12          -0.528027        0.002763
 21 NumDealsPurchases_H12            -0.215326       -0.001610
 22 NumWebVisitsMonth_H12            -0.096823       -0.002403
 23 RFMstat_H12                       0.459942       -0.000275
 24 Recency_H12                       0.238052        0.000636
 25 Teenhome_H12                      0.457703       -0.001214
 26 Year_Birth_H12                    0.006891        0.001277
 27 AcceptedCmpTotal_H13             -0.036602        0.004643
 28 Frq_H13                           0.689314        0.002745
 29 Income_H13                       -0.256315       -0.000138
 30 Mnt_H13                           0.960742        0.004411
 31 MntGoldProds_H13                 -0.146756        0.006681
 32 MntMeatProducts_H13              -0.628798        0.008375
 33 NumCatalogPurchases_H13          -1.038917        0.006387
 34 NumDealsPurchases_H13            -0.414589        0.001519
 35 NumWebVisitsMonth_H13            -0.529087       -0.008253
 36 RFMstat_H13                      -0.053293       -0.007196
 37 Recency_H13                       0.171890        0.005917
 38 Teenhome_H13                      0.077308       -0.001395
 39 Year_Birth_H13                    0.201502        0.003685
 40 AcceptedCmpTotal_H14             -0.047224        0.000979
 41 Frq_H14                           0.093028        0.000175
 42 Income_H14                        0.131584       -0.000762
 43 Mnt_H14                           0.031593        0.000130
 44 MntGoldProds_H14                 -0.196377        0.000713
 45 MntMeatProducts_H14               0.081044        0.000813
 46 NumCatalogPurchases_H14          -0.138000        0.000836
 47 NumDealsPurchases_H14             0.008770    -0.000092441
 48 NumWebVisitsMonth_H14            -0.144529       -0.000933
 49 RFMstat_H14                       0.234784       -0.000124
 50 Recency_H14                      -0.013792        0.000679
 51 Teenhome_H14                     -0.102032       -0.000402
 52 Year_Birth_H14                    0.545743        0.000927
 53 AcceptedCmpTotal_H15              0.650054       -0.009620
 54 Frq_H15                          -0.662521       -0.003671
 55 Income_H15                        0.370053       -0.003843
 56 Mnt_H15                          -0.787345       -0.006248
 57 MntGoldProds_H15                  0.059542       -0.005120
 58 MntMeatProducts_H15               0.193976       -0.013354
 59 NumCatalogPurchases_H15           0.501078       -0.005832
 60 NumDealsPurchases_H15             0.112812       -0.003038
 61 NumWebVisitsMonth_H15             0.926810        0.005948
 62 RFMstat_H15                       0.077558        0.009620
 63 Recency_H15                      -1.062844       -0.004568
 64 Teenhome_H15                     -0.364893       -0.000527
 65 Year_Birth_H15                   -0.072345       -0.007278
 66 AcceptedCmpTotal_H16             -0.633517        0.003780
 67 Frq_H16                           0.524649     0.000082335
 68 Income_H16                       -0.230577       -0.001991
 69 Mnt_H16                           0.099342       -0.000981
 70 MntGoldProds_H16                 -0.362491        0.002452
 71 MntMeatProducts_H16              -0.649990        0.001224
 72 NumCatalogPurchases_H16          -0.529091       -0.002124
 73 NumDealsPurchases_H16             0.217985       -0.001696
 74 NumWebVisitsMonth_H16            -0.086991        0.001186
 75 RFMstat_H16                      -0.238667       -0.012120
 76 Recency_H16                       0.109030        0.000954
 77 Teenhome_H16                      0.364861    -0.000038092
 78 Year_Birth_H16                    0.089868        0.001476
 79 Marital_StatusDivorced_H11       -0.042734       -0.001401
 80 Marital_StatusMarried_H11         0.058357       -0.001037
 81 Marital_StatusSingle_H11         -0.001620        0.002282
 82 Marital_StatusTogether_H11        0.085287       -0.000406
 83 Marital_StatusDivorced_H12        0.008942    -0.000011587
 84 Marital_StatusMarried_H12        -0.398856       -0.000515
 85 Marital_StatusSingle_H12         -0.054846        0.001293
 86 Marital_StatusTogether_H12        0.340651       -0.000292
 87 Marital_StatusDivorced_H13       -0.267265       -0.000124
 88 Marital_StatusMarried_H13         0.193554        0.000824
 89 Marital_StatusSingle_H13          0.060281        0.001816
 90 Marital_StatusTogether_H13        0.155252        0.000433
 91 Marital_StatusDivorced_H14        0.045075        0.000126
 92 Marital_StatusMarried_H14        -0.312757        0.000698
 93 Marital_StatusSingle_H14         -0.008845     0.000064912
 94 Marital_StatusTogether_H14       -0.364386        0.000297
 95 Marital_StatusDivorced_H15       -0.173398       -0.003427
 96 Marital_StatusMarried_H15        -0.664460        0.002138
 97 Marital_StatusSingle_H15          0.635368       -0.005460
 98 Marital_StatusTogether_H15       -0.590516        0.002039
 99 Marital_StatusDivorced_H16       -0.242544       -0.002480
100 Marital_StatusMarried_H16         0.413329       -0.000426
101 Marital_StatusSingle_H16         -0.258842        0.003259
102 Marital_StatusTogether_H16        0.256545        0.000151
103 BIAS_H11                          1.075511       -0.003703
104 BIAS_H12                          0.902045        0.001125
105 BIAS_H13                          0.372796       -0.001311
106 BIAS_H14                          0.863945    -0.000087827
107 BIAS_H15                          0.218799       -0.007667
108 BIAS_H16                          1.029220    -0.000074183
109 H11_DepVar1                      -2.578406        0.000800
110 H12_DepVar1                      -0.537006        0.001227
111 H13_DepVar1                      -1.809879       -0.000286
112 H14_DepVar1                      -0.383409       -0.000479
113 H15_DepVar1                       3.115092        0.000700
114 H16_DepVar1                      -2.467696        0.004695
115 BIAS_DepVar1                     -1.672011       -0.000148

Value of Objective Function = 0.1211157821

 
                                                                                               
 
 

The NEURAL Procedure

Dual Quasi-Newton Optimization


Minimum Iterations                                0
Maximum Iterations                               50
Maximum Function Calls                   2147483647
Maximum CPU Time                              14400
ABSGCONV Gradient Criterion                 0.00001
GCONV Gradient Criterion                       1E-8
ABSFCONV Function Criterion                       0
FCONV Function Criterion                     0.0001
FCONV2 Function Criterion                         0
FSIZE Parameter                                   0
ABSXCONV Parameter Change Criterion               0
XCONV Parameter Change Criterion                  0
XSIZE Parameter                                   0
ABSCONV Function Criterion             0.0020529663
Line Search Method                                2
Starting Alpha for Line Search                    1
Line Search Precision LSPRECISION               0.4
DAMPSTEP Parameter for Line Search                .
Singularity Tolerance (SINGULAR)               1E-8

Dual Quasi-Newton Optimization

Dual Broyden - Fletcher - Goldfarb - Shanno Update (DBFGS)

Parameter Estimates             115

                                      Optimization Start

Active Constraints                           0  Objective Function                0.1211157821
Max Abs Gradient Element          0.0142639455                                                


                                                       Objective   Max Abs            Slope of
                 Function       Active      Objective   Function  Gradient     Step     Search
Iter   Restarts     Calls  Constraints       Function     Change   Element     Size  Direction

   1          0         5            0        0.11984    0.00128    0.0133   0.0103     -0.272
   2          0         9            0        0.11761    0.00222   0.00985    2.497    -0.0018
   3          0        13            0        0.11542    0.00220    0.0103    2.091    -0.0021
   4          0        15            0        0.11433    0.00109    0.0108    1.000    -0.0027
   5          0        19            0        0.11246    0.00187    0.0112    2.713    -0.0013
   6          0        21            0        0.11054    0.00192    0.0107    1.977    -0.0024
   7          0        23            0        0.10890    0.00165    0.0142    1.640    -0.0029
   8          0        25            0        0.10681    0.00209    0.0106    1.794    -0.0023
   9          0        27            0        0.10412    0.00269    0.0116    2.828    -0.0018
  10          0        29            0        0.10283    0.00129    0.0255    3.161    -0.0021
  11          0        31            0        0.10078    0.00204   0.00726    0.971    -0.0033
  12          0        33            0        0.09971    0.00108    0.0232    3.637    -0.0014
  13          0        35            0        0.09791    0.00179   0.00736    1.072    -0.0025
  14          0        37            0        0.09614    0.00177    0.0152    2.786    -0.0016
  15          0        39            0        0.09429    0.00186   0.00917    2.835    -0.0016
  16          0        42            0        0.09273    0.00156   0.00468    1.911    -0.0013
  17          0        44            0        0.09191   0.000816    0.0131    3.746    -0.0010
  18          0        46            0        0.09058    0.00134   0.00457    0.953    -0.0021
  19          0        48            0        0.08917    0.00141   0.00644    2.944    -0.0011
  20          0        50            0        0.08738    0.00179   0.00603    3.240    -0.0011
  21          0        53            0        0.08637    0.00101   0.00544    2.031    -0.0010
  22          0        55            0        0.08548   0.000889   0.00612    2.764    -0.0009
  23          0        57            0        0.08444    0.00104   0.00424    2.290    -0.0010
  24          0        59            0        0.08285    0.00159   0.00417    3.787    -0.0007
  25          0        61            0        0.08207   0.000775    0.0170    2.673    -0.0015
  26          0        63            0        0.08090    0.00117   0.00537    0.756    -0.0026
  27          0        65            0        0.08036   0.000535   0.00799    2.728    -0.0011
  28          0        69            0        0.07912    0.00124   0.00431    1.628    -0.0016
  29          0        71            0        0.07812   0.000998   0.00616    4.456    -0.0007
  30          0        73            0        0.07732   0.000803   0.00784    2.301    -0.0011
  31          0        75            0        0.07621    0.00111   0.00328    1.914    -0.0010
  32          0        77            0        0.07485    0.00136    0.0162    2.562    -0.0011
  33          0        79            0        0.07365    0.00120    0.0102    1.889    -0.0018
  34          0        81            0        0.07290   0.000744    0.0112    2.802    -0.0011
  35          0        83            0        0.07177    0.00113   0.00316    1.191    -0.0016
  36          0        85            0        0.07087   0.000908    0.0152    2.430    -0.0012
  37          0        87            0        0.06963    0.00123   0.00397    1.454    -0.0016
  38          0        89            0        0.06914   0.000492    0.0130    3.596    -0.0009
  39          0        93            0        0.06785    0.00130   0.00440    1.357    -0.0019
  40          0        96            0        0.06699   0.000855   0.00549    1.807    -0.0009
  41          0       100            0        0.06489    0.00211   0.00636    2.556    -0.0017
  42          0       103            0        0.06410   0.000788   0.00657    1.074    -0.0012
  43          0       105            0        0.06302    0.00107   0.00614    1.584    -0.0012
  44          0       108            0        0.06238   0.000645   0.00382    1.437    -0.0009
  45          0       110            0        0.06186   0.000519   0.00559    2.435    -0.0007
  46          0       112            0        0.06148   0.000382   0.00523    1.363    -0.0010
  47          0       114            0        0.06110   0.000380   0.00474    1.193    -0.0008
  48          0       116            0        0.06052   0.000573   0.00273    1.680    -0.0006
  49          0       118            0        0.05960   0.000924   0.00492    1.788    -0.0008
  50          0       120            0        0.05890   0.000704   0.00569    1.983    -0.0012

                                     Optimization Results

Iterations                                  50  Function Calls                             122
Gradient Calls                              58  Active Constraints                           0
Objective Function                0.0588961533  Max Abs Gradient Element          0.0056919384
Slope of Search Direction         -0.001164658                                                

QUANEW needs more than 50 iterations or 2147483647 function calls.                             

WARNING: QUANEW Optimization cannot be completed.

 
                                                                                               
 
 

The NEURAL Procedure

                     Optimization Results
                      Parameter Estimates
                                                      Gradient
                                                     Objective
  N Parameter                         Estimate        Function

  1 AcceptedCmpTotal_H11             -1.393140        0.002096
  2 Frq_H11                           2.158503       -0.000110
  3 Income_H11                       -0.388271        0.000207
  4 Mnt_H11                           0.458472       -0.000513
  5 MntGoldProds_H11                  0.363179       -0.000686
  6 MntMeatProducts_H11              -2.076668       -0.000789
  7 NumCatalogPurchases_H11          -1.197929        0.000389
  8 NumDealsPurchases_H11            -0.500757       -0.001444
  9 NumWebVisitsMonth_H11            -1.322465        0.001063
 10 RFMstat_H11                      -0.131893       -0.002195
 11 Recency_H11                       1.988697        0.001195
 12 Teenhome_H11                     -0.207595       -0.002013
 13 Year_Birth_H11                   -0.185460        0.001539
 14 AcceptedCmpTotal_H12             -0.003174        0.002026
 15 Frq_H12                          -0.414296        0.001879
 16 Income_H12                       -1.336868    -0.000048874
 17 Mnt_H12                           0.413218       -0.001350
 18 MntGoldProds_H12                  0.218698        0.002573
 19 MntMeatProducts_H12              -0.569671       -0.001667
 20 NumCatalogPurchases_H12          -0.922255        0.001192
 21 NumDealsPurchases_H12            -0.174102       -0.001322
 22 NumWebVisitsMonth_H12            -1.179825       -0.001684
 23 RFMstat_H12                       0.170691       -0.001285
 24 Recency_H12                       1.515469        0.002036
 25 Teenhome_H12                      1.005143       -0.001645
 26 Year_Birth_H12                   -0.209066        0.000776
 27 AcceptedCmpTotal_H13              0.531835        0.000786
 28 Frq_H13                           2.267896       -0.001303
 29 Income_H13                        0.033566        0.000591
 30 Mnt_H13                           4.356580       -0.001489
 31 MntGoldProds_H13                  0.154167       -0.001560
 32 MntMeatProducts_H13              -2.013296       -0.001018
 33 NumCatalogPurchases_H13          -5.038494       -0.000327
 34 NumDealsPurchases_H13            -1.248120       -0.005692
 35 NumWebVisitsMonth_H13            -0.704561       -0.000984
 36 RFMstat_H13                      -0.861367        0.000539
 37 Recency_H13                       0.158379       -0.003347
 38 Teenhome_H13                      0.443730        0.002747
 39 Year_Birth_H13                    0.531655       -0.002039
 40 AcceptedCmpTotal_H14             -0.046827        0.000618
 41 Frq_H14                           2.092641       -0.002656
 42 Income_H14                       -0.162419       -0.000365
 43 Mnt_H14                           1.247604       -0.002444
 44 MntGoldProds_H14                 -0.179699       -0.001875
 45 MntMeatProducts_H14              -0.860163       -0.000370
 46 NumCatalogPurchases_H14           0.218736       -0.001545
 47 NumDealsPurchases_H14            -0.769735       -0.003632
 48 NumWebVisitsMonth_H14             0.421420        0.000880
 49 RFMstat_H14                       0.014546       -0.000199
 50 Recency_H14                      -0.915103       -0.001645
 51 Teenhome_H14                     -0.306802        0.001020
 52 Year_Birth_H14                   -0.496924        0.000596
 53 AcceptedCmpTotal_H15              1.956710        0.001893
 54 Frq_H15                          -1.844397       -0.002058
 55 Income_H15                        0.191074       -0.000198
 56 Mnt_H15                          -2.252666        0.000382
 57 MntGoldProds_H15                  0.046187       -0.002887
 58 MntMeatProducts_H15               1.098057        0.001950
 59 NumCatalogPurchases_H15           0.920267       -0.002039
 60 NumDealsPurchases_H15             0.149394        0.000222
 61 NumWebVisitsMonth_H15             1.949799        0.002332
 62 RFMstat_H15                       0.027151        0.001474
 63 Recency_H15                      -2.626471       -0.000402
 64 Teenhome_H15                      0.466363        0.002953
 65 Year_Birth_H15                   -0.020442       -0.000938
 66 AcceptedCmpTotal_H16             -1.484085        0.000712
 67 Frq_H16                           0.736863        0.001065
 68 Income_H16                       -0.623120       -0.000575
 69 Mnt_H16                          -1.138496        0.000131
 70 MntGoldProds_H16                 -0.982860        0.000747
 71 MntMeatProducts_H16              -1.911221       -0.000702
 72 NumCatalogPurchases_H16           0.601685        0.001347
 73 NumDealsPurchases_H16             0.248543        0.001855
 74 NumWebVisitsMonth_H16            -0.719073        0.000361
 75 RFMstat_H16                       0.597087       -0.003415
 76 Recency_H16                       0.946902        0.001388
 77 Teenhome_H16                      0.758744       -0.004678
 78 Year_Birth_H16                    0.377584     0.000087185
 79 Marital_StatusDivorced_H11       -0.936553        0.000388
 80 Marital_StatusMarried_H11         0.983227       -0.002511
 81 Marital_StatusSingle_H11         -1.039809        0.000830
 82 Marital_StatusTogether_H11        0.275564        0.001778
 83 Marital_StatusDivorced_H12        0.769097        0.001016
 84 Marital_StatusMarried_H12         0.742813       -0.000504
 85 Marital_StatusSingle_H12          0.037283        0.001570
 86 Marital_StatusTogether_H12       -0.309224        0.000755
 87 Marital_StatusDivorced_H13        0.486060        0.001139
 88 Marital_StatusMarried_H13        -0.406831       -0.001621
 89 Marital_StatusSingle_H13         -0.448958       -0.000120
 90 Marital_StatusTogether_H13       -0.064214        0.001417
 91 Marital_StatusDivorced_H14        0.111824        0.000466
 92 Marital_StatusMarried_H14        -1.490594       -0.001887
 93 Marital_StatusSingle_H14          1.470027        0.000214
 94 Marital_StatusTogether_H14       -0.440569        0.001775
 95 Marital_StatusDivorced_H15        2.336416       -0.000289
 96 Marital_StatusMarried_H15        -3.417565        0.004218
 97 Marital_StatusSingle_H15          1.531456       -0.002817
 98 Marital_StatusTogether_H15       -3.494831        0.000173
 99 Marital_StatusDivorced_H16        0.852742        0.000125
100 Marital_StatusMarried_H16        -1.000303       -0.000713
101 Marital_StatusSingle_H16         -0.766309        0.001330
102 Marital_StatusTogether_H16       -0.037227     0.000074375
103 BIAS_H11                          2.983868        0.000936
104 BIAS_H12                          2.239014       -0.001165
105 BIAS_H13                          1.324562        0.000380
106 BIAS_H14                          1.774187        0.001005
107 BIAS_H15                          3.380506        0.002069
108 BIAS_H16                          2.579407        0.001187
109 H11_DepVar1                      -5.044333        0.000247
110 H12_DepVar1                      -3.740599        0.001030
111 H13_DepVar1                      -5.085911       -0.000935
112 H14_DepVar1                      -3.626179       -0.000266
113 H15_DepVar1                       8.543175       -0.000481
114 H16_DepVar1                      -5.866073        0.000303
115 BIAS_DepVar1                     -3.094089       -0.000421

Value of Objective Function = 0.0588961533

