 
                                                                                               
 
 
Variable Summary

            Measurement    Frequency
Role           Level         Count

INPUT        BINARY             7   
INPUT        INTERVAL          23   
INPUT        NOMINAL            2   
REJECTED     INTERVAL           1   
TARGET       BINARY             1   
 
                                                                                               
 
 
Model Events

                                  Number
                   Measurement      of
Target    Event       Level       Levels      Order       Label

DepVar      1        BINARY          2      Descending    DepVar
 
                                                                                               
 
 
Predicted and decision variables

Type         Variable     Label

TARGET       DepVar       DepVar             
PREDICTED    P_DepVar1    Predicted: DepVar=1
RESIDUAL     R_DepVar1    Residual: DepVar=1 
PREDICTED    P_DepVar0    Predicted: DepVar=0
RESIDUAL     R_DepVar0    Residual: DepVar=0 
FROM         F_DepVar     From: DepVar       
INTO         I_DepVar     Into: DepVar       
 
                                                                                
 
 
Search # 1 FUNNEL LAYERS trial # 1 : DIRECT : Training

_ITER_     _AIC_     _AVERR_     _MISC_    _VAVERR_    _VMISC_

   0      2095.06    0.42482    0.15122     0.42661    0.15226
   1       955.02    0.18471    0.06066     0.19895    0.06974
   2       753.07    0.14218    0.05771     0.15126    0.06582
   3       738.24    0.13906    0.05771     0.14739    0.06680
   4       737.89    0.13898    0.05687     0.14777    0.06582
   5       737.63    0.13893    0.05729     0.14735    0.06680
   6       737.56    0.13891    0.05729     0.14760    0.06680
   7       737.53    0.13891    0.05729     0.14740    0.06680
   8       737.51    0.13890    0.05729     0.14753    0.06680
   9       737.51    0.13890    0.05771     0.14743    0.06680
  10       737.50    0.13890    0.05729     0.14750    0.06680
  11       737.50    0.13890    0.05771     0.14745    0.06680
  12       737.50    0.13890    0.05729     0.14748    0.06680
  13       737.50    0.13890    0.05729     0.14746    0.06680
  14       737.50    0.13890    0.05729     0.14747    0.06680
  14       737.50    0.13890    0.05729     0.14747    0.06680
 
                                                                                
 
 
Selected Iteration based on _VMISC_

_ITER_     _AIC_     _AVERR_     _MISC_     _VAVERR_     _VMISC_

   2      753.074    0.14218    0.057709     0.15126    0.065815
 
                                                                                
 
 
Search # 1 FUNNEL LAYERS trial # 2 : LOGISTIC : Prelim

The NEURAL Procedure

Preliminary       Starting         Objective         Number
 Training          Random           Function           of        Terminating
    Run             Seed             Value         Iterations     Criteria

        1          1816732956    0.071212018469           25                
        2          1820157317    0.085447690507           25                
        3           553842597    0.090833210499           25                
        4           874432160    0.078625330813           25                
        5           562558999    0.099049208505           25                
        6           747445227    0.083323460192           25                
        7          1262402494    0.107469397103           25                
        8          1723288262    0.075299105047           25                
        9          1895567479    0.094085750234           25                
       10          1527874309    0.144924433225           25                
       11           719920354    0.127787185654           25                
       12           519817022    0.111274872542           25                
 
                                                                                
 
 
Search # 1 FUNNEL LAYERS trial # 2 : LOGISTIC : Training

_ITER_     _AIC_      _AVERR_     _MISC_     _VAVERR_     _VMISC_

   0      580.115    0.071212    0.024010     0.13047    0.055992
   1      577.206    0.070599    0.025274     0.13146    0.054028
   2      571.281    0.069352    0.023589     0.13142    0.050098
   3      569.997    0.069081    0.025274     0.13030    0.051081
   4      566.351    0.068313    0.024010     0.12980    0.053045
   5      565.413    0.068116    0.025274     0.13004    0.055010
   6      562.868    0.067580    0.024431     0.12839    0.052063
   7      558.963    0.066757    0.023589     0.12612    0.053045
   8      557.691    0.066489    0.024853     0.12254    0.053045
   9      553.754    0.065660    0.023589     0.12373    0.055010
  10      547.963    0.064440    0.022746     0.12240    0.052063
  11      544.646    0.063742    0.023589     0.12155    0.053045
  12      540.220    0.062810    0.023168     0.12187    0.049116
  13      537.350    0.062205    0.022746     0.12384    0.050098
  14      534.446    0.061593    0.021904     0.12412    0.051081
  15      531.165    0.060902    0.021904     0.12519    0.048134
  16      527.182    0.060064    0.021061     0.12877    0.046169
  17      525.806    0.059774    0.021904     0.13628    0.051081
  18      523.460    0.059280    0.021061     0.13368    0.046169
  19      521.859    0.058942    0.021483     0.13279    0.046169
  20      520.038    0.058559    0.020640     0.13287    0.049116
  21      517.029    0.057925    0.019798     0.13574    0.048134
  22      515.354    0.057573    0.018534     0.13766    0.045187
  23      512.940    0.057064    0.018113     0.13499    0.045187
  24      510.048    0.056455    0.018955     0.13612    0.045187
  25      506.366    0.055679    0.020219     0.13950    0.046169
  26      504.359    0.055257    0.018955     0.14199    0.047151
  27      501.600    0.054676    0.019377     0.14276    0.048134
  28      499.842    0.054305    0.018113     0.14725    0.051081
  29      498.078    0.053934    0.018955     0.14388    0.049116
  30      496.206    0.053540    0.017692     0.14863    0.051081
  31      493.940    0.053062    0.018955     0.14749    0.051081
  32      493.275    0.052922    0.018955     0.14983    0.047151
  33      491.153    0.052475    0.017692     0.14942    0.049116
  34      488.489    0.051914    0.018113     0.15270    0.050098
  35      486.630    0.051523    0.018955     0.15441    0.051081
  36      484.350    0.051043    0.017270     0.15438    0.052063
  37      482.634    0.050681    0.016428     0.15903    0.055010
  38      480.334    0.050197    0.018113     0.15748    0.055010
  39      477.539    0.049608    0.017692     0.16171    0.053045
  40      475.706    0.049222    0.018113     0.16734    0.057957
  41      473.719    0.048804    0.016428     0.15986    0.053045
  42      471.575    0.048352    0.017270     0.16407    0.055010
  43      468.728    0.047752    0.016428     0.16158    0.055010
  44      466.569    0.047298    0.016849     0.15749    0.052063
  45      463.875    0.046730    0.016007     0.16058    0.052063
  46      461.914    0.046317    0.017270     0.16606    0.055992
  47      459.277    0.045762    0.016428     0.16200    0.055010
  48      457.497    0.045387    0.016849     0.16206    0.052063
  49      456.998    0.045282    0.015586     0.15730    0.052063
  50      455.174    0.044898    0.014743     0.16081    0.051081
  50      455.174    0.044898    0.014743     0.16081    0.051081
 
                                                                                
 
 
Selected Iteration based on _VMISC_

_ITER_     _AIC_      _AVERR_     _MISC_     _VAVERR_     _VMISC_

  22      515.354    0.057573    0.018534     0.13766    0.045187
 
                                                                                
 
 
Search # 1 FUNNEL LAYERS trial # 3 : SINE : Prelim

The NEURAL Procedure

Preliminary       Starting         Objective         Number
 Training          Random           Function           of        Terminating
    Run             Seed             Value         Iterations     Criteria

        1          1816732956    0.126094745588           25                
        2          1820157317    0.111645636686           25                
        3           553842597    0.114959680366           25                
        4           874432160    0.090634315039           25                
        5           562558999    0.102959120045           25                
        6           747445227    0.113984994776           25                
        7          1262402494    0.107998537464           25                
        8          1723288262    0.097639619074           25                
        9          1895567479    0.101080877874           25                
       10          1527874309    0.102210751776           25                
       11           719920354    0.109840413864           25                
       12           519817022    0.107952249095           25                
 
                                                                                
 
 
Search # 1 FUNNEL LAYERS trial # 3 : SINE : Training

_ITER_     _AIC_      _AVERR_     _MISC_     _VAVERR_     _VMISC_

   0      672.332    0.090634    0.036226     0.13142    0.051081
   1      669.810    0.090103    0.034962     0.13157    0.051081
   2      667.646    0.089647    0.034120     0.13079    0.050098
   3      666.640    0.089436    0.031592     0.13009    0.054028
   4      664.872    0.089063    0.033698     0.13002    0.050098
   5      663.108    0.088692    0.032856     0.12994    0.050098
   6      661.900    0.088437    0.032856     0.13109    0.052063
   7      661.255    0.088301    0.033277     0.13085    0.054028
   8      659.853    0.088006    0.032013     0.13164    0.055010
   9      658.536    0.087729    0.031592     0.13287    0.057957
  10      657.193    0.087446    0.032013     0.13258    0.055010
  11      655.112    0.087008    0.031171     0.13257    0.058939
  12      653.627    0.086695    0.032435     0.13247    0.057957
  13      651.128    0.086168    0.031171     0.13137    0.055010
  14      649.808    0.085890    0.032013     0.13263    0.051081
  15      648.106    0.085532    0.032435     0.13279    0.053045
  16      646.835    0.085264    0.032013     0.13506    0.055992
  17      645.416    0.084966    0.032435     0.13258    0.055992
  18      642.999    0.084456    0.032013     0.13383    0.055992
  19      641.350    0.084109    0.030750     0.13509    0.060904
  20      638.922    0.083598    0.029907     0.13371    0.057957
  21      637.221    0.083239    0.031171     0.13447    0.057957
  22      634.747    0.082718    0.031592     0.13356    0.053045
  23      633.167    0.082386    0.031171     0.13417    0.054028
  24      630.477    0.081819    0.031171     0.13466    0.055992
  25      628.820    0.081470    0.032856     0.13453    0.056974
  26      626.744    0.081033    0.032013     0.13566    0.058939
  27      624.346    0.080528    0.032435     0.13252    0.056974
  28      623.269    0.080301    0.031171     0.13358    0.061886
  29      621.648    0.079960    0.030750     0.13482    0.060904
  30      619.872    0.079586    0.030750     0.13355    0.061886
  31      618.790    0.079358    0.029907     0.13349    0.061886
  32      617.803    0.079150    0.031171     0.13614    0.061886
  33      616.474    0.078870    0.032435     0.13346    0.062868
  34      614.758    0.078508    0.030329     0.13471    0.057957
  35      613.471    0.078237    0.031592     0.13529    0.057957
  36      612.112    0.077951    0.029907     0.13342    0.057957
  37      610.798    0.077674    0.030750     0.13674    0.055010
  38      610.029    0.077512    0.029486     0.13394    0.054028
  39      608.784    0.077250    0.030329     0.13580    0.054028
  40      607.450    0.076969    0.030750     0.14063    0.055992
  41      605.751    0.076611    0.029907     0.13655    0.055010
  42      604.154    0.076275    0.028644     0.13566    0.053045
  43      602.325    0.075890    0.029907     0.13627    0.053045
  44      600.786    0.075566    0.028222     0.13181    0.048134
  45      599.036    0.075197    0.028644     0.13438    0.052063
  46      598.060    0.074992    0.030750     0.13478    0.053045
  47      596.412    0.074645    0.030329     0.13450    0.050098
  48      595.354    0.074422    0.028644     0.13700    0.051081
  49      593.674    0.074068    0.029065     0.13556    0.050098
  50      592.394    0.073798    0.027380     0.13847    0.052063
  50      592.394    0.073798    0.027380     0.13847    0.052063
 
                                                                                
 
 
Selected Iteration based on _VMISC_

_ITER_     _AIC_      _AVERR_     _MISC_     _VAVERR_     _VMISC_

  44      600.786    0.075566    0.028222     0.13181    0.048134
 
                                                                                
 
 
Search # 1 FUNNEL LAYERS trial # 4 : SOFTMAX : Prelim

The NEURAL Procedure

Preliminary       Starting         Objective         Number
 Training          Random           Function           of        Terminating
    Run             Seed             Value         Iterations     Criteria

        1          1071516945    0.097517777132           25                
        2            43195411    0.074108525316           25                
        3          1820157317    0.079208698037           25                
        4           912067561     0.07909764859           25                
        5           738828044    0.072643969409           25                
        6           874432160    0.079381548997           25                
        7           786017511    0.074251172596           25                
        8          1171606786    0.072570945345           25                
        9           747445227    0.080918282673           25                
       10           687213259    0.079396621025           25                
       11           154685203    0.078950799155           25                
       12          1723288262    0.085189835379           25                
 
                                                                                
 
 
Search # 1 FUNNEL LAYERS trial # 4 : SOFTMAX : Training

_ITER_     _AIC_      _AVERR_     _MISC_     _VAVERR_     _VMISC_

   0      508.567    0.072571    0.027380     0.12943    0.043222
   1      508.129    0.072479    0.028644     0.13212    0.044204
   2      508.041    0.072460    0.028222     0.13115    0.044204
   3      508.007    0.072453    0.028222     0.13163    0.044204
   4      507.968    0.072445    0.027380     0.13073    0.044204
   5      507.939    0.072439    0.028644     0.13137    0.044204
   6      507.917    0.072434    0.027801     0.13050    0.044204
   7      507.850    0.072420    0.028644     0.13102    0.044204
   8      507.828    0.072415    0.027380     0.13058    0.044204
   9      507.813    0.072412    0.028644     0.13085    0.044204
  10      507.799    0.072409    0.027801     0.13044    0.044204
  11      507.788    0.072407    0.028644     0.13067    0.044204
  12      507.775    0.072404    0.027801     0.13030    0.044204
  13      507.764    0.072402    0.028222     0.13049    0.045187
  14      507.753    0.072400    0.027801     0.13015    0.044204
  15      507.743    0.072397    0.027801     0.13032    0.045187
  16      507.733    0.072395    0.027801     0.13000    0.044204
  17      507.724    0.072393    0.027801     0.13016    0.045187
  17      507.724    0.072393    0.027801     0.13016    0.045187
 
                                                                                
 
 
Selected Iteration based on _VMISC_

_ITER_     _AIC_      _AVERR_     _MISC_     _VAVERR_     _VMISC_

   0      508.567    0.072571    0.027380     0.12943    0.043222
 
                                                                                
 
 
Search # 2 FUNNEL LAYERS trial # 1 : DIRECT : Prelim

The NEURAL Procedure

Preliminary       Starting         Objective         Number
 Training          Random           Function           of        Terminating
    Run             Seed             Value         Iterations     Criteria

        1               12345    0.066183842063           25                
 
                                                                                
 
 
Search # 2 FUNNEL LAYERS trial # 1 : DIRECT : Training

_ITER_     _AIC_      _AVERR_     _MISC_     _VAVERR_     _VMISC_

   0      554.241    0.066184    0.026537     0.12645    0.045187
   1      553.994    0.066132    0.026537     0.12594    0.045187
   2      553.425    0.066012    0.026537     0.12508    0.044204
   3      553.291    0.065984    0.026537     0.12521    0.043222
   4      552.833    0.065887    0.027380     0.12619    0.044204
   5      552.032    0.065719    0.026116     0.12741    0.045187
   6      551.681    0.065645    0.026116     0.12601    0.042240
   7      550.623    0.065422    0.026116     0.12671    0.044204
   8      550.139    0.065320    0.025274     0.12765    0.042240
   9      549.385    0.065161    0.025695     0.12646    0.042240
  10      548.647    0.065006    0.026537     0.12395    0.041257
  11      547.758    0.064818    0.027380     0.12375    0.041257
  12      546.842    0.064626    0.026537     0.12063    0.042240
  13      545.465    0.064336    0.025274     0.12145    0.042240
  14      544.060    0.064040    0.024010     0.12277    0.043222
  15      542.282    0.063665    0.024853     0.12221    0.043222
  16      540.501    0.063290    0.021904     0.12568    0.045187
  17      538.874    0.062947    0.024010     0.12412    0.044204
  18      537.147    0.062584    0.022746     0.12366    0.045187
  19      535.050    0.062142    0.023168     0.12280    0.044204
  20      533.066    0.061724    0.023589     0.12119    0.047151
  21      532.017    0.061503    0.021483     0.12183    0.044204
  22      530.179    0.061116    0.021904     0.12138    0.044204
  23      529.007    0.060869    0.021061     0.12187    0.045187
  24      527.618    0.060577    0.022325     0.12249    0.047151
  25      525.425    0.060115    0.022746     0.12086    0.042240
  26      523.206    0.059647    0.021904     0.12174    0.042240
  27      521.433    0.059274    0.021904     0.11940    0.042240
  28      520.648    0.059109    0.021904     0.12183    0.042240
  29      519.436    0.058853    0.021483     0.12053    0.044204
  30      518.476    0.058651    0.022325     0.12107    0.043222
  31      517.197    0.058382    0.020640     0.12038    0.044204
  32      515.706    0.058068    0.019377     0.12133    0.043222
  33      514.786    0.057874    0.020640     0.12029    0.044204
  34      513.596    0.057623    0.021061     0.11930    0.041257
  35      513.049    0.057508    0.021904     0.11963    0.041257
  36      512.220    0.057334    0.021483     0.12074    0.037328
  37      511.589    0.057201    0.021904     0.12410    0.043222
  38      510.695    0.057012    0.021061     0.12282    0.041257
  39      509.875    0.056840    0.020640     0.12592    0.043222
  40      509.519    0.056765    0.022325     0.12582    0.042240
  41      508.897    0.056634    0.021483     0.12659    0.042240
  42      508.432    0.056536    0.020219     0.13070    0.046169
  43      507.848    0.056413    0.020640     0.12969    0.044204
  44      507.148    0.056265    0.021483     0.13318    0.048134
  45      506.953    0.056224    0.022325     0.13027    0.047151
  46      506.442    0.056117    0.021483     0.13190    0.047151
  47      505.869    0.055996    0.021483     0.13346    0.048134
  48      505.631    0.055946    0.020640     0.13370    0.048134
  49      505.127    0.055840    0.020219     0.13487    0.048134
  50      504.798    0.055771    0.020640     0.13607    0.050098
  50      504.798    0.055771    0.020640     0.13607    0.050098
 
                                                                                
 
 
Selected Iteration based on _VMISC_

_ITER_     _AIC_      _AVERR_     _MISC_     _VAVERR_     _VMISC_

  36      512.220    0.057334    0.021483     0.12074    0.037328
 
                                                                                
 
 
Search # 2 FUNNEL LAYERS trial # 2 : LOGISTIC : Prelim

The NEURAL Procedure

Preliminary       Starting         Objective         Number
 Training          Random           Function           of        Terminating
    Run             Seed             Value         Iterations     Criteria

        1          2075213593    0.087419371917           25                
        2          2144457975     0.06234519909           25                
        3           160917483     0.07434278197           25                
        4          1473576528    0.153158797557           25                
        5            21777864    0.194818972838           25                
        6          1193260466    0.075216433816           25                
        7           738500039    0.065461306828           25                
        8             9672762    0.124227236876           25                
        9          1764432468    0.156204163045           25                
       10           786049461    0.074141557638           25                
       11          2057284861    0.091085852823           25                
       12          2038899368    0.075183647191           25                
       13           719920354    0.126435033117           25                
       14          1777749681     0.18307405202           25                
       15           481966394    0.070127028741           25                
 
                                                                                
 
 
Search # 2 FUNNEL LAYERS trial # 2 : LOGISTIC : Training

_ITER_     _AIC_      _AVERR_     _MISC_     _VAVERR_     _VMISC_

   0      658.015    0.062345    0.023589     0.15450    0.053045
   1      656.321    0.061989    0.023168     0.15564    0.053045
   2      655.167    0.061745    0.022746     0.15551    0.053045
   3      654.287    0.061560    0.023589     0.15607    0.053045
   4      651.119    0.060893    0.023589     0.15755    0.051081
   5      649.975    0.060652    0.023589     0.15726    0.051081
   6      648.087    0.060254    0.022325     0.15684    0.052063
   7      646.970    0.060019    0.022325     0.15703    0.053045
   8      644.030    0.059400    0.020640     0.15921    0.053045
   9      643.299    0.059246    0.020219     0.15976    0.053045
  10      639.473    0.058440    0.020640     0.16178    0.053045
  11      638.596    0.058255    0.020219     0.16135    0.052063
  12      636.679    0.057852    0.019377     0.16120    0.053045
  13      635.414    0.057585    0.019798     0.16009    0.052063
  14      634.995    0.057497    0.019798     0.16151    0.050098
  15      633.127    0.057104    0.019798     0.15966    0.051081
  16      632.381    0.056946    0.020219     0.16092    0.050098
  17      631.169    0.056691    0.020219     0.16040    0.051081
  18      629.514    0.056342    0.019377     0.16214    0.052063
  19      625.823    0.055565    0.018534     0.16898    0.051081
  20      625.105    0.055414    0.018113     0.16891    0.050098
  21      624.436    0.055273    0.017270     0.16930    0.050098
  22      622.876    0.054944    0.017270     0.17019    0.050098
  23      622.087    0.054778    0.016849     0.16959    0.050098
  24      621.741    0.054705    0.017692     0.17052    0.051081
  25      620.068    0.054353    0.018113     0.17271    0.052063
  26      619.768    0.054290    0.017692     0.17338    0.053045
  27      619.246    0.054180    0.018113     0.17256    0.052063
  28      618.380    0.053998    0.019377     0.17172    0.053045
  29      617.919    0.053900    0.018955     0.17169    0.053045
  30      617.125    0.053733    0.019377     0.17313    0.053045
  31      615.993    0.053495    0.019377     0.17679    0.054028
  32      615.568    0.053405    0.018955     0.17665    0.053045
  33      615.028    0.053292    0.018534     0.17807    0.054028
  34      613.605    0.052992    0.017270     0.18058    0.054028
  35      613.184    0.052903    0.017270     0.18492    0.053045
  36      611.863    0.052625    0.017270     0.19202    0.055010
  37      611.240    0.052494    0.016849     0.18887    0.055010
  38      610.463    0.052330    0.017270     0.19088    0.054028
  39      609.393    0.052105    0.017692     0.19523    0.053045
  40      609.174    0.052059    0.018113     0.19550    0.052063
  41      607.851    0.051780    0.016428     0.19875    0.050098
  42      607.102    0.051622    0.017692     0.19848    0.050098
  43      606.696    0.051537    0.019377     0.20252    0.052063
  44      604.962    0.051172    0.018955     0.20621    0.053045
  45      604.440    0.051062    0.016849     0.20652    0.054028
  46      603.956    0.050959    0.017270     0.20890    0.053045
  47      602.962    0.050750    0.016849     0.20844    0.053045
  48      602.516    0.050656    0.017692     0.21161    0.052063
  49      601.960    0.050539    0.016849     0.21590    0.053045
  50      600.749    0.050284    0.018113     0.21982    0.055010
  50      600.749    0.050284    0.018113     0.21982    0.055010
 
                                                                                
 
 
Selected Iteration based on _VMISC_

_ITER_     _AIC_      _AVERR_     _MISC_     _VAVERR_     _VMISC_

  14      634.995    0.057497    0.019798     0.16151    0.050098
 
                                                                                
 
 
Search # 2 FUNNEL LAYERS trial # 3 : SINE : Prelim

The NEURAL Procedure

Preliminary       Starting         Objective         Number
 Training          Random           Function           of        Terminating
    Run             Seed             Value         Iterations     Criteria

        1          2075213593    0.070618518586           25                
        2          2144457975    0.058177520348           25                
        3           160917483    0.073338402525           25                
        4          1473576528    0.066103293818           25                
        5            21777864    0.070860402134           25                
        6          1193260466    0.074616755563           25                
        7           738500039    0.070669446799           25                
        8             9672762    0.072918782982           25                
        9          1764432468    0.070103154437           25                
       10           786049461    0.071410704277           25                
       11          2057284861     0.07388034625           25                
       12          2038899368    0.069424871863           25                
       13           719920354    0.072829122343           25                
       14          1777749681    0.070306170704           25                
       15           481966394    0.063871105939           25                
 
                                                                                
 
 
Search # 2 FUNNEL LAYERS trial # 3 : SINE : Training

_ITER_     _AIC_      _AVERR_     _MISC_     _VAVERR_     _VMISC_

   0      638.227    0.058178    0.021483     0.16535    0.046169
   1      637.464    0.058017    0.022746     0.16589    0.046169
   2      633.977    0.057283    0.020219     0.16764    0.046169
   3      633.283    0.057136    0.019798     0.16764    0.044204
   4      630.911    0.056637    0.022746     0.16849    0.047151
   5      627.570    0.055933    0.021483     0.16868    0.047151
   6      625.807    0.055562    0.019798     0.17054    0.046169
   7      622.802    0.054929    0.020219     0.17090    0.045187
   8      619.073    0.054143    0.018113     0.17165    0.046169
   9      613.395    0.052948    0.019798     0.17059    0.046169
  10      609.812    0.052193    0.018534     0.17196    0.047151
  11      603.647    0.050894    0.018534     0.17274    0.045187
  12      599.614    0.050045    0.016428     0.17339    0.043222
  13      594.005    0.048864    0.016849     0.16997    0.042240
  14      590.539    0.048134    0.015586     0.16952    0.042240
  15      586.267    0.047234    0.016007     0.16901    0.043222
  16      582.927    0.046530    0.015586     0.17162    0.045187
  17      579.952    0.045904    0.015586     0.17102    0.044204
  18      576.287    0.045132    0.013479     0.17246    0.048134
  19      572.643    0.044365    0.014322     0.17486    0.048134
  20      570.844    0.043986    0.013479     0.17455    0.047151
  21      567.703    0.043324    0.013901     0.17511    0.048134
  22      566.639    0.043100    0.015164     0.17645    0.046169
  23      564.103    0.042566    0.013479     0.17490    0.046169
  24      561.040    0.041921    0.014322     0.17825    0.047151
  25      559.240    0.041542    0.013901     0.17730    0.048134
  26      556.374    0.040938    0.013058     0.18032    0.047151
  27      554.318    0.040505    0.013058     0.18739    0.046169
  28      551.935    0.040003    0.013901     0.19129    0.048134
  29      550.517    0.039705    0.012637     0.19314    0.047151
  30      548.458    0.039271    0.012637     0.19372    0.049116
  31      547.254    0.039017    0.013479     0.19997    0.048134
  32      545.482    0.038644    0.013058     0.19623    0.049116
  33      544.993    0.038541    0.012216     0.19396    0.049116
  34      543.328    0.038190    0.013058     0.19523    0.046169
  35      541.598    0.037826    0.013479     0.19710    0.046169
  36      540.471    0.037589    0.012637     0.19491    0.047151
  37      539.211    0.037323    0.012216     0.19454    0.046169
  38      537.433    0.036949    0.012637     0.19445    0.045187
  39      536.733    0.036801    0.011373     0.19809    0.049116
  40      534.951    0.036426    0.012216     0.19546    0.047151
  41      533.883    0.036201    0.011373     0.19687    0.047151
  42      531.998    0.035804    0.012637     0.19737    0.047151
  43      530.961    0.035586    0.013058     0.19884    0.049116
  44      529.638    0.035307    0.013058     0.19977    0.050098
  45      527.319    0.034819    0.012637     0.20187    0.047151
  46      525.172    0.034367    0.012637     0.20539    0.047151
  47      523.760    0.034069    0.011373     0.20306    0.047151
  48      521.555    0.033605    0.011794     0.20442    0.046169
  49      519.923    0.033261    0.010531     0.20976    0.045187
  50      517.885    0.032832    0.010110     0.21077    0.046169
  50      517.885    0.032832    0.010110     0.21077    0.046169
 
                                                                                
 
 
Selected Iteration based on _VMISC_

_ITER_     _AIC_      _AVERR_     _MISC_     _VAVERR_     _VMISC_

  13      594.005    0.048864    0.016849     0.16997    0.042240
 
                                                                                
 
 
Search # 2 FUNNEL LAYERS trial # 4 : SOFTMAX : Prelim

The NEURAL Procedure

Preliminary       Starting         Objective         Number
 Training          Random           Function           of        Terminating
    Run             Seed             Value         Iterations     Criteria

        1          1804329323    0.079513355192           25                
        2          2022361964    0.075000982616           25                
        3           245924117     0.07128212701           25                
        4           632029594    0.077138973906           25                
        5           570673462    0.073852620365           25                
        6           797405417    0.074279219167           25                
        7          1430700766    0.078632323557           25                
        8           188815416    0.074860888836           25                
        9          1651017158    0.075643734553           25                
       10          1618036368     0.07979566544           25                
       11           980827145    0.071996060987           25                
       12          1706820033    0.097139883359           25                
       13          1459390009     0.07455254783           25                
       14          1251886845    0.075280662369           25                
       15           405085320    0.081214967342           25                
 
                                                                                
 
 
Search # 2 FUNNEL LAYERS trial # 4 : SOFTMAX : Training

_ITER_     _AIC_      _AVERR_     _MISC_     _VAVERR_     _VMISC_

   0      686.448    0.071282    0.023589     0.14512    0.052063
   1      686.022    0.071192    0.024010     0.14488    0.051081
   2      684.788    0.070933    0.024431     0.14389    0.050098
   3      684.264    0.070822    0.024010     0.14444    0.049116
   4      683.268    0.070612    0.024853     0.14362    0.047151
   5      682.532    0.070457    0.025274     0.14393    0.049116
   6      681.435    0.070226    0.023589     0.14326    0.048134
   7      680.541    0.070038    0.021904     0.14284    0.049116
   8      679.394    0.069797    0.023168     0.14322    0.048134
   9      678.559    0.069621    0.023589     0.14387    0.047151
  10      677.366    0.069369    0.023168     0.14336    0.048134
  11      674.931    0.068857    0.023168     0.14295    0.047151
  12      673.840    0.068627    0.021904     0.14285    0.047151
  13      672.653    0.068377    0.021483     0.14126    0.046169
  14      671.641    0.068164    0.022325     0.14177    0.048134
  15      670.282    0.067877    0.022325     0.14199    0.046169
  16      669.184    0.067646    0.022325     0.14406    0.046169
  17      667.952    0.067387    0.022325     0.14406    0.046169
  18      666.615    0.067105    0.023168     0.14569    0.049116
  19      666.081    0.066993    0.021904     0.14651    0.049116
  20      664.772    0.066717    0.021483     0.14573    0.050098
  21      662.961    0.066335    0.021904     0.14725    0.048134
  22      661.964    0.066125    0.022325     0.14771    0.045187
  23      660.987    0.065920    0.023168     0.14759    0.047151
  24      660.010    0.065714    0.022325     0.14556    0.046169
  25      659.732    0.065655    0.022746     0.14684    0.047151
  26      658.735    0.065445    0.022746     0.14629    0.048134
  27      657.367    0.065157    0.023589     0.14739    0.047151
  28      656.877    0.065054    0.022746     0.14836    0.047151
  29      656.019    0.064873    0.021061     0.14880    0.048134
  30      655.064    0.064672    0.021904     0.14856    0.049116
  31      653.502    0.064343    0.023168     0.14938    0.049116
  32      651.409    0.063903    0.021061     0.15110    0.050098
  33      650.113    0.063629    0.019798     0.15203    0.050098
  34      647.977    0.063180    0.020219     0.15294    0.050098
  35      645.884    0.062739    0.022325     0.15710    0.051081
  36      642.429    0.062011    0.021904     0.15653    0.052063
  37      637.772    0.061030    0.018955     0.16032    0.047151
  38      635.263    0.060502    0.020640     0.15912    0.047151
  39      633.362    0.060102    0.019798     0.16295    0.046169
  40      630.523    0.059504    0.019377     0.16153    0.047151
  41      627.751    0.058920    0.021483     0.15952    0.047151
  42      625.142    0.058370    0.019377     0.15914    0.047151
  43      621.547    0.057613    0.018113     0.15880    0.047151
  44      619.645    0.057213    0.018955     0.15728    0.047151
  45      616.927    0.056640    0.018113     0.15719    0.047151
  46      615.401    0.056319    0.017692     0.15733    0.047151
  47      614.217    0.056069    0.016849     0.15668    0.046169
  48      612.993    0.055811    0.017270     0.15637    0.047151
  49      611.997    0.055602    0.016849     0.15620    0.046169
  50      610.586    0.055304    0.017270     0.15568    0.045187
  50      610.586    0.055304    0.017270     0.15568    0.045187
 
                                                                                
 
 
Selected Iteration based on _VMISC_

_ITER_     _AIC_      _AVERR_     _MISC_     _VAVERR_     _VMISC_

  22      661.964    0.066125    0.022325     0.14771    0.045187
 
                                                                                
 
 
Search # 3 FUNNEL LAYERS trial # 1 : LOGISTIC : Prelim

The NEURAL Procedure

Preliminary       Starting         Objective         Number
 Training          Random           Function           of        Terminating
    Run             Seed             Value         Iterations     Criteria

        1          2075213593    0.084948866191           25                
        2          2144457975    0.078308002911           25                
        3           160917483    0.082341113481           25                
        4          1473576528    0.093797693504           25                
        5            21777864    0.104757700708           25                
        6          1193260466    0.081322112711           25                
        7           738500039    0.077414853377           25                
        8             9672762    0.083286610448           25                
        9          1764432468    0.101781241952           25                
       10           786049461    0.082543568076           25                
       11          2057284861    0.129456594685           25                
       12          2038899368    0.101637746927           25                
       13           719920354    0.075291178775           25                
       14          1777749681    0.079259087548           25                
       15           481966394    0.079355925861           25                
 
                                                                                
 
 
Search # 3 FUNNEL LAYERS trial # 1 : LOGISTIC : Training

_ITER_     _AIC_      _AVERR_     _MISC_     _VAVERR_     _VMISC_

   0      795.483    0.075291    0.030750     0.10980    0.043222
   1      791.434    0.074438    0.030750     0.10970    0.042240
   2      783.693    0.072808    0.028222     0.11004    0.043222
   3      781.477    0.072341    0.025695     0.10947    0.042240
   4      772.428    0.070435    0.026537     0.10818    0.041257
   5      765.283    0.068931    0.026116     0.10619    0.045187
   6      760.825    0.067992    0.026959     0.10428    0.043222
   7      751.610    0.066051    0.025274     0.09829    0.041257
   8      742.650    0.064164    0.025274     0.09862    0.036346
   9      734.420    0.062430    0.022746     0.09607    0.036346
  10      726.107    0.060680    0.020640     0.09942    0.037328
  11      718.311    0.059038    0.021483     0.09990    0.043222
  12      711.281    0.057557    0.019798     0.10042    0.043222
  13      704.752    0.056182    0.018955     0.10349    0.045187
  14      699.854    0.055150    0.019377     0.10525    0.043222
  15      694.328    0.053986    0.019377     0.10507    0.042240
  16      690.346    0.053148    0.019798     0.10778    0.044204
  17      684.353    0.051886    0.019798     0.11311    0.045187
  18      680.322    0.051037    0.018955     0.11669    0.044204
  19      674.345    0.049778    0.017270     0.11524    0.043222
  20      668.279    0.048500    0.017692     0.12346    0.045187
  21      663.255    0.047442    0.017692     0.12202    0.043222
  22      658.110    0.046358    0.015586     0.12493    0.044204
  23      653.358    0.045358    0.014322     0.13504    0.043222
  24      648.749    0.044387    0.014322     0.13192    0.043222
  25      645.900    0.043787    0.014743     0.13812    0.042240
  26      641.176    0.042792    0.013479     0.14170    0.042240
  27      637.782    0.042077    0.013058     0.14971    0.043222
  28      634.964    0.041484    0.010952     0.15739    0.044204
  29      631.886    0.040835    0.010952     0.15606    0.044204
  30      629.908    0.040419    0.011373     0.15883    0.044204
  31      627.160    0.039840    0.012216     0.16476    0.044204
  32      626.112    0.039619    0.010952     0.17484    0.042240
  33      623.278    0.039022    0.010952     0.17213    0.041257
  34      621.924    0.038737    0.010952     0.16974    0.042240
  35      619.977    0.038327    0.011373     0.17393    0.045187
  36      618.034    0.037918    0.010110     0.17967    0.043222
  37      616.797    0.037657    0.010531     0.17691    0.043222
  38      614.063    0.037082    0.010110     0.18067    0.046169
  39      611.161    0.036470    0.010952     0.18467    0.046169
  40      607.660    0.035733    0.011373     0.18619    0.046169
  41      605.524    0.035283    0.010531     0.18457    0.047151
  42      604.880    0.035148    0.010110     0.19649    0.048134
  43      601.814    0.034502    0.009688     0.19048    0.050098
  44      600.301    0.034183    0.010952     0.18654    0.048134
  45      597.928    0.033683    0.009267     0.19086    0.048134
  46      596.273    0.033335    0.009267     0.19323    0.047151
  47      594.904    0.033046    0.008425     0.19896    0.046169
  48      593.723    0.032798    0.009267     0.19298    0.046169
  49      593.265    0.032701    0.007582     0.19801    0.044204
  50      591.375    0.032303    0.007161     0.19883    0.045187
  50      591.375    0.032303    0.007161     0.19883    0.045187
 
                                                                                
 
 
Selected Iteration based on _VMISC_

_ITER_     _AIC_      _AVERR_     _MISC_     _VAVERR_     _VMISC_

   8      742.650    0.064164    0.025274    0.098624    0.036346
 
                                                                                
 
 
Search # 3 FUNNEL LAYERS trial # 2 : SINE : Prelim

The NEURAL Procedure

Preliminary       Starting         Objective         Number
 Training          Random           Function           of        Terminating
    Run             Seed             Value         Iterations     Criteria

        1               12345    0.053873529021           25                
 
                                                                                
 
 
Search # 3 FUNNEL LAYERS trial # 2 : SINE : Training

_ITER_     _AIC_      _AVERR_     _MISC_     _VAVERR_     _VMISC_

   0      693.792    0.053874    0.018113     0.12387    0.039293
   1      692.976    0.053702    0.018113     0.12426    0.038310
   2      690.886    0.053261    0.017270     0.12461    0.039293
   3      689.992    0.053073    0.016428     0.12395    0.039293
   4      687.216    0.052489    0.015164     0.12471    0.039293
   5      685.816    0.052194    0.015164     0.12729    0.040275
   6      681.905    0.051370    0.016007     0.12333    0.038310
   7      677.403    0.050422    0.015586     0.12088    0.037328
   8      669.548    0.048768    0.014743     0.11836    0.036346
   9      665.502    0.047915    0.016007     0.11771    0.036346
  10      662.663    0.047317    0.015586     0.12017    0.036346
  11      657.810    0.046295    0.013479     0.11830    0.038310
  12      652.030    0.045078    0.013901     0.11739    0.040275
  13      649.956    0.044641    0.014322     0.11885    0.040275
  14      647.835    0.044194    0.014322     0.12020    0.038310
  15      645.185    0.043636    0.013901     0.12148    0.042240
  16      644.234    0.043436    0.015164     0.12553    0.040275
  17      640.793    0.042711    0.014322     0.12701    0.042240
  18      638.603    0.042250    0.014743     0.12833    0.041257
  19      635.250    0.041544    0.013901     0.13435    0.047151
  20      633.700    0.041217    0.013058     0.13427    0.047151
  21      629.778    0.040391    0.014743     0.13236    0.048134
  22      626.986    0.039803    0.013058     0.13569    0.048134
  23      623.375    0.039043    0.012637     0.13535    0.047151
  24      621.515    0.038651    0.013479     0.14014    0.046169
  25      618.397    0.037994    0.013479     0.14225    0.047151
  26      615.600    0.037405    0.010952     0.15407    0.048134
  27      612.852    0.036826    0.011794     0.14941    0.046169
  28      610.347    0.036299    0.011794     0.15648    0.043222
  29      606.531    0.035495    0.011794     0.16667    0.044204
  30      604.070    0.034977    0.010531     0.17653    0.046169
  31      600.370    0.034197    0.010110     0.18655    0.048134
  32      597.152    0.033520    0.010952     0.20249    0.049116
  33      594.634    0.032990    0.009688     0.19339    0.049116
  34      592.041    0.032443    0.011373     0.20312    0.049116
  35      590.048    0.032024    0.010952     0.21314    0.049116
  36      587.216    0.031427    0.009688     0.21423    0.048134
  37      585.306    0.031025    0.009688     0.22326    0.048134
  38      582.120    0.030354    0.007582     0.22461    0.049116
  39      577.982    0.029482    0.006740     0.24601    0.050098
  40      575.560    0.028972    0.007582     0.24587    0.049116
  41      573.371    0.028511    0.006740     0.24148    0.047151
  42      571.930    0.028208    0.008425     0.24217    0.050098
  43      570.217    0.027847    0.008003     0.25290    0.048134
  44      568.773    0.027543    0.008425     0.24703    0.047151
  45      566.388    0.027040    0.007161     0.24568    0.048134
  46      563.538    0.026440    0.007582     0.25137    0.049116
  47      561.953    0.026106    0.007161     0.25346    0.050098
  48      559.753    0.025643    0.006740     0.25079    0.049116
  49      556.854    0.025032    0.007161     0.25642    0.051081
  50      553.850    0.024400    0.006740     0.26320    0.051081
  50      553.850    0.024400    0.006740     0.26320    0.051081
 
                                                                                
 
 
Selected Iteration based on _VMISC_

_ITER_     _AIC_      _AVERR_     _MISC_     _VAVERR_     _VMISC_

   8      669.548    0.048768    0.014743     0.11836    0.036346
 
                                                                                
 
 
Search # 3 FUNNEL LAYERS trial # 3 : SOFTMAX : Prelim

The NEURAL Procedure

Preliminary       Starting         Objective         Number
 Training          Random           Function           of        Terminating
    Run             Seed             Value         Iterations     Criteria

        1               12345    0.049312703593           25                
 
                                                                                
 
 
Search # 3 FUNNEL LAYERS trial # 3 : SOFTMAX : Training

_ITER_     _AIC_      _AVERR_     _MISC_     _VAVERR_     _VMISC_

   0      658.137    0.049313    0.018113     0.11594    0.042240
   1      657.705    0.049222    0.018534     0.11608    0.042240
   2      654.339    0.048513    0.016849     0.11357    0.042240
   3      653.866    0.048413    0.017692     0.11285    0.042240
   4      653.329    0.048300    0.017270     0.11275    0.043222
   5      650.105    0.047621    0.016849     0.11374    0.041257
   6      647.920    0.047161    0.018534     0.11436    0.041257
   7      646.290    0.046818    0.017692     0.11557    0.039293
   8      643.633    0.046258    0.016849     0.11695    0.038310
   9      641.574    0.045824    0.016849     0.12026    0.043222
  10      639.285    0.045342    0.015586     0.12088    0.041257
  11      637.174    0.044898    0.015586     0.12248    0.044204
  12      634.575    0.044350    0.016007     0.12210    0.045187
  13      631.390    0.043680    0.015586     0.12486    0.043222
  14      626.254    0.042598    0.015164     0.12574    0.042240
  15      623.995    0.042122    0.015164     0.12793    0.039293
  16      618.949    0.041059    0.014743     0.12733    0.041257
  17      615.789    0.040394    0.014743     0.13279    0.042240
  18      611.900    0.039574    0.013479     0.13706    0.043222
  19      610.152    0.039206    0.013058     0.14838    0.044204
  20      606.253    0.038385    0.012216     0.14288    0.043222
  21      603.847    0.037878    0.010531     0.14992    0.043222
  22      600.151    0.037100    0.010952     0.14944    0.044204
  23      596.390    0.036308    0.010531     0.14997    0.040275
  24      593.724    0.035746    0.009688     0.14736    0.040275
  25      591.149    0.035204    0.010952     0.14977    0.043222
  26      589.177    0.034789    0.010110     0.15228    0.044204
  27      586.066    0.034134    0.008425     0.15534    0.044204
  28      583.412    0.033574    0.010110     0.15535    0.041257
  29      579.813    0.032817    0.010110     0.16158    0.043222
  30      577.543    0.032339    0.009267     0.16539    0.042240
  31      575.489    0.031906    0.008425     0.17107    0.045187
  32      572.625    0.031303    0.008846     0.16977    0.044204
  33      571.580    0.031083    0.008846     0.16872    0.041257
  34      568.639    0.030463    0.008846     0.17079    0.040275
  35      567.122    0.030144    0.008425     0.17300    0.040275
  36      564.521    0.029596    0.008003     0.17811    0.040275
  37      563.142    0.029305    0.008425     0.18681    0.040275
  38      560.966    0.028847    0.008003     0.18378    0.038310
  39      559.745    0.028590    0.008425     0.18241    0.041257
  40      557.712    0.028162    0.008425     0.18207    0.040275
  41      555.369    0.027668    0.007582     0.18887    0.037328
  42      553.758    0.027329    0.008425     0.18921    0.043222
  43      551.692    0.026894    0.008003     0.19343    0.043222
  44      549.767    0.026488    0.007582     0.20219    0.040275
  45      547.003    0.025906    0.006740     0.20617    0.039293
  46      545.687    0.025629    0.006740     0.21341    0.040275
  47      544.076    0.025290    0.007161     0.22702    0.038310
  48      542.365    0.024930    0.007161     0.23018    0.039293
  49      540.109    0.024454    0.006740     0.23865    0.039293
  50      538.163    0.024044    0.006318     0.23651    0.036346
  50      538.163    0.024044    0.006318     0.23651    0.036346
 
                                                                                
 
 
Selected Iteration based on _VMISC_

_ITER_     _AIC_      _AVERR_        _MISC_    _VAVERR_     _VMISC_

  50      538.163    0.024044    .006318450     0.23651    0.036346
 
                                                                                
 
 
Search # 4 FUNNEL LAYERS trial # 1 : LOGISTIC : Prelim

The NEURAL Procedure

Preliminary       Starting         Objective         Number
 Training          Random           Function           of        Terminating
    Run             Seed             Value         Iterations     Criteria

        1          1700902159    0.060533245648           25                
        2           245924117    0.062289640603           25                
        3          2000225633    0.070201181263           25                
        4           797405417    0.064376622573           25                
        5          1773096501    0.067187709183           25                
        6          1651017158    0.071008872561           25                
        7           263638998     0.05578086077           25                
        8          1706820033    0.108974582786           25                
        9          1962050852     0.07061030994           25                
       10           405085320    0.063073093407           25                
       11          1035800448     0.05815623776           25                
       12          1180934489    0.066104693919           25                
       13           319220190    0.061920426912           25                
       14          1974140750    0.073660223344           25                
       15           123045530    0.072673858998           25                
       16          1124512899    0.064097001208           25                
       17            49910002     0.05248867128           25                
       18          1756616176    0.062157476439           25                
 
                                                                                
 
 
Search # 4 FUNNEL LAYERS trial # 1 : LOGISTIC : Training

_ITER_     _AIC_      _AVERR_     _MISC_     _VAVERR_     _VMISC_

   0      963.216    0.052489    0.020219     0.10522    0.041257
   1      962.041    0.052241    0.019377     0.10613    0.043222
   2      958.887    0.051577    0.018955     0.10721    0.042240
   3      956.431    0.051060    0.020640     0.10766    0.044204
   4      954.084    0.050565    0.018534     0.10890    0.043222
   5      951.373    0.049994    0.019377     0.10862    0.042240
   6      949.289    0.049555    0.018534     0.11066    0.040275
   7      946.166    0.048898    0.018113     0.10957    0.042240
   8      942.649    0.048157    0.018955     0.11145    0.041257
   9      940.492    0.047703    0.016428     0.11289    0.042240
  10      937.615    0.047097    0.016428     0.11176    0.041257
  11      934.837    0.046511    0.016428     0.11173    0.040275
  12      932.524    0.046024    0.016849     0.11211    0.038310
  13      929.329    0.045352    0.015164     0.11454    0.038310
  14      926.519    0.044760    0.015164     0.12519    0.044204
  15      924.209    0.044273    0.014743     0.11991    0.040275
  16      921.086    0.043615    0.015164     0.12808    0.042240
  17      916.873    0.042728    0.015586     0.13498    0.046169
  18      914.537    0.042236    0.014743     0.13498    0.042240
  19      910.513    0.041389    0.013479     0.13558    0.042240
  20      906.984    0.040645    0.014322     0.14567    0.046169
  21      902.134    0.039624    0.012637     0.14118    0.043222
  22      897.216    0.038588    0.012637     0.15486    0.043222
  23      895.062    0.038134    0.012637     0.15056    0.045187
  24      890.185    0.037107    0.013058     0.15630    0.044204
  25      886.421    0.036314    0.013479     0.16640    0.044204
  26      881.629    0.035305    0.013058     0.16410    0.043222
  27      878.603    0.034668    0.013058     0.16278    0.046169
  28      874.415    0.033786    0.013058     0.16483    0.045187
  29      872.354    0.033352    0.012216     0.16893    0.046169
  30      866.825    0.032187    0.011373     0.16474    0.043222
  31      865.007    0.031804    0.014322     0.16058    0.048134
  32      858.758    0.030488    0.010952     0.16748    0.044204
  33      854.898    0.029675    0.009688     0.16976    0.044204
  34      852.907    0.029256    0.012637     0.17895    0.044204
  35      849.678    0.028576    0.009688     0.17534    0.043222
  36      847.538    0.028125    0.010952     0.17773    0.042240
  37      844.540    0.027494    0.009267     0.17706    0.042240
  38      842.872    0.027142    0.009688     0.18307    0.042240
  39      840.316    0.026604    0.008003     0.18571    0.041257
  40      837.090    0.025925    0.008425     0.18950    0.040275
  41      835.572    0.025605    0.009267     0.18379    0.042240
  42      833.033    0.025070    0.008425     0.18466    0.042240
  43      831.937    0.024839    0.008003     0.19479    0.043222
  44      829.172    0.024257    0.008003     0.19039    0.042240
  45      826.338    0.023660    0.008846     0.19384    0.042240
  46      823.844    0.023135    0.007582     0.20278    0.042240
  47      821.008    0.022537    0.007582     0.20854    0.043222
  48      817.133    0.021721    0.007161     0.21109    0.042240
  49      815.288    0.021333    0.006740     0.21509    0.043222
  50      813.511    0.020958    0.006740     0.21453    0.045187
  50      813.511    0.020958    0.006740     0.21453    0.045187
 
                                                                                
 
 
Selected Iteration based on _VMISC_

_ITER_     _AIC_      _AVERR_     _MISC_     _VAVERR_     _VMISC_

  12      932.524    0.046024    0.016849     0.11211    0.038310
 
                                                                                
 
 
Search # 4 FUNNEL LAYERS trial # 2 : SINE : Prelim

The NEURAL Procedure

Preliminary       Starting         Objective         Number
 Training          Random           Function           of        Terminating
    Run             Seed             Value         Iterations     Criteria

        1          1700902159    0.042554437453           25                
        2           245924117    0.047645867918           25                
        3          2000225633    0.046197772447           25                
        4           797405417    0.048301985761           25                
        5          1773096501    0.048752227265           25                
        6          1651017158    0.054414690853           25                
        7           263638998    0.046930122299           25                
        8          1706820033    0.049567621818           25                
        9          1962050852    0.050000551359           25                
       10           405085320    0.047476863471           25                
       11          1035800448    0.048555707664           25                
       12          1180934489    0.049719784904           25                
       13           319220190    0.045216152324           25                
       14          1974140750     0.05517823238           25                
       15           123045530    0.050190480944           25                
       16          1124512899    0.045319200524           25                
       17            49910002    0.044132442014           25                
       18          1756616176    0.050073470729           25                
 
                                                                                
 
 
Search # 4 FUNNEL LAYERS trial # 2 : SINE : Training

_ITER_     _AIC_      _AVERR_     _MISC_     _VAVERR_     _VMISC_

   0      916.048    0.042554    0.013479     0.13114    0.040275
   1      915.549    0.042449    0.013479     0.13080    0.038310
   2      914.526    0.042234    0.013479     0.13119    0.041257
   3      912.062    0.041715    0.013479     0.13121    0.038310
   4      910.978    0.041487    0.012637     0.13153    0.041257
   5      908.794    0.041027    0.012637     0.13107    0.039293
   6      907.579    0.040771    0.013479     0.13213    0.040275
   7      906.019    0.040442    0.012637     0.13441    0.041257
   8      905.061    0.040240    0.012637     0.13783    0.041257
   9      903.728    0.039960    0.012637     0.13631    0.041257
  10      901.732    0.039539    0.013901     0.13730    0.043222
  11      899.408    0.039050    0.012637     0.13918    0.043222
  12      898.632    0.038886    0.011373     0.13609    0.043222
  13      896.109    0.038355    0.012637     0.13976    0.043222
  14      893.026    0.037706    0.010952     0.14268    0.046169
  15      891.141    0.037309    0.010531     0.14419    0.047151
  16      888.841    0.036824    0.011373     0.14376    0.043222
  17      887.289    0.036497    0.011373     0.14713    0.045187
  18      883.430    0.035685    0.010110     0.15052    0.046169
  19      881.889    0.035360    0.009267     0.15279    0.045187
  20      879.549    0.034867    0.008003     0.15555    0.047151
  21      878.416    0.034628    0.008425     0.15949    0.049116
  22      876.093    0.034139    0.009267     0.16074    0.048134
  23      873.506    0.033594    0.008846     0.16750    0.048134
  24      872.131    0.033305    0.008846     0.16758    0.048134
  25      869.795    0.032813    0.008846     0.17096    0.047151
  26      868.278    0.032493    0.008425     0.18174    0.048134
  27      866.521    0.032123    0.007161     0.17393    0.048134
  28      863.016    0.031385    0.008846     0.18640    0.047151
  29      861.214    0.031005    0.008425     0.18284    0.047151
  30      859.875    0.030723    0.008846     0.18368    0.044204
  31      857.612    0.030247    0.008003     0.18659    0.044204
  32      856.174    0.029944    0.006740     0.19232    0.044204
  33      854.496    0.029591    0.007582     0.19495    0.044204
  34      851.990    0.029063    0.007161     0.20238    0.044204
  35      849.758    0.028593    0.006318     0.20857    0.045187
  36      848.482    0.028324    0.005897     0.20488    0.045187
  37      847.134    0.028040    0.006318     0.21052    0.044204
  38      844.851    0.027559    0.006740     0.21252    0.045187
  39      843.257    0.027223    0.007161     0.22115    0.046169
  40      842.505    0.027065    0.007161     0.22076    0.047151
  41      840.914    0.026730    0.007161     0.22790    0.047151
  42      838.705    0.026265    0.007161     0.22613    0.048134
  43      837.217    0.025951    0.007582     0.22770    0.045187
  44      835.401    0.025569    0.007161     0.23056    0.046169
  45      833.377    0.025143    0.005055     0.23796    0.044204
  46      832.654    0.024990    0.006318     0.23834    0.045187
  47      830.851    0.024611    0.004634     0.24158    0.046169
  48      828.840    0.024187    0.006318     0.24854    0.046169
  49      827.297    0.023862    0.005476     0.25572    0.046169
  50      826.467    0.023687    0.005055     0.25075    0.046169
  50      826.467    0.023687    0.005055     0.25075    0.046169
 
                                                                                
 
 
Selected Iteration based on _VMISC_

_ITER_     _AIC_      _AVERR_     _MISC_     _VAVERR_     _VMISC_

   1      915.549    0.042449    0.013479     0.13080    0.038310
 
                                                                                
 
 
Search # 4 FUNNEL LAYERS trial # 3 : SOFTMAX : Prelim

The NEURAL Procedure

Preliminary       Starting         Objective         Number
 Training          Random           Function           of        Terminating
    Run             Seed             Value         Iterations     Criteria

        1          1504613538    0.056802564146           25                
        2          1540298396    0.075068584552           25                
        3           882190016     0.08924831629           25                
        4          1031291361    0.061980769125           25                
        5          1556239585    0.101047954133           25                
        6           757478006    0.059604059769           25                
        7           970881223    0.060273063894           25                
        8          1606888194    0.059975580475           25                
        9           244213974    0.065320927121           25                
       10          1202986019    0.075004820906           25                
       11          1400687932    0.056972641928           25                
       12          1333915609    0.089786451187           25                
       13          1200508111    0.067313771287           25                
       14          1328470497    0.103394244775           25                
       15          1979519888    0.068795970609           25                
       16            41977698    0.060006572169           25                
       17          1811569624    0.065501578202           25                
       18          1728731394    0.058541605058           25                
 
                                                                                
 
 
Search # 4 FUNNEL LAYERS trial # 3 : SOFTMAX : Training

_ITER_     _AIC_      _AVERR_     _MISC_     _VAVERR_     _VMISC_

   0      969.699    0.056803    0.021061     0.11249    0.044204
   1      968.393    0.056528    0.020640     0.11237    0.045187
   2      963.662    0.055531    0.019377     0.11116    0.042240
   3      962.752    0.055340    0.019798     0.11048    0.043222
   4      960.503    0.054866    0.020640     0.10987    0.038310
   5      958.336    0.054409    0.018955     0.11080    0.042240
   6      954.756    0.053656    0.019377     0.10948    0.042240
   7      948.454    0.052328    0.017692     0.10975    0.039293
   8      941.369    0.050836    0.016428     0.11381    0.043222
   9      934.588    0.049408    0.013479     0.11738    0.043222
  10      929.516    0.048339    0.015586     0.12311    0.043222
  11      922.782    0.046921    0.014322     0.12663    0.045187
  12      918.111    0.045937    0.015164     0.13170    0.046169
  13      912.914    0.044843    0.014743     0.14181    0.047151
  14      907.038    0.043605    0.015586     0.13959    0.046169
  15      901.514    0.042442    0.013901     0.14276    0.047151
  16      895.165    0.041105    0.013901     0.14688    0.048134
  17      892.178    0.040476    0.013901     0.16045    0.051081
  18      886.951    0.039375    0.012216     0.15606    0.047151
  19      885.326    0.039033    0.013479     0.16129    0.051081
  20      879.329    0.037769    0.011373     0.15266    0.047151
  21      877.055    0.037290    0.011373     0.15455    0.046169
  22      873.076    0.036452    0.010110     0.15773    0.047151
  23      867.825    0.035346    0.010531     0.16540    0.048134
  24      864.639    0.034676    0.010952     0.16924    0.047151
  25      859.761    0.033648    0.010531     0.17023    0.049116
  26      858.401    0.033362    0.010110     0.18370    0.049116
  27      852.589    0.032137    0.009267     0.17962    0.047151
  28      849.103    0.031403    0.010110     0.18046    0.046169
  29      844.126    0.030355    0.009267     0.19052    0.047151
  30      840.270    0.029543    0.010110     0.20512    0.045187
  31      837.321    0.028922    0.009688     0.20927    0.045187
  32      833.042    0.028021    0.008846     0.20758    0.047151
  33      828.821    0.027132    0.009688     0.21815    0.046169
  34      825.290    0.026388    0.007582     0.23238    0.047151
  35      821.304    0.025549    0.008425     0.23806    0.049116
  36      819.269    0.025120    0.008425     0.23941    0.049116
  37      815.770    0.024383    0.008425     0.24351    0.049116
  38      812.279    0.023648    0.008003     0.26496    0.047151
  39      809.905    0.023148    0.006318     0.26653    0.050098
  40      807.047    0.022546    0.006740     0.26678    0.049116
  41      805.000    0.022115    0.006740     0.27056    0.050098
  42      802.440    0.021575    0.006318     0.27249    0.050098
  43      799.893    0.021039    0.005055     0.28583    0.051081
  44      798.649    0.020777    0.005055     0.28676    0.052063
  45      796.923    0.020413    0.005055     0.29068    0.054028
  46      794.397    0.019881    0.005055     0.28940    0.052063
  47      792.618    0.019507    0.004634     0.28723    0.052063
  48      791.506    0.019273    0.004634     0.29113    0.052063
  49      790.185    0.018994    0.005055     0.29437    0.050098
  50      789.516    0.018853    0.005055     0.29821    0.050098
  50      789.516    0.018853    0.005055     0.29821    0.050098
 
                                                                                
 
 
Selected Iteration based on _VMISC_

_ITER_     _AIC_      _AVERR_     _MISC_     _VAVERR_     _VMISC_

   4      960.503    0.054866    0.020640     0.10987    0.038310
 
                                                                                
 
 
Final Training Prelim

The NEURAL Procedure

Preliminary       Starting         Objective         Number
 Training          Random           Function           of        Terminating
    Run             Seed             Value         Iterations     Criteria

        1               12345    0.045191218855           25                
 
                                                                                
 
 
Final Training Training

_ITER_     _AIC_      _AVERR_     _MISC_     _VAVERR_     _VMISC_

   0      652.568    0.045191    0.014743     0.13484    0.042240
   1      652.330    0.045141    0.015164     0.13423    0.042240
   2      650.785    0.044816    0.017270     0.13434    0.042240
   3      649.930    0.044636    0.016428     0.13338    0.041257
   4      648.432    0.044320    0.017270     0.13461    0.042240
   5      647.124    0.044045    0.016849     0.13433    0.042240
   5      647.124    0.044045    0.016849     0.13433    0.042240
 
                                                                                
 
 
Selected Iteration based on _VMISC_

_ITER_     _AIC_      _AVERR_     _MISC_     _VAVERR_     _VMISC_

   3      649.930    0.044636    0.016428     0.13338    0.041257
 
                                                                                
 
 
Final Training History

                             _                                   _
                             s           _                       V       _
       _           _         t      _    A       _               A       V
       s           f         a      i    V       M       _       V       M
       t           u         t      t    E       I       A       E       I
       e           n         u      e    R       S       I       R       S
       p           c         s      r    R       C       C       R       C
       _           _         _      _    _       _       _       _       _

FUNNEL LAYERS 1 DIRECT   initial    0 0.42482 0.15122 2095.06 0.42661 0.15226
FUNNEL LAYERS 1 DIRECT   candidate  2 0.14218 0.05771  753.07 0.15126 0.06582
FUNNEL LAYERS 1 LOGISTIC candidate 22 0.05757 0.01853  515.35 0.13766 0.04519
FUNNEL LAYERS 1 SINE     reject    44 0.07557 0.02822  600.79 0.13181 0.04813
FUNNEL LAYERS 1 SOFTMAX  candidate  0 0.07257 0.02738  508.57 0.12943 0.04322
FUNNEL LAYERS 1 SOFTMAX  keep       0 0.07257 0.02738  508.57 0.12943 0.04322
FUNNEL LAYERS 2 DIRECT   candidate 36 0.05733 0.02148  512.22 0.12074 0.03733
FUNNEL LAYERS 2 LOGISTIC reject    14 0.05750 0.01980  635.00 0.16151 0.05010
FUNNEL LAYERS 2 SINE     reject    13 0.04886 0.01685  594.01 0.16997 0.04224
FUNNEL LAYERS 2 SOFTMAX  reject    22 0.06613 0.02233  661.96 0.14771 0.04519
FUNNEL LAYERS 2 DIRECT   keep      36 0.05733 0.02148  512.22 0.12074 0.03733
FUNNEL LAYERS 3 LOGISTIC candidate  8 0.06416 0.02527  742.65 0.09862 0.03635
FUNNEL LAYERS 3 SINE     reject     8 0.04877 0.01474  669.55 0.11836 0.03635
FUNNEL LAYERS 3 SOFTMAX  reject    50 0.02404 0.00632  538.16 0.23651 0.03635
FUNNEL LAYERS 3 LOGISTIC keep       8 0.06416 0.02527  742.65 0.09862 0.03635
FUNNEL LAYERS 4 LOGISTIC reject    12 0.04602 0.01685  932.52 0.11211 0.03831
FUNNEL LAYERS 4 SINE     reject     1 0.04245 0.01348  915.55 0.13080 0.03831
FUNNEL LAYERS 4 SOFTMAX  reject     4 0.05487 0.02064  960.50 0.10987 0.03831
                         Final      3 0.04464 0.01643  649.93 0.13338 0.04126
 
                                                                                
 
 
Final Model
Stopping: Termination criteria were satisfied: overfitting based on _VMISC_

 _func_      _AVERR_    _VAVERR_    neurons

SOFTMAX     0.072571     0.12943       3   
DIRECT      0.057334     0.12074       0   
LOGISTIC    0.064164     0.09862       3   
                                    =======
                                       6   
