MPRINT(EM_DIAGRAM):    data _null_;
MPRINT(EM_DIAGRAM):   call symput('NLDATE', strip(put(date(), NLDATE.)));
MPRINT(EM_DIAGRAM):   call symput('NLTIME', strip(put(datetime(), NLTIME.)));
MPRINT(EM_DIAGRAM):   run;
MPRINT(EM_DIAGRAM):   data _null_;
MPRINT(EM_DIAGRAM):   nldate= sasmsg("sashelp.dmine", "log_date_note", 'N', "19. April 2016" );
MPRINT(EM_DIAGRAM):   nltime= sasmsg("sashelp.dmine", "log_time_note", 'N', "17.27 Uhr" );
MPRINT(EM_DIAGRAM):   put "*------------------------------------------------------------*";
MPRINT(EM_DIAGRAM):   put "* Training Log";
MPRINT(EM_DIAGRAM):   put nldate;
MPRINT(EM_DIAGRAM):   put nltime;
MPRINT(EM_DIAGRAM):   put "*------------------------------------------------------------*";
MPRINT(EM_DIAGRAM):   run;
*------------------------------------------------------------*
* Training Log
Date:                19. April 2016
Time:                17.27 Uhr
*------------------------------------------------------------*
MPRINT(EM_DIAGRAM):    filename O1W03WNX 
"C:\\predictive-models-project\Workspaces\EMWS8\Neural10\EMTRAIN.out" encoding="UTF-8" NOBOM;
MPRINT(EM_DIAGRAM):   proc printto print=O1W03WNX new;
MPRINT(EM_DIAGRAM):   run;
MPRINT(EM_DIAGRAM):    filename _LOG 
"C:\\predictive-models-project\Workspaces\EMWS8\Neural10\EMLOG.log" encoding="UTF-8" NOBOM;
MPRINT(EM_DIAGRAM):    data _null_;
MPRINT(EM_DIAGRAM):   call symput('NLDATE', strip(put(date(), NLDATE.)));
MPRINT(EM_DIAGRAM):   call symput('NLTIME', strip(put(datetime(), NLTIME.)));
MPRINT(EM_DIAGRAM):   run;
MPRINT(EM_DIAGRAM):   data _null_;
MPRINT(EM_DIAGRAM):   nldate= sasmsg("sashelp.dmine", "log_date_note", 'N', "19. April 2016" );
MPRINT(EM_DIAGRAM):   nltime= sasmsg("sashelp.dmine", "log_time_note", 'N', "17.27 Uhr" );
MPRINT(EM_DIAGRAM):   file _LOG;
MPRINT(EM_DIAGRAM):   put "*------------------------------------------------------------*";
MPRINT(EM_DIAGRAM):   put "User:                Lukas Fahr";
MPRINT(EM_DIAGRAM):   put nldate;
MPRINT(EM_DIAGRAM):   put nltime;
MPRINT(EM_DIAGRAM):   put "Site:                70107571";
MPRINT(EM_DIAGRAM):   put "Platform:            X64_7PRO";
MPRINT(EM_DIAGRAM):   put "Maintenance Release: 9.03.01M2P081512";
MPRINT(EM_DIAGRAM):   put "EM Version:          12.1";
MPRINT(EM_DIAGRAM):   put "* ";
MPRINT(EM_DIAGRAM):   run;
MPRINT(EM_DIAGRAM):    filename _LOGIN 
"C:\\predictive-models-project\Workspaces\EMWS8\Neural10\EMTRAIN.log" encoding="UTF-8" NOBOM;
MPRINT(EM_COPYFILE):   data _null_;
MPRINT(EM_COPYFILE):   length line $20000;
MPRINT(EM_COPYFILE):   file _LOG MOD lrecl=20000;
MPRINT(EM_COPYFILE):   fid=fopen("_LOGIN",'i',20000,'v');
MPRINT(EM_COPYFILE):   if fid > 0 then do;
MPRINT(EM_COPYFILE):   do while(^fread(fid));
MPRINT(EM_COPYFILE):   rlen = frlen(fid);
MPRINT(EM_COPYFILE):   rc= fget(fid,line,20000);
MPRINT(EM_COPYFILE):   start = length(line)-length(left(line))+1;
MPRINT(EM_COPYFILE):   line=strip(line);
MPRINT(EM_COPYFILE):   put @start line;
MPRINT(EM_COPYFILE):   end;
MPRINT(EM_COPYFILE):   if fid > 0 then rc=fclose(fid);
MPRINT(EM_COPYFILE):   end;
MPRINT(EM_COPYFILE):   run;
MPRINT(EM_DIAGRAM):  ;
MPRINT(EM_DIAGRAM):   filename _LOGIN;
MPRINT(EM_DIAGRAM):    data _null_;
MPRINT(EM_DIAGRAM):   file _LOG mod;
MPRINT(EM_DIAGRAM):   put _page_;
MPRINT(EM_DIAGRAM):   run;
MPRINT(EM_DIAGRAM):   filename _LOGIN 
"C:\\predictive-models-project\Workspaces\EMWS8\Neural10\EMSCORE.log" encoding="UTF-8" NOBOM;
MPRINT(EM_DIAGRAM):  ;
MPRINT(EM_DIAGRAM):   data _null_;
MPRINT(EM_DIAGRAM):   file _LOG mod;
MPRINT(EM_DIAGRAM):   put _page_;
MPRINT(EM_DIAGRAM):   run;
MPRINT(EM_DIAGRAM):    filename _LOGIN 
"C:\\predictive-models-project\Workspaces\EMWS8\Neural10\EMREPORT.log" encoding="UTF-8" NOBOM;
MPRINT(EM_DIAGRAM):  ;
MPRINT(EM_DIAGRAM):   filename _LOGIN;
MPRINT(EM_DIAGRAM):    filename _LOG;
MPRINT(EM_DIAGRAM):    filename _OUT 
"C:\\predictive-models-project\Workspaces\EMWS8\Neural10\EMOUTPUT.out" encoding="UTF-8" NOBOM;
MPRINT(EM_DIAGRAM):    data _null_;
MPRINT(EM_DIAGRAM):   call symput('NLDATE', strip(put(date(), NLDATE.)));
MPRINT(EM_DIAGRAM):   call symput('NLTIME', strip(put(datetime(), NLTIME.)));
MPRINT(EM_DIAGRAM):   run;
MPRINT(EM_DIAGRAM):   data _null_;
MPRINT(EM_DIAGRAM):   nldate= sasmsg("sashelp.dmine", "log_date_note", 'N', "19. April 2016" );
MPRINT(EM_DIAGRAM):   nltime= sasmsg("sashelp.dmine", "log_time_note", 'N', "17.27 Uhr" );
MPRINT(EM_DIAGRAM):   file _OUT;
MPRINT(EM_DIAGRAM):   put "*------------------------------------------------------------*";
MPRINT(EM_DIAGRAM):   put "User:                Lukas Fahr";
MPRINT(EM_DIAGRAM):   put nldate;
MPRINT(EM_DIAGRAM):   put nltime;
MPRINT(EM_DIAGRAM):   put "*------------------------------------------------------------*";
MPRINT(EM_DIAGRAM):   put "* Training Output";
MPRINT(EM_DIAGRAM):   put "*------------------------------------------------------------*";
MPRINT(EM_DIAGRAM):   run;
MPRINT(EM_DIAGRAM):    filename _OUTIN 
"C:\\predictive-models-project\Workspaces\EMWS8\Neural10\EMTRAIN.out" encoding="UTF-8" NOBOM;
MPRINT(EM_DIAGRAM):   ;
MPRINT(EM_COPYFILE):   data _null_;
MPRINT(EM_COPYFILE):   length line $20000;
MPRINT(EM_COPYFILE):   file _OUT MOD lrecl=20000;
MPRINT(EM_COPYFILE):   fid=fopen("_OUTIN",'i',20000,'v');
MPRINT(EM_COPYFILE):   if fid > 0 then do;
MPRINT(EM_COPYFILE):   do while(^fread(fid));
MPRINT(EM_COPYFILE):   rlen = frlen(fid);
MPRINT(EM_COPYFILE):   rc= fget(fid,line,20000);
MPRINT(EM_COPYFILE):   start = length(line)-length(left(line))+1;
MPRINT(EM_COPYFILE):   line=strip(line);
MPRINT(EM_COPYFILE):   put @start line;
MPRINT(EM_COPYFILE):   end;
MPRINT(EM_COPYFILE):   if fid > 0 then rc=fclose(fid);
MPRINT(EM_COPYFILE):   end;
MPRINT(EM_COPYFILE):   run;
MPRINT(EM_DIAGRAM):  ;
MPRINT(EM_DIAGRAM):   filename _OUTIN;
MPRINT(EM_DIAGRAM):    data _null_;
MPRINT(EM_DIAGRAM):   file _OUT mod;
MPRINT(EM_DIAGRAM):   put _page_;
MPRINT(EM_DIAGRAM):   put // "*------------------------------------------------------------*";
MPRINT(EM_DIAGRAM):   put "* Score Output";
MPRINT(EM_DIAGRAM):   put "*------------------------------------------------------------*";
MPRINT(EM_DIAGRAM):   run;
MPRINT(EM_DIAGRAM):    filename _OUTIN 
"C:\\predictive-models-project\Workspaces\EMWS8\Neural10\EMSCORE.out" encoding="UTF-8" NOBOM;
MPRINT(EM_DIAGRAM):  ;
MPRINT(EM_DIAGRAM):   filename _OUTIN;
MPRINT(EM_DIAGRAM):    data _null_;
MPRINT(EM_DIAGRAM):   file _OUT mod;
MPRINT(EM_DIAGRAM):   put _page_;
MPRINT(EM_DIAGRAM):   put // "*------------------------------------------------------------*";
MPRINT(EM_DIAGRAM):   put "* Report Output";
MPRINT(EM_DIAGRAM):   put "*------------------------------------------------------------*";
MPRINT(EM_DIAGRAM):   run;
MPRINT(EM_DIAGRAM):    filename _OUTIN 
"C:\\predictive-models-project\Workspaces\EMWS8\Neural10\EMREPORT.out" encoding="UTF-8" NOBOM;
MPRINT(EM_DIAGRAM):  ;
MPRINT(EM_DIAGRAM):   filename _OUTIN;
MPRINT(EM_DIAGRAM):    filename _OUT;
MPRINT(EM_DIAGRAM):    filename _emtool_ 
'C:\\predictive-models-project\Workspaces\EMWS8\Neural10\EMRUNSTATUS.xml' encoding="UTF-8" 
NOBOM;
958534     proc freq data=EMWS8.Neural10_VariableSet noprint;
MPRINT(EM_DIAGRAM):    proc freq data=EMWS8.Neural10_VariableSet noprint;
958535     table ROLE*LEVEL/out=WORK.Neural10META;
MPRINT(EM_DIAGRAM):   table ROLE*LEVEL/out=WORK.Neural10META;
958536     run;
MPRINT(EM_DIAGRAM):   run;

NOTE: There were 34 observations read from the data set EMWS8.NEURAL10_VARIABLESET.
NOTE: The data set WORK.NEURAL10META has 5 observations and 4 variables.
NOTE: PROCEDURE FREQ used (Total process time):
      real time           0.01 seconds
      cpu time            0.01 seconds
      

958537     proc print data=WORK.Neural10META label noobs;
MPRINT(EM_DIAGRAM):   proc print data=WORK.Neural10META label noobs;
958538     var ROLE LEVEL COUNT;
MPRINT(EM_DIAGRAM):   var ROLE LEVEL COUNT;
958539     label ROLE = "%sysfunc(sasmsg(sashelp.dmine, meta_role_vlabel, NOQUOTE))" LEVEL =
958539   ! "%sysfunc(sasmsg(sashelp.dmine, meta_level_vlabel, NOQUOTE))" COUNT =
958539   ! "%sysfunc(sasmsg(sashelp.dmine, rpt_count_vlabel, NOQUOTE))";
MPRINT(EM_DIAGRAM):   label ROLE = "Role" LEVEL = "Measurement Level" COUNT = "Frequency 
Count";
958540     title9 ' ';
MPRINT(EM_DIAGRAM):   title9 ' ';
958541     title10 "%sysfunc(sasmsg(sashelp.dmine, rpt_varSummary_title  , NOQUOTE))";
MPRINT(EM_DIAGRAM):   title10 "Variable Summary";
MPRINT(EM_DIAGRAM):   run;
958542     run;

NOTE: There were 5 observations read from the data set WORK.NEURAL10META.
NOTE: The PROCEDURE PRINT printed page 800.
NOTE: PROCEDURE PRINT used (Total process time):
      real time           0.00 seconds
      cpu time            0.00 seconds
      

958543     title10;
MPRINT(EM_DIAGRAM):   title10;
958544     %let EMNORLEN = %DMNORLEN;
MPRINT(EM_DIAGRAM):   
EMWS8.Meta_TRAIN EMWS8.Meta_TRAIN 
EMWS8.Meta_TRAIN EMWS8.Meta_TRAIN EMWS8 Meta_TRAIN 
EMWS8.Meta_TRAIN EMWS8.Meta_TRAIN 
EMWS8.Meta_TRAIN EMWS8.Meta_TRAIN EMWS8 Meta_TRAIN 
MPRINT(EM_DIAGRAM):    proc dmdb data=EMWS8.Meta_TRAIN 
classout=WORK._DMDBCLASSTARGET(keep=NAME NRAW CRAW LEVEL FREQUENCY NMISSPERCENT);
MPRINT(EM_DIAGRAM):   class DepVar(DESC) ;
MPRINT(EM_DIAGRAM):   run;
Executing  SASHELP.EMCORE.EMINFOITERATOR.SCL _INIT >> 
Executing  SASHELP.EMCORE.EMINFOITERATOR.SCL setMetaData >> 
Executing  SASHELP.EMCORE.EMINFOITERATOR.SCL next >> 
Executing  SASHELP.EMCORE.EMINFOITERATOR.SCL setMetaData >> 
Executing  SASHELP.EMCORE.EMINFOITERATOR.SCL next >> 
Executing  SASHELP.EMCORE.EMINFOITERATOR.SCL _term >> 
MPRINT(EM_DIAGRAM):    data _null_;
MPRINT(EM_DIAGRAM):   set WORK._DMDBCLASSTARGET;
MPRINT(EM_DIAGRAM):   where ^(NRAW eq . and CRAW eq '') and NAME="DepVar";
MPRINT(EM_DIAGRAM):   if _N_=1 then call symput('_newevent', strip(LEVEL));
MPRINT(EM_DIAGRAM):   run;
MPRINT(EM_DIAGRAM):   proc sort data=WORK._DMDBCLASSTARGET out=_TEMPCLASS(keep=LEVEL FREQUENCY 
NMISSPERCENT rename=(LEVEL=DepVar));
MPRINT(EM_DIAGRAM):   by LEVEL;
MPRINT(EM_DIAGRAM):   where ^(NRAW eq . and CRAW eq '') and NAME="DepVar";
MPRINT(EM_DIAGRAM):   run;
MPRINT(EM_DIAGRAM):   data _TEMPCLASS;
MPRINT(EM_DIAGRAM):   set _TEMPCLASS;
MPRINT(EM_DIAGRAM):   NMISSPERCENT= NMISSPERCENT/100;
MPRINT(EM_DIAGRAM):   run;
MPRINT(EM_DIAGRAM):    data _sortedDecData;
MPRINT(EM_DIAGRAM):   set EMWS8.Neural10_DepVar_DD;
MPRINT(EM_DIAGRAM):   _levelorder_=_N_;
MPRINT(EM_DIAGRAM):   run;
MPRINT(EM_DIAGRAM):   proc sort data=_sortedDecdata;
MPRINT(EM_DIAGRAM):   by DepVar;
MPRINT(EM_DIAGRAM):   run;
MPRINT(EM_DIAGRAM):   data _null_;
MPRINT(EM_DIAGRAM):   merge _TEMPCLASS(in=_a) _sortedDecdata(in=_b);
MPRINT(EM_DIAGRAM):   by DepVar;
MPRINT(EM_DIAGRAM):   if (_a and ^_b) or (^_a and _b) then call symput('_emresetDec', '1');
MPRINT(EM_DIAGRAM):   run;
MPRINT(EM_DIAGRAM):    data EMWS8.Neural10_DepVar_DD;
MPRINT(EM_DIAGRAM):   set EMWS8.Neural10_DepVar_DD;
MPRINT(EM_DIAGRAM):   _levelorder_=_N_;
MPRINT(EM_DIAGRAM):   run;
MPRINT(EM_DIAGRAM):   proc sort data=EMWS8.Neural10_DepVar_DD;
MPRINT(EM_DIAGRAM):   by DepVar;
MPRINT(EM_DIAGRAM):   run;
MPRINT(EM_DIAGRAM):   data EMWS8.Neural10_DepVar_DD;
MPRINT(EM_DIAGRAM):   merge EMWS8.Neural10_DepVar_DD 
_TEMPCLASS(rename=(NMISSPERCENT=TRAINPRIOR FREQUENCY=COUNT));
MPRINT(EM_DIAGRAM):   by DepVar;
MPRINT(EM_DIAGRAM):   run;
MPRINT(EM_DIAGRAM):   proc sort data=EMWS8.Neural10_DepVar_DD 
out=EMWS8.Neural10_DepVar_DD(drop=_levelorder_);
MPRINT(EM_DIAGRAM):   by _levelorder_;
MPRINT(EM_DIAGRAM):   run;
958591     data WORK.Neural10_EVENT(KEEP=VARIABLE LABEL LEVEL EVENT NUMLEVELS ORDER);
MPRINT(EM_DIAGRAM):    data WORK.Neural10_EVENT(KEEP=VARIABLE LABEL LEVEL EVENT NUMLEVELS 
ORDER);
958592     length ORDER $20;
MPRINT(EM_DIAGRAM):   length ORDER $20;
958593     label VARIABLE = "%sysfunc(sasmsg(sashelp.dmine, rpt_target_vlabel,  NOQUOTE))"
958593   ! EVENT = "%sysfunc(sasmsg(sashelp.dmine, assmt_event_vlabel, NOQUOTE))" NUMLEVELS =
958593   ! "%sysfunc(sasmsg(sashelp.dmine, rpt_numcat_vlabel, NOQUOTE))" LEVEL =
958594        "%sysfunc(sasmsg(sashelp.dmine, meta_level_vlabel, NOQUOTE))" ORDER =
958594   ! "%sysfunc(sasmsg(sashelp.dmine, meta_order_vlabel, NOQUOTE))" LABEL =
958594   ! "%sysfunc(sasmsg(sashelp.dmine, meta_label_vlabel, NOQUOTE))";
MPRINT(EM_DIAGRAM):   label VARIABLE = "Target" EVENT = "Event" NUMLEVELS = "Number of Levels" 
LEVEL = "Measurement Level" ORDER = "Order" LABEL = "Label";
958595     set EMWS8.NEURAL10_DEPVAR_DM( where=(_TYPE_="TARGET"));
MPRINT(EM_DIAGRAM):   set EMWS8.NEURAL10_DEPVAR_DM( where=(_TYPE_="TARGET"));
958596     NumLevels=2;
MPRINT(EM_DIAGRAM):   NumLevels=2;
958597     select(upcase(ORDER));
MPRINT(EM_DIAGRAM):   select(upcase(ORDER));
958598     when('DESC') ORDER = 'Descending';
MPRINT(EM_DIAGRAM):   when('DESC') ORDER = 'Descending';
958599     when('ASC') ORDER = 'Ascending';
MPRINT(EM_DIAGRAM):   when('ASC') ORDER = 'Ascending';
958600     when('FMTDESC') ORDER = 'Formatted Descending';
MPRINT(EM_DIAGRAM):   when('FMTDESC') ORDER = 'Formatted Descending';
958601     when('FMTASC') ORDER = 'Formatted Ascending';
MPRINT(EM_DIAGRAM):   when('FMTASC') ORDER = 'Formatted Ascending';
958602     otherwise ORDER = 'Descending';
MPRINT(EM_DIAGRAM):   otherwise ORDER = 'Descending';
958603     end;
MPRINT(EM_DIAGRAM):   end;
958604     output;
MPRINT(EM_DIAGRAM):   output;
958605     run;
MPRINT(EM_DIAGRAM):   run;

NOTE: There were 1 observations read from the data set EMWS8.NEURAL10_DEPVAR_DM.
      WHERE _TYPE_='TARGET';
NOTE: The data set WORK.NEURAL10_EVENT has 1 observations and 6 variables.
NOTE: DATA statement used (Total process time):
      real time           0.00 seconds
      cpu time            0.00 seconds
      

958606     title9 ' ';
MPRINT(EM_DIAGRAM):   title9 ' ';
958607     proc print data=WORK.Neural10_EVENT noobs label;
MPRINT(EM_DIAGRAM):   proc print data=WORK.Neural10_EVENT noobs label;
958608     var VARIABLE EVENT LEVEL NUMLEVELS ORDER LABEL;
MPRINT(EM_DIAGRAM):   var VARIABLE EVENT LEVEL NUMLEVELS ORDER LABEL;
958609     title9 ' ';
MPRINT(EM_DIAGRAM):   title9 ' ';
958610     title10 "%sysfunc(sasmsg(sashelp.dmine, rpt_modelEvent_title  , NOQUOTE))";
MPRINT(EM_DIAGRAM):   title10 "Model Events";
MPRINT(EM_DIAGRAM):   run;
958611     run;

NOTE: There were 1 observations read from the data set WORK.NEURAL10_EVENT.
NOTE: The PROCEDURE PRINT printed page 801.
NOTE: PROCEDURE PRINT used (Total process time):
      real time           0.00 seconds
      cpu time            0.00 seconds
      

958612     title10;
MPRINT(EM_DIAGRAM):   title10;
"No decisions defined for target "DepVar"." 
958613     proc print data = EMWS8.Neural10_DepVar_DM noobs label;
MPRINT(EM_DIAGRAM):    proc print data = EMWS8.Neural10_DepVar_DM noobs label;
958614     var _type_ variable label;
MPRINT(EM_DIAGRAM):   var _type_ variable label;
958615     where _type_ ^in('MATRIX', 'DECISION', 'TRAINPRIOR', 'DATAPRIOR', 'DECPRIOR');
MPRINT(EM_DIAGRAM):   where _type_ ^in('MATRIX', 'DECISION', 'TRAINPRIOR', 'DATAPRIOR', 
'DECPRIOR');
958616     label _TYPE_ = "%sysfunc(sasmsg(sashelp.dmine, rpt_type_vlabel,     NOQUOTE))"
958616   ! VARIABLE = "%sysfunc(sasmsg(sashelp.dmine, rpt_variable_vlabel, NOQUOTE))" LABEL =
958616   ! "%sysfunc(sasmsg(sashelp.dmine, meta_label_vlabel, NOQUOTE))";
MPRINT(EM_DIAGRAM):   label _TYPE_ = "Type" VARIABLE = "Variable" LABEL = "Label";
958617     title9 ' ';
MPRINT(EM_DIAGRAM):   title9 ' ';
958618     title10 "%sysfunc(sasmsg(sashelp.dmine, rpt_predDecVars_title  , NOQUOTE))";
MPRINT(EM_DIAGRAM):   title10 "Predicted and decision variables";
MPRINT(EM_DIAGRAM):   run;
958619     run;

NOTE: There were 7 observations read from the data set EMWS8.NEURAL10_DEPVAR_DM.
      WHERE _type_ not in ('DATAPRIOR', 'DECISION', 'DECPRIOR', 'MATRIX', 'TRAINPRIOR');
NOTE: The PROCEDURE PRINT printed page 802.
NOTE: PROCEDURE PRINT used (Total process time):
      real time           0.00 seconds
      cpu time            0.00 seconds
      

958620     title10;
MPRINT(EM_DIAGRAM):   title10;
MPRINT(EM_DIAGRAM):    *------------------------------------------------------------*;
MPRINT(EM_DIAGRAM):   * Neural10: Preparing metadata for training;
MPRINT(EM_DIAGRAM):   ;
MPRINT(EM_DIAGRAM):   *------------------------------------------------------------*;
MPRINT(EM_DIAGRAM):   data WORK.M374FEN5;
MPRINT(EM_DIAGRAM):   set WORK.M374FEN5;
MPRINT(EM_DIAGRAM):   where(use = 'Y' or (role = 'INPUT' and use = 'D'));
MPRINT(EM_DIAGRAM):   if (role = 'REJECTED') then role = 'INPUT';
MPRINT(EM_DIAGRAM):   run;
958630     data WORK.M374FEN5;
MPRINT(EM_DIAGRAM):    data WORK.M374FEN5;
958631     set WORK.M374FEN5 end=eof;
MPRINT(EM_DIAGRAM):   set WORK.M374FEN5 end=eof;
958632     output;
MPRINT(EM_DIAGRAM):   output;
958633     if eof then do;
MPRINT(EM_DIAGRAM):   if eof then do;
958634     NAME="";
MPRINT(EM_DIAGRAM):   NAME="";
958635     ROLE="COST";
MPRINT(EM_DIAGRAM):   ROLE="COST";
958636     LEVEL="INTERVAL";
MPRINT(EM_DIAGRAM):   LEVEL="INTERVAL";
958637     TYPE="N";
MPRINT(EM_DIAGRAM):   TYPE="N";
958638     output;
MPRINT(EM_DIAGRAM):   output;
958639     end;
MPRINT(EM_DIAGRAM):   end;
958640     run;
MPRINT(EM_DIAGRAM):   run;

NOTE: There were 33 observations read from the data set WORK.M374FEN5.
NOTE: The data set WORK.M374FEN5 has 34 observations and 21 variables.
NOTE: DATA statement used (Total process time):
      real time           0.00 seconds
      cpu time            0.00 seconds
      

NOTE: There were 2 observations read from the data set EMWS8.NEURAL10_DEPVAR_DD.
NOTE: The data set WORK.DEPVAR has 2 observations and 7 variables.
958641     *------------------------------------------------------------*;
MPRINT(EM_DIAGRAM):    *------------------------------------------------------------*;
958642     * Neural10: Create decision matrix;
MPRINT(EM_DIAGRAM):   * Neural10: Create decision matrix;
958643     *------------------------------------------------------------*;
MPRINT(EM_DIAGRAM):   *------------------------------------------------------------*;
958644     data WORK.DepVar;
MPRINT(EM_DIAGRAM):   data WORK.DepVar;
958645       length   DepVar                           $  32
958646                COUNT                                8
958647                DATAPRIOR                            8
958648                TRAINPRIOR                           8
958649                DECPRIOR                             8
958650                DECISION1                            8
958651                DECISION2                            8
958652                ;
MPRINT(EM_DIAGRAM):   length DepVar $ 32 COUNT 8 DATAPRIOR 8 TRAINPRIOR 8 DECPRIOR 8 DECISION1 
8 DECISION2 8 ;
958653     
958654       label    COUNT="Level Counts"
958655                DATAPRIOR="Data Proportions"
958656                TRAINPRIOR="Training Proportions"
958657                DECPRIOR="Decision Priors"
958658                DECISION1="1"
958659                DECISION2="0"
958660                ;
MPRINT(EM_DIAGRAM):   label COUNT= "Level Counts" DATAPRIOR= "Data Proportions" TRAINPRIOR= 
"Training Proportions" DECPRIOR= "Decision Priors" DECISION1= "1" DECISION2= "0" ;
958661       format   COUNT 10.
958662                ;
MPRINT(EM_DIAGRAM):   format COUNT 10. ;
958663     DepVar="1"; COUNT=359; DATAPRIOR=0.0643642072; TRAINPRIOR=0.15122156697556;
958663   ! DECPRIOR=.; DECISION1=1; DECISION2=0;
MPRINT(EM_DIAGRAM):   DepVar="1";
MPRINT(EM_DIAGRAM):   COUNT=359;
MPRINT(EM_DIAGRAM):   DATAPRIOR=0.0643642072;
MPRINT(EM_DIAGRAM):   TRAINPRIOR=0.15122156697556;
MPRINT(EM_DIAGRAM):   DECPRIOR=.;
MPRINT(EM_DIAGRAM):   DECISION1=1;
MPRINT(EM_DIAGRAM):   DECISION2=0;
958664     output;
MPRINT(EM_DIAGRAM):   output;
958665     DepVar="0"; COUNT=2015; DATAPRIOR=0.9356357928; TRAINPRIOR=0.84877843302443;
958665   ! DECPRIOR=.; DECISION1=0; DECISION2=1;
MPRINT(EM_DIAGRAM):   DepVar="0";
MPRINT(EM_DIAGRAM):   COUNT=2015;
MPRINT(EM_DIAGRAM):   DATAPRIOR=0.9356357928;
MPRINT(EM_DIAGRAM):   TRAINPRIOR=0.84877843302443;
MPRINT(EM_DIAGRAM):   DECPRIOR=.;
MPRINT(EM_DIAGRAM):   DECISION1=0;
MPRINT(EM_DIAGRAM):   DECISION2=1;
958666     output;
MPRINT(EM_DIAGRAM):   output;
958667     ;
MPRINT(EM_DIAGRAM):   ;
958668     run;
MPRINT(EM_DIAGRAM):   run;

NOTE: The data set WORK.DEPVAR has 2 observations and 7 variables.
NOTE: DATA statement used (Total process time):
      real time           0.00 seconds
      cpu time            0.00 seconds
      

958669     proc datasets lib=work nolist;
MPRINT(EM_DIAGRAM):   proc datasets lib=work nolist;
958670     modify DepVar(type=PROFIT label=DepVar);
MPRINT(EM_DIAGRAM):   modify DepVar(type=PROFIT label= DepVar);
MPRINT(EM_DIAGRAM):   label DECISION1= '1';
MPRINT(EM_DIAGRAM):   label DECISION2= '0';
MPRINT(EM_DIAGRAM):   run;
958671     label DECISION1= '1';
958672     label DECISION2= '0';
958673     run;

NOTE: MODIFY was successful for WORK.DEPVAR.DATA.
958674     quit;
MPRINT(EM_DIAGRAM):   quit;

NOTE: PROCEDURE DATASETS used (Total process time):
      real time           0.03 seconds
      cpu time            0.03 seconds
      

958675     data EM_Neural10;
MPRINT(EM_DIAGRAM):   data EM_Neural10;
958676     set EMWS8.Meta_TRAIN(keep=
958677     AcceptedCmp1 AcceptedCmp2 AcceptedCmp3 AcceptedCmp4 AcceptedCmp5
958678     AcceptedCmpTotal Age Complain DepVar Education Frq HigherEducationBinary Income
958679     Kidhome Marital_Status Mnt MntFishProducts MntFruits MntGoldProds
958680     MntMeatProducts MntSweetProducts MntWines MonthsAsCustomer NumCatalogPurchases
958681     NumDealsPurchases NumDistPurchases NumStorePurchases NumWebPurchases
958682     NumWebVisitsMonth RFMstat RMntFrq Recency Teenhome );
MPRINT(EM_DIAGRAM):   set EMWS8.Meta_TRAIN(keep= AcceptedCmp1 AcceptedCmp2 AcceptedCmp3 
AcceptedCmp4 AcceptedCmp5 AcceptedCmpTotal Age Complain DepVar Education Frq 
HigherEducationBinary Income Kidhome Marital_Status Mnt MntFishProducts MntFruits MntGoldProds 
MntMeatProducts MntSweetProducts MntWines MonthsAsCustomer NumCatalogPurchases 
NumDealsPurchases NumDistPurchases NumStorePurchases NumWebPurchases NumWebVisitsMonth RFMstat 
RMntFrq Recency Teenhome );
958683     run;
MPRINT(EM_DIAGRAM):   run;

NOTE: View EMWS8.META_TRAIN.VIEW used (Total process time):
      real time           0.01 seconds
      cpu time            0.01 seconds
      
NOTE: There were 2374 observations read from the data set EMWS8.PART_TRAIN.
NOTE: There were 2374 observations read from the data set EMWS8.META_TRAIN.
NOTE: The data set WORK.EM_NEURAL10 has 2374 observations and 33 variables.
NOTE: DATA statement used (Total process time):
      real time           0.03 seconds
      cpu time            0.03 seconds
      

MPRINT(EM_DIAGRAM):   *------------------------------------------------------------* ;
MPRINT(EM_DIAGRAM):   * Neural10: DMDBClass Macro ;
MPRINT(EM_DIAGRAM):   *------------------------------------------------------------* ;
958684     *------------------------------------------------------------* ;
958685     * Neural10: DMDBClass Macro ;
958686     *------------------------------------------------------------* ;
958687     %macro DMDBClass;
958688         AcceptedCmp1(ASC) AcceptedCmp2(ASC) AcceptedCmp3(ASC) AcceptedCmp4(ASC)
958689        AcceptedCmp5(ASC) Complain(ASC) DepVar(DESC) Education(ASC)
958690        HigherEducationBinary(ASC) Marital_Status(ASC)
958691     %mend DMDBClass;
958692     *------------------------------------------------------------* ;
MPRINT(EM_DIAGRAM):   *------------------------------------------------------------* ;
958693     * Neural10: DMDBVar Macro ;
MPRINT(EM_DIAGRAM):   * Neural10: DMDBVar Macro ;
958694     *------------------------------------------------------------* ;
MPRINT(EM_DIAGRAM):   *------------------------------------------------------------* ;
958695     %macro DMDBVar;
958696         AcceptedCmpTotal Age Frq Income Kidhome Mnt MntFishProducts MntFruits
958697        MntGoldProds MntMeatProducts MntSweetProducts MntWines MonthsAsCustomer
958698        NumCatalogPurchases NumDealsPurchases NumDistPurchases NumStorePurchases
958699        NumWebPurchases NumWebVisitsMonth RFMstat RMntFrq Recency Teenhome
958700     %mend DMDBVar;
958701     *------------------------------------------------------------*;
MPRINT(EM_DIAGRAM):   *------------------------------------------------------------*;
958702     * Neural10: Create DMDB;
MPRINT(EM_DIAGRAM):   * Neural10: Create DMDB;
958703     *------------------------------------------------------------*;
MPRINT(EM_DIAGRAM):   *------------------------------------------------------------*;
958704     proc dmdb batch data=WORK.EM_Neural10
958705     dmdbcat=WORK.Neural10_DMDB
958706     maxlevel = 513
958707     ;
MPRINT(EM_DIAGRAM):   proc dmdb batch data=WORK.EM_Neural10 dmdbcat=WORK.Neural10_DMDB 
maxlevel = 513 ;
MPRINT(EM_DIAGRAM):   class
958708     class %DMDBClass;
MPRINT(DMDBCLASS):   AcceptedCmp1(ASC) AcceptedCmp2(ASC) AcceptedCmp3(ASC) AcceptedCmp4(ASC) 
AcceptedCmp5(ASC) Complain(ASC) DepVar(DESC) Education(ASC) HigherEducationBinary(ASC) 
Marital_Status(ASC)
MPRINT(EM_DIAGRAM):  ;
MPRINT(EM_DIAGRAM):   var
958709     var %DMDBVar;
MPRINT(DMDBVAR):   AcceptedCmpTotal Age Frq Income Kidhome Mnt MntFishProducts MntFruits 
MntGoldProds MntMeatProducts MntSweetProducts MntWines MonthsAsCustomer NumCatalogPurchases 
NumDealsPurchases NumDistPurchases NumStorePurchases NumWebPurchases NumWebVisitsMonth RFMstat 
RMntFrq Recency Teenhome
MPRINT(EM_DIAGRAM):  ;
958710     target
958711     DepVar
958712     ;
MPRINT(EM_DIAGRAM):   target DepVar ;
958713     run;
MPRINT(EM_DIAGRAM):   run;

NOTE: Records processed = 2374   Memory used = 511K.
NOTE: There were 2374 observations read from the data set WORK.EM_NEURAL10.
NOTE: PROCEDURE DMDB used (Total process time):
      real time           0.01 seconds
      cpu time            0.01 seconds
      

MPRINT(EM_DIAGRAM):   quit;
MPRINT(EM_DIAGRAM):   *--- end code ---*;
958714     quit;
958715     *--- end code ---*;

958716     *------------------------------------------------------------* ;
MPRINT(EM_DIAGRAM):    *------------------------------------------------------------* ;
958717     * Neural10: Interval Input Variables Macro ;
MPRINT(EM_DIAGRAM):   * Neural10: Interval Input Variables Macro ;
958718     *------------------------------------------------------------* ;
MPRINT(EM_DIAGRAM):   *------------------------------------------------------------* ;
958719     %macro INTINPUTS;
958720         AcceptedCmpTotal Age Frq Income Kidhome Mnt MntFishProducts MntFruits
958721        MntGoldProds MntMeatProducts MntSweetProducts MntWines MonthsAsCustomer
958722        NumCatalogPurchases NumDealsPurchases NumDistPurchases NumStorePurchases
958723        NumWebPurchases NumWebVisitsMonth RFMstat RMntFrq Recency Teenhome
958724     %mend INTINPUTS;
958725     *------------------------------------------------------------* ;
MPRINT(EM_DIAGRAM):   *------------------------------------------------------------* ;
958726     * Neural10: Binary Inputs Macro ;
MPRINT(EM_DIAGRAM):   * Neural10: Binary Inputs Macro ;
958727     *------------------------------------------------------------* ;
MPRINT(EM_DIAGRAM):   *------------------------------------------------------------* ;
958728     %macro BININPUTS;
958729         AcceptedCmp1 AcceptedCmp2 AcceptedCmp3 AcceptedCmp4 AcceptedCmp5 Complain
958730        HigherEducationBinary
958731     %mend BININPUTS;
958732     *------------------------------------------------------------* ;
MPRINT(EM_DIAGRAM):   *------------------------------------------------------------* ;
958733     * Neural10: Nominal Inputs Macro ;
MPRINT(EM_DIAGRAM):   * Neural10: Nominal Inputs Macro ;
958734     *------------------------------------------------------------* ;
MPRINT(EM_DIAGRAM):   *------------------------------------------------------------* ;
958735     %macro NOMINPUTS;
958736         Education Marital_Status
958737     %mend NOMINPUTS;
958738     *------------------------------------------------------------* ;
MPRINT(EM_DIAGRAM):   *------------------------------------------------------------* ;
958739     * Neural10: Ordinal Inputs Macro ;
MPRINT(EM_DIAGRAM):   * Neural10: Ordinal Inputs Macro ;
958740     *------------------------------------------------------------* ;
MPRINT(EM_DIAGRAM):   *------------------------------------------------------------* ;
958741     %macro ORDINPUTS;
958742     
958743     %mend ORDINPUTS;
958744     *------------------------------------------------------------*;
MPRINT(EM_DIAGRAM):   *------------------------------------------------------------*;
958745     * Neural Network Training;
MPRINT(EM_DIAGRAM):   * Neural Network Training;
958746     ;
MPRINT(EM_DIAGRAM):   ;
958747     *------------------------------------------------------------*;
MPRINT(EM_DIAGRAM):   *------------------------------------------------------------*;
958748     proc neural data=EM_Neural10 dmdbcat=WORK.Neural10_DMDB
958749     validdata = EMWS8.Meta_VALIDATE
958750     random=12345
958751     ;
MPRINT(EM_DIAGRAM):   proc neural data=EM_Neural10 dmdbcat=WORK.Neural10_DMDB validdata = 
EMWS8.Meta_VALIDATE random=12345 ;
958752     nloptions
958753     ;
MPRINT(EM_DIAGRAM):   nloptions ;
958754     performance alldetails noutilfile;
MPRINT(EM_DIAGRAM):   performance alldetails noutilfile;
958755     netopts
958756     decay=0;
MPRINT(EM_DIAGRAM):   netopts decay=0;
MPRINT(EM_DIAGRAM):   input
958757     input %INTINPUTS / level=interval id=intvl
MPRINT(INTINPUTS):   AcceptedCmpTotal Age Frq Income Kidhome Mnt MntFishProducts MntFruits 
MntGoldProds MntMeatProducts MntSweetProducts MntWines MonthsAsCustomer NumCatalogPurchases 
NumDealsPurchases NumDistPurchases NumStorePurchases NumWebPurchases NumWebVisitsMonth RFMstat 
RMntFrq Recency Teenhome
958758     ;
MPRINT(EM_DIAGRAM):   / level=interval id=intvl ;
MPRINT(EM_DIAGRAM):   input
958759     input %BININPUTS / level=nominal id=bin
MPRINT(BININPUTS):   AcceptedCmp1 AcceptedCmp2 AcceptedCmp3 AcceptedCmp4 AcceptedCmp5 Complain 
HigherEducationBinary
958760     ;
MPRINT(EM_DIAGRAM):   / level=nominal id=bin ;
MPRINT(EM_DIAGRAM):   input
958761     input %NOMINPUTS / level=nominal id=nom
MPRINT(NOMINPUTS):   Education Marital_Status
958762     ;
MPRINT(EM_DIAGRAM):   / level=nominal id=nom ;
958763     target DepVar / level=NOMINAL id=DepVar
958764     bias
958765     ;
MPRINT(EM_DIAGRAM):   target DepVar / level=NOMINAL id=DepVar bias ;
958766     arch MLP
958767     Hidden=7
958768     ;
MPRINT(EM_DIAGRAM):   arch MLP Hidden=7 ;
958769     Prelim 5 preiter=10
958770     pretime=3600
958771     Outest=EMWS8.Neural10_PRELIM_OUTEST
958772     ;
MPRINT(EM_DIAGRAM):   Prelim 5 preiter=10 pretime=3600 Outest=EMWS8.Neural10_PRELIM_OUTEST ;
NOTE:  Synchronizing the objectives and the Solution.
NOTE: QUANEW Optimization cannot be completed.
NOTE: QUANEW needs more than 10 iterations or 2147483647 function calls.
NOTE: QUANEW Optimization cannot be completed.
NOTE: QUANEW needs more than 10 iterations or 2147483647 function calls.
NOTE: QUANEW Optimization cannot be completed.
NOTE: QUANEW needs more than 10 iterations or 2147483647 function calls.
NOTE: QUANEW Optimization cannot be completed.
NOTE: QUANEW needs more than 10 iterations or 2147483647 function calls.
NOTE: QUANEW Optimization cannot be completed.
NOTE: QUANEW needs more than 10 iterations or 2147483647 function calls.
NOTE: The data set EMWS8.NEURAL10_PRELIM_OUTEST has 11 observations and 296 variables.
958773     save network=EMWS8.Neural10_NETWORK.dm_neural;
MPRINT(EM_DIAGRAM):   save network=EMWS8.Neural10_NETWORK.dm_neural;
NOTE: Entry EMWS8.NEURAL10_NETWORK.DM_NEURAL has been opened.
NOTE: Entry EMWS8.NEURAL10_NETWORK.DM_NEURAL has been closed.
958774     train Maxiter=50
958775     maxtime=14400
958776     Outest=EMWS8.Neural10_outest estiter=1
958777     Outfit=EMWS8.Neural10_OUTFIT
958778     ;
MPRINT(EM_DIAGRAM):   train Maxiter=50 maxtime=14400 Outest=EMWS8.Neural10_outest estiter=1 
Outfit=EMWS8.Neural10_OUTFIT ;
WARNING: QUANEW Optimization cannot be completed.
NOTE: QUANEW needs more than 50 iterations or 2147483647 function calls.
NOTE: The data set EMWS8.NEURAL10_OUTEST has 53 observations and 296 variables.
NOTE: The data set EMWS8.NEURAL10_OUTFIT has 104 observations and 36 variables.
958779     run;
MPRINT(EM_DIAGRAM):   run;

NOTE: The data set WORK.EM_NEURAL10 has 2374 observations and 33 variables.
NOTE: The data set EMWS8.META_VALIDATE has . observations and 45 variables.
NOTE: View EMWS8.META_VALIDATE.VIEW used (Total process time):
      real time           2.23 seconds
      cpu time            2.23 seconds
      
NOTE: There were 1018 observations read from the data set EMWS8.PART_VALIDATE.
NOTE: Closing the Neural Application.
NOTE: The PROCEDURE NEURAL printed pages 803-806.
NOTE: PROCEDURE NEURAL used (Total process time):
      real time           2.23 seconds
      cpu time            2.23 seconds
      

MPRINT(EM_DIAGRAM):   quit;
958780     quit;

958781     proc sort data=EMWS8.Neural10_OUTFIT(where=(_iter_ ne . and _NAME_="OVERALL"))
958781   ! out=fit_Neural10;
MPRINT(EM_DIAGRAM):    proc sort data=EMWS8.Neural10_OUTFIT(where=(_iter_ ne . and 
_NAME_="OVERALL")) out=fit_Neural10;
958782     by _VAVERR_;
MPRINT(EM_DIAGRAM):   by _VAVERR_;
958783     run;
MPRINT(EM_DIAGRAM):   run;

NOTE: There were 52 observations read from the data set EMWS8.NEURAL10_OUTFIT.
      WHERE (_iter_ not = .) and (_NAME_='OVERALL');
NOTE: The data set WORK.FIT_NEURAL10 has 52 observations and 36 variables.
NOTE: PROCEDURE SORT used (Total process time):
      real time           0.00 seconds
      cpu time            0.00 seconds
      

958784     %GLOBAL ITER;
958785     data _null_;
MPRINT(EM_DIAGRAM):   data _null_;
958786     set fit_Neural10(obs=1);
MPRINT(EM_DIAGRAM):   set fit_Neural10(obs=1);
958787     call symput('ITER',put(_ITER_, 6.));
MPRINT(EM_DIAGRAM):   call symput('ITER',put(_ITER_, 6.));
958788     run;
MPRINT(EM_DIAGRAM):   run;

NOTE: There were 1 observations read from the data set WORK.FIT_NEURAL10.
NOTE: DATA statement used (Total process time):
      real time           0.00 seconds
      cpu time            0.00 seconds
      

958789     data EMWS8.Neural10_INITIAL;
MPRINT(EM_DIAGRAM):   data EMWS8.Neural10_INITIAL;
958790     set EMWS8.Neural10_outest(where=(_ITER_ eq &ITER and _OBJ_ ne .));
MPRINT(EM_DIAGRAM):   set EMWS8.Neural10_outest(where=(_ITER_ eq 14 and _OBJ_ ne .));
958791     run;
MPRINT(EM_DIAGRAM):   run;

NOTE: There were 1 observations read from the data set EMWS8.NEURAL10_OUTEST.
      WHERE (_ITER_=14) and (_OBJ_ not = .);
NOTE: The data set EMWS8.NEURAL10_INITIAL has 1 observations and 296 variables.
NOTE: DATA statement used (Total process time):
      real time           0.01 seconds
      cpu time            0.01 seconds
      

958792     *------------------------------------------------------------*;
MPRINT(EM_DIAGRAM):    *------------------------------------------------------------*;
958793     * Neural Network Model Selection;
MPRINT(EM_DIAGRAM):   * Neural Network Model Selection;
958794     ;
MPRINT(EM_DIAGRAM):   ;
958795     *------------------------------------------------------------*;
MPRINT(EM_DIAGRAM):   *------------------------------------------------------------*;
958796     proc neural data=EM_Neural10 dmdbcat=WORK.Neural10_DMDB
958797     validdata = EMWS8.Meta_VALIDATE
958798     network = EMWS8.Neural10_NETWORK.dm_neural
958799     random=12345
958800     ;
MPRINT(EM_DIAGRAM):   proc neural data=EM_Neural10 dmdbcat=WORK.Neural10_DMDB validdata = 
EMWS8.Meta_VALIDATE network = EMWS8.Neural10_NETWORK.dm_neural random=12345 ;
NOTE: Entry EMWS8.NEURAL10_NETWORK.DM_NEURAL has been opened.
NOTE: Entry EMWS8.NEURAL10_NETWORK.DM_NEURAL has been closed.
958801     nloptions noprint;
MPRINT(EM_DIAGRAM):   nloptions noprint;
958802     performance alldetails noutilfile;
MPRINT(EM_DIAGRAM):   performance alldetails noutilfile;
958803     initial inest=EMWS8.Neural10_INITIAL;
MPRINT(EM_DIAGRAM):   initial inest=EMWS8.Neural10_INITIAL;
NOTE: The data set EMWS8.NEURAL10_INITIAL has 1 observations and 296 variables.
958804     train tech=NONE;
MPRINT(EM_DIAGRAM):   train tech=NONE;
NOTE: No optimization performed.
958805     code file="C:\\predictive-models-project\Workspaces\EMWS8\Neural10\SCORECODE.sas"
958806     group=Neural10
958807     ;
MPRINT(EM_DIAGRAM):   code 
file="C:\\predictive-models-project\Workspaces\EMWS8\Neural10\SCORECODE.sas" group=Neural10 ;
NOTE: External file C:\\predictive-models-project\Workspaces\EMWS8\Neural10\SCORECODE.sas 
      opened.
958808     ;
MPRINT(EM_DIAGRAM):   ;
958809     code
958809   ! file="C:\\predictive-models-project\Workspaces\EMWS8\Neural10\RESIDUALSCORECODE.sas"
958810     group=Neural10
958811     residual
958812     ;
MPRINT(EM_DIAGRAM):   code 
file="C:\\predictive-models-project\Workspaces\EMWS8\Neural10\RESIDUALSCORECODE.sas" 
group=Neural10 residual ;
NOTE: External file 
      C:\\predictive-models-project\Workspaces\EMWS8\Neural10\RESIDUALSCORECODE.sas opened.
958813     ;
MPRINT(EM_DIAGRAM):   ;
958814     score data=EMWS8.Meta_TRAIN out=_NULL_
NOTE: View EMWS8.META_TRAIN.VIEW used (Total process time):
      real time           0.01 seconds
      cpu time            0.01 seconds
      
958815     outfit=WORK.FIT1
958816     role=TRAIN
958817     outkey=EMWS8.Neural10_OUTKEY;
MPRINT(EM_DIAGRAM):   score data=EMWS8.Meta_TRAIN out=_NULL_ outfit=WORK.FIT1 role=TRAIN 
outkey=EMWS8.Neural10_OUTKEY;
NOTE: The data set EMWS8.NEURAL10_OUTKEY has 57 observations and 8 variables.
NOTE: The data set EMWS8.META_TRAIN has . observations and 45 variables.
NOTE: There were 2374 observations read from the data set EMWS8.PART_TRAIN.
NOTE: The data set WORK.FIT1 has 2 observations and 23 variables.
958818     score data=EMWS8.Meta_VALIDATE out=_NULL_
NOTE: View EMWS8.META_VALIDATE.VIEW used (Total process time):
      real time           0.01 seconds
      cpu time            0.01 seconds
      
958819     outfit=WORK.FIT2
958820     role=VALID
958821     outkey=EMWS8.Neural10_OUTKEY;
MPRINT(EM_DIAGRAM):   score data=EMWS8.Meta_VALIDATE out=_NULL_ outfit=WORK.FIT2 role=VALID 
outkey=EMWS8.Neural10_OUTKEY;
NOTE: The data set EMWS8.NEURAL10_OUTKEY has 57 observations and 8 variables.
NOTE: The data set EMWS8.META_VALIDATE has . observations and 45 variables.
NOTE: There were 1018 observations read from the data set EMWS8.PART_VALIDATE.
NOTE: The data set WORK.FIT2 has 2 observations and 15 variables.
958822     run;
MPRINT(EM_DIAGRAM):   run;

NOTE: The data set WORK.EM_NEURAL10 has 2374 observations and 33 variables.
NOTE: The data set EMWS8.META_VALIDATE has . observations and 45 variables.
NOTE: View EMWS8.META_VALIDATE.VIEW used (Total process time):
      real time           0.23 seconds
      cpu time            0.21 seconds
      
NOTE: There were 1018 observations read from the data set EMWS8.PART_VALIDATE.
NOTE: Closing the Neural Application.
NOTE: PROCEDURE NEURAL used (Total process time):
      real time           0.23 seconds
      cpu time            0.21 seconds
      

MPRINT(EM_DIAGRAM):   quit;
958823     quit;
958824     data EMWS8.Neural10_OUTFIT;
MPRINT(EM_DIAGRAM):   data EMWS8.Neural10_OUTFIT;
958825     merge WORK.FIT1 WORK.FIT2;
MPRINT(EM_DIAGRAM):   merge WORK.FIT1 WORK.FIT2;
958826     run;
MPRINT(EM_DIAGRAM):   run;

NOTE: There were 2 observations read from the data set WORK.FIT1.
NOTE: There were 2 observations read from the data set WORK.FIT2.
NOTE: The data set EMWS8.NEURAL10_OUTFIT has 2 observations and 36 variables.
NOTE: DATA statement used (Total process time):
      real time           0.00 seconds
      cpu time            0.00 seconds
      

958827     data EMWS8.Neural10_EMESTIMATE;
MPRINT(EM_DIAGRAM):   data EMWS8.Neural10_EMESTIMATE;
958828     set EMWS8.Neural10_outest;
MPRINT(EM_DIAGRAM):   set EMWS8.Neural10_outest;
958829     if _type_ ^in('HESSIAN' 'GRAD');
MPRINT(EM_DIAGRAM):   if _type_ ^in('HESSIAN' 'GRAD');
958830     run;
MPRINT(EM_DIAGRAM):   run;

NOTE: There were 53 observations read from the data set EMWS8.NEURAL10_OUTEST.
NOTE: The data set EMWS8.NEURAL10_EMESTIMATE has 52 observations and 296 variables.
NOTE: DATA statement used (Total process time):
      real time           0.00 seconds
      cpu time            0.00 seconds
      

958831     proc datasets lib=work nolist;
MPRINT(EM_DIAGRAM):   proc datasets lib=work nolist;
958832     delete EM_Neural10;
MPRINT(EM_DIAGRAM):   delete EM_Neural10;
958833     run;
MPRINT(EM_DIAGRAM):   run;

NOTE: Deleting WORK.EM_NEURAL10 (memtype=DATA).
958834     quit;
MPRINT(EM_DIAGRAM):   quit;

NOTE: PROCEDURE DATASETS used (Total process time):
      real time           0.03 seconds
      cpu time            0.03 seconds
      

958835     data EMWS8.Neural10_PLOTDS(where=(_iter_ ne . and _NAME_="OVERALL"));
MPRINT(EM_DIAGRAM):    data EMWS8.Neural10_PLOTDS(where=(_iter_ ne . and _NAME_="OVERALL"));
958836     set fit_Neural10;
MPRINT(EM_DIAGRAM):   set fit_Neural10;
958837     attrib _ITER_ label="%sysfunc(sasmsg(sashelp.dmine, rpt_trainiterations_vlabel  ,
958837   ! NOQUOTE))";
MPRINT(EM_DIAGRAM):   attrib _ITER_ label="Training Iterations";
958838     attrib _NAME_ label="%sysfunc(sasmsg(sashelp.dmine, rpt_varsel_label_name  ,
958838   ! NOQUOTE))";
MPRINT(EM_DIAGRAM):   attrib _NAME_ label="Name";
958839     run;
MPRINT(EM_DIAGRAM):   run;

NOTE: There were 52 observations read from the data set WORK.FIT_NEURAL10.
NOTE: The data set EMWS8.NEURAL10_PLOTDS has 52 observations and 36 variables.
NOTE: DATA statement used (Total process time):
      real time           0.00 seconds
      cpu time            0.00 seconds
      

958840     proc sort data=EMWS8.Neural10_PLOTDS;
MPRINT(EM_DIAGRAM):   proc sort data=EMWS8.Neural10_PLOTDS;
958841     by _ITER_;
MPRINT(EM_DIAGRAM):   by _ITER_;
958842     run;
MPRINT(EM_DIAGRAM):   run;

NOTE: There were 52 observations read from the data set EMWS8.NEURAL10_PLOTDS.
NOTE: The data set EMWS8.NEURAL10_PLOTDS has 52 observations and 36 variables.
NOTE: PROCEDURE SORT used (Total process time):
      real time           0.00 seconds
      cpu time            0.00 seconds
      

958843     data tempweight (drop= _tech_ _decay_ _seed_ _nobj_ _obj_ _objerr_ _averr_ _p_num_
958843   ! where=(_type_ eq "PARMS" and _iter_ eq 14) );
MPRINT(EM_DIAGRAM):    data tempweight (drop= _tech_ _decay_ _seed_ _nobj_ _obj_ _objerr_ 
_averr_ _p_num_ where=(_type_ eq "PARMS" and _iter_ eq 14) );
958844     set EMWS8.Neural10_EMESTIMATE;
MPRINT(EM_DIAGRAM):   set EMWS8.Neural10_EMESTIMATE;
958845     run;
MPRINT(EM_DIAGRAM):   run;

NOTE: There were 52 observations read from the data set EMWS8.NEURAL10_EMESTIMATE.
NOTE: The data set WORK.TEMPWEIGHT has 1 observations and 288 variables.
NOTE: DATA statement used (Total process time):
      real time           0.01 seconds
      cpu time            0.01 seconds
      

958846     proc sort;
MPRINT(EM_DIAGRAM):   proc sort;
958847     by _name_;
MPRINT(EM_DIAGRAM):   by _name_;
958848     run;
MPRINT(EM_DIAGRAM):   run;

NOTE: There were 1 observations read from the data set WORK.TEMPWEIGHT.
NOTE: The data set WORK.TEMPWEIGHT has 1 observations and 288 variables.
NOTE: PROCEDURE SORT used (Total process time):
      real time           0.00 seconds
      cpu time            0.00 seconds
      

958849     proc transpose data=tempweight out=EMWS8.Neural10_WEIGHTDS;
MPRINT(EM_DIAGRAM):   proc transpose data=tempweight out=EMWS8.Neural10_WEIGHTDS;
958850     by _name_;
MPRINT(EM_DIAGRAM):   by _name_;
958851     run;
MPRINT(EM_DIAGRAM):   run;

NOTE: There were 1 observations read from the data set WORK.TEMPWEIGHT.
NOTE: The data set EMWS8.NEURAL10_WEIGHTDS has 286 observations and 3 variables.
NOTE: PROCEDURE TRANSPOSE used (Total process time):
      real time           0.00 seconds
      cpu time            0.00 seconds
      

958852     data EMWS8.Neural10_WEIGHTDS;
MPRINT(EM_DIAGRAM):   data EMWS8.Neural10_WEIGHTDS;
958853     set EMWS8.Neural10_WEIGHTDS;
MPRINT(EM_DIAGRAM):   set EMWS8.Neural10_WEIGHTDS;
958854     FROM = trim(left(scan(_LABEL_, 1, '->')));
MPRINT(EM_DIAGRAM):   FROM = trim(left(scan(_LABEL_, 1, '->')));
958855     TO = trim(left(scan(_LABEL_, 2, '>')));
MPRINT(EM_DIAGRAM):   TO = trim(left(scan(_LABEL_, 2, '>')));
958856     WEIGHT = COL1;
MPRINT(EM_DIAGRAM):   WEIGHT = COL1;
958857     if (TO eq '') or (FROM eq '') then delete;
MPRINT(EM_DIAGRAM):   if (TO eq '') or (FROM eq '') then delete;
958858     label _LABEL_ ="%sysfunc(sasmsg(sashelp.dmine, meta_label_vlabel  , NOQUOTE))" FROM
958858   ! = "%sysfunc(sasmsg(sashelp.dmine, rpt_from_vlabel  , NOQUOTE))" TO =
958858   ! "%sysfunc(sasmsg(sashelp.dmine, rpt_into_vlabel  , NOQUOTE))" WEIGHT =
958859        "%sysfunc(sasmsg(sashelp.dmine, rpt_weight_vlabel  , NOQUOTE))";
MPRINT(EM_DIAGRAM):   label _LABEL_ = "Label" FROM = "From" TO = "Into" WEIGHT = "Weight";
958860     keep FROM TO WEIGHT _LABEL_;
MPRINT(EM_DIAGRAM):   keep FROM TO WEIGHT _LABEL_;
958861     run;
MPRINT(EM_DIAGRAM):   run;

NOTE: There were 286 observations read from the data set EMWS8.NEURAL10_WEIGHTDS.
NOTE: The data set EMWS8.NEURAL10_WEIGHTDS has 281 observations and 4 variables.
NOTE: DATA statement used (Total process time):
      real time           0.01 seconds
      cpu time            0.01 seconds
      

958862     proc sort data=EMWS8.Neural10_WEIGHTDS nodupkey;
MPRINT(EM_DIAGRAM):   proc sort data=EMWS8.Neural10_WEIGHTDS nodupkey;
958863     by _LABEL_;
MPRINT(EM_DIAGRAM):   by _LABEL_;
958864     run;
MPRINT(EM_DIAGRAM):   run;

NOTE: There were 281 observations read from the data set EMWS8.NEURAL10_WEIGHTDS.
NOTE: 0 observations with duplicate key values were deleted.
NOTE: The data set EMWS8.NEURAL10_WEIGHTDS has 281 observations and 4 variables.
NOTE: PROCEDURE SORT used (Total process time):
      real time           0.00 seconds
      cpu time            0.00 seconds
      

MPRINT(EM_DIAGRAM):    proc printto;
MPRINT(EM_DIAGRAM):   run;
