 
                                                                                               
 
 
Variable Summary

            Measurement    Frequency
Role           Level         Count

INPUT        BINARY             7   
INPUT        INTERVAL          23   
INPUT        NOMINAL            2   
REJECTED     INTERVAL           1   
TARGET       BINARY             1   
 
                                                                                               
 
 
Model Events

                                  Number
                   Measurement      of
Target    Event       Level       Levels      Order       Label

DepVar      1        BINARY          2      Descending    DepVar
 
                                                                                               
 
 
Predicted and decision variables

Type         Variable     Label

TARGET       DepVar       DepVar             
PREDICTED    P_DepVar1    Predicted: DepVar=1
RESIDUAL     R_DepVar1    Residual: DepVar=1 
PREDICTED    P_DepVar0    Predicted: DepVar=0
RESIDUAL     R_DepVar0    Residual: DepVar=0 
FROM         F_DepVar     From: DepVar       
INTO         I_DepVar     Into: DepVar       
 
                                                                                               
 
 

The NEURAL Procedure

Preliminary       Starting         Objective         Number
 Training          Random           Function           of        Terminating
    Run             Seed             Value         Iterations     Criteria

        1               12345    0.136336425384           10                
        2           479447501    0.132855961583           10                
        3           786017511    0.136083617551           10                
        4          1262402494    0.140359306942           10                
        5          1621497939    0.125130016974           10                
 
                                                                                               
 
 

The NEURAL Procedure

                      Optimization Start
                      Parameter Estimates
                                                      Gradient
                                                     Objective
  N Parameter                         Estimate        Function

  1 AcceptedCmpTotal_H11             -0.230738        0.000829
  2 Age_H11                          -0.015221       -0.000557
  3 Frq_H11                           0.111662       -0.000872
  4 Income_H11                       -0.144285        0.000153
  5 Kidhome_H11                       0.045596        0.003209
  6 Mnt_H11                           0.026187       -0.000778
  7 MntFishProducts_H11               0.108984       -0.000872
  8 MntFruits_H11                    -0.061748       -0.000303
  9 MntGoldProds_H11                 -0.331734       -0.001200
 10 MntMeatProducts_H11              -0.544959        0.001264
 11 MntSweetProducts_H11             -0.078108       -0.001098
 12 MntWines_H11                      0.083663       -0.001703
 13 MonthsAsCustomer_H11             -0.095493       -0.000317
 14 NumCatalogPurchases_H11          -0.481461       -0.000181
 15 NumDealsPurchases_H11             0.143980        0.000303
 16 NumDistPurchases_H11              0.121780       -0.000375
 17 NumStorePurchases_H11             0.090919       -0.001388
 18 NumWebPurchases_H11               0.090219       -0.000468
 19 NumWebVisitsMonth_H11            -0.263983       -0.000784
 20 RFMstat_H11                      -0.095935        0.000290
 21 RMntFrq_H11                      -0.196172       -0.001266
 22 Recency_H11                       0.095546       -0.000232
 23 Teenhome_H11                      0.312246       -0.001678
 24 AcceptedCmpTotal_H12             -0.124667        0.000327
 25 Age_H12                           0.136452        0.000935
 26 Frq_H12                           0.095919        0.000199
 27 Income_H12                        0.089295        0.001660
 28 Kidhome_H12                       0.186773        0.000338
 29 Mnt_H12                           0.397165       -0.001030
 30 MntFishProducts_H12              -0.097818        0.000408
 31 MntFruits_H12                     0.301014        0.001477
 32 MntGoldProds_H12                 -0.013704       -0.000908
 33 MntMeatProducts_H12              -0.434399        0.001451
 34 MntSweetProducts_H12              0.055797       -0.000942
 35 MntWines_H12                      0.165380       -0.002730
 36 MonthsAsCustomer_H12             -0.031175       -0.001832
 37 NumCatalogPurchases_H12          -0.392343       -0.000745
 38 NumDealsPurchases_H12            -0.166355       -0.002900
 39 NumDistPurchases_H12              0.251541        0.000622
 40 NumStorePurchases_H12             0.146611       -0.000442
 41 NumWebPurchases_H12               0.264374        0.001885
 42 NumWebVisitsMonth_H12            -0.361919       -0.000684
 43 RFMstat_H12                      -0.168131     0.000021283
 44 RMntFrq_H12                       0.125148       -0.002289
 45 Recency_H12                       0.298983        0.001724
 46 Teenhome_H12                      0.116275       -0.003549
 47 AcceptedCmpTotal_H13             -0.603719     0.000028984
 48 Age_H13                          -0.118421    -0.000000684
 49 Frq_H13                           0.108412     0.000055381
 50 Income_H13                       -0.161827     0.000025001
 51 Kidhome_H13                       0.100235       -0.000141
 52 Mnt_H13                          -0.087509     0.000072604
 53 MntFishProducts_H13              -0.446322     0.000031363
 54 MntFruits_H13                    -0.114362     0.000017558
 55 MntGoldProds_H13                  0.157059     0.000091113
 56 MntMeatProducts_H13               0.313139    -0.000014844
 57 MntSweetProducts_H13             -0.283903     0.000033962
 58 MntWines_H13                      0.138407        0.000113
 59 MonthsAsCustomer_H13              0.075985     0.000051027
 60 NumCatalogPurchases_H13           0.075195     0.000073301
 61 NumDealsPurchases_H13             0.022167    -0.000026514
 62 NumDistPurchases_H13              0.007335     0.000076702
 63 NumStorePurchases_H13            -0.068249     0.000013369
 64 NumWebPurchases_H13               0.057560     0.000057305
 65 NumWebVisitsMonth_H13            -0.076604    -0.000008545
 66 RFMstat_H13                      -0.198289    -0.000010917
 67 RMntFrq_H13                      -0.010662     0.000084561
 68 Recency_H13                      -0.026199     0.000071730
 69 Teenhome_H13                      0.054649     0.000023178
 70 AcceptedCmpTotal_H14              0.375705        0.001239
 71 Age_H14                           0.096034        0.004946
 72 Frq_H14                           0.215202        0.004014
 73 Income_H14                        0.456484        0.003672
 74 Kidhome_H14                       0.204504       -0.005716
 75 Mnt_H14                           0.120913        0.003263
 76 MntFishProducts_H14              -0.034040        0.001822
 77 MntFruits_H14                     0.025026        0.001158
 78 MntGoldProds_H14                  0.086227        0.003431
 79 MntMeatProducts_H14               0.759970       -0.001018
 80 MntSweetProducts_H14              0.227748        0.002089
 81 MntWines_H14                     -0.248620        0.005250
 82 MonthsAsCustomer_H14             -0.154917       -0.000475
 83 NumCatalogPurchases_H14           0.786776       -0.000689
 84 NumDealsPurchases_H14             0.665279       -0.000297
 85 NumDistPurchases_H14              0.164409        0.002914
 86 NumStorePurchases_H14            -0.460647        0.004708
 87 NumWebPurchases_H14              -0.246433        0.005862
 88 NumWebVisitsMonth_H14             0.514463        0.001359
 89 RFMstat_H14                       0.017065        0.000225
 90 RMntFrq_H14                       0.116702        0.003995
 91 Recency_H14                      -0.447533        0.001761
 92 Teenhome_H14                      0.164166        0.002781
 93 AcceptedCmpTotal_H15              0.551257        0.000479
 94 Age_H15                          -0.145387       -0.001644
 95 Frq_H15                          -0.046109        0.000880
 96 Income_H15                        0.291602       -0.002906
 97 Kidhome_H15                      -0.272697       -0.003668
 98 Mnt_H15                          -0.065222        0.003613
 99 MntFishProducts_H15              -0.196501       -0.000897
100 MntFruits_H15                    -0.120135        0.001318
101 MntGoldProds_H15                  0.033704        0.009578
102 MntMeatProducts_H15               0.888572        0.002737
103 MntSweetProducts_H15             -0.121738        0.000742
104 MntWines_H15                     -0.622794        0.003126
105 MonthsAsCustomer_H15             -0.073783        0.002962
106 NumCatalogPurchases_H15           0.742231        0.001873
107 NumDealsPurchases_H15             0.463265        0.003016
108 NumDistPurchases_H15              0.100436       -0.000327
109 NumStorePurchases_H15            -0.607145        0.002398
110 NumWebPurchases_H15              -0.627703       -0.002563
111 NumWebVisitsMonth_H15             1.351172        0.002343
112 RFMstat_H15                       0.075860       -0.001205
113 RMntFrq_H15                      -0.014891        0.008070
114 Recency_H15                      -1.463080       -0.001003
115 Teenhome_H15                     -0.302513        0.004313
116 AcceptedCmpTotal_H16             -0.138124       -0.000113
117 Age_H16                           0.296545       -0.000102
118 Frq_H16                           0.088744       -0.000315
119 Income_H16                        0.079606       -0.000492
120 Kidhome_H16                      -0.176348     0.000024421
121 Mnt_H16                           0.086606        0.000256
122 MntFishProducts_H16              -0.042697     0.000001945
123 MntFruits_H16                     0.131769        0.000289
124 MntGoldProds_H16                  0.112962        0.000153
125 MntMeatProducts_H16              -0.040107        0.000224
126 MntSweetProducts_H16             -0.030301        0.000532
127 MntWines_H16                     -0.218667        0.000193
128 MonthsAsCustomer_H16              0.375903        0.000566
129 NumCatalogPurchases_H16           0.119376       -0.000253
130 NumDealsPurchases_H16            -0.138339        0.000358
131 NumDistPurchases_H16             -0.007398       -0.000321
132 NumStorePurchases_H16             0.039464       -0.000240
133 NumWebPurchases_H16               0.052748       -0.000298
134 NumWebVisitsMonth_H16            -0.187300     0.000063622
135 RFMstat_H16                      -0.212751     0.000054825
136 RMntFrq_H16                       0.077927        0.000496
137 Recency_H16                       0.064050    -0.000031770
138 Teenhome_H16                     -0.180676        0.000278
139 AcceptedCmpTotal_H17              0.278771        0.000512
140 Age_H17                           0.043528       -0.000398
141 Frq_H17                          -0.147960        0.001141
142 Income_H17                        0.264251        0.000825
143 Kidhome_H17                      -0.138331       -0.000907
144 Mnt_H17                           0.265178        0.002728
145 MntFishProducts_H17              -0.080571        0.002233
146 MntFruits_H17                     0.035064        0.000717
147 MntGoldProds_H17                 -0.054410        0.001518
148 MntMeatProducts_H17               0.086429        0.001820
149 MntSweetProducts_H17              0.220360        0.001964
150 MntWines_H17                      0.192833        0.002797
151 MonthsAsCustomer_H17              0.086584        0.000295
152 NumCatalogPurchases_H17           0.389336        0.003201
153 NumDealsPurchases_H17             0.044459    -0.000047877
154 NumDistPurchases_H17             -0.019883        0.000827
155 NumStorePurchases_H17            -0.005865        0.001340
156 NumWebPurchases_H17              -0.161032       -0.001938
157 NumWebVisitsMonth_H17             0.289531       -0.001467
158 RFMstat_H17                      -0.028576        0.000285
159 RMntFrq_H17                       0.308861        0.003051
160 Recency_H17                      -0.493993        0.000473
161 Teenhome_H17                     -0.307972        0.000311
162 AcceptedCmp10_H11                 0.156673       -0.000967
163 AcceptedCmp20_H11                 0.187485       -0.000228
164 AcceptedCmp30_H11                -0.018200       -0.000827
165 AcceptedCmp40_H11                 0.097798        0.000464
166 AcceptedCmp50_H11                -0.081053       -0.000535
167 Complain0_H11                    -0.060703       -0.000217
168 HigherEducationBinary0_H11        0.155024        0.001014
169 AcceptedCmp10_H12                -0.087200       -0.002373
170 AcceptedCmp20_H12                 0.088057       -0.001964
171 AcceptedCmp30_H12                 0.320504       -0.002250
172 AcceptedCmp40_H12                -0.130052       -0.000143
173 AcceptedCmp50_H12                 0.270744       -0.001820
174 Complain0_H12                     0.036901       -0.001766
175 HigherEducationBinary0_H12        0.038040        0.004222
176 AcceptedCmp10_H13                -0.262798     0.000007535
177 AcceptedCmp20_H13                 0.023052     0.000012399
178 AcceptedCmp30_H13                -0.067216     0.000012350
179 AcceptedCmp40_H13                -0.295972    -0.000013285
180 AcceptedCmp50_H13                -0.089139    -0.000004194
181 Complain0_H13                     0.004995     0.000004696
182 HigherEducationBinary0_H13       -0.029768    -0.000049634
183 AcceptedCmp10_H14                -0.036177       -0.000609
184 AcceptedCmp20_H14                -0.265377       -0.001565
185 AcceptedCmp30_H14                -0.152308       -0.000701
186 AcceptedCmp40_H14                 0.048674       -0.003196
187 AcceptedCmp50_H14                -0.027173       -0.001640
188 Complain0_H14                    -0.116050       -0.001452
189 HigherEducationBinary0_H14        0.079892        0.000869
190 AcceptedCmp10_H15                -0.250294        0.003690
191 AcceptedCmp20_H15                -0.181328        0.002862
192 AcceptedCmp30_H15                -0.111163        0.002288
193 AcceptedCmp40_H15                -0.207772        0.003290
194 AcceptedCmp50_H15                -0.461289        0.002842
195 Complain0_H15                    -0.008098        0.003605
196 HigherEducationBinary0_H15       -0.156205       -0.004477
197 AcceptedCmp10_H16                -0.019441     0.000069176
198 AcceptedCmp20_H16                 0.025803     0.000060582
199 AcceptedCmp30_H16                -0.059328        0.000126
200 AcceptedCmp40_H16                -0.018937     0.000099737
201 AcceptedCmp50_H16                -0.022266        0.000133
202 Complain0_H16                    -0.074785     0.000064814
203 HigherEducationBinary0_H16        0.166018       -0.000237
204 AcceptedCmp10_H17                -0.008774        0.002138
205 AcceptedCmp20_H17                 0.088984        0.002523
206 AcceptedCmp30_H17                -0.003356        0.002571
207 AcceptedCmp40_H17                -0.130220        0.002005
208 AcceptedCmp50_H17                -0.279959        0.001501
209 Complain0_H17                    -0.019599        0.002564
210 HigherEducationBinary0_H17        0.107973       -0.003077
211 Education2nCycle_H11              0.002628    -0.000066295
212 EducationBasic_H11                0.203116       -0.000353
213 EducationGraduation_H11           0.019348       -0.001297
214 EducationMaster_H11              -0.171207       -0.000543
215 Marital_StatusDivorced_H11        0.214817       -0.000192
216 Marital_StatusMarried_H11        -0.353659        0.000866
217 Marital_StatusSingle_H11          0.028746       -0.001606
218 Marital_StatusTogether_H11       -0.047948        0.001057
219 Education2nCycle_H12              0.077429        0.001417
220 EducationBasic_H12               -0.055534    -0.000058597
221 EducationGraduation_H12          -0.141808       -0.001790
222 EducationMaster_H12               0.059913       -0.000985
223 Marital_StatusDivorced_H12        0.251606        0.000293
224 Marital_StatusMarried_H12         0.219912       -0.001709
225 Marital_StatusSingle_H12         -0.220663        0.000636
226 Marital_StatusTogether_H12        0.281914       -0.001482
227 Education2nCycle_H13              0.069800    -0.000008950
228 EducationBasic_H13                0.240054     0.000009415
229 EducationGraduation_H13          -0.080153     0.000050607
230 EducationMaster_H13               0.205906     0.000009074
231 Marital_StatusDivorced_H13       -0.045670     0.000005895
232 Marital_StatusMarried_H13         0.027686    -0.000045560
233 Marital_StatusSingle_H13          0.233010     0.000070744
234 Marital_StatusTogether_H13        0.194839    -0.000030335
235 Education2nCycle_H14              0.063707       -0.000873
236 EducationBasic_H14               -0.143766       -0.001931
237 EducationGraduation_H14           0.082502       -0.002611
238 EducationMaster_H14               0.021642       -0.002335
239 Marital_StatusDivorced_H14       -0.086469        0.000396
240 Marital_StatusMarried_H14         0.058240       -0.004675
241 Marital_StatusSingle_H14          0.007584        0.002138
242 Marital_StatusTogether_H14       -0.302746       -0.003488
243 Education2nCycle_H15              0.030602       -0.001103
244 EducationBasic_H15               -0.057181        0.001420
245 EducationGraduation_H15           0.141601        0.003089
246 EducationMaster_H15              -0.042888        0.002090
247 Marital_StatusDivorced_H15        0.302589       -0.002410
248 Marital_StatusMarried_H15        -0.694322        0.000662
249 Marital_StatusSingle_H15          0.570159       -0.000862
250 Marital_StatusTogether_H15       -0.615616        0.001652
251 Education2nCycle_H16             -0.006601       -0.000110
252 EducationBasic_H16               -0.363951    -0.000025288
253 EducationGraduation_H16          -0.126107        0.000108
254 EducationMaster_H16              -0.177683    -0.000033765
255 Marital_StatusDivorced_H16       -0.143011       -0.000138
256 Marital_StatusMarried_H16         0.017138        0.000297
257 Marital_StatusSingle_H16          0.257786       -0.000215
258 Marital_StatusTogether_H16       -0.025358        0.000150
259 Education2nCycle_H17              0.045566       -0.000570
260 EducationBasic_H17               -0.270805       -0.000430
261 EducationGraduation_H17           0.083949        0.001665
262 EducationMaster_H17              -0.106278     0.000028109
263 Marital_StatusDivorced_H17        0.059689       -0.000459
264 Marital_StatusMarried_H17        -0.332964        0.002259
265 Marital_StatusSingle_H17          0.048601       -0.000795
266 Marital_StatusTogether_H17       -0.207886        0.000683
267 BIAS_H11                          0.200644       -0.000225
268 BIAS_H12                         -0.538823       -0.001854
269 BIAS_H13                         -1.074268     0.000012241
270 BIAS_H14                          0.705837       -0.001384
271 BIAS_H15                         -0.401459        0.003569
272 BIAS_H16                         -1.777043     0.000077027
273 BIAS_H17                         -1.458456        0.002611
274 H11_DepVar1                      -0.655336        0.001850
275 H12_DepVar1                      -0.999561        0.000283
276 H13_DepVar1                       0.048014       -0.003015
277 H14_DepVar1                       1.713351       -0.002096
278 H15_DepVar1                       2.914048       -0.001806
279 H16_DepVar1                       0.195890       -0.003234
280 H17_DepVar1                       0.909169       -0.003454
281 BIAS_DepVar1                     -2.007021        0.003173

Value of Objective Function = 0.125130017

 
                                                                                               
 
 

The NEURAL Procedure

Dual Quasi-Newton Optimization


Minimum Iterations                                0
Maximum Iterations                               50
Maximum Function Calls                   2147483647
Maximum CPU Time                              14400
ABSGCONV Gradient Criterion                 0.00001
GCONV Gradient Criterion                       1E-8
ABSFCONV Function Criterion                       0
FCONV Function Criterion                     0.0001
FCONV2 Function Criterion                         0
FSIZE Parameter                                   0
ABSXCONV Parameter Change Criterion               0
XCONV Parameter Change Criterion                  0
XSIZE Parameter                                   0
ABSCONV Function Criterion             0.0020529663
Line Search Method                                2
Starting Alpha for Line Search                    1
Line Search Precision LSPRECISION               0.4
DAMPSTEP Parameter for Line Search                .
Singularity Tolerance (SINGULAR)               1E-8

Dual Quasi-Newton Optimization

Dual Broyden - Fletcher - Goldfarb - Shanno Update (DBFGS)

Parameter Estimates             281

                                      Optimization Start

Active Constraints                           0  Objective Function                 0.125130017
Max Abs Gradient Element           0.009578086                                                


                                                       Objective   Max Abs            Slope of
                 Function       Active      Objective   Function  Gradient     Step     Search
Iter   Restarts     Calls  Constraints       Function     Change   Element     Size  Direction

   1          0         5            0        0.12409    0.00104    0.0137   0.0196     -0.104
   2          0         7            0        0.12228    0.00181    0.0102    0.571    -0.0046
   3          0        11            0        0.11946    0.00282    0.0117    2.000    -0.0032
   4          0        13            0        0.11827    0.00119    0.0169    1.000    -0.0045
   5          0        17            0        0.11464    0.00364    0.0121    2.010    -0.0036
   6          0        19            0        0.11050    0.00414    0.0137    3.207    -0.0028
   7          0        21            0        0.10629    0.00421    0.0240    2.820    -0.0037
   8          0        23            0        0.10106    0.00523    0.0132    2.462    -0.0043
   9          0        25            0        0.09890    0.00217    0.0252    4.180    -0.0031
  10          0        29            0        0.09391    0.00499   0.00968    1.540    -0.0070
  11          0        31            0        0.08854    0.00537    0.0178    4.198    -0.0030
  12          0        33            0        0.08544    0.00310    0.0222    2.469    -0.0054
  13          0        35            0        0.08134    0.00410   0.00859    1.143    -0.0068
  14          0        37            0        0.07903    0.00231    0.0204    3.052    -0.0034
  15          0        39            0        0.07529    0.00375   0.00591    1.039    -0.0056
  16          0        41            0        0.07390    0.00138    0.0254    3.784    -0.0025
  17          0        45            0        0.07043    0.00347   0.00446    1.484    -0.0047
  18          0        47            0        0.06750    0.00293   0.00946    4.569    -0.0019
  19          0        49            0        0.06546    0.00204    0.0120    1.779    -0.0041
  20          0        51            0        0.06319    0.00227   0.00712    2.245    -0.0023
  21          0        53            0        0.05977    0.00342   0.00690    3.160    -0.0018
  22          0        56            0        0.05783    0.00194   0.00701    1.647    -0.0022
  23          0        58            0        0.05554    0.00229    0.0109    3.493    -0.0014
  24          0        60            0        0.05476   0.000782    0.0128    2.791    -0.0021
  25          0        64            0        0.05272    0.00203   0.00337    1.427    -0.0028
  26          0        66            0        0.05037    0.00235   0.00686    5.232    -0.0010
  27          0        68            0        0.04869    0.00168   0.00787    3.012    -0.0020
  28          0        70            0        0.04672    0.00196   0.00672    1.913    -0.0022
  29          0        72            0        0.04404    0.00268   0.00614    2.982    -0.0016
  30          0        74            0        0.04319   0.000851    0.0146    2.493    -0.0027
  31          0        78            0        0.04059    0.00261   0.00545    1.190    -0.0043
  32          0        80            0        0.03881    0.00178    0.0119    4.860    -0.0013
  33          0        82            0        0.03680    0.00201   0.00480    1.353    -0.0033
  34          0        84            0        0.03559    0.00120   0.00852    4.020    -0.0012
  35          0        86            0        0.03364    0.00196   0.00376    1.057    -0.0028
  36          0        88            0        0.03275   0.000883   0.00863    3.236    -0.0015
  37          0        92            0        0.03089    0.00187   0.00240    1.503    -0.0029
  38          0        94            0        0.02984    0.00105   0.00850    4.693    -0.0010
  39          0        96            0        0.02855    0.00129   0.00316    1.170    -0.0022
  40          0        98            0        0.02767   0.000880   0.00746    5.223    -0.0006
  41          0       100            0        0.02670   0.000971   0.00252    1.262    -0.0017
  42          0       102            0        0.02624   0.000461   0.00494    4.612    -0.0005
  43          0       106            0        0.02517    0.00106   0.00285    1.869    -0.0012
  44          0       108            0        0.02368    0.00149   0.00314    3.658    -0.0007
  45          0       111            0        0.02258    0.00110   0.00388    1.467    -0.0013
  46          0       113            0        0.02163   0.000945   0.00354    5.290    -0.0005
  47          0       116            0        0.02107   0.000560   0.00384    1.393    -0.0009
  48          0       118            0        0.02079   0.000283   0.00770    2.356    -0.0006
  49          0       122            0        0.02014   0.000655   0.00173    1.734    -0.0008
  50          0       124            0        0.01992   0.000215    0.0105    4.914    -0.0003

                                     Optimization Results

Iterations                                  50  Function Calls                             126
Gradient Calls                              61  Active Constraints                           0
Objective Function                0.0199201336  Max Abs Gradient Element          0.0105347083
Slope of Search Direction         -0.000333369                                                

QUANEW needs more than 50 iterations or 2147483647 function calls.                             

WARNING: QUANEW Optimization cannot be completed.

 
                                                                                               
 
 

The NEURAL Procedure

                     Optimization Results
                      Parameter Estimates
                                                      Gradient
                                                     Objective
  N Parameter                         Estimate        Function

  1 AcceptedCmpTotal_H11             -4.047344        0.000438
  2 Age_H11                          -2.218101       -0.000242
  3 Frq_H11                           1.275186        0.000690
  4 Income_H11                       -1.413689        0.000607
  5 Kidhome_H11                      -3.093532        0.000167
  6 Mnt_H11                          -0.627514        0.000353
  7 MntFishProducts_H11               1.719285        0.000222
  8 MntFruits_H11                    -1.299115        0.000499
  9 MntGoldProds_H11                  0.245457    -0.000050526
 10 MntMeatProducts_H11              -6.382181        0.000148
 11 MntSweetProducts_H11             -0.645563        0.000265
 12 MntWines_H11                      2.496586        0.000417
 13 MonthsAsCustomer_H11              0.082230     0.000065363
 14 NumCatalogPurchases_H11          -1.633326        0.000496
 15 NumDealsPurchases_H11            -0.613289        0.000505
 16 NumDistPurchases_H11              0.420579        0.000607
 17 NumStorePurchases_H11             2.227378        0.000660
 18 NumWebPurchases_H11               1.837886        0.000542
 19 NumWebVisitsMonth_H11            -1.529469        0.000475
 20 RFMstat_H11                      -1.543446        0.000216
 21 RMntFrq_H11                      -0.697444        0.000410
 22 Recency_H11                       2.264185        0.000606
 23 Teenhome_H11                      2.062083     0.000008648
 24 AcceptedCmpTotal_H12             -1.269926       -0.000204
 25 Age_H12                           0.097993        0.000575
 26 Frq_H12                           0.641962        0.000191
 27 Income_H12                       -0.467238        0.001048
 28 Kidhome_H12                       0.843162       -0.000445
 29 Mnt_H12                           1.628642        0.000498
 30 MntFishProducts_H12               1.655649        0.000477
 31 MntFruits_H12                     1.209392    -0.000047669
 32 MntGoldProds_H12                 -1.126075        0.000986
 33 MntMeatProducts_H12              -4.174396        0.000195
 34 MntSweetProducts_H12              0.685900     0.000012869
 35 MntWines_H12                      4.430898        0.000541
 36 MonthsAsCustomer_H12              2.205253    -0.000061785
 37 NumCatalogPurchases_H12          -0.438682        0.000439
 38 NumDealsPurchases_H12            -1.517123        0.000202
 39 NumDistPurchases_H12              0.619252     0.000032381
 40 NumStorePurchases_H12             0.827687        0.000374
 41 NumWebPurchases_H12               0.960917       -0.000409
 42 NumWebVisitsMonth_H12            -1.646403       -0.001127
 43 RFMstat_H12                      -0.665051        0.000206
 44 RMntFrq_H12                       2.723834        0.000603
 45 Recency_H12                       1.454196       -0.000501
 46 Teenhome_H12                      0.542361        0.001341
 47 AcceptedCmpTotal_H13             -0.423530        0.000479
 48 Age_H13                          -2.617526    -0.000004919
 49 Frq_H13                          -0.146578       -0.001189
 50 Income_H13                       -1.096495       -0.001027
 51 Kidhome_H13                       0.544161        0.002241
 52 Mnt_H13                          -0.784592       -0.001193
 53 MntFishProducts_H13              -0.621663       -0.000784
 54 MntFruits_H13                    -0.451393       -0.000569
 55 MntGoldProds_H13                  0.147906       -0.001129
 56 MntMeatProducts_H13               0.614887       -0.001228
 57 MntSweetProducts_H13             -0.114287       -0.000582
 58 MntWines_H13                     -1.237916       -0.000912
 59 MonthsAsCustomer_H13             -0.832205        0.000194
 60 NumCatalogPurchases_H13           0.307864       -0.001666
 61 NumDealsPurchases_H13             1.443029        0.000812
 62 NumDistPurchases_H13              0.176506       -0.001272
 63 NumStorePurchases_H13            -0.868164       -0.000817
 64 NumWebPurchases_H13               0.108653       -0.000474
 65 NumWebVisitsMonth_H13            -0.606994        0.002227
 66 RFMstat_H13                       0.308339    -0.000037149
 67 RMntFrq_H13                      -0.855014       -0.001042
 68 Recency_H13                      -0.662053       -0.003368
 69 Teenhome_H13                      1.002851       -0.000349
 70 AcceptedCmpTotal_H14              3.298591        0.001551
 71 Age_H14                           0.589048        0.010535
 72 Frq_H14                          -0.110652       -0.007358
 73 Income_H14                        0.940893       -0.008137
 74 Kidhome_H14                       0.218526        0.008286
 75 Mnt_H14                           1.699718       -0.008894
 76 MntFishProducts_H14              -2.980450       -0.004721
 77 MntFruits_H14                    -1.246837       -0.008458
 78 MntGoldProds_H14                  0.670003       -0.004048
 79 MntMeatProducts_H14              11.982207       -0.006130
 80 MntSweetProducts_H14              0.375507       -0.008714
 81 MntWines_H14                     -4.061404       -0.008546
 82 MonthsAsCustomer_H14              0.231844        0.003111
 83 NumCatalogPurchases_H14           5.164597       -0.006373
 84 NumDealsPurchases_H14             2.581079       -0.000822
 85 NumDistPurchases_H14              0.705305       -0.006470
 86 NumStorePurchases_H14            -1.941872       -0.007035
 87 NumWebPurchases_H14              -3.936956       -0.004633
 88 NumWebVisitsMonth_H14             1.721504        0.007948
 89 RFMstat_H14                       4.362507       -0.001706
 90 RMntFrq_H14                      -1.264512       -0.010506
 91 Recency_H14                      -1.727249       -0.007661
 92 Teenhome_H14                     -0.405987        0.005603
 93 AcceptedCmpTotal_H15              1.310173       -0.000499
 94 Age_H15                           0.172934        0.001569
 95 Frq_H15                          -1.241188        0.000875
 96 Income_H15                        1.562408     0.000036100
 97 Kidhome_H15                      -2.468802        0.000669
 98 Mnt_H15                           0.691301       -0.000468
 99 MntFishProducts_H15               0.213268       -0.000710
100 MntFruits_H15                    -0.089204       -0.001706
101 MntGoldProds_H15                 -0.057420       -0.000487
102 MntMeatProducts_H15               2.424119        0.000264
103 MntSweetProducts_H15             -0.144567       -0.001044
104 MntWines_H15                     -0.305765       -0.000496
105 MonthsAsCustomer_H15              0.577060        0.000139
106 NumCatalogPurchases_H15           1.126867     0.000061698
107 NumDealsPurchases_H15             1.318598     0.000026941
108 NumDistPurchases_H15             -0.242424        0.001071
109 NumStorePurchases_H15            -2.750715        0.000410
110 NumWebPurchases_H15              -1.639270        0.001820
111 NumWebVisitsMonth_H15             3.671353    -0.000056371
112 RFMstat_H15                       0.101396        0.000608
113 RMntFrq_H15                      -2.455530       -0.002508
114 Recency_H15                      -2.801200       -0.000485
115 Teenhome_H15                     -1.153829       -0.000201
116 AcceptedCmpTotal_H16             -0.524214    -0.000072832
117 Age_H16                           1.338729     0.000011564
118 Frq_H16                           1.004600     0.000006629
119 Income_H16                        1.611882    -0.000012628
120 Kidhome_H16                      -0.729193     0.000058788
121 Mnt_H16                          -0.702468    -0.000049351
122 MntFishProducts_H16               0.380914    -0.000074779
123 MntFruits_H16                    -0.891136    -0.000070637
124 MntGoldProds_H16                 -0.216895    -0.000061233
125 MntMeatProducts_H16               0.049715    -0.000028315
126 MntSweetProducts_H16              0.263059    -0.000039739
127 MntWines_H16                     -1.601645    -0.000036027
128 MonthsAsCustomer_H16              0.140906     0.000010347
129 NumCatalogPurchases_H16           0.755239    -0.000044589
130 NumDealsPurchases_H16            -1.346851        0.000143
131 NumDistPurchases_H16              1.165101     0.000013025
132 NumStorePurchases_H16             0.396203    -0.000003833
133 NumWebPurchases_H16               1.442716     0.000070220
134 NumWebVisitsMonth_H16             0.598583     0.000095344
135 RFMstat_H16                      -0.304627    -0.000063067
136 RMntFrq_H16                      -1.139919    -0.000048253
137 Recency_H16                      -0.521404     0.000004691
138 Teenhome_H16                     -0.025262     0.000098743
139 AcceptedCmpTotal_H17              0.673418        0.000441
140 Age_H17                          -0.643756        0.001988
141 Frq_H17                           0.663981        0.000697
142 Income_H17                        2.834621       -0.001626
143 Kidhome_H17                      -2.076267        0.001057
144 Mnt_H17                          -0.440993       -0.001604
145 MntFishProducts_H17              -0.528912        0.000295
146 MntFruits_H17                    -0.447536       -0.003689
147 MntGoldProds_H17                 -0.336504       -0.000296
148 MntMeatProducts_H17               1.265844       -0.000178
149 MntSweetProducts_H17             -0.381286       -0.004737
150 MntWines_H17                     -1.566756       -0.001753
151 MonthsAsCustomer_H17             -0.265156       -0.002265
152 NumCatalogPurchases_H17           2.218731        0.000223
153 NumDealsPurchases_H17             1.289847        0.001055
154 NumDistPurchases_H17              1.067549        0.000973
155 NumStorePurchases_H17             0.242591        0.000156
156 NumWebPurchases_H17              -0.186617        0.001478
157 NumWebVisitsMonth_H17             3.266838       -0.000821
158 RFMstat_H17                      -0.193336        0.000632
159 RMntFrq_H17                       2.042778       -0.004210
160 Recency_H17                      -5.334118        0.000476
161 Teenhome_H17                     -2.048359        0.001669
162 AcceptedCmp10_H11                 0.460022       -0.000785
163 AcceptedCmp20_H11                -0.439368       -0.000599
164 AcceptedCmp30_H11                -0.124535       -0.000540
165 AcceptedCmp40_H11                -1.636792       -0.000647
166 AcceptedCmp50_H11                 2.577051       -0.000633
167 Complain0_H11                    -2.281788       -0.000310
168 HigherEducationBinary0_H11       -0.582513        0.000385
169 AcceptedCmp10_H12                 0.813717        0.000651
170 AcceptedCmp20_H12                 1.606078       -0.000840
171 AcceptedCmp30_H12                -0.251598       -0.001699
172 AcceptedCmp40_H12                -0.277923       -0.000741
173 AcceptedCmp50_H12                 1.934030       -0.000773
174 Complain0_H12                    -0.059970       -0.000837
175 HigherEducationBinary0_H12       -1.009253        0.000859
176 AcceptedCmp10_H13                -0.152541        0.001498
177 AcceptedCmp20_H13                -0.273932        0.001658
178 AcceptedCmp30_H13                -0.216272        0.000211
179 AcceptedCmp40_H13                -1.264199        0.001588
180 AcceptedCmp50_H13                -0.317407        0.001658
181 Complain0_H13                    -0.535936        0.001487
182 HigherEducationBinary0_H13       -0.096309       -0.001176
183 AcceptedCmp10_H14                -2.070484        0.005464
184 AcceptedCmp20_H14                 0.978108        0.005467
185 AcceptedCmp30_H14                 1.680584       -0.000113
186 AcceptedCmp40_H14                 1.651707        0.005365
187 AcceptedCmp50_H14                -1.075285        0.005655
188 Complain0_H14                    -1.305189        0.005080
189 HigherEducationBinary0_H14       -0.094167       -0.005214
190 AcceptedCmp10_H15                -0.307816        0.000244
191 AcceptedCmp20_H15                -0.712747        0.000210
192 AcceptedCmp30_H15                 0.121202        0.000469
193 AcceptedCmp40_H15                -0.397768     0.000093213
194 AcceptedCmp50_H15                -0.961853        0.000286
195 Complain0_H15                    -1.353385       -0.000897
196 HigherEducationBinary0_H15       -1.095429       -0.000272
197 AcceptedCmp10_H16                -0.055892     0.000071452
198 AcceptedCmp20_H16                -0.286394     0.000037658
199 AcceptedCmp30_H16                 0.180226     0.000036421
200 AcceptedCmp40_H16                -0.923841     0.000024877
201 AcceptedCmp50_H16                -0.984714     0.000091709
202 Complain0_H16                    -0.554563     0.000034786
203 HigherEducationBinary0_H16        1.312058    -0.000029482
204 AcceptedCmp10_H17                -1.005487       -0.001454
205 AcceptedCmp20_H17                -3.130798       -0.001377
206 AcceptedCmp30_H17                -1.927103       -0.001455
207 AcceptedCmp40_H17                -2.012063       -0.001455
208 AcceptedCmp50_H17                -0.246955       -0.001260
209 Complain0_H17                    -1.291601       -0.001495
210 HigherEducationBinary0_H17        0.648804        0.001355
211 Education2nCycle_H11             -0.136829        0.000158
212 EducationBasic_H11                1.480167        0.000263
213 EducationGraduation_H11           1.136184       -0.000226
214 EducationMaster_H11               1.603601        0.000525
215 Marital_StatusDivorced_H11        1.526321       -0.000132
216 Marital_StatusMarried_H11        -2.514277    -0.000039978
217 Marital_StatusSingle_H11          2.467679       -0.000322
218 Marital_StatusTogether_H11       -0.025086        0.000113
219 Education2nCycle_H12             -0.013824     0.000080592
220 EducationBasic_H12                0.839379     0.000063176
221 EducationGraduation_H12          -0.316353       -0.000448
222 EducationMaster_H12               2.644414       -0.000200
223 Marital_StatusDivorced_H12       -0.999320    -0.000006396
224 Marital_StatusMarried_H12         1.488940       -0.000628
225 Marital_StatusSingle_H12         -0.949752        0.000206
226 Marital_StatusTogether_H12        2.564276       -0.000123
227 Education2nCycle_H13              0.210748       -0.000307
228 EducationBasic_H13                0.649396       -0.000489
229 EducationGraduation_H13           0.402849        0.000152
230 EducationMaster_H13               0.705311       -0.000290
231 Marital_StatusDivorced_H13       -0.192093        0.000487
232 Marital_StatusMarried_H13         0.553161       -0.000226
233 Marital_StatusSingle_H13          0.452511        0.000661
234 Marital_StatusTogether_H13        0.305038        0.000600
235 Education2nCycle_H14             -0.570237       -0.000108
236 EducationBasic_H14                1.003422       -0.000201
237 EducationGraduation_H14          -0.164492        0.002968
238 EducationMaster_H14               0.941544        0.001719
239 Marital_StatusDivorced_H14       -1.065417        0.000558
240 Marital_StatusMarried_H14         0.267863       -0.000480
241 Marital_StatusSingle_H14          0.477739        0.003104
242 Marital_StatusTogether_H14        0.703493        0.002275
243 Education2nCycle_H15              1.038955       -0.000829
244 EducationBasic_H15               -1.552341       -0.000646
245 EducationGraduation_H15           1.249722       -0.000986
246 EducationMaster_H15              -0.705325       -0.000922
247 Marital_StatusDivorced_H15        3.304002        0.000166
248 Marital_StatusMarried_H15        -1.979750     0.000092076
249 Marital_StatusSingle_H15          0.927058       -0.000919
250 Marital_StatusTogether_H15       -1.774841        0.000687
251 Education2nCycle_H16              1.234801     0.000007094
252 EducationBasic_H16                0.557002     0.000003040
253 EducationGraduation_H16           0.509558     0.000038108
254 EducationMaster_H16               1.140068     0.000004531
255 Marital_StatusDivorced_H16       -0.007961    -0.000021566
256 Marital_StatusMarried_H16        -1.953757    -0.000034759
257 Marital_StatusSingle_H16          1.082337    -0.000024697
258 Marital_StatusTogether_H16       -0.542105    -0.000028928
259 Education2nCycle_H17             -1.489511       -0.000441
260 EducationBasic_H17                0.826195       -0.000386
261 EducationGraduation_H17          -1.351478       -0.002123
262 EducationMaster_H17               0.422379       -0.000446
263 Marital_StatusDivorced_H17        0.826637     0.000012464
264 Marital_StatusMarried_H17        -3.955647     0.000061406
265 Marital_StatusSingle_H17          4.094769       -0.001519
266 Marital_StatusTogether_H17       -3.278138        0.000252
267 BIAS_H11                         -0.852681       -0.000599
268 BIAS_H12                         -0.120225       -0.000840
269 BIAS_H13                         -1.369455        0.001658
270 BIAS_H14                          1.963964        0.005466
271 BIAS_H15                         -0.408923        0.000145
272 BIAS_H16                         -2.346784     0.000037660
273 BIAS_H17                         -3.163991       -0.001465
274 H11_DepVar1                      -9.258282       -0.000747
275 H12_DepVar1                      -7.716352       -0.000915
276 H13_DepVar1                       4.523167     0.000012881
277 H14_DepVar1                      13.965396       -0.000675
278 H15_DepVar1                      10.168906        0.001099
279 H16_DepVar1                       4.313031       -0.001113
280 H17_DepVar1                      11.713370       -0.001116
281 BIAS_DepVar1                     -2.543899        0.001070

Value of Objective Function = 0.0199201336

