MPRINT(EM_DIAGRAM):    data _null_;
MPRINT(EM_DIAGRAM):   call symput('NLDATE', strip(put(date(), NLDATE.)));
MPRINT(EM_DIAGRAM):   call symput('NLTIME', strip(put(datetime(), NLTIME.)));
MPRINT(EM_DIAGRAM):   run;
MPRINT(EM_DIAGRAM):   data _null_;
MPRINT(EM_DIAGRAM):   nldate= sasmsg("sashelp.dmine", "log_date_note", 'N', "28. April 2016" );
MPRINT(EM_DIAGRAM):   nltime= sasmsg("sashelp.dmine", "log_time_note", 'N', "19.52 Uhr" );
MPRINT(EM_DIAGRAM):   put "*------------------------------------------------------------*";
MPRINT(EM_DIAGRAM):   put "* Training Log";
MPRINT(EM_DIAGRAM):   put nldate;
MPRINT(EM_DIAGRAM):   put nltime;
MPRINT(EM_DIAGRAM):   put "*------------------------------------------------------------*";
MPRINT(EM_DIAGRAM):   run;
*------------------------------------------------------------*
* Training Log
Date:                28. April 2016
Time:                19.52 Uhr
*------------------------------------------------------------*
MPRINT(EM_DIAGRAM):    filename O057FN1L 
"C:\\predictive-models-project\Workspaces\EMWS8\DMNeural3\EMTRAIN.out" encoding="UTF-8" NOBOM;
MPRINT(EM_DIAGRAM):   proc printto print=O057FN1L new;
MPRINT(EM_DIAGRAM):   run;
MPRINT(EM_DIAGRAM):    filename _LOG 
"C:\\predictive-models-project\Workspaces\EMWS8\DMNeural3\EMLOG.log" encoding="UTF-8" NOBOM;
MPRINT(EM_DIAGRAM):    data _null_;
MPRINT(EM_DIAGRAM):   call symput('NLDATE', strip(put(date(), NLDATE.)));
MPRINT(EM_DIAGRAM):   call symput('NLTIME', strip(put(datetime(), NLTIME.)));
MPRINT(EM_DIAGRAM):   run;
MPRINT(EM_DIAGRAM):   data _null_;
MPRINT(EM_DIAGRAM):   nldate= sasmsg("sashelp.dmine", "log_date_note", 'N', "28. April 2016" );
MPRINT(EM_DIAGRAM):   nltime= sasmsg("sashelp.dmine", "log_time_note", 'N', "19.52 Uhr" );
MPRINT(EM_DIAGRAM):   file _LOG;
MPRINT(EM_DIAGRAM):   put "*------------------------------------------------------------*";
MPRINT(EM_DIAGRAM):   put "User:                Lukas Fahr";
MPRINT(EM_DIAGRAM):   put nldate;
MPRINT(EM_DIAGRAM):   put nltime;
MPRINT(EM_DIAGRAM):   put "Site:                70107571";
MPRINT(EM_DIAGRAM):   put "Platform:            X64_7PRO";
MPRINT(EM_DIAGRAM):   put "Maintenance Release: 9.03.01M2P081512";
MPRINT(EM_DIAGRAM):   put "EM Version:          12.1";
MPRINT(EM_DIAGRAM):   put "* ";
MPRINT(EM_DIAGRAM):   run;
MPRINT(EM_DIAGRAM):    filename _LOGIN 
"C:\\predictive-models-project\Workspaces\EMWS8\DMNeural3\EMTRAIN.log" encoding="UTF-8" NOBOM;
MPRINT(EM_COPYFILE):   data _null_;
MPRINT(EM_COPYFILE):   length line $20000;
MPRINT(EM_COPYFILE):   file _LOG MOD lrecl=20000;
MPRINT(EM_COPYFILE):   fid=fopen("_LOGIN",'i',20000,'v');
MPRINT(EM_COPYFILE):   if fid > 0 then do;
MPRINT(EM_COPYFILE):   do while(^fread(fid));
MPRINT(EM_COPYFILE):   rlen = frlen(fid);
MPRINT(EM_COPYFILE):   rc= fget(fid,line,20000);
MPRINT(EM_COPYFILE):   start = length(line)-length(left(line))+1;
MPRINT(EM_COPYFILE):   line=strip(line);
MPRINT(EM_COPYFILE):   put @start line;
MPRINT(EM_COPYFILE):   end;
MPRINT(EM_COPYFILE):   if fid > 0 then rc=fclose(fid);
MPRINT(EM_COPYFILE):   end;
MPRINT(EM_COPYFILE):   run;
MPRINT(EM_DIAGRAM):  ;
MPRINT(EM_DIAGRAM):   filename _LOGIN;
MPRINT(EM_DIAGRAM):    data _null_;
MPRINT(EM_DIAGRAM):   file _LOG mod;
MPRINT(EM_DIAGRAM):   put _page_;
MPRINT(EM_DIAGRAM):   run;
MPRINT(EM_DIAGRAM):   filename _LOGIN 
"C:\\predictive-models-project\Workspaces\EMWS8\DMNeural3\EMSCORE.log" encoding="UTF-8" NOBOM;
MPRINT(EM_DIAGRAM):  ;
MPRINT(EM_DIAGRAM):   data _null_;
MPRINT(EM_DIAGRAM):   file _LOG mod;
MPRINT(EM_DIAGRAM):   put _page_;
MPRINT(EM_DIAGRAM):   run;
MPRINT(EM_DIAGRAM):    filename _LOGIN 
"C:\\predictive-models-project\Workspaces\EMWS8\DMNeural3\EMREPORT.log" encoding="UTF-8" NOBOM;
MPRINT(EM_DIAGRAM):  ;
MPRINT(EM_DIAGRAM):   filename _LOGIN;
MPRINT(EM_DIAGRAM):    filename _LOG;
MPRINT(EM_DIAGRAM):    filename _OUT 
"C:\\predictive-models-project\Workspaces\EMWS8\DMNeural3\EMOUTPUT.out" encoding="UTF-8" NOBOM;
MPRINT(EM_DIAGRAM):    data _null_;
MPRINT(EM_DIAGRAM):   call symput('NLDATE', strip(put(date(), NLDATE.)));
MPRINT(EM_DIAGRAM):   call symput('NLTIME', strip(put(datetime(), NLTIME.)));
MPRINT(EM_DIAGRAM):   run;
MPRINT(EM_DIAGRAM):   data _null_;
MPRINT(EM_DIAGRAM):   nldate= sasmsg("sashelp.dmine", "log_date_note", 'N', "28. April 2016" );
MPRINT(EM_DIAGRAM):   nltime= sasmsg("sashelp.dmine", "log_time_note", 'N', "19.52 Uhr" );
MPRINT(EM_DIAGRAM):   file _OUT;
MPRINT(EM_DIAGRAM):   put "*------------------------------------------------------------*";
MPRINT(EM_DIAGRAM):   put "User:                Lukas Fahr";
MPRINT(EM_DIAGRAM):   put nldate;
MPRINT(EM_DIAGRAM):   put nltime;
MPRINT(EM_DIAGRAM):   put "*------------------------------------------------------------*";
MPRINT(EM_DIAGRAM):   put "* Training Output";
MPRINT(EM_DIAGRAM):   put "*------------------------------------------------------------*";
MPRINT(EM_DIAGRAM):   run;
MPRINT(EM_DIAGRAM):    filename _OUTIN 
"C:\\predictive-models-project\Workspaces\EMWS8\DMNeural3\EMTRAIN.out" encoding="UTF-8" NOBOM;
MPRINT(EM_DIAGRAM):   ;
MPRINT(EM_COPYFILE):   data _null_;
MPRINT(EM_COPYFILE):   length line $20000;
MPRINT(EM_COPYFILE):   file _OUT MOD lrecl=20000;
MPRINT(EM_COPYFILE):   fid=fopen("_OUTIN",'i',20000,'v');
MPRINT(EM_COPYFILE):   if fid > 0 then do;
MPRINT(EM_COPYFILE):   do while(^fread(fid));
MPRINT(EM_COPYFILE):   rlen = frlen(fid);
MPRINT(EM_COPYFILE):   rc= fget(fid,line,20000);
MPRINT(EM_COPYFILE):   start = length(line)-length(left(line))+1;
MPRINT(EM_COPYFILE):   line=strip(line);
MPRINT(EM_COPYFILE):   put @start line;
MPRINT(EM_COPYFILE):   end;
MPRINT(EM_COPYFILE):   if fid > 0 then rc=fclose(fid);
MPRINT(EM_COPYFILE):   end;
MPRINT(EM_COPYFILE):   run;
MPRINT(EM_DIAGRAM):  ;
MPRINT(EM_DIAGRAM):   filename _OUTIN;
MPRINT(EM_DIAGRAM):    data _null_;
MPRINT(EM_DIAGRAM):   file _OUT mod;
MPRINT(EM_DIAGRAM):   put _page_;
MPRINT(EM_DIAGRAM):   put // "*------------------------------------------------------------*";
MPRINT(EM_DIAGRAM):   put "* Score Output";
MPRINT(EM_DIAGRAM):   put "*------------------------------------------------------------*";
MPRINT(EM_DIAGRAM):   run;
MPRINT(EM_DIAGRAM):    filename _OUTIN 
"C:\\predictive-models-project\Workspaces\EMWS8\DMNeural3\EMSCORE.out" encoding="UTF-8" NOBOM;
MPRINT(EM_DIAGRAM):  ;
MPRINT(EM_DIAGRAM):   filename _OUTIN;
MPRINT(EM_DIAGRAM):    data _null_;
MPRINT(EM_DIAGRAM):   file _OUT mod;
MPRINT(EM_DIAGRAM):   put _page_;
MPRINT(EM_DIAGRAM):   put // "*------------------------------------------------------------*";
MPRINT(EM_DIAGRAM):   put "* Report Output";
MPRINT(EM_DIAGRAM):   put "*------------------------------------------------------------*";
MPRINT(EM_DIAGRAM):   run;
MPRINT(EM_DIAGRAM):    filename _OUTIN 
"C:\\predictive-models-project\Workspaces\EMWS8\DMNeural3\EMREPORT.out" encoding="UTF-8" NOBOM;
MPRINT(EM_DIAGRAM):  ;
MPRINT(EM_DIAGRAM):   filename _OUTIN;
MPRINT(EM_DIAGRAM):    filename _OUT;
MPRINT(EM_DIAGRAM):    filename _emtool_ 
'C:\\predictive-models-project\Workspaces\EMWS8\DMNeural3\EMRUNSTATUS.xml' encoding="UTF-8" 
NOBOM;
724960     proc freq data=EMWS8.DMNeural3_VariableSet noprint;
MPRINT(EM_DIAGRAM):    proc freq data=EMWS8.DMNeural3_VariableSet noprint;
724961     table ROLE*LEVEL/out=WORK.DMNeural3META;
MPRINT(EM_DIAGRAM):   table ROLE*LEVEL/out=WORK.DMNeural3META;
724962     run;
MPRINT(EM_DIAGRAM):   run;

NOTE: There were 34 observations read from the data set EMWS8.DMNEURAL3_VARIABLESET.
NOTE: The data set WORK.DMNEURAL3META has 6 observations and 4 variables.
NOTE: PROCEDURE FREQ used (Total process time):
      real time           0.01 seconds
      cpu time            0.01 seconds
      

724963     proc print data=WORK.DMNeural3META label noobs;
MPRINT(EM_DIAGRAM):   proc print data=WORK.DMNeural3META label noobs;
724964     var ROLE LEVEL COUNT;
MPRINT(EM_DIAGRAM):   var ROLE LEVEL COUNT;
724965     label ROLE = "%sysfunc(sasmsg(sashelp.dmine, meta_role_vlabel, NOQUOTE))" LEVEL =
724965   ! "%sysfunc(sasmsg(sashelp.dmine, meta_level_vlabel, NOQUOTE))" COUNT =
724965   ! "%sysfunc(sasmsg(sashelp.dmine, rpt_count_vlabel, NOQUOTE))";
MPRINT(EM_DIAGRAM):   label ROLE = "Role" LEVEL = "Measurement Level" COUNT = "Frequency 
Count";
724966     title9 ' ';
MPRINT(EM_DIAGRAM):   title9 ' ';
724967     title10 "%sysfunc(sasmsg(sashelp.dmine, rpt_varSummary_title  , NOQUOTE))";
MPRINT(EM_DIAGRAM):   title10 "Variable Summary";
MPRINT(EM_DIAGRAM):   run;
724968     run;

NOTE: There were 6 observations read from the data set WORK.DMNEURAL3META.
NOTE: The PROCEDURE PRINT printed page 530.
NOTE: PROCEDURE PRINT used (Total process time):
      real time           0.00 seconds
      cpu time            0.00 seconds
      

724969     title10;
MPRINT(EM_DIAGRAM):   title10;
724970     %let EMNORLEN = %DMNORLEN;
MPRINT(EM_DIAGRAM):   
EMWS8.Meta3_TRAIN EMWS8.Meta3_TRAIN 
EMWS8.Meta3_TRAIN EMWS8.Meta3_TRAIN EMWS8 Meta3_TRAIN 
EMWS8.Meta3_TRAIN EMWS8.Meta3_TRAIN 
EMWS8.Meta3_TRAIN EMWS8.Meta3_TRAIN EMWS8 Meta3_TRAIN 
MPRINT(EM_DIAGRAM):    proc dmdb data=EMWS8.Meta3_TRAIN 
classout=WORK._DMDBCLASSTARGET(keep=NAME NRAW CRAW LEVEL FREQUENCY NMISSPERCENT);
MPRINT(EM_DIAGRAM):   class DepVar(DESC) ;
MPRINT(EM_DIAGRAM):   run;
Executing  SASHELP.EMCORE.EMINFOITERATOR.SCL _INIT >> 
Executing  SASHELP.EMCORE.EMINFOITERATOR.SCL setMetaData >> 
Executing  SASHELP.EMCORE.EMINFOITERATOR.SCL next >> 
Executing  SASHELP.EMCORE.EMINFOITERATOR.SCL setMetaData >> 
Executing  SASHELP.EMCORE.EMINFOITERATOR.SCL next >> 
Executing  SASHELP.EMCORE.EMINFOITERATOR.SCL _term >> 
MPRINT(EM_DIAGRAM):    data _null_;
MPRINT(EM_DIAGRAM):   set WORK._DMDBCLASSTARGET;
MPRINT(EM_DIAGRAM):   where ^(NRAW eq . and CRAW eq '') and NAME="DepVar";
MPRINT(EM_DIAGRAM):   if _N_=1 then call symput('_newevent', strip(LEVEL));
MPRINT(EM_DIAGRAM):   run;
MPRINT(EM_DIAGRAM):   proc sort data=WORK._DMDBCLASSTARGET out=_TEMPCLASS(keep=LEVEL FREQUENCY 
NMISSPERCENT rename=(LEVEL=DepVar));
MPRINT(EM_DIAGRAM):   by LEVEL;
MPRINT(EM_DIAGRAM):   where ^(NRAW eq . and CRAW eq '') and NAME="DepVar";
MPRINT(EM_DIAGRAM):   run;
MPRINT(EM_DIAGRAM):   data _TEMPCLASS;
MPRINT(EM_DIAGRAM):   set _TEMPCLASS;
MPRINT(EM_DIAGRAM):   NMISSPERCENT= NMISSPERCENT/100;
MPRINT(EM_DIAGRAM):   run;
MPRINT(EM_DIAGRAM):    data _sortedDecData;
MPRINT(EM_DIAGRAM):   set EMWS8.DMNeural3_DepVar_DD;
MPRINT(EM_DIAGRAM):   _levelorder_=_N_;
MPRINT(EM_DIAGRAM):   run;
MPRINT(EM_DIAGRAM):   proc sort data=_sortedDecdata;
MPRINT(EM_DIAGRAM):   by DepVar;
MPRINT(EM_DIAGRAM):   run;
MPRINT(EM_DIAGRAM):   data _null_;
MPRINT(EM_DIAGRAM):   merge _TEMPCLASS(in=_a) _sortedDecdata(in=_b);
MPRINT(EM_DIAGRAM):   by DepVar;
MPRINT(EM_DIAGRAM):   if (_a and ^_b) or (^_a and _b) then call symput('_emresetDec', '1');
MPRINT(EM_DIAGRAM):   run;
MPRINT(EM_DIAGRAM):    data EMWS8.DMNeural3_DepVar_DD;
MPRINT(EM_DIAGRAM):   set EMWS8.DMNeural3_DepVar_DD;
MPRINT(EM_DIAGRAM):   _levelorder_=_N_;
MPRINT(EM_DIAGRAM):   run;
MPRINT(EM_DIAGRAM):   proc sort data=EMWS8.DMNeural3_DepVar_DD;
MPRINT(EM_DIAGRAM):   by DepVar;
MPRINT(EM_DIAGRAM):   run;
MPRINT(EM_DIAGRAM):   data EMWS8.DMNeural3_DepVar_DD;
MPRINT(EM_DIAGRAM):   merge EMWS8.DMNeural3_DepVar_DD 
_TEMPCLASS(rename=(NMISSPERCENT=TRAINPRIOR FREQUENCY=COUNT));
MPRINT(EM_DIAGRAM):   by DepVar;
MPRINT(EM_DIAGRAM):   run;
MPRINT(EM_DIAGRAM):   proc sort data=EMWS8.DMNeural3_DepVar_DD 
out=EMWS8.DMNeural3_DepVar_DD(drop=_levelorder_);
MPRINT(EM_DIAGRAM):   by _levelorder_;
MPRINT(EM_DIAGRAM):   run;
725017     data WORK.DMNeural3_EVENT(KEEP=VARIABLE LABEL LEVEL EVENT NUMLEVELS ORDER);
MPRINT(EM_DIAGRAM):    data WORK.DMNeural3_EVENT(KEEP=VARIABLE LABEL LEVEL EVENT NUMLEVELS 
ORDER);
725018     length ORDER $20;
MPRINT(EM_DIAGRAM):   length ORDER $20;
725019     label VARIABLE = "%sysfunc(sasmsg(sashelp.dmine, rpt_target_vlabel,  NOQUOTE))"
725019   ! EVENT = "%sysfunc(sasmsg(sashelp.dmine, assmt_event_vlabel, NOQUOTE))" NUMLEVELS =
725019   ! "%sysfunc(sasmsg(sashelp.dmine, rpt_numcat_vlabel, NOQUOTE))" LEVEL =
725020        "%sysfunc(sasmsg(sashelp.dmine, meta_level_vlabel, NOQUOTE))" ORDER =
725020   ! "%sysfunc(sasmsg(sashelp.dmine, meta_order_vlabel, NOQUOTE))" LABEL =
725020   ! "%sysfunc(sasmsg(sashelp.dmine, meta_label_vlabel, NOQUOTE))";
MPRINT(EM_DIAGRAM):   label VARIABLE = "Target" EVENT = "Event" NUMLEVELS = "Number of Levels" 
LEVEL = "Measurement Level" ORDER = "Order" LABEL = "Label";
725021     set EMWS8.DMNEURAL3_DEPVAR_DM( where=(_TYPE_="TARGET"));
MPRINT(EM_DIAGRAM):   set EMWS8.DMNEURAL3_DEPVAR_DM( where=(_TYPE_="TARGET"));
725022     NumLevels=2;
MPRINT(EM_DIAGRAM):   NumLevels=2;
725023     select(upcase(ORDER));
MPRINT(EM_DIAGRAM):   select(upcase(ORDER));
725024     when('DESC') ORDER = 'Descending';
MPRINT(EM_DIAGRAM):   when('DESC') ORDER = 'Descending';
725025     when('ASC') ORDER = 'Ascending';
MPRINT(EM_DIAGRAM):   when('ASC') ORDER = 'Ascending';
725026     when('FMTDESC') ORDER = 'Formatted Descending';
MPRINT(EM_DIAGRAM):   when('FMTDESC') ORDER = 'Formatted Descending';
725027     when('FMTASC') ORDER = 'Formatted Ascending';
MPRINT(EM_DIAGRAM):   when('FMTASC') ORDER = 'Formatted Ascending';
725028     otherwise ORDER = 'Descending';
MPRINT(EM_DIAGRAM):   otherwise ORDER = 'Descending';
725029     end;
MPRINT(EM_DIAGRAM):   end;
725030     output;
MPRINT(EM_DIAGRAM):   output;
725031     run;
MPRINT(EM_DIAGRAM):   run;

NOTE: There were 1 observations read from the data set EMWS8.DMNEURAL3_DEPVAR_DM.
      WHERE _TYPE_='TARGET';
NOTE: The data set WORK.DMNEURAL3_EVENT has 1 observations and 6 variables.
NOTE: DATA statement used (Total process time):
      real time           0.01 seconds
      cpu time            0.01 seconds
      

725032     title9 ' ';
MPRINT(EM_DIAGRAM):   title9 ' ';
725033     proc print data=WORK.DMNeural3_EVENT noobs label;
MPRINT(EM_DIAGRAM):   proc print data=WORK.DMNeural3_EVENT noobs label;
725034     var VARIABLE EVENT LEVEL NUMLEVELS ORDER LABEL;
MPRINT(EM_DIAGRAM):   var VARIABLE EVENT LEVEL NUMLEVELS ORDER LABEL;
725035     title9 ' ';
MPRINT(EM_DIAGRAM):   title9 ' ';
725036     title10 "%sysfunc(sasmsg(sashelp.dmine, rpt_modelEvent_title  , NOQUOTE))";
MPRINT(EM_DIAGRAM):   title10 "Model Events";
MPRINT(EM_DIAGRAM):   run;
725037     run;

NOTE: There were 1 observations read from the data set WORK.DMNEURAL3_EVENT.
NOTE: The PROCEDURE PRINT printed page 531.
NOTE: PROCEDURE PRINT used (Total process time):
      real time           0.00 seconds
      cpu time            0.00 seconds
      

725038     title10;
MPRINT(EM_DIAGRAM):   title10;
"No decisions defined for target "DepVar"." 
725039     proc print data = EMWS8.DMNeural3_DepVar_DM noobs label;
MPRINT(EM_DIAGRAM):    proc print data = EMWS8.DMNeural3_DepVar_DM noobs label;
725040     var _type_ variable label;
MPRINT(EM_DIAGRAM):   var _type_ variable label;
725041     where _type_ ^in('MATRIX', 'DECISION', 'TRAINPRIOR', 'DATAPRIOR', 'DECPRIOR');
MPRINT(EM_DIAGRAM):   where _type_ ^in('MATRIX', 'DECISION', 'TRAINPRIOR', 'DATAPRIOR', 
'DECPRIOR');
725042     label _TYPE_ = "%sysfunc(sasmsg(sashelp.dmine, rpt_type_vlabel,     NOQUOTE))"
725042   ! VARIABLE = "%sysfunc(sasmsg(sashelp.dmine, rpt_variable_vlabel, NOQUOTE))" LABEL =
725042   ! "%sysfunc(sasmsg(sashelp.dmine, meta_label_vlabel, NOQUOTE))";
MPRINT(EM_DIAGRAM):   label _TYPE_ = "Type" VARIABLE = "Variable" LABEL = "Label";
725043     title9 ' ';
MPRINT(EM_DIAGRAM):   title9 ' ';
725044     title10 "%sysfunc(sasmsg(sashelp.dmine, rpt_predDecVars_title  , NOQUOTE))";
MPRINT(EM_DIAGRAM):   title10 "Predicted and decision variables";
MPRINT(EM_DIAGRAM):   run;
725045     run;

NOTE: There were 7 observations read from the data set EMWS8.DMNEURAL3_DEPVAR_DM.
      WHERE _type_ not in ('DATAPRIOR', 'DECISION', 'DECPRIOR', 'MATRIX', 'TRAINPRIOR');
NOTE: The PROCEDURE PRINT printed page 532.
NOTE: PROCEDURE PRINT used (Total process time):
      real time           0.00 seconds
      cpu time            0.00 seconds
      

725046     title10;
MPRINT(EM_DIAGRAM):   title10;
725047     data WORK.M2ZK0LB7;
MPRINT(EM_DIAGRAM):    data WORK.M2ZK0LB7;
725048     set WORK.M2ZK0LB7;
MPRINT(EM_DIAGRAM):   set WORK.M2ZK0LB7;
725049     if role = 'TARGET' and use = 'Y' then do;
MPRINT(EM_DIAGRAM):   if role = 'TARGET' and use = 'Y' then do;
725050     role = 'TARGET';
MPRINT(EM_DIAGRAM):   role = 'TARGET';
725051     output;
MPRINT(EM_DIAGRAM):   output;
725052     end;
MPRINT(EM_DIAGRAM):   end;
725053     if role = 'INPUT' and use in ('Y','D') then do;
MPRINT(EM_DIAGRAM):   if role = 'INPUT' and use in ('Y','D') then do;
725054     role = 'INPUT';
MPRINT(EM_DIAGRAM):   role = 'INPUT';
725055     output;
MPRINT(EM_DIAGRAM):   output;
725056     end;
MPRINT(EM_DIAGRAM):   end;
725057     if role = 'REJECTED' and use = 'Y' then do;
MPRINT(EM_DIAGRAM):   if role = 'REJECTED' and use = 'Y' then do;
725058     role = 'INPUT';
MPRINT(EM_DIAGRAM):   role = 'INPUT';
725059     output;
MPRINT(EM_DIAGRAM):   output;
725060     end;
MPRINT(EM_DIAGRAM):   end;
725061     if role = 'FREQ' then do;
MPRINT(EM_DIAGRAM):   if role = 'FREQ' then do;
725062     role = 'FREQ';
MPRINT(EM_DIAGRAM):   role = 'FREQ';
725063     output;
MPRINT(EM_DIAGRAM):   output;
725064     end;
MPRINT(EM_DIAGRAM):   end;
725065     run;
MPRINT(EM_DIAGRAM):   run;

NOTE: There were 34 observations read from the data set WORK.M2ZK0LB7.
NOTE: The data set WORK.M2ZK0LB7 has 10 observations and 21 variables.
NOTE: DATA statement used (Total process time):
      real time           0.00 seconds
      cpu time            0.00 seconds
      

725066     data WORK.M2ZK0LB7;
MPRINT(EM_DIAGRAM):    data WORK.M2ZK0LB7;
725067     set WORK.M2ZK0LB7 end=eof;
MPRINT(EM_DIAGRAM):   set WORK.M2ZK0LB7 end=eof;
725068     output;
MPRINT(EM_DIAGRAM):   output;
725069     if eof then do;
MPRINT(EM_DIAGRAM):   if eof then do;
725070     NAME="";
MPRINT(EM_DIAGRAM):   NAME="";
725071     ROLE="COST";
MPRINT(EM_DIAGRAM):   ROLE="COST";
725072     LEVEL="INTERVAL";
MPRINT(EM_DIAGRAM):   LEVEL="INTERVAL";
725073     TYPE="N";
MPRINT(EM_DIAGRAM):   TYPE="N";
725074     output;
MPRINT(EM_DIAGRAM):   output;
725075     end;
MPRINT(EM_DIAGRAM):   end;
725076     run;
MPRINT(EM_DIAGRAM):   run;

NOTE: There were 10 observations read from the data set WORK.M2ZK0LB7.
NOTE: The data set WORK.M2ZK0LB7 has 11 observations and 21 variables.
NOTE: DATA statement used (Total process time):
      real time           0.00 seconds
      cpu time            0.00 seconds
      

NOTE: There were 2 observations read from the data set EMWS8.DMNEURAL3_DEPVAR_DD.
NOTE: The data set WORK.DEPVAR has 2 observations and 7 variables.
725077     *------------------------------------------------------------*;
MPRINT(EM_DIAGRAM):    *------------------------------------------------------------*;
725078     * DMNeural3: Create decision matrix;
MPRINT(EM_DIAGRAM):   * DMNeural3: Create decision matrix;
725079     *------------------------------------------------------------*;
MPRINT(EM_DIAGRAM):   *------------------------------------------------------------*;
725080     data WORK.DepVar;
MPRINT(EM_DIAGRAM):   data WORK.DepVar;
725081       length   DepVar                           $  32
725082                COUNT                                8
725083                DATAPRIOR                            8
725084                TRAINPRIOR                           8
725085                DECPRIOR                             8
725086                DECISION1                            8
725087                DECISION2                            8
725088                ;
MPRINT(EM_DIAGRAM):   length DepVar $ 32 COUNT 8 DATAPRIOR 8 TRAINPRIOR 8 DECPRIOR 8 DECISION1 
8 DECISION2 8 ;
725089     
725090       label    COUNT="Level Counts"
725091                DATAPRIOR="Data Proportions"
725092                TRAINPRIOR="Training Proportions"
725093                DECPRIOR="Decision Priors"
725094                DECISION1="1"
725095                DECISION2="0"
725096                ;
MPRINT(EM_DIAGRAM):   label COUNT= "Level Counts" DATAPRIOR= "Data Proportions" TRAINPRIOR= 
"Training Proportions" DECPRIOR= "Decision Priors" DECISION1= "1" DECISION2= "0" ;
725097       format   COUNT 10.
725098                ;
MPRINT(EM_DIAGRAM):   format COUNT 10. ;
725099     DepVar="1"; COUNT=359; DATAPRIOR=0.151221567; TRAINPRIOR=0.15122156697556;
725099   ! DECPRIOR=.; DECISION1=1; DECISION2=0;
MPRINT(EM_DIAGRAM):   DepVar="1";
MPRINT(EM_DIAGRAM):   COUNT=359;
MPRINT(EM_DIAGRAM):   DATAPRIOR=0.151221567;
MPRINT(EM_DIAGRAM):   TRAINPRIOR=0.15122156697556;
MPRINT(EM_DIAGRAM):   DECPRIOR=.;
MPRINT(EM_DIAGRAM):   DECISION1=1;
MPRINT(EM_DIAGRAM):   DECISION2=0;
725100     output;
MPRINT(EM_DIAGRAM):   output;
725101     DepVar="0"; COUNT=2015; DATAPRIOR=0.848778433; TRAINPRIOR=0.84877843302443;
725101   ! DECPRIOR=.; DECISION1=0; DECISION2=1;
MPRINT(EM_DIAGRAM):   DepVar="0";
MPRINT(EM_DIAGRAM):   COUNT=2015;
MPRINT(EM_DIAGRAM):   DATAPRIOR=0.848778433;
MPRINT(EM_DIAGRAM):   TRAINPRIOR=0.84877843302443;
MPRINT(EM_DIAGRAM):   DECPRIOR=.;
MPRINT(EM_DIAGRAM):   DECISION1=0;
MPRINT(EM_DIAGRAM):   DECISION2=1;
725102     output;
MPRINT(EM_DIAGRAM):   output;
725103     ;
MPRINT(EM_DIAGRAM):   ;
725104     run;
MPRINT(EM_DIAGRAM):   run;

NOTE: The data set WORK.DEPVAR has 2 observations and 7 variables.
NOTE: DATA statement used (Total process time):
      real time           0.00 seconds
      cpu time            0.00 seconds
      

725105     proc datasets lib=work nolist;
MPRINT(EM_DIAGRAM):   proc datasets lib=work nolist;
725106     modify DepVar(type=PROFIT label=DepVar);
MPRINT(EM_DIAGRAM):   modify DepVar(type=PROFIT label= DepVar);
MPRINT(EM_DIAGRAM):   label DECISION1= '1';
MPRINT(EM_DIAGRAM):   label DECISION2= '0';
MPRINT(EM_DIAGRAM):   run;
725107     label DECISION1= '1';
725108     label DECISION2= '0';
725109     run;

NOTE: MODIFY was successful for WORK.DEPVAR.DATA.
725110     quit;
MPRINT(EM_DIAGRAM):   quit;

NOTE: PROCEDURE DATASETS used (Total process time):
      real time           0.03 seconds
      cpu time            0.03 seconds
      

MPRINT(EM_DIAGRAM):   *------------------------------------------------------------* ;
MPRINT(EM_DIAGRAM):   * DMNeural3: DMDBClass Macro ;
MPRINT(EM_DIAGRAM):   *------------------------------------------------------------* ;
725111     *------------------------------------------------------------* ;
725112     * DMNeural3: DMDBClass Macro ;
725113     *------------------------------------------------------------* ;
725114     %macro DMDBClass;
725115         DepVar(DESC) Marital_Status(ASC)
725116     %mend DMDBClass;
725117     *------------------------------------------------------------* ;
MPRINT(EM_DIAGRAM):   *------------------------------------------------------------* ;
725118     * DMNeural3: DMDBVar Macro ;
MPRINT(EM_DIAGRAM):   * DMNeural3: DMDBVar Macro ;
725119     *------------------------------------------------------------* ;
MPRINT(EM_DIAGRAM):   *------------------------------------------------------------* ;
725120     %macro DMDBVar;
725121         AcceptedCmpTotal Frq Mnt MntMeatProducts NumCatalogPurchases NumDealsPurchases
725122        NumWebVisitsMonth Recency
725123     %mend DMDBVar;
725124     *------------------------------------------------------------*;
MPRINT(EM_DIAGRAM):   *------------------------------------------------------------*;
725125     * DMNeural3: Create DMDB;
MPRINT(EM_DIAGRAM):   * DMNeural3: Create DMDB;
725126     *------------------------------------------------------------*;
MPRINT(EM_DIAGRAM):   *------------------------------------------------------------*;
725127     proc dmdb batch data=EMWS8.Meta3_TRAIN
725128     dmdbcat=WORK.DMNeural3_DMDB
725129     maxlevel = 513
725130     ;
MPRINT(EM_DIAGRAM):   proc dmdb batch data=EMWS8.Meta3_TRAIN dmdbcat=WORK.DMNeural3_DMDB 
maxlevel = 513 ;
MPRINT(EM_DIAGRAM):   class
725131     class %DMDBClass;
MPRINT(DMDBCLASS):   DepVar(DESC) Marital_Status(ASC)
MPRINT(EM_DIAGRAM):  ;
MPRINT(EM_DIAGRAM):   var
725132     var %DMDBVar;
MPRINT(DMDBVAR):   AcceptedCmpTotal Frq Mnt MntMeatProducts NumCatalogPurchases 
NumDealsPurchases NumWebVisitsMonth Recency
MPRINT(EM_DIAGRAM):  ;
725133     target
725134     DepVar
725135     ;
MPRINT(EM_DIAGRAM):   target DepVar ;
725136     run;
MPRINT(EM_DIAGRAM):   run;

NOTE: Records processed = 2374   Memory used = 511K.
NOTE: View EMWS8.META3_TRAIN.VIEW used (Total process time):
      real time           0.01 seconds
      cpu time            0.01 seconds
      
NOTE: There were 2374 observations read from the data set EMWS8.PART_TRAIN.
NOTE: There were 2374 observations read from the data set EMWS8.META3_TRAIN.
NOTE: PROCEDURE DMDB used (Total process time):
      real time           0.03 seconds
      cpu time            0.03 seconds
      

MPRINT(EM_DIAGRAM):   quit;
MPRINT(EM_DIAGRAM):   *--- end code ---*;
725137     quit;
725138     *--- end code ---*;

725139     *------------------------------------------------------------* ;
MPRINT(EM_DIAGRAM):    *------------------------------------------------------------* ;
725140     * DMNeural3: Input Variables Macro ;
MPRINT(EM_DIAGRAM):   * DMNeural3: Input Variables Macro ;
725141     *------------------------------------------------------------* ;
MPRINT(EM_DIAGRAM):   *------------------------------------------------------------* ;
725142     %macro INPUTS;
725143         AcceptedCmpTotal Frq Marital_Status Mnt MntMeatProducts NumCatalogPurchases
725144        NumDealsPurchases NumWebVisitsMonth Recency
725145     %mend INPUTS;
725146     proc dmneurl data=EMWS8.Meta3_TRAIN dmdbcat=WORK.DMNeural3_DMDB
725147     outest=EMWS8.DMNeural3_ESTIMATE outfit=WORK._OUTFIT_DMNEURAL
725148     out=WORK._OUT_DMNEURAL outclass=WORK._OUTCLASSDMNEURL_22F2_N5
725149     optcrit=ACC maxcomp=6 maxstage=10 maxfunc=1000
725150     selcrit=SSE
725151     maxiter=400 maxvect=800 memsiz=8 stopr2=0.00005 cutoff=0.5 maxrows = 3000
725152     absgconv=0.0005 gconv=1E-8
725153     NOMONITOR
725154     ;
MPRINT(EM_DIAGRAM):   proc dmneurl data=EMWS8.Meta3_TRAIN dmdbcat=WORK.DMNeural3_DMDB 
outest=EMWS8.DMNeural3_ESTIMATE outfit=WORK._OUTFIT_DMNEURAL out=WORK._OUT_DMNEURAL 
outclass=WORK._OUTCLASSDMNEURL_22F2_N5 optcrit=ACC maxcomp=6 maxstage=10 maxfunc=1000 
selcrit=SSE maxiter=400 maxvect=800 memsiz=8 stopr2=0.00005 cutoff=0.5 maxrows = 3000 
absgconv=0.0005 gconv=1E-8 NOMONITOR ;
MPRINT(EM_DIAGRAM):   var
725155     var %INPUTS;
MPRINT(INPUTS):   AcceptedCmpTotal Frq Marital_Status Mnt MntMeatProducts NumCatalogPurchases 
NumDealsPurchases NumWebVisitsMonth Recency
MPRINT(EM_DIAGRAM):  ;
725156     target DepVar;
MPRINT(EM_DIAGRAM):   target DepVar;
725157     ;
MPRINT(EM_DIAGRAM):   ;
725158     run;
MPRINT(EM_DIAGRAM):   run;

NOTE: The data set WORK._OUTCLASSDMNEURL_22F2_N5 has 7 observations and 3 variables.

Building X'X  for target: DepVar rows=14 memory=0.00 meg.
2374 records read
2374 records read
2374 records read
2374 records read
2374 records read
NOTE: Distinctive Patterns=1096
NOTE: Sparsity  Percentage=0.0309331714
     ---------- Optimization Cycle (Stage=0) ----------
-------------------- Activation= SQUARE (Stage=0) --------------------
NOTE: ABSGCONV convergence criterion satisfied.
NOTE: SQUARE: Iter=5 Crit=0.03170999: SSE=301.118095 Acc= 91.3227
-------------------- Activation= TANH (Stage=0) --------------------
NOTE: ABSGCONV convergence criterion satisfied.
NOTE: TANH: Iter=12 Crit=0.03186976: SSE=302.635268 Acc= 91.1120
-------------------- Activation= ARCTAN (Stage=0) --------------------
NOTE: ABSGCONV convergence criterion satisfied.
NOTE: ARCTAN: Iter=6 Crit=0.03284259: SSE= 311.87328 Acc= 90.6487
-------------------- Activation= LOGIST (Stage=0) --------------------
NOTE: ABSGCONV convergence criterion satisfied.
NOTE: Singular Hessian at result, nullity=2.
NOTE: LOGIST: Iter=28 Crit=0.03409399: SSE=323.756537 Acc= 90.2275
-------------------- Activation= GAUSS (Stage=0) --------------------
NOTE: ABSGCONV convergence criterion satisfied.
NOTE: Singular Hessian at result, nullity=8.
NOTE: GAUSS: Iter=5 Crit=0.06361243: SSE=604.063592 Acc= 84.8778
-------------------- Activation= SIN (Stage=0) --------------------
NOTE: ABSGCONV convergence criterion satisfied.
NOTE: SIN: Iter=16 Crit=0.03179708: SSE=301.945054 Acc= 91.1963
-------------------- Activation= COS (Stage=0) --------------------
NOTE: ABSGCONV convergence criterion satisfied.
NOTE: Singular Hessian at result, nullity=1.
NOTE: COS: Iter=6 Crit=0.05270147: SSE=500.453192 Acc= 86.3521
-------------------- Activation= EXP (Stage=0) --------------------
NOTE: ABSGCONV convergence criterion satisfied.
NOTE: EXP: Iter=16 Crit=0.03471742: SSE=329.676603 Acc= 90.2275
2374 records read
2374 records read
2374 records read
2374 records read
NOTE: Distinctive Patterns=931
NOTE: Sparsity  Percentage=0.0262762614
2374 records read
     ---------- Optimization Cycle (Stage=1) ----------
-------------------- Activation= SQUARE (Stage=1) --------------------
NOTE: ABSGCONV convergence criterion satisfied.
NOTE: SQUARE: Iter=1 Crit=0.02731774: SSE=255.882091 Acc= 93.0076
-------------------- Activation= TANH (Stage=1) --------------------
NOTE: ABSGCONV convergence criterion satisfied.
NOTE: TANH: Iter=4 Crit= 0.0274228: SSE=257.082297 Acc= 92.9655
-------------------- Activation= ARCTAN (Stage=1) --------------------
NOTE: ABSGCONV convergence criterion satisfied.
NOTE: Singular Hessian at result, nullity=2.
NOTE: ARCTAN: Iter=6 Crit=0.02741029: SSE=257.032387 Acc= 92.9233
-------------------- Activation= LOGIST (Stage=1) --------------------
NOTE: ABSGCONV convergence criterion satisfied.
NOTE: LOGIST: Iter=5 Crit=0.02744099: SSE=257.437833 Acc= 92.8812
-------------------- Activation= GAUSS (Stage=1) --------------------
NOTE: ABSGCONV convergence criterion satisfied.
NOTE: Singular Hessian at result, nullity=2.
NOTE: GAUSS: Iter=5 Crit=0.02911324: SSE=276.387405 Acc= 92.4600
-------------------- Activation= SIN (Stage=1) --------------------
NOTE: ABSGCONV convergence criterion satisfied.
NOTE: SIN: Iter=4 Crit=0.02745054: SSE=257.530251 Acc= 92.7970
-------------------- Activation= COS (Stage=1) --------------------
NOTE: ABSGCONV convergence criterion satisfied.
NOTE: Singular Hessian at result, nullity=3.
NOTE: COS: Iter=8 Crit=0.02905472: SSE=275.724547 Acc= 92.3336
-------------------- Activation= EXP (Stage=1) --------------------
NOTE: ABSGCONV convergence criterion satisfied.
NOTE: EXP: Iter=4 Crit=0.02731208: SSE=256.361162 Acc= 93.0076
2374 records read
2374 records read
2374 records read
2374 records read
NOTE: Distinctive Patterns=929
NOTE: Sparsity  Percentage=0.0262198141
2374 records read
     ---------- Optimization Cycle (Stage=2) ----------
-------------------- Activation= SQUARE (Stage=2) --------------------
NOTE: ABSGCONV convergence criterion satisfied.
NOTE: SQUARE: Iter=1 Crit=0.02621583: SSE=242.971664 Acc= 93.3446
-------------------- Activation= TANH (Stage=2) --------------------
NOTE: ABSGCONV convergence criterion satisfied.
NOTE: TANH: Iter=9 Crit=0.02646784: SSE=244.571606 Acc= 93.0076
-------------------- Activation= ARCTAN (Stage=2) --------------------
NOTE: ABSGCONV convergence criterion satisfied.
NOTE: ARCTAN: Iter=12 Crit=0.02639913: SSE=244.042071 Acc= 93.0076
-------------------- Activation= LOGIST (Stage=2) --------------------
NOTE: ABSGCONV convergence criterion satisfied.
NOTE: Singular Hessian at result, nullity=1.
NOTE: LOGIST: Iter=7 Crit=0.02632123: SSE=243.290109 Acc= 93.0918
-------------------- Activation= GAUSS (Stage=2) --------------------
NOTE: ABSGCONV convergence criterion satisfied.
NOTE: GAUSS: Iter=4 Crit=0.02624949: SSE=245.453103 Acc= 93.0497
-------------------- Activation= SIN (Stage=2) --------------------
NOTE: ABSGCONV convergence criterion satisfied.
NOTE: Singular Hessian at result, nullity=2.
NOTE: SIN: Iter=5 Crit=0.02670362: SSE=248.337725 Acc= 92.9655
-------------------- Activation= COS (Stage=2) --------------------
NOTE: ABSGCONV convergence criterion satisfied.
NOTE: Singular Hessian at result, nullity=3.
NOTE: COS: Iter=5 Crit=0.02691373: SSE=253.334178 Acc= 93.1340
-------------------- Activation= EXP (Stage=2) --------------------
NOTE: ABSGCONV convergence criterion satisfied.
NOTE: EXP: Iter=2 Crit=0.02651344: SSE=245.485417 Acc= 93.0918
2374 records read
2374 records read
2374 records read
2374 records read
NOTE: Distinctive Patterns=1252
NOTE: Sparsity  Percentage=0.035336068
2374 records read
     ---------- Optimization Cycle (Stage=3) ----------
-------------------- Activation= SQUARE (Stage=3) --------------------
NOTE: ABSGCONV convergence criterion satisfied.
NOTE: SQUARE: Iter=1 Crit=0.02628694: SSE=243.921703 Acc= 93.3024
-------------------- Activation= TANH (Stage=3) --------------------
NOTE: ABSGCONV convergence criterion satisfied.
NOTE: Singular Hessian at result, nullity=1.
NOTE: TANH: Iter=4 Crit=0.02635426: SSE=244.505097 Acc= 93.3024
-------------------- Activation= ARCTAN (Stage=3) --------------------
NOTE: ABSGCONV convergence criterion satisfied.
NOTE: Singular Hessian at result, nullity=2.
NOTE: ARCTAN: Iter=4 Crit=0.02635638: SSE=244.452327 Acc= 93.3024
-------------------- Activation= LOGIST (Stage=3) --------------------
NOTE: ABSGCONV convergence criterion satisfied.
NOTE: Singular Hessian at result, nullity=1.
NOTE: LOGIST: Iter=1 Crit=0.02635482: SSE=244.476512 Acc= 93.3024
-------------------- Activation= GAUSS (Stage=3) --------------------
NOTE: ABSGCONV convergence criterion satisfied.
NOTE: Singular Hessian at result, nullity=4.
NOTE: GAUSS: Iter=3 Crit=0.02637154: SSE=244.576712 Acc= 93.3024
-------------------- Activation= SIN (Stage=3) --------------------
NOTE: ABSGCONV convergence criterion satisfied.
NOTE: Singular Hessian at result, nullity=4.
NOTE: SIN: Iter=6 Crit=0.02635643: SSE=244.391777 Acc= 93.3024
-------------------- Activation= COS (Stage=3) --------------------
NOTE: ABSGCONV convergence criterion satisfied.
NOTE: Singular Hessian at result, nullity=4.
NOTE: COS: Iter=9 Crit=0.02634361: SSE=244.105341 Acc= 93.3446
-------------------- Activation= EXP (Stage=3) --------------------
NOTE: ABSGCONV convergence criterion satisfied.
NOTE: EXP: Iter=2 Crit=0.02634066: SSE=244.370751 Acc= 93.3024
2374 records read
2374 records read
2374 records read
2374 records read
NOTE: Distinctive Patterns=1098
NOTE: Sparsity  Percentage=0.0309896188
2374 records read
     ---------- Optimization Cycle (Stage=4) ----------
-------------------- Activation= SQUARE (Stage=4) --------------------
NOTE: ABSGCONV convergence criterion satisfied.
NOTE: SQUARE: Iter=1 Crit=0.02627769: SSE=243.275279 Acc= 93.3446
-------------------- Activation= TANH (Stage=4) --------------------
NOTE: ABSGCONV convergence criterion satisfied.
NOTE: Singular Hessian at result, nullity=2.
NOTE: TANH: Iter=6 Crit=0.02627665: SSE=243.333169 Acc= 93.4288
-------------------- Activation= ARCTAN (Stage=4) --------------------
NOTE: ABSGCONV convergence criterion satisfied.
NOTE: Singular Hessian at result, nullity=3.
NOTE: ARCTAN: Iter=4 Crit=0.02629428: SSE=243.304725 Acc= 93.4709
-------------------- Activation= LOGIST (Stage=4) --------------------
NOTE: ABSGCONV convergence criterion satisfied.
NOTE: Singular Hessian at result, nullity=4.
NOTE: LOGIST: Iter=0 Crit=0.02632946: SSE= 243.93486 Acc= 93.3867
-------------------- Activation= GAUSS (Stage=4) --------------------
NOTE: ABSGCONV convergence criterion satisfied.
NOTE: Singular Hessian at result, nullity=1.
NOTE: GAUSS: Iter=5 Crit= 0.0263209: SSE=244.348664 Acc= 93.3024
-------------------- Activation= SIN (Stage=4) --------------------
NOTE: ABSGCONV convergence criterion satisfied.
NOTE: Singular Hessian at result, nullity=2.
NOTE: SIN: Iter=4 Crit= 0.0262986: SSE=242.964669 Acc= 93.4288
-------------------- Activation= COS (Stage=4) --------------------
NOTE: ABSGCONV convergence criterion satisfied.
NOTE: Singular Hessian at result, nullity=6.
NOTE: COS: Iter=4 Crit=0.02633903: SSE=244.134815 Acc= 93.3446
-------------------- Activation= EXP (Stage=4) --------------------
NOTE: ABSGCONV convergence criterion satisfied.
NOTE: Singular Hessian at result, nullity=2.
NOTE: EXP: Iter=2 Crit=0.02629177: SSE= 243.28563 Acc= 93.4709
2374 records read
2374 records read
2374 records read
2374 records read
NOTE: Distinctive Patterns=346
NOTE: Sparsity  Percentage=12.997746056
2374 records read
     ---------- Optimization Cycle (Stage=5) ----------
-------------------- Activation= SQUARE (Stage=5) --------------------
NOTE: ABSGCONV convergence criterion satisfied.
NOTE: SQUARE: Iter=1 Crit=0.02620705: SSE=242.897014 Acc= 93.2603
-------------------- Activation= TANH (Stage=5) --------------------
NOTE: ABSGCONV convergence criterion satisfied.
NOTE: TANH: Iter=5 Crit=0.02629798: SSE=243.030527 Acc= 93.3024
-------------------- Activation= ARCTAN (Stage=5) --------------------
NOTE: ABSGCONV convergence criterion satisfied.
NOTE: ARCTAN: Iter=3 Crit= 0.0263054: SSE=243.399341 Acc= 93.3867
-------------------- Activation= LOGIST (Stage=5) --------------------
NOTE: ABSGCONV convergence criterion satisfied.
NOTE: Singular Hessian at result, nullity=2.
NOTE: LOGIST: Iter=2 Crit=0.02630326: SSE=243.177018 Acc= 93.3446
-------------------- Activation= GAUSS (Stage=5) --------------------
NOTE: ABSGCONV convergence criterion satisfied.
NOTE: GAUSS: Iter=6 Crit=0.02623057: SSE=242.911179 Acc= 93.4288
-------------------- Activation= SIN (Stage=5) --------------------
NOTE: ABSGCONV convergence criterion satisfied.
NOTE: Singular Hessian at result, nullity=1.
NOTE: SIN: Iter=3 Crit=0.02629568: SSE=243.147519 Acc= 93.3024
-------------------- Activation= COS (Stage=5) --------------------
NOTE: ABSGCONV convergence criterion satisfied.
NOTE: Singular Hessian at result, nullity=3.
NOTE: COS: Iter=4 Crit=0.02629559: SSE=243.076577 Acc= 93.4288
-------------------- Activation= EXP (Stage=5) --------------------
NOTE: ABSGCONV convergence criterion satisfied.
NOTE: EXP: Iter=1 Crit=0.02629277: SSE=242.976576 Acc= 93.3024
2374 records read
NOTE: The data set EMWS8.DMNEURAL3_ESTIMATE has 87 observations and 19 variables.
2374 records read
NOTE: The data set WORK._OUT_DMNEURAL has 2374 observations and 4 variables.
NOTE: The data set WORK._OUTFIT_DMNEURAL has 7 observations and 9 variables.
*** Total Number of Runs through Data :       32
*** Total Number of NL Optimizations  :       48
*** Total Number of Iterations in NLP :      257
*** Total Number Function Calls in NLP:      543
NOTE: View EMWS8.META3_TRAIN.VIEW used (Total process time):
      real time           23.79 seconds
      cpu time            23.77 seconds
      
NOTE: There were 2374 observations read from the data set EMWS8.PART_TRAIN.
NOTE: The PROCEDURE DMNEURL printed pages 533-554.
NOTE: PROCEDURE DMNEURL used (Total process time):
      real time           23.79 seconds
      cpu time            23.77 seconds
      

725159     data WORK._OUTFIT_DMNEURAL;
MPRINT(EM_DIAGRAM):    data WORK._OUTFIT_DMNEURAL;
725160     set WORK._OUTFIT_DMNEURAL;
MPRINT(EM_DIAGRAM):   set WORK._OUTFIT_DMNEURAL;
725161     if _TYPE_^='_FITIND_' then delete;
MPRINT(EM_DIAGRAM):   if _TYPE_^='_FITIND_' then delete;
725162     label _STAGE_ = "%sysfunc(sasmsg(sashelp.dmine, rpt_dmneural_label_stage, noquote))"
725162   ! ;
MPRINT(EM_DIAGRAM):   label _STAGE_ = "Training Stage";
725163     _STAGE_=_STAGE_-1;
MPRINT(EM_DIAGRAM):   _STAGE_=_STAGE_-1;

NOTE: There were 7 observations read from the data set WORK._OUTFIT_DMNEURAL.
NOTE: The data set WORK._OUTFIT_DMNEURAL has 6 observations and 9 variables.
NOTE: DATA statement used (Total process time):
      real time           0.01 seconds
      cpu time            0.01 seconds
      

725164     proc transpose data=WORK._OUTFIT_DMNEURAL out=WORK._OUTFIT_DMNEURAL prefix=TRAINING;
MPRINT(EM_DIAGRAM):   proc transpose data=WORK._OUTFIT_DMNEURAL out=WORK._OUTFIT_DMNEURAL 
prefix=TRAINING;

NOTE: There were 6 observations read from the data set WORK._OUTFIT_DMNEURAL.
NOTE: The data set WORK._OUTFIT_DMNEURAL has 6 observations and 8 variables.
NOTE: PROCEDURE TRANSPOSE used (Total process time):
      real time           0.00 seconds
      cpu time            0.00 seconds
      

725165     data WORK._OUTFIT_DMNEURAL;
MPRINT(EM_DIAGRAM):   data WORK._OUTFIT_DMNEURAL;
725166     set WORK._OUTFIT_DMNEURAL;
MPRINT(EM_DIAGRAM):   set WORK._OUTFIT_DMNEURAL;
725167     label _NAME_ = "%sysfunc(sasmsg(sashelp.dmine, rpt_dmneural_label_stat, noquote))";
MPRINT(EM_DIAGRAM):   label _NAME_ = "Statistic";
725168     label _LABEL_ = "%sysfunc(sasmsg(sashelp.dmine, rpt_dmneural_label_statlabel,
725168   ! noquote))";
MPRINT(EM_DIAGRAM):   label _LABEL_ = "Label of Statistic";
725169     rename _NAME_=STATISTIC;
MPRINT(EM_DIAGRAM):   rename _NAME_=STATISTIC;
725170     rename _LABEL_=LABEL;
MPRINT(EM_DIAGRAM):   rename _LABEL_=LABEL;
725171     run;
MPRINT(EM_DIAGRAM):   run;

NOTE: There were 6 observations read from the data set WORK._OUTFIT_DMNEURAL.
NOTE: The data set WORK._OUTFIT_DMNEURAL has 6 observations and 8 variables.
NOTE: DATA statement used (Total process time):
      real time           0.01 seconds
      cpu time            0.01 seconds
      

725172     data WORK._DSSTAGEDMNEURL_22F2_N5;
MPRINT(EM_DIAGRAM):    data WORK._DSSTAGEDMNEURL_22F2_N5;
725173     set EMWS8.DMNeural3_ESTIMATE;
MPRINT(EM_DIAGRAM):   set EMWS8.DMNeural3_ESTIMATE;
725174     by _STAGE_;
MPRINT(EM_DIAGRAM):   by _STAGE_;
725175     if _TYPE_^='_EIGVEC_' then delete;
MPRINT(EM_DIAGRAM):   if _TYPE_^='_EIGVEC_' then delete;
725176     keep _STAGE_ _NAME_;
MPRINT(EM_DIAGRAM):   keep _STAGE_ _NAME_;
725177     if FIRST._STAGE_ then output;
MPRINT(EM_DIAGRAM):   if FIRST._STAGE_ then output;
725178     run;
MPRINT(EM_DIAGRAM):   run;

NOTE: There were 87 observations read from the data set EMWS8.DMNEURAL3_ESTIMATE.
NOTE: The data set WORK._DSSTAGEDMNEURL_22F2_N5 has 6 observations and 2 variables.
NOTE: DATA statement used (Total process time):
      real time           0.00 seconds
      cpu time            0.00 seconds
      

725179     data WORK._DSSTDMEANDMNEURL_22F2_N5;
MPRINT(EM_DIAGRAM):    data WORK._DSSTDMEANDMNEURL_22F2_N5;
725180     set EMWS8.DMNeural3_ESTIMATE;
MPRINT(EM_DIAGRAM):   set EMWS8.DMNeural3_ESTIMATE;
725181     if _TYPE_='_STDEV_' or _TYPE_='_MEAN_' then output;
MPRINT(EM_DIAGRAM):   if _TYPE_='_STDEV_' or _TYPE_='_MEAN_' then output;
725182     DROP _TARGET_ _NAME_ _STAGE_ _MEAN_ _STDEV_;
MPRINT(EM_DIAGRAM):   DROP _TARGET_ _NAME_ _STAGE_ _MEAN_ _STDEV_;
725183     run;
MPRINT(EM_DIAGRAM):   run;

NOTE: There were 87 observations read from the data set EMWS8.DMNEURAL3_ESTIMATE.
NOTE: The data set WORK._DSSTDMEANDMNEURL_22F2_N5 has 2 observations and 14 variables.
NOTE: DATA statement used (Total process time):
      real time           0.00 seconds
      cpu time            0.00 seconds
      

725184     data WORK._DSPARADMNEURL_22F2_N5;
MPRINT(EM_DIAGRAM):    data WORK._DSPARADMNEURL_22F2_N5;
725185     set EMWS8.DMNeural3_ESTIMATE;
MPRINT(EM_DIAGRAM):   set EMWS8.DMNeural3_ESTIMATE;
725186     if _TYPE_='_PARMS_' then if _STAGE_=0 then output;
MPRINT(EM_DIAGRAM):   if _TYPE_='_PARMS_' then if _STAGE_=0 then output;
725187     if _TYPE_='_PARMS_' then if _STAGE_=1 then output;
MPRINT(EM_DIAGRAM):   if _TYPE_='_PARMS_' then if _STAGE_=1 then output;
725188     if _TYPE_='_PARMS_' then if _STAGE_=2 then output;
MPRINT(EM_DIAGRAM):   if _TYPE_='_PARMS_' then if _STAGE_=2 then output;
725189     if _TYPE_='_PARMS_' then if _STAGE_=3 then output;
MPRINT(EM_DIAGRAM):   if _TYPE_='_PARMS_' then if _STAGE_=3 then output;
725190     if _TYPE_='_PARMS_' then if _STAGE_=4 then output;
MPRINT(EM_DIAGRAM):   if _TYPE_='_PARMS_' then if _STAGE_=4 then output;
725191     if _TYPE_='_PARMS_' then if _STAGE_=5 then output;
MPRINT(EM_DIAGRAM):   if _TYPE_='_PARMS_' then if _STAGE_=5 then output;
725192     run;
MPRINT(EM_DIAGRAM):   run;

NOTE: There were 87 observations read from the data set EMWS8.DMNEURAL3_ESTIMATE.
NOTE: The data set WORK._DSPARADMNEURL_22F2_N5 has 48 observations and 19 variables.
NOTE: DATA statement used (Total process time):
      real time           0.01 seconds
      cpu time            0.01 seconds
      

725193     data WORK._DSPARADMNEURL_22F2_N5;
MPRINT(EM_DIAGRAM):    data WORK._DSPARADMNEURL_22F2_N5;
725194     set WORK._DSPARADMNEURL_22F2_N5;
MPRINT(EM_DIAGRAM):   set WORK._DSPARADMNEURL_22F2_N5;
725195     by _STAGE_;
MPRINT(EM_DIAGRAM):   by _STAGE_;
725196     if FIRST._STAGE_ then output;
MPRINT(EM_DIAGRAM):   if FIRST._STAGE_ then output;
725197     DROP _TARGET_ _TYPE_ _MEAN_ _STDEV_ _NAME_ _STAGE_;
MPRINT(EM_DIAGRAM):   DROP _TARGET_ _TYPE_ _MEAN_ _STDEV_ _NAME_ _STAGE_;

NOTE: There were 48 observations read from the data set WORK._DSPARADMNEURL_22F2_N5.
NOTE: The data set WORK._DSPARADMNEURL_22F2_N5 has 6 observations and 13 variables.
NOTE: DATA statement used (Total process time):
      real time           0.00 seconds
      cpu time            0.00 seconds
      

725198     proc transpose data=WORK._DSPARADMNEURL_22F2_N5 out=WORK._DSPARADMNEURL_22F2_N5
725198   ! prefix=STAGE;
MPRINT(EM_DIAGRAM):   proc transpose data=WORK._DSPARADMNEURL_22F2_N5 
out=WORK._DSPARADMNEURL_22F2_N5 prefix=STAGE;

NOTE: There were 6 observations read from the data set WORK._DSPARADMNEURL_22F2_N5.
NOTE: The data set WORK._DSPARADMNEURL_22F2_N5 has 13 observations and 8 variables.
NOTE: PROCEDURE TRANSPOSE used (Total process time):
      real time           0.00 seconds
      cpu time            0.00 seconds
      

725199     proc transpose data=WORK._DSPARADMNEURL_22F2_N5 out=WORK._DSPARADMNEURL_22F2_N5
725199   ! prefix=PARA;
MPRINT(EM_DIAGRAM):   proc transpose data=WORK._DSPARADMNEURL_22F2_N5 
out=WORK._DSPARADMNEURL_22F2_N5 prefix=PARA;
725200     run;
MPRINT(EM_DIAGRAM):   run;

NOTE: There were 13 observations read from the data set WORK._DSPARADMNEURL_22F2_N5.
NOTE: The data set WORK._DSPARADMNEURL_22F2_N5 has 6 observations and 14 variables.
NOTE: PROCEDURE TRANSPOSE used (Total process time):
      real time           0.00 seconds
      cpu time            0.00 seconds
      

725201     data WORK._OUTCLASSDMNEURL_22F2_N5;
MPRINT(EM_DIAGRAM):    data WORK._OUTCLASSDMNEURL_22F2_N5;
725202     set WORK._OUTCLASSDMNEURL_22F2_N5;
MPRINT(EM_DIAGRAM):   set WORK._OUTCLASSDMNEURL_22F2_N5;
725203     if upcase(_VAR_)=upcase('DepVar') then delete;
MPRINT(EM_DIAGRAM):   if upcase(_VAR_)=upcase('DepVar') then delete;
725204     run;
MPRINT(EM_DIAGRAM):   run;

NOTE: There were 7 observations read from the data set WORK._OUTCLASSDMNEURL_22F2_N5.
NOTE: The data set WORK._OUTCLASSDMNEURL_22F2_N5 has 5 observations and 3 variables.
NOTE: DATA statement used (Total process time):
      real time           0.00 seconds
      cpu time            0.00 seconds
      

725205     data WORK._SPRIN0;
MPRINT(EM_DIAGRAM):    data WORK._SPRIN0;
725206     set EMWS8.DMNeural3_ESTIMATE;
MPRINT(EM_DIAGRAM):   set EMWS8.DMNeural3_ESTIMATE;
725207     if _TYPE_^='_EIGVEC_' then delete;
MPRINT(EM_DIAGRAM):   if _TYPE_^='_EIGVEC_' then delete;
725208     if _STAGE_ ^='0' then delete;
MPRINT(EM_DIAGRAM):   if _STAGE_ ^='0' then delete;
725209     drop _TARGET_ _TYPE_ _STAGE_ _NAME_ _MEAN_ _STDEV_;
MPRINT(EM_DIAGRAM):   drop _TARGET_ _TYPE_ _STAGE_ _NAME_ _MEAN_ _STDEV_;

NOTE: Character values have been converted to numeric values at the places given by: 
      (Line):(Column).
      725208:14   
NOTE: There were 87 observations read from the data set EMWS8.DMNEURAL3_ESTIMATE.
NOTE: The data set WORK._SPRIN0 has 6 observations and 13 variables.
NOTE: DATA statement used (Total process time):
      real time           0.01 seconds
      cpu time            0.01 seconds
      

725210     proc transpose data=WORK._SPRIN0 out=WORK._SPRIN0 prefix=_SPRIN0;
MPRINT(EM_DIAGRAM):   proc transpose data=WORK._SPRIN0 out=WORK._SPRIN0 prefix=_SPRIN0;

NOTE: There were 6 observations read from the data set WORK._SPRIN0.
NOTE: The data set WORK._SPRIN0 has 13 observations and 8 variables.
NOTE: PROCEDURE TRANSPOSE used (Total process time):
      real time           0.00 seconds
      cpu time            0.00 seconds
      

725211     data WORK._SPRIN0;
MPRINT(EM_DIAGRAM):   data WORK._SPRIN0;
725212     set WORK._SPRIN0;
MPRINT(EM_DIAGRAM):   set WORK._SPRIN0;
725213     if _SPRIN01=. then delete;
MPRINT(EM_DIAGRAM):   if _SPRIN01=. then delete;
725214     /* to delete _v_ variables */

NOTE: There were 13 observations read from the data set WORK._SPRIN0.
NOTE: The data set WORK._SPRIN0 has 13 observations and 8 variables.
NOTE: DATA statement used (Total process time):
      real time           0.00 seconds
      cpu time            0.00 seconds
      

725215     proc transpose data=WORK._SPRIN0 out=WORK._SPRIN0;
MPRINT(EM_DIAGRAM):   proc transpose data=WORK._SPRIN0 out=WORK._SPRIN0;
725216     run;
MPRINT(EM_DIAGRAM):   run;

NOTE: There were 13 observations read from the data set WORK._SPRIN0.
NOTE: The data set WORK._SPRIN0 has 6 observations and 14 variables.
NOTE: PROCEDURE TRANSPOSE used (Total process time):
      real time           0.00 seconds
      cpu time            0.00 seconds
      

725217     data WORK._SPRIN1;
MPRINT(EM_DIAGRAM):    data WORK._SPRIN1;
725218     set EMWS8.DMNeural3_ESTIMATE;
MPRINT(EM_DIAGRAM):   set EMWS8.DMNeural3_ESTIMATE;
725219     if _TYPE_^='_EIGVEC_' then delete;
MPRINT(EM_DIAGRAM):   if _TYPE_^='_EIGVEC_' then delete;
725220     if _STAGE_ ^='1' then delete;
MPRINT(EM_DIAGRAM):   if _STAGE_ ^='1' then delete;
725221     drop _TARGET_ _TYPE_ _STAGE_ _NAME_ _MEAN_ _STDEV_;
MPRINT(EM_DIAGRAM):   drop _TARGET_ _TYPE_ _STAGE_ _NAME_ _MEAN_ _STDEV_;

NOTE: Character values have been converted to numeric values at the places given by: 
      (Line):(Column).
      725220:14   
NOTE: There were 87 observations read from the data set EMWS8.DMNEURAL3_ESTIMATE.
NOTE: The data set WORK._SPRIN1 has 6 observations and 13 variables.
NOTE: DATA statement used (Total process time):
      real time           0.00 seconds
      cpu time            0.00 seconds
      

725222     proc transpose data=WORK._SPRIN1 out=WORK._SPRIN1 prefix=_SPRIN1;
MPRINT(EM_DIAGRAM):   proc transpose data=WORK._SPRIN1 out=WORK._SPRIN1 prefix=_SPRIN1;

NOTE: There were 6 observations read from the data set WORK._SPRIN1.
NOTE: The data set WORK._SPRIN1 has 13 observations and 8 variables.
NOTE: PROCEDURE TRANSPOSE used (Total process time):
      real time           0.01 seconds
      cpu time            0.01 seconds
      

725223     data WORK._SPRIN1;
MPRINT(EM_DIAGRAM):   data WORK._SPRIN1;
725224     set WORK._SPRIN1;
MPRINT(EM_DIAGRAM):   set WORK._SPRIN1;
725225     if _SPRIN11=. then delete;
MPRINT(EM_DIAGRAM):   if _SPRIN11=. then delete;
725226     /* to delete _v_ variables */

NOTE: There were 13 observations read from the data set WORK._SPRIN1.
NOTE: The data set WORK._SPRIN1 has 13 observations and 8 variables.
NOTE: DATA statement used (Total process time):
      real time           0.00 seconds
      cpu time            0.00 seconds
      

725227     proc transpose data=WORK._SPRIN1 out=WORK._SPRIN1;
MPRINT(EM_DIAGRAM):   proc transpose data=WORK._SPRIN1 out=WORK._SPRIN1;
725228     run;
MPRINT(EM_DIAGRAM):   run;

NOTE: There were 13 observations read from the data set WORK._SPRIN1.
NOTE: The data set WORK._SPRIN1 has 6 observations and 14 variables.
NOTE: PROCEDURE TRANSPOSE used (Total process time):
      real time           0.01 seconds
      cpu time            0.01 seconds
      

725229     data WORK._SPRIN2;
MPRINT(EM_DIAGRAM):    data WORK._SPRIN2;
725230     set EMWS8.DMNeural3_ESTIMATE;
MPRINT(EM_DIAGRAM):   set EMWS8.DMNeural3_ESTIMATE;
725231     if _TYPE_^='_EIGVEC_' then delete;
MPRINT(EM_DIAGRAM):   if _TYPE_^='_EIGVEC_' then delete;
725232     if _STAGE_ ^='2' then delete;
MPRINT(EM_DIAGRAM):   if _STAGE_ ^='2' then delete;
725233     drop _TARGET_ _TYPE_ _STAGE_ _NAME_ _MEAN_ _STDEV_;
MPRINT(EM_DIAGRAM):   drop _TARGET_ _TYPE_ _STAGE_ _NAME_ _MEAN_ _STDEV_;

NOTE: Character values have been converted to numeric values at the places given by: 
      (Line):(Column).
      725232:14   
NOTE: There were 87 observations read from the data set EMWS8.DMNEURAL3_ESTIMATE.
NOTE: The data set WORK._SPRIN2 has 6 observations and 13 variables.
NOTE: DATA statement used (Total process time):
      real time           0.00 seconds
      cpu time            0.00 seconds
      

725234     proc transpose data=WORK._SPRIN2 out=WORK._SPRIN2 prefix=_SPRIN2;
MPRINT(EM_DIAGRAM):   proc transpose data=WORK._SPRIN2 out=WORK._SPRIN2 prefix=_SPRIN2;

NOTE: There were 6 observations read from the data set WORK._SPRIN2.
NOTE: The data set WORK._SPRIN2 has 13 observations and 8 variables.
NOTE: PROCEDURE TRANSPOSE used (Total process time):
      real time           0.01 seconds
      cpu time            0.01 seconds
      

725235     data WORK._SPRIN2;
MPRINT(EM_DIAGRAM):   data WORK._SPRIN2;
725236     set WORK._SPRIN2;
MPRINT(EM_DIAGRAM):   set WORK._SPRIN2;
725237     if _SPRIN21=. then delete;
MPRINT(EM_DIAGRAM):   if _SPRIN21=. then delete;
725238     /* to delete _v_ variables */

NOTE: There were 13 observations read from the data set WORK._SPRIN2.
NOTE: The data set WORK._SPRIN2 has 13 observations and 8 variables.
NOTE: DATA statement used (Total process time):
      real time           0.00 seconds
      cpu time            0.00 seconds
      

725239     proc transpose data=WORK._SPRIN2 out=WORK._SPRIN2;
MPRINT(EM_DIAGRAM):   proc transpose data=WORK._SPRIN2 out=WORK._SPRIN2;
725240     run;
MPRINT(EM_DIAGRAM):   run;

NOTE: There were 13 observations read from the data set WORK._SPRIN2.
NOTE: The data set WORK._SPRIN2 has 6 observations and 14 variables.
NOTE: PROCEDURE TRANSPOSE used (Total process time):
      real time           0.01 seconds
      cpu time            0.01 seconds
      

725241     data WORK._SPRIN3;
MPRINT(EM_DIAGRAM):    data WORK._SPRIN3;
725242     set EMWS8.DMNeural3_ESTIMATE;
MPRINT(EM_DIAGRAM):   set EMWS8.DMNeural3_ESTIMATE;
725243     if _TYPE_^='_EIGVEC_' then delete;
MPRINT(EM_DIAGRAM):   if _TYPE_^='_EIGVEC_' then delete;
725244     if _STAGE_ ^='3' then delete;
MPRINT(EM_DIAGRAM):   if _STAGE_ ^='3' then delete;
725245     drop _TARGET_ _TYPE_ _STAGE_ _NAME_ _MEAN_ _STDEV_;
MPRINT(EM_DIAGRAM):   drop _TARGET_ _TYPE_ _STAGE_ _NAME_ _MEAN_ _STDEV_;

NOTE: Character values have been converted to numeric values at the places given by: 
      (Line):(Column).
      725244:14   
NOTE: There were 87 observations read from the data set EMWS8.DMNEURAL3_ESTIMATE.
NOTE: The data set WORK._SPRIN3 has 6 observations and 13 variables.
NOTE: DATA statement used (Total process time):
      real time           0.00 seconds
      cpu time            0.00 seconds
      

725246     proc transpose data=WORK._SPRIN3 out=WORK._SPRIN3 prefix=_SPRIN3;
MPRINT(EM_DIAGRAM):   proc transpose data=WORK._SPRIN3 out=WORK._SPRIN3 prefix=_SPRIN3;

NOTE: There were 6 observations read from the data set WORK._SPRIN3.
NOTE: The data set WORK._SPRIN3 has 13 observations and 8 variables.
NOTE: PROCEDURE TRANSPOSE used (Total process time):
      real time           0.00 seconds
      cpu time            0.00 seconds
      

725247     data WORK._SPRIN3;
MPRINT(EM_DIAGRAM):   data WORK._SPRIN3;
725248     set WORK._SPRIN3;
MPRINT(EM_DIAGRAM):   set WORK._SPRIN3;
725249     if _SPRIN31=. then delete;
MPRINT(EM_DIAGRAM):   if _SPRIN31=. then delete;
725250     /* to delete _v_ variables */

NOTE: There were 13 observations read from the data set WORK._SPRIN3.
NOTE: The data set WORK._SPRIN3 has 13 observations and 8 variables.
NOTE: DATA statement used (Total process time):
      real time           0.00 seconds
      cpu time            0.00 seconds
      

725251     proc transpose data=WORK._SPRIN3 out=WORK._SPRIN3;
MPRINT(EM_DIAGRAM):   proc transpose data=WORK._SPRIN3 out=WORK._SPRIN3;
725252     run;
MPRINT(EM_DIAGRAM):   run;

NOTE: There were 13 observations read from the data set WORK._SPRIN3.
NOTE: The data set WORK._SPRIN3 has 6 observations and 14 variables.
NOTE: PROCEDURE TRANSPOSE used (Total process time):
      real time           0.00 seconds
      cpu time            0.00 seconds
      

725253     data WORK._SPRIN4;
MPRINT(EM_DIAGRAM):    data WORK._SPRIN4;
725254     set EMWS8.DMNeural3_ESTIMATE;
MPRINT(EM_DIAGRAM):   set EMWS8.DMNeural3_ESTIMATE;
725255     if _TYPE_^='_EIGVEC_' then delete;
MPRINT(EM_DIAGRAM):   if _TYPE_^='_EIGVEC_' then delete;
725256     if _STAGE_ ^='4' then delete;
MPRINT(EM_DIAGRAM):   if _STAGE_ ^='4' then delete;
725257     drop _TARGET_ _TYPE_ _STAGE_ _NAME_ _MEAN_ _STDEV_;
MPRINT(EM_DIAGRAM):   drop _TARGET_ _TYPE_ _STAGE_ _NAME_ _MEAN_ _STDEV_;

NOTE: Character values have been converted to numeric values at the places given by: 
      (Line):(Column).
      725256:14   
NOTE: There were 87 observations read from the data set EMWS8.DMNEURAL3_ESTIMATE.
NOTE: The data set WORK._SPRIN4 has 6 observations and 13 variables.
NOTE: DATA statement used (Total process time):
      real time           0.01 seconds
      cpu time            0.01 seconds
      

725258     proc transpose data=WORK._SPRIN4 out=WORK._SPRIN4 prefix=_SPRIN4;
MPRINT(EM_DIAGRAM):   proc transpose data=WORK._SPRIN4 out=WORK._SPRIN4 prefix=_SPRIN4;

NOTE: There were 6 observations read from the data set WORK._SPRIN4.
NOTE: The data set WORK._SPRIN4 has 13 observations and 8 variables.
NOTE: PROCEDURE TRANSPOSE used (Total process time):
      real time           0.00 seconds
      cpu time            0.00 seconds
      

725259     data WORK._SPRIN4;
MPRINT(EM_DIAGRAM):   data WORK._SPRIN4;
725260     set WORK._SPRIN4;
MPRINT(EM_DIAGRAM):   set WORK._SPRIN4;
725261     if _SPRIN41=. then delete;
MPRINT(EM_DIAGRAM):   if _SPRIN41=. then delete;
725262     /* to delete _v_ variables */

NOTE: There were 13 observations read from the data set WORK._SPRIN4.
NOTE: The data set WORK._SPRIN4 has 13 observations and 8 variables.
NOTE: DATA statement used (Total process time):
      real time           0.00 seconds
      cpu time            0.00 seconds
      

725263     proc transpose data=WORK._SPRIN4 out=WORK._SPRIN4;
MPRINT(EM_DIAGRAM):   proc transpose data=WORK._SPRIN4 out=WORK._SPRIN4;
725264     run;
MPRINT(EM_DIAGRAM):   run;

NOTE: There were 13 observations read from the data set WORK._SPRIN4.
NOTE: The data set WORK._SPRIN4 has 6 observations and 14 variables.
NOTE: PROCEDURE TRANSPOSE used (Total process time):
      real time           0.00 seconds
      cpu time            0.00 seconds
      

725265     data WORK._SPRIN5;
MPRINT(EM_DIAGRAM):    data WORK._SPRIN5;
725266     set EMWS8.DMNeural3_ESTIMATE;
MPRINT(EM_DIAGRAM):   set EMWS8.DMNeural3_ESTIMATE;
725267     if _TYPE_^='_EIGVEC_' then delete;
MPRINT(EM_DIAGRAM):   if _TYPE_^='_EIGVEC_' then delete;
725268     if _STAGE_ ^='5' then delete;
MPRINT(EM_DIAGRAM):   if _STAGE_ ^='5' then delete;
725269     drop _TARGET_ _TYPE_ _STAGE_ _NAME_ _MEAN_ _STDEV_;
MPRINT(EM_DIAGRAM):   drop _TARGET_ _TYPE_ _STAGE_ _NAME_ _MEAN_ _STDEV_;

NOTE: Character values have been converted to numeric values at the places given by: 
      (Line):(Column).
      725268:14   
NOTE: There were 87 observations read from the data set EMWS8.DMNEURAL3_ESTIMATE.
NOTE: The data set WORK._SPRIN5 has 3 observations and 13 variables.
NOTE: DATA statement used (Total process time):
      real time           0.00 seconds
      cpu time            0.00 seconds
      

725270     proc transpose data=WORK._SPRIN5 out=WORK._SPRIN5 prefix=_SPRIN5;
MPRINT(EM_DIAGRAM):   proc transpose data=WORK._SPRIN5 out=WORK._SPRIN5 prefix=_SPRIN5;

NOTE: There were 3 observations read from the data set WORK._SPRIN5.
NOTE: The data set WORK._SPRIN5 has 13 observations and 5 variables.
NOTE: PROCEDURE TRANSPOSE used (Total process time):
      real time           0.01 seconds
      cpu time            0.01 seconds
      

725271     data WORK._SPRIN5;
MPRINT(EM_DIAGRAM):   data WORK._SPRIN5;
725272     set WORK._SPRIN5;
MPRINT(EM_DIAGRAM):   set WORK._SPRIN5;
725273     if _SPRIN51=. then delete;
MPRINT(EM_DIAGRAM):   if _SPRIN51=. then delete;
725274     /* to delete _v_ variables */

NOTE: There were 13 observations read from the data set WORK._SPRIN5.
NOTE: The data set WORK._SPRIN5 has 13 observations and 5 variables.
NOTE: DATA statement used (Total process time):
      real time           0.00 seconds
      cpu time            0.00 seconds
      

725275     proc transpose data=WORK._SPRIN5 out=WORK._SPRIN5;
MPRINT(EM_DIAGRAM):   proc transpose data=WORK._SPRIN5 out=WORK._SPRIN5;
725276     run;
MPRINT(EM_DIAGRAM):   run;

NOTE: There were 13 observations read from the data set WORK._SPRIN5.
NOTE: The data set WORK._SPRIN5 has 3 observations and 14 variables.
NOTE: PROCEDURE TRANSPOSE used (Total process time):
      real time           0.01 seconds
      cpu time            0.01 seconds
      

MPRINT(EM_DIAGRAM):    proc printto;
MPRINT(EM_DIAGRAM):   run;
