 
                                                                                               
 
 
Fit Statistics

Target=DepVar Target Label=DepVar

   Fit
Statistics    Statistics Label                    Train    Validation

 _AIC_        Akaike's Information Criterion     733.14          .   
 _ASE_        Average Squared Error                0.04         0.05 
 _AVERR_      Average Error Function               0.15         0.15 
 _DFE_        Degrees of Freedom for Error      2352.00          .   
 _DFM_        Model Degrees of Freedom            22.00          .   
 _DFT_        Total Degrees of Freedom          2374.00          .   
 _DIV_        Divisor for ASE                   4748.00      2036.00 
 _ERR_        Error Function                     689.14       308.15 
 _FPE_        Final Prediction Error               0.04          .   
 _MAX_        Maximum Absolute Error               1.00         1.00 
 _MSE_        Mean Square Error                    0.04         0.05 
 _NOBS_       Sum of Frequencies                2374.00      1018.00 
 _NW_         Number of Estimate Weights          22.00          .   
 _RASE_       Root Average Sum of Squares          0.21         0.22 
 _RFPE_       Root Final Prediction Error          0.21          .   
 _RMSE_       Root Mean Squared Error              0.21         0.22 
 _SBC_        Schwarz's Bayesian Criterion       860.14          .   
 _SSE_        Sum of Squared Errors              209.14        94.72 
 _SUMW_       Sum of Case Weights Times Freq    4748.00      2036.00 
 _MISC_       Misclassification Rate               0.06         0.07 
 
                                                                                               
 
 
Classification Table

Data Role=TRAIN Target Variable=DepVar Target Label=DepVar

                       Target        Outcome     Frequency       Total
Target    Outcome    Percentage    Percentage      Count      Percentage

  0          0         95.5610       97.2208        1959        82.5190 
  1          0          4.4390       25.3482          91         3.8332 
  0          1         17.2840        2.7792          56         2.3589 
  1          1         82.7160       74.6518         268        11.2890 


Data Role=VALIDATE Target Variable=DepVar Target Label=DepVar

                       Target        Outcome     Frequency       Total
Target    Outcome    Percentage    Percentage      Count      Percentage

  0          0         95.1136       96.9873        837         82.2200 
  1          0          4.8864       27.7419         43          4.2240 
  0          1         18.8406        3.0127         26          2.5540 
  1          1         81.1594       72.2581        112         11.0020 
 
                                                                                               
 
 
Event Classification Table

Data Role=TRAIN Target=DepVar Target Label=DepVar

  False       True        False       True
Negative    Negative    Positive    Positive

   91         1959         56          268  


Data Role=VALIDATE Target=DepVar Target Label=DepVar

  False       True        False       True
Negative    Negative    Positive    Positive

   43          837         26          112  
 
                                                                                               
 
 
Assessment Score Rankings

Data Role=TRAIN Target Variable=DepVar Target Label=DepVar

                                                                                    Mean
                            Cumulative       %      Cumulative     Number of     Posterior
Depth      Gain     Lift       Lift      Response   % Response   Observations   Probability

   5    555.724   6.55724     6.55724     99.1597     99.1597         119         0.98739  
  10    497.376   5.39028     5.97376     81.5126     90.3361         119         0.82504  
  15    424.209   3.77875     5.24209     57.1429     79.2717         119         0.55910  
  20    341.318   1.90539     4.41318     28.8136     66.7368         118         0.31666  
  25    278.511   1.27811     3.78511     19.3277     57.2391         119         0.16996  
  30    223.685   0.50013     3.23685      7.5630     48.9481         119         0.09453  
  35    182.497   0.33624     2.82497      5.0847     42.7196         118         0.04581  
  40    148.503   0.11114     2.48503      1.6807     37.5789         119         0.02154  
  45    120.840   0.00000     2.20840      0.0000     33.3957         119         0.00834  
  50     98.886   0.00000     1.98886      0.0000     30.0758         118         0.00360  
  55     81.270   0.05557     1.81270      0.8403     27.4119         119         0.00137  
  60     66.132   0.00000     1.66132      0.0000     25.1228         119         0.00043  
  65     53.756   0.05557     1.53756      0.8403     23.2513         119         0.00013  
  70     42.840   0.00000     1.42840      0.0000     21.6005         118         0.00003  
  75     33.296   0.00000     1.33296      0.0000     20.1572         119         0.00001  
  80     24.947   0.00000     1.24947      0.0000     18.8947         119         0.00000  
  85     17.641   0.00000     1.17641      0.0000     17.7899         118         0.00000  
  90     11.090   0.00000     1.11090      0.0000     16.7993         119         0.00000  
  95      5.230   0.00000     1.05230      0.0000     15.9131         119         0.00000  
 100      0.000   0.00000     1.00000      0.0000     15.1222         118         0.00000  


Data Role=VALIDATE Target Variable=DepVar Target Label=DepVar

                                                                                    Mean
                            Cumulative       %      Cumulative     Number of     Posterior
Depth      Gain     Lift       Lift      Response   % Response   Observations   Probability

   5    531.018   6.31018     6.31018     96.0784     96.0784         51          0.98324  
  10    485.946   5.40873     5.85946     82.3529     89.2157         51          0.81764  
  15    419.410   3.86338     5.19410     58.8235     79.0850         51          0.55528  
  20    350.727   2.44681     4.50727     37.2549     68.6275         51          0.33803  
  25    278.611   0.90145     3.78611     13.7255     57.6471         51          0.19431  
  30    226.241   0.64390     3.26241      9.8039     49.6732         51          0.11328  
  35    183.314   0.25756     2.83314      3.9216     43.1373         51          0.05375  
  40    147.900   0.00000     2.47900      0.0000     37.7451         51          0.02496  
  45    120.356   0.00000     2.20356      0.0000     33.5512         51          0.01071  
  50     98.710   0.00000     1.98710      0.0000     30.2554         50          0.00427  
  55     81.786   0.12878     1.81786      1.9608     27.6786         51          0.00165  
  60     66.612   0.00000     1.66612      0.0000     25.3682         51          0.00057  
  65     53.776   0.00000     1.53776      0.0000     23.4139         51          0.00015  
  70     42.777   0.00000     1.42777      0.0000     21.7391         51          0.00004  
  75     33.246   0.00000     1.33246      0.0000     20.2880         51          0.00001  
  80     24.908   0.00000     1.24908      0.0000     19.0184         51          0.00000  
  85     17.552   0.00000     1.17552      0.0000     17.8984         51          0.00000  
  90     11.014   0.00000     1.11014      0.0000     16.9029         51          0.00000  
  95      5.165   0.00000     1.05165      0.0000     16.0124         51          0.00000  
 100      0.000   0.00000     1.00000      0.0000     15.2259         50          0.00000  
 
                                                                                               
 
 
Assessment Score Distribution

Data Role=TRAIN Target Variable=DepVar Target Label=DepVar

 Posterior     Number                     Mean
Probability      of      Number of     Posterior
   Range       Events    Nonevents    Probability    Percentage

 0.95-1.00       115           1        0.98852         4.8863 
 0.90-0.95        29           1        0.92525         1.2637 
 0.85-0.90        22           2        0.87769         1.0110 
 0.80-0.85        16           6        0.82080         0.9267 
 0.75-0.80        14           4        0.77764         0.7582 
 0.70-0.75        17           6        0.72421         0.9688 
 0.65-0.70        19           6        0.67329         1.0531 
 0.60-0.65        16           9        0.62478         1.0531 
 0.55-0.60        12           9        0.57696         0.8846 
 0.50-0.55         8          12        0.52240         0.8425 
 0.45-0.50        10           7        0.47420         0.7161 
 0.40-0.45         9          15        0.42485         1.0110 
 0.35-0.40        13          17        0.37696         1.2637 
 0.30-0.35         7          27        0.32435         1.4322 
 0.25-0.30         7          20        0.26882         1.1373 
 0.20-0.25         8          35        0.22368         1.8113 
 0.15-0.20        12          51        0.16985         2.6537 
 0.10-0.15        11          69        0.12385         3.3698 
 0.05-0.10         5         106        0.07244         4.6757 
 0.00-0.05         9        1612        0.00453        68.2814 


Data Role=VALIDATE Target Variable=DepVar Target Label=DepVar

 Posterior     Number                     Mean
Probability      of      Number of     Posterior
   Range       Events    Nonevents    Probability    Percentage

 0.95-1.00       44           1         0.98939         4.4204 
 0.90-0.95        9           2         0.92615         1.0806 
 0.85-0.90        9           3         0.87361         1.1788 
 0.80-0.85       13           2         0.82094         1.4735 
 0.75-0.80       11           2         0.76568         1.2770 
 0.70-0.75        6           1         0.72884         0.6876 
 0.65-0.70        4           2         0.66596         0.5894 
 0.60-0.65        7           3         0.62242         0.9823 
 0.55-0.60        3           4         0.58237         0.6876 
 0.50-0.55        6           6         0.51658         1.1788 
 0.45-0.50        8           6         0.47562         1.3752 
 0.40-0.45        6           5         0.43014         1.0806 
 0.35-0.40        5           7         0.37730         1.1788 
 0.30-0.35        4           9         0.32327         1.2770 
 0.25-0.30        3           9         0.27164         1.1788 
 0.20-0.25        4          20         0.22401         2.3576 
 0.15-0.20        5          25         0.17827         2.9470 
 0.10-0.15        3          34         0.12468         3.6346 
 0.05-0.10        4          40         0.07075         4.3222 
 0.00-0.05        1         682         0.00454        67.0923 
