 
                                                                                               
 
 
Fit Statistics

Target=DepVar Target Label=DepVar

   Fit
Statistics    Statistics Label                     Train    Validation

 _DFT_        Total Degrees of Freedom           2374.00          .   
 _DFE_        Degrees of Freedom for Error       2313.00          .   
 _DFM_        Model Degrees of Freedom             61.00          .   
 _NW_         Number of Estimated Weights          61.00          .   
 _AIC_        Akaike's Information Criterion     1100.36          .   
 _SBC_        Schwarz's Bayesian Criterion       1452.47          .   
 _ASE_        Average Squared Error                 0.06         0.07 
 _MAX_        Maximum Absolute Error                0.99         0.99 
 _DIV_        Divisor for ASE                    4748.00      2036.00 
 _NOBS_       Sum of Frequencies                 2374.00      1018.00 
 _RASE_       Root Average Squared Error            0.25         0.27 
 _SSE_        Sum of Squared Errors               294.87       143.20 
 _SUMW_       Sum of Case Weights Times Freq     4748.00      2036.00 
 _FPE_        Final Prediction Error                0.07          .   
 _MSE_        Mean Squared Error                    0.06         0.07 
 _RFPE_       Root Final Prediction Error           0.26          .   
 _RMSE_       Root Mean Squared Error               0.25         0.27 
 _AVERR_      Average Error Function                0.21         0.23 
 _ERR_        Error Function                      978.36       467.26 
 _MISC_       Misclassification Rate                0.08         0.10 
 _WRONG_      Number of Wrong Classifications     197.00       101.00 
 
                                                                                               
 
 
Classification Table

Data Role=TRAIN Target Variable=DepVar Target Label=DepVar

                       Target        Outcome     Frequency       Total
Target    Outcome    Percentage    Percentage      Count      Percentage

  0          0         93.2445       97.2705        1960        82.5611 
  1          0          6.7555       39.5543         142         5.9815 
  0          1         20.2206        2.7295          55         2.3168 
  1          1         79.7794       60.4457         217         9.1407 


Data Role=VALIDATE Target Variable=DepVar Target Label=DepVar

                       Target        Outcome     Frequency       Total
Target    Outcome    Percentage    Percentage      Count      Percentage

  0          0         92.2395       96.4079        832         81.7289 
  1          0          7.7605       45.1613         70          6.8762 
  0          1         26.7241        3.5921         31          3.0452 
  1          1         73.2759       54.8387         85          8.3497 
 
                                                                                               
 
 
Event Classification Table

Data Role=TRAIN Target=DepVar Target Label=DepVar

  False       True        False       True
Negative    Negative    Positive    Positive

   142        1960         55          217  


Data Role=VALIDATE Target=DepVar Target Label=DepVar

  False       True        False       True
Negative    Negative    Positive    Positive

   70          832         31          85   
 
                                                                                               
 
 
Assessment Score Rankings

Data Role=TRAIN Target Variable=DepVar Target Label=DepVar

                                                                                    Mean
                            Cumulative       %      Cumulative     Number of     Posterior
Depth      Gain     Lift       Lift      Response   % Response   Observations   Probability

   5    527.939   6.27939     6.27939     94.9580     94.9580         119         0.94280  
  10    441.806   4.55673     5.41806     68.9076     81.9328         119         0.70792  
  15    364.934   3.11191     4.64934     47.0588     70.3081         119         0.46450  
  20    299.553   2.01747     3.99553     30.5085     60.4211         118         0.29608  
  25    236.207   0.83355     3.36207     12.6050     50.8418         119         0.19341  
  30    199.571   1.16697     2.99571     17.6471     45.3015         119         0.12675  
  35    167.377   0.72853     2.67377     11.0169     40.4332         118         0.09093  
  40    135.973   0.16671     2.35973      2.5210     35.6842         119         0.06426  
  45    114.654   0.44456     2.14654      6.7227     32.4602         119         0.04428  
  50     95.543   0.22416     1.95543      3.3898     29.5703         118         0.03151  
  55     80.257   0.27785     1.80257      4.2017     27.2588         119         0.02121  
  60     66.132   0.11114     1.66132      1.6807     25.1228         119         0.01374  
  65     53.756   0.05557     1.53756      0.8403     23.2513         119         0.00945  
  70     42.840   0.00000     1.42840      0.0000     21.6005         118         0.00655  
  75     33.296   0.00000     1.33296      0.0000     20.1572         119         0.00457  
  80     24.947   0.00000     1.24947      0.0000     18.8947         119         0.00336  
  85     17.641   0.00000     1.17641      0.0000     17.7899         118         0.00260  
  90     11.090   0.00000     1.11090      0.0000     16.7993         119         0.00194  
  95      5.230   0.00000     1.05230      0.0000     15.9131         119         0.00141  
 100      0.000   0.00000     1.00000      0.0000     15.1222         118         0.00102  


Data Role=VALIDATE Target Variable=DepVar Target Label=DepVar

                                                                                    Mean
                            Cumulative       %      Cumulative     Number of     Posterior
Depth      Gain     Lift       Lift      Response   % Response   Observations   Probability

   5    453.751   5.53751     5.53751     84.3137     84.3137         51          0.92280  
  10    408.678   4.63605     5.08678     70.5882     77.4510         51          0.68011  
  15    342.142   3.09070     4.42142     47.0588     67.3203         51          0.47080  
  20    276.679   1.80291     3.76679     27.4510     57.3529         51          0.30830  
  25    232.250   1.54535     3.32250     23.5294     50.5882         51          0.20815  
  30    202.631   1.54535     3.02631     23.5294     46.0784         51          0.13472  
  35    166.757   0.51512     2.66757      7.8431     40.6162         51          0.08633  
  40    136.632   0.25756     2.36632      3.9216     36.0294         51          0.05811  
  45    111.770   0.12878     2.11770      1.9608     32.2440         51          0.04008  
  50     94.839   0.39406     1.94839      6.0000     29.6660         50          0.02902  
  55     79.440   0.25756     1.79440      3.9216     27.3214         51          0.02135  
  60     64.462   0.00000     1.64462      0.0000     25.0409         51          0.01507  
  65     53.776   0.25756     1.53776      3.9216     23.4139         51          0.01040  
  70     42.777   0.00000     1.42777      0.0000     21.7391         51          0.00760  
  75     33.246   0.00000     1.33246      0.0000     20.2880         51          0.00505  
  80     24.908   0.00000     1.24908      0.0000     19.0184         51          0.00364  
  85     17.552   0.00000     1.17552      0.0000     17.8984         51          0.00277  
  90     11.014   0.00000     1.11014      0.0000     16.9029         51          0.00197  
  95      5.165   0.00000     1.05165      0.0000     16.0124         51          0.00140  
 100      0.000   0.00000     1.00000      0.0000     15.2259         50          0.00104  
 
                                                                                               
 
 
Assessment Score Distribution

Data Role=TRAIN Target Variable=DepVar Target Label=DepVar

 Posterior     Number                     Mean
Probability      of      Number of     Posterior
   Range       Events    Nonevents    Probability    Percentage

 0.95-1.00       63            0        0.97965         2.6537 
 0.90-0.95       26            3        0.93208         1.2216 
 0.85-0.90       20            3        0.87242         0.9688 
 0.80-0.85       16            1        0.82373         0.7161 
 0.75-0.80       23            3        0.77755         1.0952 
 0.70-0.75       19            5        0.72255         1.0110 
 0.65-0.70       13           12        0.67834         1.0531 
 0.60-0.65       12            9        0.62765         0.8846 
 0.55-0.60        9           11        0.57961         0.8425 
 0.50-0.55       16            8        0.52878         1.0110 
 0.45-0.50       12           17        0.48038         1.2216 
 0.40-0.45       14           22        0.42693         1.5164 
 0.35-0.40       12           22        0.37128         1.4322 
 0.30-0.35       14           27        0.32303         1.7270 
 0.25-0.30       15           29        0.27340         1.8534 
 0.20-0.25        6           64        0.22539         2.9486 
 0.15-0.20       12           56        0.17488         2.8644 
 0.10-0.15       27          117        0.12277         6.0657 
 0.05-0.10       11          219        0.07266         9.6883 
 0.00-0.05       19         1387        0.01130        59.2249 


Data Role=VALIDATE Target Variable=DepVar Target Label=DepVar

 Posterior     Number                     Mean
Probability      of      Number of     Posterior
   Range       Events    Nonevents    Probability    Percentage

 0.95-1.00       23           1         0.98458         2.3576 
 0.90-0.95       10           0         0.91886         0.9823 
 0.85-0.90        4           3         0.88123         0.6876 
 0.80-0.85        2           3         0.82179         0.4912 
 0.75-0.80       10           3         0.78063         1.2770 
 0.70-0.75       12           2         0.73030         1.3752 
 0.65-0.70        7           3         0.67505         0.9823 
 0.60-0.65        6           5         0.62615         1.0806 
 0.55-0.60        6           6         0.57271         1.1788 
 0.50-0.55        5           5         0.53560         0.9823 
 0.45-0.50        8           9         0.47323         1.6699 
 0.40-0.45        9           7         0.42546         1.5717 
 0.35-0.40        4           9         0.37636         1.2770 
 0.30-0.35        8          14         0.31547         2.1611 
 0.25-0.30        3          16         0.27443         1.8664 
 0.20-0.25        7          25         0.22203         3.1434 
 0.15-0.20       11          26         0.17672         3.6346 
 0.10-0.15        7          34         0.11713         4.0275 
 0.05-0.10        5          85         0.07123         8.8409 
 0.00-0.05        8         607         0.01191        60.4126 
