MPRINT(EM_DIAGRAM):    data _null_;
MPRINT(EM_DIAGRAM):   call symput('NLDATE', strip(put(date(), NLDATE.)));
MPRINT(EM_DIAGRAM):   call symput('NLTIME', strip(put(datetime(), NLTIME.)));
MPRINT(EM_DIAGRAM):   run;
MPRINT(EM_DIAGRAM):   data _null_;
MPRINT(EM_DIAGRAM):   nldate= sasmsg("sashelp.dmine", "log_date_note", 'N', "19. April 2016" );
MPRINT(EM_DIAGRAM):   nltime= sasmsg("sashelp.dmine", "log_time_note", 'N', "11.10 Uhr" );
MPRINT(EM_DIAGRAM):   put "*------------------------------------------------------------*";
MPRINT(EM_DIAGRAM):   put "* Training Log";
MPRINT(EM_DIAGRAM):   put nldate;
MPRINT(EM_DIAGRAM):   put nltime;
MPRINT(EM_DIAGRAM):   put "*------------------------------------------------------------*";
MPRINT(EM_DIAGRAM):   run;
*------------------------------------------------------------*
* Training Log
Date:                19. April 2016
Time:                11.10 Uhr
*------------------------------------------------------------*
MPRINT(EM_DIAGRAM):    filename O2GQKE49 
"C:\\predictive-models-project\Workspaces\EMWS8\Neural14\EMTRAIN.out" encoding="UTF-8" NOBOM;
MPRINT(EM_DIAGRAM):   proc printto print=O2GQKE49 new;
MPRINT(EM_DIAGRAM):   run;
MPRINT(EM_DIAGRAM):    filename _LOG 
"C:\\predictive-models-project\Workspaces\EMWS8\Neural14\EMLOG.log" encoding="UTF-8" NOBOM;
MPRINT(EM_DIAGRAM):    data _null_;
MPRINT(EM_DIAGRAM):   call symput('NLDATE', strip(put(date(), NLDATE.)));
MPRINT(EM_DIAGRAM):   call symput('NLTIME', strip(put(datetime(), NLTIME.)));
MPRINT(EM_DIAGRAM):   run;
MPRINT(EM_DIAGRAM):   data _null_;
MPRINT(EM_DIAGRAM):   nldate= sasmsg("sashelp.dmine", "log_date_note", 'N', "19. April 2016" );
MPRINT(EM_DIAGRAM):   nltime= sasmsg("sashelp.dmine", "log_time_note", 'N', "11.10 Uhr" );
MPRINT(EM_DIAGRAM):   file _LOG;
MPRINT(EM_DIAGRAM):   put "*------------------------------------------------------------*";
MPRINT(EM_DIAGRAM):   put "User:                Lukas Fahr";
MPRINT(EM_DIAGRAM):   put nldate;
MPRINT(EM_DIAGRAM):   put nltime;
MPRINT(EM_DIAGRAM):   put "Site:                70107571";
MPRINT(EM_DIAGRAM):   put "Platform:            X64_7PRO";
MPRINT(EM_DIAGRAM):   put "Maintenance Release: 9.03.01M2P081512";
MPRINT(EM_DIAGRAM):   put "EM Version:          12.1";
MPRINT(EM_DIAGRAM):   put "* ";
MPRINT(EM_DIAGRAM):   run;
MPRINT(EM_DIAGRAM):    filename _LOGIN 
"C:\\predictive-models-project\Workspaces\EMWS8\Neural14\EMTRAIN.log" encoding="UTF-8" NOBOM;
MPRINT(EM_COPYFILE):   data _null_;
MPRINT(EM_COPYFILE):   length line $20000;
MPRINT(EM_COPYFILE):   file _LOG MOD lrecl=20000;
MPRINT(EM_COPYFILE):   fid=fopen("_LOGIN",'i',20000,'v');
MPRINT(EM_COPYFILE):   if fid > 0 then do;
MPRINT(EM_COPYFILE):   do while(^fread(fid));
MPRINT(EM_COPYFILE):   rlen = frlen(fid);
MPRINT(EM_COPYFILE):   rc= fget(fid,line,20000);
MPRINT(EM_COPYFILE):   start = length(line)-length(left(line))+1;
MPRINT(EM_COPYFILE):   line=strip(line);
MPRINT(EM_COPYFILE):   put @start line;
MPRINT(EM_COPYFILE):   end;
MPRINT(EM_COPYFILE):   if fid > 0 then rc=fclose(fid);
MPRINT(EM_COPYFILE):   end;
MPRINT(EM_COPYFILE):   run;
MPRINT(EM_DIAGRAM):  ;
MPRINT(EM_DIAGRAM):   filename _LOGIN;
MPRINT(EM_DIAGRAM):    data _null_;
MPRINT(EM_DIAGRAM):   file _LOG mod;
MPRINT(EM_DIAGRAM):   put _page_;
MPRINT(EM_DIAGRAM):   run;
MPRINT(EM_DIAGRAM):   filename _LOGIN 
"C:\\predictive-models-project\Workspaces\EMWS8\Neural14\EMSCORE.log" encoding="UTF-8" NOBOM;
MPRINT(EM_DIAGRAM):  ;
MPRINT(EM_DIAGRAM):   data _null_;
MPRINT(EM_DIAGRAM):   file _LOG mod;
MPRINT(EM_DIAGRAM):   put _page_;
MPRINT(EM_DIAGRAM):   run;
MPRINT(EM_DIAGRAM):    filename _LOGIN 
"C:\\predictive-models-project\Workspaces\EMWS8\Neural14\EMREPORT.log" encoding="UTF-8" NOBOM;
MPRINT(EM_DIAGRAM):  ;
MPRINT(EM_DIAGRAM):   filename _LOGIN;
MPRINT(EM_DIAGRAM):    filename _LOG;
MPRINT(EM_DIAGRAM):    filename _OUT 
"C:\\predictive-models-project\Workspaces\EMWS8\Neural14\EMOUTPUT.out" encoding="UTF-8" NOBOM;
MPRINT(EM_DIAGRAM):    data _null_;
MPRINT(EM_DIAGRAM):   call symput('NLDATE', strip(put(date(), NLDATE.)));
MPRINT(EM_DIAGRAM):   call symput('NLTIME', strip(put(datetime(), NLTIME.)));
MPRINT(EM_DIAGRAM):   run;
MPRINT(EM_DIAGRAM):   data _null_;
MPRINT(EM_DIAGRAM):   nldate= sasmsg("sashelp.dmine", "log_date_note", 'N', "19. April 2016" );
MPRINT(EM_DIAGRAM):   nltime= sasmsg("sashelp.dmine", "log_time_note", 'N', "11.10 Uhr" );
MPRINT(EM_DIAGRAM):   file _OUT;
MPRINT(EM_DIAGRAM):   put "*------------------------------------------------------------*";
MPRINT(EM_DIAGRAM):   put "User:                Lukas Fahr";
MPRINT(EM_DIAGRAM):   put nldate;
MPRINT(EM_DIAGRAM):   put nltime;
MPRINT(EM_DIAGRAM):   put "*------------------------------------------------------------*";
MPRINT(EM_DIAGRAM):   put "* Training Output";
MPRINT(EM_DIAGRAM):   put "*------------------------------------------------------------*";
MPRINT(EM_DIAGRAM):   run;
MPRINT(EM_DIAGRAM):    filename _OUTIN 
"C:\\predictive-models-project\Workspaces\EMWS8\Neural14\EMTRAIN.out" encoding="UTF-8" NOBOM;
MPRINT(EM_DIAGRAM):   ;
MPRINT(EM_COPYFILE):   data _null_;
MPRINT(EM_COPYFILE):   length line $20000;
MPRINT(EM_COPYFILE):   file _OUT MOD lrecl=20000;
MPRINT(EM_COPYFILE):   fid=fopen("_OUTIN",'i',20000,'v');
MPRINT(EM_COPYFILE):   if fid > 0 then do;
MPRINT(EM_COPYFILE):   do while(^fread(fid));
MPRINT(EM_COPYFILE):   rlen = frlen(fid);
MPRINT(EM_COPYFILE):   rc= fget(fid,line,20000);
MPRINT(EM_COPYFILE):   start = length(line)-length(left(line))+1;
MPRINT(EM_COPYFILE):   line=strip(line);
MPRINT(EM_COPYFILE):   put @start line;
MPRINT(EM_COPYFILE):   end;
MPRINT(EM_COPYFILE):   if fid > 0 then rc=fclose(fid);
MPRINT(EM_COPYFILE):   end;
MPRINT(EM_COPYFILE):   run;
MPRINT(EM_DIAGRAM):  ;
MPRINT(EM_DIAGRAM):   filename _OUTIN;
MPRINT(EM_DIAGRAM):    data _null_;
MPRINT(EM_DIAGRAM):   file _OUT mod;
MPRINT(EM_DIAGRAM):   put _page_;
MPRINT(EM_DIAGRAM):   put // "*------------------------------------------------------------*";
MPRINT(EM_DIAGRAM):   put "* Score Output";
MPRINT(EM_DIAGRAM):   put "*------------------------------------------------------------*";
MPRINT(EM_DIAGRAM):   run;
MPRINT(EM_DIAGRAM):    filename _OUTIN 
"C:\\predictive-models-project\Workspaces\EMWS8\Neural14\EMSCORE.out" encoding="UTF-8" NOBOM;
MPRINT(EM_DIAGRAM):  ;
MPRINT(EM_DIAGRAM):   filename _OUTIN;
MPRINT(EM_DIAGRAM):    data _null_;
MPRINT(EM_DIAGRAM):   file _OUT mod;
MPRINT(EM_DIAGRAM):   put _page_;
MPRINT(EM_DIAGRAM):   put // "*------------------------------------------------------------*";
MPRINT(EM_DIAGRAM):   put "* Report Output";
MPRINT(EM_DIAGRAM):   put "*------------------------------------------------------------*";
MPRINT(EM_DIAGRAM):   run;
MPRINT(EM_DIAGRAM):    filename _OUTIN 
"C:\\predictive-models-project\Workspaces\EMWS8\Neural14\EMREPORT.out" encoding="UTF-8" NOBOM;
MPRINT(EM_DIAGRAM):  ;
MPRINT(EM_DIAGRAM):   filename _OUTIN;
MPRINT(EM_DIAGRAM):    filename _OUT;
MPRINT(EM_DIAGRAM):    filename _emtool_ 
'C:\\predictive-models-project\Workspaces\EMWS8\Neural14\EMRUNSTATUS.xml' encoding="UTF-8" 
NOBOM;
611294     proc freq data=EMWS8.Neural14_VariableSet noprint;
MPRINT(EM_DIAGRAM):    proc freq data=EMWS8.Neural14_VariableSet noprint;
611295     table ROLE*LEVEL/out=WORK.Neural14META;
MPRINT(EM_DIAGRAM):   table ROLE*LEVEL/out=WORK.Neural14META;
611296     run;
MPRINT(EM_DIAGRAM):   run;

NOTE: There were 19 observations read from the data set EMWS8.NEURAL14_VARIABLESET.
NOTE: The data set WORK.NEURAL14META has 2 observations and 4 variables.
NOTE: PROCEDURE FREQ used (Total process time):
      real time           0.02 seconds
      cpu time            0.03 seconds
      

611297     proc print data=WORK.Neural14META label noobs;
MPRINT(EM_DIAGRAM):   proc print data=WORK.Neural14META label noobs;
611298     var ROLE LEVEL COUNT;
MPRINT(EM_DIAGRAM):   var ROLE LEVEL COUNT;
611299     label ROLE = "%sysfunc(sasmsg(sashelp.dmine, meta_role_vlabel, NOQUOTE))" LEVEL =
611299   ! "%sysfunc(sasmsg(sashelp.dmine, meta_level_vlabel, NOQUOTE))" COUNT =
611299   ! "%sysfunc(sasmsg(sashelp.dmine, rpt_count_vlabel, NOQUOTE))";
MPRINT(EM_DIAGRAM):   label ROLE = "Role" LEVEL = "Measurement Level" COUNT = "Frequency 
Count";
611300     title9 ' ';
MPRINT(EM_DIAGRAM):   title9 ' ';
611301     title10 "%sysfunc(sasmsg(sashelp.dmine, rpt_varSummary_title  , NOQUOTE))";
MPRINT(EM_DIAGRAM):   title10 "Variable Summary";
MPRINT(EM_DIAGRAM):   run;
611302     run;

NOTE: There were 2 observations read from the data set WORK.NEURAL14META.
NOTE: The PROCEDURE PRINT printed page 521.
NOTE: PROCEDURE PRINT used (Total process time):
      real time           0.02 seconds
      cpu time            0.00 seconds
      

611303     title10;
MPRINT(EM_DIAGRAM):   title10;
611304     %let EMNORLEN = %DMNORLEN;
MPRINT(EM_DIAGRAM):   
EMWS8.PRINCOMP_TRAIN EMWS8.PRINCOMP_TRAIN 
EMWS8.PRINCOMP_TRAIN EMWS8.PRINCOMP_TRAIN EMWS8 PRINCOMP_TRAIN 
EMWS8.PRINCOMP_TRAIN EMWS8.PRINCOMP_TRAIN 
EMWS8.PRINCOMP_TRAIN EMWS8.PRINCOMP_TRAIN EMWS8 PRINCOMP_TRAIN 
MPRINT(EM_DIAGRAM):    proc dmdb data=EMWS8.PRINCOMP_TRAIN 
classout=WORK._DMDBCLASSTARGET(keep=NAME NRAW CRAW LEVEL FREQUENCY NMISSPERCENT);
MPRINT(EM_DIAGRAM):   class DepVar(DESC) ;
MPRINT(EM_DIAGRAM):   run;
Executing  SASHELP.EMCORE.EMINFOITERATOR.SCL _INIT >> 
Executing  SASHELP.EMCORE.EMINFOITERATOR.SCL setMetaData >> 
Executing  SASHELP.EMCORE.EMINFOITERATOR.SCL next >> 
Executing  SASHELP.EMCORE.EMINFOITERATOR.SCL setMetaData >> 
Executing  SASHELP.EMCORE.EMINFOITERATOR.SCL next >> 
Executing  SASHELP.EMCORE.EMINFOITERATOR.SCL _term >> 
MPRINT(EM_DIAGRAM):    data _null_;
MPRINT(EM_DIAGRAM):   set WORK._DMDBCLASSTARGET;
MPRINT(EM_DIAGRAM):   where ^(NRAW eq . and CRAW eq '') and NAME="DepVar";
MPRINT(EM_DIAGRAM):   if _N_=1 then call symput('_newevent', strip(LEVEL));
MPRINT(EM_DIAGRAM):   run;
MPRINT(EM_DIAGRAM):   proc sort data=WORK._DMDBCLASSTARGET out=_TEMPCLASS(keep=LEVEL FREQUENCY 
NMISSPERCENT rename=(LEVEL=DepVar));
MPRINT(EM_DIAGRAM):   by LEVEL;
MPRINT(EM_DIAGRAM):   where ^(NRAW eq . and CRAW eq '') and NAME="DepVar";
MPRINT(EM_DIAGRAM):   run;
MPRINT(EM_DIAGRAM):   data _TEMPCLASS;
MPRINT(EM_DIAGRAM):   set _TEMPCLASS;
MPRINT(EM_DIAGRAM):   NMISSPERCENT= NMISSPERCENT/100;
MPRINT(EM_DIAGRAM):   run;
MPRINT(EM_DIAGRAM):    data _sortedDecData;
MPRINT(EM_DIAGRAM):   set EMWS8.Neural14_DepVar_DD;
MPRINT(EM_DIAGRAM):   _levelorder_=_N_;
MPRINT(EM_DIAGRAM):   run;
MPRINT(EM_DIAGRAM):   proc sort data=_sortedDecdata;
MPRINT(EM_DIAGRAM):   by DepVar;
MPRINT(EM_DIAGRAM):   run;
MPRINT(EM_DIAGRAM):   data _null_;
MPRINT(EM_DIAGRAM):   merge _TEMPCLASS(in=_a) _sortedDecdata(in=_b);
MPRINT(EM_DIAGRAM):   by DepVar;
MPRINT(EM_DIAGRAM):   if (_a and ^_b) or (^_a and _b) then call symput('_emresetDec', '1');
MPRINT(EM_DIAGRAM):   run;
MPRINT(EM_DIAGRAM):    data EMWS8.Neural14_DepVar_DD;
MPRINT(EM_DIAGRAM):   set EMWS8.Neural14_DepVar_DD;
MPRINT(EM_DIAGRAM):   _levelorder_=_N_;
MPRINT(EM_DIAGRAM):   run;
MPRINT(EM_DIAGRAM):   proc sort data=EMWS8.Neural14_DepVar_DD;
MPRINT(EM_DIAGRAM):   by DepVar;
MPRINT(EM_DIAGRAM):   run;
MPRINT(EM_DIAGRAM):   data EMWS8.Neural14_DepVar_DD;
MPRINT(EM_DIAGRAM):   merge EMWS8.Neural14_DepVar_DD 
_TEMPCLASS(rename=(NMISSPERCENT=TRAINPRIOR FREQUENCY=COUNT));
MPRINT(EM_DIAGRAM):   by DepVar;
MPRINT(EM_DIAGRAM):   run;
MPRINT(EM_DIAGRAM):   proc sort data=EMWS8.Neural14_DepVar_DD 
out=EMWS8.Neural14_DepVar_DD(drop=_levelorder_);
MPRINT(EM_DIAGRAM):   by _levelorder_;
MPRINT(EM_DIAGRAM):   run;
611351     data WORK.Neural14_EVENT(KEEP=VARIABLE LABEL LEVEL EVENT NUMLEVELS ORDER);
MPRINT(EM_DIAGRAM):    data WORK.Neural14_EVENT(KEEP=VARIABLE LABEL LEVEL EVENT NUMLEVELS 
ORDER);
611352     length ORDER $20;
MPRINT(EM_DIAGRAM):   length ORDER $20;
611353     label VARIABLE = "%sysfunc(sasmsg(sashelp.dmine, rpt_target_vlabel,  NOQUOTE))"
611353   ! EVENT = "%sysfunc(sasmsg(sashelp.dmine, assmt_event_vlabel, NOQUOTE))" NUMLEVELS =
611353   ! "%sysfunc(sasmsg(sashelp.dmine, rpt_numcat_vlabel, NOQUOTE))" LEVEL =
611354        "%sysfunc(sasmsg(sashelp.dmine, meta_level_vlabel, NOQUOTE))" ORDER =
611354   ! "%sysfunc(sasmsg(sashelp.dmine, meta_order_vlabel, NOQUOTE))" LABEL =
611354   ! "%sysfunc(sasmsg(sashelp.dmine, meta_label_vlabel, NOQUOTE))";
MPRINT(EM_DIAGRAM):   label VARIABLE = "Target" EVENT = "Event" NUMLEVELS = "Number of Levels" 
LEVEL = "Measurement Level" ORDER = "Order" LABEL = "Label";
611355     set EMWS8.NEURAL14_DEPVAR_DM( where=(_TYPE_="TARGET"));
MPRINT(EM_DIAGRAM):   set EMWS8.NEURAL14_DEPVAR_DM( where=(_TYPE_="TARGET"));
611356     NumLevels=2;
MPRINT(EM_DIAGRAM):   NumLevels=2;
611357     select(upcase(ORDER));
MPRINT(EM_DIAGRAM):   select(upcase(ORDER));
611358     when('DESC') ORDER = 'Descending';
MPRINT(EM_DIAGRAM):   when('DESC') ORDER = 'Descending';
611359     when('ASC') ORDER = 'Ascending';
MPRINT(EM_DIAGRAM):   when('ASC') ORDER = 'Ascending';
611360     when('FMTDESC') ORDER = 'Formatted Descending';
MPRINT(EM_DIAGRAM):   when('FMTDESC') ORDER = 'Formatted Descending';
611361     when('FMTASC') ORDER = 'Formatted Ascending';
MPRINT(EM_DIAGRAM):   when('FMTASC') ORDER = 'Formatted Ascending';
611362     otherwise ORDER = 'Descending';
MPRINT(EM_DIAGRAM):   otherwise ORDER = 'Descending';
611363     end;
MPRINT(EM_DIAGRAM):   end;
611364     output;
MPRINT(EM_DIAGRAM):   output;
611365     run;
MPRINT(EM_DIAGRAM):   run;

NOTE: There were 1 observations read from the data set EMWS8.NEURAL14_DEPVAR_DM.
      WHERE _TYPE_='TARGET';
NOTE: The data set WORK.NEURAL14_EVENT has 1 observations and 6 variables.
NOTE: DATA statement used (Total process time):
      real time           0.02 seconds
      cpu time            0.03 seconds
      

611366     title9 ' ';
MPRINT(EM_DIAGRAM):   title9 ' ';
611367     proc print data=WORK.Neural14_EVENT noobs label;
MPRINT(EM_DIAGRAM):   proc print data=WORK.Neural14_EVENT noobs label;
611368     var VARIABLE EVENT LEVEL NUMLEVELS ORDER LABEL;
MPRINT(EM_DIAGRAM):   var VARIABLE EVENT LEVEL NUMLEVELS ORDER LABEL;
611369     title9 ' ';
MPRINT(EM_DIAGRAM):   title9 ' ';
611370     title10 "%sysfunc(sasmsg(sashelp.dmine, rpt_modelEvent_title  , NOQUOTE))";
MPRINT(EM_DIAGRAM):   title10 "Model Events";
MPRINT(EM_DIAGRAM):   run;
611371     run;

NOTE: There were 1 observations read from the data set WORK.NEURAL14_EVENT.
NOTE: The PROCEDURE PRINT printed page 522.
NOTE: PROCEDURE PRINT used (Total process time):
      real time           0.00 seconds
      cpu time            0.00 seconds
      

611372     title10;
MPRINT(EM_DIAGRAM):   title10;
"No decisions defined for target "DepVar"." 
611373     proc print data = EMWS8.Neural14_DepVar_DM noobs label;
MPRINT(EM_DIAGRAM):    proc print data = EMWS8.Neural14_DepVar_DM noobs label;
611374     var _type_ variable label;
MPRINT(EM_DIAGRAM):   var _type_ variable label;
611375     where _type_ ^in('MATRIX', 'DECISION', 'TRAINPRIOR', 'DATAPRIOR', 'DECPRIOR');
MPRINT(EM_DIAGRAM):   where _type_ ^in('MATRIX', 'DECISION', 'TRAINPRIOR', 'DATAPRIOR', 
'DECPRIOR');
611376     label _TYPE_ = "%sysfunc(sasmsg(sashelp.dmine, rpt_type_vlabel,     NOQUOTE))"
611376   ! VARIABLE = "%sysfunc(sasmsg(sashelp.dmine, rpt_variable_vlabel, NOQUOTE))" LABEL =
611376   ! "%sysfunc(sasmsg(sashelp.dmine, meta_label_vlabel, NOQUOTE))";
MPRINT(EM_DIAGRAM):   label _TYPE_ = "Type" VARIABLE = "Variable" LABEL = "Label";
611377     title9 ' ';
MPRINT(EM_DIAGRAM):   title9 ' ';
611378     title10 "%sysfunc(sasmsg(sashelp.dmine, rpt_predDecVars_title  , NOQUOTE))";
MPRINT(EM_DIAGRAM):   title10 "Predicted and decision variables";
MPRINT(EM_DIAGRAM):   run;
611379     run;

NOTE: There were 7 observations read from the data set EMWS8.NEURAL14_DEPVAR_DM.
      WHERE _type_ not in ('DATAPRIOR', 'DECISION', 'DECPRIOR', 'MATRIX', 'TRAINPRIOR');
NOTE: The PROCEDURE PRINT printed page 523.
NOTE: PROCEDURE PRINT used (Total process time):
      real time           0.01 seconds
      cpu time            0.01 seconds
      

611380     title10;
MPRINT(EM_DIAGRAM):   title10;
MPRINT(EM_DIAGRAM):    *------------------------------------------------------------*;
MPRINT(EM_DIAGRAM):   * Neural14: Preparing metadata for training;
MPRINT(EM_DIAGRAM):   ;
MPRINT(EM_DIAGRAM):   *------------------------------------------------------------*;
MPRINT(EM_DIAGRAM):   data WORK.M1ZC38SS;
MPRINT(EM_DIAGRAM):   set WORK.M1ZC38SS;
MPRINT(EM_DIAGRAM):   where(use = 'Y' or (role = 'INPUT' and use = 'D'));
MPRINT(EM_DIAGRAM):   if (role = 'REJECTED') then role = 'INPUT';
MPRINT(EM_DIAGRAM):   run;
611390     data WORK.M1ZC38SS;
MPRINT(EM_DIAGRAM):    data WORK.M1ZC38SS;
611391     set WORK.M1ZC38SS end=eof;
MPRINT(EM_DIAGRAM):   set WORK.M1ZC38SS end=eof;
611392     output;
MPRINT(EM_DIAGRAM):   output;
611393     if eof then do;
MPRINT(EM_DIAGRAM):   if eof then do;
611394     NAME="";
MPRINT(EM_DIAGRAM):   NAME="";
611395     ROLE="COST";
MPRINT(EM_DIAGRAM):   ROLE="COST";
611396     LEVEL="INTERVAL";
MPRINT(EM_DIAGRAM):   LEVEL="INTERVAL";
611397     TYPE="N";
MPRINT(EM_DIAGRAM):   TYPE="N";
611398     output;
MPRINT(EM_DIAGRAM):   output;
611399     end;
MPRINT(EM_DIAGRAM):   end;
611400     run;
MPRINT(EM_DIAGRAM):   run;

NOTE: There were 19 observations read from the data set WORK.M1ZC38SS.
NOTE: The data set WORK.M1ZC38SS has 20 observations and 21 variables.
NOTE: DATA statement used (Total process time):
      real time           0.00 seconds
      cpu time            0.00 seconds
      

NOTE: There were 2 observations read from the data set EMWS8.NEURAL14_DEPVAR_DD.
NOTE: The data set WORK.DEPVAR has 2 observations and 7 variables.
611401     *------------------------------------------------------------*;
MPRINT(EM_DIAGRAM):    *------------------------------------------------------------*;
611402     * Neural14: Create decision matrix;
MPRINT(EM_DIAGRAM):   * Neural14: Create decision matrix;
611403     *------------------------------------------------------------*;
MPRINT(EM_DIAGRAM):   *------------------------------------------------------------*;
611404     data WORK.DepVar;
MPRINT(EM_DIAGRAM):   data WORK.DepVar;
611405       length   DepVar                           $  32
611406                COUNT                                8
611407                DATAPRIOR                            8
611408                TRAINPRIOR                           8
611409                DECPRIOR                             8
611410                DECISION1                            8
611411                DECISION2                            8
611412                ;
MPRINT(EM_DIAGRAM):   length DepVar $ 32 COUNT 8 DATAPRIOR 8 TRAINPRIOR 8 DECPRIOR 8 DECISION1 
8 DECISION2 8 ;
611413     
611414       label    COUNT="Level Counts"
611415                DATAPRIOR="Data Proportions"
611416                TRAINPRIOR="Training Proportions"
611417                DECPRIOR="Decision Priors"
611418                DECISION1="1"
611419                DECISION2="0"
611420                ;
MPRINT(EM_DIAGRAM):   label COUNT= "Level Counts" DATAPRIOR= "Data Proportions" TRAINPRIOR= 
"Training Proportions" DECPRIOR= "Decision Priors" DECISION1= "1" DECISION2= "0" ;
611421       format   COUNT 10.
611422                ;
MPRINT(EM_DIAGRAM):   format COUNT 10. ;
611423     DepVar="1"; COUNT=359; DATAPRIOR=0.0643642072; TRAINPRIOR=0.15122156697556;
611423   ! DECPRIOR=.; DECISION1=1; DECISION2=0;
MPRINT(EM_DIAGRAM):   DepVar="1";
MPRINT(EM_DIAGRAM):   COUNT=359;
MPRINT(EM_DIAGRAM):   DATAPRIOR=0.0643642072;
MPRINT(EM_DIAGRAM):   TRAINPRIOR=0.15122156697556;
MPRINT(EM_DIAGRAM):   DECPRIOR=.;
MPRINT(EM_DIAGRAM):   DECISION1=1;
MPRINT(EM_DIAGRAM):   DECISION2=0;
611424     output;
MPRINT(EM_DIAGRAM):   output;
611425     DepVar="0"; COUNT=2015; DATAPRIOR=0.9356357928; TRAINPRIOR=0.84877843302443;
611425   ! DECPRIOR=.; DECISION1=0; DECISION2=1;
MPRINT(EM_DIAGRAM):   DepVar="0";
MPRINT(EM_DIAGRAM):   COUNT=2015;
MPRINT(EM_DIAGRAM):   DATAPRIOR=0.9356357928;
MPRINT(EM_DIAGRAM):   TRAINPRIOR=0.84877843302443;
MPRINT(EM_DIAGRAM):   DECPRIOR=.;
MPRINT(EM_DIAGRAM):   DECISION1=0;
MPRINT(EM_DIAGRAM):   DECISION2=1;
611426     output;
MPRINT(EM_DIAGRAM):   output;
611427     ;
MPRINT(EM_DIAGRAM):   ;
611428     run;
MPRINT(EM_DIAGRAM):   run;

NOTE: The data set WORK.DEPVAR has 2 observations and 7 variables.
NOTE: DATA statement used (Total process time):
      real time           0.01 seconds
      cpu time            0.01 seconds
      

611429     proc datasets lib=work nolist;
MPRINT(EM_DIAGRAM):   proc datasets lib=work nolist;
611430     modify DepVar(type=PROFIT label=DepVar);
MPRINT(EM_DIAGRAM):   modify DepVar(type=PROFIT label= DepVar);
MPRINT(EM_DIAGRAM):   label DECISION1= '1';
MPRINT(EM_DIAGRAM):   label DECISION2= '0';
MPRINT(EM_DIAGRAM):   run;
611431     label DECISION1= '1';
611432     label DECISION2= '0';
611433     run;

NOTE: MODIFY was successful for WORK.DEPVAR.DATA.
611434     quit;
MPRINT(EM_DIAGRAM):   quit;

NOTE: PROCEDURE DATASETS used (Total process time):
      real time           0.07 seconds
      cpu time            0.07 seconds
      

611435     data EM_Neural14;
MPRINT(EM_DIAGRAM):   data EM_Neural14;
611436     set EMWS8.PRINCOMP_TRAIN(keep=
611437     DepVar PC_1 PC_10 PC_11 PC_12 PC_13 PC_14 PC_15 PC_16 PC_17 PC_2 PC_3 PC_4
611438     PC_5 PC_6 PC_7 PC_8 PC_9 Year_Birth );
MPRINT(EM_DIAGRAM):   set EMWS8.PRINCOMP_TRAIN(keep= DepVar PC_1 PC_10 PC_11 PC_12 PC_13 PC_14 
PC_15 PC_16 PC_17 PC_2 PC_3 PC_4 PC_5 PC_6 PC_7 PC_8 PC_9 Year_Birth );
611439     run;
MPRINT(EM_DIAGRAM):   run;

NOTE: View EMWS8.PRINCOMP_TRAIN.VIEW used (Total process time):
      real time           0.16 seconds
      cpu time            0.15 seconds
      
NOTE: There were 2374 observations read from the data set EMWS8.PART_TRAIN.
NOTE: There were 2374 observations read from the data set EMWS8.PRINCOMP_TRAIN.
NOTE: The data set WORK.EM_NEURAL14 has 2374 observations and 19 variables.
NOTE: DATA statement used (Total process time):
      real time           0.18 seconds
      cpu time            0.17 seconds
      

MPRINT(EM_DIAGRAM):   *------------------------------------------------------------* ;
MPRINT(EM_DIAGRAM):   * Neural14: DMDBClass Macro ;
MPRINT(EM_DIAGRAM):   *------------------------------------------------------------* ;
611440     *------------------------------------------------------------* ;
611441     * Neural14: DMDBClass Macro ;
611442     *------------------------------------------------------------* ;
611443     %macro DMDBClass;
611444         DepVar(DESC)
611445     %mend DMDBClass;
611446     *------------------------------------------------------------* ;
MPRINT(EM_DIAGRAM):   *------------------------------------------------------------* ;
611447     * Neural14: DMDBVar Macro ;
MPRINT(EM_DIAGRAM):   * Neural14: DMDBVar Macro ;
611448     *------------------------------------------------------------* ;
MPRINT(EM_DIAGRAM):   *------------------------------------------------------------* ;
611449     %macro DMDBVar;
611450         PC_1 PC_10 PC_11 PC_12 PC_13 PC_14 PC_15 PC_16 PC_17 PC_2 PC_3 PC_4 PC_5 PC_6
611451        PC_7 PC_8 PC_9 Year_Birth
611452     %mend DMDBVar;
611453     *------------------------------------------------------------*;
MPRINT(EM_DIAGRAM):   *------------------------------------------------------------*;
611454     * Neural14: Create DMDB;
MPRINT(EM_DIAGRAM):   * Neural14: Create DMDB;
611455     *------------------------------------------------------------*;
MPRINT(EM_DIAGRAM):   *------------------------------------------------------------*;
611456     proc dmdb batch data=WORK.EM_Neural14
611457     dmdbcat=WORK.Neural14_DMDB
611458     maxlevel = 513
611459     ;
MPRINT(EM_DIAGRAM):   proc dmdb batch data=WORK.EM_Neural14 dmdbcat=WORK.Neural14_DMDB 
maxlevel = 513 ;
MPRINT(EM_DIAGRAM):   class
611460     class %DMDBClass;
MPRINT(DMDBCLASS):   DepVar(DESC)
MPRINT(EM_DIAGRAM):  ;
MPRINT(EM_DIAGRAM):   var
611461     var %DMDBVar;
MPRINT(DMDBVAR):   PC_1 PC_10 PC_11 PC_12 PC_13 PC_14 PC_15 PC_16 PC_17 PC_2 PC_3 PC_4 PC_5 
PC_6 PC_7 PC_8 PC_9 Year_Birth
MPRINT(EM_DIAGRAM):  ;
611462     target
611463     DepVar
611464     ;
MPRINT(EM_DIAGRAM):   target DepVar ;
611465     run;
MPRINT(EM_DIAGRAM):   run;

NOTE: Records processed = 2374   Memory used = 511K.
NOTE: There were 2374 observations read from the data set WORK.EM_NEURAL14.
NOTE: PROCEDURE DMDB used (Total process time):
      real time           0.01 seconds
      cpu time            0.01 seconds
      

MPRINT(EM_DIAGRAM):   quit;
MPRINT(EM_DIAGRAM):   *--- end code ---*;
611466     quit;
611467     *--- end code ---*;

611468     *------------------------------------------------------------* ;
MPRINT(EM_DIAGRAM):    *------------------------------------------------------------* ;
611469     * Neural14: Interval Input Variables Macro ;
MPRINT(EM_DIAGRAM):   * Neural14: Interval Input Variables Macro ;
611470     *------------------------------------------------------------* ;
MPRINT(EM_DIAGRAM):   *------------------------------------------------------------* ;
611471     %macro INTINPUTS;
611472         PC_1 PC_10 PC_11 PC_12 PC_13 PC_14 PC_15 PC_16 PC_17 PC_2 PC_3 PC_4 PC_5 PC_6
611473        PC_7 PC_8 PC_9 Year_Birth
611474     %mend INTINPUTS;
611475     *------------------------------------------------------------* ;
MPRINT(EM_DIAGRAM):   *------------------------------------------------------------* ;
611476     * Neural14: Binary Inputs Macro ;
MPRINT(EM_DIAGRAM):   * Neural14: Binary Inputs Macro ;
611477     *------------------------------------------------------------* ;
MPRINT(EM_DIAGRAM):   *------------------------------------------------------------* ;
611478     %macro BININPUTS;
611479     
611480     %mend BININPUTS;
611481     *------------------------------------------------------------* ;
MPRINT(EM_DIAGRAM):   *------------------------------------------------------------* ;
611482     * Neural14: Nominal Inputs Macro ;
MPRINT(EM_DIAGRAM):   * Neural14: Nominal Inputs Macro ;
611483     *------------------------------------------------------------* ;
MPRINT(EM_DIAGRAM):   *------------------------------------------------------------* ;
611484     %macro NOMINPUTS;
611485     
611486     %mend NOMINPUTS;
611487     *------------------------------------------------------------* ;
MPRINT(EM_DIAGRAM):   *------------------------------------------------------------* ;
611488     * Neural14: Ordinal Inputs Macro ;
MPRINT(EM_DIAGRAM):   * Neural14: Ordinal Inputs Macro ;
611489     *------------------------------------------------------------* ;
MPRINT(EM_DIAGRAM):   *------------------------------------------------------------* ;
611490     %macro ORDINPUTS;
611491     
611492     %mend ORDINPUTS;
611493     *------------------------------------------------------------*;
MPRINT(EM_DIAGRAM):   *------------------------------------------------------------*;
611494     * Neural Network Training;
MPRINT(EM_DIAGRAM):   * Neural Network Training;
611495     ;
MPRINT(EM_DIAGRAM):   ;
611496     *------------------------------------------------------------*;
MPRINT(EM_DIAGRAM):   *------------------------------------------------------------*;
611497     proc neural data=EM_Neural14 dmdbcat=WORK.Neural14_DMDB
611498     validdata = EMWS8.PRINCOMP_VALIDATE
611499     random=12345
611500     ;
MPRINT(EM_DIAGRAM):   proc neural data=EM_Neural14 dmdbcat=WORK.Neural14_DMDB validdata = 
EMWS8.PRINCOMP_VALIDATE random=12345 ;
611501     nloptions
611502     ;
MPRINT(EM_DIAGRAM):   nloptions ;
611503     performance alldetails noutilfile;
MPRINT(EM_DIAGRAM):   performance alldetails noutilfile;
611504     netopts
611505     decay=0;
MPRINT(EM_DIAGRAM):   netopts decay=0;
MPRINT(EM_DIAGRAM):   input
611506     input %INTINPUTS / level=interval id=intvl
MPRINT(INTINPUTS):   PC_1 PC_10 PC_11 PC_12 PC_13 PC_14 PC_15 PC_16 PC_17 PC_2 PC_3 PC_4 PC_5 
PC_6 PC_7 PC_8 PC_9 Year_Birth
611507     ;
MPRINT(EM_DIAGRAM):   / level=interval id=intvl ;
611508     target DepVar / level=NOMINAL id=DepVar
611509     bias
611510     ;
MPRINT(EM_DIAGRAM):   target DepVar / level=NOMINAL id=DepVar bias ;
611511     arch MLP
611512     Hidden=3
611513     ;
MPRINT(EM_DIAGRAM):   arch MLP Hidden=3 ;
611514     Prelim 5 preiter=10
611515     pretime=3600
611516     Outest=EMWS8.Neural14_PRELIM_OUTEST
611517     ;
MPRINT(EM_DIAGRAM):   Prelim 5 preiter=10 pretime=3600 Outest=EMWS8.Neural14_PRELIM_OUTEST ;
NOTE:  Synchronizing the objectives and the Solution.
NOTE: LEVMAR Optimization cannot be completed.
NOTE: LEVMAR needs more than 10 iterations or 2147483647 function calls.
NOTE: LEVMAR Optimization cannot be completed.
NOTE: LEVMAR needs more than 10 iterations or 2147483647 function calls.
NOTE: LEVMAR Optimization cannot be completed.
NOTE: LEVMAR needs more than 10 iterations or 2147483647 function calls.
NOTE: LEVMAR Optimization cannot be completed.
NOTE: LEVMAR needs more than 10 iterations or 2147483647 function calls.
NOTE: LEVMAR Optimization cannot be completed.
NOTE: LEVMAR needs more than 10 iterations or 2147483647 function calls.
NOTE: The data set EMWS8.NEURAL14_PRELIM_OUTEST has 11 observations and 76 variables.
611518     save network=EMWS8.Neural14_NETWORK.dm_neural;
MPRINT(EM_DIAGRAM):   save network=EMWS8.Neural14_NETWORK.dm_neural;
NOTE: Entry EMWS8.NEURAL14_NETWORK.DM_NEURAL has been opened.
NOTE: Entry EMWS8.NEURAL14_NETWORK.DM_NEURAL has been closed.
611519     train Maxiter=50
611520     maxtime=14400
611521     Outest=EMWS8.Neural14_outest estiter=1
611522     Outfit=EMWS8.Neural14_OUTFIT
611523     ;
MPRINT(EM_DIAGRAM):   train Maxiter=50 maxtime=14400 Outest=EMWS8.Neural14_outest estiter=1 
Outfit=EMWS8.Neural14_OUTFIT ;
WARNING: LEVMAR Optimization cannot be completed.
NOTE: LEVMAR needs more than 50 iterations or 2147483647 function calls.
NOTE: The data set EMWS8.NEURAL14_OUTEST has 114 observations and 76 variables.
NOTE: The data set EMWS8.NEURAL14_OUTFIT has 104 observations and 36 variables.
611524     run;
MPRINT(EM_DIAGRAM):   run;

NOTE: The data set WORK.EM_NEURAL14 has 2374 observations and 19 variables.
NOTE: The data set EMWS8.PRINCOMP_VALIDATE has . observations and 62 variables.
NOTE: View EMWS8.PRINCOMP_VALIDATE.VIEW used (Total process time):
      real time           9.34 seconds
      cpu time            8.94 seconds
      
NOTE: There were 1018 observations read from the data set EMWS8.PART_VALIDATE.
NOTE: Closing the Neural Application.
NOTE: The PROCEDURE NEURAL printed pages 524-527.
NOTE: PROCEDURE NEURAL used (Total process time):
      real time           9.36 seconds
      cpu time            8.95 seconds
      

MPRINT(EM_DIAGRAM):   quit;
611525     quit;

611526     proc sort data=EMWS8.Neural14_OUTFIT(where=(_iter_ ne . and _NAME_="OVERALL"))
611526   ! out=fit_Neural14;
MPRINT(EM_DIAGRAM):    proc sort data=EMWS8.Neural14_OUTFIT(where=(_iter_ ne . and 
_NAME_="OVERALL")) out=fit_Neural14;
611527     by _VAVERR_;
MPRINT(EM_DIAGRAM):   by _VAVERR_;
611528     run;
MPRINT(EM_DIAGRAM):   run;

NOTE: There were 52 observations read from the data set EMWS8.NEURAL14_OUTFIT.
      WHERE (_iter_ not = .) and (_NAME_='OVERALL');
NOTE: The data set WORK.FIT_NEURAL14 has 52 observations and 36 variables.
NOTE: PROCEDURE SORT used (Total process time):
      real time           0.01 seconds
      cpu time            0.00 seconds
      

611529     %GLOBAL ITER;
611530     data _null_;
MPRINT(EM_DIAGRAM):   data _null_;
611531     set fit_Neural14(obs=1);
MPRINT(EM_DIAGRAM):   set fit_Neural14(obs=1);
611532     call symput('ITER',put(_ITER_, 6.));
MPRINT(EM_DIAGRAM):   call symput('ITER',put(_ITER_, 6.));
611533     run;
MPRINT(EM_DIAGRAM):   run;

NOTE: There were 1 observations read from the data set WORK.FIT_NEURAL14.
NOTE: DATA statement used (Total process time):
      real time           0.00 seconds
      cpu time            0.00 seconds
      

611534     data EMWS8.Neural14_INITIAL;
MPRINT(EM_DIAGRAM):   data EMWS8.Neural14_INITIAL;
611535     set EMWS8.Neural14_outest(where=(_ITER_ eq &ITER and _OBJ_ ne .));
MPRINT(EM_DIAGRAM):   set EMWS8.Neural14_outest(where=(_ITER_ eq 1 and _OBJ_ ne .));
611536     run;
MPRINT(EM_DIAGRAM):   run;

NOTE: There were 1 observations read from the data set EMWS8.NEURAL14_OUTEST.
      WHERE (_ITER_=1) and (_OBJ_ not = .);
NOTE: The data set EMWS8.NEURAL14_INITIAL has 1 observations and 76 variables.
NOTE: DATA statement used (Total process time):
      real time           0.00 seconds
      cpu time            0.00 seconds
      

611537     *------------------------------------------------------------*;
MPRINT(EM_DIAGRAM):    *------------------------------------------------------------*;
611538     * Neural Network Model Selection;
MPRINT(EM_DIAGRAM):   * Neural Network Model Selection;
611539     ;
MPRINT(EM_DIAGRAM):   ;
611540     *------------------------------------------------------------*;
MPRINT(EM_DIAGRAM):   *------------------------------------------------------------*;
611541     proc neural data=EM_Neural14 dmdbcat=WORK.Neural14_DMDB
611542     validdata = EMWS8.PRINCOMP_VALIDATE
611543     network = EMWS8.Neural14_NETWORK.dm_neural
611544     random=12345
611545     ;
MPRINT(EM_DIAGRAM):   proc neural data=EM_Neural14 dmdbcat=WORK.Neural14_DMDB validdata = 
EMWS8.PRINCOMP_VALIDATE network = EMWS8.Neural14_NETWORK.dm_neural random=12345 ;
NOTE: Entry EMWS8.NEURAL14_NETWORK.DM_NEURAL has been opened.
NOTE: Entry EMWS8.NEURAL14_NETWORK.DM_NEURAL has been closed.
611546     nloptions noprint;
MPRINT(EM_DIAGRAM):   nloptions noprint;
611547     performance alldetails noutilfile;
MPRINT(EM_DIAGRAM):   performance alldetails noutilfile;
611548     initial inest=EMWS8.Neural14_INITIAL;
MPRINT(EM_DIAGRAM):   initial inest=EMWS8.Neural14_INITIAL;
NOTE: The data set EMWS8.NEURAL14_INITIAL has 1 observations and 76 variables.
611549     train tech=NONE;
MPRINT(EM_DIAGRAM):   train tech=NONE;
NOTE: No optimization performed.
611550     code file="C:\\predictive-models-project\Workspaces\EMWS8\Neural14\SCORECODE.sas"
611551     group=Neural14
611552     ;
MPRINT(EM_DIAGRAM):   code 
file="C:\\predictive-models-project\Workspaces\EMWS8\Neural14\SCORECODE.sas" group=Neural14 ;
NOTE: External file C:\\predictive-models-project\Workspaces\EMWS8\Neural14\SCORECODE.sas 
      opened.
611553     ;
MPRINT(EM_DIAGRAM):   ;
611554     code
611554   ! file="C:\\predictive-models-project\Workspaces\EMWS8\Neural14\RESIDUALSCORECODE.sas"
611555     group=Neural14
611556     residual
611557     ;
MPRINT(EM_DIAGRAM):   code 
file="C:\\predictive-models-project\Workspaces\EMWS8\Neural14\RESIDUALSCORECODE.sas" 
group=Neural14 residual ;
NOTE: External file 
      C:\\predictive-models-project\Workspaces\EMWS8\Neural14\RESIDUALSCORECODE.sas opened.
611558     ;
MPRINT(EM_DIAGRAM):   ;
611559     score data=EMWS8.PRINCOMP_TRAIN out=_NULL_
NOTE: View EMWS8.PRINCOMP_TRAIN.VIEW used (Total process time):
      real time           0.20 seconds
      cpu time            0.17 seconds
      
611560     outfit=WORK.FIT1
611561     role=TRAIN
611562     outkey=EMWS8.Neural14_OUTKEY;
MPRINT(EM_DIAGRAM):   score data=EMWS8.PRINCOMP_TRAIN out=_NULL_ outfit=WORK.FIT1 role=TRAIN 
outkey=EMWS8.Neural14_OUTKEY;
NOTE: The data set EMWS8.NEURAL14_OUTKEY has 33 observations and 8 variables.
NOTE: The data set EMWS8.PRINCOMP_TRAIN has . observations and 62 variables.
NOTE: There were 2374 observations read from the data set EMWS8.PART_TRAIN.
NOTE: The data set WORK.FIT1 has 2 observations and 23 variables.
611563     score data=EMWS8.PRINCOMP_VALIDATE out=_NULL_
NOTE: View EMWS8.PRINCOMP_VALIDATE.VIEW used (Total process time):
      real time           0.13 seconds
      cpu time            0.12 seconds
      
611564     outfit=WORK.FIT2
611565     role=VALID
611566     outkey=EMWS8.Neural14_OUTKEY;
MPRINT(EM_DIAGRAM):   score data=EMWS8.PRINCOMP_VALIDATE out=_NULL_ outfit=WORK.FIT2 
role=VALID outkey=EMWS8.Neural14_OUTKEY;
NOTE: The data set EMWS8.NEURAL14_OUTKEY has 33 observations and 8 variables.
NOTE: The data set EMWS8.PRINCOMP_VALIDATE has . observations and 62 variables.
NOTE: There were 1018 observations read from the data set EMWS8.PART_VALIDATE.
NOTE: The data set WORK.FIT2 has 2 observations and 15 variables.
611567     run;
MPRINT(EM_DIAGRAM):   run;

NOTE: The data set WORK.EM_NEURAL14 has 2374 observations and 19 variables.
NOTE: The data set EMWS8.PRINCOMP_VALIDATE has . observations and 62 variables.
NOTE: View EMWS8.PRINCOMP_VALIDATE.VIEW used (Total process time):
      real time           0.89 seconds
      cpu time            0.84 seconds
      
NOTE: There were 1018 observations read from the data set EMWS8.PART_VALIDATE.
NOTE: Closing the Neural Application.
NOTE: PROCEDURE NEURAL used (Total process time):
      real time           0.91 seconds
      cpu time            0.87 seconds
      

MPRINT(EM_DIAGRAM):   quit;
611568     quit;
611569     data EMWS8.Neural14_OUTFIT;
MPRINT(EM_DIAGRAM):   data EMWS8.Neural14_OUTFIT;
611570     merge WORK.FIT1 WORK.FIT2;
MPRINT(EM_DIAGRAM):   merge WORK.FIT1 WORK.FIT2;
611571     run;
MPRINT(EM_DIAGRAM):   run;

NOTE: There were 2 observations read from the data set WORK.FIT1.
NOTE: There were 2 observations read from the data set WORK.FIT2.
NOTE: The data set EMWS8.NEURAL14_OUTFIT has 2 observations and 36 variables.
NOTE: DATA statement used (Total process time):
      real time           0.01 seconds
      cpu time            0.01 seconds
      

611572     data EMWS8.Neural14_EMESTIMATE;
MPRINT(EM_DIAGRAM):   data EMWS8.Neural14_EMESTIMATE;
611573     set EMWS8.Neural14_outest;
MPRINT(EM_DIAGRAM):   set EMWS8.Neural14_outest;
611574     if _type_ ^in('HESSIAN' 'GRAD');
MPRINT(EM_DIAGRAM):   if _type_ ^in('HESSIAN' 'GRAD');
611575     run;
MPRINT(EM_DIAGRAM):   run;

NOTE: There were 114 observations read from the data set EMWS8.NEURAL14_OUTEST.
NOTE: The data set EMWS8.NEURAL14_EMESTIMATE has 52 observations and 76 variables.
NOTE: DATA statement used (Total process time):
      real time           0.00 seconds
      cpu time            0.01 seconds
      

611576     proc datasets lib=work nolist;
MPRINT(EM_DIAGRAM):   proc datasets lib=work nolist;
611577     delete EM_Neural14;
MPRINT(EM_DIAGRAM):   delete EM_Neural14;
611578     run;
MPRINT(EM_DIAGRAM):   run;

NOTE: Deleting WORK.EM_NEURAL14 (memtype=DATA).
611579     quit;
MPRINT(EM_DIAGRAM):   quit;

NOTE: PROCEDURE DATASETS used (Total process time):
      real time           0.08 seconds
      cpu time            0.09 seconds
      

611580     data EMWS8.Neural14_PLOTDS(where=(_iter_ ne . and _NAME_="OVERALL"));
MPRINT(EM_DIAGRAM):    data EMWS8.Neural14_PLOTDS(where=(_iter_ ne . and _NAME_="OVERALL"));
611581     set fit_Neural14;
MPRINT(EM_DIAGRAM):   set fit_Neural14;
611582     attrib _ITER_ label="%sysfunc(sasmsg(sashelp.dmine, rpt_trainiterations_vlabel  ,
611582   ! NOQUOTE))";
MPRINT(EM_DIAGRAM):   attrib _ITER_ label="Training Iterations";
611583     attrib _NAME_ label="%sysfunc(sasmsg(sashelp.dmine, rpt_varsel_label_name  ,
611583   ! NOQUOTE))";
MPRINT(EM_DIAGRAM):   attrib _NAME_ label="Name";
611584     run;
MPRINT(EM_DIAGRAM):   run;

NOTE: There were 52 observations read from the data set WORK.FIT_NEURAL14.
NOTE: The data set EMWS8.NEURAL14_PLOTDS has 52 observations and 36 variables.
NOTE: DATA statement used (Total process time):
      real time           0.02 seconds
      cpu time            0.01 seconds
      

611585     proc sort data=EMWS8.Neural14_PLOTDS;
MPRINT(EM_DIAGRAM):   proc sort data=EMWS8.Neural14_PLOTDS;
611586     by _ITER_;
MPRINT(EM_DIAGRAM):   by _ITER_;
611587     run;
MPRINT(EM_DIAGRAM):   run;

NOTE: There were 52 observations read from the data set EMWS8.NEURAL14_PLOTDS.
NOTE: The data set EMWS8.NEURAL14_PLOTDS has 52 observations and 36 variables.
NOTE: PROCEDURE SORT used (Total process time):
      real time           0.01 seconds
      cpu time            0.01 seconds
      

611588     data tempweight (drop= _tech_ _decay_ _seed_ _nobj_ _obj_ _objerr_ _averr_ _p_num_
611588   ! where=(_type_ eq "PARMS" and _iter_ eq 1) );
MPRINT(EM_DIAGRAM):    data tempweight (drop= _tech_ _decay_ _seed_ _nobj_ _obj_ _objerr_ 
_averr_ _p_num_ where=(_type_ eq "PARMS" and _iter_ eq 1) );
611589     set EMWS8.Neural14_EMESTIMATE;
MPRINT(EM_DIAGRAM):   set EMWS8.Neural14_EMESTIMATE;
611590     run;
MPRINT(EM_DIAGRAM):   run;

NOTE: There were 52 observations read from the data set EMWS8.NEURAL14_EMESTIMATE.
NOTE: The data set WORK.TEMPWEIGHT has 1 observations and 68 variables.
NOTE: DATA statement used (Total process time):
      real time           0.01 seconds
      cpu time            0.01 seconds
      

611591     proc sort;
MPRINT(EM_DIAGRAM):   proc sort;
611592     by _name_;
MPRINT(EM_DIAGRAM):   by _name_;
611593     run;
MPRINT(EM_DIAGRAM):   run;

NOTE: There were 1 observations read from the data set WORK.TEMPWEIGHT.
NOTE: The data set WORK.TEMPWEIGHT has 1 observations and 68 variables.
NOTE: PROCEDURE SORT used (Total process time):
      real time           0.01 seconds
      cpu time            0.01 seconds
      

611594     proc transpose data=tempweight out=EMWS8.Neural14_WEIGHTDS;
MPRINT(EM_DIAGRAM):   proc transpose data=tempweight out=EMWS8.Neural14_WEIGHTDS;
611595     by _name_;
MPRINT(EM_DIAGRAM):   by _name_;
611596     run;
MPRINT(EM_DIAGRAM):   run;

NOTE: There were 1 observations read from the data set WORK.TEMPWEIGHT.
NOTE: The data set EMWS8.NEURAL14_WEIGHTDS has 66 observations and 3 variables.
NOTE: PROCEDURE TRANSPOSE used (Total process time):
      real time           0.01 seconds
      cpu time            0.00 seconds
      

611597     data EMWS8.Neural14_WEIGHTDS;
MPRINT(EM_DIAGRAM):   data EMWS8.Neural14_WEIGHTDS;
611598     set EMWS8.Neural14_WEIGHTDS;
MPRINT(EM_DIAGRAM):   set EMWS8.Neural14_WEIGHTDS;
611599     FROM = trim(left(scan(_LABEL_, 1, '->')));
MPRINT(EM_DIAGRAM):   FROM = trim(left(scan(_LABEL_, 1, '->')));
611600     TO = trim(left(scan(_LABEL_, 2, '>')));
MPRINT(EM_DIAGRAM):   TO = trim(left(scan(_LABEL_, 2, '>')));
611601     WEIGHT = COL1;
MPRINT(EM_DIAGRAM):   WEIGHT = COL1;
611602     if (TO eq '') or (FROM eq '') then delete;
MPRINT(EM_DIAGRAM):   if (TO eq '') or (FROM eq '') then delete;
611603     label _LABEL_ ="%sysfunc(sasmsg(sashelp.dmine, meta_label_vlabel  , NOQUOTE))" FROM
611603   ! = "%sysfunc(sasmsg(sashelp.dmine, rpt_from_vlabel  , NOQUOTE))" TO =
611603   ! "%sysfunc(sasmsg(sashelp.dmine, rpt_into_vlabel  , NOQUOTE))" WEIGHT =
611604        "%sysfunc(sasmsg(sashelp.dmine, rpt_weight_vlabel  , NOQUOTE))";
MPRINT(EM_DIAGRAM):   label _LABEL_ = "Label" FROM = "From" TO = "Into" WEIGHT = "Weight";
611605     keep FROM TO WEIGHT _LABEL_;
MPRINT(EM_DIAGRAM):   keep FROM TO WEIGHT _LABEL_;
611606     run;
MPRINT(EM_DIAGRAM):   run;

NOTE: There were 66 observations read from the data set EMWS8.NEURAL14_WEIGHTDS.
NOTE: The data set EMWS8.NEURAL14_WEIGHTDS has 61 observations and 4 variables.
NOTE: DATA statement used (Total process time):
      real time           0.02 seconds
      cpu time            0.03 seconds
      

611607     proc sort data=EMWS8.Neural14_WEIGHTDS nodupkey;
MPRINT(EM_DIAGRAM):   proc sort data=EMWS8.Neural14_WEIGHTDS nodupkey;
611608     by _LABEL_;
MPRINT(EM_DIAGRAM):   by _LABEL_;
611609     run;
MPRINT(EM_DIAGRAM):   run;

NOTE: There were 61 observations read from the data set EMWS8.NEURAL14_WEIGHTDS.
NOTE: 0 observations with duplicate key values were deleted.
NOTE: The data set EMWS8.NEURAL14_WEIGHTDS has 61 observations and 4 variables.
NOTE: PROCEDURE SORT used (Total process time):
      real time           0.01 seconds
      cpu time            0.01 seconds
      

MPRINT(EM_DIAGRAM):    proc printto;
MPRINT(EM_DIAGRAM):   run;
