 
                                                                                               
 
 
Variable Summary

          Measurement    Frequency
 Role        Level         Count

INPUT      INTERVAL          18   
TARGET     BINARY             1   
 
                                                                                               
 
 
Model Events

                                  Number
                   Measurement      of
Target    Event       Level       Levels      Order       Label

DepVar      1        BINARY          2      Descending    DepVar
 
                                                                                               
 
 
Predicted and decision variables

Type         Variable     Label

TARGET       DepVar       DepVar             
PREDICTED    P_DepVar1    Predicted: DepVar=1
RESIDUAL     R_DepVar1    Residual: DepVar=1 
PREDICTED    P_DepVar0    Predicted: DepVar=0
RESIDUAL     R_DepVar0    Residual: DepVar=0 
FROM         F_DepVar     From: DepVar       
INTO         I_DepVar     Into: DepVar       
 
                                                                                               
 
 

The NEURAL Procedure

Preliminary       Starting         Objective         Number
 Training          Random           Function           of        Terminating
    Run             Seed             Value         Iterations     Criteria

        1               12345    0.218499464004           10                
        2          1096094110     0.20750296941           10                
        3           968783289    0.208385390443           10                
        4           931867686    0.218498741595           10                
        5          1085637127    0.211162056736           10                
 
                                                                                               
 
 

The NEURAL Procedure

                Optimization Start
                Parameter Estimates
                                          Gradient
                                         Objective
  N Parameter             Estimate        Function

  1 PC_1_H11              0.740920        0.008915
  2 PC_10_H11            -0.425347        0.003308
  3 PC_11_H11             0.416796       -0.005727
  4 PC_12_H11             0.539766        0.001798
  5 PC_13_H11            -1.419329        0.001583
  6 PC_14_H11             0.465619       -0.000856
  7 PC_15_H11            -0.583290       -0.003565
  8 PC_16_H11             0.343843        0.003019
  9 PC_17_H11             0.103548        0.014189
 10 PC_2_H11             -0.030911       -0.004609
 11 PC_3_H11             -0.444333       -0.002310
 12 PC_4_H11              0.078114        0.008545
 13 PC_5_H11             -0.238285       -0.001254
 14 PC_6_H11              0.207814        0.007897
 15 PC_7_H11             -0.034281        0.002069
 16 PC_8_H11              0.228188        0.008389
 17 PC_9_H11              0.203751        0.002939
 18 Year_Birth_H11        0.686586       -0.007698
 19 PC_1_H12              0.581930        0.015072
 20 PC_10_H12            -0.244183        0.005330
 21 PC_11_H12            -0.131367       -0.006244
 22 PC_12_H12            -0.272212        0.001160
 23 PC_13_H12            -0.179333        0.004942
 24 PC_14_H12            -0.021019       -0.004292
 25 PC_15_H12             0.021665        0.001590
 26 PC_16_H12             0.034876        0.002972
 27 PC_17_H12             0.069498        0.014596
 28 PC_2_H12             -0.233548       -0.015364
 29 PC_3_H12              0.302065        0.002933
 30 PC_4_H12             -0.140603        0.004075
 31 PC_5_H12             -0.061180       -0.012571
 32 PC_6_H12             -0.068911        0.002230
 33 PC_7_H12             -0.027283       -0.000124
 34 PC_8_H12             -0.127998        0.008249
 35 PC_9_H12              0.210702        0.001762
 36 Year_Birth_H12       -0.051060       -0.006103
 37 PC_1_H13             -0.675664        0.015724
 38 PC_10_H13            -0.082500        0.006333
 39 PC_11_H13             0.223358       -0.005299
 40 PC_12_H13             0.257415        0.004006
 41 PC_13_H13             0.046428        0.009312
 42 PC_14_H13             0.262265       -0.002249
 43 PC_15_H13             0.092739        0.006658
 44 PC_16_H13            -0.043767        0.000125
 45 PC_17_H13            -0.286703        0.011186
 46 PC_2_H13             -0.747899       -0.010363
 47 PC_3_H13             -0.504154       -0.002615
 48 PC_4_H13              0.524395     0.000049676
 49 PC_5_H13             -0.226562       -0.003837
 50 PC_6_H13              0.870219       -0.000259
 51 PC_7_H13              0.192489       -0.000168
 52 PC_8_H13              0.611592        0.009498
 53 PC_9_H13              0.117226        0.002054
 54 Year_Birth_H13       -0.506686       -0.008911
 55 BIAS_H11             -0.704405        0.007687
 56 BIAS_H12             -1.193831        0.013872
 57 BIAS_H13             -0.963905        0.004584
 58 H11_DepVar1           2.017192       -0.001594
 59 H12_DepVar1           3.801546       -0.001185
 60 H13_DepVar1           2.212318        0.001218
 61 BIAS_DepVar1          0.761598        0.004175

Value of Objective Function = 0.2075029694

 
                                                                                               
 
 

The NEURAL Procedure

Levenberg-Marquardt Optimization


Minimum Iterations                                0
Maximum Iterations                               50
Maximum Function Calls                   2147483647
Maximum CPU Time                              14400
ABSGCONV Gradient Criterion                 0.00001
GCONV Gradient Criterion                       1E-8
GCONV2 Gradient Criterion                         0
ABSFCONV Function Criterion                       0
FCONV Function Criterion                     0.0001
FCONV2 Function Criterion                         0
FSIZE Parameter                                   0
ABSXCONV Parameter Change Criterion               0
XCONV Parameter Change Criterion                  0
XSIZE Parameter                                   0
ABSCONV Function Criterion             0.0020529663
Trust Region Initial Radius Factor                1
Singularity Tolerance (SINGULAR)               1E-8

Levenberg-Marquardt Optimization

Scaling Update of More (1978)

Parameter Estimates              61

                                      Optimization Start

Active Constraints                           0  Objective Function                0.2075029694
Max Abs Gradient Element          0.0157235747  Radius                                       1


                                                                                         Ratio
                                                                                       Between
                                                                                        Actual
                                                       Objective   Max Abs                 and
                 Function       Active      Objective   Function  Gradient           Predicted
Iter   Restarts     Calls  Constraints       Function     Change   Element   Lambda     Change

   1          0         3            0        0.20485    0.00265    0.0155   0.0921      0.291
   2          0         4            0        0.20469   0.000161    0.0136   0.0532     0.0332
   3          0         5            0        0.20183    0.00286   0.00763    0.378      0.575
   4          0         6            0        0.20148   0.000348   0.00456   0.0516      0.341
   5          0         8            0        0.20118   0.000304   0.00339    0.324      0.343
   6          0         9            0        0.20115   0.000024   0.00419    0.194     0.0463
   7          0        10            0        0.20089   0.000261   0.00204    0.839      0.621
   8          0        11            0        0.20080   0.000089  0.000996    0.205      0.942
   9          0        12            0        0.20068   0.000125   0.00114   0.0743      0.902
  10          0        13            0        0.20058   0.000101   0.00243   0.0278      0.467
  11          0        16            0        0.20050   0.000079   0.00123    0.687      0.495
  12          0        17            0        0.20048   0.000020   0.00129    0.167      0.413
  13          0        18            0        0.20047   7.247E-6   0.00172    0.196      0.122
  14          0        19            0        0.20047   1.139E-6   0.00206    0.272     0.0137
  15          0        20            0        0.20043   0.000036  0.000714    1.050      0.572
  16          0        21            0        0.20042   0.000012  0.000526    0.241      0.841
  17          0        22            0        0.20040   0.000019  0.000562    0.113      0.834
  18          0        23            0        0.20038   0.000028  0.000984   0.0498      0.664
  19          0        24            0        0.20035   0.000028   0.00261   0.0111      0.264
  20          0        27            0        0.20031   0.000039   0.00168    0.683      0.354
  21          0        28            0        0.20031   1.458E-6   0.00184   0.0899     0.0357
  22          0        29            0        0.20029   0.000020  0.000556    1.052      0.481
  23          0        30            0        0.20028   3.629E-6  0.000586    0.141      0.474
  24          0        31            0        0.20028   1.062E-6  0.000774    0.175      0.122
  25          0        32            0        0.20028    6.86E-7  0.000917    0.228     0.0552
  26          0        33            0        0.20028   5.231E-6  0.000265    1.028      0.501
  27          0        34            0        0.20027   1.873E-6  0.000242    0.259      0.698
  28          0        35            0        0.20027   1.666E-6  0.000269    0.258      0.619
  29          0        36            0        0.20027   1.491E-6  0.000282    0.296      0.555
  30          0        37            0        0.20027   4.201E-6  0.000451   0.0815      0.640

                                     Optimization Results

Iterations                                  30  Function Calls                              39
Jacobian Calls                              32  Active Constraints                           0
Objective Function                 0.200266376  Max Abs Gradient Element          0.0004508344
Lambda                            0.0814766954  Actual Over Pred Change           0.6404225965
Radius                            0.0078616838                                                

Convergence criterion (FCONV=0.0001) satisfied.                                                
 
                                                                                               
 
 

The NEURAL Procedure

               Optimization Results
                Parameter Estimates
                                          Gradient
                                         Objective
  N Parameter             Estimate        Function

  1 PC_1_H11              0.722844     0.000015511
  2 PC_10_H11            -0.372981    -0.000078313
  3 PC_11_H11             0.449973    -0.000049614
  4 PC_12_H11             0.492480    -0.000014967
  5 PC_13_H11            -1.318820     0.000010738
  6 PC_14_H11             0.438025    -0.000036971
  7 PC_15_H11            -0.610367    -0.000043694
  8 PC_16_H11             0.282443     0.000029495
  9 PC_17_H11             0.100877     0.000087778
 10 PC_2_H11              0.083345       -0.000141
 11 PC_3_H11             -0.350007    -0.000089411
 12 PC_4_H11              0.115626     0.000083506
 13 PC_5_H11             -0.142323    -0.000074957
 14 PC_6_H11             -0.061353       -0.000451
 15 PC_7_H11             -0.125333        0.000147
 16 PC_8_H11              0.003798       -0.000124
 17 PC_9_H11              0.220750       -0.000117
 18 Year_Birth_H11        0.853479    -0.000084949
 19 PC_1_H12              0.950288       -0.000137
 20 PC_10_H12            -0.355144     0.000054882
 21 PC_11_H12            -0.213757     0.000002434
 22 PC_12_H12            -0.415505     0.000085653
 23 PC_13_H12            -0.263081     0.000051412
 24 PC_14_H12            -0.026675    -0.000040667
 25 PC_15_H12             0.069872     0.000041610
 26 PC_16_H12             0.052968     0.000032290
 27 PC_17_H12             0.110486    -0.000045880
 28 PC_2_H12             -0.383475     0.000052157
 29 PC_3_H12              0.390959    -0.000039994
 30 PC_4_H12             -0.285924     0.000038291
 31 PC_5_H12             -0.022040     0.000021053
 32 PC_6_H12              0.005866       -0.000145
 33 PC_7_H12             -0.025765     0.000035086
 34 PC_8_H12             -0.103655    -0.000014894
 35 PC_9_H12              0.360903    -0.000048929
 36 Year_Birth_H12       -0.153537    -0.000043141
 37 PC_1_H13             -0.774754    -0.000009015
 38 PC_10_H13            -0.253746     0.000001187
 39 PC_11_H13             0.117215    -0.000030997
 40 PC_12_H13             0.133724     0.000040985
 41 PC_13_H13            -0.114076     0.000067739
 42 PC_14_H13             0.299650    -0.000016721
 43 PC_15_H13             0.043780     0.000040346
 44 PC_16_H13            -0.019038     0.000021334
 45 PC_17_H13            -0.330113     0.000002173
 46 PC_2_H13             -0.767309     0.000035459
 47 PC_3_H13             -0.373778     0.000027637
 48 PC_4_H13              0.521044    -0.000038955
 49 PC_5_H13             -0.354048     0.000008890
 50 PC_6_H13              0.904802    -0.000008257
 51 PC_7_H13              0.219471    -0.000008029
 52 PC_8_H13              0.617206    -0.000040479
 53 PC_9_H13              0.096576     0.000015072
 54 Year_Birth_H13       -0.608682     0.000003311
 55 BIAS_H11             -0.816318     0.000083889
 56 BIAS_H12             -1.910861        0.000206
 57 BIAS_H13             -1.250387     0.000014903
 58 H11_DepVar1           2.226376     0.000003627
 59 H12_DepVar1           3.195353     0.000025963
 60 H13_DepVar1           2.389839     0.000011437
 61 BIAS_DepVar1          1.084670     0.000021943

Value of Objective Function = 0.200266376

