 
                                                                                               
 
 
Fit Statistics

Target=DepVar Target Label=DepVar

   Fit
Statistics    Statistics Label                     Train    Validation

 _DFT_        Total Degrees of Freedom           2374.00          .   
 _DFE_        Degrees of Freedom for Error       2333.00          .   
 _DFM_        Model Degrees of Freedom             41.00          .   
 _NW_         Number of Estimated Weights          41.00          .   
 _AIC_        Akaike's Information Criterion     1101.62          .   
 _SBC_        Schwarz's Bayesian Criterion       1338.28          .   
 _ASE_        Average Squared Error                 0.06         0.07 
 _MAX_        Maximum Absolute Error                0.99         1.00 
 _DIV_        Divisor for ASE                    4748.00      2036.00 
 _NOBS_       Sum of Frequencies                 2374.00      1018.00 
 _RASE_       Root Average Squared Error            0.25         0.27 
 _SSE_        Sum of Squared Errors               308.53       150.19 
 _SUMW_       Sum of Case Weights Times Freq     4748.00      2036.00 
 _FPE_        Final Prediction Error                0.07          .   
 _MSE_        Mean Squared Error                    0.07         0.07 
 _RFPE_       Root Final Prediction Error           0.26          .   
 _RMSE_       Root Mean Squared Error               0.26         0.27 
 _AVERR_      Average Error Function                0.21         0.24 
 _ERR_        Error Function                     1019.62       493.69 
 _MISC_       Misclassification Rate                0.09         0.11 
 _WRONG_      Number of Wrong Classifications     212.00       112.00 
 
                                                                                               
 
 
Classification Table

Data Role=TRAIN Target Variable=DepVar Target Label=DepVar

                       Target        Outcome     Frequency       Total
Target    Outcome    Percentage    Percentage      Count      Percentage

  0          0         92.1459       97.8164        1971        83.0244 
  1          0          7.8541       46.7967         168         7.0767 
  0          1         18.7234        2.1836          44         1.8534 
  1          1         81.2766       53.2033         191         8.0455 


Data Role=VALIDATE Target Variable=DepVar Target Label=DepVar

                       Target        Outcome     Frequency       Total
Target    Outcome    Percentage    Percentage      Count      Percentage

  0          0         90.5946       97.1031        838         82.3183 
  1          0          9.4054       56.1290         87          8.5462 
  0          1         26.8817        2.8969         25          2.4558 
  1          1         73.1183       43.8710         68          6.6798 
 
                                                                                               
 
 
Event Classification Table

Data Role=TRAIN Target=DepVar Target Label=DepVar

  False       True        False       True
Negative    Negative    Positive    Positive

   168        1971         44          191  


Data Role=VALIDATE Target=DepVar Target Label=DepVar

  False       True        False       True
Negative    Negative    Positive    Positive

   87          838         25          68   
 
                                                                                               
 
 
Assessment Score Rankings

Data Role=TRAIN Target Variable=DepVar Target Label=DepVar

                                                                                    Mean
                            Cumulative       %      Cumulative     Number of     Posterior
Depth      Gain     Lift       Lift      Response   % Response   Observations   Probability

   5    539.053   6.39053     6.39053     96.6387     96.6387         119         0.95293  
  10    433.471   4.27888     5.33471     64.7059     80.6723         119         0.65128  
  15    337.150   2.44507     4.37150     36.9748     66.1064         119         0.41340  
  20    285.631   2.29767     3.85631     34.7458     58.3158         118         0.28639  
  25    233.980   1.27811     3.33980     19.3277     50.5051         119         0.21352  
  30    195.861   1.05583     2.95861     15.9664     44.7405         119         0.16365  
  35    164.194   0.72853     2.64194     11.0169     39.9519         118         0.11693  
  40    136.669   0.44456     2.36669      6.7227     35.7895         119         0.07600  
  45    114.035   0.33342     2.14035      5.0420     32.3667         119         0.04642  
  50     95.543   0.28020     1.95543      4.2373     29.5703         118         0.02792  
  55     79.751   0.22228     1.79751      3.3613     27.1822         119         0.01727  
  60     65.668   0.11114     1.65668      1.6807     25.0526         119         0.01122  
  65     53.756   0.11114     1.53756      1.6807     23.2513         119         0.00763  
  70     42.840   0.00000     1.42840      0.0000     21.6005         118         0.00555  
  75     33.296   0.00000     1.33296      0.0000     20.1572         119         0.00419  
  80     24.947   0.00000     1.24947      0.0000     18.8947         119         0.00338  
  85     17.641   0.00000     1.17641      0.0000     17.7899         118         0.00283  
  90     11.090   0.00000     1.11090      0.0000     16.7993         119         0.00245  
  95      5.230   0.00000     1.05230      0.0000     15.9131         119         0.00216  
 100      0.000   0.00000     1.00000      0.0000     15.1222         118         0.00195  


Data Role=VALIDATE Target Variable=DepVar Target Label=DepVar

                                                                                    Mean
                            Cumulative       %      Cumulative     Number of     Posterior
Depth      Gain     Lift       Lift      Response   % Response   Observations   Probability

   5    492.385   5.92385     5.92385     90.1961     90.1961         51          0.94617  
  10    376.483   3.60582     4.76483     54.9020     72.5490         51          0.59597  
  15    329.264   3.34826     4.29264     50.9804     65.3595         51          0.39400  
  20    289.557   2.70436     3.89557     41.1765     59.3137         51          0.28078  
  25    242.553   1.54535     3.42553     23.5294     52.1569         51          0.21778  
  30    198.339   0.77268     2.98339     11.7647     45.4248         51          0.15886  
  35    163.078   0.51512     2.63078      7.8431     40.0560         51          0.10400  
  40    131.803   0.12878     2.31803      1.9608     35.2941         51          0.06628  
  45    110.339   0.38634     2.10339      5.8824     32.0261         51          0.04137  
  50     93.548   0.39406     1.93548      6.0000     29.4695         50          0.02594  
  55     78.267   0.25756     1.78267      3.9216     27.1429         51          0.01635  
  60     64.462   0.12878     1.64462      1.9608     25.0409         51          0.01094  
  65     51.792   0.00000     1.51792      0.0000     23.1118         51          0.00780  
  70     40.935   0.00000     1.40935      0.0000     21.4586         51          0.00567  
  75     33.246   0.25756     1.33246      3.9216     20.2880         51          0.00422  
  80     24.908   0.00000     1.24908      0.0000     19.0184         51          0.00351  
  85     17.552   0.00000     1.17552      0.0000     17.8984         51          0.00299  
  90     11.014   0.00000     1.11014      0.0000     16.9029         51          0.00255  
  95      5.165   0.00000     1.05165      0.0000     16.0124         51          0.00224  
 100      0.000   0.00000     1.00000      0.0000     15.2259         50          0.00199  
 
                                                                                               
 
 
Assessment Score Distribution

Data Role=TRAIN Target Variable=DepVar Target Label=DepVar

 Posterior     Number                     Mean
Probability      of      Number of     Posterior
   Range       Events    Nonevents    Probability    Percentage

 0.95-1.00       75            3        0.97852         3.2856 
 0.90-0.95       26            0        0.92353         1.0952 
 0.85-0.90       12            1        0.87550         0.5476 
 0.80-0.85       16            0        0.82576         0.6740 
 0.75-0.80        9            2        0.78313         0.4634 
 0.70-0.75       14            2        0.72720         0.6740 
 0.65-0.70       10            4        0.67711         0.5897 
 0.60-0.65       11           10        0.62414         0.8846 
 0.55-0.60        6            6        0.57517         0.5055 
 0.50-0.55       12           16        0.52651         1.1794 
 0.45-0.50       14           24        0.47200         1.6007 
 0.40-0.45       13           20        0.42320         1.3901 
 0.35-0.40       13           26        0.37630         1.6428 
 0.30-0.35       19           31        0.32343         2.1061 
 0.25-0.30       25           48        0.27412         3.0750 
 0.20-0.25       21           75        0.22250         4.0438 
 0.15-0.20       20          105        0.17421         5.2654 
 0.10-0.15       15          115        0.12379         5.4760 
 0.05-0.10       12          158        0.07286         7.1609 
 0.00-0.05       16         1369        0.00983        58.3404 


Data Role=VALIDATE Target Variable=DepVar Target Label=DepVar

 Posterior     Number                     Mean
Probability      of      Number of     Posterior
   Range       Events    Nonevents    Probability    Percentage

 0.95-1.00       30           2         0.97932         3.1434 
 0.90-0.95        8           2         0.92958         0.9823 
 0.85-0.90        2           1         0.87785         0.2947 
 0.80-0.85        7           0         0.82766         0.6876 
 0.75-0.80        4           3         0.77491         0.6876 
 0.70-0.75        2           2         0.72262         0.3929 
 0.65-0.70        0           3         0.67002         0.2947 
 0.60-0.65        1           1         0.62799         0.1965 
 0.55-0.60        5           5         0.57856         0.9823 
 0.50-0.55        9           6         0.52496         1.4735 
 0.45-0.50        8           5         0.47582         1.2770 
 0.40-0.45       10           9         0.42381         1.8664 
 0.35-0.40       11          10         0.37117         2.0629 
 0.30-0.35        8          11         0.33054         1.8664 
 0.25-0.30       14          21         0.27000         3.4381 
 0.20-0.25       12          38         0.22241         4.9116 
 0.15-0.20        6          31         0.17291         3.6346 
 0.10-0.15        5          43         0.12478         4.7151 
 0.05-0.10        2          76         0.07227         7.6621 
 0.00-0.05       11         594         0.01012        59.4303 
