 
                                                                                               
 
 
Variable Summary

            Measurement    Frequency
Role           Level         Count

INPUT        BINARY             6   
INPUT        INTERVAL          15   
INPUT        NOMINAL            2   
REJECTED     BINARY             1   
REJECTED     INTERVAL           9   
TARGET       BINARY             1   
 
                                                                                               
 
 
Model Events

                                  Number
                   Measurement      of
Target    Event       Level       Levels      Order       Label

DepVar      1        BINARY          2      Descending    DepVar
 
                                                                                               
 
 
Predicted and decision variables

Type         Variable     Label

TARGET       DepVar       DepVar             
PREDICTED    P_DepVar1    Predicted: DepVar=1
RESIDUAL     R_DepVar1    Residual: DepVar=1 
PREDICTED    P_DepVar0    Predicted: DepVar=0
RESIDUAL     R_DepVar0    Residual: DepVar=0 
FROM         F_DepVar     From: DepVar       
INTO         I_DepVar     Into: DepVar       
 
                                                                                               
 
 

The NEURAL Procedure

Preliminary       Starting         Objective         Number
 Training          Random           Function           of        Terminating
    Run             Seed             Value         Iterations     Criteria

        1               12345    0.128725164828           10                
        2            42129862    0.105354838256           10                
        3          1715549360    0.119846968683           10                
        4          1452355784    0.111842748899           10                
        5          1744555812    0.122259226542           10                
 
                                                                                               
 
 

The NEURAL Procedure

                      Optimization Start
                      Parameter Estimates
                                                      Gradient
                                                     Objective
  N Parameter                         Estimate        Function

  1 Income_H11                       -1.335022        0.013451
  2 Kidhome_H11                       0.869148       -0.006624
  3 MntFishProducts_H11               0.061772        0.001889
  4 MntFruits_H11                     0.224655        0.022589
  5 MntGoldProds_H11                 -0.012160        0.004694
  6 MntMeatProducts_H11              -0.104356        0.014065
  7 MntSweetProducts_H11              0.192456        0.017730
  8 MntWines_H11                     -0.064733        0.011083
  9 NumCatalogPurchases_H11          -0.402606        0.008770
 10 NumDealsPurchases_H11            -0.010434       -0.013603
 11 NumStorePurchases_H11            -0.353928       -0.004164
 12 NumWebPurchases_H11              -0.244301        0.004531
 13 NumWebVisitsMonth_H11            -0.726676       -0.002801
 14 Recency_H11                       0.973367       -0.001861
 15 Teenhome_H11                      0.725442       -0.015128
 16 Income_H12                       -0.091056        0.003618
 17 Kidhome_H12                       0.019202       -0.001204
 18 MntFishProducts_H12               0.000122       -0.001951
 19 MntFruits_H12                     0.000327       -0.007582
 20 MntGoldProds_H12                 -0.021614       -0.002074
 21 MntMeatProducts_H12              -0.409177       -0.010974
 22 MntSweetProducts_H12              0.014600        0.000495
 23 MntWines_H12                      0.287330        0.004142
 24 NumCatalogPurchases_H12          -0.260333       -0.001184
 25 NumDealsPurchases_H12            -0.306688       -0.011270
 26 NumStorePurchases_H12             0.405464       -0.004303
 27 NumWebPurchases_H12               0.277473        0.004129
 28 NumWebVisitsMonth_H12            -0.313253        0.004927
 29 Recency_H12                       0.370707       -0.006047
 30 Teenhome_H12                      0.056813       -0.005057
 31 AcceptedCmp10_H11                 0.239044        0.012236
 32 AcceptedCmp20_H11                 0.123659        0.011001
 33 AcceptedCmp30_H11                 0.285477        0.001241
 34 AcceptedCmp40_H11                 0.375873        0.008489
 35 AcceptedCmp50_H11                -0.041130        0.001499
 36 Complain0_H11                     0.259644        0.011323
 37 AcceptedCmp10_H12                 0.253368        0.008659
 38 AcceptedCmp20_H12                 0.394990        0.003135
 39 AcceptedCmp30_H12                 0.198521       -0.008270
 40 AcceptedCmp40_H12                 0.192153        0.010040
 41 AcceptedCmp50_H12                 0.272134       -0.007604
 42 Complain0_H12                    -0.007749       -0.001228
 43 Education2nCycle_H11             -0.052632       -0.002695
 44 EducationBasic_H11               -1.401246       -0.002163
 45 EducationGraduation_H11           0.435015        0.003552
 46 EducationMaster_H11               0.773053        0.001404
 47 Marital_StatusDivorced_H11       -0.436678       -0.000566
 48 Marital_StatusMarried_H11         1.335078        0.005645
 49 Marital_StatusSingle_H11         -0.750263        0.013220
 50 Marital_StatusTogether_H11        0.844366        0.001709
 51 Education2nCycle_H12              0.083984        0.001241
 52 EducationBasic_H12                0.123752        0.002154
 53 EducationGraduation_H12          -0.090189        0.002705
 54 EducationMaster_H12              -0.076918        0.004015
 55 Marital_StatusDivorced_H12       -0.035317       -0.000570
 56 Marital_StatusMarried_H12        -0.043442       -0.010608
 57 Marital_StatusSingle_H12         -0.051374        0.013307
 58 Marital_StatusTogether_H12       -0.012655       -0.004098
 59 BIAS_H11                          1.868465        0.011184
 60 BIAS_H12                         -0.424943       -0.001709
 61 H11_DepVar1                      -5.430905        0.001613
 62 H12_DepVar1                      -9.086731       -0.000654
 63 BIAS_DepVar1                      2.775295        0.000348

Value of Objective Function = 0.1053548383

 
                                                                                               
 
 

The NEURAL Procedure

Levenberg-Marquardt Optimization


Minimum Iterations                                0
Maximum Iterations                               50
Maximum Function Calls                   2147483647
Maximum CPU Time                              14400
ABSGCONV Gradient Criterion                 0.00001
GCONV Gradient Criterion                       1E-8
GCONV2 Gradient Criterion                         0
ABSFCONV Function Criterion                       0
FCONV Function Criterion                     0.0001
FCONV2 Function Criterion                         0
FSIZE Parameter                                   0
ABSXCONV Parameter Change Criterion               0
XCONV Parameter Change Criterion                  0
XSIZE Parameter                                   0
ABSCONV Function Criterion             0.0020529663
Trust Region Initial Radius Factor                1
Singularity Tolerance (SINGULAR)               1E-8

Levenberg-Marquardt Optimization

Scaling Update of More (1978)

Parameter Estimates              63

                                      Optimization Start

Active Constraints                           0  Objective Function                0.1053548383
Max Abs Gradient Element          0.0225885844  Radius                                       1


                                                                                         Ratio
                                                                                       Between
                                                                                        Actual
                                                       Objective   Max Abs                 and
                 Function       Active      Objective   Function  Gradient           Predicted
Iter   Restarts     Calls  Constraints       Function     Change   Element   Lambda     Change

   1          0         3            0        0.10137    0.00398    0.0412   0.0825      0.368
   2          0         4            0        0.09821    0.00316    0.0200   0.0145      0.435
   3          0         5            0        0.09806   0.000150    0.0269   0.0237     0.0334
   4          0         6            0        0.09597    0.00209   0.00657   0.0950      0.502
   5          0         7            0        0.09570   0.000273   0.00600   0.0237      0.230
   6          0         8            0        0.09545   0.000250   0.00825   0.0326      0.210
   7          0        10            0        0.09515   0.000296   0.00441    0.158      0.426
   8          0        11            0        0.09505   0.000107   0.00277   0.0388      0.382
   9          0        12            0        0.09501   0.000040   0.00302   0.0366      0.165
  10          0        13            0        0.09494   0.000066   0.00244   0.0381      0.228
  11          0        14            0        0.09493   0.000015   0.00321   0.0449     0.0559
  12          0        15            0        0.09483   0.000101   0.00168    0.187      0.420
  13          0        16            0        0.09480   0.000031   0.00139   0.0669      0.358
  14          0        17            0        0.09477   0.000029   0.00119   0.0699      0.347
  15          0        18            0        0.09475   0.000021   0.00120   0.0695      0.274
  16          0        19            0        0.09472   0.000023   0.00111   0.0711      0.282
  17          0        20            0        0.09471   0.000011   0.00116   0.0758      0.127
  18          0        21            0        0.09469   0.000019   0.00117   0.0826      0.182
  19          0        22            0        0.09469   1.859E-6   0.00155   0.0922     0.0175
  20          0        23            0        0.09465   0.000044  0.000923    0.355      0.458
  21          0        24            0        0.09463   0.000015  0.000794    0.105      0.480
  22          0        25            0        0.09462   0.000012  0.000750    0.129      0.419
  23          0        26            0        0.09461   0.000011  0.000760    0.126      0.398
  24          0        27            0        0.09460   0.000012  0.000753    0.126      0.420
  25          0        28            0        0.09459   0.000011  0.000755    0.125      0.397
  26          0        29            0        0.09457   0.000012  0.000758    0.124      0.416
  27          0        30            0        0.09456   0.000011  0.000755    0.124      0.393
  28          0        31            0        0.09455   0.000011  0.000762    0.123      0.411
  29          0        32            0        0.09454   0.000010  0.000756    0.124      0.387
  30          0        33            0        0.09453   0.000011  0.000764    0.123      0.405
  31          0        34            0        0.09452   0.000010  0.000757    0.123      0.382
  32          0        35            0        0.09451   0.000011  0.000765    0.122      0.400
  33          0        36            0        0.09450   0.000010  0.000758    0.122      0.377
  34          0        37            0        0.09449   0.000011  0.000765    0.121      0.395
  35          0        38            0        0.09448   0.000010  0.000758    0.122      0.372
  36          0        39            0        0.09447   0.000011  0.000764    0.121      0.391
  37          0        40            0        0.09446   9.926E-6  0.000758    0.121      0.369
  38          0        41            0        0.09445   0.000011  0.000763    0.120      0.388
  39          0        42            0        0.09444   9.844E-6  0.000759    0.121      0.366
  40          0        43            0        0.09443   0.000011  0.000762    0.120      0.386
  41          0        44            0        0.09442   9.787E-6  0.000759    0.120      0.364
  42          0        45            0        0.09441   0.000011  0.000760    0.119      0.385
  43          0        46            0        0.09440   9.761E-6  0.000761    0.120      0.364
  44          0        47            0        0.09439   0.000011  0.000758    0.119      0.385
  45          0        48            0        0.09438   9.776E-6  0.000763    0.119      0.366
  46          0        49            0        0.09436   0.000011  0.000756    0.119      0.387
  47          0        50            0        0.09435   9.844E-6  0.000766    0.119      0.369
  48          0        51            0        0.09434   0.000011  0.000754    0.118      0.391
  49          0        52            0        0.09433    9.98E-6  0.000770    0.119      0.376
  50          0        53            0        0.09432   0.000011  0.000752    0.118      0.398

                                     Optimization Results

Iterations                                  50  Function Calls                              55
Jacobian Calls                              52  Active Constraints                           0
Objective Function                 0.094323186  Max Abs Gradient Element          0.0007515967
Lambda                            0.1182452251  Actual Over Pred Change           0.3977196758
Radius                            0.0118469729                                                

LEVMAR needs more than 50 iterations or 2147483647 function calls.                             

WARNING: LEVMAR Optimization cannot be completed.

 
                                                                                               
 
 

The NEURAL Procedure

                     Optimization Results
                      Parameter Estimates
                                                      Gradient
                                                     Objective
  N Parameter                         Estimate        Function

  1 Income_H11                       -2.070504       -0.000316
  2 Kidhome_H11                       1.159731        0.000177
  3 MntFishProducts_H11               0.276634       -0.000407
  4 MntFruits_H11                     0.082470       -0.000414
  5 MntGoldProds_H11                  0.040815       -0.000214
  6 MntMeatProducts_H11              -0.420216       -0.000537
  7 MntSweetProducts_H11              0.065932       -0.000752
  8 MntWines_H11                      0.021977       -0.000533
  9 NumCatalogPurchases_H11          -1.009755       -0.000212
 10 NumDealsPurchases_H11            -0.232993        0.000338
 11 NumStorePurchases_H11            -0.124473       -0.000369
 12 NumWebPurchases_H11              -0.231852       -0.000254
 13 NumWebVisitsMonth_H11            -1.506672        0.000448
 14 Recency_H11                       1.919509       -0.000257
 15 Teenhome_H11                      1.434559        0.000157
 16 Income_H12                       -0.081844       -0.000128
 17 Kidhome_H12                       0.028099    -0.000043990
 18 MntFishProducts_H12              -0.043533       -0.000120
 19 MntFruits_H12                     0.055697    -0.000048435
 20 MntGoldProds_H12                 -0.031179        0.000138
 21 MntMeatProducts_H12              -0.380156    -0.000083949
 22 MntSweetProducts_H12              0.041248       -0.000466
 23 MntWines_H12                      0.317527       -0.000219
 24 NumCatalogPurchases_H12          -0.250884    -0.000036973
 25 NumDealsPurchases_H12            -0.286661        0.000308
 26 NumStorePurchases_H12             0.355497    -0.000036993
 27 NumWebPurchases_H12               0.265144       -0.000124
 28 NumWebVisitsMonth_H12            -0.297095     0.000053335
 29 Recency_H12                       0.340833       -0.000175
 30 Teenhome_H12                      0.036590     0.000052750
 31 AcceptedCmp10_H11                 0.386053       -0.000121
 32 AcceptedCmp20_H11                 0.807945       -0.000268
 33 AcceptedCmp30_H11                 0.967335       -0.000269
 34 AcceptedCmp40_H11                 1.068895       -0.000136
 35 AcceptedCmp50_H11                 0.080381        0.000184
 36 Complain0_H11                    -0.069356       -0.000237
 37 AcceptedCmp10_H12                 0.262938    -0.000049539
 38 AcceptedCmp20_H12                 0.320177       -0.000243
 39 AcceptedCmp30_H12                 0.174603       -0.000222
 40 AcceptedCmp40_H12                 0.102070    -0.000035460
 41 AcceptedCmp50_H12                 0.294539        0.000208
 42 Complain0_H12                    -0.000585       -0.000263
 43 Education2nCycle_H11             -0.030359     0.000090481
 44 EducationBasic_H11               -2.023224        0.000165
 45 EducationGraduation_H11           0.799909     0.000002669
 46 EducationMaster_H11               1.263362        0.000122
 47 Marital_StatusDivorced_H11       -0.803800        0.000264
 48 Marital_StatusMarried_H11         1.918290    -0.000051709
 49 Marital_StatusSingle_H11         -1.680550        0.000211
 50 Marital_StatusTogether_H11        1.573099        0.000196
 51 Education2nCycle_H12              0.072447     0.000077191
 52 EducationBasic_H12                0.099412        0.000118
 53 EducationGraduation_H12          -0.095052     0.000045624
 54 EducationMaster_H12              -0.065740        0.000177
 55 Marital_StatusDivorced_H12       -0.026395        0.000149
 56 Marital_StatusMarried_H12        -0.007781     0.000079877
 57 Marital_StatusSingle_H12         -0.007418     0.000076455
 58 Marital_StatusTogether_H12       -0.002879        0.000194
 59 BIAS_H11                          2.321673       -0.000319
 60 BIAS_H12                         -0.455642       -0.000357
 61 H11_DepVar1                      -6.475461    -0.000017594
 62 H12_DepVar1                     -10.593558     0.000002736
 63 BIAS_DepVar1                      2.475060     0.000022329

Value of Objective Function = 0.094323186

