 
                                                                                               
 
 
Fit Statistics

Target=DepVar Target Label=DepVar

   Fit
Statistics    Statistics Label                     Train    Validation

 _DFT_        Total Degrees of Freedom           2374.00          .   
 _DFE_        Degrees of Freedom for Error       2289.00          .   
 _DFM_        Model Degrees of Freedom             85.00          .   
 _NW_         Number of Estimated Weights          85.00          .   
 _AIC_        Akaike's Information Criterion     2789.88          .   
 _SBC_        Schwarz's Bayesian Criterion       3280.53          .   
 _ASE_        Average Squared Error                 0.18         0.19 
 _MAX_        Maximum Absolute Error                1.00         1.00 
 _DIV_        Divisor for ASE                    4748.00      2036.00 
 _NOBS_       Sum of Frequencies                 2374.00      1018.00 
 _RASE_       Root Average Squared Error            0.42         0.44 
 _SSE_        Sum of Squared Errors               843.48       386.64 
 _SUMW_       Sum of Case Weights Times Freq     4748.00      2036.00 
 _FPE_        Final Prediction Error                0.19          .   
 _MSE_        Mean Squared Error                    0.18         0.19 
 _RFPE_       Root Final Prediction Error           0.44          .   
 _RMSE_       Root Mean Squared Error               0.43         0.44 
 _AVERR_      Average Error Function                0.55         0.61 
 _ERR_        Error Function                     2619.88      1248.92 
 _MISC_       Misclassification Rate                0.24         0.26 
 _WRONG_      Number of Wrong Classifications     574.00       264.00 
 
                                                                                               
 
 
Classification Table

Data Role=TRAIN Target Variable=DepVar Target Label=DepVar

                       Target        Outcome     Frequency       Total
Target    Outcome    Percentage    Percentage      Count      Percentage

  0          0         87.1200       83.9206        1691        71.2300 
  1          0         12.8800       69.6379         250        10.5307 
  0          1         74.8268       16.0794         324        13.6479 
  1          1         25.1732       30.3621         109         4.5914 


Data Role=VALIDATE Target Variable=DepVar Target Label=DepVar

                       Target        Outcome     Frequency       Total
Target    Outcome    Percentage    Percentage      Count      Percentage

  0          0         86.2152       82.6188        713         70.0393 
  1          0         13.7848       73.5484        114         11.1984 
  0          1         78.5340       17.3812        150         14.7348 
  1          1         21.4660       26.4516         41          4.0275 
 
                                                                                               
 
 
Event Classification Table

Data Role=TRAIN Target=DepVar Target Label=DepVar

  False       True        False       True
Negative    Negative    Positive    Positive

   250        1691         324         109  


Data Role=VALIDATE Target=DepVar Target Label=DepVar

  False       True        False       True
Negative    Negative    Positive    Positive

   114         713         150         41   
 
                                                                                               
 
 
Assessment Score Rankings

Data Role=TRAIN Target Variable=DepVar Target Label=DepVar

                                                                                    Mean
                            Cumulative       %      Cumulative     Number of     Posterior
Depth     Gain      Lift       Lift      Response   % Response   Observations   Probability

   5     5.5312   0.94469     0.94469     14.2857     14.2857         119         0.81107  
  10    25.0322   1.55596     1.25032     23.5294     18.9076         119         0.80919  
  15    50.0386   2.00051     1.50039     30.2521     22.6891         119         0.77222  
  20    65.6684   2.12955     1.65668     32.2034     25.0526         118         0.54262  
  25    54.7443   1.11140     1.54744     16.8067     23.4007         119         0.25928  
  30    45.6117   1.00026     1.45612     15.1261     22.0196         119         0.16747  
  35    45.6251   1.45706     1.45625     22.0339     22.0217         118         0.15854  
  40    48.9623   1.72267     1.48962     26.0504     22.5263         119         0.15836  
  45    38.5660   0.55570     1.38566      8.4034     20.9542         119         0.15831  
  50    34.2618   0.95269     1.34262     14.4068     20.3033         118         0.15773  
  55    30.6360   0.94469     1.30636     14.2857     19.7550         119         0.15375  
  60    29.9360   1.22254     1.29936     18.4874     19.6491         119         0.12934  
  65    24.2044   0.55570     1.24204      8.4034     18.7824         119         0.08120  
  70    18.1712   0.39229     1.18171      5.9322     17.8700         118         0.07169  
  75    14.3597   0.61127     1.14360      9.2437     17.2937         119         0.06915  
  80    14.8541   1.22254     1.14854     18.4874     17.3684         119         0.04603  
  85    11.0874   0.50437     1.11087      7.6271     16.7988         118         0.01783  
  90     6.4487   0.27785     1.06449      4.2017     16.0973         119         0.00676  
  95     1.7130   0.16671     1.01713      2.5210     15.3812         119         0.00389  
 100     0.0000   0.67249     1.00000     10.1695     15.1222         118         0.00340  


Data Role=VALIDATE Target Variable=DepVar Target Label=DepVar

                                                                                    Mean
                            Cumulative       %      Cumulative     Number of     Posterior
Depth     Gain      Lift       Lift      Response   % Response   Observations   Probability

   5     3.0234   1.03023     1.03023     15.6863     15.6863         51          0.81103  
  10     3.4156   0.90145     0.96584     13.7255     14.7059         51          0.80774  
  15    37.3645   2.18925     1.37365     33.3333     20.9150         51          0.76369  
  20    38.4377   1.41657     1.38438     21.5686     21.0784         51          0.57004  
  25    41.6572   1.54535     1.41657     23.5294     21.5686         51          0.26277  
  30    45.9498   1.67413     1.45950     25.4902     22.2222         51          0.16975  
  35    45.3366   1.41657     1.45337     21.5686     22.1289         51          0.15885  
  40    43.2669   1.28779     1.43267     19.6078     21.8137         51          0.15836  
  45    28.7793   0.12878     1.28779      1.9608     19.6078         51          0.15826  
  50    22.5806   0.65677     1.22581     10.0000     18.6640         50          0.15733  
  55    14.9355   0.38634     1.14935      5.8824     17.5000         51          0.14939  
  60    10.7164   0.64390     1.10716      9.8039     16.8576         51          0.11850  
  65     8.1396   0.77268     1.08140     11.7647     16.4653         51          0.08183  
  70     5.0102   0.64390     1.05010      9.8039     15.9888         51          0.07174  
  75     4.0179   0.90145     1.04018     13.7255     15.8377         51          0.07035  
  80     2.3440   0.77268     1.02344     11.7647     15.5828         51          0.05649  
  85     2.3840   1.03023     1.02384     15.6863     15.5889         51          0.02551  
  90     2.4195   1.03023     1.02420     15.6863     15.5943         51          0.00713  
  95     1.0944   0.77268     1.01094     11.7647     15.3926         51          0.00381  
 100     0.0000   0.78813     1.00000     12.0000     15.2259         50          0.00340  
 
                                                                                               
 
 
Assessment Score Distribution

Data Role=TRAIN Target Variable=DepVar Target Label=DepVar

 Posterior     Number                     Mean
Probability      of      Number of     Posterior
   Range       Events    Nonevents    Probability    Percentage

 0.80-0.85        49        209         0.80955        10.8677 
 0.75-0.80        20         49         0.78098         2.9065 
 0.70-0.75        14         20         0.72877         1.4322 
 0.65-0.70         8         15         0.67857         0.9688 
 0.60-0.65         7          9         0.62583         0.6740 
 0.55-0.60         5         11         0.57205         0.6740 
 0.50-0.55         6         11         0.52553         0.7161 
 0.45-0.50         2          8         0.47465         0.4212 
 0.40-0.45         5         13         0.41684         0.7582 
 0.35-0.40         3         13         0.37201         0.6740 
 0.30-0.35         5         24         0.32279         1.2216 
 0.25-0.30         5         26         0.27053         1.3058 
 0.20-0.25         7         36         0.22532         1.8113 
 0.15-0.20       119        592         0.15994        29.9495 
 0.10-0.15        25        115         0.13022         5.8972 
 0.05-0.10        35        353         0.07192        16.3437 
 0.00-0.05        44        511         0.01276        23.3783 


Data Role=VALIDATE Target Variable=DepVar Target Label=DepVar

 Posterior     Number                     Mean
Probability      of      Number of     Posterior
   Range       Events    Nonevents    Probability    Percentage

 0.80-0.85       15          87         0.80938        10.0196 
 0.75-0.80       13          22         0.77996         3.4381 
 0.70-0.75        4          13         0.72652         1.6699 
 0.65-0.70        4          10         0.67421         1.3752 
 0.60-0.65        3           4         0.62647         0.6876 
 0.55-0.60        0           8         0.58231         0.7859 
 0.50-0.55        2           6         0.51537         0.7859 
 0.45-0.50        0           6         0.47268         0.5894 
 0.40-0.45        1           5         0.42268         0.5894 
 0.35-0.40        1           2         0.38612         0.2947 
 0.30-0.35        2          12         0.33235         1.3752 
 0.25-0.30        3           8         0.26808         1.0806 
 0.20-0.25        5          12         0.21621         1.6699 
 0.15-0.20       43         248         0.16062        28.5855 
 0.10-0.15        7          61         0.12733         6.6798 
 0.05-0.10       23         173         0.07234        19.2534 
 0.00-0.05       29         186         0.01184        21.1198 
