 
                                                                                               
 
 
Fit Statistics

Target=DepVar Target Label=DepVar

   Fit
Statistics    Statistics Label                   Train    Validation

 _ASE_        Average Squared Error                  .          .   
 _DIV_        Divisor for ASE                        .          .   
 _MAX_        Maximum Absolute Error                 .          .   
 _NOBS_       Sum of Frequencies                     .          .   
 _RASE_       Root Average Squared Error             .          .   
 _SSE_        Sum of Squared Errors                  .          .   
 _DISF_       Frequency of Classified Cases       2374       1018   
 _MISC_       Misclassification Rate                 1          1   
 _WRONG_      Number of Wrong Classifications     2374       1018   
 
                                                                                               
 
 
Classification Table

Data Role=TRAIN Target Variable=DepVar Target Label=DepVar

                       Target        Outcome     Frequency       Total
Target    Outcome    Percentage    Percentage      Count      Percentage

  0                       .             .           2015           .    
  1                       .             .            359           .    


Data Role=VALIDATE Target Variable=DepVar Target Label=DepVar

                       Target        Outcome     Frequency       Total
Target    Outcome    Percentage    Percentage      Count      Percentage

  0                       .             .           863            .    
  1                       .             .           155            .    
 
                                                                                               
 
 
Event Classification Table

Data Role=TRAIN Target=DepVar Target Label=DepVar

  False       True        False       True
Negative    Negative    Positive    Positive

   359        2015          0           0   


Data Role=VALIDATE Target=DepVar Target Label=DepVar

  False       True        False       True
Negative    Negative    Positive    Positive

   155         863          0           0   
 
                                                                                               
 
 
Assessment Score Rankings

Data Role=' ' Target Variable=DepVar Target Label=DepVar

DECILE    GAIN    LIFT    LIFTC    RESP    RESPC

   .        .       .       .        .       .  
   .        .       .       .        .       .  
