MPRINT(EM_DIAGRAM):    data _null_;
MPRINT(EM_DIAGRAM):   call symput('NLDATE', strip(put(date(), NLDATE.)));
MPRINT(EM_DIAGRAM):   call symput('NLTIME', strip(put(datetime(), NLTIME.)));
MPRINT(EM_DIAGRAM):   run;
MPRINT(EM_DIAGRAM):   data _null_;
MPRINT(EM_DIAGRAM):   nldate= sasmsg("sashelp.dmine", "log_date_note", 'N', "16. April 2016" );
MPRINT(EM_DIAGRAM):   nltime= sasmsg("sashelp.dmine", "log_time_note", 'N', "20.14 Uhr" );
MPRINT(EM_DIAGRAM):   put "*------------------------------------------------------------*";
MPRINT(EM_DIAGRAM):   put "* Training Log";
MPRINT(EM_DIAGRAM):   put nldate;
MPRINT(EM_DIAGRAM):   put nltime;
MPRINT(EM_DIAGRAM):   put "*------------------------------------------------------------*";
MPRINT(EM_DIAGRAM):   run;
*------------------------------------------------------------*
* Training Log
Date:                16. April 2016
Time:                20.14 Uhr
*------------------------------------------------------------*
MPRINT(EM_DIAGRAM):    filename O35U61P7 
"C:\\predictive-models-project\Workspaces\EMWS8\Reg3\EMTRAIN.out" encoding="UTF-8" NOBOM;
MPRINT(EM_DIAGRAM):   proc printto print=O35U61P7 new;
MPRINT(EM_DIAGRAM):   run;
MPRINT(EM_DIAGRAM):    filename _LOG 
"C:\\predictive-models-project\Workspaces\EMWS8\Reg3\EMLOG.log" encoding="UTF-8" NOBOM;
MPRINT(EM_DIAGRAM):    data _null_;
MPRINT(EM_DIAGRAM):   call symput('NLDATE', strip(put(date(), NLDATE.)));
MPRINT(EM_DIAGRAM):   call symput('NLTIME', strip(put(datetime(), NLTIME.)));
MPRINT(EM_DIAGRAM):   run;
MPRINT(EM_DIAGRAM):   data _null_;
MPRINT(EM_DIAGRAM):   nldate= sasmsg("sashelp.dmine", "log_date_note", 'N', "16. April 2016" );
MPRINT(EM_DIAGRAM):   nltime= sasmsg("sashelp.dmine", "log_time_note", 'N', "20.14 Uhr" );
MPRINT(EM_DIAGRAM):   file _LOG;
MPRINT(EM_DIAGRAM):   put "*------------------------------------------------------------*";
MPRINT(EM_DIAGRAM):   put "User:                Lukas Fahr";
MPRINT(EM_DIAGRAM):   put nldate;
MPRINT(EM_DIAGRAM):   put nltime;
MPRINT(EM_DIAGRAM):   put "Site:                70107571";
MPRINT(EM_DIAGRAM):   put "Platform:            X64_7PRO";
MPRINT(EM_DIAGRAM):   put "Maintenance Release: 9.03.01M2P081512";
MPRINT(EM_DIAGRAM):   put "EM Version:          12.1";
MPRINT(EM_DIAGRAM):   put "* ";
MPRINT(EM_DIAGRAM):   run;
MPRINT(EM_DIAGRAM):    filename _LOGIN 
"C:\\predictive-models-project\Workspaces\EMWS8\Reg3\EMTRAIN.log" encoding="UTF-8" NOBOM;
MPRINT(EM_COPYFILE):   data _null_;
MPRINT(EM_COPYFILE):   length line $20000;
MPRINT(EM_COPYFILE):   file _LOG MOD lrecl=20000;
MPRINT(EM_COPYFILE):   fid=fopen("_LOGIN",'i',20000,'v');
MPRINT(EM_COPYFILE):   if fid > 0 then do;
MPRINT(EM_COPYFILE):   do while(^fread(fid));
MPRINT(EM_COPYFILE):   rlen = frlen(fid);
MPRINT(EM_COPYFILE):   rc= fget(fid,line,20000);
MPRINT(EM_COPYFILE):   start = length(line)-length(left(line))+1;
MPRINT(EM_COPYFILE):   line=strip(line);
MPRINT(EM_COPYFILE):   put @start line;
MPRINT(EM_COPYFILE):   end;
MPRINT(EM_COPYFILE):   if fid > 0 then rc=fclose(fid);
MPRINT(EM_COPYFILE):   end;
MPRINT(EM_COPYFILE):   run;
MPRINT(EM_DIAGRAM):  ;
MPRINT(EM_DIAGRAM):   filename _LOGIN;
MPRINT(EM_DIAGRAM):    data _null_;
MPRINT(EM_DIAGRAM):   file _LOG mod;
MPRINT(EM_DIAGRAM):   put _page_;
MPRINT(EM_DIAGRAM):   run;
MPRINT(EM_DIAGRAM):   filename _LOGIN 
"C:\\predictive-models-project\Workspaces\EMWS8\Reg3\EMSCORE.log" encoding="UTF-8" NOBOM;
MPRINT(EM_DIAGRAM):  ;
MPRINT(EM_DIAGRAM):   data _null_;
MPRINT(EM_DIAGRAM):   file _LOG mod;
MPRINT(EM_DIAGRAM):   put _page_;
MPRINT(EM_DIAGRAM):   run;
MPRINT(EM_DIAGRAM):    filename _LOGIN 
"C:\\predictive-models-project\Workspaces\EMWS8\Reg3\EMREPORT.log" encoding="UTF-8" NOBOM;
MPRINT(EM_DIAGRAM):  ;
MPRINT(EM_DIAGRAM):   filename _LOGIN;
MPRINT(EM_DIAGRAM):    filename _LOG;
MPRINT(EM_DIAGRAM):    filename _OUT 
"C:\\predictive-models-project\Workspaces\EMWS8\Reg3\EMOUTPUT.out" encoding="UTF-8" NOBOM;
MPRINT(EM_DIAGRAM):    data _null_;
MPRINT(EM_DIAGRAM):   call symput('NLDATE', strip(put(date(), NLDATE.)));
MPRINT(EM_DIAGRAM):   call symput('NLTIME', strip(put(datetime(), NLTIME.)));
MPRINT(EM_DIAGRAM):   run;
MPRINT(EM_DIAGRAM):   data _null_;
MPRINT(EM_DIAGRAM):   nldate= sasmsg("sashelp.dmine", "log_date_note", 'N', "16. April 2016" );
MPRINT(EM_DIAGRAM):   nltime= sasmsg("sashelp.dmine", "log_time_note", 'N', "20.14 Uhr" );
MPRINT(EM_DIAGRAM):   file _OUT;
MPRINT(EM_DIAGRAM):   put "*------------------------------------------------------------*";
MPRINT(EM_DIAGRAM):   put "User:                Lukas Fahr";
MPRINT(EM_DIAGRAM):   put nldate;
MPRINT(EM_DIAGRAM):   put nltime;
MPRINT(EM_DIAGRAM):   put "*------------------------------------------------------------*";
MPRINT(EM_DIAGRAM):   put "* Training Output";
MPRINT(EM_DIAGRAM):   put "*------------------------------------------------------------*";
MPRINT(EM_DIAGRAM):   run;
MPRINT(EM_DIAGRAM):    filename _OUTIN 
"C:\\predictive-models-project\Workspaces\EMWS8\Reg3\EMTRAIN.out" encoding="UTF-8" NOBOM;
MPRINT(EM_DIAGRAM):   ;
MPRINT(EM_COPYFILE):   data _null_;
MPRINT(EM_COPYFILE):   length line $20000;
MPRINT(EM_COPYFILE):   file _OUT MOD lrecl=20000;
MPRINT(EM_COPYFILE):   fid=fopen("_OUTIN",'i',20000,'v');
MPRINT(EM_COPYFILE):   if fid > 0 then do;
MPRINT(EM_COPYFILE):   do while(^fread(fid));
MPRINT(EM_COPYFILE):   rlen = frlen(fid);
MPRINT(EM_COPYFILE):   rc= fget(fid,line,20000);
MPRINT(EM_COPYFILE):   start = length(line)-length(left(line))+1;
MPRINT(EM_COPYFILE):   line=strip(line);
MPRINT(EM_COPYFILE):   put @start line;
MPRINT(EM_COPYFILE):   end;
MPRINT(EM_COPYFILE):   if fid > 0 then rc=fclose(fid);
MPRINT(EM_COPYFILE):   end;
MPRINT(EM_COPYFILE):   run;
MPRINT(EM_DIAGRAM):  ;
MPRINT(EM_DIAGRAM):   filename _OUTIN;
MPRINT(EM_DIAGRAM):    data _null_;
MPRINT(EM_DIAGRAM):   file _OUT mod;
MPRINT(EM_DIAGRAM):   put _page_;
MPRINT(EM_DIAGRAM):   put // "*------------------------------------------------------------*";
MPRINT(EM_DIAGRAM):   put "* Score Output";
MPRINT(EM_DIAGRAM):   put "*------------------------------------------------------------*";
MPRINT(EM_DIAGRAM):   run;
MPRINT(EM_DIAGRAM):    filename _OUTIN 
"C:\\predictive-models-project\Workspaces\EMWS8\Reg3\EMSCORE.out" encoding="UTF-8" NOBOM;
MPRINT(EM_DIAGRAM):  ;
MPRINT(EM_DIAGRAM):   filename _OUTIN;
MPRINT(EM_DIAGRAM):    data _null_;
MPRINT(EM_DIAGRAM):   file _OUT mod;
MPRINT(EM_DIAGRAM):   put _page_;
MPRINT(EM_DIAGRAM):   put // "*------------------------------------------------------------*";
MPRINT(EM_DIAGRAM):   put "* Report Output";
MPRINT(EM_DIAGRAM):   put "*------------------------------------------------------------*";
MPRINT(EM_DIAGRAM):   run;
MPRINT(EM_DIAGRAM):    filename _OUTIN 
"C:\\predictive-models-project\Workspaces\EMWS8\Reg3\EMREPORT.out" encoding="UTF-8" NOBOM;
MPRINT(EM_DIAGRAM):  ;
MPRINT(EM_DIAGRAM):   filename _OUTIN;
MPRINT(EM_DIAGRAM):    filename _OUT;
MPRINT(EM_DIAGRAM):    filename _emtool_ 
'C:\\predictive-models-project\Workspaces\EMWS8\Reg3\EMRUNSTATUS.xml' encoding="UTF-8" NOBOM;
MPRINT(EM_DIAGRAM):    filename _emtool_ 
'C:\\predictive-models-project\Workspaces\EMWS8\Reg3\EMRUNSTATUS.xml' encoding="UTF-8" NOBOM;
641038     proc freq data=EMWS8.Reg3_VariableSet noprint;
MPRINT(EM_DIAGRAM):    proc freq data=EMWS8.Reg3_VariableSet noprint;
641039     table ROLE*LEVEL/out=WORK.Reg3META;
MPRINT(EM_DIAGRAM):   table ROLE*LEVEL/out=WORK.Reg3META;
641040     run;
MPRINT(EM_DIAGRAM):   run;

NOTE: There were 48 observations read from the data set EMWS8.REG3_VARIABLESET.
NOTE: The data set WORK.REG3META has 5 observations and 4 variables.
NOTE: PROCEDURE FREQ used (Total process time):
      real time           0.00 seconds
      cpu time            0.00 seconds
      

641041     proc print data=WORK.Reg3META label noobs;
MPRINT(EM_DIAGRAM):   proc print data=WORK.Reg3META label noobs;
641042     var ROLE LEVEL COUNT;
MPRINT(EM_DIAGRAM):   var ROLE LEVEL COUNT;
641043     label ROLE = "%sysfunc(sasmsg(sashelp.dmine, meta_role_vlabel, NOQUOTE))" LEVEL =
641043   ! "%sysfunc(sasmsg(sashelp.dmine, meta_level_vlabel, NOQUOTE))" COUNT =
641043   ! "%sysfunc(sasmsg(sashelp.dmine, rpt_count_vlabel, NOQUOTE))";
MPRINT(EM_DIAGRAM):   label ROLE = "Role" LEVEL = "Measurement Level" COUNT = "Frequency 
Count";
641044     title9 ' ';
MPRINT(EM_DIAGRAM):   title9 ' ';
641045     title10 "%sysfunc(sasmsg(sashelp.dmine, rpt_varSummary_title  , NOQUOTE))";
MPRINT(EM_DIAGRAM):   title10 "Variable Summary";
MPRINT(EM_DIAGRAM):   run;
641046     run;

NOTE: There were 5 observations read from the data set WORK.REG3META.
NOTE: The PROCEDURE PRINT printed page 510.
NOTE: PROCEDURE PRINT used (Total process time):
      real time           0.00 seconds
      cpu time            0.03 seconds
      

641047     title10;
MPRINT(EM_DIAGRAM):   title10;
641048     %let EMNORLEN = %DMNORLEN;
MPRINT(EM_DIAGRAM):   
EMWS8.BINNING_TRAIN EMWS8.BINNING_TRAIN 
EMWS8.BINNING_TRAIN EMWS8.BINNING_TRAIN EMWS8 BINNING_TRAIN 
EMWS8.BINNING_TRAIN EMWS8.BINNING_TRAIN 
EMWS8.BINNING_TRAIN EMWS8.BINNING_TRAIN EMWS8 BINNING_TRAIN 
MPRINT(EM_DIAGRAM):    proc dmdb data=EMWS8.BINNING_TRAIN 
classout=WORK._DMDBCLASSTARGET(keep=NAME NRAW CRAW LEVEL FREQUENCY NMISSPERCENT);
MPRINT(EM_DIAGRAM):   class DepVar(DESC) ;
MPRINT(EM_DIAGRAM):   run;
Executing  SASHELP.EMCORE.EMINFOITERATOR.SCL _INIT >> 
Executing  SASHELP.EMCORE.EMINFOITERATOR.SCL setMetaData >> 
Executing  SASHELP.EMCORE.EMINFOITERATOR.SCL next >> 
Executing  SASHELP.EMCORE.EMINFOITERATOR.SCL setMetaData >> 
Executing  SASHELP.EMCORE.EMINFOITERATOR.SCL next >> 
Executing  SASHELP.EMCORE.EMINFOITERATOR.SCL _term >> 
MPRINT(EM_DIAGRAM):    data _null_;
MPRINT(EM_DIAGRAM):   set WORK._DMDBCLASSTARGET;
MPRINT(EM_DIAGRAM):   where ^(NRAW eq . and CRAW eq '') and NAME="DepVar";
MPRINT(EM_DIAGRAM):   if _N_=1 then call symput('_newevent', strip(LEVEL));
MPRINT(EM_DIAGRAM):   run;
MPRINT(EM_DIAGRAM):   proc sort data=WORK._DMDBCLASSTARGET out=_TEMPCLASS(keep=LEVEL FREQUENCY 
NMISSPERCENT rename=(LEVEL=DepVar));
MPRINT(EM_DIAGRAM):   by LEVEL;
MPRINT(EM_DIAGRAM):   where ^(NRAW eq . and CRAW eq '') and NAME="DepVar";
MPRINT(EM_DIAGRAM):   run;
MPRINT(EM_DIAGRAM):   data _TEMPCLASS;
MPRINT(EM_DIAGRAM):   set _TEMPCLASS;
MPRINT(EM_DIAGRAM):   NMISSPERCENT= NMISSPERCENT/100;
MPRINT(EM_DIAGRAM):   run;
MPRINT(EM_DIAGRAM):    data _sortedDecData;
MPRINT(EM_DIAGRAM):   set EMWS8.Reg3_DepVar_DD;
MPRINT(EM_DIAGRAM):   _levelorder_=_N_;
MPRINT(EM_DIAGRAM):   run;
MPRINT(EM_DIAGRAM):   proc sort data=_sortedDecdata;
MPRINT(EM_DIAGRAM):   by DepVar;
MPRINT(EM_DIAGRAM):   run;
MPRINT(EM_DIAGRAM):   data _null_;
MPRINT(EM_DIAGRAM):   merge _TEMPCLASS(in=_a) _sortedDecdata(in=_b);
MPRINT(EM_DIAGRAM):   by DepVar;
MPRINT(EM_DIAGRAM):   if (_a and ^_b) or (^_a and _b) then call symput('_emresetDec', '1');
MPRINT(EM_DIAGRAM):   run;
MPRINT(EM_DIAGRAM):    data EMWS8.Reg3_DepVar_DD;
MPRINT(EM_DIAGRAM):   set EMWS8.Reg3_DepVar_DD;
MPRINT(EM_DIAGRAM):   _levelorder_=_N_;
MPRINT(EM_DIAGRAM):   run;
MPRINT(EM_DIAGRAM):   proc sort data=EMWS8.Reg3_DepVar_DD;
MPRINT(EM_DIAGRAM):   by DepVar;
MPRINT(EM_DIAGRAM):   run;
MPRINT(EM_DIAGRAM):   data EMWS8.Reg3_DepVar_DD;
MPRINT(EM_DIAGRAM):   merge EMWS8.Reg3_DepVar_DD _TEMPCLASS(rename=(NMISSPERCENT=TRAINPRIOR 
FREQUENCY=COUNT));
MPRINT(EM_DIAGRAM):   by DepVar;
MPRINT(EM_DIAGRAM):   run;
MPRINT(EM_DIAGRAM):   proc sort data=EMWS8.Reg3_DepVar_DD 
out=EMWS8.Reg3_DepVar_DD(drop=_levelorder_);
MPRINT(EM_DIAGRAM):   by _levelorder_;
MPRINT(EM_DIAGRAM):   run;
641095     data WORK.Reg3_EVENT(KEEP=VARIABLE LABEL LEVEL EVENT NUMLEVELS ORDER);
MPRINT(EM_DIAGRAM):    data WORK.Reg3_EVENT(KEEP=VARIABLE LABEL LEVEL EVENT NUMLEVELS ORDER);
641096     length ORDER $20;
MPRINT(EM_DIAGRAM):   length ORDER $20;
641097     label VARIABLE = "%sysfunc(sasmsg(sashelp.dmine, rpt_target_vlabel,  NOQUOTE))"
641097   ! EVENT = "%sysfunc(sasmsg(sashelp.dmine, assmt_event_vlabel, NOQUOTE))" NUMLEVELS =
641097   ! "%sysfunc(sasmsg(sashelp.dmine, rpt_numcat_vlabel, NOQUOTE))" LEVEL =
641098        "%sysfunc(sasmsg(sashelp.dmine, meta_level_vlabel, NOQUOTE))" ORDER =
641098   ! "%sysfunc(sasmsg(sashelp.dmine, meta_order_vlabel, NOQUOTE))" LABEL =
641098   ! "%sysfunc(sasmsg(sashelp.dmine, meta_label_vlabel, NOQUOTE))";
MPRINT(EM_DIAGRAM):   label VARIABLE = "Target" EVENT = "Event" NUMLEVELS = "Number of Levels" 
LEVEL = "Measurement Level" ORDER = "Order" LABEL = "Label";
641099     set EMWS8.REG3_DEPVAR_DM( where=(_TYPE_="TARGET"));
MPRINT(EM_DIAGRAM):   set EMWS8.REG3_DEPVAR_DM( where=(_TYPE_="TARGET"));
641100     NumLevels=2;
MPRINT(EM_DIAGRAM):   NumLevels=2;
641101     select(upcase(ORDER));
MPRINT(EM_DIAGRAM):   select(upcase(ORDER));
641102     when('DESC') ORDER = 'Descending';
MPRINT(EM_DIAGRAM):   when('DESC') ORDER = 'Descending';
641103     when('ASC') ORDER = 'Ascending';
MPRINT(EM_DIAGRAM):   when('ASC') ORDER = 'Ascending';
641104     when('FMTDESC') ORDER = 'Formatted Descending';
MPRINT(EM_DIAGRAM):   when('FMTDESC') ORDER = 'Formatted Descending';
641105     when('FMTASC') ORDER = 'Formatted Ascending';
MPRINT(EM_DIAGRAM):   when('FMTASC') ORDER = 'Formatted Ascending';
641106     otherwise ORDER = 'Descending';
MPRINT(EM_DIAGRAM):   otherwise ORDER = 'Descending';
641107     end;
MPRINT(EM_DIAGRAM):   end;
641108     output;
MPRINT(EM_DIAGRAM):   output;
641109     run;
MPRINT(EM_DIAGRAM):   run;

NOTE: There were 1 observations read from the data set EMWS8.REG3_DEPVAR_DM.
      WHERE _TYPE_='TARGET';
NOTE: The data set WORK.REG3_EVENT has 1 observations and 6 variables.
NOTE: DATA statement used (Total process time):
      real time           0.00 seconds
      cpu time            0.00 seconds
      

641110     title9 ' ';
MPRINT(EM_DIAGRAM):   title9 ' ';
641111     proc print data=WORK.Reg3_EVENT noobs label;
MPRINT(EM_DIAGRAM):   proc print data=WORK.Reg3_EVENT noobs label;
641112     var VARIABLE EVENT LEVEL NUMLEVELS ORDER LABEL;
MPRINT(EM_DIAGRAM):   var VARIABLE EVENT LEVEL NUMLEVELS ORDER LABEL;
641113     title9 ' ';
MPRINT(EM_DIAGRAM):   title9 ' ';
641114     title10 "%sysfunc(sasmsg(sashelp.dmine, rpt_modelEvent_title  , NOQUOTE))";
MPRINT(EM_DIAGRAM):   title10 "Model Events";
MPRINT(EM_DIAGRAM):   run;
641115     run;

NOTE: There were 1 observations read from the data set WORK.REG3_EVENT.
NOTE: The PROCEDURE PRINT printed page 511.
NOTE: PROCEDURE PRINT used (Total process time):
      real time           0.00 seconds
      cpu time            0.01 seconds
      

641116     title10;
MPRINT(EM_DIAGRAM):   title10;
"No decisions defined for target "DepVar"." 
641117     proc print data = EMWS8.Reg3_DepVar_DM noobs label;
MPRINT(EM_DIAGRAM):    proc print data = EMWS8.Reg3_DepVar_DM noobs label;
641118     var _type_ variable label;
MPRINT(EM_DIAGRAM):   var _type_ variable label;
641119     where _type_ ^in('MATRIX', 'DECISION', 'TRAINPRIOR', 'DATAPRIOR', 'DECPRIOR');
MPRINT(EM_DIAGRAM):   where _type_ ^in('MATRIX', 'DECISION', 'TRAINPRIOR', 'DATAPRIOR', 
'DECPRIOR');
641120     label _TYPE_ = "%sysfunc(sasmsg(sashelp.dmine, rpt_type_vlabel,     NOQUOTE))"
641120   ! VARIABLE = "%sysfunc(sasmsg(sashelp.dmine, rpt_variable_vlabel, NOQUOTE))" LABEL =
641120   ! "%sysfunc(sasmsg(sashelp.dmine, meta_label_vlabel, NOQUOTE))";
MPRINT(EM_DIAGRAM):   label _TYPE_ = "Type" VARIABLE = "Variable" LABEL = "Label";
641121     title9 ' ';
MPRINT(EM_DIAGRAM):   title9 ' ';
641122     title10 "%sysfunc(sasmsg(sashelp.dmine, rpt_predDecVars_title  , NOQUOTE))";
MPRINT(EM_DIAGRAM):   title10 "Predicted and decision variables";
MPRINT(EM_DIAGRAM):   run;
641123     run;

NOTE: There were 7 observations read from the data set EMWS8.REG3_DEPVAR_DM.
      WHERE _type_ not in ('DATAPRIOR', 'DECISION', 'DECPRIOR', 'MATRIX', 'TRAINPRIOR');
NOTE: The PROCEDURE PRINT printed page 512.
NOTE: PROCEDURE PRINT used (Total process time):
      real time           0.00 seconds
      cpu time            0.00 seconds
      

641124     title10;
MPRINT(EM_DIAGRAM):   title10;
MPRINT(EM_DIAGRAM):    *------------------------------------------------------------*;
MPRINT(EM_DIAGRAM):   * Reg3: Preparing metadata for Training 
*------------------------------------------------------------*;
MPRINT(EM_DIAGRAM):   data WORK.M1L32EPH;
MPRINT(EM_DIAGRAM):   set WORK.M1L32EPH;
MPRINT(EM_DIAGRAM):   where use = 'Y' or (role = 'INPUT' and use = 'D') ;
MPRINT(EM_DIAGRAM):   if (role = 'REJECTED') then role = 'INPUT';
MPRINT(EM_DIAGRAM):   if use = 'D' then use = 'Y';
MPRINT(EM_DIAGRAM):   run;
641134     data WORK.M1L32EPH;
MPRINT(EM_DIAGRAM):    data WORK.M1L32EPH;
641135     set WORK.M1L32EPH end=eof;
MPRINT(EM_DIAGRAM):   set WORK.M1L32EPH end=eof;
641136     output;
MPRINT(EM_DIAGRAM):   output;
641137     if eof then do;
MPRINT(EM_DIAGRAM):   if eof then do;
641138     NAME="";
MPRINT(EM_DIAGRAM):   NAME="";
641139     ROLE="COST";
MPRINT(EM_DIAGRAM):   ROLE="COST";
641140     LEVEL="INTERVAL";
MPRINT(EM_DIAGRAM):   LEVEL="INTERVAL";
641141     TYPE="N";
MPRINT(EM_DIAGRAM):   TYPE="N";
641142     output;
MPRINT(EM_DIAGRAM):   output;
641143     end;
MPRINT(EM_DIAGRAM):   end;
641144     run;
MPRINT(EM_DIAGRAM):   run;

NOTE: There were 15 observations read from the data set WORK.M1L32EPH.
NOTE: The data set WORK.M1L32EPH has 16 observations and 21 variables.
NOTE: DATA statement used (Total process time):
      real time           0.00 seconds
      cpu time            0.00 seconds
      

NOTE: There were 2 observations read from the data set EMWS8.REG3_DEPVAR_DD.
NOTE: The data set WORK.DEPVAR has 2 observations and 7 variables.
641145     *------------------------------------------------------------*;
MPRINT(EM_DIAGRAM):    *------------------------------------------------------------*;
641146     * Reg3: Create decision matrix;
MPRINT(EM_DIAGRAM):   * Reg3: Create decision matrix;
641147     *------------------------------------------------------------*;
MPRINT(EM_DIAGRAM):   *------------------------------------------------------------*;
641148     data WORK.DepVar;
MPRINT(EM_DIAGRAM):   data WORK.DepVar;
641149       length   DepVar                           $  32
641150                COUNT                                8
641151                DATAPRIOR                            8
641152                TRAINPRIOR                           8
641153                DECPRIOR                             8
641154                DECISION1                            8
641155                DECISION2                            8
641156                ;
MPRINT(EM_DIAGRAM):   length DepVar $ 32 COUNT 8 DATAPRIOR 8 TRAINPRIOR 8 DECPRIOR 8 DECISION1 
8 DECISION2 8 ;
641157     
641158       label    COUNT="Level Counts"
641159                DATAPRIOR="Data Proportions"
641160                TRAINPRIOR="Training Proportions"
641161                DECPRIOR="Decision Priors"
641162                DECISION1="1"
641163                DECISION2="0"
641164                ;
MPRINT(EM_DIAGRAM):   label COUNT= "Level Counts" DATAPRIOR= "Data Proportions" TRAINPRIOR= 
"Training Proportions" DECPRIOR= "Decision Priors" DECISION1= "1" DECISION2= "0" ;
641165       format   COUNT 10.
641166                ;
MPRINT(EM_DIAGRAM):   format COUNT 10. ;
641167     DepVar="1"; COUNT=359; DATAPRIOR=0.0643642072; TRAINPRIOR=0.15122156697556;
641167   ! DECPRIOR=.; DECISION1=1; DECISION2=0;
MPRINT(EM_DIAGRAM):   DepVar="1";
MPRINT(EM_DIAGRAM):   COUNT=359;
MPRINT(EM_DIAGRAM):   DATAPRIOR=0.0643642072;
MPRINT(EM_DIAGRAM):   TRAINPRIOR=0.15122156697556;
MPRINT(EM_DIAGRAM):   DECPRIOR=.;
MPRINT(EM_DIAGRAM):   DECISION1=1;
MPRINT(EM_DIAGRAM):   DECISION2=0;
641168     output;
MPRINT(EM_DIAGRAM):   output;
641169     DepVar="0"; COUNT=2015; DATAPRIOR=0.9356357928; TRAINPRIOR=0.84877843302443;
641169   ! DECPRIOR=.; DECISION1=0; DECISION2=1;
MPRINT(EM_DIAGRAM):   DepVar="0";
MPRINT(EM_DIAGRAM):   COUNT=2015;
MPRINT(EM_DIAGRAM):   DATAPRIOR=0.9356357928;
MPRINT(EM_DIAGRAM):   TRAINPRIOR=0.84877843302443;
MPRINT(EM_DIAGRAM):   DECPRIOR=.;
MPRINT(EM_DIAGRAM):   DECISION1=0;
MPRINT(EM_DIAGRAM):   DECISION2=1;
641170     output;
MPRINT(EM_DIAGRAM):   output;
641171     ;
MPRINT(EM_DIAGRAM):   ;
641172     run;
MPRINT(EM_DIAGRAM):   run;

NOTE: The data set WORK.DEPVAR has 2 observations and 7 variables.
NOTE: DATA statement used (Total process time):
      real time           0.00 seconds
      cpu time            0.00 seconds
      

641173     proc datasets lib=work nolist;
MPRINT(EM_DIAGRAM):   proc datasets lib=work nolist;
641174     modify DepVar(type=PROFIT label=DepVar);
MPRINT(EM_DIAGRAM):   modify DepVar(type=PROFIT label= DepVar);
MPRINT(EM_DIAGRAM):   label DECISION1= '1';
MPRINT(EM_DIAGRAM):   label DECISION2= '0';
MPRINT(EM_DIAGRAM):   run;
641175     label DECISION1= '1';
641176     label DECISION2= '0';
641177     run;

NOTE: MODIFY was successful for WORK.DEPVAR.DATA.
641178     quit;
MPRINT(EM_DIAGRAM):   quit;

NOTE: PROCEDURE DATASETS used (Total process time):
      real time           0.02 seconds
      cpu time            0.03 seconds
      

641179     data EM_DMREG / view=EM_DMREG;
MPRINT(EM_DIAGRAM):   data EM_DMREG / view=EM_DMREG;
641180     set EMWS8.BINNING_TRAIN(keep=
641181     DepVar GRP_AcceptedCmp5 GRP_Frq GRP_Income GRP_Mnt GRP_MntFishProducts
641182     GRP_MntGoldProds GRP_MntMeatProducts GRP_MntWines GRP_NumCatalogPurchases
641183     GRP_NumDistPurchases GRP_NumWebPurchases GRP_RFMstat GRP_RMntFrq GRP_Recency );
MPRINT(EM_DIAGRAM):   set EMWS8.BINNING_TRAIN(keep= DepVar GRP_AcceptedCmp5 GRP_Frq GRP_Income 
GRP_Mnt GRP_MntFishProducts GRP_MntGoldProds GRP_MntMeatProducts GRP_MntWines 
GRP_NumCatalogPurchases GRP_NumDistPurchases GRP_NumWebPurchases GRP_RFMstat GRP_RMntFrq 
GRP_Recency );
641184     run;
MPRINT(EM_DIAGRAM):   run;

NOTE: DATA STEP view saved on file WORK.EM_DMREG.
NOTE: A stored DATA STEP view cannot run under a different operating system.
NOTE: View EMWS8.BINNING_TRAIN.VIEW used (Total process time):
      real time           0.01 seconds
      cpu time            0.01 seconds
      
NOTE: DATA statement used (Total process time):
      real time           0.02 seconds
      cpu time            0.01 seconds
      

MPRINT(EM_DIAGRAM):   *------------------------------------------------------------* ;
MPRINT(EM_DIAGRAM):   * Reg3: DMDBClass Macro ;
MPRINT(EM_DIAGRAM):   *------------------------------------------------------------* ;
641185     *------------------------------------------------------------* ;
641186     * Reg3: DMDBClass Macro ;
641187     *------------------------------------------------------------* ;
641188     %macro DMDBClass;
641189         DepVar(DESC) GRP_AcceptedCmp5(ASC) GRP_Frq(ASC) GRP_Income(ASC) GRP_Mnt(ASC)
641190        GRP_MntFishProducts(ASC) GRP_MntGoldProds(ASC) GRP_MntMeatProducts(ASC)
641191        GRP_MntWines(ASC) GRP_NumCatalogPurchases(ASC) GRP_NumDistPurchases(ASC)
641192        GRP_NumWebPurchases(ASC) GRP_RFMstat(ASC) GRP_RMntFrq(ASC) GRP_Recency(ASC)
641193     %mend DMDBClass;
641194     *------------------------------------------------------------* ;
MPRINT(EM_DIAGRAM):   *------------------------------------------------------------* ;
641195     * Reg3: DMDBVar Macro ;
MPRINT(EM_DIAGRAM):   * Reg3: DMDBVar Macro ;
641196     *------------------------------------------------------------* ;
MPRINT(EM_DIAGRAM):   *------------------------------------------------------------* ;
641197     %macro DMDBVar;
641198     
641199     %mend DMDBVar;
641200     *------------------------------------------------------------*;
MPRINT(EM_DIAGRAM):   *------------------------------------------------------------*;
641201     * Reg3: Create DMDB;
MPRINT(EM_DIAGRAM):   * Reg3: Create DMDB;
641202     *------------------------------------------------------------*;
MPRINT(EM_DIAGRAM):   *------------------------------------------------------------*;
641203     proc dmdb batch data=WORK.EM_DMREG
641204     dmdbcat=WORK.Reg3_DMDB
641205     maxlevel = 513
641206     ;
MPRINT(EM_DIAGRAM):   proc dmdb batch data=WORK.EM_DMREG dmdbcat=WORK.Reg3_DMDB maxlevel = 513 
;
MPRINT(EM_DIAGRAM):   class
641207     class %DMDBClass;
MPRINT(DMDBCLASS):   DepVar(DESC) GRP_AcceptedCmp5(ASC) GRP_Frq(ASC) GRP_Income(ASC) 
GRP_Mnt(ASC) GRP_MntFishProducts(ASC) GRP_MntGoldProds(ASC) GRP_MntMeatProducts(ASC) 
GRP_MntWines(ASC) GRP_NumCatalogPurchases(ASC) GRP_NumDistPurchases(ASC) 
GRP_NumWebPurchases(ASC) GRP_RFMstat(ASC) GRP_RMntFrq(ASC) GRP_Recency(ASC)
MPRINT(EM_DIAGRAM):  ;
641208     var %DMDBVar;
MPRINT(EM_DIAGRAM):   var
MPRINT(EM_DIAGRAM):  ;
641209     target
641210     DepVar
641211     ;
MPRINT(EM_DIAGRAM):   target DepVar ;
641212     run;
MPRINT(EM_DIAGRAM):   run;

NOTE: Records processed = 2374   Memory used = 511K.
NOTE: There were 2374 observations read from the data set EMWS8.PART_TRAIN.
NOTE: View WORK.EM_DMREG.VIEW used (Total process time):
      real time           0.03 seconds
      cpu time            0.04 seconds
      
NOTE: There were 2374 observations read from the data set EMWS8.BINNING_TRAIN.
NOTE: There were 2374 observations read from the data set WORK.EM_DMREG.
NOTE: PROCEDURE DMDB used (Total process time):
      real time           0.04 seconds
      cpu time            0.04 seconds
      

MPRINT(EM_DIAGRAM):   quit;
MPRINT(EM_DIAGRAM):   *--- end code ---*;
641213     quit;
641214     *--- end code ---*;

641215     *------------------------------------------------------------*;
MPRINT(EM_DIAGRAM):    *------------------------------------------------------------*;
641216     * Reg3: Run DMREG procedure;
MPRINT(EM_DIAGRAM):   * Reg3: Run DMREG procedure;
641217     *------------------------------------------------------------*;
MPRINT(EM_DIAGRAM):   *------------------------------------------------------------*;
641218     proc dmreg data=EM_DMREG dmdbcat=WORK.Reg3_DMDB
641219     validata = EMWS8.BINNING_VALIDATE
641220     outest = EMWS8.Reg3_EMESTIMATE
641221     outterms = EMWS8.Reg3_OUTTERMS
641222     outmap= EMWS8.Reg3_MAPDS namelen=200
641223     ;
MPRINT(EM_DIAGRAM):   proc dmreg data=EM_DMREG dmdbcat=WORK.Reg3_DMDB validata = 
EMWS8.BINNING_VALIDATE outest = EMWS8.Reg3_EMESTIMATE outterms = EMWS8.Reg3_OUTTERMS outmap= 
EMWS8.Reg3_MAPDS namelen=200 ;
641224     class
641225     DepVar
641226     GRP_AcceptedCmp5
641227     GRP_Frq
641228     GRP_Income
641229     GRP_Mnt
641230     GRP_MntFishProducts
641231     GRP_MntGoldProds
641232     GRP_MntMeatProducts
641233     GRP_MntWines
641234     GRP_NumCatalogPurchases
641235     GRP_NumDistPurchases
641236     GRP_NumWebPurchases
641237     GRP_RFMstat
641238     GRP_RMntFrq
641239     GRP_Recency
641240     ;
MPRINT(EM_DIAGRAM):   class DepVar GRP_AcceptedCmp5 GRP_Frq GRP_Income GRP_Mnt 
GRP_MntFishProducts GRP_MntGoldProds GRP_MntMeatProducts GRP_MntWines GRP_NumCatalogPurchases 
GRP_NumDistPurchases GRP_NumWebPurchases GRP_RFMstat GRP_RMntFrq GRP_Recency ;
641241     model DepVar =
641242     GRP_AcceptedCmp5
641243     GRP_Frq
641244     GRP_Income
641245     GRP_Mnt
641246     GRP_MntFishProducts
641247     GRP_MntGoldProds
641248     GRP_MntMeatProducts
641249     GRP_MntWines
641250     GRP_NumCatalogPurchases
641251     GRP_NumDistPurchases
641252     GRP_NumWebPurchases
641253     GRP_RFMstat
641254     GRP_RMntFrq
641255     GRP_Recency
641256     /error=binomial link=LOGIT
641257     coding=DEVIATION
641258     nodesignprint
641259     selection=STEPWISE choose=NONE
641260     Hierarchy=CLASS
641261     Rule=NONE
641262     ;
MPRINT(EM_DIAGRAM):   model DepVar = GRP_AcceptedCmp5 GRP_Frq GRP_Income GRP_Mnt 
GRP_MntFishProducts GRP_MntGoldProds GRP_MntMeatProducts GRP_MntWines GRP_NumCatalogPurchases 
GRP_NumDistPurchases GRP_NumWebPurchases GRP_RFMstat GRP_RMntFrq GRP_Recency /error=binomial 
link=LOGIT coding=DEVIATION nodesignprint selection=STEPWISE choose=NONE Hierarchy=CLASS 
Rule=NONE ;
641263     ;
MPRINT(EM_DIAGRAM):   ;
641264     code file="C:\\predictive-models-project\Workspaces\EMWS8\Reg3\EMPUBLISHSCORE.sas"
641265     group=Reg3
641266     ;
MPRINT(EM_DIAGRAM):   code 
file="C:\\predictive-models-project\Workspaces\EMWS8\Reg3\EMPUBLISHSCORE.sas" group=Reg3 ;
641267     code file="C:\\predictive-models-project\Workspaces\EMWS8\Reg3\EMFLOWSCORE.sas"
641268     group=Reg3
641269     residual
641270     ;
MPRINT(EM_DIAGRAM):   code 
file="C:\\predictive-models-project\Workspaces\EMWS8\Reg3\EMFLOWSCORE.sas" group=Reg3 residual 
;
641271     run;
MPRINT(EM_DIAGRAM):   run;


NOTE: PROC DMREG is modeling the probability that DepVar='1'.
NOTE: Convergence criterion (ABSGCONV=0.00001) satisfied.
NOTE: Convergence criterion (GCONV=1E-6) satisfied.
NOTE: Convergence criterion (GCONV=1E-6) satisfied.
NOTE: Convergence criterion (GCONV=1E-6) satisfied.
NOTE: Convergence criterion (GCONV=1E-6) satisfied.
NOTE: Convergence criterion (GCONV=1E-6) satisfied.
NOTE: Convergence criterion (GCONV=1E-6) satisfied.
NOTE: Convergence criterion (GCONV=1E-6) satisfied.
NOTE: Convergence criterion (GCONV=1E-6) satisfied.
NOTE: Convergence criterion (GCONV=1E-6) satisfied.
NOTE: Convergence criterion (GCONV=1E-6) satisfied.
NOTE: Convergence criterion (GCONV=1E-6) satisfied.
NOTE: Convergence criterion (GCONV=1E-6) satisfied.
NOTE: External file C:\\predictive-models-project\Workspaces\EMWS8\Reg3\EMPUBLISHSCORE.sas 
      opened.
NOTE: External file C:\\predictive-models-project\Workspaces\EMWS8\Reg3\EMFLOWSCORE.sas opened.
NOTE: View EMWS8.BINNING_VALIDATE.VIEW used (Total process time):
      real time           0.66 seconds
      cpu time            0.67 seconds
      
NOTE: There were 1018 observations read from the data set EMWS8.PART_VALIDATE.
NOTE: There were 2374 observations read from the data set EMWS8.PART_TRAIN.
NOTE: View WORK.EM_DMREG.VIEW used (Total process time):
      real time           0.70 seconds
      cpu time            0.70 seconds
      
NOTE: There were 2374 observations read from the data set EMWS8.BINNING_TRAIN.
NOTE: There were 2374 observations read from the data set WORK.EM_DMREG.
NOTE: There were 1018 observations read from the data set EMWS8.BINNING_VALIDATE.
NOTE: The data set EMWS8.REG3_EMESTIMATE has 42 observations and 76 variables.
NOTE: The data set EMWS8.REG3_OUTTERMS has 28 observations and 6 variables.
NOTE: The data set EMWS8.REG3_MAPDS has 2 observations and 41 variables.
NOTE: The PROCEDURE DMREG printed pages 513-526.
NOTE: PROCEDURE DMREG used (Total process time):
      real time           0.72 seconds
      cpu time            0.73 seconds
      

MPRINT(EM_DIAGRAM):   quit;
641272     quit;

641273     proc datasets lib=WORK nolist;
MPRINT(EM_DIAGRAM):    proc datasets lib=WORK nolist;
641274     delete Reg3_DMDB;
MPRINT(EM_DIAGRAM):   delete Reg3_DMDB;
641275     run;
MPRINT(EM_DIAGRAM):   run;

NOTE: The file WORK.REG3_DMDB (memtype=DATA) was not found, but appears on a DELETE statement.
641276     quit;
MPRINT(EM_DIAGRAM):   quit;

NOTE: PROCEDURE DATASETS used (Total process time):
      real time           0.02 seconds
      cpu time            0.03 seconds
      

641277     proc datasets lib=WORK nolist;
MPRINT(EM_DIAGRAM):    proc datasets lib=WORK nolist;
641278     delete Reg3_DMDB / memtype=catalog;
MPRINT(EM_DIAGRAM):   delete Reg3_DMDB / memtype=catalog;
641279     run;
MPRINT(EM_DIAGRAM):   run;

NOTE: Deleting WORK.REG3_DMDB (memtype=CATALOG).
641280     quit;
MPRINT(EM_DIAGRAM):   quit;

NOTE: PROCEDURE DATASETS used (Total process time):
      real time           0.02 seconds
      cpu time            0.03 seconds
      

641281     data WORK.ESTIMATE;
MPRINT(EM_DIAGRAM):    data WORK.ESTIMATE;
641282     length _NAME_ $32;
MPRINT(EM_DIAGRAM):   length _NAME_ $32;
641283     set EMWS8.Reg3_EMESTIMATE;
MPRINT(EM_DIAGRAM):   set EMWS8.Reg3_EMESTIMATE;
641284     drop _AIC_--_VMISC_;
MPRINT(EM_DIAGRAM):   drop _AIC_--_VMISC_;
641285     where _CHOSEN_ ne '' and _TYPE_ in('PARMS', 'T', 'P');
MPRINT(EM_DIAGRAM):   where _CHOSEN_ ne '' and _TYPE_ in('PARMS', 'T', 'P');
641286     drop _STEP_ _CHOSEN_;
MPRINT(EM_DIAGRAM):   drop _STEP_ _CHOSEN_;
641287     select(_TYPE_);
MPRINT(EM_DIAGRAM):   select(_TYPE_);
641288     when('PARMS') _NAME_='Coefficient';
MPRINT(EM_DIAGRAM):   when('PARMS') _NAME_='Coefficient';
641289     when('T') _NAME_='tValue';
MPRINT(EM_DIAGRAM):   when('T') _NAME_='tValue';
641290     when('P') _NAME_='PValue';
MPRINT(EM_DIAGRAM):   when('P') _NAME_='PValue';
641291     otherwise;
MPRINT(EM_DIAGRAM):   otherwise;
641292     end;
MPRINT(EM_DIAGRAM):   end;
641293     run;
MPRINT(EM_DIAGRAM):   run;

NOTE: There were 3 observations read from the data set EMWS8.REG3_EMESTIMATE.
      WHERE (_CHOSEN_ not = ' ') and _TYPE_ in ('P', 'PARMS', 'T');
NOTE: The data set WORK.ESTIMATE has 3 observations and 42 variables.
NOTE: DATA statement used (Total process time):
      real time           0.00 seconds
      cpu time            0.00 seconds
      

641294     proc transpose data=WORK.ESTIMATE out=WORK.ESTIMATE(rename=(_NAME_=Effect));
MPRINT(EM_DIAGRAM):   proc transpose data=WORK.ESTIMATE 
out=WORK.ESTIMATE(rename=(_NAME_=Effect));
641295     run;
MPRINT(EM_DIAGRAM):   run;

NOTE: There were 3 observations read from the data set WORK.ESTIMATE.
NOTE: The data set WORK.ESTIMATE has 40 observations and 5 variables.
NOTE: PROCEDURE TRANSPOSE used (Total process time):
      real time           0.00 seconds
      cpu time            0.01 seconds
      

641296     proc transpose data=EMWS8.Reg3_MAPDS out=WORK.MAP(rename=(_NAME_=Effect
641296   ! INPUT=Variable
641297     ));
MPRINT(EM_DIAGRAM):   proc transpose data=EMWS8.Reg3_MAPDS out=WORK.MAP(rename=(_NAME_=Effect 
INPUT=Variable ));
641298     var 'GRP_AcceptedCmp52'n--'GRP_Recency4'n;
MPRINT(EM_DIAGRAM):   var 'GRP_AcceptedCmp52'n--'GRP_Recency4'n;
641299     run;
MPRINT(EM_DIAGRAM):   run;

NOTE: There were 2 observations read from the data set EMWS8.REG3_MAPDS.
NOTE: The data set WORK.MAP has 39 observations and 4 variables.
NOTE: PROCEDURE TRANSPOSE used (Total process time):
      real time           0.00 seconds
      cpu time            0.00 seconds
      

641300     proc sort data=WORK.MAP;
MPRINT(EM_DIAGRAM):   proc sort data=WORK.MAP;
641301     by Effect;
MPRINT(EM_DIAGRAM):   by Effect;
641302     run;
MPRINT(EM_DIAGRAM):   run;

NOTE: There were 39 observations read from the data set WORK.MAP.
NOTE: The data set WORK.MAP has 39 observations and 4 variables.
NOTE: PROCEDURE SORT used (Total process time):
      real time           0.00 seconds
      cpu time            0.00 seconds
      

641303     proc sort data=WORK.ESTIMATE;
MPRINT(EM_DIAGRAM):   proc sort data=WORK.ESTIMATE;
641304     by Effect;
MPRINT(EM_DIAGRAM):   by Effect;
641305     run;
MPRINT(EM_DIAGRAM):   run;

NOTE: There were 40 observations read from the data set WORK.ESTIMATE.
NOTE: The data set WORK.ESTIMATE has 40 observations and 5 variables.
NOTE: PROCEDURE SORT used (Total process time):
      real time           0.00 seconds
      cpu time            0.00 seconds
      

641306     data EMWS8.Reg3_EFFECTS(rename=(_LABEL_=EffectLabel));
MPRINT(EM_DIAGRAM):   data EMWS8.Reg3_EFFECTS(rename=(_LABEL_=EffectLabel));
641307     length Variable ClassLevel $32;
MPRINT(EM_DIAGRAM):   length Variable ClassLevel $32;
641308     merge WORK.ESTIMATE WORK.MAP;
MPRINT(EM_DIAGRAM):   merge WORK.ESTIMATE WORK.MAP;
641309     by Effect;
MPRINT(EM_DIAGRAM):   by Effect;
641310     label Effect = "%sysfunc(sasmsg(sashelp.dmine, rpt_effect_vlabel, NOQUOTE))"
641310   ! Variable = "%sysfunc(sasmsg(sashelp.dmine, rpt_variable_vlabel, NOQUOTE))" Sign =
641310   ! "%sysfunc(sasmsg(sashelp.dmine, rpt_sign_vlabel, NOQUOTE))" ClassLevel =
641311        "%sysfunc(sasmsg(sashelp.dmine, rpt_level_vlabel, NOQUOTE))" Abscoefficient =
641311   ! "%sysfunc(sasmsg(sashelp.dmine, rpt_abscoefficient_vlabel, NOQUOTE))" Coefficient =
641311   ! "%sysfunc(sasmsg(sashelp.dmine, rpt_coefficient_vlabel, NOQUOTE))" _LABEL_ =
641312        "%sysfunc(sasmsg(sashelp.dmine, rpt_effectLabel_vlabel, NOQUOTE))" CODE =
641312   ! "%sysfunc(sasmsg(sashelp.dmine, rpt_scorecodevar_vlabel, NOQUOTE))";
MPRINT(EM_DIAGRAM):   label Effect = "Effect" Variable = "Variable" Sign = "Sign" ClassLevel = 
"Level" Abscoefficient = "Absolute Coefficient" Coefficient = "Coefficient" _LABEL_ = "Effect 
Label" CODE = "Score Code Variable";
641313     label tvalue = "%sysfunc(sasmsg(sashelp.dmine, rpt_tvalue_vlabel,         NOQUOTE))"
641313   !  abstvalue = "%sysfunc(sasmsg(sashelp.dmine, rpt_absoluteTvalue_vlabel, NOQUOTE))"
641313   ! PValue = "%sysfunc(sasmsg(sashelp.dmine, rpt_pvalue_vlabel,         NOQUOTE))";
MPRINT(EM_DIAGRAM):   label tvalue = "T-value" abstvalue = "Absolute T-value" PValue = "P 
Value";
641314     abstvalue = abs(tValue);
MPRINT(EM_DIAGRAM):   abstvalue = abs(tValue);
641315     if index(Effect, 'Intercept') then do;
MPRINT(EM_DIAGRAM):   if index(Effect, 'Intercept') then do;
641316     variable = 'Intercept';
MPRINT(EM_DIAGRAM):   variable = 'Intercept';
641317     classLevel = scan(_LABEL_, 2, '=');
MPRINT(EM_DIAGRAM):   classLevel = scan(_LABEL_, 2, '=');
641318     end;
MPRINT(EM_DIAGRAM):   end;
641319     if ^indexc(variable, '*') then do;
MPRINT(EM_DIAGRAM):   if ^indexc(variable, '*') then do;
641320     if length(effect)>length(variable) then classlevel = substr(Effect,
641320   ! length(variable)+1);
MPRINT(EM_DIAGRAM):   if length(effect)>length(variable) then classlevel = substr(Effect, 
length(variable)+1);
641321     end;
MPRINT(EM_DIAGRAM):   end;
641322     if Effect eq '' then Effect = Variable;
MPRINT(EM_DIAGRAM):   if Effect eq '' then Effect = Variable;
641323     if coefficient < 0 then sign = '-';
MPRINT(EM_DIAGRAM):   if coefficient < 0 then sign = '-';
641324     else sign = '+';
MPRINT(EM_DIAGRAM):   else sign = '+';
641325     abscoefficient = abs(coefficient);
MPRINT(EM_DIAGRAM):   abscoefficient = abs(coefficient);
641326     if _LABEL_ = '' then _LABEL_ = Effect;
MPRINT(EM_DIAGRAM):   if _LABEL_ = '' then _LABEL_ = Effect;
641327     if coefficient ne . then output;
MPRINT(EM_DIAGRAM):   if coefficient ne . then output;
641328     run;
MPRINT(EM_DIAGRAM):   run;

NOTE: Missing values were generated as a result of performing an operation on missing values.
      Each place is given by: (Number of times) at (Line):(Column).
      12 at 641314:13   12 at 641325:18   
NOTE: There were 40 observations read from the data set WORK.ESTIMATE.
NOTE: There were 39 observations read from the data set WORK.MAP.
NOTE: The data set EMWS8.REG3_EFFECTS has 28 observations and 11 variables.
NOTE: DATA statement used (Total process time):
      real time           0.01 seconds
      cpu time            0.01 seconds
      

641329     proc sort data =EMWS8.Reg3_EFFECTS;
MPRINT(EM_DIAGRAM):    proc sort data =EMWS8.Reg3_EFFECTS;
641330     by
641331     descending abstvalue;
MPRINT(EM_DIAGRAM):   by descending abstvalue;
641332     run;
MPRINT(EM_DIAGRAM):   run;

NOTE: There were 28 observations read from the data set EMWS8.REG3_EFFECTS.
NOTE: The data set EMWS8.REG3_EFFECTS has 28 observations and 11 variables.
NOTE: PROCEDURE SORT used (Total process time):
      real time           0.00 seconds
      cpu time            0.00 seconds
      

641333     data EMWS8.Reg3_EFFECTS;
MPRINT(EM_DIAGRAM):   data EMWS8.Reg3_EFFECTS;
641334     set EMWS8.Reg3_EFFECTS;
MPRINT(EM_DIAGRAM):   set EMWS8.Reg3_EFFECTS;
641335     format TEffectNum 3.;
MPRINT(EM_DIAGRAM):   format TEffectNum 3.;
641336     label TEffectNum = "%sysfunc(sasmsg(sashelp.dmine, rpt_teffectnum_vlabel, NOQUOTE))"
641336   ! ;
MPRINT(EM_DIAGRAM):   label TEffectNum = "TScore Number";
641337     retain TEffectNum;
MPRINT(EM_DIAGRAM):   retain TEffectNum;
641338     TEffectNum = _N_;
MPRINT(EM_DIAGRAM):   TEffectNum = _N_;
641339     run;
MPRINT(EM_DIAGRAM):   run;

NOTE: There were 28 observations read from the data set EMWS8.REG3_EFFECTS.
NOTE: The data set EMWS8.REG3_EFFECTS has 28 observations and 12 variables.
NOTE: DATA statement used (Total process time):
      real time           0.00 seconds
      cpu time            0.00 seconds
      

641340     proc sort data =EMWS8.Reg3_EFFECTS;
MPRINT(EM_DIAGRAM):    proc sort data =EMWS8.Reg3_EFFECTS;
641341     by
641342     descending absCoefficient;
MPRINT(EM_DIAGRAM):   by descending absCoefficient;
641343     run;
MPRINT(EM_DIAGRAM):   run;

NOTE: There were 28 observations read from the data set EMWS8.REG3_EFFECTS.
NOTE: The data set EMWS8.REG3_EFFECTS has 28 observations and 12 variables.
NOTE: PROCEDURE SORT used (Total process time):
      real time           0.00 seconds
      cpu time            0.01 seconds
      

641344     data EMWS8.Reg3_EFFECTS;
MPRINT(EM_DIAGRAM):   data EMWS8.Reg3_EFFECTS;
641345     set EMWS8.Reg3_EFFECTS;
MPRINT(EM_DIAGRAM):   set EMWS8.Reg3_EFFECTS;
641346     format EffectNum 3.;
MPRINT(EM_DIAGRAM):   format EffectNum 3.;
641347     label EffectNum = "%sysfunc(sasmsg(sashelp.dmine, rpt_effectnum_vlabel, NOQUOTE))";
MPRINT(EM_DIAGRAM):   label EffectNum = "Effect Number";
641348     retain EffectNum;
MPRINT(EM_DIAGRAM):   retain EffectNum;
641349     EffectNum = _N_;
MPRINT(EM_DIAGRAM):   EffectNum = _N_;
641350     run;
MPRINT(EM_DIAGRAM):   run;

NOTE: There were 28 observations read from the data set EMWS8.REG3_EFFECTS.
NOTE: The data set EMWS8.REG3_EFFECTS has 28 observations and 13 variables.
NOTE: DATA statement used (Total process time):
      real time           0.00 seconds
      cpu time            0.00 seconds
      

641351     proc transpose data=EMWS8.Reg3_EMESTIMATE
641351   ! out=EMWS8.Reg3_ESTIMATEGRID(rename=(PARMS=Coefficient T=TValue _NAME_=Effect
641351   ! _LABEL_=EffectLabel));
MPRINT(EM_DIAGRAM):    proc transpose data=EMWS8.Reg3_EMESTIMATE 
out=EMWS8.Reg3_ESTIMATEGRID(rename=(PARMS=Coefficient T=TValue _NAME_=Effect 
_LABEL_=EffectLabel));
641352     where _CHOSEN_ eq '' and _TYPE_ in('PARMS', 'T', 'P');
MPRINT(EM_DIAGRAM):   where _CHOSEN_ eq '' and _TYPE_ in('PARMS', 'T', 'P');
641353     var 'GRP_AcceptedCmp52'n--'GRP_Recency4'n;
MPRINT(EM_DIAGRAM):   var 'GRP_AcceptedCmp52'n--'GRP_Recency4'n;
641354     by _STEP_;
MPRINT(EM_DIAGRAM):   by _STEP_;
641355     id _TYPE_;
MPRINT(EM_DIAGRAM):   id _TYPE_;
641356     run;
MPRINT(EM_DIAGRAM):   run;

NOTE: There were 39 observations read from the data set EMWS8.REG3_EMESTIMATE.
      WHERE (_CHOSEN_=' ') and _TYPE_ in ('P', 'PARMS', 'T');
NOTE: The data set EMWS8.REG3_ESTIMATEGRID has 507 observations and 6 variables.
NOTE: PROCEDURE TRANSPOSE used (Total process time):
      real time           0.00 seconds
      cpu time            0.01 seconds
      

641357     data EMWS8.Reg3_ESTIMATEGRID;
MPRINT(EM_DIAGRAM):    data EMWS8.Reg3_ESTIMATEGRID;
641358     set EMWS8.Reg3_ESTIMATEGRID;
MPRINT(EM_DIAGRAM):   set EMWS8.Reg3_ESTIMATEGRID;
641359     if EffectLabel eq '' then EffectLabel = Effect;
MPRINT(EM_DIAGRAM):   if EffectLabel eq '' then EffectLabel = Effect;
641360     label EffectLabel = "%sysfunc(sasmsg(sashelp.dmine, rpt_effectLabel_vlabel,
641360   ! NOQUOTE))" Effect = "%sysfunc(sasmsg(sashelp.dmine, rpt_effect_vlabel, NOQUOTE))"
641360   ! Abscoefficient = "%sysfunc(sasmsg(sashelp.dmine, rpt_abscoefficient_vlabel,
641360   ! NOQUOTE))"
641361        Coefficient = "%sysfunc(sasmsg(sashelp.dmine, rpt_coefficient_vlabel, NOQUOTE))"
641361   ! tvalue = "%sysfunc(sasmsg(sashelp.dmine, rpt_tvalue_vlabel,         NOQUOTE))"
641361   ! abstvalue = "%sysfunc(sasmsg(sashelp.dmine, rpt_absoluteTvalue_vlabel, NOQUOTE))"
641361   ! PValue =
641362        "%sysfunc(sasmsg(sashelp.dmine, rpt_pvalue_vlabel,         NOQUOTE))";
MPRINT(EM_DIAGRAM):   label EffectLabel = "Effect Label" Effect = "Effect" Abscoefficient = 
"Absolute Coefficient" Coefficient = "Coefficient" tvalue = "T-value" abstvalue = "Absolute 
T-value" PValue = "P Value";
641363     AbsCoefficient = abs(Coefficient);
MPRINT(EM_DIAGRAM):   AbsCoefficient = abs(Coefficient);
641364     AbsTValue = abs(TValue);
MPRINT(EM_DIAGRAM):   AbsTValue = abs(TValue);
641365     where coefficient ne .;
MPRINT(EM_DIAGRAM):   where coefficient ne .;
641366     run;
MPRINT(EM_DIAGRAM):   run;

NOTE: Variable PValue is uninitialized.
NOTE: There were 160 observations read from the data set EMWS8.REG3_ESTIMATEGRID.
      WHERE coefficient not = .;
NOTE: The data set EMWS8.REG3_ESTIMATEGRID has 160 observations and 8 variables.
NOTE: DATA statement used (Total process time):
      real time           0.00 seconds
      cpu time            0.00 seconds
      

MPRINT(EM_DIAGRAM):    proc printto;
MPRINT(EM_DIAGRAM):   run;
