 
                                                                                               
 
 
Variable Summary

            Measurement    Frequency
Role           Level         Count

INPUT        INTERVAL          13   
INPUT        NOMINAL            1   
REJECTED     BINARY             7   
REJECTED     INTERVAL          11   
REJECTED     NOMINAL            1   
TARGET       BINARY             1   
 
                                                                                               
 
 
Model Events

                                  Number
                   Measurement      of
Target    Event       Level       Levels      Order       Label

DepVar      1        BINARY          2      Descending    DepVar
 
                                                                                               
 
 
Predicted and decision variables

Type         Variable     Label

TARGET       DepVar       DepVar             
PREDICTED    P_DepVar1    Predicted: DepVar=1
RESIDUAL     R_DepVar1    Residual: DepVar=1 
PREDICTED    P_DepVar0    Predicted: DepVar=0
RESIDUAL     R_DepVar0    Residual: DepVar=0 
FROM         F_DepVar     From: DepVar       
INTO         I_DepVar     Into: DepVar       
 
                                                                                               
 
 

The NEURAL Procedure

Preliminary       Starting         Objective         Number
 Training          Random           Function           of        Terminating
    Run             Seed             Value         Iterations     Criteria

        1               12345    0.067832458432           10                
        2          1962974514    0.089634933443           10                
        3          1452355784    0.094113184936           10                
        4           604901746    0.082424701986           10                
        5          1161293754    0.088464343566           10                
 
                                                                                               
 
 

The NEURAL Procedure

                      Optimization Start
                      Parameter Estimates
                                                      Gradient
                                                     Objective
  N Parameter                         Estimate        Function

  1 AcceptedCmpTotal_H11              0.391131        0.000847
  2 Frq_H11                          -0.615407        0.000563
  3 Income_H11                       -0.396407        0.001842
  4 Mnt_H11                          -0.297793       -0.000524
  5 MntGoldProds_H11                  0.091595       -0.000748
  6 MntMeatProducts_H11               0.669689       -0.000531
  7 NumCatalogPurchases_H11           0.434103        0.000177
  8 NumDealsPurchases_H11             0.381698       -0.001963
  9 NumWebVisitsMonth_H11             0.425681       -0.001712
 10 RFMstat_H11                       0.117681        0.002337
 11 Recency_H11                      -0.817557        0.001985
 12 Teenhome_H11                      0.347141        0.002040
 13 Year_Birth_H11                    0.395959       -0.002307
 14 AcceptedCmpTotal_H12             -0.176033        0.001455
 15 Frq_H12                          -1.874487        0.004972
 16 Income_H12                       -0.137708        0.007216
 17 Mnt_H12                          -0.077945        0.007004
 18 MntGoldProds_H12                 -0.036723        0.004545
 19 MntMeatProducts_H12               0.434682        0.006778
 20 NumCatalogPurchases_H12           1.222879        0.004586
 21 NumDealsPurchases_H12             1.348107       -0.002808
 22 NumWebVisitsMonth_H12             0.297444       -0.005123
 23 RFMstat_H12                       0.245980        0.001221
 24 Recency_H12                       0.450545        0.004088
 25 Teenhome_H12                     -0.318844       -0.002085
 26 Year_Birth_H12                   -0.493745       -0.001131
 27 AcceptedCmpTotal_H13             -0.358942       -0.005395
 28 Frq_H13                           2.225355       -0.004645
 29 Income_H13                       -0.607600       -0.005196
 30 Mnt_H13                          -0.191274       -0.003287
 31 MntGoldProds_H13                  0.139035        0.001209
 32 MntMeatProducts_H13              -3.088009       -0.001386
 33 NumCatalogPurchases_H13          -1.190433       -0.001531
 34 NumDealsPurchases_H13            -0.371798        0.001009
 35 NumWebVisitsMonth_H13             0.036248        0.003630
 36 RFMstat_H13                      -0.625215       -0.001727
 37 Recency_H13                       0.010748       -0.003301
 38 Teenhome_H13                      0.082405       -0.005900
 39 Year_Birth_H13                   -0.041548        0.007375
 40 AcceptedCmpTotal_H14              0.726124       -0.001008
 41 Frq_H14                          -1.033314       -0.001871
 42 Income_H14                        0.446304       -0.000675
 43 Mnt_H14                          -1.296481     0.000074665
 44 MntGoldProds_H14                  0.201905       -0.001771
 45 MntMeatProducts_H14               0.784814       -0.001258
 46 NumCatalogPurchases_H14           0.610769       -0.000920
 47 NumDealsPurchases_H14            -0.393083       -0.005863
 48 NumWebVisitsMonth_H14             1.139867       -0.001996
 49 RFMstat_H14                      -0.100951        0.001764
 50 Recency_H14                      -1.237081    -0.000067425
 51 Teenhome_H14                     -0.403446        0.003457
 52 Year_Birth_H14                   -0.214559       -0.007262
 53 AcceptedCmpTotal_H15             -0.520001       -0.005490
 54 Frq_H15                          -0.141448       -0.003186
 55 Income_H15                       -0.472094       -0.006688
 56 Mnt_H15                           0.512676       -0.007014
 57 MntGoldProds_H15                  0.078767        0.001825
 58 MntMeatProducts_H15              -0.619141       -0.009714
 59 NumCatalogPurchases_H15          -0.547464       -0.003633
 60 NumDealsPurchases_H15             0.259254        0.005946
 61 NumWebVisitsMonth_H15            -0.609797        0.005287
 62 RFMstat_H15                       0.081662       -0.004993
 63 Recency_H15                       0.969815        0.000434
 64 Teenhome_H15                      0.362452        0.002447
 65 Year_Birth_H15                   -0.092674        0.002137
 66 Marital_StatusDivorced_H11        0.015654     0.000079028
 67 Marital_StatusMarried_H11         0.224931       -0.001765
 68 Marital_StatusSingle_H11         -0.341778       -0.000357
 69 Marital_StatusTogether_H11       -0.047792       -0.000443
 70 Marital_StatusDivorced_H12        0.584822        0.000303
 71 Marital_StatusMarried_H12         0.050315       -0.001460
 72 Marital_StatusSingle_H12          0.280393       -0.001292
 73 Marital_StatusTogether_H12        0.007097       -0.000178
 74 Marital_StatusDivorced_H13        0.350816        0.000110
 75 Marital_StatusMarried_H13        -0.243960        0.002510
 76 Marital_StatusSingle_H13          0.227082        0.000953
 77 Marital_StatusTogether_H13       -0.343348        0.000122
 78 Marital_StatusDivorced_H14        0.854830       -0.000391
 79 Marital_StatusMarried_H14        -1.064112       -0.000401
 80 Marital_StatusSingle_H14          0.575546       -0.002677
 81 Marital_StatusTogether_H14       -0.911418       -0.000470
 82 Marital_StatusDivorced_H15        0.219783       -0.001078
 83 Marital_StatusMarried_H15         0.666636       -0.002482
 84 Marital_StatusSingle_H15         -0.696970        0.001052
 85 Marital_StatusTogether_H15        0.482329       -0.000624
 86 BIAS_H11                         -1.584638       -0.002034
 87 BIAS_H12                         -0.594139       -0.002391
 88 BIAS_H13                         -1.407906        0.004139
 89 BIAS_H14                         -0.207318       -0.003095
 90 BIAS_H15                          1.991085       -0.003408
 91 H11_DepVar1                       3.730716       -0.001118
 92 H12_DepVar1                       2.940255       -0.000744
 93 H13_DepVar1                      -3.961919        0.001169
 94 H14_DepVar1                       3.363390       -0.001269
 95 H15_DepVar1                      -4.825964        0.000328
 96 BIAS_DepVar1                      0.434281       -0.000328

Value of Objective Function = 0.0678324584

 
                                                                                               
 
 

The NEURAL Procedure

Levenberg-Marquardt Optimization


Minimum Iterations                                0
Maximum Iterations                               50
Maximum Function Calls                   2147483647
Maximum CPU Time                              14400
ABSGCONV Gradient Criterion                 0.00001
GCONV Gradient Criterion                       1E-8
GCONV2 Gradient Criterion                         0
ABSFCONV Function Criterion                       0
FCONV Function Criterion                     0.0001
FCONV2 Function Criterion                         0
FSIZE Parameter                                   0
ABSXCONV Parameter Change Criterion               0
XCONV Parameter Change Criterion                  0
XSIZE Parameter                                   0
ABSCONV Function Criterion             0.0020529663
Trust Region Initial Radius Factor                1
Singularity Tolerance (SINGULAR)               1E-8

Levenberg-Marquardt Optimization

Scaling Update of More (1978)

Parameter Estimates              96

                                      Optimization Start

Active Constraints                           0  Objective Function                0.0678324584
Max Abs Gradient Element          0.0097144862  Radius                                       1


                                                                                         Ratio
                                                                                       Between
                                                                                        Actual
                                                       Objective   Max Abs                 and
                 Function       Active      Objective   Function  Gradient           Predicted
Iter   Restarts     Calls  Constraints       Function     Change   Element   Lambda     Change

   1          0         3            0        0.06397    0.00386    0.0149    0.141      0.446
   2          0         4            0        0.06158    0.00239    0.0118   0.0785      0.326
   3          0         5            0        0.06153   0.000049    0.0126   0.0706     0.0066
   4          0         6            0        0.05820    0.00334   0.00646    0.371      0.467
   5          0         7            0        0.05762   0.000580   0.00895    0.136      0.201
   6          0         8            0        0.05724   0.000374   0.00674    0.147      0.115
   7          0         9            0        0.05680   0.000440    0.0105    0.174      0.118
   8          0        10            0        0.05627   0.000530   0.00686    0.143      0.146
   9          0        11            0        0.05581   0.000469   0.00981    0.174      0.124
  10          0        12            0        0.05522   0.000583   0.00664    0.132      0.167
  11          0        13            0        0.05477   0.000452   0.00923    0.162      0.126
  12          0        14            0        0.05416   0.000615   0.00685    0.128      0.184
  13          0        15            0        0.05371   0.000442   0.00879    0.155      0.130
  14          0        16            0        0.05307   0.000644   0.00674    0.128      0.200
  15          0        17            0        0.05268   0.000384   0.00864    0.148      0.119
  16          0        18            0        0.05202   0.000666   0.00666    0.127      0.213
  17          0        19            0        0.05176   0.000255   0.00879    0.138     0.0853
  18          0        20            0        0.05061    0.00115   0.00407    0.465      0.488
  19          0        21            0        0.05025   0.000361   0.00391    0.183      0.438
  20          0        22            0        0.04990   0.000352   0.00310    0.190      0.449
  21          0        23            0        0.04962   0.000282   0.00353    0.178      0.393
  22          0        24            0        0.04929   0.000325   0.00323    0.176      0.448
  23          0        25            0        0.04904   0.000252   0.00354    0.163      0.379
  24          0        26            0        0.04874   0.000298   0.00321    0.162      0.442
  25          0        27            0        0.04851   0.000234   0.00337    0.148      0.383
  26          0        28            0        0.04823   0.000275   0.00304    0.148      0.447
  27          0        29            0        0.04800   0.000228   0.00306    0.136      0.411
  28          0        30            0        0.04773   0.000273   0.00283    0.120      0.476
  29          0        31            0        0.04751   0.000220   0.00283    0.125      0.434
  30          0        32            0        0.04726   0.000253   0.00250    0.111      0.495
  31          0        33            0        0.04704   0.000220   0.00277    0.102      0.470
  32          0        34            0        0.04683   0.000210   0.00256    0.116      0.477
  33          0        35            0        0.04664   0.000194   0.00244   0.0944      0.464
  34          0        36            0        0.04646   0.000176   0.00266    0.112      0.426
  35          0        37            0        0.04631   0.000148   0.00248    0.105      0.379
  36          0        38            0        0.04617   0.000145   0.00291    0.113      0.345
  37          0        39            0        0.04605   0.000119   0.00339    0.107      0.286
  38          0        40            0        0.04593   0.000124   0.00350    0.118      0.266
  39          0        41            0        0.04583   0.000099   0.00418    0.110      0.216
  40          0        42            0        0.04571   0.000116   0.00386    0.123      0.225
  41          0        43            0        0.04562   0.000087   0.00472    0.112      0.178
  42          0        44            0        0.04551   0.000112   0.00405    0.125      0.206
  43          0        45            0        0.04543   0.000078   0.00506    0.112      0.155
  44          0        46            0        0.04532   0.000109   0.00415    0.126      0.194
  45          0        47            0        0.04525   0.000071   0.00530    0.112      0.139
  46          0        48            0        0.04515   0.000107   0.00422    0.125      0.186
  47          0        49            0        0.04508   0.000065   0.00546    0.111      0.127
  48          0        50            0        0.04498   0.000105   0.00426    0.123      0.181
  49          0        51            0        0.04492   0.000060   0.00559    0.110      0.117
  50          0        52            0        0.04481   0.000103   0.00427    0.122      0.177

                                     Optimization Results

Iterations                                  50  Function Calls                              54
Jacobian Calls                              52  Active Constraints                           0
Objective Function                0.0448140654  Max Abs Gradient Element          0.0042691952
Lambda                            0.1217194549  Actual Over Pred Change           0.1766184823
Radius                              0.04653274                                                

LEVMAR needs more than 50 iterations or 2147483647 function calls.                             

WARNING: LEVMAR Optimization cannot be completed.

 
                                                                                               
 
 

The NEURAL Procedure

                     Optimization Results
                      Parameter Estimates
                                                      Gradient
                                                     Objective
  N Parameter                         Estimate        Function

  1 AcceptedCmpTotal_H11              0.328711       -0.004126
  2 Frq_H11                          -0.061189       -0.001770
  3 Income_H11                       -0.353977       -0.002480
  4 Mnt_H11                           0.025934       -0.003135
  5 MntGoldProds_H11                  0.052916       -0.004269
  6 MntMeatProducts_H11               0.190988       -0.001884
  7 NumCatalogPurchases_H11           0.204142       -0.002376
  8 NumDealsPurchases_H11             0.491326       -0.001419
  9 NumWebVisitsMonth_H11             0.341916        0.001142
 10 RFMstat_H11                      -0.032943       -0.001503
 11 Recency_H11                      -0.849659        0.000681
 12 Teenhome_H11                      0.550208       -0.002225
 13 Year_Birth_H11                    0.429505        0.001783
 14 AcceptedCmpTotal_H12             -0.422705     0.000087776
 15 Frq_H12                          -3.113060        0.000415
 16 Income_H12                       -1.833278        0.000426
 17 Mnt_H12                           1.170396        0.000477
 18 MntGoldProds_H12                 -0.807492    -0.000009166
 19 MntMeatProducts_H12               0.273916        0.000380
 20 NumCatalogPurchases_H12           1.187700        0.000461
 21 NumDealsPurchases_H12             1.909113        0.000116
 22 NumWebVisitsMonth_H12            -0.833896       -0.000303
 23 RFMstat_H12                       1.092489        0.000120
 24 Recency_H12                       1.118005        0.000132
 25 Teenhome_H12                      0.074656     0.000083913
 26 Year_Birth_H12                   -0.790069       -0.000177
 27 AcceptedCmpTotal_H13             -0.214602        0.000230
 28 Frq_H13                           2.532489       -0.000662
 29 Income_H13                       -0.618190       -0.000360
 30 Mnt_H13                          -0.495583       -0.000379
 31 MntGoldProds_H13                 -0.067168    -0.000088132
 32 MntMeatProducts_H13              -3.681894       -0.000170
 33 NumCatalogPurchases_H13          -0.909330       -0.000269
 34 NumDealsPurchases_H13            -0.488808        0.000348
 35 NumWebVisitsMonth_H13             0.039750       -0.000121
 36 RFMstat_H13                      -0.443354       -0.000133
 37 Recency_H13                       0.015685        0.000194
 38 Teenhome_H13                      0.145741        0.000212
 39 Year_Birth_H13                   -0.224929       -0.000470
 40 AcceptedCmpTotal_H14              0.458270        0.001443
 41 Frq_H14                          -0.553005       -0.000162
 42 Income_H14                        0.470112        0.000531
 43 Mnt_H14                          -1.784667    -0.000079092
 44 MntGoldProds_H14                  0.228498       -0.001364
 45 MntMeatProducts_H14               0.989765        0.000213
 46 NumCatalogPurchases_H14           0.508125        0.000207
 47 NumDealsPurchases_H14            -0.266964       -0.000898
 48 NumWebVisitsMonth_H14             0.896249        0.000312
 49 RFMstat_H14                      -0.031004       -0.001027
 50 Recency_H14                      -0.698241        0.000386
 51 Teenhome_H14                     -0.283443       -0.001207
 52 Year_Birth_H14                   -0.155502    -0.000066326
 53 AcceptedCmpTotal_H15             -0.557027       -0.003308
 54 Frq_H15                           0.353412       -0.001872
 55 Income_H15                       -0.279753       -0.002343
 56 Mnt_H15                          -0.125285        0.000110
 57 MntGoldProds_H15                  0.072018        0.000650
 58 MntMeatProducts_H15              -0.386476       -0.001416
 59 NumCatalogPurchases_H15          -0.704204       -0.001674
 60 NumDealsPurchases_H15            -0.059023        0.001590
 61 NumWebVisitsMonth_H15            -0.547249        0.001088
 62 RFMstat_H15                       0.076372        0.001228
 63 Recency_H15                       1.004070       -0.001612
 64 Teenhome_H15                      0.282508        0.001415
 65 Year_Birth_H15                   -0.066265       -0.000355
 66 Marital_StatusDivorced_H11       -0.155950       -0.000612
 67 Marital_StatusMarried_H11         1.400280       -0.000681
 68 Marital_StatusSingle_H11         -1.947582    -0.000027028
 69 Marital_StatusTogether_H11        0.185109       -0.000710
 70 Marital_StatusDivorced_H12        2.225672     0.000088294
 71 Marital_StatusMarried_H12         0.155068       -0.000193
 72 Marital_StatusSingle_H12          0.994799       -0.000127
 73 Marital_StatusTogether_H12       -0.644656    -0.000011840
 74 Marital_StatusDivorced_H13        0.342483        0.000188
 75 Marital_StatusMarried_H13        -0.007061    -0.000041355
 76 Marital_StatusSingle_H13          0.239075    -0.000001084
 77 Marital_StatusTogether_H13       -0.537171        0.000126
 78 Marital_StatusDivorced_H14        0.442355        0.000149
 79 Marital_StatusMarried_H14        -0.867035       -0.000919
 80 Marital_StatusSingle_H14          0.443865        0.000365
 81 Marital_StatusTogether_H14       -0.442436    -0.000073514
 82 Marital_StatusDivorced_H15        0.307515     0.000066120
 83 Marital_StatusMarried_H15         0.644575     0.000003553
 84 Marital_StatusSingle_H15         -0.689786       -0.001150
 85 Marital_StatusTogether_H15        0.521783        0.000321
 86 BIAS_H11                         -1.960391       -0.001635
 87 BIAS_H12                         -0.991537    -0.000068017
 88 BIAS_H13                         -1.611047        0.000139
 89 BIAS_H14                         -0.212826        0.000207
 90 BIAS_H15                          2.102498       -0.001120
 91 H11_DepVar1                       6.548792       -0.000162
 92 H12_DepVar1                       5.743351       -0.000154
 93 H13_DepVar1                      -9.682653        0.000103
 94 H14_DepVar1                      11.810721    -0.000083807
 95 H15_DepVar1                     -13.360032    -0.000054856
 96 BIAS_DepVar1                      3.352975       -0.000162

Value of Objective Function = 0.0448140654

