MPRINT(EM_DIAGRAM):    data _null_;
MPRINT(EM_DIAGRAM):   call symput('NLDATE', strip(put(date(), NLDATE.)));
MPRINT(EM_DIAGRAM):   call symput('NLTIME', strip(put(datetime(), NLTIME.)));
MPRINT(EM_DIAGRAM):   run;
MPRINT(EM_DIAGRAM):   data _null_;
MPRINT(EM_DIAGRAM):   nldate= sasmsg("sashelp.dmine", "log_date_note", 'N', "19. April 2016" );
MPRINT(EM_DIAGRAM):   nltime= sasmsg("sashelp.dmine", "log_time_note", 'N', "12.26 Uhr" );
MPRINT(EM_DIAGRAM):   put "*------------------------------------------------------------*";
MPRINT(EM_DIAGRAM):   put "* Score Log";
MPRINT(EM_DIAGRAM):   put nldate;
MPRINT(EM_DIAGRAM):   put nltime;
MPRINT(EM_DIAGRAM):   put "*------------------------------------------------------------*";
MPRINT(EM_DIAGRAM):   run;
*------------------------------------------------------------*
* Score Log
Date:                19. April 2016
Time:                12.26 Uhr
*------------------------------------------------------------*
MPRINT(EM_DIAGRAM):    filename O2_APELG "C:\\predictive-models-project\Workspaces\EMWS8\Meta3\EMSCORE.out" encoding="UTF-8" NOBOM;
MPRINT(EM_DIAGRAM):   proc printto print=O2_APELG new;
MPRINT(EM_DIAGRAM):   run;
39945      *------------------------------------------------------------*;
MPRINT(EM_DIAGRAM):    *------------------------------------------------------------*;
39946      * Meta3: Scoring DATA data;
MPRINT(EM_DIAGRAM):   * Meta3: Scoring DATA data;
39947      *------------------------------------------------------------*;
MPRINT(EM_DIAGRAM):   *------------------------------------------------------------*;
39948      data EMWS8.Meta3_TRAIN
39949      / view=EMWS8.Meta3_TRAIN
39950      ;
MPRINT(EM_DIAGRAM):   data EMWS8.Meta3_TRAIN / view=EMWS8.Meta3_TRAIN ;
39951      set EMWS8.Part_TRAIN
39952      ;
MPRINT(EM_DIAGRAM):   set EMWS8.Part_TRAIN ;
39953      run;
MPRINT(EM_DIAGRAM):   run;

NOTE: DATA STEP view saved on file EMWS8.META3_TRAIN.
NOTE: A stored DATA STEP view cannot run under a different operating system.
NOTE: DATA statement used (Total process time):
      real time           0.00 seconds
      cpu time            0.00 seconds
      

MPRINT(EM_DIAGRAM):   quit;
39954      quit;

39955      *------------------------------------------------------------*;
MPRINT(EM_DIAGRAM):    *------------------------------------------------------------*;
39956      * Meta3: Scoring VALIDATE data;
MPRINT(EM_DIAGRAM):   * Meta3: Scoring VALIDATE data;
39957      *------------------------------------------------------------*;
MPRINT(EM_DIAGRAM):   *------------------------------------------------------------*;
39958      data EMWS8.Meta3_VALIDATE
39959      / view=EMWS8.Meta3_VALIDATE
39960      ;
MPRINT(EM_DIAGRAM):   data EMWS8.Meta3_VALIDATE / view=EMWS8.Meta3_VALIDATE ;
39961      set EMWS8.Part_VALIDATE
39962      ;
MPRINT(EM_DIAGRAM):   set EMWS8.Part_VALIDATE ;
39963      run;
MPRINT(EM_DIAGRAM):   run;

NOTE: DATA STEP view saved on file EMWS8.META3_VALIDATE.
NOTE: A stored DATA STEP view cannot run under a different operating system.
NOTE: DATA statement used (Total process time):
      real time           0.00 seconds
      cpu time            0.00 seconds
      

MPRINT(EM_DIAGRAM):   quit;
39964      quit;

39965      *------------------------------------------------------------*;
MPRINT(EM_DIAGRAM):    *------------------------------------------------------------*;
39966      * Meta3: Computing metadata for TRAIN data;
MPRINT(EM_DIAGRAM):   * Meta3: Computing metadata for TRAIN data;
39967      *------------------------------------------------------------*;
MPRINT(EM_DIAGRAM):   *------------------------------------------------------------*;

39968      data _TEMP;
MPRINT(EM_DIAGRAM):    data _TEMP;
39969      set EMWS8.Part_CMeta_TRAIN;
MPRINT(EM_DIAGRAM):   set EMWS8.Part_CMeta_TRAIN;
39970      *------------------------------------------------------------*;
MPRINT(EM_DIAGRAM):   *------------------------------------------------------------*;
39971      * Metadata Changes;
MPRINT(EM_DIAGRAM):   * Metadata Changes;
39972      *------------------------------------------------------------*;
MPRINT(EM_DIAGRAM):   *------------------------------------------------------------*;
39973      if upcase(NAME) = "HIGHEREDUCATION" then ROLE="REJECTED";
MPRINT(EM_DIAGRAM):   if upcase(NAME) = "HIGHEREDUCATION" then ROLE="REJECTED";
39974      if upcase(NAME) = "HIGHEREDUCATION" then delete;
MPRINT(EM_DIAGRAM):   if upcase(NAME) = "HIGHEREDUCATION" then delete;
39975      if upcase(NAME) = "MNT" then ROLE="REJECTED";
MPRINT(EM_DIAGRAM):   if upcase(NAME) = "MNT" then ROLE="REJECTED";
39976      if upcase(NAME) = "MNTMEATPRODUCTS" then ROLE="REJECTED";
MPRINT(EM_DIAGRAM):   if upcase(NAME) = "MNTMEATPRODUCTS" then ROLE="REJECTED";
39977      if upcase(NAME) = "MNTWINES" then ROLE="REJECTED";
MPRINT(EM_DIAGRAM):   if upcase(NAME) = "MNTWINES" then ROLE="REJECTED";
39978      if upcase(NAME) = "NUMCATALOGPURCHASES" then ROLE="REJECTED";
MPRINT(EM_DIAGRAM):   if upcase(NAME) = "NUMCATALOGPURCHASES" then ROLE="REJECTED";
39979      if upcase(NAME) = "NUMDISTPURCHASES" then ROLE="REJECTED";
MPRINT(EM_DIAGRAM):   if upcase(NAME) = "NUMDISTPURCHASES" then ROLE="REJECTED";
39980      if upcase(NAME) = "NUMSTOREPURCHASES" then ROLE="REJECTED";
MPRINT(EM_DIAGRAM):   if upcase(NAME) = "NUMSTOREPURCHASES" then ROLE="REJECTED";
39981      if upcase(NAME) = "NUMWEBPURCHASES" then ROLE="REJECTED";
MPRINT(EM_DIAGRAM):   if upcase(NAME) = "NUMWEBPURCHASES" then ROLE="REJECTED";
39982      if upcase(NAME) = "YEAR_BIRTH" then ROLE="REJECTED";
MPRINT(EM_DIAGRAM):   if upcase(NAME) = "YEAR_BIRTH" then ROLE="REJECTED";
39983      run;
MPRINT(EM_DIAGRAM):   run;

NOTE: There were 36 observations read from the data set EMWS8.PART_CMETA_TRAIN.
NOTE: The data set WORK._TEMP has 36 observations and 20 variables.
NOTE: DATA statement used (Total process time):
      real time           0.01 seconds
      cpu time            0.00 seconds
      

39984      proc sort data=_TEMP;
MPRINT(EM_DIAGRAM):    proc sort data=_TEMP;
39985      by NAME;
MPRINT(EM_DIAGRAM):   by NAME;
39986      run;
MPRINT(EM_DIAGRAM):   run;

NOTE: There were 36 observations read from the data set WORK._TEMP.
NOTE: The data set WORK._TEMP has 36 observations and 20 variables.
NOTE: PROCEDURE SORT used (Total process time):
      real time           0.00 seconds
      cpu time            0.01 seconds
      

39987      data EMWS8.Meta3_CMeta_TRAIN;
MPRINT(EM_DIAGRAM):    data EMWS8.Meta3_CMeta_TRAIN;
39988      set _TEMP;
MPRINT(EM_DIAGRAM):   set _TEMP;
39989      run;
MPRINT(EM_DIAGRAM):   run;

NOTE: There were 36 observations read from the data set WORK._TEMP.
NOTE: The data set EMWS8.META3_CMETA_TRAIN has 36 observations and 20 variables.
NOTE: DATA statement used (Total process time):
      real time           0.00 seconds
      cpu time            0.00 seconds
      

NOTE: View EMWS8.META3_TRAIN.VIEW used (Total process time):
      real time           0.01 seconds
      cpu time            0.01 seconds
      
NOTE: View EMWS8.META3_VALIDATE.VIEW used (Total process time):
      real time           0.01 seconds
      cpu time            0.01 seconds
      
MPRINT(EM_DIAGRAM):    proc printto;
MPRINT(EM_DIAGRAM):   run;
