 
                                                                                                                                                                                                                                                                
 
 
Variable Summary

            Measurement    Frequency
Role           Level         Count

ID           INTERVAL           1   
ID           NOMINAL            1   
INPUT        BINARY             7   
INPUT        INTERVAL          24   
INPUT        NOMINAL            2   
REJECTED     INTERVAL           7   
REJECTED     NOMINAL            2   
TARGET       BINARY             1   
 
                                                                                                                                                                                                                                                                
 
 
Modified Attributes for DATA Port

                         Measurement      New                                      New                 New
Variable Name               Level        Level     Role     New Role    Report    Report    Order     Order     Creator    Label

AcceptedCmp1              BINARY        DEFAULT    INPUT    REJECTED      N         D                DEFAULT               AcceptedCmp1     
AcceptedCmp2              BINARY        DEFAULT    INPUT    REJECTED      N         D                DEFAULT               AcceptedCmp2     
AcceptedCmp3              BINARY        DEFAULT    INPUT    REJECTED      N         D                DEFAULT               AcceptedCmp3     
AcceptedCmp4              BINARY        DEFAULT    INPUT    REJECTED      N         D                DEFAULT               AcceptedCmp4     
AcceptedCmp5              BINARY        DEFAULT    INPUT    REJECTED      N         D                DEFAULT               AcceptedCmp5     
Age                       INTERVAL      DEFAULT    INPUT    REJECTED      N         D                DEFAULT    EMCODE4                     
Complain                  BINARY        DEFAULT    INPUT    REJECTED      N         D                DEFAULT               Complain         
Education                 NOMINAL       DEFAULT    INPUT    REJECTED      N         D                DEFAULT               Education        
HigherEducationBinary     BINARY        DEFAULT    INPUT    REJECTED      N         D                DEFAULT    Trans                       
Income                    INTERVAL      DEFAULT    INPUT    REJECTED      N         D                DEFAULT               Income           
Kidhome                   INTERVAL      DEFAULT    INPUT    REJECTED      N         D                DEFAULT               Kidhome          
MntFishProducts           INTERVAL      DEFAULT    INPUT    REJECTED      N         D                DEFAULT               MntFishProducts  
MntFruits                 INTERVAL      DEFAULT    INPUT    REJECTED      N         D                DEFAULT               MntFruits        
MntGoldProds              INTERVAL      DEFAULT    INPUT    REJECTED      N         D                DEFAULT               MntGoldProds     
MntSweetProducts          INTERVAL      DEFAULT    INPUT    REJECTED      N         D                DEFAULT               MntSweetProducts 
MntWines                  INTERVAL      DEFAULT    INPUT    REJECTED      N         D                DEFAULT               MntWines         
MonthsAsCustomer          INTERVAL      DEFAULT    INPUT    REJECTED      N         D                DEFAULT    Trans                       
NumDistPurchases          INTERVAL      DEFAULT    INPUT    REJECTED      N         D                DEFAULT    Trans                       
NumStorePurchases         INTERVAL      DEFAULT    INPUT    REJECTED      N         D                DEFAULT               NumStorePurchases
NumWebPurchases           INTERVAL      DEFAULT    INPUT    REJECTED      N         D                DEFAULT               NumWebPurchases  
RFMstat                   INTERVAL      DEFAULT    INPUT    REJECTED      N         D                DEFAULT    EMCODE4                     
RMntFrq                   INTERVAL      DEFAULT    INPUT    REJECTED      N         D                DEFAULT    EMCODE4                     
Teenhome                  INTERVAL      DEFAULT    INPUT    REJECTED      N         D                DEFAULT               Teenhome         
Year_Birth                INTERVAL      DEFAULT    INPUT    REJECTED      N         D                DEFAULT               Year_Birth       
 
                                                                                                                                                                                                                                                                
 
 
Hidden Variables for DATA Port

                   Measurement
 Variable Name        Level         Role      Creator    Label

HigherEducation     INTERVAL      REJECTED    EMCODE4         
