 
                                                                                               
 
 
Fit Statistics

Target=DepVar Target Label=DepVar

   Fit
Statistics    Statistics Label                     Train    Validation

 _DFT_        Total Degrees of Freedom           2374.00          .   
 _DFE_        Degrees of Freedom for Error       2142.00          .   
 _DFM_        Model Degrees of Freedom            232.00          .   
 _NW_         Number of Estimated Weights         232.00          .   
 _AIC_        Akaike's Information Criterion     1238.62          .   
 _SBC_        Schwarz's Bayesian Criterion       2577.81          .   
 _ASE_        Average Squared Error                 0.05         0.06 
 _MAX_        Maximum Absolute Error                1.00         1.00 
 _DIV_        Divisor for ASE                    4748.00      2036.00 
 _NOBS_       Sum of Frequencies                 2374.00      1018.00 
 _RASE_       Root Average Squared Error            0.22         0.24 
 _SSE_        Sum of Squared Errors               230.39       119.54 
 _SUMW_       Sum of Case Weights Times Freq     4748.00      2036.00 
 _FPE_        Final Prediction Error                0.06          .   
 _MSE_        Mean Squared Error                    0.05         0.06 
 _RFPE_       Root Final Prediction Error           0.24          .   
 _RMSE_       Root Mean Squared Error               0.23         0.24 
 _AVERR_      Average Error Function                0.16         0.20 
 _ERR_        Error Function                      774.62       400.66 
 _MISC_       Misclassification Rate                0.07         0.08 
 _WRONG_      Number of Wrong Classifications     156.00        85.00 
 
                                                                                               
 
 
Classification Table

Data Role=TRAIN Target Variable=DepVar Target Label=DepVar

                       Target        Outcome     Frequency       Total
Target    Outcome    Percentage    Percentage      Count      Percentage

  0          0         95.1872       97.1712        1958        82.4768 
  1          0          4.8128       27.5766          99         4.1702 
  0          1         17.9811        2.8288          57         2.4010 
  1          1         82.0189       72.4234         260        10.9520 


Data Role=VALIDATE Target Variable=DepVar Target Label=DepVar

                       Target        Outcome     Frequency       Total
Target    Outcome    Percentage    Percentage      Count      Percentage

  0          0         94.1043       96.1761        830         81.5324 
  1          0          5.8957       33.5484         52          5.1081 
  0          1         24.2647        3.8239         33          3.2417 
  1          1         75.7353       66.4516        103         10.1179 
 
                                                                                               
 
 
Event Classification Table

Data Role=TRAIN Target=DepVar Target Label=DepVar

  False       True        False       True
Negative    Negative    Positive    Positive

   99         1958         57          260  


Data Role=VALIDATE Target=DepVar Target Label=DepVar

  False       True        False       True
Negative    Negative    Positive    Positive

   52          830         33          103  
 
                                                                                               
 
 
Assessment Score Rankings

Data Role=TRAIN Target Variable=DepVar Target Label=DepVar

                                                                                    Mean
                            Cumulative       %      Cumulative     Number of     Posterior
Depth      Gain     Lift       Lift      Response   % Response   Observations   Probability

   5    555.724   6.55724     6.55724     99.1597     99.1597         119         0.94482  
  10    489.041   5.22357     5.89041     78.9916     89.0756         119         0.75838  
  15    416.800   3.72318     5.16800     56.3025     78.1513         119         0.53181  
  20    334.357   1.84935     4.34357     27.9661     65.6842         118         0.33351  
  25    265.152   0.88912     3.65152     13.4454     55.2189         119         0.19848  
  30    215.338   0.66684     3.15338     10.0840     47.6858         119         0.10937  
  35    177.722   0.50437     2.77722      7.6271     41.9976         118         0.06360  
  40    147.110   0.33342     2.47110      5.0420     37.3684         119         0.03859  
  45    120.221   0.05557     2.20221      0.8403     33.3022         119         0.02416  
  50     98.886   0.05604     1.98886      0.8475     30.0758         118         0.01492  
  55     80.764   0.00000     1.80764      0.0000     27.3354         119         0.00821  
  60     66.132   0.05557     1.66132      0.8403     25.1228         119         0.00462  
  65     53.756   0.05557     1.53756      0.8403     23.2513         119         0.00256  
  70     42.840   0.00000     1.42840      0.0000     21.6005         118         0.00145  
  75     33.296   0.00000     1.33296      0.0000     20.1572         119         0.00082  
  80     24.947   0.00000     1.24947      0.0000     18.8947         119         0.00046  
  85     17.641   0.00000     1.17641      0.0000     17.7899         118         0.00031  
  90     11.090   0.00000     1.11090      0.0000     16.7993         119         0.00021  
  95      5.230   0.00000     1.05230      0.0000     15.9131         119         0.00010  
 100      0.000   0.00000     1.00000      0.0000     15.1222         118         0.00003  


Data Role=VALIDATE Target Variable=DepVar Target Label=DepVar

                                                                                    Mean
                            Cumulative       %      Cumulative     Number of     Posterior
Depth      Gain     Lift       Lift      Response   % Response   Observations   Probability

   5    518.140   6.18140     6.18140     94.1176     94.1176         51          0.93593  
  10    473.068   5.27995     5.73068     80.3922     87.2549         51          0.76834  
  15    372.191   2.70436     4.72191     41.1765     71.8954         51          0.54867  
  20    312.094   2.31803     4.12094     35.2941     62.7451         51          0.34288  
  25    255.431   1.28779     3.55431     19.6078     54.1176         51          0.19256  
  30    206.924   0.64390     3.06924      9.8039     46.7320         51          0.10490  
  35    170.436   0.51512     2.70436      7.8431     41.1765         51          0.06387  
  40    143.071   0.51512     2.43071      7.8431     37.0098         51          0.03824  
  45    118.925   0.25756     2.18925      3.9216     33.3333         51          0.02405  
  50     97.419   0.00000     1.97419      0.0000     30.0589         50          0.01556  
  55     79.440   0.00000     1.79440      0.0000     27.3214         51          0.00865  
  60     64.462   0.00000     1.64462      0.0000     25.0409         51          0.00497  
  65     51.792   0.00000     1.51792      0.0000     23.1118         51          0.00289  
  70     41.856   0.12878     1.41856      1.9608     21.5989         51          0.00148  
  75     33.246   0.12878     1.33246      1.9608     20.2880         51          0.00086  
  80     24.908   0.00000     1.24908      0.0000     19.0184         51          0.00052  
  85     17.552   0.00000     1.17552      0.0000     17.8984         51          0.00033  
  90     11.014   0.00000     1.11014      0.0000     16.9029         51          0.00022  
  95      5.165   0.00000     1.05165      0.0000     16.0124         51          0.00010  
 100      0.000   0.00000     1.00000      0.0000     15.2259         50          0.00003  
 
                                                                                               
 
 
Assessment Score Distribution

Data Role=TRAIN Target Variable=DepVar Target Label=DepVar

 Posterior     Number                     Mean
Probability      of      Number of     Posterior
   Range       Events    Nonevents    Probability    Percentage

 0.95-1.00       57            1        0.97723         2.4431 
 0.90-0.95       39            0        0.92937         1.6428 
 0.85-0.90       37            1        0.87664         1.6007 
 0.80-0.85       17            4        0.82036         0.8846 
 0.75-0.80       25            3        0.77172         1.1794 
 0.70-0.75       17           10        0.72499         1.1373 
 0.65-0.70       16            5        0.67428         0.8846 
 0.60-0.65       20            7        0.62302         1.1373 
 0.55-0.60       13           14        0.58178         1.1373 
 0.50-0.55       19           12        0.52557         1.3058 
 0.45-0.50       10           10        0.48148         0.8425 
 0.40-0.45       14           19        0.42610         1.3901 
 0.35-0.40       14           15        0.36947         1.2216 
 0.30-0.35       11           36        0.32579         1.9798 
 0.25-0.30        4           31        0.27120         1.4743 
 0.20-0.25       11           43        0.22234         2.2746 
 0.15-0.20        4           53        0.17184         2.4010 
 0.10-0.15        8           62        0.12581         2.9486 
 0.05-0.10       12          149        0.07218         6.7818 
 0.00-0.05       11         1540        0.00764        65.3328 


Data Role=VALIDATE Target Variable=DepVar Target Label=DepVar

 Posterior     Number                     Mean
Probability      of      Number of     Posterior
   Range       Events    Nonevents    Probability    Percentage

 0.95-1.00       21           0         0.98264         2.0629 
 0.90-0.95       18           1         0.92339         1.8664 
 0.85-0.90        8           2         0.87037         0.9823 
 0.80-0.85       15           5         0.82601         1.9646 
 0.75-0.80       14           1         0.77438         1.4735 
 0.70-0.75        7           1         0.71873         0.7859 
 0.65-0.70        9           4         0.67444         1.2770 
 0.60-0.65        3           6         0.62523         0.8841 
 0.55-0.60        7           5         0.57526         1.1788 
 0.50-0.55        1           8         0.52340         0.8841 
 0.45-0.50        8          12         0.47445         1.9646 
 0.40-0.45        5           7         0.43039         1.1788 
 0.35-0.40        1           6         0.37272         0.6876 
 0.30-0.35        6           5         0.32459         1.0806 
 0.25-0.30        4          11         0.27023         1.4735 
 0.20-0.25        6          18         0.22214         2.3576 
 0.15-0.20        5          21         0.17833         2.5540 
 0.10-0.15        1          29         0.12280         2.9470 
 0.05-0.10        7          66         0.07331         7.1709 
 0.00-0.05        9         655         0.00772        65.2259 
