MPRINT(EM_DIAGRAM):    data _null_;
MPRINT(EM_DIAGRAM):   call symput('NLDATE', strip(put(date(), NLDATE.)));
MPRINT(EM_DIAGRAM):   call symput('NLTIME', strip(put(datetime(), NLTIME.)));
MPRINT(EM_DIAGRAM):   run;
MPRINT(EM_DIAGRAM):   data _null_;
MPRINT(EM_DIAGRAM):   nldate= sasmsg("sashelp.dmine", "log_date_note", 'N', "28. April 2016" );
MPRINT(EM_DIAGRAM):   nltime= sasmsg("sashelp.dmine", "log_time_note", 'N', "11.16 Uhr" );
MPRINT(EM_DIAGRAM):   put "*------------------------------------------------------------*";
MPRINT(EM_DIAGRAM):   put "* Training Log";
MPRINT(EM_DIAGRAM):   put nldate;
MPRINT(EM_DIAGRAM):   put nltime;
MPRINT(EM_DIAGRAM):   put "*------------------------------------------------------------*";
MPRINT(EM_DIAGRAM):   run;
*------------------------------------------------------------*
* Training Log
Date:                28. April 2016
Time:                11.16 Uhr
*------------------------------------------------------------*
MPRINT(EM_DIAGRAM):    filename O0ZA4AFT 
"C:\\predictive-models-project\Workspaces\EMWS8\Neural36\EMTRAIN.out" encoding="UTF-8" NOBOM;
MPRINT(EM_DIAGRAM):   proc printto print=O0ZA4AFT new;
MPRINT(EM_DIAGRAM):   run;
MPRINT(EM_DIAGRAM):    filename _LOG 
"C:\\predictive-models-project\Workspaces\EMWS8\Neural36\EMLOG.log" encoding="UTF-8" NOBOM;
MPRINT(EM_DIAGRAM):    data _null_;
MPRINT(EM_DIAGRAM):   call symput('NLDATE', strip(put(date(), NLDATE.)));
MPRINT(EM_DIAGRAM):   call symput('NLTIME', strip(put(datetime(), NLTIME.)));
MPRINT(EM_DIAGRAM):   run;
MPRINT(EM_DIAGRAM):   data _null_;
MPRINT(EM_DIAGRAM):   nldate= sasmsg("sashelp.dmine", "log_date_note", 'N', "28. April 2016" );
MPRINT(EM_DIAGRAM):   nltime= sasmsg("sashelp.dmine", "log_time_note", 'N', "11.16 Uhr" );
MPRINT(EM_DIAGRAM):   file _LOG;
MPRINT(EM_DIAGRAM):   put "*------------------------------------------------------------*";
MPRINT(EM_DIAGRAM):   put "User:                Lukas Fahr";
MPRINT(EM_DIAGRAM):   put nldate;
MPRINT(EM_DIAGRAM):   put nltime;
MPRINT(EM_DIAGRAM):   put "Site:                70107571";
MPRINT(EM_DIAGRAM):   put "Platform:            X64_7PRO";
MPRINT(EM_DIAGRAM):   put "Maintenance Release: 9.03.01M2P081512";
MPRINT(EM_DIAGRAM):   put "EM Version:          12.1";
MPRINT(EM_DIAGRAM):   put "* ";
MPRINT(EM_DIAGRAM):   run;
MPRINT(EM_DIAGRAM):    filename _LOGIN 
"C:\\predictive-models-project\Workspaces\EMWS8\Neural36\EMTRAIN.log" encoding="UTF-8" NOBOM;
MPRINT(EM_COPYFILE):   data _null_;
MPRINT(EM_COPYFILE):   length line $20000;
MPRINT(EM_COPYFILE):   file _LOG MOD lrecl=20000;
MPRINT(EM_COPYFILE):   fid=fopen("_LOGIN",'i',20000,'v');
MPRINT(EM_COPYFILE):   if fid > 0 then do;
MPRINT(EM_COPYFILE):   do while(^fread(fid));
MPRINT(EM_COPYFILE):   rlen = frlen(fid);
MPRINT(EM_COPYFILE):   rc= fget(fid,line,20000);
MPRINT(EM_COPYFILE):   start = length(line)-length(left(line))+1;
MPRINT(EM_COPYFILE):   line=strip(line);
MPRINT(EM_COPYFILE):   put @start line;
MPRINT(EM_COPYFILE):   end;
MPRINT(EM_COPYFILE):   if fid > 0 then rc=fclose(fid);
MPRINT(EM_COPYFILE):   end;
MPRINT(EM_COPYFILE):   run;
MPRINT(EM_DIAGRAM):  ;
MPRINT(EM_DIAGRAM):   filename _LOGIN;
MPRINT(EM_DIAGRAM):    data _null_;
MPRINT(EM_DIAGRAM):   file _LOG mod;
MPRINT(EM_DIAGRAM):   put _page_;
MPRINT(EM_DIAGRAM):   run;
MPRINT(EM_DIAGRAM):   filename _LOGIN 
"C:\\predictive-models-project\Workspaces\EMWS8\Neural36\EMSCORE.log" encoding="UTF-8" NOBOM;
MPRINT(EM_DIAGRAM):  ;
MPRINT(EM_DIAGRAM):   data _null_;
MPRINT(EM_DIAGRAM):   file _LOG mod;
MPRINT(EM_DIAGRAM):   put _page_;
MPRINT(EM_DIAGRAM):   run;
MPRINT(EM_DIAGRAM):    filename _LOGIN 
"C:\\predictive-models-project\Workspaces\EMWS8\Neural36\EMREPORT.log" encoding="UTF-8" NOBOM;
MPRINT(EM_DIAGRAM):  ;
MPRINT(EM_DIAGRAM):   filename _LOGIN;
MPRINT(EM_DIAGRAM):    filename _LOG;
MPRINT(EM_DIAGRAM):    filename _OUT 
"C:\\predictive-models-project\Workspaces\EMWS8\Neural36\EMOUTPUT.out" encoding="UTF-8" NOBOM;
MPRINT(EM_DIAGRAM):    data _null_;
MPRINT(EM_DIAGRAM):   call symput('NLDATE', strip(put(date(), NLDATE.)));
MPRINT(EM_DIAGRAM):   call symput('NLTIME', strip(put(datetime(), NLTIME.)));
MPRINT(EM_DIAGRAM):   run;
MPRINT(EM_DIAGRAM):   data _null_;
MPRINT(EM_DIAGRAM):   nldate= sasmsg("sashelp.dmine", "log_date_note", 'N', "28. April 2016" );
MPRINT(EM_DIAGRAM):   nltime= sasmsg("sashelp.dmine", "log_time_note", 'N', "11.16 Uhr" );
MPRINT(EM_DIAGRAM):   file _OUT;
MPRINT(EM_DIAGRAM):   put "*------------------------------------------------------------*";
MPRINT(EM_DIAGRAM):   put "User:                Lukas Fahr";
MPRINT(EM_DIAGRAM):   put nldate;
MPRINT(EM_DIAGRAM):   put nltime;
MPRINT(EM_DIAGRAM):   put "*------------------------------------------------------------*";
MPRINT(EM_DIAGRAM):   put "* Training Output";
MPRINT(EM_DIAGRAM):   put "*------------------------------------------------------------*";
MPRINT(EM_DIAGRAM):   run;
MPRINT(EM_DIAGRAM):    filename _OUTIN 
"C:\\predictive-models-project\Workspaces\EMWS8\Neural36\EMTRAIN.out" encoding="UTF-8" NOBOM;
MPRINT(EM_DIAGRAM):   ;
MPRINT(EM_COPYFILE):   data _null_;
MPRINT(EM_COPYFILE):   length line $20000;
MPRINT(EM_COPYFILE):   file _OUT MOD lrecl=20000;
MPRINT(EM_COPYFILE):   fid=fopen("_OUTIN",'i',20000,'v');
MPRINT(EM_COPYFILE):   if fid > 0 then do;
MPRINT(EM_COPYFILE):   do while(^fread(fid));
MPRINT(EM_COPYFILE):   rlen = frlen(fid);
MPRINT(EM_COPYFILE):   rc= fget(fid,line,20000);
MPRINT(EM_COPYFILE):   start = length(line)-length(left(line))+1;
MPRINT(EM_COPYFILE):   line=strip(line);
MPRINT(EM_COPYFILE):   put @start line;
MPRINT(EM_COPYFILE):   end;
MPRINT(EM_COPYFILE):   if fid > 0 then rc=fclose(fid);
MPRINT(EM_COPYFILE):   end;
MPRINT(EM_COPYFILE):   run;
MPRINT(EM_DIAGRAM):  ;
MPRINT(EM_DIAGRAM):   filename _OUTIN;
MPRINT(EM_DIAGRAM):    data _null_;
MPRINT(EM_DIAGRAM):   file _OUT mod;
MPRINT(EM_DIAGRAM):   put _page_;
MPRINT(EM_DIAGRAM):   put // "*------------------------------------------------------------*";
MPRINT(EM_DIAGRAM):   put "* Score Output";
MPRINT(EM_DIAGRAM):   put "*------------------------------------------------------------*";
MPRINT(EM_DIAGRAM):   run;
MPRINT(EM_DIAGRAM):    filename _OUTIN 
"C:\\predictive-models-project\Workspaces\EMWS8\Neural36\EMSCORE.out" encoding="UTF-8" NOBOM;
MPRINT(EM_DIAGRAM):  ;
MPRINT(EM_DIAGRAM):   filename _OUTIN;
MPRINT(EM_DIAGRAM):    data _null_;
MPRINT(EM_DIAGRAM):   file _OUT mod;
MPRINT(EM_DIAGRAM):   put _page_;
MPRINT(EM_DIAGRAM):   put // "*------------------------------------------------------------*";
MPRINT(EM_DIAGRAM):   put "* Report Output";
MPRINT(EM_DIAGRAM):   put "*------------------------------------------------------------*";
MPRINT(EM_DIAGRAM):   run;
MPRINT(EM_DIAGRAM):    filename _OUTIN 
"C:\\predictive-models-project\Workspaces\EMWS8\Neural36\EMREPORT.out" encoding="UTF-8" NOBOM;
MPRINT(EM_DIAGRAM):  ;
MPRINT(EM_DIAGRAM):   filename _OUTIN;
MPRINT(EM_DIAGRAM):    filename _OUT;
MPRINT(EM_DIAGRAM):    filename _emtool_ 
'C:\\predictive-models-project\Workspaces\EMWS8\Neural36\EMRUNSTATUS.xml' encoding="UTF-8" 
NOBOM;
3170484    proc freq data=EMWS8.Neural36_VariableSet noprint;
MPRINT(EM_DIAGRAM):    proc freq data=EMWS8.Neural36_VariableSet noprint;
3170485    table ROLE*LEVEL/out=WORK.Neural36META;
MPRINT(EM_DIAGRAM):   table ROLE*LEVEL/out=WORK.Neural36META;
3170486    run;
MPRINT(EM_DIAGRAM):   run;

NOTE: There were 34 observations read from the data set EMWS8.NEURAL36_VARIABLESET.
NOTE: The data set WORK.NEURAL36META has 5 observations and 4 variables.
NOTE: PROCEDURE FREQ used (Total process time):
      real time           0.01 seconds
      cpu time            0.01 seconds
      

3170487    proc print data=WORK.Neural36META label noobs;
MPRINT(EM_DIAGRAM):   proc print data=WORK.Neural36META label noobs;
3170488    var ROLE LEVEL COUNT;
MPRINT(EM_DIAGRAM):   var ROLE LEVEL COUNT;
3170489    label ROLE = "%sysfunc(sasmsg(sashelp.dmine, meta_role_vlabel, NOQUOTE))" LEVEL =
3170489  ! "%sysfunc(sasmsg(sashelp.dmine, meta_level_vlabel, NOQUOTE))" COUNT =
3170489  ! "%sysfunc(sasmsg(sashelp.dmine, rpt_count_vlabel, NOQUOTE))";
MPRINT(EM_DIAGRAM):   label ROLE = "Role" LEVEL = "Measurement Level" COUNT = "Frequency 
Count";
3170490    title9 ' ';
MPRINT(EM_DIAGRAM):   title9 ' ';
3170491    title10 "%sysfunc(sasmsg(sashelp.dmine, rpt_varSummary_title  , NOQUOTE))";
MPRINT(EM_DIAGRAM):   title10 "Variable Summary";
MPRINT(EM_DIAGRAM):   run;
3170492    run;

NOTE: There were 5 observations read from the data set WORK.NEURAL36META.
NOTE: The PROCEDURE PRINT printed page 2871.
NOTE: PROCEDURE PRINT used (Total process time):
      real time           0.00 seconds
      cpu time            0.01 seconds
      

3170493    title10;
MPRINT(EM_DIAGRAM):   title10;
3170494    %let EMNORLEN = %DMNORLEN;
MPRINT(EM_DIAGRAM):   
EMWS8.Meta3_TRAIN EMWS8.Meta3_TRAIN 
EMWS8.Meta3_TRAIN EMWS8.Meta3_TRAIN EMWS8 Meta3_TRAIN 
EMWS8.Meta3_TRAIN EMWS8.Meta3_TRAIN 
EMWS8.Meta3_TRAIN EMWS8.Meta3_TRAIN EMWS8 Meta3_TRAIN 
MPRINT(EM_DIAGRAM):    proc dmdb data=EMWS8.Meta3_TRAIN 
classout=WORK._DMDBCLASSTARGET(keep=NAME NRAW CRAW LEVEL FREQUENCY NMISSPERCENT);
MPRINT(EM_DIAGRAM):   class DepVar(DESC) ;
MPRINT(EM_DIAGRAM):   run;
Executing  SASHELP.EMCORE.EMINFOITERATOR.SCL _INIT >> 
Executing  SASHELP.EMCORE.EMINFOITERATOR.SCL setMetaData >> 
Executing  SASHELP.EMCORE.EMINFOITERATOR.SCL next >> 
Executing  SASHELP.EMCORE.EMINFOITERATOR.SCL setMetaData >> 
Executing  SASHELP.EMCORE.EMINFOITERATOR.SCL next >> 
Executing  SASHELP.EMCORE.EMINFOITERATOR.SCL _term >> 
MPRINT(EM_DIAGRAM):    data _null_;
MPRINT(EM_DIAGRAM):   set WORK._DMDBCLASSTARGET;
MPRINT(EM_DIAGRAM):   where ^(NRAW eq . and CRAW eq '') and NAME="DepVar";
MPRINT(EM_DIAGRAM):   if _N_=1 then call symput('_newevent', strip(LEVEL));
MPRINT(EM_DIAGRAM):   run;
MPRINT(EM_DIAGRAM):   proc sort data=WORK._DMDBCLASSTARGET out=_TEMPCLASS(keep=LEVEL FREQUENCY 
NMISSPERCENT rename=(LEVEL=DepVar));
MPRINT(EM_DIAGRAM):   by LEVEL;
MPRINT(EM_DIAGRAM):   where ^(NRAW eq . and CRAW eq '') and NAME="DepVar";
MPRINT(EM_DIAGRAM):   run;
MPRINT(EM_DIAGRAM):   data _TEMPCLASS;
MPRINT(EM_DIAGRAM):   set _TEMPCLASS;
MPRINT(EM_DIAGRAM):   NMISSPERCENT= NMISSPERCENT/100;
MPRINT(EM_DIAGRAM):   run;
MPRINT(EM_DIAGRAM):    data _sortedDecData;
MPRINT(EM_DIAGRAM):   set EMWS8.Neural36_DepVar_DD;
MPRINT(EM_DIAGRAM):   _levelorder_=_N_;
MPRINT(EM_DIAGRAM):   run;
MPRINT(EM_DIAGRAM):   proc sort data=_sortedDecdata;
MPRINT(EM_DIAGRAM):   by DepVar;
MPRINT(EM_DIAGRAM):   run;
MPRINT(EM_DIAGRAM):   data _null_;
MPRINT(EM_DIAGRAM):   merge _TEMPCLASS(in=_a) _sortedDecdata(in=_b);
MPRINT(EM_DIAGRAM):   by DepVar;
MPRINT(EM_DIAGRAM):   if (_a and ^_b) or (^_a and _b) then call symput('_emresetDec', '1');
MPRINT(EM_DIAGRAM):   run;
MPRINT(EM_DIAGRAM):    data EMWS8.Neural36_DepVar_DD;
MPRINT(EM_DIAGRAM):   set EMWS8.Neural36_DepVar_DD;
MPRINT(EM_DIAGRAM):   _levelorder_=_N_;
MPRINT(EM_DIAGRAM):   run;
MPRINT(EM_DIAGRAM):   proc sort data=EMWS8.Neural36_DepVar_DD;
MPRINT(EM_DIAGRAM):   by DepVar;
MPRINT(EM_DIAGRAM):   run;
MPRINT(EM_DIAGRAM):   data EMWS8.Neural36_DepVar_DD;
MPRINT(EM_DIAGRAM):   merge EMWS8.Neural36_DepVar_DD 
_TEMPCLASS(rename=(NMISSPERCENT=TRAINPRIOR FREQUENCY=COUNT));
MPRINT(EM_DIAGRAM):   by DepVar;
MPRINT(EM_DIAGRAM):   run;
MPRINT(EM_DIAGRAM):   proc sort data=EMWS8.Neural36_DepVar_DD 
out=EMWS8.Neural36_DepVar_DD(drop=_levelorder_);
MPRINT(EM_DIAGRAM):   by _levelorder_;
MPRINT(EM_DIAGRAM):   run;
3170541    data WORK.Neural36_EVENT(KEEP=VARIABLE LABEL LEVEL EVENT NUMLEVELS ORDER);
MPRINT(EM_DIAGRAM):    data WORK.Neural36_EVENT(KEEP=VARIABLE LABEL LEVEL EVENT NUMLEVELS 
ORDER);
3170542    length ORDER $20;
MPRINT(EM_DIAGRAM):   length ORDER $20;
3170543    label VARIABLE = "%sysfunc(sasmsg(sashelp.dmine, rpt_target_vlabel,  NOQUOTE))"
3170543  ! EVENT = "%sysfunc(sasmsg(sashelp.dmine, assmt_event_vlabel, NOQUOTE))" NUMLEVELS =
3170543  ! "%sysfunc(sasmsg(sashelp.dmine, rpt_numcat_vlabel, NOQUOTE))" LEVEL =
3170544       "%sysfunc(sasmsg(sashelp.dmine, meta_level_vlabel, NOQUOTE))" ORDER =
3170544  ! "%sysfunc(sasmsg(sashelp.dmine, meta_order_vlabel, NOQUOTE))" LABEL =
3170544  ! "%sysfunc(sasmsg(sashelp.dmine, meta_label_vlabel, NOQUOTE))";
MPRINT(EM_DIAGRAM):   label VARIABLE = "Target" EVENT = "Event" NUMLEVELS = "Number of Levels" 
LEVEL = "Measurement Level" ORDER = "Order" LABEL = "Label";
3170545    set EMWS8.NEURAL36_DEPVAR_DM( where=(_TYPE_="TARGET"));
MPRINT(EM_DIAGRAM):   set EMWS8.NEURAL36_DEPVAR_DM( where=(_TYPE_="TARGET"));
3170546    NumLevels=2;
MPRINT(EM_DIAGRAM):   NumLevels=2;
3170547    select(upcase(ORDER));
MPRINT(EM_DIAGRAM):   select(upcase(ORDER));
3170548    when('DESC') ORDER = 'Descending';
MPRINT(EM_DIAGRAM):   when('DESC') ORDER = 'Descending';
3170549    when('ASC') ORDER = 'Ascending';
MPRINT(EM_DIAGRAM):   when('ASC') ORDER = 'Ascending';
3170550    when('FMTDESC') ORDER = 'Formatted Descending';
MPRINT(EM_DIAGRAM):   when('FMTDESC') ORDER = 'Formatted Descending';
3170551    when('FMTASC') ORDER = 'Formatted Ascending';
MPRINT(EM_DIAGRAM):   when('FMTASC') ORDER = 'Formatted Ascending';
3170552    otherwise ORDER = 'Descending';
MPRINT(EM_DIAGRAM):   otherwise ORDER = 'Descending';
3170553    end;
MPRINT(EM_DIAGRAM):   end;
3170554    output;
MPRINT(EM_DIAGRAM):   output;
3170555    run;
MPRINT(EM_DIAGRAM):   run;

NOTE: There were 1 observations read from the data set EMWS8.NEURAL36_DEPVAR_DM.
      WHERE _TYPE_='TARGET';
NOTE: The data set WORK.NEURAL36_EVENT has 1 observations and 6 variables.
NOTE: DATA statement used (Total process time):
      real time           0.00 seconds
      cpu time            0.01 seconds
      

3170556    title9 ' ';
MPRINT(EM_DIAGRAM):   title9 ' ';
3170557    proc print data=WORK.Neural36_EVENT noobs label;
MPRINT(EM_DIAGRAM):   proc print data=WORK.Neural36_EVENT noobs label;
3170558    var VARIABLE EVENT LEVEL NUMLEVELS ORDER LABEL;
MPRINT(EM_DIAGRAM):   var VARIABLE EVENT LEVEL NUMLEVELS ORDER LABEL;
3170559    title9 ' ';
MPRINT(EM_DIAGRAM):   title9 ' ';
3170560    title10 "%sysfunc(sasmsg(sashelp.dmine, rpt_modelEvent_title  , NOQUOTE))";
MPRINT(EM_DIAGRAM):   title10 "Model Events";
MPRINT(EM_DIAGRAM):   run;
3170561    run;

NOTE: There were 1 observations read from the data set WORK.NEURAL36_EVENT.
NOTE: The PROCEDURE PRINT printed page 2872.
NOTE: PROCEDURE PRINT used (Total process time):
      real time           0.00 seconds
      cpu time            0.00 seconds
      

3170562    title10;
MPRINT(EM_DIAGRAM):   title10;
"No decisions defined for target "DepVar"." 
3170563    proc print data = EMWS8.Neural36_DepVar_DM noobs label;
MPRINT(EM_DIAGRAM):    proc print data = EMWS8.Neural36_DepVar_DM noobs label;
3170564    var _type_ variable label;
MPRINT(EM_DIAGRAM):   var _type_ variable label;
3170565    where _type_ ^in('MATRIX', 'DECISION', 'TRAINPRIOR', 'DATAPRIOR', 'DECPRIOR');
MPRINT(EM_DIAGRAM):   where _type_ ^in('MATRIX', 'DECISION', 'TRAINPRIOR', 'DATAPRIOR', 
'DECPRIOR');
3170566    label _TYPE_ = "%sysfunc(sasmsg(sashelp.dmine, rpt_type_vlabel,     NOQUOTE))"
3170566  ! VARIABLE = "%sysfunc(sasmsg(sashelp.dmine, rpt_variable_vlabel, NOQUOTE))" LABEL =
3170566  ! "%sysfunc(sasmsg(sashelp.dmine, meta_label_vlabel, NOQUOTE))";
MPRINT(EM_DIAGRAM):   label _TYPE_ = "Type" VARIABLE = "Variable" LABEL = "Label";
3170567    title9 ' ';
MPRINT(EM_DIAGRAM):   title9 ' ';
3170568    title10 "%sysfunc(sasmsg(sashelp.dmine, rpt_predDecVars_title  , NOQUOTE))";
MPRINT(EM_DIAGRAM):   title10 "Predicted and decision variables";
MPRINT(EM_DIAGRAM):   run;
3170569    run;

NOTE: There were 7 observations read from the data set EMWS8.NEURAL36_DEPVAR_DM.
      WHERE _type_ not in ('DATAPRIOR', 'DECISION', 'DECPRIOR', 'MATRIX', 'TRAINPRIOR');
NOTE: The PROCEDURE PRINT printed page 2873.
NOTE: PROCEDURE PRINT used (Total process time):
      real time           0.00 seconds
      cpu time            0.00 seconds
      

3170570    title10;
MPRINT(EM_DIAGRAM):   title10;
MPRINT(EM_DIAGRAM):    *------------------------------------------------------------*;
MPRINT(EM_DIAGRAM):   * Neural36: Preparing metadata for training;
MPRINT(EM_DIAGRAM):   ;
MPRINT(EM_DIAGRAM):   *------------------------------------------------------------*;
MPRINT(EM_DIAGRAM):   data WORK.M0CU5LCW;
MPRINT(EM_DIAGRAM):   set WORK.M0CU5LCW;
MPRINT(EM_DIAGRAM):   where(use = 'Y' or (role = 'INPUT' and use = 'D'));
MPRINT(EM_DIAGRAM):   if (role = 'REJECTED') then role = 'INPUT';
MPRINT(EM_DIAGRAM):   run;
3170580    data WORK.M0CU5LCW;
MPRINT(EM_DIAGRAM):    data WORK.M0CU5LCW;
3170581    set WORK.M0CU5LCW end=eof;
MPRINT(EM_DIAGRAM):   set WORK.M0CU5LCW end=eof;
3170582    output;
MPRINT(EM_DIAGRAM):   output;
3170583    if eof then do;
MPRINT(EM_DIAGRAM):   if eof then do;
3170584    NAME="";
MPRINT(EM_DIAGRAM):   NAME="";
3170585    ROLE="COST";
MPRINT(EM_DIAGRAM):   ROLE="COST";
3170586    LEVEL="INTERVAL";
MPRINT(EM_DIAGRAM):   LEVEL="INTERVAL";
3170587    TYPE="N";
MPRINT(EM_DIAGRAM):   TYPE="N";
3170588    output;
MPRINT(EM_DIAGRAM):   output;
3170589    end;
MPRINT(EM_DIAGRAM):   end;
3170590    run;
MPRINT(EM_DIAGRAM):   run;

NOTE: There were 26 observations read from the data set WORK.M0CU5LCW.
NOTE: The data set WORK.M0CU5LCW has 27 observations and 21 variables.
NOTE: DATA statement used (Total process time):
      real time           0.00 seconds
      cpu time            0.00 seconds
      

NOTE: There were 2 observations read from the data set EMWS8.NEURAL36_DEPVAR_DD.
NOTE: The data set WORK.DEPVAR has 2 observations and 7 variables.
3170591    *------------------------------------------------------------*;
MPRINT(EM_DIAGRAM):    *------------------------------------------------------------*;
3170592    * Neural36: Create decision matrix;
MPRINT(EM_DIAGRAM):   * Neural36: Create decision matrix;
3170593    *------------------------------------------------------------*;
MPRINT(EM_DIAGRAM):   *------------------------------------------------------------*;
3170594    data WORK.DepVar;
MPRINT(EM_DIAGRAM):   data WORK.DepVar;
3170595      length   DepVar                           $  32
3170596               COUNT                                8
3170597               DATAPRIOR                            8
3170598               TRAINPRIOR                           8
3170599               DECPRIOR                             8
3170600               DECISION1                            8
3170601               DECISION2                            8
3170602               ;
MPRINT(EM_DIAGRAM):   length DepVar $ 32 COUNT 8 DATAPRIOR 8 TRAINPRIOR 8 DECPRIOR 8 DECISION1 
8 DECISION2 8 ;
3170603    
3170604      label    COUNT="Level Counts"
3170605               DATAPRIOR="Data Proportions"
3170606               TRAINPRIOR="Training Proportions"
3170607               DECPRIOR="Decision Priors"
3170608               DECISION1="1"
3170609               DECISION2="0"
3170610               ;
MPRINT(EM_DIAGRAM):   label COUNT= "Level Counts" DATAPRIOR= "Data Proportions" TRAINPRIOR= 
"Training Proportions" DECPRIOR= "Decision Priors" DECISION1= "1" DECISION2= "0" ;
3170611      format   COUNT 10.
3170612               ;
MPRINT(EM_DIAGRAM):   format COUNT 10. ;
3170613    DepVar="1"; COUNT=359; DATAPRIOR=0.0643642072; TRAINPRIOR=0.15122156697556;
3170613  ! DECPRIOR=.; DECISION1=1; DECISION2=0;
MPRINT(EM_DIAGRAM):   DepVar="1";
MPRINT(EM_DIAGRAM):   COUNT=359;
MPRINT(EM_DIAGRAM):   DATAPRIOR=0.0643642072;
MPRINT(EM_DIAGRAM):   TRAINPRIOR=0.15122156697556;
MPRINT(EM_DIAGRAM):   DECPRIOR=.;
MPRINT(EM_DIAGRAM):   DECISION1=1;
MPRINT(EM_DIAGRAM):   DECISION2=0;
3170614    output;
MPRINT(EM_DIAGRAM):   output;
3170615    DepVar="0"; COUNT=2015; DATAPRIOR=0.9356357928; TRAINPRIOR=0.84877843302443;
3170615  ! DECPRIOR=.; DECISION1=0; DECISION2=1;
MPRINT(EM_DIAGRAM):   DepVar="0";
MPRINT(EM_DIAGRAM):   COUNT=2015;
MPRINT(EM_DIAGRAM):   DATAPRIOR=0.9356357928;
MPRINT(EM_DIAGRAM):   TRAINPRIOR=0.84877843302443;
MPRINT(EM_DIAGRAM):   DECPRIOR=.;
MPRINT(EM_DIAGRAM):   DECISION1=0;
MPRINT(EM_DIAGRAM):   DECISION2=1;
3170616    output;
MPRINT(EM_DIAGRAM):   output;
3170617    ;
MPRINT(EM_DIAGRAM):   ;
3170618    run;
MPRINT(EM_DIAGRAM):   run;

NOTE: The data set WORK.DEPVAR has 2 observations and 7 variables.
NOTE: DATA statement used (Total process time):
      real time           0.00 seconds
      cpu time            0.00 seconds
      

3170619    proc datasets lib=work nolist;
MPRINT(EM_DIAGRAM):   proc datasets lib=work nolist;
3170620    modify DepVar(type=PROFIT label=DepVar);
MPRINT(EM_DIAGRAM):   modify DepVar(type=PROFIT label= DepVar);
MPRINT(EM_DIAGRAM):   label DECISION1= '1';
MPRINT(EM_DIAGRAM):   label DECISION2= '0';
MPRINT(EM_DIAGRAM):   run;
3170621    label DECISION1= '1';
3170622    label DECISION2= '0';
3170623    run;

NOTE: MODIFY was successful for WORK.DEPVAR.DATA.
3170624    quit;
MPRINT(EM_DIAGRAM):   quit;

NOTE: PROCEDURE DATASETS used (Total process time):
      real time           0.70 seconds
      cpu time            0.07 seconds
      

3170625    data EM_Neural36;
MPRINT(EM_DIAGRAM):   data EM_Neural36;
3170626    set EMWS8.Meta3_TRAIN(keep=
3170627    AcceptedCmp1 AcceptedCmp2 AcceptedCmp3 AcceptedCmp4 AcceptedCmp5
3170628    AcceptedCmpTotal Age Complain DepVar Education Frq HigherEducationBinary Income
3170629    Kidhome Marital_Status MntFishProducts MntFruits MntGoldProds MntSweetProducts
3170630    MonthsAsCustomer NumDealsPurchases NumWebVisitsMonth RFMstat RMntFrq Recency
3170631    Teenhome );
MPRINT(EM_DIAGRAM):   set EMWS8.Meta3_TRAIN(keep= AcceptedCmp1 AcceptedCmp2 AcceptedCmp3 
AcceptedCmp4 AcceptedCmp5 AcceptedCmpTotal Age Complain DepVar Education Frq 
HigherEducationBinary Income Kidhome Marital_Status MntFishProducts MntFruits MntGoldProds 
MntSweetProducts MonthsAsCustomer NumDealsPurchases NumWebVisitsMonth RFMstat RMntFrq Recency 
Teenhome );
3170632    run;
MPRINT(EM_DIAGRAM):   run;

NOTE: View EMWS8.META3_TRAIN.VIEW used (Total process time):
      real time           0.02 seconds
      cpu time            0.03 seconds
      
NOTE: There were 2374 observations read from the data set EMWS8.PART_TRAIN.
NOTE: There were 2374 observations read from the data set EMWS8.META3_TRAIN.
NOTE: The data set WORK.EM_NEURAL36 has 2374 observations and 26 variables.
NOTE: DATA statement used (Total process time):
      real time           0.03 seconds
      cpu time            0.03 seconds
      

MPRINT(EM_DIAGRAM):   *------------------------------------------------------------* ;
MPRINT(EM_DIAGRAM):   * Neural36: DMDBClass Macro ;
MPRINT(EM_DIAGRAM):   *------------------------------------------------------------* ;
3170633    *------------------------------------------------------------* ;
3170634    * Neural36: DMDBClass Macro ;
3170635    *------------------------------------------------------------* ;
3170636    %macro DMDBClass;
3170637        AcceptedCmp1(ASC) AcceptedCmp2(ASC) AcceptedCmp3(ASC) AcceptedCmp4(ASC)
3170638       AcceptedCmp5(ASC) Complain(ASC) DepVar(DESC) Education(ASC)
3170639       HigherEducationBinary(ASC) Marital_Status(ASC)
3170640    %mend DMDBClass;
3170641    *------------------------------------------------------------* ;
MPRINT(EM_DIAGRAM):   *------------------------------------------------------------* ;
3170642    * Neural36: DMDBVar Macro ;
MPRINT(EM_DIAGRAM):   * Neural36: DMDBVar Macro ;
3170643    *------------------------------------------------------------* ;
MPRINT(EM_DIAGRAM):   *------------------------------------------------------------* ;
3170644    %macro DMDBVar;
3170645        AcceptedCmpTotal Age Frq Income Kidhome MntFishProducts MntFruits MntGoldProds
3170646       MntSweetProducts MonthsAsCustomer NumDealsPurchases NumWebVisitsMonth RFMstat
3170647       RMntFrq Recency Teenhome
3170648    %mend DMDBVar;
3170649    *------------------------------------------------------------*;
MPRINT(EM_DIAGRAM):   *------------------------------------------------------------*;
3170650    * Neural36: Create DMDB;
MPRINT(EM_DIAGRAM):   * Neural36: Create DMDB;
3170651    *------------------------------------------------------------*;
MPRINT(EM_DIAGRAM):   *------------------------------------------------------------*;
3170652    proc dmdb batch data=WORK.EM_Neural36
3170653    dmdbcat=WORK.Neural36_DMDB
3170654    maxlevel = 513
3170655    ;
MPRINT(EM_DIAGRAM):   proc dmdb batch data=WORK.EM_Neural36 dmdbcat=WORK.Neural36_DMDB 
maxlevel = 513 ;
3170656    class %DMDBClass;
MPRINT(EM_DIAGRAM):   class
MPRINT(DMDBCLASS):   AcceptedCmp1(ASC) AcceptedCmp2(ASC) AcceptedCmp3(ASC) AcceptedCmp4(ASC) 
AcceptedCmp5(ASC) Complain(ASC) DepVar(DESC) Education(ASC) HigherEducationBinary(ASC) 
Marital_Status(ASC)
MPRINT(EM_DIAGRAM):  ;
3170657    var %DMDBVar;
MPRINT(EM_DIAGRAM):   var
MPRINT(DMDBVAR):   AcceptedCmpTotal Age Frq Income Kidhome MntFishProducts MntFruits 
MntGoldProds MntSweetProducts MonthsAsCustomer NumDealsPurchases NumWebVisitsMonth RFMstat 
RMntFrq Recency Teenhome
MPRINT(EM_DIAGRAM):  ;
3170658    target
3170659    DepVar
3170660    ;
MPRINT(EM_DIAGRAM):   target DepVar ;
3170661    run;
MPRINT(EM_DIAGRAM):   run;

NOTE: Records processed = 2374   Memory used = 511K.
NOTE: There were 2374 observations read from the data set WORK.EM_NEURAL36.
NOTE: PROCEDURE DMDB used (Total process time):
      real time           0.00 seconds
      cpu time            0.00 seconds
      

MPRINT(EM_DIAGRAM):   quit;
MPRINT(EM_DIAGRAM):   *--- end code ---*;
3170662    quit;
3170663    *--- end code ---*;

3170664    *------------------------------------------------------------* ;
MPRINT(EM_DIAGRAM):    *------------------------------------------------------------* ;
3170665    * Neural36: Interval Input Variables Macro ;
MPRINT(EM_DIAGRAM):   * Neural36: Interval Input Variables Macro ;
3170666    *------------------------------------------------------------* ;
MPRINT(EM_DIAGRAM):   *------------------------------------------------------------* ;
3170667    %macro INTINPUTS;
3170668        AcceptedCmpTotal Age Frq Income Kidhome MntFishProducts MntFruits MntGoldProds
3170669       MntSweetProducts MonthsAsCustomer NumDealsPurchases NumWebVisitsMonth RFMstat
3170670       RMntFrq Recency Teenhome
3170671    %mend INTINPUTS;
3170672    *------------------------------------------------------------* ;
MPRINT(EM_DIAGRAM):   *------------------------------------------------------------* ;
3170673    * Neural36: Binary Inputs Macro ;
MPRINT(EM_DIAGRAM):   * Neural36: Binary Inputs Macro ;
3170674    *------------------------------------------------------------* ;
MPRINT(EM_DIAGRAM):   *------------------------------------------------------------* ;
3170675    %macro BININPUTS;
3170676        AcceptedCmp1 AcceptedCmp2 AcceptedCmp3 AcceptedCmp4 AcceptedCmp5 Complain
3170677       HigherEducationBinary
3170678    %mend BININPUTS;
3170679    *------------------------------------------------------------* ;
MPRINT(EM_DIAGRAM):   *------------------------------------------------------------* ;
3170680    * Neural36: Nominal Inputs Macro ;
MPRINT(EM_DIAGRAM):   * Neural36: Nominal Inputs Macro ;
3170681    *------------------------------------------------------------* ;
MPRINT(EM_DIAGRAM):   *------------------------------------------------------------* ;
3170682    %macro NOMINPUTS;
3170683        Education Marital_Status
3170684    %mend NOMINPUTS;
3170685    *------------------------------------------------------------* ;
MPRINT(EM_DIAGRAM):   *------------------------------------------------------------* ;
3170686    * Neural36: Ordinal Inputs Macro ;
MPRINT(EM_DIAGRAM):   * Neural36: Ordinal Inputs Macro ;
3170687    *------------------------------------------------------------* ;
MPRINT(EM_DIAGRAM):   *------------------------------------------------------------* ;
3170688    %macro ORDINPUTS;
3170689    
3170690    %mend ORDINPUTS;
3170691    *------------------------------------------------------------*;
MPRINT(EM_DIAGRAM):   *------------------------------------------------------------*;
3170692    * Neural Network Training;
MPRINT(EM_DIAGRAM):   * Neural Network Training;
3170693    ;
MPRINT(EM_DIAGRAM):   ;
3170694    *------------------------------------------------------------*;
MPRINT(EM_DIAGRAM):   *------------------------------------------------------------*;
3170695    proc neural data=EM_Neural36 dmdbcat=WORK.Neural36_DMDB
3170696    validdata = EMWS8.Meta3_VALIDATE
3170697    random=12345
3170698    ;
MPRINT(EM_DIAGRAM):   proc neural data=EM_Neural36 dmdbcat=WORK.Neural36_DMDB validdata = 
EMWS8.Meta3_VALIDATE random=12345 ;
3170699    nloptions
3170700    ;
MPRINT(EM_DIAGRAM):   nloptions ;
3170701    performance alldetails noutilfile;
MPRINT(EM_DIAGRAM):   performance alldetails noutilfile;
3170702    netopts
3170703    decay=0;
MPRINT(EM_DIAGRAM):   netopts decay=0;
3170704    input %INTINPUTS / level=interval id=intvl
MPRINT(EM_DIAGRAM):   input
MPRINT(INTINPUTS):   AcceptedCmpTotal Age Frq Income Kidhome MntFishProducts MntFruits 
MntGoldProds MntSweetProducts MonthsAsCustomer NumDealsPurchases NumWebVisitsMonth RFMstat 
RMntFrq Recency Teenhome
3170705    ;
MPRINT(EM_DIAGRAM):   / level=interval id=intvl ;
3170706    input %BININPUTS / level=nominal id=bin
MPRINT(EM_DIAGRAM):   input
MPRINT(BININPUTS):   AcceptedCmp1 AcceptedCmp2 AcceptedCmp3 AcceptedCmp4 AcceptedCmp5 Complain 
HigherEducationBinary
3170707    ;
MPRINT(EM_DIAGRAM):   / level=nominal id=bin ;
3170708    input %NOMINPUTS / level=nominal id=nom
MPRINT(EM_DIAGRAM):   input
MPRINT(NOMINPUTS):   Education Marital_Status
3170709    ;
MPRINT(EM_DIAGRAM):   / level=nominal id=nom ;
3170710    target DepVar / level=NOMINAL id=DepVar
3170711    bias
3170712    ;
MPRINT(EM_DIAGRAM):   target DepVar / level=NOMINAL id=DepVar bias ;
3170713    arch MLP
3170714    Hidden=7
3170715    ;
MPRINT(EM_DIAGRAM):   arch MLP Hidden=7 ;
3170716    Prelim 5 preiter=10
3170717    pretime=3600
3170718    Outest=EMWS8.Neural36_PRELIM_OUTEST
3170719    ;
MPRINT(EM_DIAGRAM):   Prelim 5 preiter=10 pretime=3600 Outest=EMWS8.Neural36_PRELIM_OUTEST ;
NOTE:  Synchronizing the objectives and the Solution.
NOTE: QUANEW Optimization cannot be completed.
NOTE: QUANEW needs more than 10 iterations or 2147483647 function calls.
NOTE: QUANEW Optimization cannot be completed.
NOTE: QUANEW needs more than 10 iterations or 2147483647 function calls.
NOTE: QUANEW Optimization cannot be completed.
NOTE: QUANEW needs more than 10 iterations or 2147483647 function calls.
NOTE: QUANEW Optimization cannot be completed.
NOTE: QUANEW needs more than 10 iterations or 2147483647 function calls.
NOTE: QUANEW Optimization cannot be completed.
NOTE: QUANEW needs more than 10 iterations or 2147483647 function calls.
NOTE: The data set EMWS8.NEURAL36_PRELIM_OUTEST has 11 observations and 247 variables.
3170720    save network=EMWS8.Neural36_NETWORK.dm_neural;
MPRINT(EM_DIAGRAM):   save network=EMWS8.Neural36_NETWORK.dm_neural;
NOTE: Entry EMWS8.NEURAL36_NETWORK.DM_NEURAL has been opened.
NOTE: Entry EMWS8.NEURAL36_NETWORK.DM_NEURAL has been closed.
3170721    train Maxiter=50
3170722    maxtime=14400
3170723    Outest=EMWS8.Neural36_outest estiter=1
3170724    Outfit=EMWS8.Neural36_OUTFIT
3170725    ;
MPRINT(EM_DIAGRAM):   train Maxiter=50 maxtime=14400 Outest=EMWS8.Neural36_outest estiter=1 
Outfit=EMWS8.Neural36_OUTFIT ;
WARNING: QUANEW Optimization cannot be completed.
NOTE: QUANEW needs more than 50 iterations or 2147483647 function calls.
NOTE: The data set EMWS8.NEURAL36_OUTEST has 53 observations and 247 variables.
NOTE: The data set EMWS8.NEURAL36_OUTFIT has 104 observations and 36 variables.
3170726    run;
MPRINT(EM_DIAGRAM):   run;

NOTE: The data set WORK.EM_NEURAL36 has 2374 observations and 26 variables.
NOTE: The data set EMWS8.META3_VALIDATE has . observations and 45 variables.
NOTE: View EMWS8.META3_VALIDATE.VIEW used (Total process time):
      real time           2.16 seconds
      cpu time            2.12 seconds
      
NOTE: There were 1018 observations read from the data set EMWS8.PART_VALIDATE.
NOTE: Closing the Neural Application.
NOTE: The PROCEDURE NEURAL printed pages 2874-2877.
NOTE: PROCEDURE NEURAL used (Total process time):
      real time           2.16 seconds
      cpu time            2.12 seconds
      

MPRINT(EM_DIAGRAM):   quit;
3170727    quit;

3170728    proc sort data=EMWS8.Neural36_OUTFIT(where=(_iter_ ne . and _NAME_="OVERALL"))
3170728  ! out=fit_Neural36;
MPRINT(EM_DIAGRAM):    proc sort data=EMWS8.Neural36_OUTFIT(where=(_iter_ ne . and 
_NAME_="OVERALL")) out=fit_Neural36;
3170729    by _VAVERR_;
MPRINT(EM_DIAGRAM):   by _VAVERR_;
3170730    run;
MPRINT(EM_DIAGRAM):   run;

NOTE: There were 52 observations read from the data set EMWS8.NEURAL36_OUTFIT.
      WHERE (_iter_ not = .) and (_NAME_='OVERALL');
NOTE: The data set WORK.FIT_NEURAL36 has 52 observations and 36 variables.
NOTE: PROCEDURE SORT used (Total process time):
      real time           0.00 seconds
      cpu time            0.01 seconds
      

3170731    %GLOBAL ITER;
3170732    data _null_;
MPRINT(EM_DIAGRAM):   data _null_;
3170733    set fit_Neural36(obs=1);
MPRINT(EM_DIAGRAM):   set fit_Neural36(obs=1);
3170734    call symput('ITER',put(_ITER_, 6.));
MPRINT(EM_DIAGRAM):   call symput('ITER',put(_ITER_, 6.));
3170735    run;
MPRINT(EM_DIAGRAM):   run;

NOTE: There were 1 observations read from the data set WORK.FIT_NEURAL36.
NOTE: DATA statement used (Total process time):
      real time           0.00 seconds
      cpu time            0.00 seconds
      

3170736    data EMWS8.Neural36_INITIAL;
MPRINT(EM_DIAGRAM):   data EMWS8.Neural36_INITIAL;
3170737    set EMWS8.Neural36_outest(where=(_ITER_ eq &ITER and _OBJ_ ne .));
MPRINT(EM_DIAGRAM):   set EMWS8.Neural36_outest(where=(_ITER_ eq 9 and _OBJ_ ne .));
3170738    run;
MPRINT(EM_DIAGRAM):   run;

NOTE: There were 1 observations read from the data set EMWS8.NEURAL36_OUTEST.
      WHERE (_ITER_=9) and (_OBJ_ not = .);
NOTE: The data set EMWS8.NEURAL36_INITIAL has 1 observations and 247 variables.
NOTE: DATA statement used (Total process time):
      real time           0.00 seconds
      cpu time            0.00 seconds
      

3170739    *------------------------------------------------------------*;
MPRINT(EM_DIAGRAM):    *------------------------------------------------------------*;
3170740    * Neural Network Model Selection;
MPRINT(EM_DIAGRAM):   * Neural Network Model Selection;
3170741    ;
MPRINT(EM_DIAGRAM):   ;
3170742    *------------------------------------------------------------*;
MPRINT(EM_DIAGRAM):   *------------------------------------------------------------*;
3170743    proc neural data=EM_Neural36 dmdbcat=WORK.Neural36_DMDB
3170744    validdata = EMWS8.Meta3_VALIDATE
3170745    network = EMWS8.Neural36_NETWORK.dm_neural
3170746    random=12345
3170747    ;
MPRINT(EM_DIAGRAM):   proc neural data=EM_Neural36 dmdbcat=WORK.Neural36_DMDB validdata = 
EMWS8.Meta3_VALIDATE network = EMWS8.Neural36_NETWORK.dm_neural random=12345 ;
NOTE: Entry EMWS8.NEURAL36_NETWORK.DM_NEURAL has been opened.
NOTE: Entry EMWS8.NEURAL36_NETWORK.DM_NEURAL has been closed.
3170748    nloptions noprint;
MPRINT(EM_DIAGRAM):   nloptions noprint;
3170749    performance alldetails noutilfile;
MPRINT(EM_DIAGRAM):   performance alldetails noutilfile;
3170750    initial inest=EMWS8.Neural36_INITIAL;
MPRINT(EM_DIAGRAM):   initial inest=EMWS8.Neural36_INITIAL;
NOTE: The data set EMWS8.NEURAL36_INITIAL has 1 observations and 247 variables.
3170751    train tech=NONE;
MPRINT(EM_DIAGRAM):   train tech=NONE;
NOTE: No optimization performed.
3170752    code file="C:\\predictive-models-project\Workspaces\EMWS8\Neural36\SCORECODE.sas"
3170753    group=Neural36
3170754    ;
MPRINT(EM_DIAGRAM):   code 
file="C:\\predictive-models-project\Workspaces\EMWS8\Neural36\SCORECODE.sas" group=Neural36 ;
NOTE: External file C:\\predictive-models-project\Workspaces\EMWS8\Neural36\SCORECODE.sas 
      opened.
3170755    ;
MPRINT(EM_DIAGRAM):   ;
3170756    code
3170756  ! file="C:\\predictive-models-project\Workspaces\EMWS8\Neural36\RESIDUALSCORECODE.sas"
3170757    group=Neural36
3170758    residual
3170759    ;
MPRINT(EM_DIAGRAM):   code 
file="C:\\predictive-models-project\Workspaces\EMWS8\Neural36\RESIDUALSCORECODE.sas" 
group=Neural36 residual ;
NOTE: External file 
      C:\\predictive-models-project\Workspaces\EMWS8\Neural36\RESIDUALSCORECODE.sas opened.
3170760    ;
MPRINT(EM_DIAGRAM):   ;
3170761    score data=EMWS8.Meta3_TRAIN out=_NULL_
NOTE: View EMWS8.META3_TRAIN.VIEW used (Total process time):
      real time           0.02 seconds
      cpu time            0.03 seconds
      
3170762    outfit=WORK.FIT1
3170763    role=TRAIN
3170764    outkey=EMWS8.Neural36_OUTKEY;
MPRINT(EM_DIAGRAM):   score data=EMWS8.Meta3_TRAIN out=_NULL_ outfit=WORK.FIT1 role=TRAIN 
outkey=EMWS8.Neural36_OUTKEY;
NOTE: The data set EMWS8.NEURAL36_OUTKEY has 50 observations and 8 variables.
NOTE: The data set EMWS8.META3_TRAIN has . observations and 45 variables.
NOTE: There were 2374 observations read from the data set EMWS8.PART_TRAIN.
NOTE: The data set WORK.FIT1 has 2 observations and 23 variables.
3170765    score data=EMWS8.Meta3_VALIDATE out=_NULL_
NOTE: View EMWS8.META3_VALIDATE.VIEW used (Total process time):
      real time           0.02 seconds
      cpu time            0.01 seconds
      
3170766    outfit=WORK.FIT2
3170767    role=VALID
3170768    outkey=EMWS8.Neural36_OUTKEY;
MPRINT(EM_DIAGRAM):   score data=EMWS8.Meta3_VALIDATE out=_NULL_ outfit=WORK.FIT2 role=VALID 
outkey=EMWS8.Neural36_OUTKEY;
NOTE: The data set EMWS8.NEURAL36_OUTKEY has 50 observations and 8 variables.
NOTE: The data set EMWS8.META3_VALIDATE has . observations and 45 variables.
NOTE: There were 1018 observations read from the data set EMWS8.PART_VALIDATE.
NOTE: The data set WORK.FIT2 has 2 observations and 15 variables.
3170769    run;
MPRINT(EM_DIAGRAM):   run;

NOTE: The data set WORK.EM_NEURAL36 has 2374 observations and 26 variables.
NOTE: The data set EMWS8.META3_VALIDATE has . observations and 45 variables.
NOTE: View EMWS8.META3_VALIDATE.VIEW used (Total process time):
      real time           0.23 seconds
      cpu time            0.23 seconds
      
NOTE: There were 1018 observations read from the data set EMWS8.PART_VALIDATE.
NOTE: Closing the Neural Application.
NOTE: PROCEDURE NEURAL used (Total process time):
      real time           0.24 seconds
      cpu time            0.23 seconds
      

MPRINT(EM_DIAGRAM):   quit;
3170770    quit;
3170771    data EMWS8.Neural36_OUTFIT;
MPRINT(EM_DIAGRAM):   data EMWS8.Neural36_OUTFIT;
3170772    merge WORK.FIT1 WORK.FIT2;
MPRINT(EM_DIAGRAM):   merge WORK.FIT1 WORK.FIT2;
3170773    run;
MPRINT(EM_DIAGRAM):   run;

NOTE: There were 2 observations read from the data set WORK.FIT1.
NOTE: There were 2 observations read from the data set WORK.FIT2.
NOTE: The data set EMWS8.NEURAL36_OUTFIT has 2 observations and 36 variables.
NOTE: DATA statement used (Total process time):
      real time           0.00 seconds
      cpu time            0.01 seconds
      

3170774    data EMWS8.Neural36_EMESTIMATE;
MPRINT(EM_DIAGRAM):   data EMWS8.Neural36_EMESTIMATE;
3170775    set EMWS8.Neural36_outest;
MPRINT(EM_DIAGRAM):   set EMWS8.Neural36_outest;
3170776    if _type_ ^in('HESSIAN' 'GRAD');
MPRINT(EM_DIAGRAM):   if _type_ ^in('HESSIAN' 'GRAD');
3170777    run;
MPRINT(EM_DIAGRAM):   run;

NOTE: There were 53 observations read from the data set EMWS8.NEURAL36_OUTEST.
NOTE: The data set EMWS8.NEURAL36_EMESTIMATE has 52 observations and 247 variables.
NOTE: DATA statement used (Total process time):
      real time           0.00 seconds
      cpu time            0.00 seconds
      

3170778    proc datasets lib=work nolist;
MPRINT(EM_DIAGRAM):   proc datasets lib=work nolist;
3170779    delete EM_Neural36;
MPRINT(EM_DIAGRAM):   delete EM_Neural36;
3170780    run;
MPRINT(EM_DIAGRAM):   run;

NOTE: Deleting WORK.EM_NEURAL36 (memtype=DATA).
3170781    quit;
MPRINT(EM_DIAGRAM):   quit;

NOTE: PROCEDURE DATASETS used (Total process time):
      real time           0.05 seconds
      cpu time            0.06 seconds
      

3170782    data EMWS8.Neural36_PLOTDS(where=(_iter_ ne . and _NAME_="OVERALL"));
MPRINT(EM_DIAGRAM):    data EMWS8.Neural36_PLOTDS(where=(_iter_ ne . and _NAME_="OVERALL"));
3170783    set fit_Neural36;
MPRINT(EM_DIAGRAM):   set fit_Neural36;
3170784    attrib _ITER_ label="%sysfunc(sasmsg(sashelp.dmine, rpt_trainiterations_vlabel  ,
3170784  ! NOQUOTE))";
MPRINT(EM_DIAGRAM):   attrib _ITER_ label="Training Iterations";
3170785    attrib _NAME_ label="%sysfunc(sasmsg(sashelp.dmine, rpt_varsel_label_name  ,
3170785  ! NOQUOTE))";
MPRINT(EM_DIAGRAM):   attrib _NAME_ label="Name";
3170786    run;
MPRINT(EM_DIAGRAM):   run;

NOTE: There were 52 observations read from the data set WORK.FIT_NEURAL36.
NOTE: The data set EMWS8.NEURAL36_PLOTDS has 52 observations and 36 variables.
NOTE: DATA statement used (Total process time):
      real time           0.00 seconds
      cpu time            0.00 seconds
      

3170787    proc sort data=EMWS8.Neural36_PLOTDS;
MPRINT(EM_DIAGRAM):   proc sort data=EMWS8.Neural36_PLOTDS;
3170788    by _ITER_;
MPRINT(EM_DIAGRAM):   by _ITER_;
3170789    run;
MPRINT(EM_DIAGRAM):   run;

NOTE: There were 52 observations read from the data set EMWS8.NEURAL36_PLOTDS.
NOTE: The data set EMWS8.NEURAL36_PLOTDS has 52 observations and 36 variables.
NOTE: PROCEDURE SORT used (Total process time):
      real time           0.00 seconds
      cpu time            0.00 seconds
      

3170790    data tempweight (drop= _tech_ _decay_ _seed_ _nobj_ _obj_ _objerr_ _averr_ _p_num_
3170790  ! where=(_type_ eq "PARMS" and _iter_ eq 9) );
MPRINT(EM_DIAGRAM):    data tempweight (drop= _tech_ _decay_ _seed_ _nobj_ _obj_ _objerr_ 
_averr_ _p_num_ where=(_type_ eq "PARMS" and _iter_ eq 9) );
3170791    set EMWS8.Neural36_EMESTIMATE;
MPRINT(EM_DIAGRAM):   set EMWS8.Neural36_EMESTIMATE;
3170792    run;
MPRINT(EM_DIAGRAM):   run;

NOTE: There were 52 observations read from the data set EMWS8.NEURAL36_EMESTIMATE.
NOTE: The data set WORK.TEMPWEIGHT has 1 observations and 239 variables.
NOTE: DATA statement used (Total process time):
      real time           0.00 seconds
      cpu time            0.00 seconds
      

3170793    proc sort;
MPRINT(EM_DIAGRAM):   proc sort;
3170794    by _name_;
MPRINT(EM_DIAGRAM):   by _name_;
3170795    run;
MPRINT(EM_DIAGRAM):   run;

NOTE: There were 1 observations read from the data set WORK.TEMPWEIGHT.
NOTE: The data set WORK.TEMPWEIGHT has 1 observations and 239 variables.
NOTE: PROCEDURE SORT used (Total process time):
      real time           0.00 seconds
      cpu time            0.01 seconds
      

3170796    proc transpose data=tempweight out=EMWS8.Neural36_WEIGHTDS;
MPRINT(EM_DIAGRAM):   proc transpose data=tempweight out=EMWS8.Neural36_WEIGHTDS;
3170797    by _name_;
MPRINT(EM_DIAGRAM):   by _name_;
3170798    run;
MPRINT(EM_DIAGRAM):   run;

NOTE: There were 1 observations read from the data set WORK.TEMPWEIGHT.
NOTE: The data set EMWS8.NEURAL36_WEIGHTDS has 237 observations and 3 variables.
NOTE: PROCEDURE TRANSPOSE used (Total process time):
      real time           0.00 seconds
      cpu time            0.00 seconds
      

3170799    data EMWS8.Neural36_WEIGHTDS;
MPRINT(EM_DIAGRAM):   data EMWS8.Neural36_WEIGHTDS;
3170800    set EMWS8.Neural36_WEIGHTDS;
MPRINT(EM_DIAGRAM):   set EMWS8.Neural36_WEIGHTDS;
3170801    FROM = trim(left(scan(_LABEL_, 1, '->')));
MPRINT(EM_DIAGRAM):   FROM = trim(left(scan(_LABEL_, 1, '->')));
3170802    TO = trim(left(scan(_LABEL_, 2, '>')));
MPRINT(EM_DIAGRAM):   TO = trim(left(scan(_LABEL_, 2, '>')));
3170803    WEIGHT = COL1;
MPRINT(EM_DIAGRAM):   WEIGHT = COL1;
3170804    if (TO eq '') or (FROM eq '') then delete;
MPRINT(EM_DIAGRAM):   if (TO eq '') or (FROM eq '') then delete;
3170805    label _LABEL_ ="%sysfunc(sasmsg(sashelp.dmine, meta_label_vlabel  , NOQUOTE))" FROM
3170805  ! = "%sysfunc(sasmsg(sashelp.dmine, rpt_from_vlabel  , NOQUOTE))" TO =
3170805  ! "%sysfunc(sasmsg(sashelp.dmine, rpt_into_vlabel  , NOQUOTE))" WEIGHT =
3170806       "%sysfunc(sasmsg(sashelp.dmine, rpt_weight_vlabel  , NOQUOTE))";
MPRINT(EM_DIAGRAM):   label _LABEL_ = "Label" FROM = "From" TO = "Into" WEIGHT = "Weight";
3170807    keep FROM TO WEIGHT _LABEL_;
MPRINT(EM_DIAGRAM):   keep FROM TO WEIGHT _LABEL_;
3170808    run;
MPRINT(EM_DIAGRAM):   run;

NOTE: There were 237 observations read from the data set EMWS8.NEURAL36_WEIGHTDS.
NOTE: The data set EMWS8.NEURAL36_WEIGHTDS has 232 observations and 4 variables.
NOTE: DATA statement used (Total process time):
      real time           0.00 seconds
      cpu time            0.01 seconds
      

3170809    proc sort data=EMWS8.Neural36_WEIGHTDS nodupkey;
MPRINT(EM_DIAGRAM):   proc sort data=EMWS8.Neural36_WEIGHTDS nodupkey;
3170810    by _LABEL_;
MPRINT(EM_DIAGRAM):   by _LABEL_;
3170811    run;
MPRINT(EM_DIAGRAM):   run;

NOTE: There were 232 observations read from the data set EMWS8.NEURAL36_WEIGHTDS.
NOTE: 0 observations with duplicate key values were deleted.
NOTE: The data set EMWS8.NEURAL36_WEIGHTDS has 232 observations and 4 variables.
NOTE: PROCEDURE SORT used (Total process time):
      real time           0.00 seconds
      cpu time            0.00 seconds
      

MPRINT(EM_DIAGRAM):    proc printto;
MPRINT(EM_DIAGRAM):   run;
