 
                                                                                               
 
 
Variable Summary

            Measurement    Frequency
Role           Level         Count

INPUT        BINARY             6   
INPUT        INTERVAL          15   
INPUT        NOMINAL            2   
REJECTED     BINARY             1   
REJECTED     INTERVAL           9   
TARGET       BINARY             1   
 
                                                                                               
 
 
Model Events

                                  Number
                   Measurement      of
Target    Event       Level       Levels      Order       Label

DepVar      1        BINARY          2      Descending    DepVar
 
                                                                                               
 
 
Predicted and decision variables

Type         Variable     Label

TARGET       DepVar       DepVar             
PREDICTED    P_DepVar1    Predicted: DepVar=1
RESIDUAL     R_DepVar1    Residual: DepVar=1 
PREDICTED    P_DepVar0    Predicted: DepVar=0
RESIDUAL     R_DepVar0    Residual: DepVar=0 
FROM         F_DepVar     From: DepVar       
INTO         I_DepVar     Into: DepVar       
 
                                                                                               
 
 

The NEURAL Procedure

Preliminary       Starting         Objective         Number
 Training          Random           Function           of        Terminating
    Run             Seed             Value         Iterations     Criteria

        1               12345    0.087003937532           10                
        2          1962974514    0.099028038493           10                
        3          1452355784    0.088725594227           10                
        4           604901746    0.129906607247           10                
        5          1161293754    0.092846090029           10                
 
                                                                                               
 
 

The NEURAL Procedure

                      Optimization Start
                      Parameter Estimates
                                                      Gradient
                                                     Objective
  N Parameter                         Estimate        Function

  1 Income_H11                        1.402611       -0.004529
  2 Kidhome_H11                      -0.806210        0.003634
  3 MntFishProducts_H11              -0.129749       -0.002515
  4 MntFruits_H11                     0.080656       -0.002882
  5 MntGoldProds_H11                 -0.121021       -0.000628
  6 MntMeatProducts_H11               0.192262       -0.005024
  7 MntSweetProducts_H11             -0.122903       -0.002602
  8 MntWines_H11                      0.077902       -0.004000
  9 NumCatalogPurchases_H11           0.361230       -0.004474
 10 NumDealsPurchases_H11            -0.010344        0.002200
 11 NumStorePurchases_H11             0.097380       -0.002876
 12 NumWebPurchases_H11               0.444595       -0.000837
 13 NumWebVisitsMonth_H11             0.847108        0.002416
 14 Recency_H11                      -1.106680        0.005158
 15 Teenhome_H11                     -0.885098        0.003184
 16 Income_H12                        0.512669        0.012866
 17 Kidhome_H12                       0.269094       -0.009349
 18 MntFishProducts_H12               0.024061        0.006554
 19 MntFruits_H12                    -0.574438        0.007229
 20 MntGoldProds_H12                  0.368247        0.005441
 21 MntMeatProducts_H12               0.401773        0.007679
 22 MntSweetProducts_H12             -0.114751        0.007617
 23 MntWines_H12                     -0.663794        0.010354
 24 NumCatalogPurchases_H12           1.334073        0.008682
 25 NumDealsPurchases_H12             1.006339        0.001062
 26 NumStorePurchases_H12            -0.239210        0.013205
 27 NumWebPurchases_H12              -0.600884        0.010507
 28 NumWebVisitsMonth_H12             0.267597       -0.014659
 29 Recency_H12                      -0.427554        0.017750
 30 Teenhome_H12                     -0.144718        0.001810
 31 Income_H13                       -0.198073       -0.009666
 32 Kidhome_H13                       0.259347        0.008356
 33 MntFishProducts_H13               0.043983       -0.006134
 34 MntFruits_H13                    -0.000904       -0.007008
 35 MntGoldProds_H13                  0.051395       -0.002852
 36 MntMeatProducts_H13              -0.746171       -0.007125
 37 MntSweetProducts_H13              0.005525       -0.006192
 38 MntWines_H13                      0.471944       -0.007991
 39 NumCatalogPurchases_H13          -0.351496       -0.007935
 40 NumDealsPurchases_H13            -0.302325        0.004582
 41 NumStorePurchases_H13             0.600582       -0.009158
 42 NumWebPurchases_H13               0.514234       -0.007636
 43 NumWebVisitsMonth_H13            -0.907530        0.011264
 44 Recency_H13                       0.835977       -0.014635
 45 Teenhome_H13                      0.157832        0.000584
 46 AcceptedCmp10_H11                -0.262740       -0.004542
 47 AcceptedCmp20_H11                -0.861057       -0.004817
 48 AcceptedCmp30_H11                -0.504763       -0.003623
 49 AcceptedCmp40_H11                -0.842841       -0.002454
 50 AcceptedCmp50_H11                 0.197649       -0.003327
 51 Complain0_H11                    -0.293056       -0.005563
 52 AcceptedCmp10_H12                -0.273941       -0.015702
 53 AcceptedCmp20_H12                -0.146888       -0.015856
 54 AcceptedCmp30_H12                -0.279823       -0.010823
 55 AcceptedCmp40_H12                -0.104651       -0.014595
 56 AcceptedCmp50_H12                -0.816813       -0.015358
 57 Complain0_H12                    -0.281527       -0.016241
 58 AcceptedCmp10_H13                 0.423108        0.015207
 59 AcceptedCmp20_H13                 0.413376        0.014385
 60 AcceptedCmp30_H13                 0.414365        0.009705
 61 AcceptedCmp40_H13                 0.089150        0.013983
 62 AcceptedCmp50_H13                 0.540138        0.014646
 63 Complain0_H13                    -0.194782        0.015152
 64 Education2nCycle_H11              0.403312        0.000703
 65 EducationBasic_H11                0.172024        0.000443
 66 EducationGraduation_H11          -0.296542       -0.001211
 67 EducationMaster_H11              -0.483510     0.000089278
 68 Marital_StatusDivorced_H11        0.521296       -0.000690
 69 Marital_StatusMarried_H11        -1.522449       -0.000398
 70 Marital_StatusSingle_H11          1.050629       -0.001884
 71 Marital_StatusTogether_H11       -1.164209        0.000336
 72 Education2nCycle_H12             -0.348893        0.000242
 73 EducationBasic_H12                0.382797        0.000741
 74 EducationGraduation_H12           0.203760       -0.008286
 75 EducationMaster_H12               0.206977    -0.000027723
 76 Marital_StatusDivorced_H12       -0.144282       -0.001493
 77 Marital_StatusMarried_H12         0.223969       -0.006749
 78 Marital_StatusSingle_H12         -0.129809       -0.002862
 79 Marital_StatusTogether_H12        0.326070       -0.003247
 80 Education2nCycle_H13             -0.183514    -0.000081532
 81 EducationBasic_H13                0.534180    -0.000096963
 82 EducationGraduation_H13          -0.143339        0.011637
 83 EducationMaster_H13               0.045130        0.001199
 84 Marital_StatusDivorced_H13       -0.256158        0.001736
 85 Marital_StatusMarried_H13         0.188255        0.005270
 86 Marital_StatusSingle_H13         -0.246076        0.003201
 87 Marital_StatusTogether_H13        0.295317        0.003588
 88 BIAS_H11                         -1.292894       -0.004863
 89 BIAS_H12                          0.887244       -0.016045
 90 BIAS_H13                         -0.511945        0.015649
 91 H11_DepVar1                       4.442510        0.003884
 92 H12_DepVar1                       2.671392       -0.002346
 93 H13_DepVar1                      -4.735494        0.004801
 94 BIAS_DepVar1                      0.454927       -0.007118

Value of Objective Function = 0.0870039375

 
                                                                                               
 
 

The NEURAL Procedure

Levenberg-Marquardt Optimization


Minimum Iterations                                0
Maximum Iterations                               50
Maximum Function Calls                   2147483647
Maximum CPU Time                              14400
ABSGCONV Gradient Criterion                 0.00001
GCONV Gradient Criterion                       1E-8
GCONV2 Gradient Criterion                         0
ABSFCONV Function Criterion                       0
FCONV Function Criterion                     0.0001
FCONV2 Function Criterion                         0
FSIZE Parameter                                   0
ABSXCONV Parameter Change Criterion               0
XCONV Parameter Change Criterion                  0
XSIZE Parameter                                   0
ABSCONV Function Criterion             0.0020529663
Trust Region Initial Radius Factor                1
Singularity Tolerance (SINGULAR)               1E-8

Levenberg-Marquardt Optimization

Scaling Update of More (1978)

Parameter Estimates              94

                                      Optimization Start

Active Constraints                           0  Objective Function                0.0870039375
Max Abs Gradient Element          0.0177495519  Radius                                       1


                                                                                         Ratio
                                                                                       Between
                                                                                        Actual
                                                       Objective   Max Abs                 and
                 Function       Active      Objective   Function  Gradient           Predicted
Iter   Restarts     Calls  Constraints       Function     Change   Element   Lambda     Change

   1          0         3            0        0.08485    0.00215    0.0224    0.277      0.336
   2          0         4            0        0.08124    0.00361    0.0160    0.211      0.554
   3          0         5            0        0.07974    0.00150    0.0158    0.221      0.326
   4          0         6            0        0.07707    0.00267    0.0119    0.151      0.564
   5          0         7            0        0.07546    0.00161    0.0100    0.126      0.482
   6          0         8            0        0.07307    0.00239    0.0111    0.131      0.699
   7          0         9            0        0.07076    0.00231   0.00848    0.140      0.757
   8          0        10            0        0.06727    0.00349   0.00931   0.0254      0.801
   9          0        11            0        0.06671   0.000558    0.0260  0.00451      0.146
  10          0        12            0        0.06634   0.000375    0.0448  0.00073     0.0814
  11          0        13            0        0.06446    0.00188    0.0139  0.00873      0.403
  12          0        14            0        0.06373   0.000728    0.0133  0.00321      0.221
  13          0        16            0        0.06273   0.000998   0.00678   0.0549      0.379
  14          0        17            0        0.06258   0.000154   0.00809  0.00959      0.117
  15          0        19            0        0.06214   0.000433   0.00435    0.110      0.386
  16          0        20            0        0.06195   0.000193   0.00573   0.0333      0.360
  17          0        21            0        0.06165   0.000296   0.00369   0.0539      0.505
  18          0        22            0        0.06123   0.000423   0.00357   0.0869      0.653
  19          0        23            0        0.06084   0.000394   0.00274   0.0833      0.713
  20          0        24            0        0.06047   0.000368   0.00256   0.0778      0.743
  21          0        25            0        0.05987   0.000601    0.0125   0.0126      0.696
  22          0        26            0        0.05965   0.000223   0.00868   0.0108      0.202
  23          0        27            0        0.05918   0.000470    0.0121   0.0160      0.302
  24          0        28            0        0.05896   0.000211    0.0132   0.0185      0.103
  25          0        29            0        0.05873   0.000236   0.00878   0.0168      0.108
  26          0        31            0        0.05803   0.000698   0.00838    0.130      0.332
  27          0        32            0        0.05798   0.000053   0.00678   0.0399     0.0578
  28          0        33            0        0.05767   0.000301   0.00567    0.243      0.304
  29          0        34            0        0.05762   0.000053   0.00487   0.0757      0.118
  30          0        35            0        0.05758   0.000039   0.00441    0.103     0.0727
  31          0        36            0        0.05743   0.000155   0.00336    0.374      0.395
  32          0        37            0        0.05737   0.000053   0.00268    0.119      0.329
  33          0        38            0        0.05735   0.000027   0.00301    0.140      0.191
  34          0        39            0        0.05731   0.000033   0.00263    0.129      0.229
  35          0        40            0        0.05729   0.000023   0.00284    0.143      0.165
  36          0        41            0        0.05726   0.000029   0.00265    0.133      0.199
  37          0        42            0        0.05724   0.000022   0.00275    0.143      0.153
  38          0        43            0        0.05721   0.000027   0.00268    0.134      0.180
  39          0        44            0        0.05719   0.000021   0.00269    0.142      0.143
  40          0        45            0        0.05717   0.000025   0.00271    0.134      0.165
  41          0        46            0        0.05715   0.000019   0.00267    0.142      0.132
  42          0        47            0        0.05713   0.000023   0.00274    0.134      0.152
  43          0        48            0        0.05711   0.000018   0.00270    0.141      0.123
  44          0        49            0        0.05709   0.000022   0.00277    0.134      0.141
  45          0        50            0        0.05707   0.000017   0.00273    0.141      0.115
  46          0        51            0        0.05705   0.000020   0.00280    0.133      0.131
  47          0        52            0        0.05703   0.000016   0.00276    0.140      0.107
  48          0        53            0        0.05701   0.000019   0.00282    0.133      0.123
  49          0        54            0        0.05700   0.000016   0.00278    0.140      0.101
  50          0        55            0        0.05698   0.000018   0.00284    0.133      0.115

                                     Optimization Results

Iterations                                  50  Function Calls                              57
Jacobian Calls                              52  Active Constraints                           0
Objective Function                0.0569781935  Max Abs Gradient Element          0.0028374073
Lambda                            0.1329289494  Actual Over Pred Change           0.1154313107
Radius                            0.0203730562                                                

LEVMAR needs more than 50 iterations or 2147483647 function calls.                             

WARNING: LEVMAR Optimization cannot be completed.

 
                                                                                               
 
 

The NEURAL Procedure

                     Optimization Results
                      Parameter Estimates
                                                      Gradient
                                                     Objective
  N Parameter                         Estimate        Function

  1 Income_H11                        2.857567       -0.002506
  2 Kidhome_H11                      -1.116673        0.001496
  3 MntFishProducts_H11              -0.496385       -0.000803
  4 MntFruits_H11                    -0.109524       -0.002473
  5 MntGoldProds_H11                  0.072719       -0.001687
  6 MntMeatProducts_H11               1.004876       -0.002837
  7 MntSweetProducts_H11             -0.217413       -0.002334
  8 MntWines_H11                     -0.083109       -0.002589
  9 NumCatalogPurchases_H11           1.564666       -0.002480
 10 NumDealsPurchases_H11             0.863813       -0.000325
 11 NumStorePurchases_H11             0.171322       -0.001022
 12 NumWebPurchases_H11               0.086174       -0.002025
 13 NumWebVisitsMonth_H11             2.218757        0.000906
 14 Recency_H11                      -2.738214        0.001700
 15 Teenhome_H11                     -2.534529        0.000984
 16 Income_H12                        0.292409        0.000265
 17 Kidhome_H12                       0.455837       -0.000281
 18 MntFishProducts_H12              -0.530175        0.000696
 19 MntFruits_H12                    -0.563370        0.000656
 20 MntGoldProds_H12                  0.319244        0.000192
 21 MntMeatProducts_H12               1.989755        0.000553
 22 MntSweetProducts_H12             -0.588504        0.000665
 23 MntWines_H12                     -0.562043        0.000198
 24 NumCatalogPurchases_H12           1.622958     0.000062582
 25 NumDealsPurchases_H12             0.477567    -0.000060674
 26 NumStorePurchases_H12             0.183425       -0.000162
 27 NumWebPurchases_H12              -0.665738    -0.000095351
 28 NumWebVisitsMonth_H12             0.196010        0.000187
 29 Recency_H12                      -0.233204    -0.000023674
 30 Teenhome_H12                     -0.129222    -0.000079614
 31 Income_H13                       -0.038463        0.001705
 32 Kidhome_H13                       0.268637       -0.000969
 33 MntFishProducts_H13              -0.028821       -0.000929
 34 MntFruits_H13                    -0.033459        0.000848
 35 MntGoldProds_H13                  0.050865        0.001306
 36 MntMeatProducts_H13              -0.211247        0.001273
 37 MntSweetProducts_H13             -0.040103        0.001239
 38 MntWines_H13                      0.405499        0.001829
 39 NumCatalogPurchases_H13          -0.109066        0.002065
 40 NumDealsPurchases_H13            -0.184558        0.000147
 41 NumStorePurchases_H13             0.394527        0.000877
 42 NumWebPurchases_H13               0.299166        0.001588
 43 NumWebVisitsMonth_H13            -0.452687       -0.001244
 44 Recency_H13                       0.373010       -0.001560
 45 Teenhome_H13                      0.030431       -0.000652
 46 AcceptedCmp10_H11                -0.374506       -0.002003
 47 AcceptedCmp20_H11                -1.615905       -0.002240
 48 AcceptedCmp30_H11                -1.269614       -0.001934
 49 AcceptedCmp40_H11                -1.888031       -0.001079
 50 AcceptedCmp50_H11                 0.273437       -0.001252
 51 Complain0_H11                     0.299907       -0.002393
 52 AcceptedCmp10_H12                -0.792819    -0.000005920
 53 AcceptedCmp20_H12                -0.727624        0.000302
 54 AcceptedCmp30_H12                -0.039630     0.000078524
 55 AcceptedCmp40_H12                -0.240508        0.000155
 56 AcceptedCmp50_H12                 0.547788    -0.000073991
 57 Complain0_H12                    -0.021424     0.000057763
 58 AcceptedCmp10_H13                 0.258791        0.002372
 59 AcceptedCmp20_H13                 0.183320        0.002062
 60 AcceptedCmp30_H13                 0.191503        0.001725
 61 AcceptedCmp40_H13                -0.028468        0.000676
 62 AcceptedCmp50_H13                 0.516835        0.001552
 63 Complain0_H13                     0.123824        0.001833
 64 Education2nCycle_H11             -0.291370     0.000028184
 65 EducationBasic_H11                2.781948        0.000170
 66 EducationGraduation_H11          -1.403923       -0.001658
 67 EducationMaster_H11              -0.457692     0.000052885
 68 Marital_StatusDivorced_H11       -0.030759     0.000094166
 69 Marital_StatusMarried_H11        -2.307082       -0.000578
 70 Marital_StatusSingle_H11          2.087357       -0.001174
 71 Marital_StatusTogether_H11       -1.801085       -0.000335
 72 Education2nCycle_H12             -0.100778    -0.000089928
 73 EducationBasic_H12               -0.055184    -0.000020576
 74 EducationGraduation_H12          -0.132406     0.000051204
 75 EducationMaster_H12               0.465612     0.000029704
 76 Marital_StatusDivorced_H12       -0.424850        0.000100
 77 Marital_StatusMarried_H12         0.337043        0.000200
 78 Marital_StatusSingle_H12          0.162803     0.000011670
 79 Marital_StatusTogether_H12        0.276054       -0.000145
 80 Education2nCycle_H13             -0.118890     0.000060348
 81 EducationBasic_H13                0.118785    -0.000005957
 82 EducationGraduation_H13          -0.179170        0.001265
 83 EducationMaster_H13               0.232884    -0.000064091
 84 Marital_StatusDivorced_H13       -0.291624       -0.000250
 85 Marital_StatusMarried_H13         0.164229        0.000120
 86 Marital_StatusSingle_H13          0.047292        0.001572
 87 Marital_StatusTogether_H13        0.178198        0.000219
 88 BIAS_H11                         -2.970326       -0.002215
 89 BIAS_H12                          1.482790     0.000072880
 90 BIAS_H13                         -0.942989        0.001226
 91 H11_DepVar1                      10.958626    -0.000095212
 92 H12_DepVar1                       7.465775    -0.000063819
 93 H13_DepVar1                     -17.810953    -0.000046893
 94 BIAS_DepVar1                     -2.145282       -0.000146

Value of Objective Function = 0.0569781935

