MPRINT(EM_DIAGRAM):    data _null_;
MPRINT(EM_DIAGRAM):   call symput('NLDATE', strip(put(date(), NLDATE.)));
MPRINT(EM_DIAGRAM):   call symput('NLTIME', strip(put(datetime(), NLTIME.)));
MPRINT(EM_DIAGRAM):   run;
MPRINT(EM_DIAGRAM):   data _null_;
MPRINT(EM_DIAGRAM):   nldate= sasmsg("sashelp.dmine", "log_date_note", 'N', "19. April 2016" );
MPRINT(EM_DIAGRAM):   nltime= sasmsg("sashelp.dmine", "log_time_note", 'N', "17.34 Uhr" );
MPRINT(EM_DIAGRAM):   put "*------------------------------------------------------------*";
MPRINT(EM_DIAGRAM):   put "* Training Log";
MPRINT(EM_DIAGRAM):   put nldate;
MPRINT(EM_DIAGRAM):   put nltime;
MPRINT(EM_DIAGRAM):   put "*------------------------------------------------------------*";
MPRINT(EM_DIAGRAM):   run;
*------------------------------------------------------------*
* Training Log
Date:                19. April 2016
Time:                17.34 Uhr
*------------------------------------------------------------*
MPRINT(EM_DIAGRAM):    filename O04VJO6U 
"C:\\predictive-models-project\Workspaces\EMWS8\Ensmbl28\EMTRAIN.out" encoding="UTF-8" NOBOM;
MPRINT(EM_DIAGRAM):   proc printto print=O04VJO6U new;
MPRINT(EM_DIAGRAM):   run;
MPRINT(EM_DIAGRAM):    filename _LOG 
"C:\\predictive-models-project\Workspaces\EMWS8\Ensmbl28\EMLOG.log" encoding="UTF-8" NOBOM;
MPRINT(EM_DIAGRAM):    data _null_;
MPRINT(EM_DIAGRAM):   call symput('NLDATE', strip(put(date(), NLDATE.)));
MPRINT(EM_DIAGRAM):   call symput('NLTIME', strip(put(datetime(), NLTIME.)));
MPRINT(EM_DIAGRAM):   run;
MPRINT(EM_DIAGRAM):   data _null_;
MPRINT(EM_DIAGRAM):   nldate= sasmsg("sashelp.dmine", "log_date_note", 'N', "19. April 2016" );
MPRINT(EM_DIAGRAM):   nltime= sasmsg("sashelp.dmine", "log_time_note", 'N', "17.34 Uhr" );
MPRINT(EM_DIAGRAM):   file _LOG;
MPRINT(EM_DIAGRAM):   put "*------------------------------------------------------------*";
MPRINT(EM_DIAGRAM):   put "User:                Lukas Fahr";
MPRINT(EM_DIAGRAM):   put nldate;
MPRINT(EM_DIAGRAM):   put nltime;
MPRINT(EM_DIAGRAM):   put "Site:                70107571";
MPRINT(EM_DIAGRAM):   put "Platform:            X64_7PRO";
MPRINT(EM_DIAGRAM):   put "Maintenance Release: 9.03.01M2P081512";
MPRINT(EM_DIAGRAM):   put "EM Version:          12.1";
MPRINT(EM_DIAGRAM):   put "* ";
MPRINT(EM_DIAGRAM):   run;
MPRINT(EM_DIAGRAM):    filename _LOGIN 
"C:\\predictive-models-project\Workspaces\EMWS8\Ensmbl28\EMTRAIN.log" encoding="UTF-8" NOBOM;
MPRINT(EM_COPYFILE):   data _null_;
MPRINT(EM_COPYFILE):   length line $20000;
MPRINT(EM_COPYFILE):   file _LOG MOD lrecl=20000;
MPRINT(EM_COPYFILE):   fid=fopen("_LOGIN",'i',20000,'v');
MPRINT(EM_COPYFILE):   if fid > 0 then do;
MPRINT(EM_COPYFILE):   do while(^fread(fid));
MPRINT(EM_COPYFILE):   rlen = frlen(fid);
MPRINT(EM_COPYFILE):   rc= fget(fid,line,20000);
MPRINT(EM_COPYFILE):   start = length(line)-length(left(line))+1;
MPRINT(EM_COPYFILE):   line=strip(line);
MPRINT(EM_COPYFILE):   put @start line;
MPRINT(EM_COPYFILE):   end;
MPRINT(EM_COPYFILE):   if fid > 0 then rc=fclose(fid);
MPRINT(EM_COPYFILE):   end;
MPRINT(EM_COPYFILE):   run;
MPRINT(EM_DIAGRAM):  ;
MPRINT(EM_DIAGRAM):   filename _LOGIN;
MPRINT(EM_DIAGRAM):    data _null_;
MPRINT(EM_DIAGRAM):   file _LOG mod;
MPRINT(EM_DIAGRAM):   put _page_;
MPRINT(EM_DIAGRAM):   run;
MPRINT(EM_DIAGRAM):   filename _LOGIN 
"C:\\predictive-models-project\Workspaces\EMWS8\Ensmbl28\EMSCORE.log" encoding="UTF-8" NOBOM;
MPRINT(EM_DIAGRAM):  ;
MPRINT(EM_DIAGRAM):   data _null_;
MPRINT(EM_DIAGRAM):   file _LOG mod;
MPRINT(EM_DIAGRAM):   put _page_;
MPRINT(EM_DIAGRAM):   run;
MPRINT(EM_DIAGRAM):    filename _LOGIN 
"C:\\predictive-models-project\Workspaces\EMWS8\Ensmbl28\EMREPORT.log" encoding="UTF-8" NOBOM;
MPRINT(EM_DIAGRAM):  ;
MPRINT(EM_DIAGRAM):   filename _LOGIN;
MPRINT(EM_DIAGRAM):    filename _LOG;
MPRINT(EM_DIAGRAM):    filename _OUT 
"C:\\predictive-models-project\Workspaces\EMWS8\Ensmbl28\EMOUTPUT.out" encoding="UTF-8" NOBOM;
MPRINT(EM_DIAGRAM):    data _null_;
MPRINT(EM_DIAGRAM):   call symput('NLDATE', strip(put(date(), NLDATE.)));
MPRINT(EM_DIAGRAM):   call symput('NLTIME', strip(put(datetime(), NLTIME.)));
MPRINT(EM_DIAGRAM):   run;
MPRINT(EM_DIAGRAM):   data _null_;
MPRINT(EM_DIAGRAM):   nldate= sasmsg("sashelp.dmine", "log_date_note", 'N', "19. April 2016" );
MPRINT(EM_DIAGRAM):   nltime= sasmsg("sashelp.dmine", "log_time_note", 'N', "17.34 Uhr" );
MPRINT(EM_DIAGRAM):   file _OUT;
MPRINT(EM_DIAGRAM):   put "*------------------------------------------------------------*";
MPRINT(EM_DIAGRAM):   put "User:                Lukas Fahr";
MPRINT(EM_DIAGRAM):   put nldate;
MPRINT(EM_DIAGRAM):   put nltime;
MPRINT(EM_DIAGRAM):   put "*------------------------------------------------------------*";
MPRINT(EM_DIAGRAM):   put "* Training Output";
MPRINT(EM_DIAGRAM):   put "*------------------------------------------------------------*";
MPRINT(EM_DIAGRAM):   run;
MPRINT(EM_DIAGRAM):    filename _OUTIN 
"C:\\predictive-models-project\Workspaces\EMWS8\Ensmbl28\EMTRAIN.out" encoding="UTF-8" NOBOM;
MPRINT(EM_DIAGRAM):   ;
MPRINT(EM_COPYFILE):   data _null_;
MPRINT(EM_COPYFILE):   length line $20000;
MPRINT(EM_COPYFILE):   file _OUT MOD lrecl=20000;
MPRINT(EM_COPYFILE):   fid=fopen("_OUTIN",'i',20000,'v');
MPRINT(EM_COPYFILE):   if fid > 0 then do;
MPRINT(EM_COPYFILE):   do while(^fread(fid));
MPRINT(EM_COPYFILE):   rlen = frlen(fid);
MPRINT(EM_COPYFILE):   rc= fget(fid,line,20000);
MPRINT(EM_COPYFILE):   start = length(line)-length(left(line))+1;
MPRINT(EM_COPYFILE):   line=strip(line);
MPRINT(EM_COPYFILE):   put @start line;
MPRINT(EM_COPYFILE):   end;
MPRINT(EM_COPYFILE):   if fid > 0 then rc=fclose(fid);
MPRINT(EM_COPYFILE):   end;
MPRINT(EM_COPYFILE):   run;
MPRINT(EM_DIAGRAM):  ;
MPRINT(EM_DIAGRAM):   filename _OUTIN;
MPRINT(EM_DIAGRAM):    data _null_;
MPRINT(EM_DIAGRAM):   file _OUT mod;
MPRINT(EM_DIAGRAM):   put _page_;
MPRINT(EM_DIAGRAM):   put // "*------------------------------------------------------------*";
MPRINT(EM_DIAGRAM):   put "* Score Output";
MPRINT(EM_DIAGRAM):   put "*------------------------------------------------------------*";
MPRINT(EM_DIAGRAM):   run;
MPRINT(EM_DIAGRAM):    filename _OUTIN 
"C:\\predictive-models-project\Workspaces\EMWS8\Ensmbl28\EMSCORE.out" encoding="UTF-8" NOBOM;
MPRINT(EM_DIAGRAM):  ;
MPRINT(EM_DIAGRAM):   filename _OUTIN;
MPRINT(EM_DIAGRAM):    data _null_;
MPRINT(EM_DIAGRAM):   file _OUT mod;
MPRINT(EM_DIAGRAM):   put _page_;
MPRINT(EM_DIAGRAM):   put // "*------------------------------------------------------------*";
MPRINT(EM_DIAGRAM):   put "* Report Output";
MPRINT(EM_DIAGRAM):   put "*------------------------------------------------------------*";
MPRINT(EM_DIAGRAM):   run;
MPRINT(EM_DIAGRAM):    filename _OUTIN 
"C:\\predictive-models-project\Workspaces\EMWS8\Ensmbl28\EMREPORT.out" encoding="UTF-8" NOBOM;
MPRINT(EM_DIAGRAM):  ;
MPRINT(EM_DIAGRAM):   filename _OUTIN;
MPRINT(EM_DIAGRAM):    filename _OUT;
MPRINT(EM_DIAGRAM):    filename _emtool_ 
'C:\\predictive-models-project\Workspaces\EMWS8\Ensmbl28\EMRUNSTATUS.xml' encoding="UTF-8" 
NOBOM;
(FREQ=(WHERE='ROLE = "FREQ"' DEFAULT='Y' RULE=(RULE1=(DESCRIPTION='USEATMOST1FREQ' 
VALUES=(VALUE1='Y' )[243217] MAX=1 EXCEEDMAXVALUE='' )[243221] )[243215] 
VALIDCHOICES=(CHOICE1='Y' )[243219] )[243503] INPUTREJECT=(WHERE='ROLE in("INPUT", 
"REJECTED")' DEFAULT='D' VALIDCHOICES=(CHOICE1='D' )[243225] 
RULE=(RULE1=(DESCRIPTION='USEATLEAST1INPUTREJECT' WHERE='(ROLE = "INPUT" and USE in("Y" "D")) 
or (ROLE = "REJECTED" and USE = "Y")' MIN=. )[243229] )[243227] )[243223] TARGET=(WHERE='ROLE 
= "TARGET"' DEFAULT='Y' VALIDCHOICES=(CHOICE1='Y' CHOICE2='N' )[243233] 
RULE=(RULE1=(DESCRIPTION='METADATA.USE1TARGET' VALUES=(VALUE1='Y' )[243239] MIN=1 MAX=1 
EXCEEDMAXVALUE='N' )[243237] )[243235] )[243231] )[243213] 
1825536    proc freq data=EMWS8.Ensmbl28_VariableSet noprint;
MPRINT(EM_DIAGRAM):    proc freq data=EMWS8.Ensmbl28_VariableSet noprint;
1825537    table ROLE*LEVEL/out=WORK.Ensmbl28META;
MPRINT(EM_DIAGRAM):   table ROLE*LEVEL/out=WORK.Ensmbl28META;
1825538    run;
MPRINT(EM_DIAGRAM):   run;

NOTE: There were 34 observations read from the data set EMWS8.ENSMBL28_VARIABLESET.
NOTE: The data set WORK.ENSMBL28META has 5 observations and 4 variables.
NOTE: PROCEDURE FREQ used (Total process time):
      real time           0.00 seconds
      cpu time            0.00 seconds
      

1825539    proc print data=WORK.Ensmbl28META label noobs;
MPRINT(EM_DIAGRAM):   proc print data=WORK.Ensmbl28META label noobs;
1825540    var ROLE LEVEL COUNT;
MPRINT(EM_DIAGRAM):   var ROLE LEVEL COUNT;
1825541    label ROLE = "%sysfunc(sasmsg(sashelp.dmine, meta_role_vlabel, NOQUOTE))" LEVEL =
1825541  ! "%sysfunc(sasmsg(sashelp.dmine, meta_level_vlabel, NOQUOTE))" COUNT =
1825541  ! "%sysfunc(sasmsg(sashelp.dmine, rpt_count_vlabel, NOQUOTE))";
MPRINT(EM_DIAGRAM):   label ROLE = "Role" LEVEL = "Measurement Level" COUNT = "Frequency 
Count";
1825542    title9 ' ';
MPRINT(EM_DIAGRAM):   title9 ' ';
1825543    title10 "%sysfunc(sasmsg(sashelp.dmine, rpt_varSummary_title  , NOQUOTE))";
MPRINT(EM_DIAGRAM):   title10 "Variable Summary";
MPRINT(EM_DIAGRAM):   run;
1825544    run;

NOTE: There were 5 observations read from the data set WORK.ENSMBL28META.
NOTE: The PROCEDURE PRINT printed page 1157.
NOTE: PROCEDURE PRINT used (Total process time):
      real time           0.00 seconds
      cpu time            0.00 seconds
      

1825545    title10;
MPRINT(EM_DIAGRAM):   title10;
1825546    %let EMNORLEN = %DMNORLEN;
MPRINT(EM_DIAGRAM):   
EMWS8.Neural3_TRAIN EMWS8.Neural3_TRAIN 
EMWS8.Neural3_TRAIN EMWS8.Neural3_TRAIN EMWS8 Neural3_TRAIN 
EMWS8.Neural3_TRAIN EMWS8.Neural3_TRAIN 
EMWS8.Neural3_TRAIN EMWS8.Neural3_TRAIN EMWS8 Neural3_TRAIN 
MPRINT(EM_DIAGRAM):    proc dmdb data=EMWS8.Neural3_TRAIN 
classout=WORK._DMDBCLASSTARGET(keep=NAME NRAW CRAW LEVEL FREQUENCY NMISSPERCENT);
MPRINT(EM_DIAGRAM):   class DepVar(DESC) ;
MPRINT(EM_DIAGRAM):   run;
Executing  SASHELP.EMCORE.EMINFOITERATOR.SCL _INIT >> 
Executing  SASHELP.EMCORE.EMINFOITERATOR.SCL setMetaData >> 
Executing  SASHELP.EMCORE.EMINFOITERATOR.SCL next >> 
Executing  SASHELP.EMCORE.EMINFOITERATOR.SCL next >> 
Executing  SASHELP.EMCORE.EMINFOITERATOR.SCL setMetaData >> 
Executing  SASHELP.EMCORE.EMINFOITERATOR.SCL next >> 
Executing  SASHELP.EMCORE.EMINFOITERATOR.SCL next >> 
Executing  SASHELP.EMCORE.EMINFOITERATOR.SCL _term >> 
MPRINT(EM_DIAGRAM):    data _null_;
MPRINT(EM_DIAGRAM):   set WORK._DMDBCLASSTARGET;
MPRINT(EM_DIAGRAM):   where ^(NRAW eq . and CRAW eq '') and NAME="DepVar";
MPRINT(EM_DIAGRAM):   if _N_=1 then call symput('_newevent', strip(LEVEL));
MPRINT(EM_DIAGRAM):   run;
MPRINT(EM_DIAGRAM):   proc sort data=WORK._DMDBCLASSTARGET out=_TEMPCLASS(keep=LEVEL FREQUENCY 
NMISSPERCENT rename=(LEVEL=DepVar));
MPRINT(EM_DIAGRAM):   by LEVEL;
MPRINT(EM_DIAGRAM):   where ^(NRAW eq . and CRAW eq '') and NAME="DepVar";
MPRINT(EM_DIAGRAM):   run;
MPRINT(EM_DIAGRAM):   data _TEMPCLASS;
MPRINT(EM_DIAGRAM):   set _TEMPCLASS;
MPRINT(EM_DIAGRAM):   NMISSPERCENT= NMISSPERCENT/100;
MPRINT(EM_DIAGRAM):   run;
MPRINT(EM_DIAGRAM):    proc sort data=EMWS8.Neural3_DepVar_DD out=_sortedDecdata;
MPRINT(EM_DIAGRAM):   by DepVar;
MPRINT(EM_DIAGRAM):   run;
MPRINT(EM_DIAGRAM):   data _null_;
MPRINT(EM_DIAGRAM):   merge _TEMPCLASS(in=_a) _sortedDecdata(in=_b);
MPRINT(EM_DIAGRAM):   by DepVar;
MPRINT(EM_DIAGRAM):   if (_a and ^_b) or (^_a and _b) then call symput('_emresetDec', '1');
MPRINT(EM_DIAGRAM):   run;
1825575    data WORK.Ensmbl28_EVENT(KEEP=VARIABLE LABEL LEVEL EVENT NUMLEVELS ORDER);
MPRINT(EM_DIAGRAM):    data WORK.Ensmbl28_EVENT(KEEP=VARIABLE LABEL LEVEL EVENT NUMLEVELS 
ORDER);
1825576    length ORDER $20;
MPRINT(EM_DIAGRAM):   length ORDER $20;
1825577    label VARIABLE = "%sysfunc(sasmsg(sashelp.dmine, rpt_target_vlabel,  NOQUOTE))"
1825577  ! EVENT = "%sysfunc(sasmsg(sashelp.dmine, assmt_event_vlabel, NOQUOTE))" NUMLEVELS =
1825577  ! "%sysfunc(sasmsg(sashelp.dmine, rpt_numcat_vlabel, NOQUOTE))" LEVEL =
1825578       "%sysfunc(sasmsg(sashelp.dmine, meta_level_vlabel, NOQUOTE))" ORDER =
1825578  ! "%sysfunc(sasmsg(sashelp.dmine, meta_order_vlabel, NOQUOTE))" LABEL =
1825578  ! "%sysfunc(sasmsg(sashelp.dmine, meta_label_vlabel, NOQUOTE))";
MPRINT(EM_DIAGRAM):   label VARIABLE = "Target" EVENT = "Event" NUMLEVELS = "Number of Levels" 
LEVEL = "Measurement Level" ORDER = "Order" LABEL = "Label";
1825579    set EMWS8.NEURAL3_DEPVAR_DM( where=(_TYPE_="TARGET"));
MPRINT(EM_DIAGRAM):   set EMWS8.NEURAL3_DEPVAR_DM( where=(_TYPE_="TARGET"));
1825580    NumLevels=2;
MPRINT(EM_DIAGRAM):   NumLevels=2;
1825581    select(upcase(ORDER));
MPRINT(EM_DIAGRAM):   select(upcase(ORDER));
1825582    when('DESC') ORDER = 'Descending';
MPRINT(EM_DIAGRAM):   when('DESC') ORDER = 'Descending';
1825583    when('ASC') ORDER = 'Ascending';
MPRINT(EM_DIAGRAM):   when('ASC') ORDER = 'Ascending';
1825584    when('FMTDESC') ORDER = 'Formatted Descending';
MPRINT(EM_DIAGRAM):   when('FMTDESC') ORDER = 'Formatted Descending';
1825585    when('FMTASC') ORDER = 'Formatted Ascending';
MPRINT(EM_DIAGRAM):   when('FMTASC') ORDER = 'Formatted Ascending';
1825586    otherwise ORDER = 'Descending';
MPRINT(EM_DIAGRAM):   otherwise ORDER = 'Descending';
1825587    end;
MPRINT(EM_DIAGRAM):   end;
1825588    output;
MPRINT(EM_DIAGRAM):   output;
1825589    run;
MPRINT(EM_DIAGRAM):   run;

NOTE: There were 1 observations read from the data set EMWS8.NEURAL3_DEPVAR_DM.
      WHERE _TYPE_='TARGET';
NOTE: The data set WORK.ENSMBL28_EVENT has 1 observations and 6 variables.
NOTE: DATA statement used (Total process time):
      real time           0.00 seconds
      cpu time            0.01 seconds
      

1825590    title9 ' ';
MPRINT(EM_DIAGRAM):   title9 ' ';
1825591    proc print data=WORK.Ensmbl28_EVENT noobs label;
MPRINT(EM_DIAGRAM):   proc print data=WORK.Ensmbl28_EVENT noobs label;
1825592    var VARIABLE EVENT LEVEL NUMLEVELS ORDER LABEL;
MPRINT(EM_DIAGRAM):   var VARIABLE EVENT LEVEL NUMLEVELS ORDER LABEL;
1825593    title9 ' ';
MPRINT(EM_DIAGRAM):   title9 ' ';
1825594    title10 "%sysfunc(sasmsg(sashelp.dmine, rpt_modelEvent_title  , NOQUOTE))";
MPRINT(EM_DIAGRAM):   title10 "Model Events";
MPRINT(EM_DIAGRAM):   run;
1825595    run;

NOTE: There were 1 observations read from the data set WORK.ENSMBL28_EVENT.
NOTE: The PROCEDURE PRINT printed page 1158.
NOTE: PROCEDURE PRINT used (Total process time):
      real time           0.00 seconds
      cpu time            0.00 seconds
      

1825596    title10;
MPRINT(EM_DIAGRAM):   title10;
"No decisions defined for target "DepVar"." 
1825597    proc print data = EMWS8.Neural3_DepVar_DM noobs label;
MPRINT(EM_DIAGRAM):    proc print data = EMWS8.Neural3_DepVar_DM noobs label;
1825598    var _type_ variable label;
MPRINT(EM_DIAGRAM):   var _type_ variable label;
1825599    where _type_ ^in('MATRIX', 'DECISION', 'TRAINPRIOR', 'DATAPRIOR', 'DECPRIOR');
MPRINT(EM_DIAGRAM):   where _type_ ^in('MATRIX', 'DECISION', 'TRAINPRIOR', 'DATAPRIOR', 
'DECPRIOR');
1825600    label _TYPE_ = "%sysfunc(sasmsg(sashelp.dmine, rpt_type_vlabel,     NOQUOTE))"
1825600  ! VARIABLE = "%sysfunc(sasmsg(sashelp.dmine, rpt_variable_vlabel, NOQUOTE))" LABEL =
1825600  ! "%sysfunc(sasmsg(sashelp.dmine, meta_label_vlabel, NOQUOTE))";
MPRINT(EM_DIAGRAM):   label _TYPE_ = "Type" VARIABLE = "Variable" LABEL = "Label";
1825601    title9 ' ';
MPRINT(EM_DIAGRAM):   title9 ' ';
1825602    title10 "%sysfunc(sasmsg(sashelp.dmine, rpt_predDecVars_title  , NOQUOTE))";
MPRINT(EM_DIAGRAM):   title10 "Predicted and decision variables";
MPRINT(EM_DIAGRAM):   run;
1825603    run;

NOTE: There were 7 observations read from the data set EMWS8.NEURAL3_DEPVAR_DM.
      WHERE _type_ not in ('DATAPRIOR', 'DECISION', 'DECPRIOR', 'MATRIX', 'TRAINPRIOR');
NOTE: The PROCEDURE PRINT printed page 1159.
NOTE: PROCEDURE PRINT used (Total process time):
      real time           0.00 seconds
      cpu time            0.00 seconds
      

1825604    title10;
MPRINT(EM_DIAGRAM):   title10;
1825605    %let groupid =;
1825606    %let endGroupid =;
1825607    data _null_;
MPRINT(EM_DIAGRAM):    data _null_;
1825608    set EMWS8.Neural10_EMINFO;
MPRINT(EM_DIAGRAM):   set EMWS8.Neural10_EMINFO;
1825609    where key in('ENDGROUP', 'GROUPINFO', 'BOOSTINFO', 'BAGINFO', 'TARGETINFO',
1825609  ! 'INDEXINFO');
MPRINT(EM_DIAGRAM):   where key in('ENDGROUP', 'GROUPINFO', 'BOOSTINFO', 'BAGINFO', 
'TARGETINFO', 'INDEXINFO');
1825610    if key = 'ENDGROUP' then call symput('endGroupId', DATA);
MPRINT(EM_DIAGRAM):   if key = 'ENDGROUP' then call symput('endGroupId', DATA);
1825611    else call symput('groupId', DATA);
MPRINT(EM_DIAGRAM):   else call symput('groupId', DATA);
1825612    run;
MPRINT(EM_DIAGRAM):   run;

NOTE: There were 0 observations read from the data set EMWS8.NEURAL10_EMINFO.
      WHERE key in ('BAGINFO', 'BOOSTINFO', 'ENDGROUP', 'GROUPINFO', 'INDEXINFO', 
      'TARGETINFO');
NOTE: DATA statement used (Total process time):
      real time           0.00 seconds
      cpu time            0.00 seconds
      

1825613    %let groupid =;
1825614    %let endGroupid =;
1825615    data _null_;
MPRINT(EM_DIAGRAM):    data _null_;
1825616    set EMWS8.Neural9_EMINFO;
MPRINT(EM_DIAGRAM):   set EMWS8.Neural9_EMINFO;
1825617    where key in('ENDGROUP', 'GROUPINFO', 'BOOSTINFO', 'BAGINFO', 'TARGETINFO',
1825617  ! 'INDEXINFO');
MPRINT(EM_DIAGRAM):   where key in('ENDGROUP', 'GROUPINFO', 'BOOSTINFO', 'BAGINFO', 
'TARGETINFO', 'INDEXINFO');
1825618    if key = 'ENDGROUP' then call symput('endGroupId', DATA);
MPRINT(EM_DIAGRAM):   if key = 'ENDGROUP' then call symput('endGroupId', DATA);
1825619    else call symput('groupId', DATA);
MPRINT(EM_DIAGRAM):   else call symput('groupId', DATA);
1825620    run;
MPRINT(EM_DIAGRAM):   run;

NOTE: There were 0 observations read from the data set EMWS8.NEURAL9_EMINFO.
      WHERE key in ('BAGINFO', 'BOOSTINFO', 'ENDGROUP', 'GROUPINFO', 'INDEXINFO', 
      'TARGETINFO');
NOTE: DATA statement used (Total process time):
      real time           0.00 seconds
      cpu time            0.00 seconds
      

1825621    %let groupid =;
1825622    %let endGroupid =;
1825623    data _null_;
MPRINT(EM_DIAGRAM):    data _null_;
1825624    set EMWS8.Neural3_EMINFO;
MPRINT(EM_DIAGRAM):   set EMWS8.Neural3_EMINFO;
1825625    where key in('ENDGROUP', 'GROUPINFO', 'BOOSTINFO', 'BAGINFO', 'TARGETINFO',
1825625  ! 'INDEXINFO');
MPRINT(EM_DIAGRAM):   where key in('ENDGROUP', 'GROUPINFO', 'BOOSTINFO', 'BAGINFO', 
'TARGETINFO', 'INDEXINFO');
1825626    if key = 'ENDGROUP' then call symput('endGroupId', DATA);
MPRINT(EM_DIAGRAM):   if key = 'ENDGROUP' then call symput('endGroupId', DATA);
1825627    else call symput('groupId', DATA);
MPRINT(EM_DIAGRAM):   else call symput('groupId', DATA);
1825628    run;
MPRINT(EM_DIAGRAM):   run;

NOTE: There were 0 observations read from the data set EMWS8.NEURAL3_EMINFO.
      WHERE key in ('BAGINFO', 'BOOSTINFO', 'ENDGROUP', 'GROUPINFO', 'INDEXINFO', 
      'TARGETINFO');
NOTE: DATA statement used (Total process time):
      real time           0.00 seconds
      cpu time            0.00 seconds
      

1825629    %let groupid =;
1825630    %let endGroupid =;
1825631    data _null_;
MPRINT(EM_DIAGRAM):    data _null_;
1825632    set EMWS8.Neural2_EMINFO;
MPRINT(EM_DIAGRAM):   set EMWS8.Neural2_EMINFO;
1825633    where key in('ENDGROUP', 'GROUPINFO', 'BOOSTINFO', 'BAGINFO', 'TARGETINFO',
1825633  ! 'INDEXINFO');
MPRINT(EM_DIAGRAM):   where key in('ENDGROUP', 'GROUPINFO', 'BOOSTINFO', 'BAGINFO', 
'TARGETINFO', 'INDEXINFO');
1825634    if key = 'ENDGROUP' then call symput('endGroupId', DATA);
MPRINT(EM_DIAGRAM):   if key = 'ENDGROUP' then call symput('endGroupId', DATA);
1825635    else call symput('groupId', DATA);
MPRINT(EM_DIAGRAM):   else call symput('groupId', DATA);
1825636    run;
MPRINT(EM_DIAGRAM):   run;

NOTE: There were 0 observations read from the data set EMWS8.NEURAL2_EMINFO.
      WHERE key in ('BAGINFO', 'BOOSTINFO', 'ENDGROUP', 'GROUPINFO', 'INDEXINFO', 
      'TARGETINFO');
NOTE: DATA statement used (Total process time):
      real time           0.00 seconds
      cpu time            0.00 seconds
      

1825637    %let groupid =;
1825638    %let endGroupid =;
1825639    data _null_;
MPRINT(EM_DIAGRAM):    data _null_;
1825640    set EMWS8.Neural4_EMINFO;
MPRINT(EM_DIAGRAM):   set EMWS8.Neural4_EMINFO;
1825641    where key in('ENDGROUP', 'GROUPINFO', 'BOOSTINFO', 'BAGINFO', 'TARGETINFO',
1825641  ! 'INDEXINFO');
MPRINT(EM_DIAGRAM):   where key in('ENDGROUP', 'GROUPINFO', 'BOOSTINFO', 'BAGINFO', 
'TARGETINFO', 'INDEXINFO');
1825642    if key = 'ENDGROUP' then call symput('endGroupId', DATA);
MPRINT(EM_DIAGRAM):   if key = 'ENDGROUP' then call symput('endGroupId', DATA);
1825643    else call symput('groupId', DATA);
MPRINT(EM_DIAGRAM):   else call symput('groupId', DATA);
1825644    run;
MPRINT(EM_DIAGRAM):   run;

NOTE: There were 0 observations read from the data set EMWS8.NEURAL4_EMINFO.
      WHERE key in ('BAGINFO', 'BOOSTINFO', 'ENDGROUP', 'GROUPINFO', 'INDEXINFO', 
      'TARGETINFO');
NOTE: DATA statement used (Total process time):
      real time           0.00 seconds
      cpu time            0.00 seconds
      

1825645    data WORK.Ensmbl28;
MPRINT(EM_DIAGRAM):    data WORK.Ensmbl28;
1825646    length NodeId $32 Model $64;
MPRINT(EM_DIAGRAM):   length NodeId $32 Model $64;
1825647    label Nodeid = "%sysfunc(sasmsg(sashelp.dmine, rpt_nodeId_vlabel,  NOQUOTE))" Model
1825647  ! = "%sysfunc(sasmsg(sashelp.dmine, rpt_modeltype,      NOQUOTE))";
MPRINT(EM_DIAGRAM):   label Nodeid = "Node Id" Model = "rpt_modeltype";
1825648    nodeid="NEURAL10";
MPRINT(EM_DIAGRAM):   nodeid="NEURAL10";
1825649    model="Neural";
MPRINT(EM_DIAGRAM):   model="Neural";
1825650    output;
MPRINT(EM_DIAGRAM):   output;
1825651    nodeid="NEURAL9";
MPRINT(EM_DIAGRAM):   nodeid="NEURAL9";
1825652    model="Neural";
MPRINT(EM_DIAGRAM):   model="Neural";
1825653    output;
MPRINT(EM_DIAGRAM):   output;
1825654    nodeid="NEURAL3";
MPRINT(EM_DIAGRAM):   nodeid="NEURAL3";
1825655    model="Neural";
MPRINT(EM_DIAGRAM):   model="Neural";
1825656    output;
MPRINT(EM_DIAGRAM):   output;
1825657    nodeid="NEURAL2";
MPRINT(EM_DIAGRAM):   nodeid="NEURAL2";
1825658    model="Neural";
MPRINT(EM_DIAGRAM):   model="Neural";
1825659    output;
MPRINT(EM_DIAGRAM):   output;
1825660    nodeid="NEURAL4";
MPRINT(EM_DIAGRAM):   nodeid="NEURAL4";
1825661    model="Neural";
MPRINT(EM_DIAGRAM):   model="Neural";
1825662    output;
MPRINT(EM_DIAGRAM):   output;
1825663    ;
MPRINT(EM_DIAGRAM):   ;
1825664    run;
MPRINT(EM_DIAGRAM):   run;

NOTE: The data set WORK.ENSMBL28 has 5 observations and 2 variables.
NOTE: DATA statement used (Total process time):
      real time           0.00 seconds
      cpu time            0.00 seconds
      

1825665    title;
MPRINT(EM_DIAGRAM):   title;
1825666    proc print data=WORK.Ensmbl28 label noobs;
MPRINT(EM_DIAGRAM):   proc print data=WORK.Ensmbl28 label noobs;
1825667    title9 "%sysfunc(sasmsg(sashelp.dmine, rpt_combinemodels_title,  NOQUOTE))";
MPRINT(EM_DIAGRAM):   title9 "Imported Models to be Combined";
1825668    title10 "Probability Function: Maximum";
MPRINT(EM_DIAGRAM):   title10 "Probability Function: Maximum";
MPRINT(EM_DIAGRAM):   run;
1825669    run;

NOTE: There were 5 observations read from the data set WORK.ENSMBL28.
NOTE: The PROCEDURE PRINT printed page 1160.
NOTE: PROCEDURE PRINT used (Total process time):
      real time           0.00 seconds
      cpu time            0.01 seconds
      

1825670    title9;
MPRINT(EM_DIAGRAM):   title9;
1825671    title10;
MPRINT(EM_DIAGRAM):   title10;
1825672    data WORK.M0T0EC4Z;
MPRINT(EM_DIAGRAM):    data WORK.M0T0EC4Z;
1825673    set WORK.M0T0EC4Z;
MPRINT(EM_DIAGRAM):   set WORK.M0T0EC4Z;
1825674    where NAME = "DepVar";
MPRINT(EM_DIAGRAM):   where NAME = "DepVar";
1825675    run;
MPRINT(EM_DIAGRAM):   run;

NOTE: There were 1 observations read from the data set WORK.M0T0EC4Z.
      WHERE NAME='DepVar';
NOTE: The data set WORK.M0T0EC4Z has 1 observations and 22 variables.
NOTE: DATA statement used (Total process time):
      real time           0.00 seconds
      cpu time            0.00 seconds
      

1825676    *------------------------------------------------------------* ;
MPRINT(EM_DIAGRAM):    *------------------------------------------------------------* ;
1825677    * EM: DMDBClass Macro ;
MPRINT(EM_DIAGRAM):   * EM: DMDBClass Macro ;
1825678    *------------------------------------------------------------* ;
MPRINT(EM_DIAGRAM):   *------------------------------------------------------------* ;
1825679    %macro DMDBClass;
1825680        DepVar(DESC)
1825681    %mend DMDBClass;
1825682    *------------------------------------------------------------* ;
MPRINT(EM_DIAGRAM):   *------------------------------------------------------------* ;
1825683    * EM: DMDBVar Macro ;
MPRINT(EM_DIAGRAM):   * EM: DMDBVar Macro ;
1825684    *------------------------------------------------------------* ;
MPRINT(EM_DIAGRAM):   *------------------------------------------------------------* ;
1825685    %macro DMDBVar;
1825686    
1825687    %mend DMDBVar;
1825688    *------------------------------------------------------------*;
MPRINT(EM_DIAGRAM):   *------------------------------------------------------------*;
1825689    * EM: Create DMDB;
MPRINT(EM_DIAGRAM):   * EM: Create DMDB;
1825690    *------------------------------------------------------------*;
MPRINT(EM_DIAGRAM):   *------------------------------------------------------------*;
1825691    proc dmdb batch data=EMWS8.Neural10_TRAIN
1825692    dmdbcat=WORK.EM_DMDB
1825693    maxlevel = 513
1825694    ;
MPRINT(EM_DIAGRAM):   proc dmdb batch data=EMWS8.Neural10_TRAIN dmdbcat=WORK.EM_DMDB maxlevel 
= 513 ;
MPRINT(EM_DIAGRAM):   class
1825695    class %DMDBClass;
MPRINT(DMDBCLASS):   DepVar(DESC)
MPRINT(EM_DIAGRAM):  ;
1825696    target
1825697    DepVar
1825698    ;
MPRINT(EM_DIAGRAM):   target DepVar ;
1825699    run;
MPRINT(EM_DIAGRAM):   run;

NOTE: Records processed = 2374   Memory used = 511K.
NOTE: There were 2374 observations read from the data set EMWS8.PART_TRAIN.
NOTE: View EMWS8.NEURAL10_TRAIN.VIEW used (Total process time):
      real time           0.06 seconds
      cpu time            0.06 seconds
      
NOTE: There were 2374 observations read from the data set EMWS8.META_TRAIN.
NOTE: There were 2374 observations read from the data set EMWS8.NEURAL10_TRAIN.
NOTE: PROCEDURE DMDB used (Total process time):
      real time           0.07 seconds
      cpu time            0.07 seconds
      

MPRINT(EM_DIAGRAM):   quit;
MPRINT(EM_DIAGRAM):   *--- end code ---*;
1825700    quit;
1825701    *--- end code ---*;

MPRINT(EM_DIAGRAM):    proc printto;
MPRINT(EM_DIAGRAM):   run;
