 
                                                                                                                                                                                                                                                                
 
Exported Attributes for TRAIN Port
(maximum 500 observations printed)

                                   Measurement
Variable Name            Role         Level       Creator    Label

AcceptedCmp1             INPUT      BINARY                   AcceptedCmp1                    
AcceptedCmp2             INPUT      BINARY                   AcceptedCmp2                    
AcceptedCmp3             INPUT      BINARY                   AcceptedCmp3                    
AcceptedCmp4             INPUT      BINARY                   AcceptedCmp4                    
AcceptedCmp5             INPUT      BINARY                   AcceptedCmp5                    
AcceptedCmpTotal         INPUT      INTERVAL      EMCODE4                                    
Complain                 INPUT      BINARY                   Complain                        
Custid                   ID         NOMINAL                  Custid                          
DepVar                   TARGET     BINARY                   DepVar                          
HigherEducationBinary    INPUT      BINARY        Trans                                      
Kidhome                  INPUT      INTERVAL                 Kidhome                         
Marital_Status           INPUT      NOMINAL                  Marital_Status                  
Mnt                      INPUT      INTERVAL      EMCODE4                                    
MntFishProducts          INPUT      INTERVAL                 MntFishProducts                 
MntFruits                INPUT      INTERVAL                 MntFruits                       
MntGoldProds             INPUT      INTERVAL                 MntGoldProds                    
MntMeatProducts          INPUT      INTERVAL                 MntMeatProducts                 
MntSweetProducts         INPUT      INTERVAL                 MntSweetProducts                
MntWines                 INPUT      INTERVAL                 MntWines                        
NumCatalogPurchases      INPUT      INTERVAL                 NumCatalogPurchases             
NumDealsPurchases        INPUT      INTERVAL                 NumDealsPurchases               
NumDistPurchases         INPUT      INTERVAL      Trans                                      
NumStorePurchases        INPUT      INTERVAL                 NumStorePurchases               
NumWebPurchases          INPUT      INTERVAL                 NumWebPurchases                 
NumWebVisitsMonth        INPUT      INTERVAL                 NumWebVisitsMonth               
RFMstat                  INPUT      INTERVAL      EMCODE4                                    
Recency                  INPUT      INTERVAL                 Recency                         
Teenhome                 INPUT      INTERVAL                 Teenhome                        
_dataobs_                ID         INTERVAL      Part                                       
