MPRINT(EM_DIAGRAM):    data _null_;
MPRINT(EM_DIAGRAM):   call symput('NLDATE', strip(put(date(), NLDATE.)));
MPRINT(EM_DIAGRAM):   call symput('NLTIME', strip(put(datetime(), NLTIME.)));
MPRINT(EM_DIAGRAM):   run;
MPRINT(EM_DIAGRAM):   data _null_;
MPRINT(EM_DIAGRAM):   nldate= sasmsg("sashelp.dmine", "log_date_note", 'N', "10 de Março de 2016" );
MPRINT(EM_DIAGRAM):   nltime= sasmsg("sashelp.dmine", "log_time_note", 'N', "12H19m" );
MPRINT(EM_DIAGRAM):   put "*------------------------------------------------------------*";
MPRINT(EM_DIAGRAM):   put "* Score Log";
MPRINT(EM_DIAGRAM):   put nldate;
MPRINT(EM_DIAGRAM):   put nltime;
MPRINT(EM_DIAGRAM):   put "*------------------------------------------------------------*";
MPRINT(EM_DIAGRAM):   run;
*------------------------------------------------------------*
* Score Log
Date:                10 de Março de 2016
Time:                12H19m
*------------------------------------------------------------*
MPRINT(EM_DIAGRAM):    filename O03GK2J3 "E:\DataMining_EMProjects\Tugas\Workspaces\EMWS8\Meta\EMSCORE.out" encoding="UTF-8" NOBOM;
MPRINT(EM_DIAGRAM):   proc printto print=O03GK2J3 new;
MPRINT(EM_DIAGRAM):   run;
40285      *------------------------------------------------------------*;
MPRINT(EM_DIAGRAM):    *------------------------------------------------------------*;
40286      * Meta: Scoring DATA data;
MPRINT(EM_DIAGRAM):   * Meta: Scoring DATA data;
40287      *------------------------------------------------------------*;
MPRINT(EM_DIAGRAM):   *------------------------------------------------------------*;
40288      data EMWS8.Meta_TRAIN
40289      / view=EMWS8.Meta_TRAIN
40290      ;
MPRINT(EM_DIAGRAM):   data EMWS8.Meta_TRAIN / view=EMWS8.Meta_TRAIN ;
40291      set EMWS8.Part_TRAIN
40292      ;
MPRINT(EM_DIAGRAM):   set EMWS8.Part_TRAIN ;
40293      run;
MPRINT(EM_DIAGRAM):   run;

NOTE: DATA STEP view saved on file EMWS8.META_TRAIN.
NOTE: A stored DATA STEP view cannot run under a different operating system.
NOTE: DATA statement used (Total process time):
      real time           0.03 seconds
      cpu time            0.00 seconds
      

MPRINT(EM_DIAGRAM):   quit;
40294      quit;

40295      *------------------------------------------------------------*;
MPRINT(EM_DIAGRAM):    *------------------------------------------------------------*;
40296      * Meta: Scoring VALIDATE data;
MPRINT(EM_DIAGRAM):   * Meta: Scoring VALIDATE data;
40297      *------------------------------------------------------------*;
MPRINT(EM_DIAGRAM):   *------------------------------------------------------------*;
40298      data EMWS8.Meta_VALIDATE
40299      / view=EMWS8.Meta_VALIDATE
40300      ;
MPRINT(EM_DIAGRAM):   data EMWS8.Meta_VALIDATE / view=EMWS8.Meta_VALIDATE ;
40301      set EMWS8.Part_VALIDATE
40302      ;
MPRINT(EM_DIAGRAM):   set EMWS8.Part_VALIDATE ;
40303      run;
MPRINT(EM_DIAGRAM):   run;

NOTE: DATA STEP view saved on file EMWS8.META_VALIDATE.
NOTE: A stored DATA STEP view cannot run under a different operating system.
NOTE: DATA statement used (Total process time):
      real time           0.03 seconds
      cpu time            0.00 seconds
      

MPRINT(EM_DIAGRAM):   quit;
40304      quit;

40305      *------------------------------------------------------------*;
MPRINT(EM_DIAGRAM):    *------------------------------------------------------------*;
40306      * Meta: Computing metadata for TRAIN data;
MPRINT(EM_DIAGRAM):   * Meta: Computing metadata for TRAIN data;
40307      *------------------------------------------------------------*;
MPRINT(EM_DIAGRAM):   *------------------------------------------------------------*;

40308      data _TEMP;
MPRINT(EM_DIAGRAM):    data _TEMP;
40309      set EMWS8.Part_CMeta_TRAIN;
MPRINT(EM_DIAGRAM):   set EMWS8.Part_CMeta_TRAIN;
40310      *------------------------------------------------------------*;
MPRINT(EM_DIAGRAM):   *------------------------------------------------------------*;
40311      * Metadata Changes;
MPRINT(EM_DIAGRAM):   * Metadata Changes;
40312      *------------------------------------------------------------*;
MPRINT(EM_DIAGRAM):   *------------------------------------------------------------*;
40313      if upcase(NAME) = "AGE" then ROLE="REJECTED";
MPRINT(EM_DIAGRAM):   if upcase(NAME) = "AGE" then ROLE="REJECTED";
40314      if upcase(NAME) = "AGE" then delete;
MPRINT(EM_DIAGRAM):   if upcase(NAME) = "AGE" then delete;
40315      if upcase(NAME) = "AGE_EXMPL2" then ROLE="REJECTED";
MPRINT(EM_DIAGRAM):   if upcase(NAME) = "AGE_EXMPL2" then ROLE="REJECTED";
40316      if upcase(NAME) = "AGE_EXMPL2" then delete;
MPRINT(EM_DIAGRAM):   if upcase(NAME) = "AGE_EXMPL2" then delete;
40317      if upcase(NAME) = "COSTPERCONTACT" then ROLE="REJECTED";
MPRINT(EM_DIAGRAM):   if upcase(NAME) = "COSTPERCONTACT" then ROLE="REJECTED";
40318      if upcase(NAME) = "COSTPERCONTACT" then delete;
MPRINT(EM_DIAGRAM):   if upcase(NAME) = "COSTPERCONTACT" then delete;
40319      if upcase(NAME) = "DT_CUSTOMER" then ROLE="REJECTED";
MPRINT(EM_DIAGRAM):   if upcase(NAME) = "DT_CUSTOMER" then ROLE="REJECTED";
40320      if upcase(NAME) = "DT_CUSTOMER" then delete;
MPRINT(EM_DIAGRAM):   if upcase(NAME) = "DT_CUSTOMER" then delete;
40321      if upcase(NAME) = "EDUCATION" then ROLE="REJECTED";
MPRINT(EM_DIAGRAM):   if upcase(NAME) = "EDUCATION" then ROLE="REJECTED";
40322      if upcase(NAME) = "EDUCATION" then delete;
MPRINT(EM_DIAGRAM):   if upcase(NAME) = "EDUCATION" then delete;
40323      if upcase(NAME) = "FRQ" then ROLE="REJECTED";
MPRINT(EM_DIAGRAM):   if upcase(NAME) = "FRQ" then ROLE="REJECTED";
40324      if upcase(NAME) = "FRQ" then delete;
MPRINT(EM_DIAGRAM):   if upcase(NAME) = "FRQ" then delete;
40325      if upcase(NAME) = "GENDER" then ROLE="REJECTED";
MPRINT(EM_DIAGRAM):   if upcase(NAME) = "GENDER" then ROLE="REJECTED";
40326      if upcase(NAME) = "GENDER" then delete;
MPRINT(EM_DIAGRAM):   if upcase(NAME) = "GENDER" then delete;
40327      if upcase(NAME) = "HIGHEREDUCATION" then ROLE="REJECTED";
MPRINT(EM_DIAGRAM):   if upcase(NAME) = "HIGHEREDUCATION" then ROLE="REJECTED";
40328      if upcase(NAME) = "HIGHEREDUCATION" then delete;
MPRINT(EM_DIAGRAM):   if upcase(NAME) = "HIGHEREDUCATION" then delete;
40329      if upcase(NAME) = "INCOME" then ROLE="REJECTED";
MPRINT(EM_DIAGRAM):   if upcase(NAME) = "INCOME" then ROLE="REJECTED";
40330      if upcase(NAME) = "INCOME" then delete;
MPRINT(EM_DIAGRAM):   if upcase(NAME) = "INCOME" then delete;
40331      if upcase(NAME) = "KITCHEN" then ROLE="REJECTED";
MPRINT(EM_DIAGRAM):   if upcase(NAME) = "KITCHEN" then ROLE="REJECTED";
40332      if upcase(NAME) = "KITCHEN" then delete;
MPRINT(EM_DIAGRAM):   if upcase(NAME) = "KITCHEN" then delete;
40333      if upcase(NAME) = "MONTHSASCUSTOMER" then ROLE="REJECTED";
MPRINT(EM_DIAGRAM):   if upcase(NAME) = "MONTHSASCUSTOMER" then ROLE="REJECTED";
40334      if upcase(NAME) = "MONTHSASCUSTOMER" then delete;
MPRINT(EM_DIAGRAM):   if upcase(NAME) = "MONTHSASCUSTOMER" then delete;
40335      if upcase(NAME) = "NETPURCHASE" then ROLE="REJECTED";
MPRINT(EM_DIAGRAM):   if upcase(NAME) = "NETPURCHASE" then ROLE="REJECTED";
40336      if upcase(NAME) = "NETPURCHASE" then delete;
MPRINT(EM_DIAGRAM):   if upcase(NAME) = "NETPURCHASE" then delete;
40337      if upcase(NAME) = "RMNTFRQ" then ROLE="REJECTED";
MPRINT(EM_DIAGRAM):   if upcase(NAME) = "RMNTFRQ" then ROLE="REJECTED";
40338      if upcase(NAME) = "RMNTFRQ" then delete;
MPRINT(EM_DIAGRAM):   if upcase(NAME) = "RMNTFRQ" then delete;
40339      if upcase(NAME) = "RMNTFRQ_EXMPL2" then ROLE="REJECTED";
MPRINT(EM_DIAGRAM):   if upcase(NAME) = "RMNTFRQ_EXMPL2" then ROLE="REJECTED";
40340      if upcase(NAME) = "RMNTFRQ_EXMPL2" then delete;
MPRINT(EM_DIAGRAM):   if upcase(NAME) = "RMNTFRQ_EXMPL2" then delete;
40341      if upcase(NAME) = "REVENUEPERPOSITIVEANSWER" then ROLE="REJECTED";
MPRINT(EM_DIAGRAM):   if upcase(NAME) = "REVENUEPERPOSITIVEANSWER" then ROLE="REJECTED";
40342      if upcase(NAME) = "REVENUEPERPOSITIVEANSWER" then delete;
MPRINT(EM_DIAGRAM):   if upcase(NAME) = "REVENUEPERPOSITIVEANSWER" then delete;
40343      if upcase(NAME) = "YEAR_BIRTH" then ROLE="REJECTED";
MPRINT(EM_DIAGRAM):   if upcase(NAME) = "YEAR_BIRTH" then ROLE="REJECTED";
40344      if upcase(NAME) = "YEAR_BIRTH" then delete;
MPRINT(EM_DIAGRAM):   if upcase(NAME) = "YEAR_BIRTH" then delete;
40345      run;
MPRINT(EM_DIAGRAM):   run;

NOTE: There were 25 observations read from the data set EMWS8.PART_CMETA_TRAIN.
NOTE: The data set WORK._TEMP has 13 observations and 20 variables.
NOTE: DATA statement used (Total process time):
      real time           0.01 seconds
      cpu time            0.00 seconds
      

40346      proc sort data=_TEMP;
MPRINT(EM_DIAGRAM):    proc sort data=_TEMP;
40347      by NAME;
MPRINT(EM_DIAGRAM):   by NAME;
40348      run;
MPRINT(EM_DIAGRAM):   run;

NOTE: There were 13 observations read from the data set WORK._TEMP.
NOTE: The data set WORK._TEMP has 13 observations and 20 variables.
NOTE: PROCEDURE SORT used (Total process time):
      real time           0.00 seconds
      cpu time            0.00 seconds
      

40349      data EMWS8.Meta_CMeta_TRAIN;
MPRINT(EM_DIAGRAM):    data EMWS8.Meta_CMeta_TRAIN;
40350      set _TEMP;
MPRINT(EM_DIAGRAM):   set _TEMP;
40351      run;
MPRINT(EM_DIAGRAM):   run;

NOTE: There were 13 observations read from the data set WORK._TEMP.
NOTE: The data set EMWS8.META_CMETA_TRAIN has 13 observations and 20 variables.
NOTE: DATA statement used (Total process time):
      real time           0.01 seconds
      cpu time            0.00 seconds
      

NOTE: View EMWS8.META_TRAIN.VIEW used (Total process time):
      real time           0.03 seconds
      cpu time            0.03 seconds
      
NOTE: View EMWS8.META_VALIDATE.VIEW used (Total process time):
      real time           0.01 seconds
      cpu time            0.01 seconds
      
MPRINT(EM_DIAGRAM):    proc printto;
MPRINT(EM_DIAGRAM):   run;
