 
                                                                                                                                                                                                                                                                
 
 
Variable Summary

            Measurement    Frequency
Role           Level         Count

ID           INTERVAL           1   
ID           NOMINAL            1   
INPUT        BINARY             2   
INPUT        INTERVAL          18   
INPUT        NOMINAL            2   
REJECTED     INTERVAL           4   
TARGET       BINARY             1   
 
                                                                                                                                                                                                                                                                
 
 
Modified Attributes for DATA Port

                    Measurement      New                                      New                 New
Variable Name          Level        Level     Role     New Role    Report    Report    Order     Order     Creator    Label

Age                  INTERVAL      DEFAULT    INPUT    REJECTED      N         D                DEFAULT    EMCODE4               
Age_Exmpl2           INTERVAL      DEFAULT    INPUT    REJECTED      N         D                DEFAULT    Trans                 
Education            NOMINAL       DEFAULT    INPUT    REJECTED      N         D                DEFAULT               Education  
Frq                  INTERVAL      DEFAULT    INPUT    REJECTED      N         D                DEFAULT               Frq        
Gender               BINARY        DEFAULT    INPUT    REJECTED      N         D                DEFAULT               Gender     
HigherEducation      INTERVAL      DEFAULT    INPUT    REJECTED      N         D                DEFAULT    EMCODE4               
Income               INTERVAL      DEFAULT    INPUT    REJECTED      N         D                DEFAULT               Income     
Kitchen              INTERVAL      DEFAULT    INPUT    REJECTED      N         D                DEFAULT               Kitchen    
MonthsAsCustomer     INTERVAL      DEFAULT    INPUT    REJECTED      N         D                DEFAULT    Trans                 
NetPurchase          INTERVAL      DEFAULT    INPUT    REJECTED      N         D                DEFAULT               NetPurchase
RMntFrq              INTERVAL      DEFAULT    INPUT    REJECTED      N         D                DEFAULT    EMCODE4               
RMntFrq_Exmpl2       INTERVAL      DEFAULT    INPUT    REJECTED      N         D                DEFAULT    Trans                 
 
                                                                                                                                                                                                                                                                
 
 
Hidden Variables for DATA Port

                            Measurement
Variable Name                  Level       Role        Creator    Label

Age                          INTERVAL      INPUT       EMCODE4                            
Age_Exmpl2                   INTERVAL      INPUT       Trans                              
CostPerContact               INTERVAL      REJECTED               CostPerContact          
Dt_Customer                  INTERVAL      REJECTED               Dt_Customer             
Education                    NOMINAL       INPUT                  Education               
Frq                          INTERVAL      INPUT                  Frq                     
Gender                       BINARY        INPUT                  Gender                  
HigherEducation              INTERVAL      INPUT       EMCODE4                            
Income                       INTERVAL      INPUT                  Income                  
Kitchen                      INTERVAL      INPUT                  Kitchen                 
MonthsAsCustomer             INTERVAL      INPUT       Trans                              
NetPurchase                  INTERVAL      INPUT                  NetPurchase             
RMntFrq                      INTERVAL      INPUT       EMCODE4                            
RMntFrq_Exmpl2               INTERVAL      INPUT       Trans                              
RevenuePerPositiveAnswer     INTERVAL      REJECTED               RevenuePerPositiveAnswer
Year_Birth                   INTERVAL      REJECTED               Year_Birth              
