MPRINT(EM_DIAGRAM):    data _null_;
MPRINT(EM_DIAGRAM):   call symput('NLDATE', strip(put(date(), NLDATE.)));
MPRINT(EM_DIAGRAM):   call symput('NLTIME', strip(put(datetime(), NLTIME.)));
MPRINT(EM_DIAGRAM):   run;
MPRINT(EM_DIAGRAM):   data _null_;
MPRINT(EM_DIAGRAM):   nldate= sasmsg("sashelp.dmine", "log_date_note", 'N', "19. April 2016" );
MPRINT(EM_DIAGRAM):   nltime= sasmsg("sashelp.dmine", "log_time_note", 'N', "17.34 Uhr" );
MPRINT(EM_DIAGRAM):   put "*------------------------------------------------------------*";
MPRINT(EM_DIAGRAM):   put "* Training Log";
MPRINT(EM_DIAGRAM):   put nldate;
MPRINT(EM_DIAGRAM):   put nltime;
MPRINT(EM_DIAGRAM):   put "*------------------------------------------------------------*";
MPRINT(EM_DIAGRAM):   run;
*------------------------------------------------------------*
* Training Log
Date:                19. April 2016
Time:                17.34 Uhr
*------------------------------------------------------------*
MPRINT(EM_DIAGRAM):    filename O2P811O0 
"C:\\predictive-models-project\Workspaces\EMWS8\Ensmbl5\EMTRAIN.out" encoding="UTF-8" NOBOM;
MPRINT(EM_DIAGRAM):   proc printto print=O2P811O0 new;
MPRINT(EM_DIAGRAM):   run;
MPRINT(EM_DIAGRAM):    filename _LOG 
"C:\\predictive-models-project\Workspaces\EMWS8\Ensmbl5\EMLOG.log" encoding="UTF-8" NOBOM;
MPRINT(EM_DIAGRAM):    data _null_;
MPRINT(EM_DIAGRAM):   call symput('NLDATE', strip(put(date(), NLDATE.)));
MPRINT(EM_DIAGRAM):   call symput('NLTIME', strip(put(datetime(), NLTIME.)));
MPRINT(EM_DIAGRAM):   run;
MPRINT(EM_DIAGRAM):   data _null_;
MPRINT(EM_DIAGRAM):   nldate= sasmsg("sashelp.dmine", "log_date_note", 'N', "19. April 2016" );
MPRINT(EM_DIAGRAM):   nltime= sasmsg("sashelp.dmine", "log_time_note", 'N', "17.34 Uhr" );
MPRINT(EM_DIAGRAM):   file _LOG;
MPRINT(EM_DIAGRAM):   put "*------------------------------------------------------------*";
MPRINT(EM_DIAGRAM):   put "User:                Lukas Fahr";
MPRINT(EM_DIAGRAM):   put nldate;
MPRINT(EM_DIAGRAM):   put nltime;
MPRINT(EM_DIAGRAM):   put "Site:                70107571";
MPRINT(EM_DIAGRAM):   put "Platform:            X64_7PRO";
MPRINT(EM_DIAGRAM):   put "Maintenance Release: 9.03.01M2P081512";
MPRINT(EM_DIAGRAM):   put "EM Version:          12.1";
MPRINT(EM_DIAGRAM):   put "* ";
MPRINT(EM_DIAGRAM):   run;
MPRINT(EM_DIAGRAM):    filename _LOGIN 
"C:\\predictive-models-project\Workspaces\EMWS8\Ensmbl5\EMTRAIN.log" encoding="UTF-8" NOBOM;
MPRINT(EM_COPYFILE):   data _null_;
MPRINT(EM_COPYFILE):   length line $20000;
MPRINT(EM_COPYFILE):   file _LOG MOD lrecl=20000;
MPRINT(EM_COPYFILE):   fid=fopen("_LOGIN",'i',20000,'v');
MPRINT(EM_COPYFILE):   if fid > 0 then do;
MPRINT(EM_COPYFILE):   do while(^fread(fid));
MPRINT(EM_COPYFILE):   rlen = frlen(fid);
MPRINT(EM_COPYFILE):   rc= fget(fid,line,20000);
MPRINT(EM_COPYFILE):   start = length(line)-length(left(line))+1;
MPRINT(EM_COPYFILE):   line=strip(line);
MPRINT(EM_COPYFILE):   put @start line;
MPRINT(EM_COPYFILE):   end;
MPRINT(EM_COPYFILE):   if fid > 0 then rc=fclose(fid);
MPRINT(EM_COPYFILE):   end;
MPRINT(EM_COPYFILE):   run;
MPRINT(EM_DIAGRAM):  ;
MPRINT(EM_DIAGRAM):   filename _LOGIN;
MPRINT(EM_DIAGRAM):    data _null_;
MPRINT(EM_DIAGRAM):   file _LOG mod;
MPRINT(EM_DIAGRAM):   put _page_;
MPRINT(EM_DIAGRAM):   run;
MPRINT(EM_DIAGRAM):   filename _LOGIN 
"C:\\predictive-models-project\Workspaces\EMWS8\Ensmbl5\EMSCORE.log" encoding="UTF-8" NOBOM;
MPRINT(EM_DIAGRAM):  ;
MPRINT(EM_DIAGRAM):   data _null_;
MPRINT(EM_DIAGRAM):   file _LOG mod;
MPRINT(EM_DIAGRAM):   put _page_;
MPRINT(EM_DIAGRAM):   run;
MPRINT(EM_DIAGRAM):    filename _LOGIN 
"C:\\predictive-models-project\Workspaces\EMWS8\Ensmbl5\EMREPORT.log" encoding="UTF-8" NOBOM;
MPRINT(EM_DIAGRAM):  ;
MPRINT(EM_DIAGRAM):   filename _LOGIN;
MPRINT(EM_DIAGRAM):    filename _LOG;
MPRINT(EM_DIAGRAM):    filename _OUT 
"C:\\predictive-models-project\Workspaces\EMWS8\Ensmbl5\EMOUTPUT.out" encoding="UTF-8" NOBOM;
MPRINT(EM_DIAGRAM):    data _null_;
MPRINT(EM_DIAGRAM):   call symput('NLDATE', strip(put(date(), NLDATE.)));
MPRINT(EM_DIAGRAM):   call symput('NLTIME', strip(put(datetime(), NLTIME.)));
MPRINT(EM_DIAGRAM):   run;
MPRINT(EM_DIAGRAM):   data _null_;
MPRINT(EM_DIAGRAM):   nldate= sasmsg("sashelp.dmine", "log_date_note", 'N', "19. April 2016" );
MPRINT(EM_DIAGRAM):   nltime= sasmsg("sashelp.dmine", "log_time_note", 'N', "17.34 Uhr" );
MPRINT(EM_DIAGRAM):   file _OUT;
MPRINT(EM_DIAGRAM):   put "*------------------------------------------------------------*";
MPRINT(EM_DIAGRAM):   put "User:                Lukas Fahr";
MPRINT(EM_DIAGRAM):   put nldate;
MPRINT(EM_DIAGRAM):   put nltime;
MPRINT(EM_DIAGRAM):   put "*------------------------------------------------------------*";
MPRINT(EM_DIAGRAM):   put "* Training Output";
MPRINT(EM_DIAGRAM):   put "*------------------------------------------------------------*";
MPRINT(EM_DIAGRAM):   run;
MPRINT(EM_DIAGRAM):    filename _OUTIN 
"C:\\predictive-models-project\Workspaces\EMWS8\Ensmbl5\EMTRAIN.out" encoding="UTF-8" NOBOM;
MPRINT(EM_DIAGRAM):   ;
MPRINT(EM_COPYFILE):   data _null_;
MPRINT(EM_COPYFILE):   length line $20000;
MPRINT(EM_COPYFILE):   file _OUT MOD lrecl=20000;
MPRINT(EM_COPYFILE):   fid=fopen("_OUTIN",'i',20000,'v');
MPRINT(EM_COPYFILE):   if fid > 0 then do;
MPRINT(EM_COPYFILE):   do while(^fread(fid));
MPRINT(EM_COPYFILE):   rlen = frlen(fid);
MPRINT(EM_COPYFILE):   rc= fget(fid,line,20000);
MPRINT(EM_COPYFILE):   start = length(line)-length(left(line))+1;
MPRINT(EM_COPYFILE):   line=strip(line);
MPRINT(EM_COPYFILE):   put @start line;
MPRINT(EM_COPYFILE):   end;
MPRINT(EM_COPYFILE):   if fid > 0 then rc=fclose(fid);
MPRINT(EM_COPYFILE):   end;
MPRINT(EM_COPYFILE):   run;
MPRINT(EM_DIAGRAM):  ;
MPRINT(EM_DIAGRAM):   filename _OUTIN;
MPRINT(EM_DIAGRAM):    data _null_;
MPRINT(EM_DIAGRAM):   file _OUT mod;
MPRINT(EM_DIAGRAM):   put _page_;
MPRINT(EM_DIAGRAM):   put // "*------------------------------------------------------------*";
MPRINT(EM_DIAGRAM):   put "* Score Output";
MPRINT(EM_DIAGRAM):   put "*------------------------------------------------------------*";
MPRINT(EM_DIAGRAM):   run;
MPRINT(EM_DIAGRAM):    filename _OUTIN 
"C:\\predictive-models-project\Workspaces\EMWS8\Ensmbl5\EMSCORE.out" encoding="UTF-8" NOBOM;
MPRINT(EM_DIAGRAM):  ;
MPRINT(EM_DIAGRAM):   filename _OUTIN;
MPRINT(EM_DIAGRAM):    data _null_;
MPRINT(EM_DIAGRAM):   file _OUT mod;
MPRINT(EM_DIAGRAM):   put _page_;
MPRINT(EM_DIAGRAM):   put // "*------------------------------------------------------------*";
MPRINT(EM_DIAGRAM):   put "* Report Output";
MPRINT(EM_DIAGRAM):   put "*------------------------------------------------------------*";
MPRINT(EM_DIAGRAM):   run;
MPRINT(EM_DIAGRAM):    filename _OUTIN 
"C:\\predictive-models-project\Workspaces\EMWS8\Ensmbl5\EMREPORT.out" encoding="UTF-8" NOBOM;
MPRINT(EM_DIAGRAM):  ;
MPRINT(EM_DIAGRAM):   filename _OUTIN;
MPRINT(EM_DIAGRAM):    filename _OUT;
MPRINT(EM_DIAGRAM):    filename _emtool_ 
'C:\\predictive-models-project\Workspaces\EMWS8\Ensmbl5\EMRUNSTATUS.xml' encoding="UTF-8" 
NOBOM;
(FREQ=(WHERE='ROLE = "FREQ"' DEFAULT='Y' RULE=(RULE1=(DESCRIPTION='USEATMOST1FREQ' 
VALUES=(VALUE1='Y' )[245237] MAX=1 EXCEEDMAXVALUE='' )[245241] )[245235] 
VALIDCHOICES=(CHOICE1='Y' )[245239] )[245523] INPUTREJECT=(WHERE='ROLE in("INPUT", 
"REJECTED")' DEFAULT='D' VALIDCHOICES=(CHOICE1='D' )[245245] 
RULE=(RULE1=(DESCRIPTION='USEATLEAST1INPUTREJECT' WHERE='(ROLE = "INPUT" and USE in("Y" "D")) 
or (ROLE = "REJECTED" and USE = "Y")' MIN=. )[245249] )[245247] )[245243] TARGET=(WHERE='ROLE 
= "TARGET"' DEFAULT='Y' VALIDCHOICES=(CHOICE1='Y' CHOICE2='N' )[245253] 
RULE=(RULE1=(DESCRIPTION='METADATA.USE1TARGET' VALUES=(VALUE1='Y' )[245259] MIN=1 MAX=1 
EXCEEDMAXVALUE='N' )[245257] )[245255] )[245251] )[245233] 
1854090    proc freq data=EMWS8.Ensmbl5_VariableSet noprint;
MPRINT(EM_DIAGRAM):    proc freq data=EMWS8.Ensmbl5_VariableSet noprint;
1854091    table ROLE*LEVEL/out=WORK.Ensmbl5META;
MPRINT(EM_DIAGRAM):   table ROLE*LEVEL/out=WORK.Ensmbl5META;
1854092    run;
MPRINT(EM_DIAGRAM):   run;

NOTE: There were 34 observations read from the data set EMWS8.ENSMBL5_VARIABLESET.
NOTE: The data set WORK.ENSMBL5META has 5 observations and 4 variables.
NOTE: PROCEDURE FREQ used (Total process time):
      real time           0.01 seconds
      cpu time            0.01 seconds
      

1854093    proc print data=WORK.Ensmbl5META label noobs;
MPRINT(EM_DIAGRAM):   proc print data=WORK.Ensmbl5META label noobs;
1854094    var ROLE LEVEL COUNT;
MPRINT(EM_DIAGRAM):   var ROLE LEVEL COUNT;
1854095    label ROLE = "%sysfunc(sasmsg(sashelp.dmine, meta_role_vlabel, NOQUOTE))" LEVEL =
1854095  ! "%sysfunc(sasmsg(sashelp.dmine, meta_level_vlabel, NOQUOTE))" COUNT =
1854095  ! "%sysfunc(sasmsg(sashelp.dmine, rpt_count_vlabel, NOQUOTE))";
MPRINT(EM_DIAGRAM):   label ROLE = "Role" LEVEL = "Measurement Level" COUNT = "Frequency 
Count";
1854096    title9 ' ';
MPRINT(EM_DIAGRAM):   title9 ' ';
1854097    title10 "%sysfunc(sasmsg(sashelp.dmine, rpt_varSummary_title  , NOQUOTE))";
MPRINT(EM_DIAGRAM):   title10 "Variable Summary";
MPRINT(EM_DIAGRAM):   run;
1854098    run;

NOTE: There were 5 observations read from the data set WORK.ENSMBL5META.
NOTE: The PROCEDURE PRINT printed page 1166.
NOTE: PROCEDURE PRINT used (Total process time):
      real time           0.01 seconds
      cpu time            0.01 seconds
      

1854099    title10;
MPRINT(EM_DIAGRAM):   title10;
1854100    %let EMNORLEN = %DMNORLEN;
MPRINT(EM_DIAGRAM):   
EMWS8.Neural2_TRAIN EMWS8.Neural2_TRAIN 
EMWS8.Neural2_TRAIN EMWS8.Neural2_TRAIN EMWS8 Neural2_TRAIN 
EMWS8.Neural2_TRAIN EMWS8.Neural2_TRAIN 
EMWS8.Neural2_TRAIN EMWS8.Neural2_TRAIN EMWS8 Neural2_TRAIN 
MPRINT(EM_DIAGRAM):    proc dmdb data=EMWS8.Neural2_TRAIN 
classout=WORK._DMDBCLASSTARGET(keep=NAME NRAW CRAW LEVEL FREQUENCY NMISSPERCENT);
MPRINT(EM_DIAGRAM):   class DepVar(DESC) ;
MPRINT(EM_DIAGRAM):   run;
Executing  SASHELP.EMCORE.EMINFOITERATOR.SCL _INIT >> 
Executing  SASHELP.EMCORE.EMINFOITERATOR.SCL setMetaData >> 
Executing  SASHELP.EMCORE.EMINFOITERATOR.SCL next >> 
Executing  SASHELP.EMCORE.EMINFOITERATOR.SCL next >> 
Executing  SASHELP.EMCORE.EMINFOITERATOR.SCL setMetaData >> 
Executing  SASHELP.EMCORE.EMINFOITERATOR.SCL next >> 
Executing  SASHELP.EMCORE.EMINFOITERATOR.SCL next >> 
Executing  SASHELP.EMCORE.EMINFOITERATOR.SCL _term >> 
MPRINT(EM_DIAGRAM):    data _null_;
MPRINT(EM_DIAGRAM):   set WORK._DMDBCLASSTARGET;
MPRINT(EM_DIAGRAM):   where ^(NRAW eq . and CRAW eq '') and NAME="DepVar";
MPRINT(EM_DIAGRAM):   if _N_=1 then call symput('_newevent', strip(LEVEL));
MPRINT(EM_DIAGRAM):   run;
MPRINT(EM_DIAGRAM):   proc sort data=WORK._DMDBCLASSTARGET out=_TEMPCLASS(keep=LEVEL FREQUENCY 
NMISSPERCENT rename=(LEVEL=DepVar));
MPRINT(EM_DIAGRAM):   by LEVEL;
MPRINT(EM_DIAGRAM):   where ^(NRAW eq . and CRAW eq '') and NAME="DepVar";
MPRINT(EM_DIAGRAM):   run;
MPRINT(EM_DIAGRAM):   data _TEMPCLASS;
MPRINT(EM_DIAGRAM):   set _TEMPCLASS;
MPRINT(EM_DIAGRAM):   NMISSPERCENT= NMISSPERCENT/100;
MPRINT(EM_DIAGRAM):   run;
MPRINT(EM_DIAGRAM):    proc sort data=EMWS8.Neural2_DepVar_DD out=_sortedDecdata;
MPRINT(EM_DIAGRAM):   by DepVar;
MPRINT(EM_DIAGRAM):   run;
MPRINT(EM_DIAGRAM):   data _null_;
MPRINT(EM_DIAGRAM):   merge _TEMPCLASS(in=_a) _sortedDecdata(in=_b);
MPRINT(EM_DIAGRAM):   by DepVar;
MPRINT(EM_DIAGRAM):   if (_a and ^_b) or (^_a and _b) then call symput('_emresetDec', '1');
MPRINT(EM_DIAGRAM):   run;
1854129    data WORK.Ensmbl5_EVENT(KEEP=VARIABLE LABEL LEVEL EVENT NUMLEVELS ORDER);
MPRINT(EM_DIAGRAM):    data WORK.Ensmbl5_EVENT(KEEP=VARIABLE LABEL LEVEL EVENT NUMLEVELS 
ORDER);
1854130    length ORDER $20;
MPRINT(EM_DIAGRAM):   length ORDER $20;
1854131    label VARIABLE = "%sysfunc(sasmsg(sashelp.dmine, rpt_target_vlabel,  NOQUOTE))"
1854131  ! EVENT = "%sysfunc(sasmsg(sashelp.dmine, assmt_event_vlabel, NOQUOTE))" NUMLEVELS =
1854131  ! "%sysfunc(sasmsg(sashelp.dmine, rpt_numcat_vlabel, NOQUOTE))" LEVEL =
1854132       "%sysfunc(sasmsg(sashelp.dmine, meta_level_vlabel, NOQUOTE))" ORDER =
1854132  ! "%sysfunc(sasmsg(sashelp.dmine, meta_order_vlabel, NOQUOTE))" LABEL =
1854132  ! "%sysfunc(sasmsg(sashelp.dmine, meta_label_vlabel, NOQUOTE))";
MPRINT(EM_DIAGRAM):   label VARIABLE = "Target" EVENT = "Event" NUMLEVELS = "Number of Levels" 
LEVEL = "Measurement Level" ORDER = "Order" LABEL = "Label";
1854133    set EMWS8.NEURAL2_DEPVAR_DM( where=(_TYPE_="TARGET"));
MPRINT(EM_DIAGRAM):   set EMWS8.NEURAL2_DEPVAR_DM( where=(_TYPE_="TARGET"));
1854134    NumLevels=2;
MPRINT(EM_DIAGRAM):   NumLevels=2;
1854135    select(upcase(ORDER));
MPRINT(EM_DIAGRAM):   select(upcase(ORDER));
1854136    when('DESC') ORDER = 'Descending';
MPRINT(EM_DIAGRAM):   when('DESC') ORDER = 'Descending';
1854137    when('ASC') ORDER = 'Ascending';
MPRINT(EM_DIAGRAM):   when('ASC') ORDER = 'Ascending';
1854138    when('FMTDESC') ORDER = 'Formatted Descending';
MPRINT(EM_DIAGRAM):   when('FMTDESC') ORDER = 'Formatted Descending';
1854139    when('FMTASC') ORDER = 'Formatted Ascending';
MPRINT(EM_DIAGRAM):   when('FMTASC') ORDER = 'Formatted Ascending';
1854140    otherwise ORDER = 'Descending';
MPRINT(EM_DIAGRAM):   otherwise ORDER = 'Descending';
1854141    end;
MPRINT(EM_DIAGRAM):   end;
1854142    output;
MPRINT(EM_DIAGRAM):   output;
1854143    run;
MPRINT(EM_DIAGRAM):   run;

NOTE: There were 1 observations read from the data set EMWS8.NEURAL2_DEPVAR_DM.
      WHERE _TYPE_='TARGET';
NOTE: The data set WORK.ENSMBL5_EVENT has 1 observations and 6 variables.
NOTE: DATA statement used (Total process time):
      real time           0.00 seconds
      cpu time            0.00 seconds
      

1854144    title9 ' ';
MPRINT(EM_DIAGRAM):   title9 ' ';
1854145    proc print data=WORK.Ensmbl5_EVENT noobs label;
MPRINT(EM_DIAGRAM):   proc print data=WORK.Ensmbl5_EVENT noobs label;
1854146    var VARIABLE EVENT LEVEL NUMLEVELS ORDER LABEL;
MPRINT(EM_DIAGRAM):   var VARIABLE EVENT LEVEL NUMLEVELS ORDER LABEL;
1854147    title9 ' ';
MPRINT(EM_DIAGRAM):   title9 ' ';
1854148    title10 "%sysfunc(sasmsg(sashelp.dmine, rpt_modelEvent_title  , NOQUOTE))";
MPRINT(EM_DIAGRAM):   title10 "Model Events";
MPRINT(EM_DIAGRAM):   run;
1854149    run;

NOTE: There were 1 observations read from the data set WORK.ENSMBL5_EVENT.
NOTE: The PROCEDURE PRINT printed page 1167.
NOTE: PROCEDURE PRINT used (Total process time):
      real time           0.00 seconds
      cpu time            0.00 seconds
      

1854150    title10;
MPRINT(EM_DIAGRAM):   title10;
"No decisions defined for target "DepVar"." 
1854151    proc print data = EMWS8.Neural2_DepVar_DM noobs label;
MPRINT(EM_DIAGRAM):    proc print data = EMWS8.Neural2_DepVar_DM noobs label;
1854152    var _type_ variable label;
MPRINT(EM_DIAGRAM):   var _type_ variable label;
1854153    where _type_ ^in('MATRIX', 'DECISION', 'TRAINPRIOR', 'DATAPRIOR', 'DECPRIOR');
MPRINT(EM_DIAGRAM):   where _type_ ^in('MATRIX', 'DECISION', 'TRAINPRIOR', 'DATAPRIOR', 
'DECPRIOR');
1854154    label _TYPE_ = "%sysfunc(sasmsg(sashelp.dmine, rpt_type_vlabel,     NOQUOTE))"
1854154  ! VARIABLE = "%sysfunc(sasmsg(sashelp.dmine, rpt_variable_vlabel, NOQUOTE))" LABEL =
1854154  ! "%sysfunc(sasmsg(sashelp.dmine, meta_label_vlabel, NOQUOTE))";
MPRINT(EM_DIAGRAM):   label _TYPE_ = "Type" VARIABLE = "Variable" LABEL = "Label";
1854155    title9 ' ';
MPRINT(EM_DIAGRAM):   title9 ' ';
1854156    title10 "%sysfunc(sasmsg(sashelp.dmine, rpt_predDecVars_title  , NOQUOTE))";
MPRINT(EM_DIAGRAM):   title10 "Predicted and decision variables";
MPRINT(EM_DIAGRAM):   run;
1854157    run;

NOTE: There were 7 observations read from the data set EMWS8.NEURAL2_DEPVAR_DM.
      WHERE _type_ not in ('DATAPRIOR', 'DECISION', 'DECPRIOR', 'MATRIX', 'TRAINPRIOR');
NOTE: The PROCEDURE PRINT printed page 1168.
NOTE: PROCEDURE PRINT used (Total process time):
      real time           0.01 seconds
      cpu time            0.01 seconds
      

1854158    title10;
MPRINT(EM_DIAGRAM):   title10;
1854159    %let groupid =;
1854160    %let endGroupid =;
1854161    data _null_;
MPRINT(EM_DIAGRAM):    data _null_;
1854162    set EMWS8.Neural10_EMINFO;
MPRINT(EM_DIAGRAM):   set EMWS8.Neural10_EMINFO;
1854163    where key in('ENDGROUP', 'GROUPINFO', 'BOOSTINFO', 'BAGINFO', 'TARGETINFO',
1854163  ! 'INDEXINFO');
MPRINT(EM_DIAGRAM):   where key in('ENDGROUP', 'GROUPINFO', 'BOOSTINFO', 'BAGINFO', 
'TARGETINFO', 'INDEXINFO');
1854164    if key = 'ENDGROUP' then call symput('endGroupId', DATA);
MPRINT(EM_DIAGRAM):   if key = 'ENDGROUP' then call symput('endGroupId', DATA);
1854165    else call symput('groupId', DATA);
MPRINT(EM_DIAGRAM):   else call symput('groupId', DATA);
1854166    run;
MPRINT(EM_DIAGRAM):   run;

NOTE: There were 0 observations read from the data set EMWS8.NEURAL10_EMINFO.
      WHERE key in ('BAGINFO', 'BOOSTINFO', 'ENDGROUP', 'GROUPINFO', 'INDEXINFO', 
      'TARGETINFO');
NOTE: DATA statement used (Total process time):
      real time           0.00 seconds
      cpu time            0.00 seconds
      

1854167    %let groupid =;
1854168    %let endGroupid =;
1854169    data _null_;
MPRINT(EM_DIAGRAM):    data _null_;
1854170    set EMWS8.Neural9_EMINFO;
MPRINT(EM_DIAGRAM):   set EMWS8.Neural9_EMINFO;
1854171    where key in('ENDGROUP', 'GROUPINFO', 'BOOSTINFO', 'BAGINFO', 'TARGETINFO',
1854171  ! 'INDEXINFO');
MPRINT(EM_DIAGRAM):   where key in('ENDGROUP', 'GROUPINFO', 'BOOSTINFO', 'BAGINFO', 
'TARGETINFO', 'INDEXINFO');
1854172    if key = 'ENDGROUP' then call symput('endGroupId', DATA);
MPRINT(EM_DIAGRAM):   if key = 'ENDGROUP' then call symput('endGroupId', DATA);
1854173    else call symput('groupId', DATA);
MPRINT(EM_DIAGRAM):   else call symput('groupId', DATA);
1854174    run;
MPRINT(EM_DIAGRAM):   run;

NOTE: There were 0 observations read from the data set EMWS8.NEURAL9_EMINFO.
      WHERE key in ('BAGINFO', 'BOOSTINFO', 'ENDGROUP', 'GROUPINFO', 'INDEXINFO', 
      'TARGETINFO');
NOTE: DATA statement used (Total process time):
      real time           0.00 seconds
      cpu time            0.00 seconds
      

1854175    %let groupid =;
1854176    %let endGroupid =;
1854177    data _null_;
MPRINT(EM_DIAGRAM):    data _null_;
1854178    set EMWS8.Neural3_EMINFO;
MPRINT(EM_DIAGRAM):   set EMWS8.Neural3_EMINFO;
1854179    where key in('ENDGROUP', 'GROUPINFO', 'BOOSTINFO', 'BAGINFO', 'TARGETINFO',
1854179  ! 'INDEXINFO');
MPRINT(EM_DIAGRAM):   where key in('ENDGROUP', 'GROUPINFO', 'BOOSTINFO', 'BAGINFO', 
'TARGETINFO', 'INDEXINFO');
1854180    if key = 'ENDGROUP' then call symput('endGroupId', DATA);
MPRINT(EM_DIAGRAM):   if key = 'ENDGROUP' then call symput('endGroupId', DATA);
1854181    else call symput('groupId', DATA);
MPRINT(EM_DIAGRAM):   else call symput('groupId', DATA);
1854182    run;
MPRINT(EM_DIAGRAM):   run;

NOTE: There were 0 observations read from the data set EMWS8.NEURAL3_EMINFO.
      WHERE key in ('BAGINFO', 'BOOSTINFO', 'ENDGROUP', 'GROUPINFO', 'INDEXINFO', 
      'TARGETINFO');
NOTE: DATA statement used (Total process time):
      real time           0.00 seconds
      cpu time            0.00 seconds
      

1854183    %let groupid =;
1854184    %let endGroupid =;
1854185    data _null_;
MPRINT(EM_DIAGRAM):    data _null_;
1854186    set EMWS8.Neural2_EMINFO;
MPRINT(EM_DIAGRAM):   set EMWS8.Neural2_EMINFO;
1854187    where key in('ENDGROUP', 'GROUPINFO', 'BOOSTINFO', 'BAGINFO', 'TARGETINFO',
1854187  ! 'INDEXINFO');
MPRINT(EM_DIAGRAM):   where key in('ENDGROUP', 'GROUPINFO', 'BOOSTINFO', 'BAGINFO', 
'TARGETINFO', 'INDEXINFO');
1854188    if key = 'ENDGROUP' then call symput('endGroupId', DATA);
MPRINT(EM_DIAGRAM):   if key = 'ENDGROUP' then call symput('endGroupId', DATA);
1854189    else call symput('groupId', DATA);
MPRINT(EM_DIAGRAM):   else call symput('groupId', DATA);
1854190    run;
MPRINT(EM_DIAGRAM):   run;

NOTE: There were 0 observations read from the data set EMWS8.NEURAL2_EMINFO.
      WHERE key in ('BAGINFO', 'BOOSTINFO', 'ENDGROUP', 'GROUPINFO', 'INDEXINFO', 
      'TARGETINFO');
NOTE: DATA statement used (Total process time):
      real time           0.00 seconds
      cpu time            0.00 seconds
      

1854191    %let groupid =;
1854192    %let endGroupid =;
1854193    data _null_;
MPRINT(EM_DIAGRAM):    data _null_;
1854194    set EMWS8.Neural4_EMINFO;
MPRINT(EM_DIAGRAM):   set EMWS8.Neural4_EMINFO;
1854195    where key in('ENDGROUP', 'GROUPINFO', 'BOOSTINFO', 'BAGINFO', 'TARGETINFO',
1854195  ! 'INDEXINFO');
MPRINT(EM_DIAGRAM):   where key in('ENDGROUP', 'GROUPINFO', 'BOOSTINFO', 'BAGINFO', 
'TARGETINFO', 'INDEXINFO');
1854196    if key = 'ENDGROUP' then call symput('endGroupId', DATA);
MPRINT(EM_DIAGRAM):   if key = 'ENDGROUP' then call symput('endGroupId', DATA);
1854197    else call symput('groupId', DATA);
MPRINT(EM_DIAGRAM):   else call symput('groupId', DATA);
1854198    run;
MPRINT(EM_DIAGRAM):   run;

NOTE: There were 0 observations read from the data set EMWS8.NEURAL4_EMINFO.
      WHERE key in ('BAGINFO', 'BOOSTINFO', 'ENDGROUP', 'GROUPINFO', 'INDEXINFO', 
      'TARGETINFO');
NOTE: DATA statement used (Total process time):
      real time           0.00 seconds
      cpu time            0.00 seconds
      

1854199    data WORK.Ensmbl5;
MPRINT(EM_DIAGRAM):    data WORK.Ensmbl5;
1854200    length NodeId $32 Model $64;
MPRINT(EM_DIAGRAM):   length NodeId $32 Model $64;
1854201    label Nodeid = "%sysfunc(sasmsg(sashelp.dmine, rpt_nodeId_vlabel,  NOQUOTE))" Model
1854201  ! = "%sysfunc(sasmsg(sashelp.dmine, rpt_modeltype,      NOQUOTE))";
MPRINT(EM_DIAGRAM):   label Nodeid = "Node Id" Model = "rpt_modeltype";
1854202    nodeid="NEURAL10";
MPRINT(EM_DIAGRAM):   nodeid="NEURAL10";
1854203    model="Neural";
MPRINT(EM_DIAGRAM):   model="Neural";
1854204    output;
MPRINT(EM_DIAGRAM):   output;
1854205    nodeid="NEURAL9";
MPRINT(EM_DIAGRAM):   nodeid="NEURAL9";
1854206    model="Neural";
MPRINT(EM_DIAGRAM):   model="Neural";
1854207    output;
MPRINT(EM_DIAGRAM):   output;
1854208    nodeid="NEURAL3";
MPRINT(EM_DIAGRAM):   nodeid="NEURAL3";
1854209    model="Neural";
MPRINT(EM_DIAGRAM):   model="Neural";
1854210    output;
MPRINT(EM_DIAGRAM):   output;
1854211    nodeid="NEURAL2";
MPRINT(EM_DIAGRAM):   nodeid="NEURAL2";
1854212    model="Neural";
MPRINT(EM_DIAGRAM):   model="Neural";
1854213    output;
MPRINT(EM_DIAGRAM):   output;
1854214    nodeid="NEURAL4";
MPRINT(EM_DIAGRAM):   nodeid="NEURAL4";
1854215    model="Neural";
MPRINT(EM_DIAGRAM):   model="Neural";
1854216    output;
MPRINT(EM_DIAGRAM):   output;
1854217    ;
MPRINT(EM_DIAGRAM):   ;
1854218    run;
MPRINT(EM_DIAGRAM):   run;

NOTE: The data set WORK.ENSMBL5 has 5 observations and 2 variables.
NOTE: DATA statement used (Total process time):
      real time           0.00 seconds
      cpu time            0.00 seconds
      

1854219    title;
MPRINT(EM_DIAGRAM):   title;
1854220    proc print data=WORK.Ensmbl5 label noobs;
MPRINT(EM_DIAGRAM):   proc print data=WORK.Ensmbl5 label noobs;
1854221    title9 "%sysfunc(sasmsg(sashelp.dmine, rpt_combinemodels_title,  NOQUOTE))";
MPRINT(EM_DIAGRAM):   title9 "Imported Models to be Combined";
1854222    title10 "Probability Function: Average";
MPRINT(EM_DIAGRAM):   title10 "Probability Function: Average";
MPRINT(EM_DIAGRAM):   run;
1854223    run;

NOTE: There were 5 observations read from the data set WORK.ENSMBL5.
NOTE: The PROCEDURE PRINT printed page 1169.
NOTE: PROCEDURE PRINT used (Total process time):
      real time           0.00 seconds
      cpu time            0.00 seconds
      

1854224    title9;
MPRINT(EM_DIAGRAM):   title9;
1854225    title10;
MPRINT(EM_DIAGRAM):   title10;
1854226    data WORK.M08L31QO;
MPRINT(EM_DIAGRAM):    data WORK.M08L31QO;
1854227    set WORK.M08L31QO;
MPRINT(EM_DIAGRAM):   set WORK.M08L31QO;
1854228    where NAME = "DepVar";
MPRINT(EM_DIAGRAM):   where NAME = "DepVar";
1854229    run;
MPRINT(EM_DIAGRAM):   run;

NOTE: There were 1 observations read from the data set WORK.M08L31QO.
      WHERE NAME='DepVar';
NOTE: The data set WORK.M08L31QO has 1 observations and 22 variables.
NOTE: DATA statement used (Total process time):
      real time           0.00 seconds
      cpu time            0.00 seconds
      

1854230    *------------------------------------------------------------* ;
MPRINT(EM_DIAGRAM):    *------------------------------------------------------------* ;
1854231    * EM: DMDBClass Macro ;
MPRINT(EM_DIAGRAM):   * EM: DMDBClass Macro ;
1854232    *------------------------------------------------------------* ;
MPRINT(EM_DIAGRAM):   *------------------------------------------------------------* ;
1854233    %macro DMDBClass;
1854234        DepVar(DESC)
1854235    %mend DMDBClass;
1854236    *------------------------------------------------------------* ;
MPRINT(EM_DIAGRAM):   *------------------------------------------------------------* ;
1854237    * EM: DMDBVar Macro ;
MPRINT(EM_DIAGRAM):   * EM: DMDBVar Macro ;
1854238    *------------------------------------------------------------* ;
MPRINT(EM_DIAGRAM):   *------------------------------------------------------------* ;
1854239    %macro DMDBVar;
1854240    
1854241    %mend DMDBVar;
1854242    *------------------------------------------------------------*;
MPRINT(EM_DIAGRAM):   *------------------------------------------------------------*;
1854243    * EM: Create DMDB;
MPRINT(EM_DIAGRAM):   * EM: Create DMDB;
1854244    *------------------------------------------------------------*;
MPRINT(EM_DIAGRAM):   *------------------------------------------------------------*;
1854245    proc dmdb batch data=EMWS8.Neural10_TRAIN
1854246    dmdbcat=WORK.EM_DMDB
1854247    maxlevel = 513
1854248    ;
MPRINT(EM_DIAGRAM):   proc dmdb batch data=EMWS8.Neural10_TRAIN dmdbcat=WORK.EM_DMDB maxlevel 
= 513 ;
MPRINT(EM_DIAGRAM):   class
1854249    class %DMDBClass;
MPRINT(DMDBCLASS):   DepVar(DESC)
MPRINT(EM_DIAGRAM):  ;
1854250    target
1854251    DepVar
1854252    ;
MPRINT(EM_DIAGRAM):   target DepVar ;
1854253    run;
MPRINT(EM_DIAGRAM):   run;

NOTE: Records processed = 2374   Memory used = 511K.
NOTE: There were 2374 observations read from the data set EMWS8.PART_TRAIN.
NOTE: View EMWS8.NEURAL10_TRAIN.VIEW used (Total process time):
      real time           0.04 seconds
      cpu time            0.04 seconds
      
NOTE: There were 2374 observations read from the data set EMWS8.META_TRAIN.
NOTE: There were 2374 observations read from the data set EMWS8.NEURAL10_TRAIN.
NOTE: PROCEDURE DMDB used (Total process time):
      real time           0.06 seconds
      cpu time            0.07 seconds
      

MPRINT(EM_DIAGRAM):   quit;
MPRINT(EM_DIAGRAM):   *--- end code ---*;
1854254    quit;
1854255    *--- end code ---*;

MPRINT(EM_DIAGRAM):    proc printto;
MPRINT(EM_DIAGRAM):   run;
