MPRINT(EM_DIAGRAM):    data _null_;
MPRINT(EM_DIAGRAM):   call symput('NLDATE', strip(put(date(), NLDATE.)));
MPRINT(EM_DIAGRAM):   call symput('NLTIME', strip(put(datetime(), NLTIME.)));
MPRINT(EM_DIAGRAM):   run;
MPRINT(EM_DIAGRAM):   data _null_;
MPRINT(EM_DIAGRAM):   nldate= sasmsg("sashelp.dmine", "log_date_note", 'N', "21. April 2016" );
MPRINT(EM_DIAGRAM):   nltime= sasmsg("sashelp.dmine", "log_time_note", 'N', "18.50 Uhr" );
MPRINT(EM_DIAGRAM):   put "*------------------------------------------------------------*";
MPRINT(EM_DIAGRAM):   put "* Training Log";
MPRINT(EM_DIAGRAM):   put nldate;
MPRINT(EM_DIAGRAM):   put nltime;
MPRINT(EM_DIAGRAM):   put "*------------------------------------------------------------*";
MPRINT(EM_DIAGRAM):   run;
*------------------------------------------------------------*
* Training Log
Date:                21. April 2016
Time:                18.50 Uhr
*------------------------------------------------------------*
MPRINT(EM_DIAGRAM):    filename O30XZOYT 
"C:\\predictive-models-project\Workspaces\EMWS8\Reg4\EMTRAIN.out" encoding="UTF-8" NOBOM;
MPRINT(EM_DIAGRAM):   proc printto print=O30XZOYT new;
MPRINT(EM_DIAGRAM):   run;
MPRINT(EM_DIAGRAM):    filename _LOG 
"C:\\predictive-models-project\Workspaces\EMWS8\Reg4\EMLOG.log" encoding="UTF-8" NOBOM;
MPRINT(EM_DIAGRAM):    data _null_;
MPRINT(EM_DIAGRAM):   call symput('NLDATE', strip(put(date(), NLDATE.)));
MPRINT(EM_DIAGRAM):   call symput('NLTIME', strip(put(datetime(), NLTIME.)));
MPRINT(EM_DIAGRAM):   run;
MPRINT(EM_DIAGRAM):   data _null_;
MPRINT(EM_DIAGRAM):   nldate= sasmsg("sashelp.dmine", "log_date_note", 'N', "21. April 2016" );
MPRINT(EM_DIAGRAM):   nltime= sasmsg("sashelp.dmine", "log_time_note", 'N', "18.50 Uhr" );
MPRINT(EM_DIAGRAM):   file _LOG;
MPRINT(EM_DIAGRAM):   put "*------------------------------------------------------------*";
MPRINT(EM_DIAGRAM):   put "User:                Lukas Fahr";
MPRINT(EM_DIAGRAM):   put nldate;
MPRINT(EM_DIAGRAM):   put nltime;
MPRINT(EM_DIAGRAM):   put "Site:                70107571";
MPRINT(EM_DIAGRAM):   put "Platform:            X64_7PRO";
MPRINT(EM_DIAGRAM):   put "Maintenance Release: 9.03.01M2P081512";
MPRINT(EM_DIAGRAM):   put "EM Version:          12.1";
MPRINT(EM_DIAGRAM):   put "* ";
MPRINT(EM_DIAGRAM):   run;
MPRINT(EM_DIAGRAM):    filename _LOGIN 
"C:\\predictive-models-project\Workspaces\EMWS8\Reg4\EMTRAIN.log" encoding="UTF-8" NOBOM;
MPRINT(EM_COPYFILE):   data _null_;
MPRINT(EM_COPYFILE):   length line $20000;
MPRINT(EM_COPYFILE):   file _LOG MOD lrecl=20000;
MPRINT(EM_COPYFILE):   fid=fopen("_LOGIN",'i',20000,'v');
MPRINT(EM_COPYFILE):   if fid > 0 then do;
MPRINT(EM_COPYFILE):   do while(^fread(fid));
MPRINT(EM_COPYFILE):   rlen = frlen(fid);
MPRINT(EM_COPYFILE):   rc= fget(fid,line,20000);
MPRINT(EM_COPYFILE):   start = length(line)-length(left(line))+1;
MPRINT(EM_COPYFILE):   line=strip(line);
MPRINT(EM_COPYFILE):   put @start line;
MPRINT(EM_COPYFILE):   end;
MPRINT(EM_COPYFILE):   if fid > 0 then rc=fclose(fid);
MPRINT(EM_COPYFILE):   end;
MPRINT(EM_COPYFILE):   run;
MPRINT(EM_DIAGRAM):  ;
MPRINT(EM_DIAGRAM):   filename _LOGIN;
MPRINT(EM_DIAGRAM):    data _null_;
MPRINT(EM_DIAGRAM):   file _LOG mod;
MPRINT(EM_DIAGRAM):   put _page_;
MPRINT(EM_DIAGRAM):   run;
MPRINT(EM_DIAGRAM):   filename _LOGIN 
"C:\\predictive-models-project\Workspaces\EMWS8\Reg4\EMSCORE.log" encoding="UTF-8" NOBOM;
MPRINT(EM_DIAGRAM):  ;
MPRINT(EM_DIAGRAM):   data _null_;
MPRINT(EM_DIAGRAM):   file _LOG mod;
MPRINT(EM_DIAGRAM):   put _page_;
MPRINT(EM_DIAGRAM):   run;
MPRINT(EM_DIAGRAM):    filename _LOGIN 
"C:\\predictive-models-project\Workspaces\EMWS8\Reg4\EMREPORT.log" encoding="UTF-8" NOBOM;
MPRINT(EM_DIAGRAM):  ;
MPRINT(EM_DIAGRAM):   filename _LOGIN;
MPRINT(EM_DIAGRAM):    filename _LOG;
MPRINT(EM_DIAGRAM):    filename _OUT 
"C:\\predictive-models-project\Workspaces\EMWS8\Reg4\EMOUTPUT.out" encoding="UTF-8" NOBOM;
MPRINT(EM_DIAGRAM):    data _null_;
MPRINT(EM_DIAGRAM):   call symput('NLDATE', strip(put(date(), NLDATE.)));
MPRINT(EM_DIAGRAM):   call symput('NLTIME', strip(put(datetime(), NLTIME.)));
MPRINT(EM_DIAGRAM):   run;
MPRINT(EM_DIAGRAM):   data _null_;
MPRINT(EM_DIAGRAM):   nldate= sasmsg("sashelp.dmine", "log_date_note", 'N', "21. April 2016" );
MPRINT(EM_DIAGRAM):   nltime= sasmsg("sashelp.dmine", "log_time_note", 'N', "18.50 Uhr" );
MPRINT(EM_DIAGRAM):   file _OUT;
MPRINT(EM_DIAGRAM):   put "*------------------------------------------------------------*";
MPRINT(EM_DIAGRAM):   put "User:                Lukas Fahr";
MPRINT(EM_DIAGRAM):   put nldate;
MPRINT(EM_DIAGRAM):   put nltime;
MPRINT(EM_DIAGRAM):   put "*------------------------------------------------------------*";
MPRINT(EM_DIAGRAM):   put "* Training Output";
MPRINT(EM_DIAGRAM):   put "*------------------------------------------------------------*";
MPRINT(EM_DIAGRAM):   run;
MPRINT(EM_DIAGRAM):    filename _OUTIN 
"C:\\predictive-models-project\Workspaces\EMWS8\Reg4\EMTRAIN.out" encoding="UTF-8" NOBOM;
MPRINT(EM_DIAGRAM):   ;
MPRINT(EM_COPYFILE):   data _null_;
MPRINT(EM_COPYFILE):   length line $20000;
MPRINT(EM_COPYFILE):   file _OUT MOD lrecl=20000;
MPRINT(EM_COPYFILE):   fid=fopen("_OUTIN",'i',20000,'v');
MPRINT(EM_COPYFILE):   if fid > 0 then do;
MPRINT(EM_COPYFILE):   do while(^fread(fid));
MPRINT(EM_COPYFILE):   rlen = frlen(fid);
MPRINT(EM_COPYFILE):   rc= fget(fid,line,20000);
MPRINT(EM_COPYFILE):   start = length(line)-length(left(line))+1;
MPRINT(EM_COPYFILE):   line=strip(line);
MPRINT(EM_COPYFILE):   put @start line;
MPRINT(EM_COPYFILE):   end;
MPRINT(EM_COPYFILE):   if fid > 0 then rc=fclose(fid);
MPRINT(EM_COPYFILE):   end;
MPRINT(EM_COPYFILE):   run;
MPRINT(EM_DIAGRAM):  ;
MPRINT(EM_DIAGRAM):   filename _OUTIN;
MPRINT(EM_DIAGRAM):    data _null_;
MPRINT(EM_DIAGRAM):   file _OUT mod;
MPRINT(EM_DIAGRAM):   put _page_;
MPRINT(EM_DIAGRAM):   put // "*------------------------------------------------------------*";
MPRINT(EM_DIAGRAM):   put "* Score Output";
MPRINT(EM_DIAGRAM):   put "*------------------------------------------------------------*";
MPRINT(EM_DIAGRAM):   run;
MPRINT(EM_DIAGRAM):    filename _OUTIN 
"C:\\predictive-models-project\Workspaces\EMWS8\Reg4\EMSCORE.out" encoding="UTF-8" NOBOM;
MPRINT(EM_DIAGRAM):  ;
MPRINT(EM_DIAGRAM):   filename _OUTIN;
MPRINT(EM_DIAGRAM):    data _null_;
MPRINT(EM_DIAGRAM):   file _OUT mod;
MPRINT(EM_DIAGRAM):   put _page_;
MPRINT(EM_DIAGRAM):   put // "*------------------------------------------------------------*";
MPRINT(EM_DIAGRAM):   put "* Report Output";
MPRINT(EM_DIAGRAM):   put "*------------------------------------------------------------*";
MPRINT(EM_DIAGRAM):   run;
MPRINT(EM_DIAGRAM):    filename _OUTIN 
"C:\\predictive-models-project\Workspaces\EMWS8\Reg4\EMREPORT.out" encoding="UTF-8" NOBOM;
MPRINT(EM_DIAGRAM):  ;
MPRINT(EM_DIAGRAM):   filename _OUTIN;
MPRINT(EM_DIAGRAM):    filename _OUT;
MPRINT(EM_DIAGRAM):    filename _emtool_ 
'C:\\predictive-models-project\Workspaces\EMWS8\Reg4\EMRUNSTATUS.xml' encoding="UTF-8" NOBOM;
460349     proc freq data=EMWS8.Reg4_VariableSet noprint;
MPRINT(EM_DIAGRAM):    proc freq data=EMWS8.Reg4_VariableSet noprint;
460350     table ROLE*LEVEL/out=WORK.Reg4META;
MPRINT(EM_DIAGRAM):   table ROLE*LEVEL/out=WORK.Reg4META;
460351     run;
MPRINT(EM_DIAGRAM):   run;

NOTE: There were 13 observations read from the data set EMWS8.REG4_VARIABLESET.
NOTE: The data set WORK.REG4META has 3 observations and 4 variables.
NOTE: PROCEDURE FREQ used (Total process time):
      real time           0.01 seconds
      cpu time            0.01 seconds
      

460352     proc print data=WORK.Reg4META label noobs;
MPRINT(EM_DIAGRAM):   proc print data=WORK.Reg4META label noobs;
460353     var ROLE LEVEL COUNT;
MPRINT(EM_DIAGRAM):   var ROLE LEVEL COUNT;
460354     label ROLE = "%sysfunc(sasmsg(sashelp.dmine, meta_role_vlabel, NOQUOTE))" LEVEL =
460354   ! "%sysfunc(sasmsg(sashelp.dmine, meta_level_vlabel, NOQUOTE))" COUNT =
460354   ! "%sysfunc(sasmsg(sashelp.dmine, rpt_count_vlabel, NOQUOTE))";
MPRINT(EM_DIAGRAM):   label ROLE = "Role" LEVEL = "Measurement Level" COUNT = "Frequency 
Count";
460355     title9 ' ';
MPRINT(EM_DIAGRAM):   title9 ' ';
460356     title10 "%sysfunc(sasmsg(sashelp.dmine, rpt_varSummary_title  , NOQUOTE))";
MPRINT(EM_DIAGRAM):   title10 "Variable Summary";
MPRINT(EM_DIAGRAM):   run;
460357     run;

NOTE: There were 3 observations read from the data set WORK.REG4META.
NOTE: The PROCEDURE PRINT printed page 576.
NOTE: PROCEDURE PRINT used (Total process time):
      real time           0.00 seconds
      cpu time            0.00 seconds
      

460358     title10;
MPRINT(EM_DIAGRAM):   title10;
460359     %let EMNORLEN = %DMNORLEN;
MPRINT(EM_DIAGRAM):   
EMWS8.Varsel_TRAIN EMWS8.Varsel_TRAIN 
EMWS8.Varsel_TRAIN EMWS8.Varsel_TRAIN EMWS8 Varsel_TRAIN 
EMWS8.Varsel_TRAIN EMWS8.Varsel_TRAIN 
EMWS8.Varsel_TRAIN EMWS8.Varsel_TRAIN EMWS8 Varsel_TRAIN 
MPRINT(EM_DIAGRAM):    proc dmdb data=EMWS8.Varsel_TRAIN 
classout=WORK._DMDBCLASSTARGET(keep=NAME NRAW CRAW LEVEL FREQUENCY NMISSPERCENT);
MPRINT(EM_DIAGRAM):   class DepVar(DESC) ;
MPRINT(EM_DIAGRAM):   run;
Executing  SASHELP.EMCORE.EMINFOITERATOR.SCL _INIT >> 
Executing  SASHELP.EMCORE.EMINFOITERATOR.SCL setMetaData >> 
Executing  SASHELP.EMCORE.EMINFOITERATOR.SCL next >> 
Executing  SASHELP.EMCORE.EMINFOITERATOR.SCL setMetaData >> 
Executing  SASHELP.EMCORE.EMINFOITERATOR.SCL next >> 
Executing  SASHELP.EMCORE.EMINFOITERATOR.SCL _term >> 
MPRINT(EM_DIAGRAM):    data _null_;
MPRINT(EM_DIAGRAM):   set WORK._DMDBCLASSTARGET;
MPRINT(EM_DIAGRAM):   where ^(NRAW eq . and CRAW eq '') and NAME="DepVar";
MPRINT(EM_DIAGRAM):   if _N_=1 then call symput('_newevent', strip(LEVEL));
MPRINT(EM_DIAGRAM):   run;
MPRINT(EM_DIAGRAM):   proc sort data=WORK._DMDBCLASSTARGET out=_TEMPCLASS(keep=LEVEL FREQUENCY 
NMISSPERCENT rename=(LEVEL=DepVar));
MPRINT(EM_DIAGRAM):   by LEVEL;
MPRINT(EM_DIAGRAM):   where ^(NRAW eq . and CRAW eq '') and NAME="DepVar";
MPRINT(EM_DIAGRAM):   run;
MPRINT(EM_DIAGRAM):   data _TEMPCLASS;
MPRINT(EM_DIAGRAM):   set _TEMPCLASS;
MPRINT(EM_DIAGRAM):   NMISSPERCENT= NMISSPERCENT/100;
MPRINT(EM_DIAGRAM):   run;
MPRINT(EM_DIAGRAM):    data _sortedDecData;
MPRINT(EM_DIAGRAM):   set EMWS8.Reg4_DepVar_DD;
MPRINT(EM_DIAGRAM):   _levelorder_=_N_;
MPRINT(EM_DIAGRAM):   run;
MPRINT(EM_DIAGRAM):   proc sort data=_sortedDecdata;
MPRINT(EM_DIAGRAM):   by DepVar;
MPRINT(EM_DIAGRAM):   run;
MPRINT(EM_DIAGRAM):   data _null_;
MPRINT(EM_DIAGRAM):   merge _TEMPCLASS(in=_a) _sortedDecdata(in=_b);
MPRINT(EM_DIAGRAM):   by DepVar;
MPRINT(EM_DIAGRAM):   if (_a and ^_b) or (^_a and _b) then call symput('_emresetDec', '1');
MPRINT(EM_DIAGRAM):   run;
MPRINT(EM_DIAGRAM):    data EMWS8.Reg4_DepVar_DD;
MPRINT(EM_DIAGRAM):   set EMWS8.Reg4_DepVar_DD;
MPRINT(EM_DIAGRAM):   _levelorder_=_N_;
MPRINT(EM_DIAGRAM):   run;
MPRINT(EM_DIAGRAM):   proc sort data=EMWS8.Reg4_DepVar_DD;
MPRINT(EM_DIAGRAM):   by DepVar;
MPRINT(EM_DIAGRAM):   run;
MPRINT(EM_DIAGRAM):   data EMWS8.Reg4_DepVar_DD;
MPRINT(EM_DIAGRAM):   merge EMWS8.Reg4_DepVar_DD _TEMPCLASS(rename=(NMISSPERCENT=TRAINPRIOR 
FREQUENCY=COUNT));
MPRINT(EM_DIAGRAM):   by DepVar;
MPRINT(EM_DIAGRAM):   run;
MPRINT(EM_DIAGRAM):   proc sort data=EMWS8.Reg4_DepVar_DD 
out=EMWS8.Reg4_DepVar_DD(drop=_levelorder_);
MPRINT(EM_DIAGRAM):   by _levelorder_;
MPRINT(EM_DIAGRAM):   run;
460406     data WORK.Reg4_EVENT(KEEP=VARIABLE LABEL LEVEL EVENT NUMLEVELS ORDER);
MPRINT(EM_DIAGRAM):    data WORK.Reg4_EVENT(KEEP=VARIABLE LABEL LEVEL EVENT NUMLEVELS ORDER);
460407     length ORDER $20;
MPRINT(EM_DIAGRAM):   length ORDER $20;
460408     label VARIABLE = "%sysfunc(sasmsg(sashelp.dmine, rpt_target_vlabel,  NOQUOTE))"
460408   ! EVENT = "%sysfunc(sasmsg(sashelp.dmine, assmt_event_vlabel, NOQUOTE))" NUMLEVELS =
460408   ! "%sysfunc(sasmsg(sashelp.dmine, rpt_numcat_vlabel, NOQUOTE))" LEVEL =
460409        "%sysfunc(sasmsg(sashelp.dmine, meta_level_vlabel, NOQUOTE))" ORDER =
460409   ! "%sysfunc(sasmsg(sashelp.dmine, meta_order_vlabel, NOQUOTE))" LABEL =
460409   ! "%sysfunc(sasmsg(sashelp.dmine, meta_label_vlabel, NOQUOTE))";
MPRINT(EM_DIAGRAM):   label VARIABLE = "Target" EVENT = "Event" NUMLEVELS = "Number of Levels" 
LEVEL = "Measurement Level" ORDER = "Order" LABEL = "Label";
460410     set EMWS8.REG4_DEPVAR_DM( where=(_TYPE_="TARGET"));
MPRINT(EM_DIAGRAM):   set EMWS8.REG4_DEPVAR_DM( where=(_TYPE_="TARGET"));
460411     NumLevels=2;
MPRINT(EM_DIAGRAM):   NumLevels=2;
460412     select(upcase(ORDER));
MPRINT(EM_DIAGRAM):   select(upcase(ORDER));
460413     when('DESC') ORDER = 'Descending';
MPRINT(EM_DIAGRAM):   when('DESC') ORDER = 'Descending';
460414     when('ASC') ORDER = 'Ascending';
MPRINT(EM_DIAGRAM):   when('ASC') ORDER = 'Ascending';
460415     when('FMTDESC') ORDER = 'Formatted Descending';
MPRINT(EM_DIAGRAM):   when('FMTDESC') ORDER = 'Formatted Descending';
460416     when('FMTASC') ORDER = 'Formatted Ascending';
MPRINT(EM_DIAGRAM):   when('FMTASC') ORDER = 'Formatted Ascending';
460417     otherwise ORDER = 'Descending';
MPRINT(EM_DIAGRAM):   otherwise ORDER = 'Descending';
460418     end;
MPRINT(EM_DIAGRAM):   end;
460419     output;
MPRINT(EM_DIAGRAM):   output;
460420     run;
MPRINT(EM_DIAGRAM):   run;

NOTE: There were 1 observations read from the data set EMWS8.REG4_DEPVAR_DM.
      WHERE _TYPE_='TARGET';
NOTE: The data set WORK.REG4_EVENT has 1 observations and 6 variables.
NOTE: DATA statement used (Total process time):
      real time           0.00 seconds
      cpu time            0.01 seconds
      

460421     title9 ' ';
MPRINT(EM_DIAGRAM):   title9 ' ';
460422     proc print data=WORK.Reg4_EVENT noobs label;
MPRINT(EM_DIAGRAM):   proc print data=WORK.Reg4_EVENT noobs label;
460423     var VARIABLE EVENT LEVEL NUMLEVELS ORDER LABEL;
MPRINT(EM_DIAGRAM):   var VARIABLE EVENT LEVEL NUMLEVELS ORDER LABEL;
460424     title9 ' ';
MPRINT(EM_DIAGRAM):   title9 ' ';
460425     title10 "%sysfunc(sasmsg(sashelp.dmine, rpt_modelEvent_title  , NOQUOTE))";
MPRINT(EM_DIAGRAM):   title10 "Model Events";
MPRINT(EM_DIAGRAM):   run;
460426     run;

NOTE: There were 1 observations read from the data set WORK.REG4_EVENT.
NOTE: The PROCEDURE PRINT printed page 577.
NOTE: PROCEDURE PRINT used (Total process time):
      real time           0.00 seconds
      cpu time            0.00 seconds
      

460427     title10;
MPRINT(EM_DIAGRAM):   title10;
"No decisions defined for target "DepVar"." 
460428     proc print data = EMWS8.Reg4_DepVar_DM noobs label;
MPRINT(EM_DIAGRAM):    proc print data = EMWS8.Reg4_DepVar_DM noobs label;
460429     var _type_ variable label;
MPRINT(EM_DIAGRAM):   var _type_ variable label;
460430     where _type_ ^in('MATRIX', 'DECISION', 'TRAINPRIOR', 'DATAPRIOR', 'DECPRIOR');
MPRINT(EM_DIAGRAM):   where _type_ ^in('MATRIX', 'DECISION', 'TRAINPRIOR', 'DATAPRIOR', 
'DECPRIOR');
460431     label _TYPE_ = "%sysfunc(sasmsg(sashelp.dmine, rpt_type_vlabel,     NOQUOTE))"
460431   ! VARIABLE = "%sysfunc(sasmsg(sashelp.dmine, rpt_variable_vlabel, NOQUOTE))" LABEL =
460431   ! "%sysfunc(sasmsg(sashelp.dmine, meta_label_vlabel, NOQUOTE))";
MPRINT(EM_DIAGRAM):   label _TYPE_ = "Type" VARIABLE = "Variable" LABEL = "Label";
460432     title9 ' ';
MPRINT(EM_DIAGRAM):   title9 ' ';
460433     title10 "%sysfunc(sasmsg(sashelp.dmine, rpt_predDecVars_title  , NOQUOTE))";
MPRINT(EM_DIAGRAM):   title10 "Predicted and decision variables";
MPRINT(EM_DIAGRAM):   run;
460434     run;

NOTE: There were 7 observations read from the data set EMWS8.REG4_DEPVAR_DM.
      WHERE _type_ not in ('DATAPRIOR', 'DECISION', 'DECPRIOR', 'MATRIX', 'TRAINPRIOR');
NOTE: The PROCEDURE PRINT printed page 578.
NOTE: PROCEDURE PRINT used (Total process time):
      real time           0.00 seconds
      cpu time            0.00 seconds
      

460435     title10;
MPRINT(EM_DIAGRAM):   title10;
MPRINT(EM_DIAGRAM):    *------------------------------------------------------------*;
MPRINT(EM_DIAGRAM):   * Reg4: Preparing metadata for Training 
*------------------------------------------------------------*;
MPRINT(EM_DIAGRAM):   data WORK.M2IX8995;
MPRINT(EM_DIAGRAM):   set WORK.M2IX8995;
MPRINT(EM_DIAGRAM):   where use = 'Y' or (role = 'INPUT' and use = 'D') ;
MPRINT(EM_DIAGRAM):   if (role = 'REJECTED') then role = 'INPUT';
MPRINT(EM_DIAGRAM):   if use = 'D' then use = 'Y';
MPRINT(EM_DIAGRAM):   run;
460445     data WORK.M2IX8995;
MPRINT(EM_DIAGRAM):    data WORK.M2IX8995;
460446     set WORK.M2IX8995 end=eof;
MPRINT(EM_DIAGRAM):   set WORK.M2IX8995 end=eof;
460447     output;
MPRINT(EM_DIAGRAM):   output;
460448     if eof then do;
MPRINT(EM_DIAGRAM):   if eof then do;
460449     NAME="";
MPRINT(EM_DIAGRAM):   NAME="";
460450     ROLE="COST";
MPRINT(EM_DIAGRAM):   ROLE="COST";
460451     LEVEL="INTERVAL";
MPRINT(EM_DIAGRAM):   LEVEL="INTERVAL";
460452     TYPE="N";
MPRINT(EM_DIAGRAM):   TYPE="N";
460453     output;
MPRINT(EM_DIAGRAM):   output;
460454     end;
MPRINT(EM_DIAGRAM):   end;
460455     run;
MPRINT(EM_DIAGRAM):   run;

NOTE: There were 13 observations read from the data set WORK.M2IX8995.
NOTE: The data set WORK.M2IX8995 has 14 observations and 21 variables.
NOTE: DATA statement used (Total process time):
      real time           0.00 seconds
      cpu time            0.00 seconds
      

NOTE: There were 2 observations read from the data set EMWS8.REG4_DEPVAR_DD.
NOTE: The data set WORK.DEPVAR has 2 observations and 7 variables.
460456     *------------------------------------------------------------*;
MPRINT(EM_DIAGRAM):    *------------------------------------------------------------*;
460457     * Reg4: Create decision matrix;
MPRINT(EM_DIAGRAM):   * Reg4: Create decision matrix;
460458     *------------------------------------------------------------*;
MPRINT(EM_DIAGRAM):   *------------------------------------------------------------*;
460459     data WORK.DepVar;
MPRINT(EM_DIAGRAM):   data WORK.DepVar;
460460       length   DepVar                           $  32
460461                COUNT                                8
460462                DATAPRIOR                            8
460463                TRAINPRIOR                           8
460464                DECPRIOR                             8
460465                DECISION1                            8
460466                DECISION2                            8
460467                ;
MPRINT(EM_DIAGRAM):   length DepVar $ 32 COUNT 8 DATAPRIOR 8 TRAINPRIOR 8 DECPRIOR 8 DECISION1 
8 DECISION2 8 ;
460468     
460469       label    COUNT="Level Counts"
460470                DATAPRIOR="Data Proportions"
460471                TRAINPRIOR="Training Proportions"
460472                DECPRIOR="Decision Priors"
460473                DECISION1="1"
460474                DECISION2="0"
460475                ;
MPRINT(EM_DIAGRAM):   label COUNT= "Level Counts" DATAPRIOR= "Data Proportions" TRAINPRIOR= 
"Training Proportions" DECPRIOR= "Decision Priors" DECISION1= "1" DECISION2= "0" ;
460476       format   COUNT 10.
460477                ;
MPRINT(EM_DIAGRAM):   format COUNT 10. ;
460478     DepVar="1"; COUNT=359; DATAPRIOR=0.0643642072; TRAINPRIOR=0.15122156697556;
460478   ! DECPRIOR=.; DECISION1=1; DECISION2=0;
MPRINT(EM_DIAGRAM):   DepVar="1";
MPRINT(EM_DIAGRAM):   COUNT=359;
MPRINT(EM_DIAGRAM):   DATAPRIOR=0.0643642072;
MPRINT(EM_DIAGRAM):   TRAINPRIOR=0.15122156697556;
MPRINT(EM_DIAGRAM):   DECPRIOR=.;
MPRINT(EM_DIAGRAM):   DECISION1=1;
MPRINT(EM_DIAGRAM):   DECISION2=0;
460479     output;
MPRINT(EM_DIAGRAM):   output;
460480     DepVar="0"; COUNT=2015; DATAPRIOR=0.9356357928; TRAINPRIOR=0.84877843302443;
460480   ! DECPRIOR=.; DECISION1=0; DECISION2=1;
MPRINT(EM_DIAGRAM):   DepVar="0";
MPRINT(EM_DIAGRAM):   COUNT=2015;
MPRINT(EM_DIAGRAM):   DATAPRIOR=0.9356357928;
MPRINT(EM_DIAGRAM):   TRAINPRIOR=0.84877843302443;
MPRINT(EM_DIAGRAM):   DECPRIOR=.;
MPRINT(EM_DIAGRAM):   DECISION1=0;
MPRINT(EM_DIAGRAM):   DECISION2=1;
460481     output;
MPRINT(EM_DIAGRAM):   output;
460482     ;
MPRINT(EM_DIAGRAM):   ;
460483     run;
MPRINT(EM_DIAGRAM):   run;

NOTE: The data set WORK.DEPVAR has 2 observations and 7 variables.
NOTE: DATA statement used (Total process time):
      real time           0.00 seconds
      cpu time            0.00 seconds
      

460484     proc datasets lib=work nolist;
MPRINT(EM_DIAGRAM):   proc datasets lib=work nolist;
460485     modify DepVar(type=PROFIT label=DepVar);
MPRINT(EM_DIAGRAM):   modify DepVar(type=PROFIT label= DepVar);
MPRINT(EM_DIAGRAM):   label DECISION1= '1';
MPRINT(EM_DIAGRAM):   label DECISION2= '0';
MPRINT(EM_DIAGRAM):   run;
460486     label DECISION1= '1';
460487     label DECISION2= '0';
460488     run;

NOTE: MODIFY was successful for WORK.DEPVAR.DATA.
460489     quit;
MPRINT(EM_DIAGRAM):   quit;

NOTE: PROCEDURE DATASETS used (Total process time):
      real time           0.02 seconds
      cpu time            0.03 seconds
      

460490     data EM_DMREG / view=EM_DMREG;
MPRINT(EM_DIAGRAM):   data EM_DMREG / view=EM_DMREG;
460491     set EMWS8.Varsel_TRAIN(keep=
460492     AcceptedCmpTotal DepVar Frq G_Marital_Status Income Mnt MntGoldProds
460493     MntMeatProducts MntWines NumDistPurchases RFMstat RMntFrq Recency );
MPRINT(EM_DIAGRAM):   set EMWS8.Varsel_TRAIN(keep= AcceptedCmpTotal DepVar Frq 
G_Marital_Status Income Mnt MntGoldProds MntMeatProducts MntWines NumDistPurchases RFMstat 
RMntFrq Recency );
460494     run;
MPRINT(EM_DIAGRAM):   run;

NOTE: DATA STEP view saved on file WORK.EM_DMREG.
NOTE: A stored DATA STEP view cannot run under a different operating system.
NOTE: View EMWS8.VARSEL_TRAIN.VIEW used (Total process time):
      real time           0.01 seconds
      cpu time            0.01 seconds
      
NOTE: DATA statement used (Total process time):
      real time           0.02 seconds
      cpu time            0.01 seconds
      

MPRINT(EM_DIAGRAM):   *------------------------------------------------------------* ;
MPRINT(EM_DIAGRAM):   * Reg4: DMDBClass Macro ;
MPRINT(EM_DIAGRAM):   *------------------------------------------------------------* ;
460495     *------------------------------------------------------------* ;
460496     * Reg4: DMDBClass Macro ;
460497     *------------------------------------------------------------* ;
460498     %macro DMDBClass;
460499         DepVar(DESC) G_Marital_Status(ASC)
460500     %mend DMDBClass;
460501     *------------------------------------------------------------* ;
MPRINT(EM_DIAGRAM):   *------------------------------------------------------------* ;
460502     * Reg4: DMDBVar Macro ;
MPRINT(EM_DIAGRAM):   * Reg4: DMDBVar Macro ;
460503     *------------------------------------------------------------* ;
MPRINT(EM_DIAGRAM):   *------------------------------------------------------------* ;
460504     %macro DMDBVar;
460505         AcceptedCmpTotal Frq Income Mnt MntGoldProds MntMeatProducts MntWines
460506        NumDistPurchases RFMstat RMntFrq Recency
460507     %mend DMDBVar;
460508     *------------------------------------------------------------*;
MPRINT(EM_DIAGRAM):   *------------------------------------------------------------*;
460509     * Reg4: Create DMDB;
MPRINT(EM_DIAGRAM):   * Reg4: Create DMDB;
460510     *------------------------------------------------------------*;
MPRINT(EM_DIAGRAM):   *------------------------------------------------------------*;
460511     proc dmdb batch data=WORK.EM_DMREG
460512     dmdbcat=WORK.Reg4_DMDB
460513     maxlevel = 513
460514     ;
MPRINT(EM_DIAGRAM):   proc dmdb batch data=WORK.EM_DMREG dmdbcat=WORK.Reg4_DMDB maxlevel = 513 
;
MPRINT(EM_DIAGRAM):   class
460515     class %DMDBClass;
MPRINT(DMDBCLASS):   DepVar(DESC) G_Marital_Status(ASC)
MPRINT(EM_DIAGRAM):  ;
MPRINT(EM_DIAGRAM):   var
460516     var %DMDBVar;
MPRINT(DMDBVAR):   AcceptedCmpTotal Frq Income Mnt MntGoldProds MntMeatProducts MntWines 
NumDistPurchases RFMstat RMntFrq Recency
MPRINT(EM_DIAGRAM):  ;
460517     target
460518     DepVar
460519     ;
MPRINT(EM_DIAGRAM):   target DepVar ;
460520     run;
MPRINT(EM_DIAGRAM):   run;

NOTE: Records processed = 2374   Memory used = 511K.
NOTE: There were 2374 observations read from the data set EMWS8.PART_TRAIN.
NOTE: View WORK.EM_DMREG.VIEW used (Total process time):
      real time           0.03 seconds
      cpu time            0.04 seconds
      
NOTE: There were 2374 observations read from the data set EMWS8.VARSEL_TRAIN.
NOTE: There were 2374 observations read from the data set WORK.EM_DMREG.
NOTE: PROCEDURE DMDB used (Total process time):
      real time           0.04 seconds
      cpu time            0.04 seconds
      

MPRINT(EM_DIAGRAM):   quit;
MPRINT(EM_DIAGRAM):   *--- end code ---*;
460521     quit;
460522     *--- end code ---*;

460523     *------------------------------------------------------------*;
MPRINT(EM_DIAGRAM):    *------------------------------------------------------------*;
460524     * Reg4: Run DMREG procedure;
MPRINT(EM_DIAGRAM):   * Reg4: Run DMREG procedure;
460525     *------------------------------------------------------------*;
MPRINT(EM_DIAGRAM):   *------------------------------------------------------------*;
460526     proc dmreg data=EM_DMREG dmdbcat=WORK.Reg4_DMDB
460527     validata = EMWS8.Varsel_VALIDATE
460528     outest = EMWS8.Reg4_EMESTIMATE
460529     outterms = EMWS8.Reg4_OUTTERMS
460530     outmap= EMWS8.Reg4_MAPDS namelen=200
460531     ;
MPRINT(EM_DIAGRAM):   proc dmreg data=EM_DMREG dmdbcat=WORK.Reg4_DMDB validata = 
EMWS8.Varsel_VALIDATE outest = EMWS8.Reg4_EMESTIMATE outterms = EMWS8.Reg4_OUTTERMS outmap= 
EMWS8.Reg4_MAPDS namelen=200 ;
460532     class
460533     DepVar
460534     G_Marital_Status
460535     ;
MPRINT(EM_DIAGRAM):   class DepVar G_Marital_Status ;
460536     model DepVar =
460537     AcceptedCmpTotal
460538     Frq
460539     G_Marital_Status
460540     Income
460541     Mnt
460542     MntGoldProds
460543     MntMeatProducts
460544     MntWines
460545     NumDistPurchases
460546     RFMstat
460547     RMntFrq
460548     Recency
460549     /error=binomial link=LOGIT
460550     coding=DEVIATION
460551     nodesignprint
460552     selection=STEPWISE choose=NONE
460553     Hierarchy=CLASS
460554     Rule=NONE
460555     ;
MPRINT(EM_DIAGRAM):   model DepVar = AcceptedCmpTotal Frq G_Marital_Status Income Mnt 
MntGoldProds MntMeatProducts MntWines NumDistPurchases RFMstat RMntFrq Recency /error=binomial 
link=LOGIT coding=DEVIATION nodesignprint selection=STEPWISE choose=NONE Hierarchy=CLASS 
Rule=NONE ;
460556     ;
MPRINT(EM_DIAGRAM):   ;
460557     code file="C:\\predictive-models-project\Workspaces\EMWS8\Reg4\EMPUBLISHSCORE.sas"
460558     group=Reg4
460559     ;
MPRINT(EM_DIAGRAM):   code 
file="C:\\predictive-models-project\Workspaces\EMWS8\Reg4\EMPUBLISHSCORE.sas" group=Reg4 ;
460560     code file="C:\\predictive-models-project\Workspaces\EMWS8\Reg4\EMFLOWSCORE.sas"
460561     group=Reg4
460562     residual
460563     ;
MPRINT(EM_DIAGRAM):   code 
file="C:\\predictive-models-project\Workspaces\EMWS8\Reg4\EMFLOWSCORE.sas" group=Reg4 residual 
;
460564     run;
MPRINT(EM_DIAGRAM):   run;


NOTE: PROC DMREG is modeling the probability that DepVar='1'.
NOTE: Convergence criterion (ABSGCONV=0.00001) satisfied.
NOTE: Convergence criterion (GCONV=1E-6) satisfied.
NOTE: Convergence criterion (GCONV=1E-6) satisfied.
NOTE: Convergence criterion (GCONV=1E-6) satisfied.
NOTE: Convergence criterion (GCONV=1E-6) satisfied.
NOTE: Convergence criterion (GCONV=1E-6) satisfied.
NOTE: Convergence criterion (GCONV=1E-6) satisfied.
NOTE: Convergence criterion (GCONV=1E-6) satisfied.
NOTE: Convergence criterion (GCONV=1E-6) satisfied.
NOTE: Convergence criterion (GCONV=1E-6) satisfied.
NOTE: Convergence criterion (GCONV=1E-6) satisfied.
NOTE: Convergence criterion (GCONV=1E-6) satisfied.
NOTE: Convergence criterion (GCONV=1E-6) satisfied.
NOTE: External file C:\\predictive-models-project\Workspaces\EMWS8\Reg4\EMPUBLISHSCORE.sas 
      opened.
NOTE: External file C:\\predictive-models-project\Workspaces\EMWS8\Reg4\EMFLOWSCORE.sas opened.
NOTE: View EMWS8.VARSEL_VALIDATE.VIEW used (Total process time):
      real time           0.55 seconds
      cpu time            0.56 seconds
      
NOTE: There were 1018 observations read from the data set EMWS8.PART_VALIDATE.
NOTE: There were 2374 observations read from the data set EMWS8.PART_TRAIN.
NOTE: View WORK.EM_DMREG.VIEW used (Total process time):
      real time           0.59 seconds
      cpu time            0.59 seconds
      
NOTE: There were 2374 observations read from the data set EMWS8.VARSEL_TRAIN.
NOTE: There were 2374 observations read from the data set WORK.EM_DMREG.
NOTE: There were 1018 observations read from the data set EMWS8.VARSEL_VALIDATE.
NOTE: The data set EMWS8.REG4_EMESTIMATE has 42 observations and 50 variables.
NOTE: The data set EMWS8.REG4_OUTTERMS has 14 observations and 6 variables.
NOTE: The data set EMWS8.REG4_MAPDS has 2 observations and 15 variables.
NOTE: The PROCEDURE DMREG printed pages 579-592.
NOTE: PROCEDURE DMREG used (Total process time):
      real time           0.61 seconds
      cpu time            0.62 seconds
      

MPRINT(EM_DIAGRAM):   quit;
460565     quit;

460566     proc datasets lib=WORK nolist;
MPRINT(EM_DIAGRAM):    proc datasets lib=WORK nolist;
460567     delete Reg4_DMDB;
MPRINT(EM_DIAGRAM):   delete Reg4_DMDB;
460568     run;
MPRINT(EM_DIAGRAM):   run;

NOTE: The file WORK.REG4_DMDB (memtype=DATA) was not found, but appears on a DELETE statement.
460569     quit;
MPRINT(EM_DIAGRAM):   quit;

NOTE: PROCEDURE DATASETS used (Total process time):
      real time           0.01 seconds
      cpu time            0.01 seconds
      

460570     proc datasets lib=WORK nolist;
MPRINT(EM_DIAGRAM):    proc datasets lib=WORK nolist;
460571     delete Reg4_DMDB / memtype=catalog;
MPRINT(EM_DIAGRAM):   delete Reg4_DMDB / memtype=catalog;
460572     run;
MPRINT(EM_DIAGRAM):   run;

NOTE: Deleting WORK.REG4_DMDB (memtype=CATALOG).
460573     quit;
MPRINT(EM_DIAGRAM):   quit;

NOTE: PROCEDURE DATASETS used (Total process time):
      real time           0.01 seconds
      cpu time            0.03 seconds
      

460574     data WORK.ESTIMATE;
MPRINT(EM_DIAGRAM):    data WORK.ESTIMATE;
460575     length _NAME_ $32;
MPRINT(EM_DIAGRAM):   length _NAME_ $32;
460576     set EMWS8.Reg4_EMESTIMATE;
MPRINT(EM_DIAGRAM):   set EMWS8.Reg4_EMESTIMATE;
460577     drop _AIC_--_VMISC_;
MPRINT(EM_DIAGRAM):   drop _AIC_--_VMISC_;
460578     where _CHOSEN_ ne '' and _TYPE_ in('PARMS', 'T', 'P');
MPRINT(EM_DIAGRAM):   where _CHOSEN_ ne '' and _TYPE_ in('PARMS', 'T', 'P');
460579     drop _STEP_ _CHOSEN_;
MPRINT(EM_DIAGRAM):   drop _STEP_ _CHOSEN_;
460580     select(_TYPE_);
MPRINT(EM_DIAGRAM):   select(_TYPE_);
460581     when('PARMS') _NAME_='Coefficient';
MPRINT(EM_DIAGRAM):   when('PARMS') _NAME_='Coefficient';
460582     when('T') _NAME_='tValue';
MPRINT(EM_DIAGRAM):   when('T') _NAME_='tValue';
460583     when('P') _NAME_='PValue';
MPRINT(EM_DIAGRAM):   when('P') _NAME_='PValue';
460584     otherwise;
MPRINT(EM_DIAGRAM):   otherwise;
460585     end;
MPRINT(EM_DIAGRAM):   end;
460586     run;
MPRINT(EM_DIAGRAM):   run;

NOTE: There were 3 observations read from the data set EMWS8.REG4_EMESTIMATE.
The SAS System

      WHERE (_CHOSEN_ not = ' ') and _TYPE_ in ('P', 'PARMS', 'T');
NOTE: The data set WORK.ESTIMATE has 3 observations and 16 variables.
NOTE: DATA statement used (Total process time):
      real time           0.00 seconds
      cpu time            0.01 seconds
      

460587     proc transpose data=WORK.ESTIMATE out=WORK.ESTIMATE(rename=(_NAME_=Effect));
MPRINT(EM_DIAGRAM):   proc transpose data=WORK.ESTIMATE 
out=WORK.ESTIMATE(rename=(_NAME_=Effect));
460588     run;
MPRINT(EM_DIAGRAM):   run;

NOTE: There were 3 observations read from the data set WORK.ESTIMATE.
NOTE: The data set WORK.ESTIMATE has 14 observations and 5 variables.
NOTE: PROCEDURE TRANSPOSE used (Total process time):
      real time           0.00 seconds
      cpu time            0.00 seconds
      

460589     proc transpose data=EMWS8.Reg4_MAPDS out=WORK.MAP(rename=(_NAME_=Effect
460589   ! INPUT=Variable
460590     ));
MPRINT(EM_DIAGRAM):   proc transpose data=EMWS8.Reg4_MAPDS out=WORK.MAP(rename=(_NAME_=Effect 
INPUT=Variable ));
460591     var 'AcceptedCmpTotal'n--'Recency'n;
MPRINT(EM_DIAGRAM):   var 'AcceptedCmpTotal'n--'Recency'n;
460592     run;
MPRINT(EM_DIAGRAM):   run;

NOTE: There were 2 observations read from the data set EMWS8.REG4_MAPDS.
NOTE: The data set WORK.MAP has 13 observations and 4 variables.
NOTE: PROCEDURE TRANSPOSE used (Total process time):
      real time           0.00 seconds
      cpu time            0.00 seconds
      

460593     proc sort data=WORK.MAP;
MPRINT(EM_DIAGRAM):   proc sort data=WORK.MAP;
460594     by Effect;
MPRINT(EM_DIAGRAM):   by Effect;
460595     run;
MPRINT(EM_DIAGRAM):   run;

NOTE: There were 13 observations read from the data set WORK.MAP.
NOTE: The data set WORK.MAP has 13 observations and 4 variables.
NOTE: PROCEDURE SORT used (Total process time):
      real time           0.00 seconds
      cpu time            0.01 seconds
      

460596     proc sort data=WORK.ESTIMATE;
MPRINT(EM_DIAGRAM):   proc sort data=WORK.ESTIMATE;
460597     by Effect;
MPRINT(EM_DIAGRAM):   by Effect;
460598     run;
MPRINT(EM_DIAGRAM):   run;

NOTE: There were 14 observations read from the data set WORK.ESTIMATE.
NOTE: The data set WORK.ESTIMATE has 14 observations and 5 variables.
NOTE: PROCEDURE SORT used (Total process time):
      real time           0.00 seconds
      cpu time            0.00 seconds
      

460599     data EMWS8.Reg4_EFFECTS(rename=(_LABEL_=EffectLabel));
MPRINT(EM_DIAGRAM):   data EMWS8.Reg4_EFFECTS(rename=(_LABEL_=EffectLabel));
460600     length Variable ClassLevel $32;
MPRINT(EM_DIAGRAM):   length Variable ClassLevel $32;
460601     merge WORK.ESTIMATE WORK.MAP;
MPRINT(EM_DIAGRAM):   merge WORK.ESTIMATE WORK.MAP;
460602     by Effect;
MPRINT(EM_DIAGRAM):   by Effect;
460603     label Effect = "%sysfunc(sasmsg(sashelp.dmine, rpt_effect_vlabel, NOQUOTE))"
460603   ! Variable = "%sysfunc(sasmsg(sashelp.dmine, rpt_variable_vlabel, NOQUOTE))" Sign =
460603   ! "%sysfunc(sasmsg(sashelp.dmine, rpt_sign_vlabel, NOQUOTE))" ClassLevel =
460604        "%sysfunc(sasmsg(sashelp.dmine, rpt_level_vlabel, NOQUOTE))" Abscoefficient =
460604   ! "%sysfunc(sasmsg(sashelp.dmine, rpt_abscoefficient_vlabel, NOQUOTE))" Coefficient =
460604   ! "%sysfunc(sasmsg(sashelp.dmine, rpt_coefficient_vlabel, NOQUOTE))" _LABEL_ =
460605        "%sysfunc(sasmsg(sashelp.dmine, rpt_effectLabel_vlabel, NOQUOTE))" CODE =
460605   ! "%sysfunc(sasmsg(sashelp.dmine, rpt_scorecodevar_vlabel, NOQUOTE))";
MPRINT(EM_DIAGRAM):   label Effect = "Effect" Variable = "Variable" Sign = "Sign" ClassLevel = 
"Level" Abscoefficient = "Absolute Coefficient" Coefficient = "Coefficient" _LABEL_ = "Effect 
Label" CODE = "Score Code Variable";
460606     label tvalue = "%sysfunc(sasmsg(sashelp.dmine, rpt_tvalue_vlabel,         NOQUOTE))"
460606   !  abstvalue = "%sysfunc(sasmsg(sashelp.dmine, rpt_absoluteTvalue_vlabel, NOQUOTE))"
460606   ! PValue = "%sysfunc(sasmsg(sashelp.dmine, rpt_pvalue_vlabel,         NOQUOTE))";
MPRINT(EM_DIAGRAM):   label tvalue = "T-value" abstvalue = "Absolute T-value" PValue = "P 
Value";
460607     abstvalue = abs(tValue);
MPRINT(EM_DIAGRAM):   abstvalue = abs(tValue);
460608     if index(Effect, 'Intercept') then do;
MPRINT(EM_DIAGRAM):   if index(Effect, 'Intercept') then do;
460609     variable = 'Intercept';
MPRINT(EM_DIAGRAM):   variable = 'Intercept';
460610     classLevel = scan(_LABEL_, 2, '=');
MPRINT(EM_DIAGRAM):   classLevel = scan(_LABEL_, 2, '=');
460611     end;
MPRINT(EM_DIAGRAM):   end;
460612     if ^indexc(variable, '*') then do;
MPRINT(EM_DIAGRAM):   if ^indexc(variable, '*') then do;
460613     if length(effect)>length(variable) then classlevel = substr(Effect,
460613   ! length(variable)+1);
MPRINT(EM_DIAGRAM):   if length(effect)>length(variable) then classlevel = substr(Effect, 
length(variable)+1);
460614     end;
MPRINT(EM_DIAGRAM):   end;
460615     if Effect eq '' then Effect = Variable;
MPRINT(EM_DIAGRAM):   if Effect eq '' then Effect = Variable;
460616     if coefficient < 0 then sign = '-';
MPRINT(EM_DIAGRAM):   if coefficient < 0 then sign = '-';
460617     else sign = '+';
MPRINT(EM_DIAGRAM):   else sign = '+';
460618     abscoefficient = abs(coefficient);
MPRINT(EM_DIAGRAM):   abscoefficient = abs(coefficient);
460619     if _LABEL_ = '' then _LABEL_ = Effect;
MPRINT(EM_DIAGRAM):   if _LABEL_ = '' then _LABEL_ = Effect;
460620     if coefficient ne . then output;
MPRINT(EM_DIAGRAM):   if coefficient ne . then output;
460621     run;
MPRINT(EM_DIAGRAM):   run;

NOTE: There were 14 observations read from the data set WORK.ESTIMATE.
NOTE: There were 13 observations read from the data set WORK.MAP.
NOTE: The data set EMWS8.REG4_EFFECTS has 14 observations and 11 variables.
NOTE: DATA statement used (Total process time):
      real time           0.01 seconds
      cpu time            0.01 seconds
      

460622     proc sort data =EMWS8.Reg4_EFFECTS;
MPRINT(EM_DIAGRAM):    proc sort data =EMWS8.Reg4_EFFECTS;
460623     by
460624     descending abstvalue;
MPRINT(EM_DIAGRAM):   by descending abstvalue;
460625     run;
MPRINT(EM_DIAGRAM):   run;

NOTE: There were 14 observations read from the data set EMWS8.REG4_EFFECTS.
NOTE: The data set EMWS8.REG4_EFFECTS has 14 observations and 11 variables.
NOTE: PROCEDURE SORT used (Total process time):
      real time           0.00 seconds
      cpu time            0.00 seconds
      

460626     data EMWS8.Reg4_EFFECTS;
MPRINT(EM_DIAGRAM):   data EMWS8.Reg4_EFFECTS;
460627     set EMWS8.Reg4_EFFECTS;
MPRINT(EM_DIAGRAM):   set EMWS8.Reg4_EFFECTS;
460628     format TEffectNum 3.;
MPRINT(EM_DIAGRAM):   format TEffectNum 3.;
460629     label TEffectNum = "%sysfunc(sasmsg(sashelp.dmine, rpt_teffectnum_vlabel, NOQUOTE))"
460629   ! ;
MPRINT(EM_DIAGRAM):   label TEffectNum = "TScore Number";
460630     retain TEffectNum;
MPRINT(EM_DIAGRAM):   retain TEffectNum;
460631     TEffectNum = _N_;
MPRINT(EM_DIAGRAM):   TEffectNum = _N_;
460632     run;
MPRINT(EM_DIAGRAM):   run;

NOTE: There were 14 observations read from the data set EMWS8.REG4_EFFECTS.
NOTE: The data set EMWS8.REG4_EFFECTS has 14 observations and 12 variables.
NOTE: DATA statement used (Total process time):
      real time           0.00 seconds
      cpu time            0.01 seconds
      

460633     proc sort data =EMWS8.Reg4_EFFECTS;
MPRINT(EM_DIAGRAM):    proc sort data =EMWS8.Reg4_EFFECTS;
460634     by
460635     descending absCoefficient;
MPRINT(EM_DIAGRAM):   by descending absCoefficient;
460636     run;
MPRINT(EM_DIAGRAM):   run;

NOTE: There were 14 observations read from the data set EMWS8.REG4_EFFECTS.
NOTE: The data set EMWS8.REG4_EFFECTS has 14 observations and 12 variables.
NOTE: PROCEDURE SORT used (Total process time):
      real time           0.00 seconds
      cpu time            0.00 seconds
      

460637     data EMWS8.Reg4_EFFECTS;
MPRINT(EM_DIAGRAM):   data EMWS8.Reg4_EFFECTS;
460638     set EMWS8.Reg4_EFFECTS;
MPRINT(EM_DIAGRAM):   set EMWS8.Reg4_EFFECTS;
460639     format EffectNum 3.;
MPRINT(EM_DIAGRAM):   format EffectNum 3.;
460640     label EffectNum = "%sysfunc(sasmsg(sashelp.dmine, rpt_effectnum_vlabel, NOQUOTE))";
MPRINT(EM_DIAGRAM):   label EffectNum = "Effect Number";
460641     retain EffectNum;
MPRINT(EM_DIAGRAM):   retain EffectNum;
460642     EffectNum = _N_;
MPRINT(EM_DIAGRAM):   EffectNum = _N_;
460643     run;
MPRINT(EM_DIAGRAM):   run;

NOTE: There were 14 observations read from the data set EMWS8.REG4_EFFECTS.
NOTE: The data set EMWS8.REG4_EFFECTS has 14 observations and 13 variables.
NOTE: DATA statement used (Total process time):
      real time           0.00 seconds
      cpu time            0.00 seconds
      

460644     proc transpose data=EMWS8.Reg4_EMESTIMATE
460644   ! out=EMWS8.Reg4_ESTIMATEGRID(rename=(PARMS=Coefficient T=TValue _NAME_=Effect
460644   ! _LABEL_=EffectLabel));
MPRINT(EM_DIAGRAM):    proc transpose data=EMWS8.Reg4_EMESTIMATE 
out=EMWS8.Reg4_ESTIMATEGRID(rename=(PARMS=Coefficient T=TValue _NAME_=Effect 
_LABEL_=EffectLabel));
460645     where _CHOSEN_ eq '' and _TYPE_ in('PARMS', 'T', 'P');
MPRINT(EM_DIAGRAM):   where _CHOSEN_ eq '' and _TYPE_ in('PARMS', 'T', 'P');
460646     var 'AcceptedCmpTotal'n--'Recency'n;
MPRINT(EM_DIAGRAM):   var 'AcceptedCmpTotal'n--'Recency'n;
460647     by _STEP_;
MPRINT(EM_DIAGRAM):   by _STEP_;
460648     id _TYPE_;
MPRINT(EM_DIAGRAM):   id _TYPE_;
460649     run;
MPRINT(EM_DIAGRAM):   run;

NOTE: There were 39 observations read from the data set EMWS8.REG4_EMESTIMATE.
      WHERE (_CHOSEN_=' ') and _TYPE_ in ('P', 'PARMS', 'T');
NOTE: The data set EMWS8.REG4_ESTIMATEGRID has 169 observations and 6 variables.
NOTE: PROCEDURE TRANSPOSE used (Total process time):
      real time           0.00 seconds
      cpu time            0.01 seconds
      

460650     data EMWS8.Reg4_ESTIMATEGRID;
MPRINT(EM_DIAGRAM):    data EMWS8.Reg4_ESTIMATEGRID;
460651     set EMWS8.Reg4_ESTIMATEGRID;
MPRINT(EM_DIAGRAM):   set EMWS8.Reg4_ESTIMATEGRID;
460652     if EffectLabel eq '' then EffectLabel = Effect;
MPRINT(EM_DIAGRAM):   if EffectLabel eq '' then EffectLabel = Effect;
460653     label EffectLabel = "%sysfunc(sasmsg(sashelp.dmine, rpt_effectLabel_vlabel,
460653   ! NOQUOTE))" Effect = "%sysfunc(sasmsg(sashelp.dmine, rpt_effect_vlabel, NOQUOTE))"
460653   ! Abscoefficient = "%sysfunc(sasmsg(sashelp.dmine, rpt_abscoefficient_vlabel,
460653   ! NOQUOTE))"
460654        Coefficient = "%sysfunc(sasmsg(sashelp.dmine, rpt_coefficient_vlabel, NOQUOTE))"
460654   ! tvalue = "%sysfunc(sasmsg(sashelp.dmine, rpt_tvalue_vlabel,         NOQUOTE))"
460654   ! abstvalue = "%sysfunc(sasmsg(sashelp.dmine, rpt_absoluteTvalue_vlabel, NOQUOTE))"
460654   ! PValue =
460655        "%sysfunc(sasmsg(sashelp.dmine, rpt_pvalue_vlabel,         NOQUOTE))";
MPRINT(EM_DIAGRAM):   label EffectLabel = "Effect Label" Effect = "Effect" Abscoefficient = 
"Absolute Coefficient" Coefficient = "Coefficient" tvalue = "T-value" abstvalue = "Absolute 
T-value" PValue = "P Value";
460656     AbsCoefficient = abs(Coefficient);
MPRINT(EM_DIAGRAM):   AbsCoefficient = abs(Coefficient);
460657     AbsTValue = abs(TValue);
MPRINT(EM_DIAGRAM):   AbsTValue = abs(TValue);
460658     where coefficient ne .;
MPRINT(EM_DIAGRAM):   where coefficient ne .;
460659     run;
MPRINT(EM_DIAGRAM):   run;

NOTE: Variable PValue is uninitialized.
NOTE: There were 87 observations read from the data set EMWS8.REG4_ESTIMATEGRID.
      WHERE coefficient not = .;
NOTE: The data set EMWS8.REG4_ESTIMATEGRID has 87 observations and 8 variables.
NOTE: DATA statement used (Total process time):
      real time           0.00 seconds
      cpu time            0.01 seconds
      

MPRINT(EM_DIAGRAM):    proc printto;
MPRINT(EM_DIAGRAM):   run;
