 
                                                                                               
 
 
Variable Summary

          Measurement    Frequency
 Role        Level         Count

INPUT      INTERVAL          11   
INPUT      NOMINAL            1   
TARGET     BINARY             1   
 
                                                                                               
 
 
Model Events

                                  Number
                   Measurement      of
Target    Event       Level       Levels      Order       Label

DepVar      1        BINARY          2      Descending    DepVar
 
                                                                                               
 
 
Predicted and decision variables

Type         Variable     Label

TARGET       DepVar       DepVar             
PREDICTED    P_DepVar1    Predicted: DepVar=1
RESIDUAL     R_DepVar1    Residual: DepVar=1 
PREDICTED    P_DepVar0    Predicted: DepVar=0
RESIDUAL     R_DepVar0    Residual: DepVar=0 
FROM         F_DepVar     From: DepVar       
INTO         I_DepVar     Into: DepVar       
 
                                                                                               
 
 

The DMREG Procedure

                Model Information

Training Data Set              WORK.EM_DMREG.VIEW
DMDB Catalog                   WORK.REG4_DMDB    
Target Variable                DepVar (DepVar)   
Target Measurement Level       Ordinal           
Number of Target Categories    2                 
Error                          MBernoulli        
Link Function                  Logit             
Number of Model Parameters     14                
Number of Observations         2374              


        Target Profile
 
 Ordered     Dep         Total
   Value     Var     Frequency

       1     1             359
       2     0            2015




Stepwise Selection Procedure


Step 0: Intercept entered.
 
                                                                                               
 
 

The DMREG Procedure

Newton-Raphson Ridge Optimization

Without Parameter Scaling

Parameter Estimates               1

                                      Optimization Start

Active Constraints                           0  Objective Function                1008.5278561
Max Abs Gradient Element           1.21847E-13                                                



                                     Optimization Results

Iterations                                   0  Function Calls                               3
Hessian Calls                                1  Active Constraints                           0
Objective Function                1008.5278561  Max Abs Gradient Element           1.21847E-13
Ridge                                        0  Actual Over Pred Change                      0

Convergence criterion (ABSGCONV=0.00001) satisfied.                                            


     Likelihood Ratio Test for Global Null Hypothesis: BETA=0
 
     -2 Log Likelihood          Likelihood
  Intercept     Intercept &          Ratio
       Only      Covariates     Chi-Square       DF     Pr > ChiSq

   2017.056        2017.056         0.0000        0          .    




                         Analysis of Maximum Likelihood Estimates
 
                                  Standard        Wald              Standardized
Parameter           DF  Estimate     Error  Chi-Square  Pr > ChiSq      Estimate  Exp(Est)

Intercept            1   -1.7251    0.0573      906.76      <.0001                   0.178




Step 1: Effect AcceptedCmpTotal entered.
 
                                                                                               
 
 

The DMREG Procedure

Newton-Raphson Ridge Optimization

Without Parameter Scaling

Parameter Estimates               2

                                      Optimization Start

Active Constraints                           0  Objective Function                1008.5278561
Max Abs Gradient Element          121.39679865                                                


                                                                                        Ratio
                                                                                      Between
                                                                                       Actual
                                                       Objective   Max Abs                and
                 Function       Active      Objective   Function  Gradient          Predicted
Iter   Restarts     Calls  Constraints       Function     Change   Element   Ridge     Change

   1          0         2            0      870.56746      138.0   84.1339       0      0.637
   2          0         3            0      844.44406    26.1234    4.2881       0      0.897
   3          0         4            0      843.73864     0.7054    0.1781       0      1.017
   4          0         5            0      843.73814   0.000500  0.000177       0      1.001

                                     Optimization Results

Iterations                                   4  Function Calls                               7
Hessian Calls                                5  Active Constraints                           0
Objective Function                843.73813853  Max Abs Gradient Element          0.0001773839
Ridge                                        0  Actual Over Pred Change            1.000537069

Convergence criterion (GCONV=1E-6) satisfied.                                                  


     Likelihood Ratio Test for Global Null Hypothesis: BETA=0
 
     -2 Log Likelihood          Likelihood
  Intercept     Intercept &          Ratio
       Only      Covariates     Chi-Square       DF     Pr > ChiSq

   2017.056        1687.476       329.5794        1         <.0001


             Type 3 Analysis of Effects
 
                                  Wald
Effect                DF    Chi-Square    Pr > ChiSq

AcceptedCmpTotal       1      272.8514        <.0001


                         Analysis of Maximum Likelihood Estimates
 
                                  Standard        Wald              Standardized
Parameter           DF  Estimate     Error  Chi-Square  Pr > ChiSq      Estimate  Exp(Est)

Intercept            1   -2.3802    0.0792      902.76      <.0001                   0.093
AcceptedCmpTotal     1    1.3544    0.0820      272.85      <.0001        0.4991     3.874


       Odds Ratio Estimates
                 
                              Point
Effect                     Estimate

AcceptedCmpTotal              3.874


Step 2: Effect Recency entered.
 
                                                                                               
 
 

The DMREG Procedure

Newton-Raphson Ridge Optimization

Without Parameter Scaling

Parameter Estimates               3

                                      Optimization Start

Active Constraints                           0  Objective Function                1008.5278561
Max Abs Gradient Element          159.39283313                                                


                                                                                        Ratio
                                                                                      Between
                                                                                       Actual
                                                       Objective   Max Abs                and
                 Function       Active      Objective   Function  Gradient          Predicted
Iter   Restarts     Calls  Constraints       Function     Change   Element   Ridge     Change

   1          0         2            0      727.22150      281.3     141.3       0      0.819
   2          0         3            0      665.36810    61.8534   19.7848       0      1.103
   3          0         4            0      659.72442     5.6437    3.1502       0      1.103
   4          0         5            0      659.56037     0.1641    0.1073       0      1.022
   5          0         6            0      659.56019   0.000180  0.000124       0      1.001

                                     Optimization Results

Iterations                                   5  Function Calls                               8
Hessian Calls                                6  Active Constraints                           0
Objective Function                659.56018755  Max Abs Gradient Element          0.0001238261
Ridge                                        0  Actual Over Pred Change           1.0007531478

Convergence criterion (GCONV=1E-6) satisfied.                                                  


     Likelihood Ratio Test for Global Null Hypothesis: BETA=0
 
     -2 Log Likelihood          Likelihood
  Intercept     Intercept &          Ratio
       Only      Covariates     Chi-Square       DF     Pr > ChiSq

   2017.056        1319.120       697.9353        2         <.0001


             Type 3 Analysis of Effects
 
                                  Wald
Effect                DF    Chi-Square    Pr > ChiSq

AcceptedCmpTotal       1      302.5268        <.0001
Recency                1      235.0735        <.0001


                         Analysis of Maximum Likelihood Estimates
 
                                  Standard        Wald              Standardized
Parameter           DF  Estimate     Error  Chi-Square  Pr > ChiSq      Estimate  Exp(Est)

Intercept            1   -0.6364    0.1124       32.03      <.0001                   0.529
AcceptedCmpTotal     1    1.8540    0.1066      302.53      <.0001        0.6832     6.385
Recency              1   -0.0541   0.00353      235.07      <.0001       -0.8601     0.947


       Odds Ratio Estimates
                 
                              Point
Effect                     Estimate

AcceptedCmpTotal              6.385
Recency                       0.947


Step 3: Effect MntMeatProducts entered.
 
                                                                                               
 
 

The DMREG Procedure

Newton-Raphson Ridge Optimization

Without Parameter Scaling

Parameter Estimates               4

                                      Optimization Start

Active Constraints                           0  Objective Function                1008.5278561
Max Abs Gradient Element          159.39283313                                                


                                                                                        Ratio
                                                                                      Between
                                                                                       Actual
                                                       Objective   Max Abs                and
                 Function       Active      Objective   Function  Gradient          Predicted
Iter   Restarts     Calls  Constraints       Function     Change   Element   Ridge     Change

   1          0         2            0      699.71886      308.8     150.2       0      0.823
   2          0         3            0      631.02087    68.6980   23.1054       0      1.117
   3          0         4            0      623.73496     7.2859    3.9587       0      1.115
   4          0         5            0      623.46608     0.2689    0.1709       0      1.028
   5          0         6            0      623.46560   0.000481  0.000326       0      1.001

                                     Optimization Results

Iterations                                   5  Function Calls                               8
Hessian Calls                                6  Active Constraints                           0
Objective Function                623.46559515  Max Abs Gradient Element          0.0003258898
Ridge                                        0  Actual Over Pred Change           1.0012403916

Convergence criterion (GCONV=1E-6) satisfied.                                                  


     Likelihood Ratio Test for Global Null Hypothesis: BETA=0
 
     -2 Log Likelihood          Likelihood
  Intercept     Intercept &          Ratio
       Only      Covariates     Chi-Square       DF     Pr > ChiSq

   2017.056        1246.931       770.1245        3         <.0001


             Type 3 Analysis of Effects
 
                                  Wald
Effect                DF    Chi-Square    Pr > ChiSq

AcceptedCmpTotal       1      229.9097        <.0001
MntMeatProducts        1       71.3284        <.0001
Recency                1      236.1297        <.0001


                         Analysis of Maximum Likelihood Estimates
 
                                  Standard        Wald              Standardized
Parameter           DF  Estimate     Error  Chi-Square  Pr > ChiSq      Estimate  Exp(Est)

Intercept            1   -1.0329    0.1249       68.39      <.0001                   0.356
AcceptedCmpTotal     1    1.6586    0.1094      229.91      <.0001        0.6112     5.252
MntMeatProducts      1   0.00260  0.000308       71.33      <.0001        0.3101     1.003
Recency              1   -0.0562   0.00365      236.13      <.0001       -0.8924     0.945


       Odds Ratio Estimates
                 
                              Point
Effect                     Estimate

AcceptedCmpTotal              5.252
MntMeatProducts               1.003
Recency                       0.945


Step 4: Effect G_Marital_Status entered.
 
                                                                                               
 
 

The DMREG Procedure

Newton-Raphson Ridge Optimization

Without Parameter Scaling

Parameter Estimates               6

                                      Optimization Start

Active Constraints                           0  Objective Function                1008.5278561
Max Abs Gradient Element          159.39283313                                                


                                                                                        Ratio
                                                                                      Between
                                                                                       Actual
                                                       Objective   Max Abs                and
                 Function       Active      Objective   Function  Gradient          Predicted
Iter   Restarts     Calls  Constraints       Function     Change   Element   Ridge     Change

   1          0         2            0      682.91914      325.6     158.0       0      0.833
   2          0         3            0      606.31917    76.6000   26.4885       0      1.131
   3          0         4            0      596.75728     9.5619    4.9601       0      1.129
   4          0         5            0      596.29689     0.4604    0.2758       0      1.036
   5          0         6            0      596.29548    0.00142  0.000910       0      1.002
   6          0         7            0      596.29548   1.475E-8  9.599E-9       0      1.000

                                     Optimization Results

Iterations                                   6  Function Calls                               9
Hessian Calls                                7  Active Constraints                           0
Objective Function                596.29547524  Max Abs Gradient Element          9.5988481E-9
Ridge                                        0  Actual Over Pred Change           1.0001120518

Convergence criterion (GCONV=1E-6) satisfied.                                                  


     Likelihood Ratio Test for Global Null Hypothesis: BETA=0
 
     -2 Log Likelihood          Likelihood
  Intercept     Intercept &          Ratio
       Only      Covariates     Chi-Square       DF     Pr > ChiSq

   2017.056        1192.591       824.4648        5         <.0001


             Type 3 Analysis of Effects
 
                                  Wald
Effect                DF    Chi-Square    Pr > ChiSq

AcceptedCmpTotal       1      234.5721        <.0001
G_Marital_Status       2       52.8628        <.0001
MntMeatProducts        1       75.5809        <.0001
Recency                1      236.6203        <.0001


                         Analysis of Maximum Likelihood Estimates
 
                                  Standard        Wald              Standardized
Parameter           DF  Estimate     Error  Chi-Square  Pr > ChiSq      Estimate  Exp(Est)

Intercept            1   -0.8325    0.1381       36.36      <.0001                   0.435
AcceptedCmpTotal     1    1.7442    0.1139      234.57      <.0001        0.6427     5.721
G_Marital_Status 0   1    0.5242    0.1188       19.48      <.0001                   1.689
G_Marital_Status 1   1    0.1385    0.1621        0.73      0.3927                   1.149
MntMeatProducts      1   0.00275  0.000316       75.58      <.0001        0.3272     1.003
Recency              1   -0.0584   0.00380      236.62      <.0001       -0.9287     0.943


       Odds Ratio Estimates
                 
                              Point
Effect                     Estimate

AcceptedCmpTotal              5.721
G_Marital_Status 0 vs 2       3.277
G_Marital_Status 1 vs 2       2.229
MntMeatProducts               1.003
Recency                       0.943


Step 5: Effect Income entered.
 
                                                                                               
 
 

The DMREG Procedure

Newton-Raphson Ridge Optimization

Without Parameter Scaling

Parameter Estimates               7

                                      Optimization Start

Active Constraints                           0  Objective Function                1008.5278561
Max Abs Gradient Element          159.39283313                                                


                                                                                        Ratio
                                                                                      Between
                                                                                       Actual
                                                       Objective   Max Abs                and
                 Function       Active      Objective   Function  Gradient          Predicted
Iter   Restarts     Calls  Constraints       Function     Change   Element   Ridge     Change

   1          0         2            0      668.68766      339.8     158.9       0      0.838
   2          0         3            0      589.55999    79.1277   28.9673       0      1.148
   3          0         4            0      578.47833    11.0817    5.7129       0      1.138
   4          0         5            0      577.85381     0.6245    0.3693       0      1.042
   5          0         6            0      577.85116    0.00266   0.00169       0      1.003
   6          0         7            0      577.85116   5.387E-8  3.472E-8       0      1.000

                                     Optimization Results

Iterations                                   6  Function Calls                               9
Hessian Calls                                7  Active Constraints                           0
Objective Function                577.85115694  Max Abs Gradient Element          3.4718166E-8
Ridge                                        0  Actual Over Pred Change            1.000018101

Convergence criterion (GCONV=1E-6) satisfied.                                                  


     Likelihood Ratio Test for Global Null Hypothesis: BETA=0
 
     -2 Log Likelihood          Likelihood
  Intercept     Intercept &          Ratio
       Only      Covariates     Chi-Square       DF     Pr > ChiSq

   2017.056        1155.702       861.3534        6         <.0001


             Type 3 Analysis of Effects
 
                                  Wald
Effect                DF    Chi-Square    Pr > ChiSq

AcceptedCmpTotal       1      242.8952        <.0001
G_Marital_Status       2       53.4075        <.0001
Income                 1       35.3352        <.0001
MntMeatProducts        1       98.5093        <.0001
Recency                1      236.2075        <.0001


                         Analysis of Maximum Likelihood Estimates
 
                                  Standard        Wald              Standardized
Parameter           DF  Estimate     Error  Chi-Square  Pr > ChiSq      Estimate  Exp(Est)

Intercept            1    0.4922    0.2566        3.68      0.0551                   1.636
AcceptedCmpTotal     1    2.0318    0.1304      242.90      <.0001        0.7487     7.628
G_Marital_Status 0   1    0.5280    0.1201       19.33      <.0001                   1.695
G_Marital_Status 1   1    0.1512    0.1645        0.84      0.3581                   1.163
Income               1  -0.00003  5.607E-6       35.34      <.0001       -0.3836     1.000
MntMeatProducts      1   0.00473  0.000476       98.51      <.0001        0.5636     1.005
Recency              1   -0.0603   0.00392      236.21      <.0001       -0.9581     0.941


       Odds Ratio Estimates
                 
                              Point
Effect                     Estimate

AcceptedCmpTotal              7.628
G_Marital_Status 0 vs 2       3.344
G_Marital_Status 1 vs 2       2.294
Income                        1.000
MntMeatProducts               1.005
Recency                       0.941


Step 6: Effect NumDistPurchases entered.
 
                                                                                               
 
 

The DMREG Procedure

Newton-Raphson Ridge Optimization

Without Parameter Scaling

Parameter Estimates               8

                                      Optimization Start

Active Constraints                           0  Objective Function                1008.5278561
Max Abs Gradient Element          159.39283313                                                


                                                                                        Ratio
                                                                                      Between
                                                                                       Actual
                                                       Objective   Max Abs                and
                 Function       Active      Objective   Function  Gradient          Predicted
Iter   Restarts     Calls  Constraints       Function     Change   Element   Ridge     Change

   1          0         2            0      661.64039      346.9     163.4       0      0.844
   2          0         3            0      577.41498    84.2254   30.7266       0      1.152
   3          0         4            0      564.85864    12.5563    6.2769       0      1.145
   4          0         5            0      564.06624     0.7924    0.4515       0      1.047
   5          0         6            0      564.06197    0.00427   0.00263       0      1.004
   6          0         7            0      564.06197   1.405E-7  8.785E-8       0      1.000

                                     Optimization Results

Iterations                                   6  Function Calls                               9
Hessian Calls                                7  Active Constraints                           0
Objective Function                564.06197052  Max Abs Gradient Element          8.7854359E-8
Ridge                                        0  Actual Over Pred Change           1.0000265951

Convergence criterion (GCONV=1E-6) satisfied.                                                  


     Likelihood Ratio Test for Global Null Hypothesis: BETA=0
 
     -2 Log Likelihood          Likelihood
  Intercept     Intercept &          Ratio
       Only      Covariates     Chi-Square       DF     Pr > ChiSq

   2017.056        1128.124       888.9318        7         <.0001


             Type 3 Analysis of Effects
 
                                  Wald
Effect                DF    Chi-Square    Pr > ChiSq

AcceptedCmpTotal       1      225.8239        <.0001
G_Marital_Status       2       53.7880        <.0001
Income                 1       57.5545        <.0001
MntMeatProducts        1       87.0449        <.0001
NumDistPurchases       1       27.3493        <.0001
Recency                1      238.9757        <.0001


                         Analysis of Maximum Likelihood Estimates
 
                                  Standard        Wald              Standardized
Parameter           DF  Estimate     Error  Chi-Square  Pr > ChiSq      Estimate  Exp(Est)

Intercept            1    0.5949    0.2612        5.19      0.0228                   1.813
AcceptedCmpTotal     1    1.9805    0.1318      225.82      <.0001        0.7298     7.246
G_Marital_Status 0   1    0.5264    0.1217       18.71      <.0001                   1.693
G_Marital_Status 1   1    0.1723    0.1675        1.06      0.3035                   1.188
Income               1  -0.00005  6.705E-6       57.55      <.0001       -0.5855     1.000
MntMeatProducts      1   0.00443  0.000475       87.04      <.0001        0.5282     1.004
NumDistPurchases     1    0.1312    0.0251       27.35      <.0001        0.3329     1.140
Recency              1   -0.0620   0.00401      238.98      <.0001       -0.9853     0.940


       Odds Ratio Estimates
                 
                              Point
Effect                     Estimate

AcceptedCmpTotal              7.246
G_Marital_Status 0 vs 2       3.405
G_Marital_Status 1 vs 2       2.389
Income                        1.000
MntMeatProducts               1.004
NumDistPurchases              1.140
Recency                       0.940


Step 7: Effect Frq entered.
 
                                                                                               
 
 

The DMREG Procedure

Newton-Raphson Ridge Optimization

Without Parameter Scaling

Parameter Estimates               9

                                      Optimization Start

Active Constraints                           0  Objective Function                1008.5278561
Max Abs Gradient Element          159.39283313                                                


                                                                                        Ratio
                                                                                      Between
                                                                                       Actual
                                                       Objective   Max Abs                and
                 Function       Active      Objective   Function  Gradient          Predicted
Iter   Restarts     Calls  Constraints       Function     Change   Element   Ridge     Change

   1          0         2            0      634.43743      374.1     170.0       0      0.844
   2          0         3            0      541.61848    92.8190   34.5312       0      1.170
   3          0         4            0      525.17499    16.4435    7.8821       0      1.162
   4          0         5            0      523.80332     1.3717    0.7427       0      1.062
   5          0         6            0      523.79015     0.0132   0.00782       0      1.007
   6          0         7            0      523.79015   1.422E-6  8.591E-7       0      1.000

                                     Optimization Results

Iterations                                   6  Function Calls                               9
Hessian Calls                                7  Active Constraints                           0
Objective Function                523.79015173  Max Abs Gradient Element          8.5909242E-7
Ridge                                        0  Actual Over Pred Change           1.0000726598

Convergence criterion (GCONV=1E-6) satisfied.                                                  


     Likelihood Ratio Test for Global Null Hypothesis: BETA=0
 
     -2 Log Likelihood          Likelihood
  Intercept     Intercept &          Ratio
       Only      Covariates     Chi-Square       DF     Pr > ChiSq

   2017.056        1047.580       969.4754        8         <.0001


             Type 3 Analysis of Effects
 
                                  Wald
Effect                DF    Chi-Square    Pr > ChiSq

AcceptedCmpTotal       1      219.4874        <.0001
Frq                    1       69.1463        <.0001
G_Marital_Status       2       55.4739        <.0001
Income                 1       21.3569        <.0001
MntMeatProducts        1       88.8087        <.0001
NumDistPurchases       1       92.6138        <.0001
Recency                1      235.5478        <.0001


                         Analysis of Maximum Likelihood Estimates
 
                                  Standard        Wald              Standardized
Parameter           DF  Estimate     Error  Chi-Square  Pr > ChiSq      Estimate  Exp(Est)

Intercept            1    1.0413    0.2787       13.96      0.0002                   2.833
AcceptedCmpTotal     1    2.0558    0.1388      219.49      <.0001        0.7576     7.813
Frq                  1   -0.3076    0.0370       69.15      <.0001       -1.2143     0.735
G_Marital_Status 0   1    0.5961    0.1264       22.26      <.0001                   1.815
G_Marital_Status 1   1    0.1111    0.1735        0.41      0.5222                   1.117
Income               1  -0.00003  7.196E-6       21.36      <.0001       -0.3828     1.000
MntMeatProducts      1   0.00476  0.000505       88.81      <.0001        0.5671     1.005
NumDistPurchases     1    0.4943    0.0514       92.61      <.0001        1.2541     1.639
Recency              1   -0.0658   0.00429      235.55      <.0001       -1.0462     0.936


       Odds Ratio Estimates
                 
                              Point
Effect                     Estimate

AcceptedCmpTotal              7.813
Frq                           0.735
G_Marital_Status 0 vs 2       3.681
G_Marital_Status 1 vs 2       2.267
Income                        1.000
MntMeatProducts               1.005
NumDistPurchases              1.639
Recency                       0.936


Step 8: Effect Mnt entered.
 
                                                                                               
 
 

The DMREG Procedure

Newton-Raphson Ridge Optimization

Without Parameter Scaling

Parameter Estimates              10

                                      Optimization Start

Active Constraints                           0  Objective Function                1008.5278561
Max Abs Gradient Element          159.39283313                                                


                                                                                        Ratio
                                                                                      Between
                                                                                       Actual
                                                       Objective   Max Abs                and
                 Function       Active      Objective   Function  Gradient          Predicted
Iter   Restarts     Calls  Constraints       Function     Change   Element   Ridge     Change

   1          0         2            0      622.86622      385.7     168.4       0      0.849
   2          0         3            0      530.23265    92.6336   36.0669       0      1.181
   3          0         4            0      512.90750    17.3251    8.3336       0      1.166
   4          0         5            0      511.37333     1.5342    0.8324       0      1.066
   5          0         6            0      511.35657     0.0168    0.0100       0      1.008
   6          0         7            0      511.35657   2.369E-6  1.446E-6       0      1.000

                                     Optimization Results

Iterations                                   6  Function Calls                               9
Hessian Calls                                7  Active Constraints                           0
Objective Function                511.35656613  Max Abs Gradient Element           1.445985E-6
Ridge                                        0  Actual Over Pred Change           1.0000946533

Convergence criterion (GCONV=1E-6) satisfied.                                                  


     Likelihood Ratio Test for Global Null Hypothesis: BETA=0
 
     -2 Log Likelihood          Likelihood
  Intercept     Intercept &          Ratio
       Only      Covariates     Chi-Square       DF     Pr > ChiSq

   2017.056        1022.713       994.3426        9         <.0001


             Type 3 Analysis of Effects
 
                                  Wald
Effect                DF    Chi-Square    Pr > ChiSq

AcceptedCmpTotal       1      218.3872        <.0001
Frq                    1       59.2727        <.0001
G_Marital_Status       2       59.5313        <.0001
Income                 1       10.5375        0.0012
Mnt                    1       22.8534        <.0001
MntMeatProducts        1       95.5624        <.0001
NumDistPurchases       1       99.6261        <.0001
Recency                1      232.7173        <.0001


                         Analysis of Maximum Likelihood Estimates
 
                                  Standard        Wald              Standardized
Parameter           DF  Estimate     Error  Chi-Square  Pr > ChiSq      Estimate  Exp(Est)

Intercept            1    0.6719    0.2897        5.38      0.0204                   1.958
AcceptedCmpTotal     1    2.2703    0.1536      218.39      <.0001        0.8366     9.682
Frq                  1   -0.2901    0.0377       59.27      <.0001       -1.1449     0.748
G_Marital_Status 0   1    0.6243    0.1276       23.95      <.0001                   1.867
G_Marital_Status 1   1    0.1285    0.1735        0.55      0.4589                   1.137
Income               1  -0.00002  7.469E-6       10.54      0.0012       -0.2791     1.000
Mnt                  1  -0.00173  0.000361       22.85      <.0001       -0.5751     0.998
MntMeatProducts      1   0.00714  0.000730       95.56      <.0001        0.8505     1.007
NumDistPurchases     1    0.5371    0.0538       99.63      <.0001        1.3627     1.711
Recency              1   -0.0666   0.00436      232.72      <.0001       -1.0580     0.936


       Odds Ratio Estimates
                 
                              Point
Effect                     Estimate

AcceptedCmpTotal              9.682
Frq                           0.748
G_Marital_Status 0 vs 2       3.963
G_Marital_Status 1 vs 2       2.414
Income                        1.000
Mnt                           0.998
MntMeatProducts               1.007
NumDistPurchases              1.711
Recency                       0.936


Step 9: Effect MntGoldProds entered.
 
                                                                                               
 
 

The DMREG Procedure

Newton-Raphson Ridge Optimization

Without Parameter Scaling

Parameter Estimates              11

                                      Optimization Start

Active Constraints                           0  Objective Function                1008.5278561
Max Abs Gradient Element          159.39283313                                                


                                                                                        Ratio
                                                                                      Between
                                                                                       Actual
                                                       Objective   Max Abs                and
                 Function       Active      Objective   Function  Gradient          Predicted
Iter   Restarts     Calls  Constraints       Function     Change   Element   Ridge     Change

   1          0         2            0      620.50587      388.0     170.2       0      0.850
   2          0         3            0      525.40082    95.1050   36.8534       0      1.184
   3          0         4            0      506.81715    18.5837    8.8293       0      1.172
   4          0         5            0      505.03008     1.7871    0.9590       0      1.071
   5          0         6            0      505.00702     0.0231    0.0138       0      1.009
   6          0         7            0      505.00702   4.599E-6  2.819E-6       0      1.000

                                     Optimization Results

Iterations                                   6  Function Calls                               9
Hessian Calls                                7  Active Constraints                           0
Objective Function                 505.0070179  Max Abs Gradient Element          2.8191904E-6
Ridge                                        0  Actual Over Pred Change           1.0001348618

Convergence criterion (GCONV=1E-6) satisfied.                                                  


     Likelihood Ratio Test for Global Null Hypothesis: BETA=0
 
     -2 Log Likelihood          Likelihood
  Intercept     Intercept &          Ratio
       Only      Covariates     Chi-Square       DF     Pr > ChiSq

   2017.056        1010.014      1007.0417       10         <.0001


             Type 3 Analysis of Effects
 
                                  Wald
Effect                DF    Chi-Square    Pr > ChiSq

AcceptedCmpTotal       1      220.9120        <.0001
Frq                    1       59.1144        <.0001
G_Marital_Status       2       59.9476        <.0001
Income                 1        9.4696        0.0021
Mnt                    1       29.7761        <.0001
MntGoldProds           1       12.8032        0.0003
MntMeatProducts        1      103.8984        <.0001
NumDistPurchases       1       94.0637        <.0001
Recency                1      232.4377        <.0001


                         Analysis of Maximum Likelihood Estimates
 
                                  Standard        Wald              Standardized
Parameter           DF  Estimate     Error  Chi-Square  Pr > ChiSq      Estimate  Exp(Est)

Intercept            1    0.6173    0.2910        4.50      0.0339                   1.854
AcceptedCmpTotal     1    2.2900    0.1541      220.91      <.0001        0.8438     9.875
Frq                  1   -0.2915    0.0379       59.11      <.0001       -1.1505     0.747
G_Marital_Status 0   1    0.6245    0.1283       23.70      <.0001                   1.867
G_Marital_Status 1   1    0.1391    0.1749        0.63      0.4266                   1.149
Income               1  -0.00002  7.479E-6        9.47      0.0021       -0.2649     1.000
Mnt                  1  -0.00204  0.000374       29.78      <.0001       -0.6807     0.998
MntGoldProds         1   0.00608   0.00170       12.80      0.0003        0.1714     1.006
MntMeatProducts      1   0.00759  0.000744      103.90      <.0001        0.9044     1.008
NumDistPurchases     1    0.5191    0.0535       94.06      <.0001        1.3172     1.681
Recency              1   -0.0683   0.00448      232.44      <.0001       -1.0849     0.934


       Odds Ratio Estimates
                 
                              Point
Effect                     Estimate

AcceptedCmpTotal              9.875
Frq                           0.747
G_Marital_Status 0 vs 2       4.007
G_Marital_Status 1 vs 2       2.466
Income                        1.000
Mnt                           0.998
MntGoldProds                  1.006
MntMeatProducts               1.008
NumDistPurchases              1.681
Recency                       0.934


Step 10: Effect RMntFrq entered.
 
                                                                                               
 
 

The DMREG Procedure

Newton-Raphson Ridge Optimization

Without Parameter Scaling

Parameter Estimates              12

                                      Optimization Start

Active Constraints                           0  Objective Function                1008.5278561
Max Abs Gradient Element          159.39283313                                                


                                                                                        Ratio
                                                                                      Between
                                                                                       Actual
                                                       Objective   Max Abs                and
                 Function       Active      Objective   Function  Gradient          Predicted
Iter   Restarts     Calls  Constraints       Function     Change   Element   Ridge     Change

   1          0         2            0      618.15875      390.4     172.1       0      0.851
   2          0         3            0      521.33181    96.8269   37.2300       0      1.184
   3          0         4            0      501.99170    19.3401    9.0989       0      1.175
   4          0         5            0      500.03339     1.9583    1.0389       0      1.075
   5          0         6            0      500.00530     0.0281    0.0167       0      1.010
   6          0         7            0      500.00530   6.968E-6   4.26E-6       0      1.000

                                     Optimization Results

Iterations                                   6  Function Calls                               9
Hessian Calls                                7  Active Constraints                           0
Objective Function                500.00529713  Max Abs Gradient Element           4.259724E-6
Ridge                                        0  Actual Over Pred Change            1.000168015

Convergence criterion (GCONV=1E-6) satisfied.                                                  


     Likelihood Ratio Test for Global Null Hypothesis: BETA=0
 
     -2 Log Likelihood          Likelihood
  Intercept     Intercept &          Ratio
       Only      Covariates     Chi-Square       DF     Pr > ChiSq

   2017.056        1000.011      1017.0451       11         <.0001


             Type 3 Analysis of Effects
 
                                  Wald
Effect                DF    Chi-Square    Pr > ChiSq

AcceptedCmpTotal       1      226.7475        <.0001
Frq                    1       25.7089        <.0001
G_Marital_Status       2       61.3656        <.0001
Income                 1       15.1009        0.0001
Mnt                    1       31.4762        <.0001
MntGoldProds           1       10.2308        0.0014
MntMeatProducts        1      109.3595        <.0001
NumDistPurchases       1       92.5466        <.0001
RMntFrq                1       10.0897        0.0015
Recency                1      232.1020        <.0001


                         Analysis of Maximum Likelihood Estimates
 
                                  Standard        Wald              Standardized
Parameter           DF  Estimate     Error  Chi-Square  Pr > ChiSq      Estimate  Exp(Est)

Intercept            1    0.1690    0.3258        0.27      0.6039                   1.184
AcceptedCmpTotal     1    2.3476    0.1559      226.75      <.0001        0.8651    10.460
Frq                  1   -0.2212    0.0436       25.71      <.0001       -0.8732     0.802
G_Marital_Status 0   1    0.6246    0.1289       23.47      <.0001                   1.867
G_Marital_Status 1   1    0.1662    0.1751        0.90      0.3424                   1.181
Income               1  -0.00003   7.92E-6       15.10      0.0001       -0.3543     1.000
Mnt                  1  -0.00381  0.000678       31.48      <.0001       -1.2683     0.996
MntGoldProds         1   0.00543   0.00170       10.23      0.0014        0.1531     1.005
MntMeatProducts      1   0.00789  0.000755      109.36      <.0001        0.9409     1.008
NumDistPurchases     1    0.5134    0.0534       92.55      <.0001        1.3025     1.671
RMntFrq              1    0.0280   0.00881       10.09      0.0015        0.4639     1.028
Recency              1   -0.0691   0.00454      232.10      <.0001       -1.0984     0.933


       Odds Ratio Estimates
                 
                              Point
Effect                     Estimate

AcceptedCmpTotal             10.460
Frq                           0.802
G_Marital_Status 0 vs 2       4.118
G_Marital_Status 1 vs 2       2.604
Income                        1.000
Mnt                           0.996
MntGoldProds                  1.005
MntMeatProducts               1.008
NumDistPurchases              1.671
RMntFrq                       1.028
Recency                       0.933


Step 11: Effect MntWines entered.
 
                                                                                               
 
 

The DMREG Procedure

Newton-Raphson Ridge Optimization

Without Parameter Scaling

Parameter Estimates              13

                                      Optimization Start

Active Constraints                           0  Objective Function                1008.5278561
Max Abs Gradient Element          159.39283313                                                


                                                                                        Ratio
                                                                                      Between
                                                                                       Actual
                                                       Objective   Max Abs                and
                 Function       Active      Objective   Function  Gradient          Predicted
Iter   Restarts     Calls  Constraints       Function     Change   Element   Ridge     Change

   1          0         2            0      614.58075      393.9     172.9       0      0.851
   2          0         3            0      516.76318    97.8176   37.8116       0      1.186
   3          0         4            0      496.99000    19.7732    9.3179       0      1.176
   4          0         5            0      494.95379     2.0362    1.0822       0      1.076
   5          0         6            0      494.92344     0.0304    0.0181       0      1.011
   6          0         7            0      494.92343   8.177E-6  4.993E-6       0      1.000

                                     Optimization Results

Iterations                                   6  Function Calls                               9
Hessian Calls                                7  Active Constraints                           0
Objective Function                494.92343222  Max Abs Gradient Element          4.9933521E-6
Ridge                                        0  Actual Over Pred Change           1.0001825614

Convergence criterion (GCONV=1E-6) satisfied.                                                  


     Likelihood Ratio Test for Global Null Hypothesis: BETA=0
 
     -2 Log Likelihood          Likelihood
  Intercept     Intercept &          Ratio
       Only      Covariates     Chi-Square       DF     Pr > ChiSq

   2017.056         989.847      1027.2088       12         <.0001


             Type 3 Analysis of Effects
 
                                  Wald
Effect                DF    Chi-Square    Pr > ChiSq

AcceptedCmpTotal       1      210.8355        <.0001
Frq                    1       26.1524        <.0001
G_Marital_Status       2       60.0410        <.0001
Income                 1       13.0941        0.0003
Mnt                    1       31.3013        <.0001
MntGoldProds           1       19.6827        <.0001
MntMeatProducts        1       62.1067        <.0001
MntWines               1        9.6264        0.0019
NumDistPurchases       1       90.7017        <.0001
RMntFrq                1       10.0561        0.0015
Recency                1      231.7860        <.0001


                         Analysis of Maximum Likelihood Estimates
 
                                  Standard        Wald              Standardized
Parameter           DF  Estimate     Error  Chi-Square  Pr > ChiSq      Estimate  Exp(Est)

Intercept            1    0.1692    0.3288        0.26      0.6067                   1.184
AcceptedCmpTotal     1    2.2820    0.1572      210.84      <.0001        0.8409     9.796
Frq                  1   -0.2266    0.0443       26.15      <.0001       -0.8947     0.797
G_Marital_Status 0   1    0.6306    0.1300       23.52      <.0001                   1.879
G_Marital_Status 1   1    0.1496    0.1767        0.72      0.3973                   1.161
Income               1  -0.00003  8.061E-6       13.09      0.0003       -0.3358     1.000
Mnt                  1  -0.00704   0.00126       31.30      <.0001       -2.3449     0.993
MntGoldProds         1   0.00967   0.00218       19.68      <.0001        0.2727     1.010
MntMeatProducts      1    0.0117   0.00149       62.11      <.0001        1.3982     1.012
MntWines             1   0.00361   0.00116        9.63      0.0019        0.6806     1.004
NumDistPurchases     1    0.5134    0.0539       90.70      <.0001        1.3028     1.671
RMntFrq              1    0.0283   0.00893       10.06      0.0015        0.4693     1.029
Recency              1   -0.0692   0.00455      231.79      <.0001       -1.1002     0.933


       Odds Ratio Estimates
                 
                              Point
Effect                     Estimate

AcceptedCmpTotal              9.796
Frq                           0.797
G_Marital_Status 0 vs 2       4.099
G_Marital_Status 1 vs 2       2.534
Income                        1.000
Mnt                           0.993
MntGoldProds                  1.010
MntMeatProducts               1.012
MntWines                      1.004
NumDistPurchases              1.671
RMntFrq                       1.029
Recency                       0.933


Step 12: Effect RFMstat entered.
 
                                                                                               
 
 

The DMREG Procedure

Newton-Raphson Ridge Optimization

Without Parameter Scaling

Parameter Estimates              14

                                      Optimization Start

Active Constraints                           0  Objective Function                1008.5278561
Max Abs Gradient Element          159.39283313                                                


                                                                                        Ratio
                                                                                      Between
                                                                                       Actual
                                                       Objective   Max Abs                and
                 Function       Active      Objective   Function  Gradient          Predicted
Iter   Restarts     Calls  Constraints       Function     Change   Element   Ridge     Change

   1          0         2            0      602.64949      405.9     164.1       0      0.846
   2          0         3            0      511.94926    90.7002   36.4675       0      1.191
   3          0         4            0      493.52506    18.4242    8.9629       0      1.174
   4          0         5            0      491.67131     1.8537    1.0293       0      1.075
   5          0         6            0      491.64475     0.0266    0.0166       0      1.010
   6          0         7            0      491.64474    6.62E-6  4.247E-6       0      1.000

                                     Optimization Results

Iterations                                   6  Function Calls                               9
Hessian Calls                                7  Active Constraints                           0
Objective Function                491.64474237  Max Abs Gradient Element          4.2472381E-6
Ridge                                        0  Actual Over Pred Change           1.0001689564

Convergence criterion (GCONV=1E-6) satisfied.                                                  


     Likelihood Ratio Test for Global Null Hypothesis: BETA=0
 
     -2 Log Likelihood          Likelihood
  Intercept     Intercept &          Ratio
       Only      Covariates     Chi-Square       DF     Pr > ChiSq

   2017.056         983.289      1033.7662       13         <.0001


             Type 3 Analysis of Effects
 
                                  Wald
Effect                DF    Chi-Square    Pr > ChiSq

AcceptedCmpTotal       1      211.7110        <.0001
Frq                    1       28.5706        <.0001
G_Marital_Status       2       60.3433        <.0001
Income                 1       12.9740        0.0003
Mnt                    1       32.4470        <.0001
MntGoldProds           1       19.3447        <.0001
MntMeatProducts        1       62.5460        <.0001
MntWines               1        9.5510        0.0020
NumDistPurchases       1       91.2043        <.0001
RFMstat                1        5.8758        0.0154
RMntFrq                1        9.5168        0.0020
Recency                1      169.8388        <.0001


                         Analysis of Maximum Likelihood Estimates
 
                                  Standard        Wald              Standardized
Parameter           DF  Estimate     Error  Chi-Square  Pr > ChiSq      Estimate  Exp(Est)

Intercept            1    0.1226    0.3303        0.14      0.7104                   1.130
AcceptedCmpTotal     1    2.3101    0.1588      211.71      <.0001        0.8513    10.076
Frq                  1   -0.2440    0.0456       28.57      <.0001       -0.9631     0.784
G_Marital_Status 0   1    0.6266    0.1305       23.07      <.0001                   1.871
G_Marital_Status 1   1    0.1695    0.1771        0.92      0.3385                   1.185
Income               1  -0.00003  8.086E-6       12.97      0.0003       -0.3353     1.000
Mnt                  1  -0.00725   0.00127       32.45      <.0001       -2.4176     0.993
MntGoldProds         1   0.00967   0.00220       19.34      <.0001        0.2727     1.010
MntMeatProducts      1    0.0119   0.00150       62.55      <.0001        1.4162     1.012
MntWines             1   0.00364   0.00118        9.55      0.0020        0.6857     1.004
NumDistPurchases     1    0.5267    0.0552       91.20      <.0001        1.3365     1.693
RFMstat              1  0.000175  0.000072        5.88      0.0154        0.1512     1.000
RMntFrq              1    0.0279   0.00905        9.52      0.0020        0.4626     1.028
Recency              1   -0.0639   0.00490      169.84      <.0001       -1.0156     0.938


       Odds Ratio Estimates
                 
                              Point
Effect                     Estimate

AcceptedCmpTotal             10.076
Frq                           0.784
G_Marital_Status 0 vs 2       4.148
G_Marital_Status 1 vs 2       2.626
Income                        1.000
Mnt                           0.993
MntGoldProds                  1.010
MntMeatProducts               1.012
MntWines                      1.004
NumDistPurchases              1.693
RFMstat                       1.000
RMntFrq                       1.028
Recency                       0.938


NOTE: All effects have been entered into the model.


                              Summary of Stepwise Selection
 
                 Effect                 Number         Score          Wald
    Step    Entered               DF        In    Chi-Square    Chi-Square    Pr > ChiSq

       1    AcceptedCmpTotal       1         1      433.2368                      <.0001
       2    Recency                1         2      316.6310                      <.0001
       3    MntMeatProducts        1         3       77.4305                      <.0001
       4    G_Marital_Status       2         4       55.6756                      <.0001
       5    Income                 1         5       36.6339                      <.0001
       6    NumDistPurchases       1         6       28.1100                      <.0001
       7    Frq                    1         7       75.1736                      <.0001
       8    Mnt                    1         8       23.7414                      <.0001
       9    MntGoldProds           1         9       12.9823                      0.0003
      10    RMntFrq                1        10       10.3032                      0.0013
      11    MntWines               1        11        9.7992                      0.0017
      12    RFMstat                1        12        5.0907                      0.0241


The selected model is the model trained in the last step (Step 12). It consists of the 
following effects:

Intercept  AcceptedCmpTotal  Frq  G_Marital_Status  Income  Mnt  MntGoldProds  MntMeatProducts 
 MntWines  NumDistPurchases  RFMstat  RMntFrq  Recency  


     Likelihood Ratio Test for Global Null Hypothesis: BETA=0
 
     -2 Log Likelihood          Likelihood
  Intercept     Intercept &          Ratio
       Only      Covariates     Chi-Square       DF     Pr > ChiSq

   2017.056         983.289      1033.7662       13         <.0001


             Type 3 Analysis of Effects
 
                                  Wald
Effect                DF    Chi-Square    Pr > ChiSq

AcceptedCmpTotal       1      211.7110        <.0001
Frq                    1       28.5706        <.0001
G_Marital_Status       2       60.3433        <.0001
Income                 1       12.9740        0.0003
Mnt                    1       32.4470        <.0001
MntGoldProds           1       19.3447        <.0001
MntMeatProducts        1       62.5460        <.0001
MntWines               1        9.5510        0.0020
NumDistPurchases       1       91.2043        <.0001
RFMstat                1        5.8758        0.0154
RMntFrq                1        9.5168        0.0020
Recency                1      169.8388        <.0001


                         Analysis of Maximum Likelihood Estimates
 
                                  Standard        Wald              Standardized
Parameter           DF  Estimate     Error  Chi-Square  Pr > ChiSq      Estimate  Exp(Est)

Intercept            1    0.1226    0.3303        0.14      0.7104                   1.130
AcceptedCmpTotal     1    2.3101    0.1588      211.71      <.0001        0.8513    10.076
Frq                  1   -0.2440    0.0456       28.57      <.0001       -0.9631     0.784
G_Marital_Status 0   1    0.6266    0.1305       23.07      <.0001                   1.871
G_Marital_Status 1   1    0.1695    0.1771        0.92      0.3385                   1.185
Income               1  -0.00003  8.086E-6       12.97      0.0003       -0.3353     1.000
Mnt                  1  -0.00725   0.00127       32.45      <.0001       -2.4176     0.993
MntGoldProds         1   0.00967   0.00220       19.34      <.0001        0.2727     1.010
MntMeatProducts      1    0.0119   0.00150       62.55      <.0001        1.4162     1.012
MntWines             1   0.00364   0.00118        9.55      0.0020        0.6857     1.004
NumDistPurchases     1    0.5267    0.0552       91.20      <.0001        1.3365     1.693
RFMstat              1  0.000175  0.000072        5.88      0.0154        0.1512     1.000
RMntFrq              1    0.0279   0.00905        9.52      0.0020        0.4626     1.028
Recency              1   -0.0639   0.00490      169.84      <.0001       -1.0156     0.938


       Odds Ratio Estimates
                 
                              Point
Effect                     Estimate

AcceptedCmpTotal             10.076
Frq                           0.784
G_Marital_Status 0 vs 2       4.148
G_Marital_Status 1 vs 2       2.626
Income                        1.000
Mnt                           0.993
MntGoldProds                  1.010
MntMeatProducts               1.012
MntWines                      1.004
NumDistPurchases              1.693
RFMstat                       1.000
RMntFrq                       1.028
Recency                       0.938
