 
                                                                                               
 
 
Fit Statistics

Target=DepVar Target Label=DepVar

   Fit
Statistics    Statistics Label                     Train    Validation

 _DFT_        Total Degrees of Freedom           2374.00          .   
 _DFE_        Degrees of Freedom for Error       1295.00          .   
 _DFM_        Model Degrees of Freedom           1079.00          .   
 _NW_         Number of Estimated Weights        1079.00          .   
 _AIC_        Akaike's Information Criterion     2192.45          .   
 _SBC_        Schwarz's Bayesian Criterion       8420.80          .   
 _ASE_        Average Squared Error                 0.00         0.04 
 _MAX_        Maximum Absolute Error                0.94         1.00 
 _DIV_        Divisor for ASE                    4748.00      2036.00 
 _NOBS_       Sum of Frequencies                 2374.00      1018.00 
 _RASE_       Root Average Squared Error            0.04         0.20 
 _SSE_        Sum of Squared Errors                 8.09        78.26 
 _SUMW_       Sum of Case Weights Times Freq     4748.00      2036.00 
 _FPE_        Final Prediction Error                0.00          .   
 _MSE_        Mean Squared Error                    0.00         0.04 
 _RFPE_       Root Final Prediction Error           0.07          .   
 _RMSE_       Root Mean Squared Error               0.06         0.20 
 _AVERR_      Average Error Function                0.01         0.28 
 _ERR_        Error Function                       34.45       560.00 
 _MISC_       Misclassification Rate                0.00         0.04 
 _WRONG_      Number of Wrong Classifications       4.00        39.00 
 
                                                                                               
 
 
Classification Table

Data Role=TRAIN Target Variable=DepVar Target Label=DepVar

                       Target        Outcome     Frequency       Total
Target    Outcome    Percentage    Percentage      Count      Percentage

  0          0          99.802       100.000        2015        84.8778 
  1          0           0.198         1.114           4         0.1685 
  1          1         100.000        98.886         355        14.9537 


Data Role=VALIDATE Target Variable=DepVar Target Label=DepVar

                       Target        Outcome     Frequency       Total
Target    Outcome    Percentage    Percentage      Count      Percentage

  0          0         97.3563       98.1460        847         83.2024 
  1          0          2.6437       14.8387         23          2.2593 
  0          1         10.8108        1.8540         16          1.5717 
  1          1         89.1892       85.1613        132         12.9666 
 
                                                                                               
 
 
Event Classification Table

Data Role=TRAIN Target=DepVar Target Label=DepVar

  False       True        False       True
Negative    Negative    Positive    Positive

    4         2015          .          355  


Data Role=VALIDATE Target=DepVar Target Label=DepVar

  False       True        False       True
Negative    Negative    Positive    Positive

   23          847         16          132  
 
                                                                                               
 
 
Assessment Score Rankings

Data Role=TRAIN Target Variable=DepVar Target Label=DepVar

                                                                                    Mean
                            Cumulative       %      Cumulative     Number of     Posterior
Depth      Gain     Lift       Lift      Response   % Response   Observations   Probability

   5    561.281   6.61281     6.61281     100.000     100.000         119         0.99991  
  10    561.281   6.61281     6.61281     100.000     100.000         119         0.99978  
  15    557.577   6.50167     6.57577      98.319      99.440         119         0.97778  
  20    399.789   0.22416     4.99789       3.390      75.579         118         0.03837  
  25    299.663   0.00000     3.99663       0.000      60.438         119         0.00227  
  30    232.959   0.00000     3.32959       0.000      50.351         119         0.00087  
  35    185.680   0.00000     2.85680       0.000      43.201         118         0.00046  
  40    149.895   0.00000     2.49895       0.000      37.789         119         0.00027  
  45    122.077   0.00000     2.22077       0.000      33.583         119         0.00017  
  50    100.000   0.00000     2.00000       0.000      30.244         118         0.00012  
  55     81.776   0.00000     1.81776       0.000      27.489         119         0.00009  
  60     66.596   0.00000     1.66596       0.000      25.193         119         0.00009  
  65     53.756   0.00000     1.53756       0.000      23.251         119         0.00008  
  70     42.840   0.00000     1.42840       0.000      21.600         118         0.00007  
  75     33.296   0.00000     1.33296       0.000      20.157         119         0.00007  
  80     24.947   0.00000     1.24947       0.000      18.895         119         0.00006  
  85     17.641   0.00000     1.17641       0.000      17.790         118         0.00006  
  90     11.090   0.00000     1.11090       0.000      16.799         119         0.00005  
  95      5.230   0.00000     1.05230       0.000      15.913         119         0.00004  
 100      0.000   0.00000     1.00000       0.000      15.122         118         0.00003  


Data Role=VALIDATE Target Variable=DepVar Target Label=DepVar

                                                                                    Mean
                            Cumulative       %      Cumulative     Number of     Posterior
Depth      Gain     Lift       Lift      Response   % Response   Observations   Probability

   5    518.140   6.18140     6.18140     94.1176     94.1176         51          0.99991  
  10    511.701   6.05262     6.11701     92.1569     93.1373         51          0.99975  
  15    466.629   4.76483     5.66629     72.5490     86.2745         51          0.88532  
  20    341.069   0.64390     4.41069      9.8039     67.1569         51          0.05316  
  25    263.157   0.51512     3.63157      7.8431     55.2941         51          0.00236  
  30    202.631   0.00000     3.02631      0.0000     46.0784         51          0.00081  
  35    161.238   0.12878     2.61238      1.9608     39.7759         51          0.00043  
  40    135.022   0.51512     2.35022      7.8431     35.7843         51          0.00027  
  45    110.339   0.12878     2.10339      1.9608     32.0261         51          0.00017  
  50     90.968   0.13135     1.90968      2.0000     29.0766         50          0.00012  
  55     74.749   0.12878     1.74749      1.9608     26.6071         51          0.00009  
  60     61.238   0.12878     1.61238      1.9608     24.5499         51          0.00009  
  65     48.816   0.00000     1.48816      0.0000     22.6586         51          0.00008  
  70     38.171   0.00000     1.38171      0.0000     21.0379         51          0.00008  
  75     31.527   0.38634     1.31527      5.8824     20.0262         51          0.00007  
  80     23.296   0.00000     1.23296      0.0000     18.7730         51          0.00006  
  85     16.035   0.00000     1.16035      0.0000     17.6674         51          0.00006  
  90     10.298   0.12878     1.10298      1.9608     16.7939         51          0.00005  
  95      5.165   0.12878     1.05165      1.9608     16.0124         51          0.00004  
 100      0.000   0.00000     1.00000      0.0000     15.2259         50          0.00003  
 
                                                                                               
 
 
Assessment Score Distribution

Data Role=TRAIN Target Variable=DepVar Target Label=DepVar

 Posterior     Number                     Mean
Probability      of      Number of     Posterior
   Range       Events    Nonevents    Probability    Percentage

 0.95-1.00       348           0        0.99867        14.6588 
 0.90-0.95         2           0        0.93125         0.0842 
 0.85-0.90         4           0        0.88629         0.1685 
 0.75-0.80         1           0        0.77861         0.0421 
 0.35-0.40         0           1        0.37675         0.0421 
 0.20-0.25         0           2        0.21202         0.0842 
 0.15-0.20         0           4        0.16179         0.1685 
 0.10-0.15         1           8        0.12416         0.3791 
 0.05-0.10         3          11        0.06983         0.5897 
 0.00-0.05         0        1989        0.00108        83.7826 


Data Role=VALIDATE Target Variable=DepVar Target Label=DepVar

 Posterior     Number                     Mean
Probability      of      Number of     Posterior
   Range       Events    Nonevents    Probability    Percentage

 0.95-1.00       122         13         0.99857        13.2613 
 0.90-0.95         2          0         0.94275         0.1965 
 0.85-0.90         3          0         0.88558         0.2947 
 0.80-0.85         2          0         0.81887         0.1965 
 0.70-0.75         1          1         0.71579         0.1965 
 0.65-0.70         0          1         0.69250         0.0982 
 0.60-0.65         1          1         0.61228         0.1965 
 0.50-0.55         1          0         0.54283         0.0982 
 0.45-0.50         0          2         0.47646         0.1965 
 0.40-0.45         0          3         0.43402         0.2947 
 0.35-0.40         0          1         0.36200         0.0982 
 0.25-0.30         0          1         0.27766         0.0982 
 0.20-0.25         0          1         0.21867         0.0982 
 0.15-0.20         0          1         0.17661         0.0982 
 0.10-0.15         0          3         0.11791         0.2947 
 0.05-0.10         0          9         0.07457         0.8841 
 0.00-0.05        23        826         0.00106        83.3988 
