 
                                                                                               
 
 
Variable Summary

            Measurement    Frequency
Role           Level         Count

INPUT        BINARY             7   
INPUT        INTERVAL          23   
INPUT        NOMINAL            2   
REJECTED     INTERVAL           1   
TARGET       BINARY             1   
 
                                                                                               
 
 
Model Events

                                  Number
                   Measurement      of
Target    Event       Level       Levels      Order       Label

DepVar      1        BINARY          2      Descending    DepVar
 
                                                                                               
 
 
Predicted and decision variables

Type         Variable     Label

TARGET       DepVar       DepVar             
PREDICTED    P_DepVar1    Predicted: DepVar=1
RESIDUAL     R_DepVar1    Residual: DepVar=1 
PREDICTED    P_DepVar0    Predicted: DepVar=0
RESIDUAL     R_DepVar0    Residual: DepVar=0 
FROM         F_DepVar     From: DepVar       
INTO         I_DepVar     Into: DepVar       
 
                                                                                
 
 
Search # 1 FUNNEL LAYERS trial # 1 : DIRECT : Training

_ITER_     _AIC_     _AVERR_     _MISC_    _VAVERR_    _VMISC_

   0      2095.06    0.42482    0.15122     0.42661    0.15226
   1       955.05    0.18472    0.06066     0.19891    0.06974
   2       753.14    0.14220    0.05771     0.15121    0.06582
   3       738.32    0.13907    0.05771     0.14732    0.06680
   4       737.97    0.13900    0.05687     0.14771    0.06582
   5       737.71    0.13895    0.05729     0.14728    0.06680
   6       737.65    0.13893    0.05729     0.14753    0.06680
   7       737.61    0.13892    0.05687     0.14733    0.06680
   8       737.60    0.13892    0.05729     0.14746    0.06680
   9       737.59    0.13892    0.05729     0.14737    0.06680
  10       737.59    0.13892    0.05729     0.14743    0.06680
  11       737.59    0.13892    0.05729     0.14739    0.06680
  12       737.58    0.13892    0.05729     0.14742    0.06680
  13       737.58    0.13892    0.05729     0.14740    0.06680
  14       737.58    0.13892    0.05729     0.14741    0.06680
  14       737.58    0.13892    0.05729     0.14741    0.06680
 
                                                                                
 
 
Selected Iteration based on _VMISC_

_ITER_     _AIC_     _AVERR_     _MISC_     _VAVERR_     _VMISC_

   2      753.143    0.14220    0.057709     0.15121    0.065815
 
                                                                                
 
 
Search # 1 FUNNEL LAYERS trial # 2 : LOGISTIC : Prelim

The NEURAL Procedure

Preliminary       Starting         Objective         Number
 Training          Random           Function           of        Terminating
    Run             Seed             Value         Iterations     Criteria

        1           479447501    0.066229615647           25                
        2           786017511    0.052703023807           25                
        3          1262402494     0.05505363632           25                
        4          1621497939    0.062122745872           25                
        5          1309168283    0.050509897386           25                
        6          2118076902    0.055821484035           25                
        7          1800611762    0.062721045936           25                
        8            68569723    0.098578864737           25                
        9          1697286008    0.041667248981           25                
       10           377277272    0.060790618087           25                
       11          1772747834    0.067250520244           25                
       12           868682051    0.061899478732           25                
       13          1933319242     0.05566162734           25                
       14          1951752948    0.069572053673           25                
       15           826049437     0.05624078056           25                
       16          1993091049    0.054753625616           25                
       17           675967739    0.051736549417           25                
       18           823760652    0.074082843741           25                
       19          1982747477    0.058458376928           25                
       20           229538298    0.059093154588           25                
       21          1718454556    0.063005471105           25                
       22           501482215    0.096635272638           25                
       23          1846511922     0.05176086856           25                
       24          1605673267    0.046808482565           25                
       25          1271333618    0.075886623075           25                
       26           337182706    0.056469079548           25                
       27          1443024621    0.057903814333           25                
       28          1147550716    0.079408515161           25                
 
                                                                                
 
 
Search # 1 FUNNEL LAYERS trial # 2 : LOGISTIC : Training

_ITER_     _AIC_      _AVERR_     _MISC_     _VAVERR_     _VMISC_

   0      759.836    0.041667    0.010110     0.18571    0.058939
   1      755.145    0.040679    0.009267     0.18562    0.060904
   2      753.493    0.040331    0.010531     0.18353    0.063851
   3      750.836    0.039772    0.009688     0.18287    0.061886
   4      747.126    0.038990    0.009688     0.17975    0.057957
   5      740.815    0.037661    0.008425     0.17368    0.055992
   6      737.752    0.037016    0.008425     0.17301    0.060904
   7      733.373    0.036094    0.008003     0.17183    0.055992
   8      728.402    0.035047    0.008846     0.16874    0.055010
   9      722.858    0.033879    0.008003     0.17142    0.057957
  10      721.425    0.033577    0.008425     0.17394    0.051081
  11      716.522    0.032545    0.006740     0.17118    0.056974
  12      714.996    0.032223    0.008846     0.16725    0.053045
  13      710.377    0.031250    0.007582     0.16871    0.055010
  14      707.888    0.030726    0.008003     0.17316    0.049116
  15      703.804    0.029866    0.007582     0.17176    0.051081
  16      699.470    0.028953    0.008425     0.17728    0.057957
  17      694.705    0.027950    0.007161     0.17751    0.057957
  18      690.240    0.027009    0.008003     0.18625    0.063851
  19      688.227    0.026585    0.007161     0.18120    0.060904
  20      683.456    0.025580    0.006318     0.18721    0.057957
  21      677.728    0.024374    0.007161     0.18730    0.057957
  22      675.174    0.023836    0.007161     0.18862    0.056974
  23      672.388    0.023249    0.007161     0.18606    0.059921
  24      669.154    0.022568    0.007161     0.19118    0.059921
  25      665.781    0.021858    0.006318     0.18386    0.055010
  26      662.886    0.021248    0.006318     0.19017    0.055010
  27      659.340    0.020501    0.006740     0.18759    0.057957
  28      654.694    0.019523    0.005476     0.19418    0.057957
  29      651.859    0.018926    0.005055     0.19406    0.056974
  30      648.796    0.018281    0.004634     0.19420    0.054028
  31      646.893    0.017880    0.004634     0.19015    0.055992
  32      644.199    0.017312    0.004212     0.19151    0.055010
  33      641.906    0.016829    0.003370     0.18573    0.058939
  34      639.896    0.016406    0.003791     0.18817    0.055992
  35      638.256    0.016061    0.002949     0.19028    0.061886
  36      636.255    0.015639    0.002949     0.18972    0.057957
  37      633.760    0.015114    0.002949     0.19672    0.057957
  38      632.532    0.014855    0.002949     0.19370    0.055992
  39      630.892    0.014510    0.002949     0.19639    0.057957
  40      628.591    0.014025    0.002949     0.19754    0.056974
  41      627.771    0.013852    0.002949     0.20570    0.055010
  42      625.983    0.013476    0.002949     0.20206    0.054028
  43      623.973    0.013052    0.002106     0.21054    0.053045
  44      622.216    0.012682    0.002106     0.21128    0.051081
  45      621.041    0.012435    0.002106     0.20621    0.054028
  46      619.491    0.012108    0.002106     0.21032    0.055992
  47      617.479    0.011685    0.002106     0.21964    0.055010
  48      615.368    0.011240    0.002106     0.21409    0.054028
  49      613.039    0.010750    0.002106     0.22649    0.052063
  50      611.758    0.010480    0.002106     0.22496    0.052063
  50      611.758    0.010480    0.002106     0.22496    0.052063
 
                                                                                
 
 
Selected Iteration based on _VMISC_

_ITER_     _AIC_      _AVERR_        _MISC_    _VAVERR_     _VMISC_

  14      707.888    0.030726    .008003370     0.17316    0.049116
 
                                                                                
 
 
Search # 1 FUNNEL LAYERS trial # 3 : SINE : Prelim

The NEURAL Procedure

Preliminary       Starting         Objective         Number
 Training          Random           Function           of        Terminating
    Run             Seed             Value         Iterations     Criteria

        1           479447501    0.070963219349           25                
        2           786017511    0.077320604251           25                
        3          1262402494    0.082205214967           25                
        4          1621497939    0.068222456674           25                
        5          1309168283    0.064275386999           25                
        6          2118076902    0.060272583963           25                
        7          1800611762     0.07025407225           25                
        8            68569723    0.074339870223           25                
        9          1697286008    0.063975347767           25                
       10           377277272    0.077288422511           25                
       11          1772747834     0.07393782832           25                
       12           868682051    0.076719361024           25                
       13          1933319242    0.081400334038           25                
       14          1951752948    0.067708179138           25                
       15           826049437    0.065645182056           25                
       16          1993091049    0.065169406168           25                
       17           675967739    0.064004460924           25                
       18           823760652    0.082063114314           25                
       19          1982747477    0.076915557034           25                
       20           229538298    0.071666689177           25                
       21          1718454556     0.07541605503           25                
       22           501482215    0.081669640468           25                
       23          1846511922    0.063203870342           25                
       24          1605673267    0.062977415712           25                
       25          1271333618    0.081337211398           25                
       26           337182706     0.05557892803           25                
       27          1443024621    0.082452354523           25                
       28          1147550716     0.07845837601           25                
 
                                                                                
 
 
Search # 1 FUNNEL LAYERS trial # 3 : SINE : Training

_ITER_     _AIC_      _AVERR_     _MISC_     _VAVERR_     _VMISC_

   0      825.889    0.055579    0.015586     0.15718    0.064833
   1      822.750    0.054918    0.013901     0.15545    0.061886
   2      819.741    0.054284    0.015164     0.15436    0.060904
   3      815.552    0.053402    0.013901     0.15281    0.059921
   4      813.654    0.053002    0.012216     0.15218    0.061886
   5      811.640    0.052578    0.013479     0.15044    0.060904
   6      808.528    0.051922    0.013058     0.15092    0.060904
   7      806.927    0.051585    0.011794     0.15114    0.058939
   8      801.902    0.050527    0.013479     0.14811    0.056974
   9      799.249    0.049968    0.013479     0.14721    0.058939
  10      796.183    0.049322    0.013058     0.14912    0.058939
  11      795.063    0.049087    0.011373     0.14885    0.054028
  12      792.639    0.048576    0.013479     0.15009    0.059921
  13      790.945    0.048219    0.012637     0.15211    0.055010
  14      788.901    0.047789    0.012637     0.15283    0.055992
  15      786.549    0.047293    0.013058     0.15762    0.059921
  16      782.799    0.046504    0.012216     0.15846    0.057957
  17      781.106    0.046147    0.011794     0.16303    0.056974
  18      777.334    0.045353    0.010110     0.16181    0.056974
  19      775.655    0.044999    0.010531     0.16317    0.055992
  20      771.972    0.044223    0.009688     0.15856    0.053045
  21      770.684    0.043952    0.012637     0.16913    0.054028
  22      768.606    0.043514    0.012637     0.16475    0.054028
  23      767.700    0.043324    0.009688     0.15862    0.054028
  24      765.264    0.042810    0.011373     0.15995    0.052063
  25      761.202    0.041955    0.010110     0.16084    0.055010
  26      759.340    0.041563    0.009688     0.15914    0.053045
  27      753.851    0.040407    0.010531     0.16221    0.057957
  28      751.971    0.040011    0.010110     0.16563    0.055010
  29      749.785    0.039550    0.010110     0.16668    0.055010
  30      746.066    0.038767    0.009688     0.17237    0.059921
  31      743.838    0.038298    0.008846     0.17770    0.059921
  32      740.966    0.037693    0.008846     0.18737    0.061886
  33      738.214    0.037113    0.009267     0.18598    0.060904
  34      735.755    0.036595    0.009267     0.19701    0.061886
  35      732.254    0.035858    0.008003     0.19266    0.060904
  36      729.373    0.035251    0.006740     0.20982    0.062868
  37      727.928    0.034947    0.008003     0.20347    0.063851
  38      724.845    0.034298    0.007582     0.21069    0.063851
  39      721.694    0.033634    0.006740     0.21201    0.062868
  40      720.401    0.033362    0.006740     0.20754    0.060904
  41      718.282    0.032915    0.007161     0.21391    0.064833
  42      715.861    0.032405    0.006740     0.22099    0.065815
  43      714.484    0.032115    0.007161     0.21342    0.062868
  44      712.575    0.031713    0.006740     0.21849    0.064833
  45      710.337    0.031242    0.008425     0.21644    0.064833
  46      709.187    0.031000    0.007161     0.21210    0.063851
  47      707.359    0.030615    0.007582     0.21515    0.063851
  48      705.610    0.030246    0.007582     0.22373    0.067780
  49      704.953    0.030108    0.007161     0.21416    0.066798
  50      703.065    0.029710    0.007161     0.22347    0.068762
  50      703.065    0.029710    0.007161     0.22347    0.068762
 
                                                                                
 
 
Selected Iteration based on _VMISC_

_ITER_     _AIC_      _AVERR_     _MISC_     _VAVERR_     _VMISC_

  24      765.264    0.042810    0.011373     0.15995    0.052063
 
                                                                                
 
 
Search # 1 FUNNEL LAYERS trial # 4 : SOFTMAX : Prelim

The NEURAL Procedure

Preliminary       Starting         Objective         Number
 Training          Random           Function           of        Terminating
    Run             Seed             Value         Iterations     Criteria

        1          1820157317    0.077807513205           25                
        2           874432160    0.076532355997           25                
        3           747445227    0.082655923308           25                
        4          1723288262    0.056816090586           25                
        5          1527874309    0.081757493174           25                
        6           519817022    0.063188212749           25                
        7          2118076902    0.111353650818           25                
        8           896773581    0.068421658194           25                
        9           447217208    0.066435820486           25                
       10          1753811624    0.122781652259           25                
       11          1795154004    0.083811936463           25                
       12           119461587    0.062524905851           25                
       13             1322117    0.055537851999           25                
       14           868682051    0.064067066062           25                
       15           217752716    0.093201708263           25                
       16          1023583446    0.068470634709           25                
       17          1189930139    0.061003245142           25                
       18          1482123402    0.057144657676           25                
       19          1993163042    0.061569187046           25                
       20            50530920    0.073168216803           25                
       21           823760652    0.076141757787           25                
       22           304451583    0.071345130979           25                
       23          1278642959    0.080937120278           25                
       24          1113001624    0.056168637375           25                
       25          1407400400    0.078965515949           25                
       26          1677276549    0.065659943745           25                
       27          2079756783    0.065071119875           25                
       28          1605673267    0.053231059911           25                
 
                                                                                
 
 
Search # 1 FUNNEL LAYERS trial # 4 : SOFTMAX : Training

_ITER_     _AIC_      _AVERR_     _MISC_     _VAVERR_     _VMISC_

   0      736.741    0.053231    0.018113     0.17807    0.055992
   1      733.670    0.052584    0.016849     0.17878    0.055010
   2      731.766    0.052183    0.018113     0.17981    0.055992
   3      729.473    0.051700    0.016849     0.17874    0.054028
   4      724.773    0.050710    0.014322     0.17732    0.052063
   5      720.998    0.049915    0.013901     0.18012    0.055010
   6      716.286    0.048923    0.015164     0.17843    0.053045
   7      711.882    0.047995    0.014322     0.18100    0.054028
   8      709.122    0.047414    0.013901     0.17818    0.053045
   9      704.542    0.046450    0.014322     0.17937    0.055010
  10      701.050    0.045714    0.013901     0.18428    0.053045
  11      697.786    0.045027    0.013058     0.17856    0.050098
  12      694.131    0.044257    0.013901     0.18245    0.051081
  13      691.437    0.043689    0.013058     0.17980    0.051081
  14      689.166    0.043211    0.010952     0.18192    0.050098
  15      686.684    0.042688    0.011794     0.18202    0.052063
  16      683.067    0.041927    0.011373     0.18071    0.051081
  17      682.110    0.041725    0.011794     0.18218    0.049116
  18      679.088    0.041089    0.010531     0.17961    0.051081
  19      674.962    0.040220    0.010531     0.18210    0.050098
  20      669.875    0.039148    0.011794     0.17973    0.051081
  21      666.176    0.038369    0.009688     0.18482    0.048134
  22      662.099    0.037510    0.010110     0.18317    0.049116
  23      657.739    0.036592    0.008846     0.18818    0.050098
  24      653.975    0.035799    0.008003     0.18650    0.050098
  25      652.333    0.035453    0.007582     0.19560    0.053045
  26      649.558    0.034869    0.007161     0.19228    0.050098
  27      646.378    0.034199    0.008846     0.19168    0.049116
  28      642.476    0.033377    0.008003     0.19580    0.049116
  29      640.108    0.032879    0.006740     0.20287    0.052063
  30      636.939    0.032211    0.007582     0.20380    0.051081
  31      633.203    0.031424    0.006740     0.20464    0.053045
  32      630.878    0.030935    0.007161     0.20825    0.055010
  33      628.480    0.030430    0.007582     0.20689    0.054028
  34      625.526    0.029807    0.007582     0.21093    0.055992
  35      622.290    0.029126    0.007582     0.20264    0.051081
  36      620.306    0.028708    0.006740     0.20578    0.052063
  37      617.764    0.028173    0.006740     0.20813    0.053045
  38      616.002    0.027802    0.006318     0.21238    0.053045
  39      614.835    0.027556    0.007161     0.21062    0.053045
  40      613.281    0.027229    0.007161     0.21307    0.052063
  41      610.047    0.026547    0.006318     0.22099    0.054028
  42      609.080    0.026344    0.006740     0.21789    0.052063
  43      606.028    0.025701    0.005897     0.22113    0.054028
  44      604.707    0.025423    0.004634     0.22224    0.054028
  45      602.920    0.025046    0.005055     0.22052    0.055010
  46      601.703    0.024790    0.005055     0.22083    0.054028
  47      599.770    0.024383    0.005055     0.21770    0.054028
  48      598.859    0.024191    0.004634     0.21513    0.051081
  49      597.390    0.023882    0.004634     0.21518    0.051081
  50      596.284    0.023649    0.005055     0.21564    0.050098
  50      596.284    0.023649    0.005055     0.21564    0.050098
 
                                                                                
 
 
Selected Iteration based on _VMISC_

_ITER_     _AIC_      _AVERR_        _MISC_    _VAVERR_     _VMISC_

  21      666.176    0.038369    .009688290     0.18482    0.048134
 
                                                                                
 
 
Search # 2 FUNNEL LAYERS trial # 1 : DIRECT : Prelim

The NEURAL Procedure

Preliminary       Starting         Objective         Number
 Training          Random           Function           of        Terminating
    Run             Seed             Value         Iterations     Criteria

        1               12345    0.027737361013           25                
 
                                                                                
 
 
Search # 2 FUNNEL LAYERS trial # 1 : DIRECT : Training

_ITER_     _AIC_      _AVERR_        _MISC_    _VAVERR_     _VMISC_

   0      691.697    0.027737    .005475990     0.19319    0.053045
   1      690.668    0.027521    .005054760     0.19310    0.054028
   2      689.066    0.027183    .005054760     0.19303    0.053045
   3      688.113    0.026983    .005054760     0.19278    0.053045
   4      686.716    0.026688    .005897220     0.19180    0.054028
   5      685.659    0.026466    .005897220     0.18950    0.051081
   6      685.022    0.026332    .005475990     0.18964    0.051081
   7      684.239    0.026167    .005897220     0.18889    0.052063
   8      683.128    0.025933    .005897220     0.18849    0.050098
   9      682.313    0.025761    .005897220     0.18856    0.051081
  10      681.791    0.025651    .005475990     0.18895    0.051081
  11      681.360    0.025560    .005054760     0.18853    0.051081
  12      680.858    0.025455    .005475990     0.18838    0.052063
  13      680.021    0.025278    .005475990     0.18717    0.053045
  14      679.468    0.025162    .005475990     0.18531    0.053045
  15      678.733    0.025007    .005475990     0.18476    0.052063
  16      677.843    0.024819    .005475990     0.18517    0.051081
  17      676.955    0.024632    .005475990     0.18386    0.052063
  18      675.851    0.024400    .006318450     0.18464    0.051081
  19      674.796    0.024178    .005897220     0.18575    0.051081
  20      674.153    0.024042    .006318450     0.18471    0.051081
  21      672.134    0.023617    .005475990     0.18321    0.051081
  22      671.045    0.023388    .005475990     0.18032    0.050098
  23      669.666    0.023097    .005475990     0.18297    0.049116
  24      668.130    0.022774    .005475990     0.18778    0.049116
  25      667.623    0.022667    .005897220     0.18721    0.048134
  26      666.101    0.022346    .005475990     0.18769    0.050098
  27      664.084    0.021922    .005897220     0.18994    0.050098
  28      662.143    0.021513    .005475990     0.19191    0.051081
  29      661.208    0.021316    .005475990     0.19071    0.050098
  30      659.843    0.021029    .005054760     0.19554    0.050098
  31      658.108    0.020663    .004633530     0.19337    0.049116
  32      657.096    0.020450    .005054760     0.19456    0.048134
  33      655.976    0.020214    .005054760     0.19388    0.049116
  34      654.464    0.019895    .004633530     0.19997    0.047151
  35      653.487    0.019690    .004633530     0.20178    0.047151
  36      652.043    0.019386    .005054760     0.20488    0.048134
  37      650.644    0.019091    .003791070     0.21519    0.048134
  38      650.037    0.018963    .003791070     0.20869    0.048134
  39      648.825    0.018708    .003369840     0.21936    0.046169
  40      647.101    0.018345    .003791070     0.21799    0.045187
  41      645.859    0.018083    .003791070     0.23025    0.045187
  42      645.107    0.017925    .003791070     0.22434    0.046169
  43      643.808    0.017651    .003791070     0.23121    0.045187
  44      642.732    0.017425    .003791070     0.24558    0.046169
  45      642.261    0.017325    .003791070     0.23235    0.046169
  46      641.454    0.017155    .004212300     0.23959    0.045187
  47      640.664    0.016989    .004212300     0.25486    0.046169
  48      639.329    0.016708    .004212300     0.25162    0.045187
  49      638.190    0.016468    .003791070     0.25922    0.045187
  50      637.763    0.016378    .004212300     0.26439    0.047151
  50      637.763    0.016378    .004212300     0.26439    0.047151
 
                                                                                
 
 
Selected Iteration based on _VMISC_

_ITER_     _AIC_      _AVERR_        _MISC_    _VAVERR_     _VMISC_

  40      647.101    0.018345    .003791070     0.21799    0.045187
 
                                                                                
 
 
Search # 2 FUNNEL LAYERS trial # 2 : LOGISTIC : Prelim

The NEURAL Procedure

Preliminary       Starting         Objective         Number
 Training          Random           Function           of        Terminating
    Run             Seed             Value         Iterations     Criteria

        1          1779230132     0.02514883678           25                
        2            86193504    0.048706809778           25                
        3          1630270085    0.023692499202           25                
        4          1485369472    0.057242501357           25                
        5          1318517631    0.066920648588           25                
        6          1017274426    0.024129814723           25                
        7           531645721    0.038472703017           25                
        8           158179012    0.028212566794           25                
        9          1490041151    0.026156330934           25                
       10           977375985    0.033086773104           25                
       11          1936470049    0.054926544456           25                
       12          1850620424    0.027445002111           25                
       13          1259065410    0.024726973484           25                
       14          1456589698    0.066415020199           25                
       15           259319878     0.03058090821           25                
       16          1808745695    0.073282247473           25                
       17           702824852    0.024685297737           25                
       18          2082468775    0.026480730969           25                
       19          1740715443    0.025128127994           25                
       20           396359845    0.042210619983           25                
       21          1945090500    0.022221172181           25                
       22           417737013    0.022539689067           25                
       23            94753974    0.051402764787           25                
       24           907235038    0.023979877272           25                
       25          1947464895    0.022948026874           25                
       26          1695512774    0.021513400863           25                
       27          1598782285    0.021692303454           25                
       28          1814530904    0.025329895751           25                
       29           324336657     0.02588274107           25                
       30          1745482865    0.034262318959           25                
       31          1335855286     0.02247223175           25                
       32          1527755393    0.026281310991           25                
 
                                                                                
 
 
Search # 2 FUNNEL LAYERS trial # 2 : LOGISTIC : Training

_ITER_     _AIC_      _AVERR_        _MISC_    _VAVERR_     _VMISC_

   0      1264.15    0.021513    .005054760     0.19096    0.045187
   1      1263.70    0.021420    .005054760     0.19155    0.045187
   2      1262.01    0.021064    .005054760     0.19117    0.045187
   3      1259.96    0.020631    .004633530     0.19376    0.045187
   4      1259.26    0.020484    .004633530     0.19507    0.045187
   5      1258.93    0.020415    .004212300     0.19471    0.045187
   6      1258.69    0.020364    .004633530     0.19333    0.045187
   7      1258.59    0.020343    .004212300     0.19368    0.045187
   8      1258.51    0.020326    .004212300     0.19438    0.045187
   9      1258.43    0.020310    .004212300     0.19426    0.045187
  10      1256.54    0.019911    .004212300     0.19536    0.044204
  11      1255.01    0.019589    .003791070     0.19800    0.046169
  12      1253.88    0.019352    .004212300     0.20098    0.045187
  13      1251.79    0.018912    .005054760     0.20038    0.043222
  14      1249.43    0.018414    .004633530     0.20722    0.043222
  15      1248.85    0.018291    .005054760     0.20655    0.043222
  16      1246.85    0.017871    .005054760     0.20811    0.043222
  17      1246.41    0.017779    .005475990     0.20790    0.043222
  18      1243.85    0.017239    .005054760     0.21513    0.045187
  19      1242.70    0.016997    .004212300     0.21521    0.047151
  20      1242.51    0.016956    .004633530     0.21577    0.046169
  21      1242.49    0.016953    .004633530     0.21590    0.047151
  22      1242.42    0.016938    .004633530     0.21648    0.047151
  23      1241.89    0.016825    .004212300     0.21620    0.048134
  24      1240.55    0.016543    .003791070     0.21967    0.049116
  25      1239.77    0.016381    .002948610     0.22067    0.048134
  26      1238.75    0.016165    .002948610     0.22347    0.048134
  27      1237.72    0.015948    .003369840     0.22403    0.048134
  28      1237.33    0.015865    .002948610     0.22623    0.048134
  29      1237.12    0.015821    .002948610     0.23136    0.047151
  30      1236.04    0.015593    .002948610     0.23712    0.049116
  31      1235.79    0.015542    .002948610     0.23661    0.049116
  32      1233.93    0.015149    .003791070     0.24027    0.047151
  33      1233.88    0.015139    .003369840     0.23947    0.047151
  34      1233.78    0.015119    .002948610     0.23815    0.048134
  35      1233.66    0.015092    .003791070     0.23863    0.048134
  36      1233.42    0.015042    .003791070     0.23690    0.048134
  37      1233.36    0.015030    .003791070     0.23692    0.048134
  38      1232.78    0.014907    .003369840     0.23931    0.048134
  39      1231.68    0.014676    .003791070     0.24374    0.048134
  40      1230.98    0.014529    .003791070     0.24492    0.047151
  41      1230.93    0.014518    .003791070     0.24489    0.047151
  42      1230.37    0.014400    .003369840     0.24589    0.047151
  43      1230.33    0.014392    .003369840     0.24570    0.047151
  44      1230.06    0.014334    .003791070     0.24346    0.047151
  45      1229.96    0.014314    .003791070     0.24519    0.047151
  46      1229.95    0.014311    .003791070     0.24567    0.047151
  47      1229.93    0.014306    .003369840     0.24552    0.047151
  48      1229.92    0.014305    .003791070     0.24556    0.047151
  49      1229.90    0.014301    .003369840     0.24541    0.047151
  50      1229.90    0.014300    .003791070     0.24548    0.047151
  50      1229.90    0.014300    .003791070     0.24548    0.047151
 
                                                                                
 
 
Selected Iteration based on _VMISC_

_ITER_     _AIC_      _AVERR_        _MISC_    _VAVERR_     _VMISC_

  13      1251.79    0.018912    .005054760     0.20038    0.043222
 
                                                                                
 
 
Search # 2 FUNNEL LAYERS trial # 3 : SINE : Prelim

The NEURAL Procedure

Preliminary       Starting         Objective         Number
 Training          Random           Function           of        Terminating
    Run             Seed             Value         Iterations     Criteria

        1               12345    0.019752743908           25                
 
                                                                                
 
 
Search # 2 FUNNEL LAYERS trial # 3 : SINE : Training

_ITER_     _AIC_      _AVERR_        _MISC_    _VAVERR_     _VMISC_

   0      1255.79    0.019753    .004212300     0.44557    0.045187
   1      1255.19    0.019628    .004212300     0.44329    0.046169
   2      1252.27    0.019013    .004212300     0.44277    0.047151
   3      1250.56    0.018653    .004212300     0.43926    0.045187
   4      1250.18    0.018573    .004212300     0.44006    0.045187
   5      1245.23    0.017530    .003791070     0.43188    0.047151
   6      1244.53    0.017383    .003791070     0.42921    0.048134
   7      1239.47    0.016316    .003791070     0.42143    0.048134
   8      1237.99    0.016006    .003369840     0.41041    0.046169
   9      1236.64    0.015719    .004633530     0.40635    0.046169
  10      1236.17    0.015620    .003791070     0.40154    0.047151
  11      1234.92    0.015358    .004212300     0.39989    0.046169
  12      1234.83    0.015339    .003791070     0.39741    0.046169
  13      1234.59    0.015289    .004212300     0.39867    0.046169
  14      1233.08    0.014970    .003791070     0.39469    0.046169
  15      1232.66    0.014882    .003791070     0.39504    0.045187
  16      1231.88    0.014718    .003791070     0.39322    0.046169
  17      1231.52    0.014643    .003791070     0.39435    0.045187
  18      1230.38    0.014401    .003791070     0.39706    0.047151
  19      1230.07    0.014337    .003791070     0.39717    0.046169
  20      1228.89    0.014088    .003369840     0.40059    0.047151
  21      1228.40    0.013984    .003791070     0.40710    0.048134
  22      1227.15    0.013721    .004212300     0.41272    0.047151
  23      1226.65    0.013616    .003791070     0.41073    0.047151
  24      1225.10    0.013290    .003791070     0.41563    0.048134
  25      1224.44    0.013151    .002948610     0.41668    0.048134
  26      1223.55    0.012964    .002948610     0.42427    0.049116
  27      1223.52    0.012957    .002948610     0.42484    0.049116
  28      1222.69    0.012781    .003369840     0.42741    0.049116
  29      1222.49    0.012741    .002948610     0.42773    0.049116
  30      1220.79    0.012382    .003791070     0.44607    0.051081
  31      1220.62    0.012346    .003369840     0.44726    0.050098
  32      1219.36    0.012081    .002948610     0.44665    0.051081
  33      1219.16    0.012038    .002948610     0.44625    0.048134
  34      1216.42    0.011462    .003369840     0.45039    0.049116
  35      1215.30    0.011226    .002527380     0.44877    0.047151
  36      1214.65    0.011089    .002948610     0.44892    0.047151
  37      1213.22    0.010787    .002527380     0.44325    0.045187
  38      1212.76    0.010692    .002948610     0.44196    0.045187
  39      1212.37    0.010609    .002948610     0.44120    0.046169
  40      1212.15    0.010562    .002948610     0.44245    0.047151
  41      1211.77    0.010483    .003369840     0.44890    0.047151
  42      1211.66    0.010458    .003369840     0.45026    0.047151
  43      1211.56    0.010438    .002527380     0.44602    0.047151
  44      1211.50    0.010425    .002527380     0.44623    0.046169
  45      1211.40    0.010405    .003369840     0.44740    0.046169
  46      1210.53    0.010220    .003369840     0.45393    0.047151
  47      1210.37    0.010187    .003369840     0.45346    0.048134
  48      1209.66    0.010038    .002948610     0.45722    0.047151
  49      1209.29    0.009959    .002527380     0.47659    0.050098
  50      1208.88    0.009874    .002527380     0.48162    0.050098
  50      1208.88    0.009874    .002527380     0.48162    0.050098
 
                                                                                
 
 
Selected Iteration based on _VMISC_

_ITER_     _AIC_      _AVERR_        _MISC_    _VAVERR_     _VMISC_

   0      1255.79    0.019753    .004212300     0.44557    0.045187
 
                                                                                
 
 
Search # 2 FUNNEL LAYERS trial # 4 : SOFTMAX : Prelim

The NEURAL Procedure

Preliminary       Starting         Objective         Number
 Training          Random           Function           of        Terminating
    Run             Seed             Value         Iterations     Criteria

        1               12345    0.020603350735           25                
 
                                                                                
 
 
Search # 2 FUNNEL LAYERS trial # 4 : SOFTMAX : Training

_ITER_     _AIC_      _AVERR_        _MISC_    _VAVERR_     _VMISC_

   0      1229.82    0.020603    .003791070     0.21438    0.048134
   1      1229.24    0.020481    .003369840     0.21477    0.048134
   2      1228.55    0.020335    .004212300     0.21576    0.049116
   3      1227.30    0.020072    .004633530     0.21620    0.047151
   4      1226.64    0.019934    .004212300     0.21598    0.049116
   5      1224.87    0.019561    .004212300     0.21241    0.048134
   6      1223.47    0.019266    .003791070     0.20537    0.048134
   7      1222.63    0.019087    .003791070     0.20497    0.047151
   8      1219.78    0.018488    .004212300     0.21280    0.047151
   9      1218.54    0.018227    .005054760     0.21533    0.045187
  10      1218.16    0.018146    .003791070     0.21334    0.046169
  11      1215.65    0.017618    .002948610     0.20970    0.045187
  12      1215.03    0.017487    .003369840     0.20997    0.045187
  13      1213.45    0.017154    .003369840     0.20469    0.044204
  14      1212.90    0.017039    .003791070     0.20368    0.045187
  15      1212.46    0.016946    .003369840     0.20015    0.043222
  16      1212.44    0.016941    .003369840     0.20004    0.043222
  17      1211.81    0.016810    .003369840     0.19947    0.044204
  18      1211.69    0.016785    .003791070     0.19984    0.043222
  19      1210.62    0.016559    .003791070     0.20103    0.041257
  20      1210.11    0.016452    .003791070     0.20262    0.042240
  21      1209.58    0.016339    .002948610     0.20367    0.042240
  22      1209.47    0.016316    .003369840     0.20394    0.042240
  23      1209.41    0.016304    .003369840     0.20373    0.042240
  24      1209.34    0.016290    .002948610     0.20327    0.041257
  25      1208.55    0.016122    .002948610     0.20594    0.039293
  26      1208.47    0.016106    .003369840     0.20617    0.042240
  27      1207.71    0.015945    .003369840     0.20839    0.041257
  28      1207.28    0.015855    .002527380     0.20707    0.040275
  29      1207.11    0.015820    .002948610     0.20714    0.040275
  30      1206.83    0.015759    .002948610     0.20858    0.039293
  31      1205.92    0.015569    .003369840     0.21647    0.045187
  32      1205.84    0.015552    .002948610     0.21659    0.044204
  33      1204.89    0.015352    .002527380     0.21943    0.043222
  34      1204.55    0.015279    .002106150     0.22043    0.043222
  35      1204.30    0.015228    .003369840     0.22163    0.046169
  36      1204.19    0.015205    .002948610     0.22167    0.045187
  37      1204.08    0.015180    .002106150     0.22219    0.044204
  38      1204.02    0.015168    .002948610     0.22279    0.046169
  39      1203.50    0.015059    .003369840     0.22437    0.045187
  40      1203.43    0.015044    .002527380     0.22424    0.045187
  41      1202.68    0.014887    .002527380     0.22256    0.045187
  42      1202.49    0.014846    .002527380     0.22043    0.042240
  43      1202.42    0.014832    .002527380     0.21964    0.042240
  44      1201.96    0.014734    .002948610     0.21894    0.041257
  45      1201.94    0.014731    .002527380     0.21889    0.040275
  46      1201.92    0.014725    .002948610     0.21908    0.041257
  47      1201.90    0.014723    .002527380     0.21904    0.041257
  48      1201.90    0.014722    .002527380     0.21903    0.040275
  49      1201.89    0.014719    .002527380     0.21916    0.041257
  50      1201.88    0.014717    .002527380     0.21913    0.040275
  50      1201.88    0.014717    .002527380     0.21913    0.040275
 
                                                                                
 
 
Selected Iteration based on _VMISC_

_ITER_     _AIC_      _AVERR_        _MISC_    _VAVERR_     _VMISC_

  25      1208.55    0.016122    .002948610     0.20594    0.039293
 
                                                                                
 
 
Search # 3 FUNNEL LAYERS trial # 1 : DIRECT : Prelim

The NEURAL Procedure

Preliminary       Starting         Objective         Number
 Training          Random           Function           of        Terminating
    Run             Seed             Value         Iterations     Criteria

        1               12345    0.013237954091           25                
 
                                                                                
 
 
Search # 3 FUNNEL LAYERS trial # 1 : DIRECT : Training

_ITER_     _AIC_      _AVERR_        _MISC_    _VAVERR_     _VMISC_

   0      1270.85    0.013238    .002948610     0.22925    0.041257
   1      1270.58    0.013179    .001684920     0.22876    0.043222
   2      1270.50    0.013163    .002527380     0.22902    0.042240
   3      1270.48    0.013159    .002948610     0.22974    0.042240
   4      1270.30    0.013121    .002106150     0.23098    0.042240
   5      1269.90    0.013038    .002527380     0.23384    0.043222
   6      1269.87    0.013032    .002106150     0.23370    0.043222
   7      1269.47    0.012947    .002106150     0.23647    0.045187
   8      1269.43    0.012938    .002106150     0.23627    0.046169
   9      1269.01    0.012850    .002948610     0.23267    0.043222
  10      1268.21    0.012681    .002527380     0.23067    0.040275
  11      1267.55    0.012542    .002948610     0.23285    0.041257
  12      1267.30    0.012490    .001684920     0.23361    0.041257
  13      1266.58    0.012339    .002106150     0.23780    0.046169
  14      1265.94    0.012202    .002106150     0.24834    0.045187
  15      1265.81    0.012175    .001684920     0.24884    0.045187
  16      1263.58    0.011707    .002527380     0.25348    0.048134
  17      1262.62    0.011504    .002948610     0.26236    0.049116
  18      1262.32    0.011440    .002527380     0.26324    0.049116
  19      1260.74    0.011107    .002948610     0.26223    0.046169
  20      1257.36    0.010396    .002106150     0.27552    0.049116
  21      1256.95    0.010311    .002527380     0.27578    0.049116
  22      1254.95    0.009889    .002106150     0.27517    0.048134
  23      1254.85    0.009866    .002106150     0.27527    0.048134
  24      1254.03    0.009694    .001684920     0.28690    0.049116
  25      1253.91    0.009668    .001684920     0.28758    0.049116
  26      1252.62    0.009398    .001684920     0.29222    0.048134
  27      1251.88    0.009242    .002106150     0.29294    0.047151
  28      1250.32    0.008913    .002106150     0.29749    0.048134
  29      1250.21    0.008890    .002106150     0.29728    0.048134
  30      1250.07    0.008861    .002106150     0.29658    0.048134
  31      1249.95    0.008835    .001684920     0.29670    0.048134
  32      1248.79    0.008591    .002106150     0.29620    0.048134
  33      1248.73    0.008578    .002106150     0.29617    0.048134
  34      1248.31    0.008491    .001684920     0.29772    0.048134
  35      1248.29    0.008485    .002106150     0.29745    0.048134
  36      1248.25    0.008477    .002106150     0.29685    0.048134
  37      1248.23    0.008473    .002106150     0.29696    0.048134
  38      1247.60    0.008341    .001684920     0.29812    0.048134
  39      1247.59    0.008338    .001684920     0.29814    0.048134
  40      1247.37    0.008291    .001684920     0.29765    0.048134
  41      1247.22    0.008260    .002106150     0.29635    0.048134
  42      1246.96    0.008207    .002106150     0.29887    0.047151
  43      1246.94    0.008201    .001684920     0.29902    0.047151
  44      1246.68    0.008146    .002106150     0.30566    0.048134
  45      1246.53    0.008115    .002106150     0.30699    0.049116
  46      1244.56    0.007699    .001263690     0.31612    0.050098
  47      1244.34    0.007654    .001684920     0.31570    0.049116
  48      1242.18    0.007199    .001263690     0.31655    0.049116
  49      1241.85    0.007128    .001263690     0.31710    0.051081
  50      1241.25    0.007003    .001263690     0.32016    0.051081
  50      1241.25    0.007003    .001263690     0.32016    0.051081
 
                                                                                
 
 
Selected Iteration based on _VMISC_

_ITER_     _AIC_      _AVERR_        _MISC_    _VAVERR_     _VMISC_

  10      1268.21    0.012681    .002527380     0.23067    0.040275
 
                                                                                
 
 
Search # 3 FUNNEL LAYERS trial # 2 : LOGISTIC : Prelim

The NEURAL Procedure

Preliminary       Starting         Objective         Number
 Training          Random           Function           of        Terminating
    Run             Seed             Value         Iterations     Criteria

        1          1556886462    0.027015629005           25                
        2           124667214    0.022533074491           25                
        3          1919866895    0.025764379171           25                
        4           838431652     0.01905772983           25                
        5           959893356    0.019116057235           25                
        6           549403259     0.02905975326           25                
        7           182583315    0.073908270569           25                
        8           425676199    0.016762452162           25                
        9            71072711    0.026351554704           25                
       10            81361273    0.047503542851           25                
       11          1663093748    0.018057331497           25                
       12          2098810390    0.026205874456           25                
       13           235491993    0.019454774002           25                
       14          1710026366    0.020744184243           25                
       15           555603309    0.017494904494           25                
       16           964188477    0.038367451404           25                
       17            87265134    0.038933513779           25                
       18          1166538064    0.020339568356           25                
       19           992981424      0.0169597327           25                
       20          1708398906    0.021739016446           25                
       21           499275386    0.022456376311           25                
       22          1609835719    0.046368178358           25                
       23           408777880    0.038722827023           25                
       24          1274158380    0.021588768211           25                
       25          1784394016    0.018963414377           25                
       26          1343513133    0.019853482808           25                
       27          1713508376    0.051934508047           25                
       28           688456567    0.019973163567           25                
       29           742406360     0.02115537539           25                
       30           276653771    0.018371617743           25                
       31          1403869420    0.066803212527           25                
       32          2118797391    0.019927806432           25                
 
                                                                                
 
 
Search # 3 FUNNEL LAYERS trial # 2 : LOGISTIC : Training

_ITER_     _AIC_      _AVERR_        _MISC_    _VAVERR_     _VMISC_

   0      2237.59    0.016762    .003369840     0.18962    0.051081
   1      2237.08    0.016654    .003369840     0.18993    0.051081
   2      2235.17    0.016252    .004212300     0.19008    0.051081
   3      2234.04    0.016015    .003791070     0.18949    0.052063
   4      2233.95    0.015996    .003791070     0.18965    0.051081
   5      2233.18    0.015834    .003791070     0.19026    0.051081
   6      2233.15    0.015828    .002527380     0.19061    0.051081
   7      2233.08    0.015814    .002948610     0.19057    0.051081
   8      2232.90    0.015774    .003791070     0.19035    0.051081
   9      2229.94    0.015152    .003791070     0.19823    0.046169
  10      2229.08    0.014971    .002527380     0.20593    0.044204
  11      2228.88    0.014929    .002106150     0.20665    0.045187
  12      2226.13    0.014350    .002527380     0.20758    0.044204
  13      2224.28    0.013960    .002106150     0.20968    0.045187
  14      2223.98    0.013896    .002527380     0.20952    0.045187
  15      2223.85    0.013868    .002106150     0.20967    0.044204
  16      2223.83    0.013865    .002527380     0.20948    0.045187
  17      2223.62    0.013820    .002106150     0.20941    0.045187
  18      2222.79    0.013646    .002948610     0.21037    0.045187
  19      2222.71    0.013629    .002948610     0.21057    0.046169
  20      2222.30    0.013543    .002106150     0.21231    0.046169
  21      2222.19    0.013519    .002106150     0.21315    0.046169
  22      2222.13    0.013506    .002527380     0.21454    0.048134
  23      2222.06    0.013492    .002527380     0.21465    0.048134
  24      2222.00    0.013480    .002106150     0.21380    0.046169
  25      2221.96    0.013471    .002106150     0.21346    0.046169
  26      2221.54    0.013382    .002106150     0.21170    0.045187
  27      2221.43    0.013360    .002106150     0.21246    0.045187
  28      2221.00    0.013269    .002106150     0.21529    0.045187
  29      2220.99    0.013266    .002106150     0.21531    0.045187
  30      2220.98    0.013265    .002106150     0.21444    0.046169
  31      2220.97    0.013262    .002106150     0.21439    0.046169
  32      2220.92    0.013251    .002106150     0.21545    0.045187
  33      2220.90    0.013249    .002106150     0.21548    0.045187
  34      2220.78    0.013223    .002106150     0.21503    0.046169
  35      2220.76    0.013219    .002106150     0.21487    0.046169
  36      2220.76    0.013218    .002106150     0.21468    0.046169
  37      2220.74    0.013213    .002106150     0.21467    0.046169
  38      2220.60    0.013184    .002106150     0.21387    0.045187
  39      2220.53    0.013171    .002106150     0.21384    0.045187
  40      2219.82    0.013021    .002527380     0.21765    0.046169
  41      2217.94    0.012625    .002106150     0.23486    0.047151
  42      2216.74    0.012371    .002527380     0.24080    0.047151
  43      2216.08    0.012233    .002106150     0.24238    0.048134
  44      2214.39    0.011877    .002106150     0.23801    0.047151
  45      2214.28    0.011853    .002106150     0.23785    0.048134
  46      2213.69    0.011730    .002527380     0.23234    0.047151
  47      2213.40    0.011668    .001684920     0.23139    0.046169
  48      2212.61    0.011502    .001684920     0.23643    0.048134
  49      2212.11    0.011396    .001684920     0.23715    0.047151
  50      2212.03    0.011379    .001684920     0.23907    0.048134
  50      2212.03    0.011379    .001684920     0.23907    0.048134
 
                                                                                
 
 
Selected Iteration based on _VMISC_

_ITER_     _AIC_      _AVERR_        _MISC_    _VAVERR_     _VMISC_

  10      2229.08    0.014971    .002527380     0.20593    0.044204
 
                                                                                
 
 
Search # 3 FUNNEL LAYERS trial # 3 : SINE : Prelim

The NEURAL Procedure

Preliminary       Starting         Objective         Number
 Training          Random           Function           of        Terminating
    Run             Seed             Value         Iterations     Criteria

        1          1556886462    0.016980406892           25                
        2           124667214    0.016586091797           25                
        3          1919866895    0.018398722991           25                
        4           838431652    0.014828434734           25                
        5           959893356    0.016435457615           25                
        6           549403259    0.017395654216           25                
        7           182583315    0.017558263995           25                
        8           425676199    0.015868009385           25                
        9            71072711    0.015385592736           25                
       10            81361273    0.017376302519           25                
       11          1663093748    0.018352844761           25                
       12          2098810390    0.020134027301           25                
       13           235491993    0.018956666477           25                
       14          1710026366    0.016593101394           25                
       15           555603309     0.01596435312           25                
       16           964188477    0.016386092719           25                
       17            87265134    0.018603426374           25                
       18          1166538064     0.01564710668           25                
       19           992981424    0.015941325599           25                
       20          1708398906     0.02084267564           25                
       21           499275386    0.016728642286           25                
       22          1609835719    0.016915431957           25                
       23           408777880    0.017483290806           25                
       24          1274158380    0.018846447952           25                
       25          1784394016    0.017197503401           25                
       26          1343513133    0.019809796202           25                
       27          1713508376     0.01607287923           25                
       28           688456567    0.019126062855           25                
       29           742406360    0.016095725322           25                
       30           276653771    0.015826238203           25                
       31          1403869420     0.01602086686           25                
       32          2118797391    0.018071948502           25                
 
                                                                                
 
 
Search # 3 FUNNEL LAYERS trial # 3 : SINE : Training

_ITER_     _AIC_      _AVERR_        _MISC_    _VAVERR_     _VMISC_

   0      2228.41    0.014828    .002106150     0.21002    0.042240
   1      2227.34    0.014605    .002527380     0.21047    0.043222
   2      2226.43    0.014413    .003369840     0.21197    0.043222
   3      2225.45    0.014206    .002527380     0.21407    0.044204
   4      2225.01    0.014114    .001684920     0.21385    0.044204
   5      2223.13    0.013718    .001684920     0.21323    0.042240
   6      2222.95    0.013679    .001684920     0.21298    0.043222
   7      2221.18    0.013307    .001684920     0.21115    0.041257
   8      2219.07    0.012862    .002106150     0.20791    0.039293
   9      2218.95    0.012836    .001684920     0.20754    0.040275
  10      2218.20    0.012680    .002527380     0.20690    0.040275
  11      2216.20    0.012257    .002106150     0.20683    0.041257
  12      2216.00    0.012216    .002106150     0.20659    0.041257
  13      2214.68    0.011938    .001684920     0.21214    0.043222
  14      2214.60    0.011921    .002106150     0.21261    0.042240
  15      2213.62    0.011715    .001684920     0.21640    0.041257
  16      2212.96    0.011576    .002527380     0.22014    0.041257
  17      2212.79    0.011539    .001684920     0.22043    0.041257
  18      2212.49    0.011476    .001684920     0.21935    0.042240
  19      2211.64    0.011297    .001684920     0.22244    0.042240
  20      2211.58    0.011284    .001684920     0.22252    0.042240
  21      2210.93    0.011148    .001684920     0.22329    0.041257
  22      2209.91    0.010933    .002106150     0.22894    0.038310
  23      2209.47    0.010841    .002106150     0.23044    0.037328
  24      2209.09    0.010760    .001684920     0.22755    0.038310
  25      2208.08    0.010547    .001684920     0.23226    0.039293
  26      2207.97    0.010525    .001684920     0.23222    0.039293
  27      2206.51    0.010218    .001684920     0.23429    0.039293
  28      2206.30    0.010172    .001684920     0.23509    0.038310
  29      2204.39    0.009771    .001684920     0.24115    0.041257
  30      2204.14    0.009718    .001684920     0.24244    0.041257
  31      2202.57    0.009386    .001684920     0.24896    0.042240
  32      2202.34    0.009338    .002106150     0.25158    0.043222
  33      2201.13    0.009083    .001684920     0.26244    0.044204
  34      2200.88    0.009032    .002106150     0.26466    0.043222
  35      2199.92    0.008828    .001684920     0.27472    0.042240
  36      2199.88    0.008820    .002106150     0.27638    0.042240
  37      2198.37    0.008503    .001684920     0.28177    0.043222
  38      2197.86    0.008395    .001684920     0.28219    0.043222
  39      2197.04    0.008222    .002106150     0.29290    0.045187
  40      2196.97    0.008208    .002106150     0.29370    0.045187
  41      2196.64    0.008138    .002527380     0.29700    0.047151
  42      2193.85    0.007550    .001684920     0.30051    0.045187
  43      2193.71    0.007521    .001684920     0.30644    0.045187
  44      2192.17    0.007198    .002527380     0.30527    0.045187
  45      2191.95    0.007150    .002527380     0.31425    0.047151
  46      2189.70    0.006676    .001684920     0.31748    0.048134
  47      2188.41    0.006406    .001684920     0.32973    0.050098
  48      2188.23    0.006368    .001684920     0.33112    0.049116
  49      2186.52    0.006006    .001684920     0.33125    0.047151
  50      2184.67    0.005618    .001684920     0.33836    0.049116
  50      2184.67    0.005618    .001684920     0.33836    0.049116
 
                                                                                
 
 
Selected Iteration based on _VMISC_

_ITER_     _AIC_      _AVERR_      _MISC_     _VAVERR_     _VMISC_

  23      2209.47    0.010841    .00210615     0.23044    0.037328
 
                                                                                
 
 
Search # 3 FUNNEL LAYERS trial # 4 : SOFTMAX : Prelim

The NEURAL Procedure

Preliminary       Starting         Objective         Number
 Training          Random           Function           of        Terminating
    Run             Seed             Value         Iterations     Criteria

        1               12345    0.023427637621           25                
 
                                                                                
 
 
Search # 3 FUNNEL LAYERS trial # 4 : SOFTMAX : Training

_ITER_     _AIC_      _AVERR_        _MISC_    _VAVERR_     _VMISC_

   0      2239.23    0.023428    .002948610     0.17550    0.038310
   1      2237.60    0.023083    .002527380     0.17465    0.038310
   2      2236.71    0.022896    .002948610     0.17461    0.037328
   3      2236.26    0.022801    .002948610     0.17793    0.040275
   4      2234.61    0.022454    .002527380     0.18111    0.040275
   5      2233.75    0.022272    .002527380     0.20582    0.048134
   6      2233.64    0.022249    .002527380     0.20690    0.048134
   7      2231.84    0.021870    .002948610     0.19674    0.047151
   8      2230.15    0.021515    .002948610     0.19732    0.048134
   9      2229.67    0.021413    .002527380     0.19874    0.046169
  10      2227.50    0.020957    .002527380     0.20208    0.047151
  11      2226.61    0.020768    .002527380     0.20129    0.048134
  12      2221.42    0.019676    .002948610     0.20487    0.052063
  13      2221.07    0.019602    .003791070     0.20977    0.050098
  14      2218.00    0.018956    .002527380     0.21639    0.050098
  15      2214.66    0.018251    .002948610     0.22452    0.054028
  16      2214.66    0.018251    .002948610     0.22480    0.054028
  17      2212.88    0.017877    .002106150     0.21309    0.049116
  18      2210.91    0.017461    .002527380     0.21172    0.047151
  19      2208.78    0.017014    .002106150     0.21590    0.049116
  20      2208.50    0.016954    .002106150     0.21994    0.049116
  21      2207.23    0.016687    .002106150     0.22532    0.048134
  22      2207.17    0.016675    .002106150     0.22959    0.049116
  23      2206.15    0.016461    .002106150     0.22409    0.048134
  24      2205.96    0.016420    .002106150     0.22656    0.050098
  25      2205.22    0.016263    .002106150     0.22831    0.048134
  26      2204.02    0.016011    .002106150     0.22649    0.051081
  27      2202.58    0.015708    .002106150     0.22379    0.048134
  28      2202.32    0.015653    .002106150     0.22584    0.049116
  29      2202.13    0.015614    .002106150     0.22623    0.047151
  30      2201.86    0.015556    .002106150     0.22965    0.047151
  31      2201.80    0.015544    .002106150     0.22979    0.048134
  32      2201.29    0.015436    .002106150     0.22889    0.045187
  33      2201.11    0.015398    .002106150     0.22875    0.045187
  34      2200.95    0.015365    .002106150     0.22904    0.046169
  35      2200.92    0.015358    .002106150     0.23095    0.046169
  36      2200.62    0.015296    .002106150     0.23141    0.045187
  37      2200.59    0.015288    .002106150     0.23045    0.046169
  38      2200.55    0.015280    .002106150     0.22980    0.046169
  39      2200.51    0.015272    .002106150     0.23032    0.046169
  40      2200.33    0.015233    .002106150     0.22539    0.045187
  41      2200.25    0.015216    .002106150     0.22791    0.046169
  42      2200.16    0.015197    .002106150     0.23119    0.047151
  43      2200.13    0.015192    .002106150     0.23076    0.047151
  44      2200.13    0.015192    .002106150     0.23109    0.047151
  45      2200.10    0.015186    .002106150     0.23107    0.047151
  46      2200.08    0.015181    .002106150     0.22724    0.046169
  47      2200.06    0.015178    .002106150     0.22718    0.046169
  48      2200.04    0.015172    .002106150     0.22894    0.047151
  49      2200.02    0.015169    .002106150     0.22900    0.047151
  50      2200.02    0.015168    .002106150     0.22868    0.047151
  50      2200.02    0.015168    .002106150     0.22868    0.047151
 
                                                                                
 
 
Selected Iteration based on _VMISC_

_ITER_     _AIC_      _AVERR_        _MISC_    _VAVERR_     _VMISC_

   2      2236.71    0.022896    .002948610     0.17461    0.037328
 
                                                                                
 
 
Search # 4 FUNNEL LAYERS trial # 1 : DIRECT : Prelim

The NEURAL Procedure

Preliminary       Starting         Objective         Number
 Training          Random           Function           of        Terminating
    Run             Seed             Value         Iterations     Criteria

        1               12345    0.007848135546           25                
 
                                                                                
 
 
Search # 4 FUNNEL LAYERS trial # 1 : DIRECT : Training

_ITER_     _AIC_        _AVERR_      _MISC_     _VAVERR_     _VMISC_

   0      2271.26    .007848136    .00210615     0.27351    0.040275
   1      2271.05    .007803003    .00210615     0.27361    0.042240
   2      2268.68    .007304187    .00210615     0.27681    0.044204
   3      2266.61    .006868464    .00168492     0.28216    0.045187
   4      2264.87    .006501839    .00168492     0.27809    0.044204
   5      2264.79    .006484975    .00168492     0.27807    0.044204
   6      2264.46    .006414565    .00168492     0.27988    0.043222
   7      2264.43    .006409445    .00168492     0.28010    0.044204
   8      2264.14    .006346934    .00168492     0.28333    0.046169
   9      2263.79    .006273804    .00168492     0.28451    0.045187
  10      2263.03    .006113559    .00168492     0.28295    0.045187
  11      2263.02    .006111001    .00168492     0.28289    0.044204
  12      2262.99    .006104897    .00168492     0.28299    0.044204
  13      2262.86    .006078769    .00168492     0.28310    0.045187
  14      2260.98    .005682297    .00168492     0.28931    0.046169
  15      2260.77    .005638405    .00168492     0.28961    0.046169
  16      2260.16    .005509637    .00168492     0.29390    0.047151
  17      2259.95    .005465089    .00168492     0.29527    0.046169
  18      2258.70    .005201770    .00210615     0.31052    0.047151
  19      2258.07    .005069902    .00210615     0.31126    0.047151
  20      2256.31    .004699341    .00168492     0.31480    0.045187
  21      2255.74    .004578546    .00168492     0.31888    0.046169
  22      2253.89    .004189059    .00168492     0.32608    0.044204
  23      2253.60    .004128881    .00168492     0.33015    0.045187
  24      2253.12    .004027928    .00168492     0.32766    0.046169
  25      2252.96    .003993604    .00168492     0.32597    0.047151
  26      2251.22    .003627804    .00168492     0.32794    0.049116
  27      2251.02    .003585449    .00168492     0.32985    0.050098
  28      2250.63    .003503358    .00126369     0.33260    0.047151
  29      2250.48    .003471937    .00126369     0.33248    0.050098
  30      2250.25    .003422271    .00084246     0.34474    0.050098
  31      2249.41    .003244950    .00126369     0.34873    0.050098
  32      2248.79    .003115506    .00084246     0.35011    0.052063
  33      2248.78    .003113748    .00084246     0.34975    0.053045
  34      2248.29    .003009027    .00126369     0.34637    0.049116
  35      2247.84    .002915407    .00126369     0.34673    0.048134
  36      2246.81    .002698932    .00126369     0.34553    0.046169
  37      2246.16    .002561707    .00042123     0.34746    0.050098
  38      2246.07    .002542981    .00084246     0.34813    0.050098
  39      2245.69    .002462736    .00084246     0.35403    0.048134
  40      2245.65    .002453826    .00084246     0.35491    0.048134
  41      2245.59    .002441783    .00084246     0.35409    0.048134
  42      2245.59    .002441741    .00084246     0.35389    0.048134
  43      2245.55    .002432618    .00084246     0.35415    0.048134
  44      2245.54    .002431155    .00084246     0.35480    0.048134
  45      2245.50    .002422804    .00084246     0.35431    0.048134
  46      2245.50    .002421980    .00084246     0.35387    0.048134
  47      2245.48    .002417598    .00084246     0.35401    0.048134
  48      2245.47    .002416509    .00084246     0.35442    0.048134
  49      2245.45    .002411023    .00084246     0.35401    0.048134
  50      2245.45    .002410803    .00084246     0.35378    0.048134
  50      2245.45    .002410803    .00084246     0.35378    0.048134
 
                                                                                
 
 
Selected Iteration based on _VMISC_

_ITER_     _AIC_        _AVERR_      _MISC_     _VAVERR_     _VMISC_

   0      2271.26    .007848136    .00210615     0.27351    0.040275
 
                                                                                
 
 
Search # 4 FUNNEL LAYERS trial # 2 : LOGISTIC : Prelim

The NEURAL Procedure

Preliminary       Starting         Objective         Number
 Training          Random           Function           of        Terminating
    Run             Seed             Value         Iterations     Criteria

        1          1037369794     0.02168754227           25                
        2          1292315460    0.018593352349           25                
        3           925182789       0.019602592           25                
        4           760702192    0.025577589584           25                
        5          1291432776    0.013139216576           25                
        6          1982148249    0.014048978916           25                
        7           332299952    0.015147377118           25                
        8           973699583    0.014904537907           25                
        9          1707512691    0.011880394443           25                
       10          1941756392    0.034131768562           25                
       11           298246992    0.021804762994           25                
       12          1655006455     0.01666283198           25                
       13          1855568102    0.018616172022           25                
       14           343482422    0.018526369194           25                
       15           753122004    0.078069969298           25                
       16           804007654     0.05562590907           25                
       17           125128109    0.022999708159           25                
       18            22779697    0.016602299419           25                
       19            27610615    0.015843120375           25                
       20          1004636384    0.014652878291           25                
       21          1963310381    0.010813865088           25                
       22           811519929    0.011335706904           25                
       23          1282238589    0.011938525773           25                
       24          1452952082    0.018863804631           25                
       25           931641757    0.013284775772           25                
       26          1488213170    0.015303050142           25                
       27          1235947317    0.014990186472           25                
       28           697185228    0.017920835927           25                
       29           907990232    0.017393768644           25                
       30          1529870169    0.031900177869           25                
       31          1902195742    0.017270887161           25                
       32          1617797374    0.016108202291           25                
 
                                                                                
 
 
Search # 4 FUNNEL LAYERS trial # 2 : LOGISTIC : Training

_ITER_     _AIC_      _AVERR_      _MISC_     _VAVERR_     _VMISC_

   0      3809.34    0.010814    .00168492     0.24046    0.040275
   1      3808.77    0.010694    .00168492     0.23984    0.040275
   2      3807.86    0.010502    .00168492     0.23863    0.039293
   3      3807.04    0.010328    .00168492     0.23753    0.039293
   4      3806.69    0.010255    .00168492     0.23694    0.038310
   5      3806.25    0.010161    .00168492     0.23724    0.039293
   6      3806.21    0.010154    .00168492     0.23730    0.039293
   7      3805.69    0.010045    .00168492     0.23847    0.039293
   8      3805.66    0.010038    .00168492     0.23944    0.041257
   9      3804.30    0.009752    .00168492     0.24307    0.043222
  10      3804.13    0.009715    .00168492     0.24310    0.043222
  11      3802.74    0.009423    .00168492     0.24096    0.040275
  12      3802.60    0.009394    .00168492     0.24111    0.040275
  13      3801.60    0.009183    .00168492     0.24175    0.043222
  14      3801.43    0.009147    .00210615     0.24892    0.044204
  15      3801.36    0.009133    .00210615     0.25123    0.046169
  16      3799.77    0.008797    .00168492     0.24468    0.042240
  17      3798.72    0.008577    .00168492     0.25019    0.043222
  18      3797.53    0.008326    .00168492     0.25360    0.043222
  19      3796.91    0.008195    .00168492     0.25896    0.042240
  20      3796.65    0.008141    .00168492     0.25839    0.042240
  21      3796.34    0.008074    .00168492     0.25632    0.043222
  22      3796.15    0.008035    .00168492     0.25587    0.042240
  23      3795.97    0.007996    .00168492     0.25584    0.041257
  24      3795.34    0.007864    .00168492     0.25810    0.043222
  25      3795.07    0.007808    .00210615     0.25698    0.042240
  26      3794.20    0.007624    .00168492     0.25594    0.041257
  27      3794.14    0.007612    .00168492     0.25621    0.042240
  28      3794.09    0.007602    .00168492     0.25608    0.042240
  29      3793.96    0.007573    .00168492     0.25561    0.041257
  30      3793.69    0.007517    .00168492     0.25731    0.041257
  31      3793.64    0.007507    .00168492     0.25717    0.041257
  32      3792.96    0.007363    .00168492     0.25810    0.041257
  33      3792.79    0.007327    .00168492     0.25871    0.041257
  34      3790.93    0.006935    .00168492     0.25568    0.041257
  35      3790.53    0.006852    .00168492     0.25318    0.040275
  36      3789.93    0.006726    .00168492     0.25370    0.039293
  37      3788.55    0.006435    .00168492     0.25603    0.039293
  38      3788.37    0.006396    .00168492     0.25653    0.039293
  39      3786.57    0.006017    .00126369     0.25845    0.039293
  40      3784.58    0.005597    .00042123     0.27137    0.041257
  41      3784.01    0.005477    .00126369     0.27083    0.041257
  42      3783.38    0.005346    .00042123     0.28954    0.046169
  43      3782.56    0.005172    .00042123     0.29288    0.048134
  44      3782.29    0.005117    .00042123     0.29109    0.044204
  45      3780.10    0.004654    .00042123     0.28065    0.041257
  46      3779.62    0.004554    .00042123     0.27904    0.041257
  47      3778.85    0.004391    .00042123     0.28479    0.041257
  48      3778.69    0.004358    .00042123     0.28476    0.041257
  49      3778.10    0.004233    .00042123     0.28543    0.041257
  50      3778.02    0.004216    .00042123     0.28588    0.041257
  50      3778.02    0.004216    .00042123     0.28588    0.041257
 
                                                                                
 
 
Selected Iteration based on _VMISC_

_ITER_     _AIC_      _AVERR_      _MISC_     _VAVERR_     _VMISC_

   4      3806.69    0.010255    .00168492     0.23694    0.038310
 
                                                                                
 
 
Search # 4 FUNNEL LAYERS trial # 3 : SINE : Prelim

The NEURAL Procedure

Preliminary       Starting         Objective         Number
 Training          Random           Function           of        Terminating
    Run             Seed             Value         Iterations     Criteria

        1          1037369794    0.012612662454           25                
        2          1292315460    0.013692388065           25                
        3           925182789    0.013883351387           25                
        4           760702192     0.01025653368           25                
        5          1291432776    0.010924472699           25                
        6          1982148249     0.01203797161           25                
        7           332299952    0.014756715112           25                
        8           973699583    0.010739382057           25                
        9          1707512691    0.019574563728           25                
       10          1941756392    0.095607344269           25                
       11           298246992    0.009883504542           25                
       12          1655006455    0.010173314052           25                
       13          1855568102    0.015143015799           25                
       14           343482422    0.011297278989           25                
       15           753122004     0.01049073203           25                
       16           804007654     0.01294050124           25                
       17           125128109    0.014275874939           25                
       18            22779697    0.014708952927           25                
       19            27610615    0.012868169305           25                
       20          1004636384    0.011972423861           25                
       21          1963310381    0.010878208838           25                
       22           811519929     0.01247739896           25                
       23          1282238589    0.014302852016           25                
       24          1452952082    0.013688996921           25                
       25           931641757    0.016293037648           25                
       26          1488213170    0.044038306977           25                
       27          1235947317     0.01223611643           25                
       28           697185228    0.013390842796           25                
       29           907990232     0.01064997606           25                
       30          1529870169    0.010689864067           25                
       31          1902195742    0.014066751698           25                
       32          1617797374    0.010616243864           25                
 
                                                                                
 
 
Search # 4 FUNNEL LAYERS trial # 3 : SINE : Training

_ITER_     _AIC_        _AVERR_      _MISC_     _VAVERR_     _VMISC_

   0      3804.93    .009883505    .00168492     0.25537    0.050098
   1      3804.64    .009823965    .00168492     0.25585    0.049116
   2      3802.49    .009370217    .00168492     0.25345    0.047151
   3      3800.46    .008941987    .00168492     0.25643    0.049116
   4      3800.20    .008888464    .00168492     0.25611    0.049116
   5      3798.96    .008627068    .00168492     0.26178    0.049116
   6      3798.71    .008574647    .00168492     0.26213    0.049116
   7      3796.70    .008149919    .00210615     0.26648    0.049116
   8      3796.41    .008089934    .00210615     0.26726    0.049116
   9      3793.88    .007556474    .00168492     0.27416    0.047151
  10      3791.37    .007029260    .00168492     0.27479    0.047151
  11      3790.93    .006934734    .00168492     0.27408    0.047151
  12      3789.48    .006629946    .00168492     0.27807    0.049116
  13      3789.39    .006611313    .00168492     0.27783    0.049116
  14      3787.85    .006286295    .00168492     0.28532    0.048134
  15      3786.19    .005936491    .00168492     0.28614    0.048134
  16      3785.73    .005840556    .00126369     0.29055    0.049116
  17      3785.04    .005695027    .00168492     0.30076    0.050098
  18      3784.46    .005573104    .00168492     0.30273    0.047151
  19      3782.64    .005190228    .00126369     0.30941    0.050098
  20      3781.11    .004868168    .00168492     0.31071    0.050098
  21      3779.09    .004442326    .00084246     0.31553    0.050098
  22      3778.77    .004373988    .00126369     0.31730    0.051081
  23      3776.79    .003956432    .00126369     0.31278    0.049116
  24      3776.72    .003943116    .00126369     0.31246    0.049116
  25      3776.42    .003880565    .00084246     0.31401    0.049116
  26      3776.30    .003855256    .00042123     0.31487    0.049116
  27      3775.42    .003668355    .00084246     0.32532    0.050098
  28      3775.35    .003654804    .00084246     0.32472    0.050098
  29      3774.89    .003557172    .00126369     0.32835    0.052063
  30      3774.69    .003514125    .00084246     0.32933    0.052063
  31      3774.01    .003371672    .00042123     0.32768    0.052063
  32      3773.04    .003167198    .00042123     0.32757    0.051081
  33      3772.76    .003107786    .00042123     0.32854    0.050098
  34      3772.57    .003067784    .00042123     0.32859    0.050098
  35      3771.09    .002757252    .00042123     0.33043    0.051081
  36      3770.88    .002713288    .00042123     0.33004    0.052063
  37      3770.32    .002595099    .00042123     0.33194    0.052063
  38      3770.05    .002537395    .00042123     0.33586    0.052063
  39      3769.72    .002467948    .00042123     0.33917    0.053045
  40      3769.67    .002457278    .00042123     0.33956    0.053045
  41      3769.65    .002454448    .00042123     0.33878    0.053045
  42      3769.62    .002447700    .00042123     0.33828    0.053045
  43      3769.53    .002429436    .00042123     0.34095    0.053045
  44      3769.44    .002409383    .00042123     0.34711    0.054028
  45      3768.91    .002298782    .00042123     0.34865    0.053045
  46      3768.88    .002290496    .00042123     0.34822    0.053045
  47      3768.11    .002128851    .00042123     0.34731    0.050098
  48      3767.77    .002058570    .00042123     0.35663    0.053045
  49      3767.76    .002054577    .00042123     0.35672    0.053045
  50      3767.70    .002043126    .00042123     0.35696    0.053045
  50      3767.70    .002043126    .00042123     0.35696    0.053045
 
                                                                                
 
 
Selected Iteration based on _VMISC_

_ITER_     _AIC_        _AVERR_      _MISC_     _VAVERR_     _VMISC_

   2      3802.49    .009370217    .00168492     0.25345    0.047151
 
                                                                                
 
 
Search # 4 FUNNEL LAYERS trial # 4 : SOFTMAX : Prelim

The NEURAL Procedure

Preliminary       Starting         Objective         Number
 Training          Random           Function           of        Terminating
    Run             Seed             Value         Iterations     Criteria

        1          1859741327    0.084151830397           25                
        2           645478431    0.017477001827           25                
        3           557288517    0.029290670091           25                
        4          1013413390     0.09420837273           25                
        5           332169861    0.061080734722           25                
        6           744146146    0.064401950109           25                
        7           279404358    0.028815102525           25                
        8          1819884500    0.019723252974           25                
        9          1631729604    0.028306910832           25                
       10           888228319    0.019360913225           25                
       11          1655999000    0.027008686431           25                
       12          1356601599    0.034120104554           25                
       13           134605163     0.12984204983           25                
       14          1778244850    0.019657004803           25                
       15          1613607712    0.036105420415           25                
       16           590003946    0.091695072137           25                
       17           559327173    0.020666274817           25                
       18           857644093    0.049388748426           25                
       19           183374260    0.035032843202           25                
       20           781704217    0.052563228548           25                
       21           540654537    0.061599539466           25                
       22           842000642    0.020360298208           25                
       23           508355433    0.026584942392           25                
       24           278693140    0.020463206548           25                
       25           594614424    0.096873650664           25                
       26          1146416606    0.037982019246           25                
       27          1057219523    0.090329481868           25                
       28           735072805    0.038942412566           25                
       29           750150713    0.087577564427           25                
       30          1705025656    0.102931564189           25                
       31           491319501    0.036025603383           25                
       32           938394496    0.093618847831           25                
 
                                                                                
 
 
Search # 4 FUNNEL LAYERS trial # 4 : SOFTMAX : Training

_ITER_     _AIC_      _AVERR_        _MISC_    _VAVERR_     _VMISC_

   0      3810.98    0.017477    .001684920     0.20063    0.046169
   1      3810.83    0.017446    .001684920     0.20019    0.048134
   2      3810.25    0.017324    .001684920     0.19932    0.048134
   3      3810.07    0.017285    .001684920     0.19892    0.047151
   4      3809.76    0.017220    .001684920     0.19928    0.047151
   5      3808.75    0.017008    .002527380     0.20339    0.048134
   6      3808.42    0.016938    .002527380     0.20439    0.049116
   7      3803.48    0.015896    .001684920     0.21130    0.047151
   8      3803.23    0.015844    .001684920     0.21213    0.048134
   9      3798.22    0.014789    .002106150     0.21774    0.048134
  10      3797.74    0.014688    .002106150     0.21841    0.047151
  11      3795.63    0.014244    .001684920     0.21604    0.047151
  12      3794.73    0.014055    .002527380     0.22302    0.047151
  13      3794.22    0.013947    .002106150     0.22273    0.047151
  14      3791.50    0.013375    .002106150     0.22616    0.046169
  15      3790.96    0.013261    .002527380     0.22702    0.046169
  16      3787.42    0.012516    .001684920     0.23192    0.048134
  17      3786.91    0.012407    .001684920     0.23277    0.048134
  18      3786.40    0.012300    .001684920     0.23181    0.048134
  19      3786.09    0.012234    .001684920     0.23095    0.048134
  20      3785.80    0.012174    .001684920     0.22765    0.047151
  21      3784.84    0.011971    .001684920     0.22073    0.045187
  22      3783.64    0.011719    .001684920     0.21368    0.042240
  23      3782.97    0.011577    .001684920     0.21390    0.044204
  24      3782.80    0.011541    .001684920     0.21386    0.044204
  25      3781.75    0.011322    .001263690     0.21533    0.043222
  26      3781.28    0.011222    .001263690     0.21605    0.044204
  27      3780.58    0.011074    .001263690     0.21600    0.044204
  28      3780.38    0.011033    .001263690     0.21575    0.043222
  29      3779.73    0.010896    .001263690     0.21726    0.043222
  30      3779.24    0.010793    .001263690     0.21853    0.043222
  31      3779.20    0.010783    .001263690     0.21970    0.043222
  32      3778.97    0.010736    .001263690     0.22335    0.045187
  33      3778.50    0.010636    .001263690     0.22686    0.043222
  34      3778.40    0.010616    .001263690     0.22764    0.043222
  35      3777.54    0.010433    .001263690     0.23322    0.044204
  36      3777.41    0.010405    .001263690     0.23351    0.045187
  37      3776.83    0.010285    .001263690     0.23513    0.045187
  38      3776.78    0.010275    .001263690     0.23503    0.045187
  39      3776.65    0.010247    .001263690     0.23395    0.045187
  40      3776.61    0.010238    .001263690     0.23407    0.045187
  41      3776.35    0.010182    .001263690     0.23297    0.046169
  42      3776.26    0.010165    .001263690     0.23284    0.046169
  43      3775.46    0.009997    .001684920     0.22792    0.044204
  44      3775.44    0.009993    .001684920     0.22776    0.043222
  45      3774.94    0.009886    .001263690     0.22948    0.044204
  46      3773.35    0.009552    .001263690     0.22991    0.046169
  47      3773.29    0.009540    .001263690     0.22971    0.047151
  48      3772.97    0.009472    .001263690     0.22998    0.047151
  49      3772.15    0.009298    .001263690     0.23053    0.045187
  50      3771.55    0.009172    .001263690     0.23152    0.044204
  50      3771.55    0.009172    .001263690     0.23152    0.044204
 
                                                                                
 
 
Selected Iteration based on _VMISC_

_ITER_     _AIC_      _AVERR_      _MISC_     _VAVERR_     _VMISC_

  22      3783.64    0.011719    .00168492     0.21368    0.042240
 
                                                                                
 
 
Final Training Prelim

The NEURAL Procedure

Preliminary       Starting         Objective         Number
 Training          Random           Function           of        Terminating
    Run             Seed             Value         Iterations     Criteria

        1               12345    0.007997517529           25                
 
                                                                                
 
 
Final Training Training

_ITER_     _AIC_        _AVERR_      _MISC_     _VAVERR_     _VMISC_

   0      2195.97    .007997518    .00210615     0.27854    0.047151
   1      2195.07    .007806983    .00210615     0.27774    0.047151
   2      2194.30    .007646184    .00168492     0.27385    0.042240
   3      2193.81    .007543062    .00168492     0.27295    0.040275
   4      2192.45    .007255559    .00168492     0.27505    0.038310
   5      2191.46    .007047655    .00168492     0.27595    0.040275
   5      2191.46    .007047655    .00168492     0.27595    0.040275
 
                                                                                
 
 
Selected Iteration based on _VMISC_

_ITER_     _AIC_        _AVERR_      _MISC_     _VAVERR_     _VMISC_

   4      2192.45    .007255559    .00168492     0.27505    0.038310
 
                                                                                
 
 
Final Training History

                             _                                   _
                             s           _                       V       _
       _           _         t      _    A       _               A       V
       s           f         a      i    V       M       _       V       M
       t           u         t      t    E       I       A       E       I
       e           n         u      e    R       S       I       R       S
       p           c         s      r    R       C       C       R       C
       _           _         _      _    _       _       _       _       _

FUNNEL LAYERS 1 DIRECT   initial    0 0.42482 0.15122 2095.06 0.42661 0.15226
FUNNEL LAYERS 1 DIRECT   candidate  2 0.14220 0.05771  753.14 0.15121 0.06582
FUNNEL LAYERS 1 LOGISTIC candidate 14 0.03073 0.00800  707.89 0.17316 0.04912
FUNNEL LAYERS 1 SINE     reject    24 0.04281 0.01137  765.26 0.15995 0.05206
FUNNEL LAYERS 1 SOFTMAX  candidate 21 0.03837 0.00969  666.18 0.18482 0.04813
FUNNEL LAYERS 1 SOFTMAX  keep      21 0.03837 0.00969  666.18 0.18482 0.04813
FUNNEL LAYERS 2 DIRECT   candidate 40 0.01834 0.00379  647.10 0.21799 0.04519
FUNNEL LAYERS 2 LOGISTIC candidate 13 0.01891 0.00505 1251.79 0.20038 0.04322
FUNNEL LAYERS 2 SINE     reject     0 0.01975 0.00421 1255.79 0.44557 0.04519
FUNNEL LAYERS 2 SOFTMAX  candidate 25 0.01612 0.00295 1208.55 0.20594 0.03929
FUNNEL LAYERS 2 SOFTMAX  keep      25 0.01612 0.00295 1208.55 0.20594 0.03929
FUNNEL LAYERS 3 DIRECT   reject    10 0.01268 0.00253 1268.21 0.23067 0.04028
FUNNEL LAYERS 3 LOGISTIC reject    10 0.01497 0.00253 2229.08 0.20593 0.04420
FUNNEL LAYERS 3 SINE     candidate 23 0.01084 0.00211 2209.47 0.23044 0.03733
FUNNEL LAYERS 3 SOFTMAX  reject     2 0.02290 0.00295 2236.71 0.17461 0.03733
FUNNEL LAYERS 3 SINE     keep      23 0.01084 0.00211 2209.47 0.23044 0.03733
FUNNEL LAYERS 4 DIRECT   reject     0 0.00785 0.00211 2271.26 0.27351 0.04028
FUNNEL LAYERS 4 LOGISTIC reject     4 0.01025 0.00168 3806.69 0.23694 0.03831
FUNNEL LAYERS 4 SINE     reject     2 0.00937 0.00168 3802.49 0.25345 0.04715
FUNNEL LAYERS 4 SOFTMAX  reject    22 0.01172 0.00168 3783.64 0.21368 0.04224
                         Final      4 0.00726 0.00168 2192.45 0.27505 0.03831
 
                                                                                
 
 
Final Model
Stopping: Termination criteria were satisfied: overfitting based on _VMISC_

_func_      _AVERR_    _VAVERR_    neurons

SOFTMAX    0.038369     0.18482        7  
SOFTMAX    0.016122     0.20594        7  
SINE       0.010841     0.23044        7  
                                   =======
                                      21  
