 
                                                                                               
 
 
Fit Statistics

Target=DepVar Target Label=DepVar

   Fit
Statistics    Statistics Label                     Train    Validation

 _DFT_        Total Degrees of Freedom           2374.00          .   
 _DFE_        Degrees of Freedom for Error       2079.00          .   
 _DFM_        Model Degrees of Freedom            295.00          .   
 _NW_         Number of Estimated Weights         295.00          .   
 _AIC_        Akaike's Information Criterion     5302.70          .   
 _SBC_        Schwarz's Bayesian Criterion       7005.53          .   
 _ASE_        Average Squared Error                 0.24         0.28 
 _MAX_        Maximum Absolute Error                1.00         1.00 
 _DIV_        Divisor for ASE                    4748.00      2036.00 
 _NOBS_       Sum of Frequencies                 2374.00      1018.00 
 _RASE_       Root Average Squared Error            0.49         0.53 
 _SSE_        Sum of Squared Errors              1125.93       572.66 
 _SUMW_       Sum of Case Weights Times Freq     4748.00      2036.00 
 _FPE_        Final Prediction Error                0.30          .   
 _MSE_        Mean Squared Error                    0.27         0.28 
 _RFPE_       Root Final Prediction Error           0.55          .   
 _RMSE_       Root Mean Squared Error               0.52         0.53 
 _AVERR_      Average Error Function                0.99         1.25 
 _ERR_        Error Function                     4712.70      2539.60 
 _MISC_       Misclassification Rate                0.29         0.34 
 _WRONG_      Number of Wrong Classifications     683.00       351.00 
 
                                                                                               
 
 
Classification Table

Data Role=TRAIN Target Variable=DepVar Target Label=DepVar

                       Target        Outcome     Frequency       Total
Target    Outcome    Percentage    Percentage      Count      Percentage

  0          0         86.2745       78.6104        1584        66.7228 
  1          0         13.7255       70.1950         252        10.6150 
  0          1         80.1115       21.3896         431        18.1550 
  1          1         19.8885       29.8050         107         4.5072 


Data Role=VALIDATE Target Variable=DepVar Target Label=DepVar

                       Target        Outcome     Frequency       Total
Target    Outcome    Percentage    Percentage      Count      Percentage

  0          0         82.7366       74.9710        647         63.5560 
  1          0         17.2634       87.0968        135         13.2613 
  0          1         91.5254       25.0290        216         21.2181 
  1          1          8.4746       12.9032         20          1.9646 
 
                                                                                               
 
 
Event Classification Table

Data Role=TRAIN Target=DepVar Target Label=DepVar

  False       True        False       True
Negative    Negative    Positive    Positive

   252        1584         431         107  


Data Role=VALIDATE Target=DepVar Target Label=DepVar

  False       True        False       True
Negative    Negative    Positive    Positive

   135         647         216         20   
 
                                                                                               
 
 
Assessment Score Rankings

Data Role=TRAIN Target Variable=DepVar Target Label=DepVar

                                                                                    Mean
                            Cumulative       %      Cumulative     Number of     Posterior
Depth     Gain      Lift       Lift      Response   % Response   Observations   Probability

   5    77.8236   1.77824     1.77824     26.8908     26.8908         119         0.99270  
  10    30.5892   0.83355     1.30589     12.6050     19.7479         119         0.95224  
  15    24.1060   1.11140     1.24106     16.8067     18.7675         119         0.85888  
  20    30.8641   1.51310     1.30864     22.8814     19.7895         118         0.67951  
  25    24.6860   1.00026     1.24686     15.1261     18.8552         119         0.50041  
  30    18.7153   0.88912     1.18715     13.4454     17.9523         119         0.32618  
  35    24.9352   1.62518     1.24935     24.5763     18.8929         118         0.19931  
  40    21.1189   0.94469     1.21119     14.2857     18.3158         119         0.12630  
  45    21.8638   1.27811     1.21864     19.3277     18.4284         119         0.07717  
  50    21.4485   1.17686     1.21448     17.7966     18.3656         118         0.04460  
  55    19.4965   1.00026     1.19496     15.1261     18.0704         119         0.02541  
  60    14.6221   0.61127     1.14622      9.2437     17.3333         119         0.01506  
  65    13.4971   1.00026     1.13497     15.1261     17.1632         119         0.01028  
  70    15.3860   1.40102     1.15386     21.1864     17.4489         118         0.00640  
  75    12.8745   0.77798     1.12875     11.7647     17.0691         119         0.00351  
  80    10.6776   0.77798     1.10678     11.7647     16.7368         119         0.00173  
  85     8.4659   0.72853     1.08466     11.0169     16.4024         118         0.00090  
  90     5.2109   0.50013     1.05211      7.5630     15.9102         119         0.00047  
  95     2.2993   0.50013     1.02299      7.5630     15.4699         119         0.00016  
 100     0.0000   0.56041     1.00000      8.4746     15.1222         118         0.00003  


Data Role=VALIDATE Target Variable=DepVar Target Label=DepVar

                                                                                    Mean
                            Cumulative       %      Cumulative     Number of     Posterior
Depth     Gain      Lift       Lift      Response   % Response   Observations   Probability

   5    74.2441   0.25756     0.25756      3.9216      3.9216         51          0.98927  
  10    54.9273   0.64390     0.45073      9.8039      6.8627         51          0.93500  
  15    52.7809   0.51512     0.47219      7.8431      7.1895         51          0.84603  
  20    51.7078   0.51512     0.48292      7.8431      7.3529         51          0.68340  
  25    43.3371   0.90145     0.56663     13.7255      8.6275         51          0.51564  
  30    31.3177   1.28779     0.68682     19.6078     10.4575         51          0.34586  
  35    30.0913   0.77268     0.69909     11.7647     10.6443         51          0.21740  
  40    22.7324   1.28779     0.77268     19.6078     11.7647         51          0.14755  
  45    19.8707   1.03023     0.80129     15.6863     12.2004         51          0.08134  
  50    18.7097   0.91948     0.81290     14.0000     12.3772         50          0.04656  
  55    19.0760   0.77268     0.80924     11.7647     12.3214         51          0.02595  
  60     9.7070   1.93169     0.90293     29.4118     13.7480         51          0.01498  
  65     4.7578   1.54535     0.95242     23.5294     14.5015         51          0.01005  
  70     3.2801   1.15901     0.96720     17.6471     14.7265         51          0.00662  
  75     1.9997   1.15901     0.98000     17.6471     14.9215         51          0.00398  
  80     0.7322   1.41657     1.00732     21.5686     15.3374         51          0.00183  
  85     2.3840   1.28779     1.02384     19.6078     15.5889         51          0.00088  
  90     0.9871   0.77268     1.00987     11.7647     15.3762         51          0.00041  
  95     3.6550   0.12878     0.96345      1.9608     14.6694         51          0.00014  
 100     0.0000   1.70761     1.00000     26.0000     15.2259         50          0.00002  
 
                                                                                               
 
 
Assessment Score Distribution

Data Role=TRAIN Target Variable=DepVar Target Label=DepVar

 Posterior     Number                     Mean
Probability      of      Number of     Posterior
   Range       Events    Nonevents    Probability    Percentage

 0.95-1.00        37         149        0.98406         7.8349 
 0.90-0.95        15          60        0.92366         3.1592 
 0.85-0.90         6          38        0.87810         1.8534 
 0.80-0.85         8          34        0.82776         1.7692 
 0.75-0.80         4          25        0.77949         1.2216 
 0.70-0.75         8          17        0.72599         1.0531 
 0.65-0.70         5          22        0.67924         1.1373 
 0.60-0.65        11          26        0.62507         1.5586 
 0.55-0.60         3          30        0.57418         1.3901 
 0.50-0.55        10          30        0.52622         1.6849 
 0.45-0.50         3          24        0.47933         1.1373 
 0.40-0.45         2          30        0.42898         1.3479 
 0.35-0.40         2          30        0.37680         1.3479 
 0.30-0.35         7          40        0.32844         1.9798 
 0.25-0.30         7          29        0.27383         1.5164 
 0.20-0.25        11          45        0.22667         2.3589 
 0.15-0.20        18          53        0.17315         2.9907 
 0.10-0.15        16          89        0.12586         4.4229 
 0.05-0.10        31         133        0.07249         6.9082 
 0.00-0.05       155        1111        0.00850        53.3277 


Data Role=VALIDATE Target Variable=DepVar Target Label=DepVar

 Posterior     Number                     Mean
Probability      of      Number of     Posterior
   Range       Events    Nonevents    Probability    Percentage

 0.95-1.00        2          59         0.98442         5.9921 
 0.90-0.95        5          40         0.92676         4.4204 
 0.85-0.90        0          23         0.86977         2.2593 
 0.80-0.85        3          14         0.82504         1.6699 
 0.75-0.80        1          13         0.77620         1.3752 
 0.70-0.75        0          14         0.72198         1.3752 
 0.65-0.70        0          13         0.67749         1.2770 
 0.60-0.65        3          10         0.63190         1.2770 
 0.55-0.60        2          14         0.57221         1.5717 
 0.50-0.55        4          16         0.52834         1.9646 
 0.45-0.50        2          12         0.48138         1.3752 
 0.40-0.45        0          12         0.42514         1.1788 
 0.35-0.40        5          12         0.37326         1.6699 
 0.30-0.35        3          14         0.32726         1.6699 
 0.25-0.30        2          15         0.27296         1.6699 
 0.20-0.25        4          27         0.21942         3.0452 
 0.15-0.20        6          32         0.17546         3.7328 
 0.10-0.15        6          25         0.12392         3.0452 
 0.05-0.10        9          54         0.07248         6.1886 
 0.00-0.05       98         444         0.00868        53.2417 
