MPRINT(EM_DIAGRAM):    data _null_;
MPRINT(EM_DIAGRAM):   call symput('NLDATE', strip(put(date(), NLDATE.)));
MPRINT(EM_DIAGRAM):   call symput('NLTIME', strip(put(datetime(), NLTIME.)));
MPRINT(EM_DIAGRAM):   run;
MPRINT(EM_DIAGRAM):   data _null_;
MPRINT(EM_DIAGRAM):   nldate= sasmsg("sashelp.dmine", "log_date_note", 'N', "19. April 2016" );
MPRINT(EM_DIAGRAM):   nltime= sasmsg("sashelp.dmine", "log_time_note", 'N', "13.29 Uhr" );
MPRINT(EM_DIAGRAM):   put "*------------------------------------------------------------*";
MPRINT(EM_DIAGRAM):   put "* Score Log";
MPRINT(EM_DIAGRAM):   put nldate;
MPRINT(EM_DIAGRAM):   put nltime;
MPRINT(EM_DIAGRAM):   put "*------------------------------------------------------------*";
MPRINT(EM_DIAGRAM):   run;
*------------------------------------------------------------*
* Score Log
Date:                19. April 2016
Time:                13.29 Uhr
*------------------------------------------------------------*
MPRINT(EM_DIAGRAM):    filename O25HV3NR 
"C:\\predictive-models-project\Workspaces\EMWS8\Reg\EMSCORE.out" encoding="UTF-8" NOBOM;
MPRINT(EM_DIAGRAM):   proc printto print=O25HV3NR new;
MPRINT(EM_DIAGRAM):   run;
178122     proc transpose data=EMWS8.Reg_EMESTIMATE out=WORK.TEMPREG;
MPRINT(EM_DIAGRAM):    proc transpose data=EMWS8.Reg_EMESTIMATE out=WORK.TEMPREG;
178123     where _CHOSEN_ ne '' and _TYPE_='PARMS';
MPRINT(EM_DIAGRAM):   where _CHOSEN_ ne '' and _TYPE_='PARMS';
178124     run;
MPRINT(EM_DIAGRAM):   run;

NOTE: There were 1 observations read from the data set EMWS8.REG_EMESTIMATE.
      WHERE (_CHOSEN_ not = ' ') and (_TYPE_='PARMS');
NOTE: The data set WORK.TEMPREG has 72 observations and 3 variables.
NOTE: PROCEDURE TRANSPOSE used (Total process time):
      real time           0.00 seconds
      cpu time            0.00 seconds
      

178125     proc transpose data=EMWS8.Reg_MAPDS out=WORK.TEMPREG2;
MPRINT(EM_DIAGRAM):   proc transpose data=EMWS8.Reg_MAPDS out=WORK.TEMPREG2;
178126     var "AcceptedCmp10"n--"Teenhome"n;
MPRINT(EM_DIAGRAM):   var "AcceptedCmp10"n--"Teenhome"n;
178127     run;
MPRINT(EM_DIAGRAM):   run;

NOTE: There were 2 observations read from the data set EMWS8.REG_MAPDS.
NOTE: The data set WORK.TEMPREG2 has 38 observations and 4 variables.
NOTE: PROCEDURE TRANSPOSE used (Total process time):
      real time           0.00 seconds
      cpu time            0.00 seconds
      

178128     proc sort data=WORK.TEMPREG NOTHREADS;
MPRINT(EM_DIAGRAM):   proc sort data=WORK.TEMPREG NOTHREADS;
178129     by _NAME_;
MPRINT(EM_DIAGRAM):   by _NAME_;
178130     run;
MPRINT(EM_DIAGRAM):   run;

NOTE: There were 72 observations read from the data set WORK.TEMPREG.
NOTE: The data set WORK.TEMPREG has 72 observations and 3 variables.
NOTE: PROCEDURE SORT used (Total process time):
      real time           0.01 seconds
      cpu time            0.01 seconds
      

178131     proc sort data=WORK.TEMPREG2 NOTHREADS;
MPRINT(EM_DIAGRAM):   proc sort data=WORK.TEMPREG2 NOTHREADS;
178132     by _NAME_;
MPRINT(EM_DIAGRAM):   by _NAME_;
178133     run;
MPRINT(EM_DIAGRAM):   run;

NOTE: There were 38 observations read from the data set WORK.TEMPREG2.
NOTE: The data set WORK.TEMPREG2 has 38 observations and 4 variables.
NOTE: PROCEDURE SORT used (Total process time):
      real time           0.00 seconds
      cpu time            0.00 seconds
      

178134     data WORK.TEMPREG3;
MPRINT(EM_DIAGRAM):   data WORK.TEMPREG3;
178135     merge WORK.TEMPREG(in=ina) WORK.TEMPREG2(in=inb);
MPRINT(EM_DIAGRAM):   merge WORK.TEMPREG(in=ina) WORK.TEMPREG2(in=inb);
178136     by _NAME_;
MPRINT(EM_DIAGRAM):   by _NAME_;
178137     if (ina and inb) and DepVar ne . then output;
MPRINT(EM_DIAGRAM):   if (ina and inb) and DepVar ne . then output;
178138     run;
MPRINT(EM_DIAGRAM):   run;

NOTE: There were 72 observations read from the data set WORK.TEMPREG.
NOTE: There were 38 observations read from the data set WORK.TEMPREG2.
NOTE: The data set WORK.TEMPREG3 has 17 observations and 5 variables.
NOTE: DATA statement used (Total process time):
      real time           0.00 seconds
      cpu time            0.00 seconds
      

178139     data WORK.TEMPREG3(KEEP=TERM);
MPRINT(EM_DIAGRAM):   data WORK.TEMPREG3(KEEP=TERM);
178140     length term $32;
MPRINT(EM_DIAGRAM):   length term $32;
178141     set WORK.TEMPREG3;
MPRINT(EM_DIAGRAM):   set WORK.TEMPREG3;
178142     i=1;
MPRINT(EM_DIAGRAM):   i=1;
178143     do while( scan(input , i, '*') ne '' );
MPRINT(EM_DIAGRAM):   do while( scan(input , i, '*') ne '' );
178144     term= scan(input , i, '*');
MPRINT(EM_DIAGRAM):   term= scan(input , i, '*');
178145     i=i+1;
MPRINT(EM_DIAGRAM):   i=i+1;
178146     output;
MPRINT(EM_DIAGRAM):   output;
178147     end;
MPRINT(EM_DIAGRAM):   end;
178148     run;
MPRINT(EM_DIAGRAM):   run;

NOTE: There were 17 observations read from the data set WORK.TEMPREG3.
NOTE: The data set WORK.TEMPREG3 has 17 observations and 1 variables.
NOTE: DATA statement used (Total process time):
      real time           0.00 seconds
      cpu time            0.00 seconds
      

178149     proc sort data=WORK.TEMPREG3 nodupkey NOTHREADS;
MPRINT(EM_DIAGRAM):   proc sort data=WORK.TEMPREG3 nodupkey NOTHREADS;
178150     by TERM;
MPRINT(EM_DIAGRAM):   by TERM;
178151     run;
MPRINT(EM_DIAGRAM):   run;

NOTE: There were 17 observations read from the data set WORK.TEMPREG3.
NOTE: 3 observations with duplicate key values were deleted.
NOTE: The data set WORK.TEMPREG3 has 14 observations and 1 variables.
NOTE: PROCEDURE SORT used (Total process time):
      real time           0.00 seconds
      cpu time            0.00 seconds
      

178152     filename emflow "C:\\predictive-models-project\Workspaces\EMWS8\Reg\EMFLOWSCORE.sas"
178152   ! ;
MPRINT(EM_DIAGRAM):    filename emflow 
"C:\\predictive-models-project\Workspaces\EMWS8\Reg\EMFLOWSCORE.sas";
MPRINT(EM_DIAGRAM):   *------------------------------------------------------------*;
MPRINT(EM_DIAGRAM):   * Reg: Scoring DATA data;
MPRINT(EM_DIAGRAM):   *------------------------------------------------------------*;
178153     *------------------------------------------------------------*;
178154     * Reg: Scoring DATA data;
178155     *------------------------------------------------------------*;
178156     data EMWS8.Reg_TRAIN
178157     / view=EMWS8.Reg_TRAIN
178158     ;
MPRINT(EM_DIAGRAM):   data EMWS8.Reg_TRAIN / view=EMWS8.Reg_TRAIN ;
178159     set EMWS8.Meta_TRAIN
178160     ;
MPRINT(EM_DIAGRAM):   set EMWS8.Meta_TRAIN ;
178161     %inc emflow;
NOTE: %INCLUDE (level 1) file EMFLOW is file 
      C:\\predictive-models-project\Workspaces\EMWS8\Reg\EMFLOWSCORE.sas.
178162    +*************************************;
MPRINT(EM_DIAGRAM):   *************************************;
178163    +*** begin scoring code for regression;
MPRINT(EM_DIAGRAM):   *** begin scoring code for regression;
178164    +*************************************;
MPRINT(EM_DIAGRAM):   *************************************;
178165    +
178166    +length _WARN_ $4;
MPRINT(EM_DIAGRAM):   length _WARN_ $4;
178167    +label _WARN_ = 'Warnings' ;
MPRINT(EM_DIAGRAM):   label _WARN_ = 'Warnings' ;
178168    +
178169    +length I_DepVar $ 12;
MPRINT(EM_DIAGRAM):   length I_DepVar $ 12;
178170    +label I_DepVar = 'Into: DepVar' ;
MPRINT(EM_DIAGRAM):   label I_DepVar = 'Into: DepVar' ;
178171    +*** Target Values;
MPRINT(EM_DIAGRAM):   *** Target Values;
178172    +array REGDRF [2] $12 _temporary_ ('1' '0' );
MPRINT(EM_DIAGRAM):   array REGDRF [2] $12 _temporary_ ('1' '0' );
178173    +label U_DepVar = 'Unnormalized Into: DepVar' ;
MPRINT(EM_DIAGRAM):   label U_DepVar = 'Unnormalized Into: DepVar' ;
178174    +format U_DepVar BEST.;
MPRINT(EM_DIAGRAM):   format U_DepVar BEST.;
178175    +*** Unnormalized target values;
MPRINT(EM_DIAGRAM):   *** Unnormalized target values;
178176    +ARRAY REGDRU[2]  _TEMPORARY_ (1 0);
MPRINT(EM_DIAGRAM):   ARRAY REGDRU[2] _TEMPORARY_ (1 0);
178177    +
178178    +*** Generate dummy variables for DepVar ;
MPRINT(EM_DIAGRAM):   *** Generate dummy variables for DepVar ;
178179    +drop _Y ;
MPRINT(EM_DIAGRAM):   drop _Y ;
178180    +label F_DepVar = 'From: DepVar' ;
MPRINT(EM_DIAGRAM):   label F_DepVar = 'From: DepVar' ;
178181    +length F_DepVar $ 12;
MPRINT(EM_DIAGRAM):   length F_DepVar $ 12;
178182    +F_DepVar = put( DepVar , BEST. );
MPRINT(EM_DIAGRAM):   F_DepVar = put( DepVar , BEST. );
178183    +%DMNORMIP( F_DepVar )
MPRINT(DMNORMIP):   call dmnorm(F_DepVar,
MPRINT(DMNORLEN):  32
MPRINT(DMNORMIP):  );
178184    +if missing( DepVar ) then do;
MPRINT(EM_DIAGRAM):   if missing( DepVar ) then do;
178185    +   _Y = .;
MPRINT(EM_DIAGRAM):   _Y = .;
178186    +end;
MPRINT(EM_DIAGRAM):   end;
178187    +else do;
MPRINT(EM_DIAGRAM):   else do;
178188    +   if F_DepVar = '0'  then do;
MPRINT(EM_DIAGRAM):   if F_DepVar = '0' then do;
178189    +      _Y = 1;
MPRINT(EM_DIAGRAM):   _Y = 1;
178190    +   end;
MPRINT(EM_DIAGRAM):   end;
178191    +   else if F_DepVar = '1'  then do;
MPRINT(EM_DIAGRAM):   else if F_DepVar = '1' then do;
178192    +      _Y = 0;
MPRINT(EM_DIAGRAM):   _Y = 0;
178193    +   end;
MPRINT(EM_DIAGRAM):   end;
178194    +   else do;
MPRINT(EM_DIAGRAM):   else do;
178195    +      _Y = .;
MPRINT(EM_DIAGRAM):   _Y = .;
178196    +   end;
MPRINT(EM_DIAGRAM):   end;
178197    +end;
MPRINT(EM_DIAGRAM):   end;
178198    +
178199    +drop _DM_BAD;
MPRINT(EM_DIAGRAM):   drop _DM_BAD;
178200    +_DM_BAD=0;
MPRINT(EM_DIAGRAM):   _DM_BAD=0;
178201    +
178202    +*** Check AcceptedCmpTotal for missing values ;
MPRINT(EM_DIAGRAM):   *** Check AcceptedCmpTotal for missing values ;
178203    +if missing( AcceptedCmpTotal ) then do;
MPRINT(EM_DIAGRAM):   if missing( AcceptedCmpTotal ) then do;
178204    +   substr(_warn_,1,1) = 'M';
MPRINT(EM_DIAGRAM):   substr(_warn_,1,1) = 'M';
178205    +   _DM_BAD = 1;
MPRINT(EM_DIAGRAM):   _DM_BAD = 1;
178206    +end;
MPRINT(EM_DIAGRAM):   end;
178207    +
178208    +*** Check Age for missing values ;
MPRINT(EM_DIAGRAM):   *** Check Age for missing values ;
178209    +if missing( Age ) then do;
MPRINT(EM_DIAGRAM):   if missing( Age ) then do;
178210    +   substr(_warn_,1,1) = 'M';
MPRINT(EM_DIAGRAM):   substr(_warn_,1,1) = 'M';
178211    +   _DM_BAD = 1;
MPRINT(EM_DIAGRAM):   _DM_BAD = 1;
178212    +end;
MPRINT(EM_DIAGRAM):   end;
178213    +
178214    +*** Check Frq for missing values ;
MPRINT(EM_DIAGRAM):   *** Check Frq for missing values ;
178215    +if missing( Frq ) then do;
MPRINT(EM_DIAGRAM):   if missing( Frq ) then do;
178216    +   substr(_warn_,1,1) = 'M';
MPRINT(EM_DIAGRAM):   substr(_warn_,1,1) = 'M';
178217    +   _DM_BAD = 1;
MPRINT(EM_DIAGRAM):   _DM_BAD = 1;
178218    +end;
MPRINT(EM_DIAGRAM):   end;
178219    +
178220    +*** Check Income for missing values ;
MPRINT(EM_DIAGRAM):   *** Check Income for missing values ;
178221    +if missing( Income ) then do;
MPRINT(EM_DIAGRAM):   if missing( Income ) then do;
178222    +   substr(_warn_,1,1) = 'M';
MPRINT(EM_DIAGRAM):   substr(_warn_,1,1) = 'M';
178223    +   _DM_BAD = 1;
MPRINT(EM_DIAGRAM):   _DM_BAD = 1;
178224    +end;
MPRINT(EM_DIAGRAM):   end;
178225    +
178226    +*** Check Mnt for missing values ;
MPRINT(EM_DIAGRAM):   *** Check Mnt for missing values ;
178227    +if missing( Mnt ) then do;
MPRINT(EM_DIAGRAM):   if missing( Mnt ) then do;
178228    +   substr(_warn_,1,1) = 'M';
MPRINT(EM_DIAGRAM):   substr(_warn_,1,1) = 'M';
178229    +   _DM_BAD = 1;
MPRINT(EM_DIAGRAM):   _DM_BAD = 1;
178230    +end;
MPRINT(EM_DIAGRAM):   end;
178231    +
178232    +*** Check MntGoldProds for missing values ;
MPRINT(EM_DIAGRAM):   *** Check MntGoldProds for missing values ;
178233    +if missing( MntGoldProds ) then do;
MPRINT(EM_DIAGRAM):   if missing( MntGoldProds ) then do;
178234    +   substr(_warn_,1,1) = 'M';
MPRINT(EM_DIAGRAM):   substr(_warn_,1,1) = 'M';
178235    +   _DM_BAD = 1;
MPRINT(EM_DIAGRAM):   _DM_BAD = 1;
178236    +end;
MPRINT(EM_DIAGRAM):   end;
178237    +
178238    +*** Check MntMeatProducts for missing values ;
MPRINT(EM_DIAGRAM):   *** Check MntMeatProducts for missing values ;
178239    +if missing( MntMeatProducts ) then do;
MPRINT(EM_DIAGRAM):   if missing( MntMeatProducts ) then do;
178240    +   substr(_warn_,1,1) = 'M';
MPRINT(EM_DIAGRAM):   substr(_warn_,1,1) = 'M';
178241    +   _DM_BAD = 1;
MPRINT(EM_DIAGRAM):   _DM_BAD = 1;
178242    +end;
MPRINT(EM_DIAGRAM):   end;
178243    +
178244    +*** Check NumCatalogPurchases for missing values ;
MPRINT(EM_DIAGRAM):   *** Check NumCatalogPurchases for missing values ;
178245    +if missing( NumCatalogPurchases ) then do;
MPRINT(EM_DIAGRAM):   if missing( NumCatalogPurchases ) then do;
178246    +   substr(_warn_,1,1) = 'M';
MPRINT(EM_DIAGRAM):   substr(_warn_,1,1) = 'M';
178247    +   _DM_BAD = 1;
MPRINT(EM_DIAGRAM):   _DM_BAD = 1;
178248    +end;
MPRINT(EM_DIAGRAM):   end;
178249    +
178250    +*** Check NumDealsPurchases for missing values ;
MPRINT(EM_DIAGRAM):   *** Check NumDealsPurchases for missing values ;
178251    +if missing( NumDealsPurchases ) then do;
MPRINT(EM_DIAGRAM):   if missing( NumDealsPurchases ) then do;
178252    +   substr(_warn_,1,1) = 'M';
MPRINT(EM_DIAGRAM):   substr(_warn_,1,1) = 'M';
178253    +   _DM_BAD = 1;
MPRINT(EM_DIAGRAM):   _DM_BAD = 1;
178254    +end;
MPRINT(EM_DIAGRAM):   end;
178255    +
178256    +*** Check NumWebVisitsMonth for missing values ;
MPRINT(EM_DIAGRAM):   *** Check NumWebVisitsMonth for missing values ;
178257    +if missing( NumWebVisitsMonth ) then do;
MPRINT(EM_DIAGRAM):   if missing( NumWebVisitsMonth ) then do;
178258    +   substr(_warn_,1,1) = 'M';
MPRINT(EM_DIAGRAM):   substr(_warn_,1,1) = 'M';
178259    +   _DM_BAD = 1;
MPRINT(EM_DIAGRAM):   _DM_BAD = 1;
178260    +end;
MPRINT(EM_DIAGRAM):   end;
178261    +
178262    +*** Check RFMstat for missing values ;
MPRINT(EM_DIAGRAM):   *** Check RFMstat for missing values ;
178263    +if missing( RFMstat ) then do;
MPRINT(EM_DIAGRAM):   if missing( RFMstat ) then do;
178264    +   substr(_warn_,1,1) = 'M';
MPRINT(EM_DIAGRAM):   substr(_warn_,1,1) = 'M';
178265    +   _DM_BAD = 1;
MPRINT(EM_DIAGRAM):   _DM_BAD = 1;
178266    +end;
MPRINT(EM_DIAGRAM):   end;
178267    +
178268    +*** Check Recency for missing values ;
MPRINT(EM_DIAGRAM):   *** Check Recency for missing values ;
178269    +if missing( Recency ) then do;
MPRINT(EM_DIAGRAM):   if missing( Recency ) then do;
178270    +   substr(_warn_,1,1) = 'M';
MPRINT(EM_DIAGRAM):   substr(_warn_,1,1) = 'M';
178271    +   _DM_BAD = 1;
MPRINT(EM_DIAGRAM):   _DM_BAD = 1;
178272    +end;
MPRINT(EM_DIAGRAM):   end;
178273    +
178274    +*** Check Teenhome for missing values ;
MPRINT(EM_DIAGRAM):   *** Check Teenhome for missing values ;
178275    +if missing( Teenhome ) then do;
MPRINT(EM_DIAGRAM):   if missing( Teenhome ) then do;
178276    +   substr(_warn_,1,1) = 'M';
MPRINT(EM_DIAGRAM):   substr(_warn_,1,1) = 'M';
178277    +   _DM_BAD = 1;
MPRINT(EM_DIAGRAM):   _DM_BAD = 1;
178278    +end;
MPRINT(EM_DIAGRAM):   end;
178279    +
178280    +*** Generate dummy variables for Marital_Status ;
MPRINT(EM_DIAGRAM):   *** Generate dummy variables for Marital_Status ;
178281    +drop _9_0 _9_1 _9_2 _9_3 ;
MPRINT(EM_DIAGRAM):   drop _9_0 _9_1 _9_2 _9_3 ;
178282    +*** encoding is sparse, initialize to zero;
MPRINT(EM_DIAGRAM):   *** encoding is sparse, initialize to zero;
178283    +_9_0 = 0;
MPRINT(EM_DIAGRAM):   _9_0 = 0;
178284    +_9_1 = 0;
MPRINT(EM_DIAGRAM):   _9_1 = 0;
178285    +_9_2 = 0;
MPRINT(EM_DIAGRAM):   _9_2 = 0;
178286    +_9_3 = 0;
MPRINT(EM_DIAGRAM):   _9_3 = 0;
178287    +if missing( Marital_Status ) then do;
MPRINT(EM_DIAGRAM):   if missing( Marital_Status ) then do;
178288    +   _9_0 = .;
MPRINT(EM_DIAGRAM):   _9_0 = .;
178289    +   _9_1 = .;
MPRINT(EM_DIAGRAM):   _9_1 = .;
178290    +   _9_2 = .;
MPRINT(EM_DIAGRAM):   _9_2 = .;
178291    +   _9_3 = .;
MPRINT(EM_DIAGRAM):   _9_3 = .;
178292    +   substr(_warn_,1,1) = 'M';
MPRINT(EM_DIAGRAM):   substr(_warn_,1,1) = 'M';
178293    +   _DM_BAD = 1;
MPRINT(EM_DIAGRAM):   _DM_BAD = 1;
178294    +end;
MPRINT(EM_DIAGRAM):   end;
178295    +else do;
MPRINT(EM_DIAGRAM):   else do;
178296    +   length _dm8 $ 8; drop _dm8 ;
MPRINT(EM_DIAGRAM):   length _dm8 $ 8;
MPRINT(EM_DIAGRAM):   drop _dm8 ;
178297    +   _dm8 = put( Marital_Status , $8. );
MPRINT(EM_DIAGRAM):   _dm8 = put( Marital_Status , $8. );
178298    +   %DMNORMIP( _dm8 )
MPRINT(DMNORMIP):   call dmnorm(_dm8,
MPRINT(DMNORLEN):  32
MPRINT(DMNORMIP):  );
178299    +   _dm_find = 0; drop _dm_find;
MPRINT(EM_DIAGRAM):   _dm_find = 0;
MPRINT(EM_DIAGRAM):   drop _dm_find;
178300    +   if _dm8 <= 'SINGLE'  then do;
MPRINT(EM_DIAGRAM):   if _dm8 <= 'SINGLE' then do;
178301    +      if _dm8 <= 'MARRIED'  then do;
MPRINT(EM_DIAGRAM):   if _dm8 <= 'MARRIED' then do;
178302    +         if _dm8 = 'DIVORCED'  then do;
MPRINT(EM_DIAGRAM):   if _dm8 = 'DIVORCED' then do;
178303    +            _9_0 = 1;
MPRINT(EM_DIAGRAM):   _9_0 = 1;
178304    +            _dm_find = 1;
MPRINT(EM_DIAGRAM):   _dm_find = 1;
178305    +         end;
MPRINT(EM_DIAGRAM):   end;
178306    +         else do;
MPRINT(EM_DIAGRAM):   else do;
178307    +            if _dm8 = 'MARRIED'  then do;
MPRINT(EM_DIAGRAM):   if _dm8 = 'MARRIED' then do;
178308    +               _9_1 = 1;
MPRINT(EM_DIAGRAM):   _9_1 = 1;
178309    +               _dm_find = 1;
MPRINT(EM_DIAGRAM):   _dm_find = 1;
178310    +            end;
MPRINT(EM_DIAGRAM):   end;
178311    +         end;
MPRINT(EM_DIAGRAM):   end;
178312    +      end;
MPRINT(EM_DIAGRAM):   end;
178313    +      else do;
MPRINT(EM_DIAGRAM):   else do;
178314    +         if _dm8 = 'SINGLE'  then do;
MPRINT(EM_DIAGRAM):   if _dm8 = 'SINGLE' then do;
178315    +            _9_2 = 1;
MPRINT(EM_DIAGRAM):   _9_2 = 1;
178316    +            _dm_find = 1;
MPRINT(EM_DIAGRAM):   _dm_find = 1;
178317    +         end;
MPRINT(EM_DIAGRAM):   end;
178318    +      end;
MPRINT(EM_DIAGRAM):   end;
178319    +   end;
MPRINT(EM_DIAGRAM):   end;
178320    +   else do;
MPRINT(EM_DIAGRAM):   else do;
178321    +      if _dm8 = 'TOGETHER'  then do;
MPRINT(EM_DIAGRAM):   if _dm8 = 'TOGETHER' then do;
178322    +         _9_3 = 1;
MPRINT(EM_DIAGRAM):   _9_3 = 1;
178323    +         _dm_find = 1;
MPRINT(EM_DIAGRAM):   _dm_find = 1;
178324    +      end;
MPRINT(EM_DIAGRAM):   end;
178325    +      else do;
MPRINT(EM_DIAGRAM):   else do;
178326    +         if _dm8 = 'WIDOW'  then do;
MPRINT(EM_DIAGRAM):   if _dm8 = 'WIDOW' then do;
178327    +            _9_0 = -1;
MPRINT(EM_DIAGRAM):   _9_0 = -1;
178328    +            _9_1 = -1;
MPRINT(EM_DIAGRAM):   _9_1 = -1;
178329    +            _9_2 = -1;
MPRINT(EM_DIAGRAM):   _9_2 = -1;
178330    +            _9_3 = -1;
MPRINT(EM_DIAGRAM):   _9_3 = -1;
178331    +            _dm_find = 1;
MPRINT(EM_DIAGRAM):   _dm_find = 1;
178332    +         end;
MPRINT(EM_DIAGRAM):   end;
178333    +      end;
MPRINT(EM_DIAGRAM):   end;
178334    +   end;
MPRINT(EM_DIAGRAM):   end;
178335    +   if not _dm_find then do;
MPRINT(EM_DIAGRAM):   if not _dm_find then do;
178336    +      _9_0 = .;
MPRINT(EM_DIAGRAM):   _9_0 = .;
178337    +      _9_1 = .;
MPRINT(EM_DIAGRAM):   _9_1 = .;
178338    +      _9_2 = .;
MPRINT(EM_DIAGRAM):   _9_2 = .;
178339    +      _9_3 = .;
MPRINT(EM_DIAGRAM):   _9_3 = .;
178340    +      substr(_warn_,2,1) = 'U';
MPRINT(EM_DIAGRAM):   substr(_warn_,2,1) = 'U';
178341    +      _DM_BAD = 1;
MPRINT(EM_DIAGRAM):   _DM_BAD = 1;
178342    +   end;
MPRINT(EM_DIAGRAM):   end;
178343    +end;
MPRINT(EM_DIAGRAM):   end;
178344    +
178345    +*** If missing inputs, use averages;
MPRINT(EM_DIAGRAM):   *** If missing inputs, use averages;
178346    +if _DM_BAD > 0 then do;
MPRINT(EM_DIAGRAM):   if _DM_BAD > 0 then do;
178347    +   _P0 = 0.151221567;
MPRINT(EM_DIAGRAM):   _P0 = 0.151221567;
178348    +   _P1 = 0.848778433;
MPRINT(EM_DIAGRAM):   _P1 = 0.848778433;
178349    +   goto REGDR1;
MPRINT(EM_DIAGRAM):   goto REGDR1;
178350    +end;
MPRINT(EM_DIAGRAM):   end;
178351    +
178352    +*** Compute Linear Predictor;
MPRINT(EM_DIAGRAM):   *** Compute Linear Predictor;
178353    +drop _TEMP;
MPRINT(EM_DIAGRAM):   drop _TEMP;
178354    +drop _LP0;
MPRINT(EM_DIAGRAM):   drop _LP0;
178355    +_LP0 = 0;
MPRINT(EM_DIAGRAM):   _LP0 = 0;
178356    +
178357    +***  Effect: AcceptedCmpTotal ;
MPRINT(EM_DIAGRAM):   *** Effect: AcceptedCmpTotal ;
178358    +_TEMP = AcceptedCmpTotal ;
MPRINT(EM_DIAGRAM):   _TEMP = AcceptedCmpTotal ;
178359    +_LP0 = _LP0 + (    2.95660035656229 * _TEMP);
MPRINT(EM_DIAGRAM):   _LP0 = _LP0 + ( 2.95660035656229 * _TEMP);
178360    +
178361    +***  Effect: Age ;
MPRINT(EM_DIAGRAM):   *** Effect: Age ;
178362    +_TEMP = Age ;
MPRINT(EM_DIAGRAM):   _TEMP = Age ;
178363    +_LP0 = _LP0 + (   -0.01941875166212 * _TEMP);
MPRINT(EM_DIAGRAM):   _LP0 = _LP0 + ( -0.01941875166212 * _TEMP);
178364    +
178365    +***  Effect: Frq ;
MPRINT(EM_DIAGRAM):   *** Effect: Frq ;
178366    +_TEMP = Frq ;
MPRINT(EM_DIAGRAM):   _TEMP = Frq ;
178367    +_LP0 = _LP0 + (   -0.41047634158755 * _TEMP);
MPRINT(EM_DIAGRAM):   _LP0 = _LP0 + ( -0.41047634158755 * _TEMP);
178368    +
178369    +***  Effect: Income ;
MPRINT(EM_DIAGRAM):   *** Effect: Income ;
178370    +_TEMP = Income ;
MPRINT(EM_DIAGRAM):   _TEMP = Income ;
178371    +_LP0 = _LP0 + (    0.00006532180674 * _TEMP);
MPRINT(EM_DIAGRAM):   _LP0 = _LP0 + ( 0.00006532180674 * _TEMP);
178372    +
178373    +***  Effect: Marital_Status ;
MPRINT(EM_DIAGRAM):   *** Effect: Marital_Status ;
178374    +_TEMP = 1;
MPRINT(EM_DIAGRAM):   _TEMP = 1;
178375    +_LP0 = _LP0 + (    0.17791594529968) * _TEMP * _9_0;
MPRINT(EM_DIAGRAM):   _LP0 = _LP0 + ( 0.17791594529968) * _TEMP * _9_0;
178376    +_LP0 = _LP0 + (   -1.00641962019516) * _TEMP * _9_1;
MPRINT(EM_DIAGRAM):   _LP0 = _LP0 + ( -1.00641962019516) * _TEMP * _9_1;
178377    +_LP0 = _LP0 + (    0.74716428311041) * _TEMP * _9_2;
MPRINT(EM_DIAGRAM):   _LP0 = _LP0 + ( 0.74716428311041) * _TEMP * _9_2;
178378    +_LP0 = _LP0 + (    -1.0069846290756) * _TEMP * _9_3;
MPRINT(EM_DIAGRAM):   _LP0 = _LP0 + ( -1.0069846290756) * _TEMP * _9_3;
178379    +
178380    +***  Effect: Mnt ;
MPRINT(EM_DIAGRAM):   *** Effect: Mnt ;
178381    +_TEMP = Mnt ;
MPRINT(EM_DIAGRAM):   _TEMP = Mnt ;
178382    +_LP0 = _LP0 + (   -0.00385241964842 * _TEMP);
MPRINT(EM_DIAGRAM):   _LP0 = _LP0 + ( -0.00385241964842 * _TEMP);
178383    +
178384    +***  Effect: MntGoldProds ;
MPRINT(EM_DIAGRAM):   *** Effect: MntGoldProds ;
178385    +_TEMP = MntGoldProds ;
MPRINT(EM_DIAGRAM):   _TEMP = MntGoldProds ;
178386    +_LP0 = _LP0 + (    0.00669490355232 * _TEMP);
MPRINT(EM_DIAGRAM):   _LP0 = _LP0 + ( 0.00669490355232 * _TEMP);
178387    +
178388    +***  Effect: MntMeatProducts ;
MPRINT(EM_DIAGRAM):   *** Effect: MntMeatProducts ;
178389    +_TEMP = MntMeatProducts ;
MPRINT(EM_DIAGRAM):   _TEMP = MntMeatProducts ;
178390    +_LP0 = _LP0 + (     0.0125330231858 * _TEMP);
MPRINT(EM_DIAGRAM):   _LP0 = _LP0 + ( 0.0125330231858 * _TEMP);
178391    +
178392    +***  Effect: NumCatalogPurchases ;
MPRINT(EM_DIAGRAM):   *** Effect: NumCatalogPurchases ;
178393    +_TEMP = NumCatalogPurchases ;
MPRINT(EM_DIAGRAM):   _TEMP = NumCatalogPurchases ;
178394    +_LP0 = _LP0 + (     1.1253806716991 * _TEMP);
MPRINT(EM_DIAGRAM):   _LP0 = _LP0 + ( 1.1253806716991 * _TEMP);
178395    +
178396    +***  Effect: NumDealsPurchases ;
MPRINT(EM_DIAGRAM):   *** Effect: NumDealsPurchases ;
178397    +_TEMP = NumDealsPurchases ;
MPRINT(EM_DIAGRAM):   _TEMP = NumDealsPurchases ;
178398    +_LP0 = _LP0 + (    0.71729818686875 * _TEMP);
MPRINT(EM_DIAGRAM):   _LP0 = _LP0 + ( 0.71729818686875 * _TEMP);
178399    +
178400    +***  Effect: NumWebVisitsMonth ;
MPRINT(EM_DIAGRAM):   *** Effect: NumWebVisitsMonth ;
178401    +_TEMP = NumWebVisitsMonth ;
MPRINT(EM_DIAGRAM):   _TEMP = NumWebVisitsMonth ;
178402    +_LP0 = _LP0 + (    0.99094794685674 * _TEMP);
MPRINT(EM_DIAGRAM):   _LP0 = _LP0 + ( 0.99094794685674 * _TEMP);
178403    +
178404    +***  Effect: RFMstat ;
MPRINT(EM_DIAGRAM):   *** Effect: RFMstat ;
178405    +_TEMP = RFMstat ;
MPRINT(EM_DIAGRAM):   _TEMP = RFMstat ;
178406    +_LP0 = _LP0 + (    0.00024460251782 * _TEMP);
MPRINT(EM_DIAGRAM):   _LP0 = _LP0 + ( 0.00024460251782 * _TEMP);
178407    +
178408    +***  Effect: Recency ;
MPRINT(EM_DIAGRAM):   *** Effect: Recency ;
178409    +_TEMP = Recency ;
MPRINT(EM_DIAGRAM):   _TEMP = Recency ;
178410    +_LP0 = _LP0 + (   -0.09585871705652 * _TEMP);
MPRINT(EM_DIAGRAM):   _LP0 = _LP0 + ( -0.09585871705652 * _TEMP);
178411    +
178412    +***  Effect: Teenhome ;
MPRINT(EM_DIAGRAM):   *** Effect: Teenhome ;
178413    +_TEMP = Teenhome ;
MPRINT(EM_DIAGRAM):   _TEMP = Teenhome ;
178414    +_LP0 = _LP0 + (   -1.10694522398045 * _TEMP);
MPRINT(EM_DIAGRAM):   _LP0 = _LP0 + ( -1.10694522398045 * _TEMP);
178415    +
178416    +*** Naive Posterior Probabilities;
MPRINT(EM_DIAGRAM):   *** Naive Posterior Probabilities;
178417    +drop _MAXP _IY _P0 _P1;
MPRINT(EM_DIAGRAM):   drop _MAXP _IY _P0 _P1;
178418    +_TEMP =    -7.58770818124898 + _LP0;
MPRINT(EM_DIAGRAM):   _TEMP = -7.58770818124898 + _LP0;
178419    +if (_TEMP < 0) then do;
MPRINT(EM_DIAGRAM):   if (_TEMP < 0) then do;
178420    +   _TEMP = exp(_TEMP);
MPRINT(EM_DIAGRAM):   _TEMP = exp(_TEMP);
178421    +   _P0 = _TEMP / (1 + _TEMP);
MPRINT(EM_DIAGRAM):   _P0 = _TEMP / (1 + _TEMP);
178422    +end;
MPRINT(EM_DIAGRAM):   end;
178423    +else _P0 = 1 / (1 + exp(-_TEMP));
MPRINT(EM_DIAGRAM):   else _P0 = 1 / (1 + exp(-_TEMP));
178424    +_P1 = 1.0 - _P0;
MPRINT(EM_DIAGRAM):   _P1 = 1.0 - _P0;
178425    +
178426    +REGDR1:
178427    +
178428    +*** Residuals;
MPRINT(EM_DIAGRAM):   REGDR1: *** Residuals;
178429    +if (_Y = .) then do;
MPRINT(EM_DIAGRAM):   if (_Y = .) then do;
178430    +   R_DepVar1 = .;
MPRINT(EM_DIAGRAM):   R_DepVar1 = .;
178431    +   R_DepVar0 = .;
MPRINT(EM_DIAGRAM):   R_DepVar0 = .;
178432    +end;
MPRINT(EM_DIAGRAM):   end;
178433    +else do;
MPRINT(EM_DIAGRAM):   else do;
178434    +    label R_DepVar1 = 'Residual: DepVar=1' ;
MPRINT(EM_DIAGRAM):   label R_DepVar1 = 'Residual: DepVar=1' ;
178435    +    label R_DepVar0 = 'Residual: DepVar=0' ;
MPRINT(EM_DIAGRAM):   label R_DepVar0 = 'Residual: DepVar=0' ;
178436    +   R_DepVar1 = - _P0;
MPRINT(EM_DIAGRAM):   R_DepVar1 = - _P0;
178437    +   R_DepVar0 = - _P1;
MPRINT(EM_DIAGRAM):   R_DepVar0 = - _P1;
178438    +   select( _Y );
MPRINT(EM_DIAGRAM):   select( _Y );
178439    +      when (0)  R_DepVar1 = R_DepVar1 + 1;
MPRINT(EM_DIAGRAM):   when (0) R_DepVar1 = R_DepVar1 + 1;
178440    +      when (1)  R_DepVar0 = R_DepVar0 + 1;
MPRINT(EM_DIAGRAM):   when (1) R_DepVar0 = R_DepVar0 + 1;
178441    +   end;
MPRINT(EM_DIAGRAM):   end;
178442    +end;
MPRINT(EM_DIAGRAM):   end;
178443    +
178444    +*** Posterior Probabilities and Predicted Level;
MPRINT(EM_DIAGRAM):   *** Posterior Probabilities and Predicted Level;
178445    +label P_DepVar1 = 'Predicted: DepVar=1' ;
MPRINT(EM_DIAGRAM):   label P_DepVar1 = 'Predicted: DepVar=1' ;
178446    +label P_DepVar0 = 'Predicted: DepVar=0' ;
MPRINT(EM_DIAGRAM):   label P_DepVar0 = 'Predicted: DepVar=0' ;
178447    +P_DepVar1 = _P0;
MPRINT(EM_DIAGRAM):   P_DepVar1 = _P0;
178448    +_MAXP = _P0;
MPRINT(EM_DIAGRAM):   _MAXP = _P0;
178449    +_IY = 1;
MPRINT(EM_DIAGRAM):   _IY = 1;
178450    +P_DepVar0 = _P1;
MPRINT(EM_DIAGRAM):   P_DepVar0 = _P1;
178451    +if (_P1 >  _MAXP + 1E-8) then do;
MPRINT(EM_DIAGRAM):   if (_P1 > _MAXP + 1E-8) then do;
178452    +   _MAXP = _P1;
MPRINT(EM_DIAGRAM):   _MAXP = _P1;
178453    +   _IY = 2;
MPRINT(EM_DIAGRAM):   _IY = 2;
178454    +end;
MPRINT(EM_DIAGRAM):   end;
178455    +I_DepVar = REGDRF[_IY];
MPRINT(EM_DIAGRAM):   I_DepVar = REGDRF[_IY];
178456    +U_DepVar = REGDRU[_IY];
MPRINT(EM_DIAGRAM):   U_DepVar = REGDRU[_IY];
178457    +
178458    +*************************************;
MPRINT(EM_DIAGRAM):   *************************************;
178459    +***** end scoring code for regression;
MPRINT(EM_DIAGRAM):   ***** end scoring code for regression;
178460    +*************************************;
MPRINT(EM_DIAGRAM):   *************************************;
NOTE: %INCLUDE (level 1) ending.
MPRINT(EM_DIAGRAM):   run;
178461     run;

NOTE: DATA STEP view saved on file EMWS8.REG_TRAIN.
NOTE: A stored DATA STEP view cannot run under a different operating system.
NOTE: View EMWS8.META_TRAIN.VIEW used (Total process time):
      real time           0.03 seconds
      cpu time            0.03 seconds
      
NOTE: DATA statement used (Total process time):
      real time           0.04 seconds
      cpu time            0.03 seconds
      

MPRINT(EM_DIAGRAM):   quit;
178462     quit;
178463     filename emflow;
MPRINT(EM_DIAGRAM):   filename emflow;
NOTE: Fileref EMFLOW has been deassigned.
178464     filename emflow "C:\\predictive-models-project\Workspaces\EMWS8\Reg\EMFLOWSCORE.sas"
178464   ! ;
MPRINT(EM_DIAGRAM):    filename emflow 
"C:\\predictive-models-project\Workspaces\EMWS8\Reg\EMFLOWSCORE.sas";
MPRINT(EM_DIAGRAM):   *------------------------------------------------------------*;
MPRINT(EM_DIAGRAM):   * Reg: Scoring VALIDATE data;
MPRINT(EM_DIAGRAM):   *------------------------------------------------------------*;
178465     *------------------------------------------------------------*;
178466     * Reg: Scoring VALIDATE data;
178467     *------------------------------------------------------------*;
178468     data EMWS8.Reg_VALIDATE
178469     / view=EMWS8.Reg_VALIDATE
178470     ;
MPRINT(EM_DIAGRAM):   data EMWS8.Reg_VALIDATE / view=EMWS8.Reg_VALIDATE ;
178471     set EMWS8.Meta_VALIDATE
178472     ;
MPRINT(EM_DIAGRAM):   set EMWS8.Meta_VALIDATE ;
178473     %inc emflow;
NOTE: %INCLUDE (level 1) file EMFLOW is file 
      C:\\predictive-models-project\Workspaces\EMWS8\Reg\EMFLOWSCORE.sas.
178474    +*************************************;
MPRINT(EM_DIAGRAM):   *************************************;
178475    +*** begin scoring code for regression;
MPRINT(EM_DIAGRAM):   *** begin scoring code for regression;
178476    +*************************************;
MPRINT(EM_DIAGRAM):   *************************************;
178477    +
178478    +length _WARN_ $4;
MPRINT(EM_DIAGRAM):   length _WARN_ $4;
178479    +label _WARN_ = 'Warnings' ;
MPRINT(EM_DIAGRAM):   label _WARN_ = 'Warnings' ;
178480    +
178481    +length I_DepVar $ 12;
MPRINT(EM_DIAGRAM):   length I_DepVar $ 12;
178482    +label I_DepVar = 'Into: DepVar' ;
MPRINT(EM_DIAGRAM):   label I_DepVar = 'Into: DepVar' ;
178483    +*** Target Values;
MPRINT(EM_DIAGRAM):   *** Target Values;
178484    +array REGDRF [2] $12 _temporary_ ('1' '0' );
MPRINT(EM_DIAGRAM):   array REGDRF [2] $12 _temporary_ ('1' '0' );
178485    +label U_DepVar = 'Unnormalized Into: DepVar' ;
MPRINT(EM_DIAGRAM):   label U_DepVar = 'Unnormalized Into: DepVar' ;
178486    +format U_DepVar BEST.;
MPRINT(EM_DIAGRAM):   format U_DepVar BEST.;
178487    +*** Unnormalized target values;
MPRINT(EM_DIAGRAM):   *** Unnormalized target values;
178488    +ARRAY REGDRU[2]  _TEMPORARY_ (1 0);
MPRINT(EM_DIAGRAM):   ARRAY REGDRU[2] _TEMPORARY_ (1 0);
178489    +
178490    +*** Generate dummy variables for DepVar ;
MPRINT(EM_DIAGRAM):   *** Generate dummy variables for DepVar ;
178491    +drop _Y ;
MPRINT(EM_DIAGRAM):   drop _Y ;
178492    +label F_DepVar = 'From: DepVar' ;
MPRINT(EM_DIAGRAM):   label F_DepVar = 'From: DepVar' ;
178493    +length F_DepVar $ 12;
MPRINT(EM_DIAGRAM):   length F_DepVar $ 12;
178494    +F_DepVar = put( DepVar , BEST. );
MPRINT(EM_DIAGRAM):   F_DepVar = put( DepVar , BEST. );
178495    +%DMNORMIP( F_DepVar )
MPRINT(DMNORMIP):   call dmnorm(F_DepVar,
MPRINT(DMNORLEN):  32
MPRINT(DMNORMIP):  );
178496    +if missing( DepVar ) then do;
MPRINT(EM_DIAGRAM):   if missing( DepVar ) then do;
178497    +   _Y = .;
MPRINT(EM_DIAGRAM):   _Y = .;
178498    +end;
MPRINT(EM_DIAGRAM):   end;
178499    +else do;
MPRINT(EM_DIAGRAM):   else do;
178500    +   if F_DepVar = '0'  then do;
MPRINT(EM_DIAGRAM):   if F_DepVar = '0' then do;
178501    +      _Y = 1;
MPRINT(EM_DIAGRAM):   _Y = 1;
178502    +   end;
MPRINT(EM_DIAGRAM):   end;
178503    +   else if F_DepVar = '1'  then do;
MPRINT(EM_DIAGRAM):   else if F_DepVar = '1' then do;
178504    +      _Y = 0;
MPRINT(EM_DIAGRAM):   _Y = 0;
178505    +   end;
MPRINT(EM_DIAGRAM):   end;
178506    +   else do;
MPRINT(EM_DIAGRAM):   else do;
178507    +      _Y = .;
MPRINT(EM_DIAGRAM):   _Y = .;
178508    +   end;
MPRINT(EM_DIAGRAM):   end;
178509    +end;
MPRINT(EM_DIAGRAM):   end;
178510    +
178511    +drop _DM_BAD;
MPRINT(EM_DIAGRAM):   drop _DM_BAD;
178512    +_DM_BAD=0;
MPRINT(EM_DIAGRAM):   _DM_BAD=0;
178513    +
178514    +*** Check AcceptedCmpTotal for missing values ;
MPRINT(EM_DIAGRAM):   *** Check AcceptedCmpTotal for missing values ;
178515    +if missing( AcceptedCmpTotal ) then do;
MPRINT(EM_DIAGRAM):   if missing( AcceptedCmpTotal ) then do;
178516    +   substr(_warn_,1,1) = 'M';
MPRINT(EM_DIAGRAM):   substr(_warn_,1,1) = 'M';
178517    +   _DM_BAD = 1;
MPRINT(EM_DIAGRAM):   _DM_BAD = 1;
178518    +end;
MPRINT(EM_DIAGRAM):   end;
178519    +
178520    +*** Check Age for missing values ;
MPRINT(EM_DIAGRAM):   *** Check Age for missing values ;
178521    +if missing( Age ) then do;
MPRINT(EM_DIAGRAM):   if missing( Age ) then do;
178522    +   substr(_warn_,1,1) = 'M';
MPRINT(EM_DIAGRAM):   substr(_warn_,1,1) = 'M';
178523    +   _DM_BAD = 1;
MPRINT(EM_DIAGRAM):   _DM_BAD = 1;
178524    +end;
MPRINT(EM_DIAGRAM):   end;
178525    +
178526    +*** Check Frq for missing values ;
MPRINT(EM_DIAGRAM):   *** Check Frq for missing values ;
178527    +if missing( Frq ) then do;
MPRINT(EM_DIAGRAM):   if missing( Frq ) then do;
178528    +   substr(_warn_,1,1) = 'M';
MPRINT(EM_DIAGRAM):   substr(_warn_,1,1) = 'M';
178529    +   _DM_BAD = 1;
MPRINT(EM_DIAGRAM):   _DM_BAD = 1;
178530    +end;
MPRINT(EM_DIAGRAM):   end;
178531    +
178532    +*** Check Income for missing values ;
MPRINT(EM_DIAGRAM):   *** Check Income for missing values ;
178533    +if missing( Income ) then do;
MPRINT(EM_DIAGRAM):   if missing( Income ) then do;
178534    +   substr(_warn_,1,1) = 'M';
MPRINT(EM_DIAGRAM):   substr(_warn_,1,1) = 'M';
178535    +   _DM_BAD = 1;
MPRINT(EM_DIAGRAM):   _DM_BAD = 1;
178536    +end;
MPRINT(EM_DIAGRAM):   end;
178537    +
178538    +*** Check Mnt for missing values ;
MPRINT(EM_DIAGRAM):   *** Check Mnt for missing values ;
178539    +if missing( Mnt ) then do;
MPRINT(EM_DIAGRAM):   if missing( Mnt ) then do;
178540    +   substr(_warn_,1,1) = 'M';
MPRINT(EM_DIAGRAM):   substr(_warn_,1,1) = 'M';
178541    +   _DM_BAD = 1;
MPRINT(EM_DIAGRAM):   _DM_BAD = 1;
178542    +end;
MPRINT(EM_DIAGRAM):   end;
178543    +
178544    +*** Check MntGoldProds for missing values ;
MPRINT(EM_DIAGRAM):   *** Check MntGoldProds for missing values ;
178545    +if missing( MntGoldProds ) then do;
MPRINT(EM_DIAGRAM):   if missing( MntGoldProds ) then do;
178546    +   substr(_warn_,1,1) = 'M';
MPRINT(EM_DIAGRAM):   substr(_warn_,1,1) = 'M';
178547    +   _DM_BAD = 1;
MPRINT(EM_DIAGRAM):   _DM_BAD = 1;
178548    +end;
MPRINT(EM_DIAGRAM):   end;
178549    +
178550    +*** Check MntMeatProducts for missing values ;
MPRINT(EM_DIAGRAM):   *** Check MntMeatProducts for missing values ;
178551    +if missing( MntMeatProducts ) then do;
MPRINT(EM_DIAGRAM):   if missing( MntMeatProducts ) then do;
178552    +   substr(_warn_,1,1) = 'M';
MPRINT(EM_DIAGRAM):   substr(_warn_,1,1) = 'M';
178553    +   _DM_BAD = 1;
MPRINT(EM_DIAGRAM):   _DM_BAD = 1;
178554    +end;
MPRINT(EM_DIAGRAM):   end;
178555    +
178556    +*** Check NumCatalogPurchases for missing values ;
MPRINT(EM_DIAGRAM):   *** Check NumCatalogPurchases for missing values ;
178557    +if missing( NumCatalogPurchases ) then do;
MPRINT(EM_DIAGRAM):   if missing( NumCatalogPurchases ) then do;
178558    +   substr(_warn_,1,1) = 'M';
MPRINT(EM_DIAGRAM):   substr(_warn_,1,1) = 'M';
178559    +   _DM_BAD = 1;
MPRINT(EM_DIAGRAM):   _DM_BAD = 1;
178560    +end;
MPRINT(EM_DIAGRAM):   end;
178561    +
178562    +*** Check NumDealsPurchases for missing values ;
MPRINT(EM_DIAGRAM):   *** Check NumDealsPurchases for missing values ;
178563    +if missing( NumDealsPurchases ) then do;
MPRINT(EM_DIAGRAM):   if missing( NumDealsPurchases ) then do;
178564    +   substr(_warn_,1,1) = 'M';
MPRINT(EM_DIAGRAM):   substr(_warn_,1,1) = 'M';
178565    +   _DM_BAD = 1;
MPRINT(EM_DIAGRAM):   _DM_BAD = 1;
178566    +end;
MPRINT(EM_DIAGRAM):   end;
178567    +
178568    +*** Check NumWebVisitsMonth for missing values ;
MPRINT(EM_DIAGRAM):   *** Check NumWebVisitsMonth for missing values ;
178569    +if missing( NumWebVisitsMonth ) then do;
MPRINT(EM_DIAGRAM):   if missing( NumWebVisitsMonth ) then do;
178570    +   substr(_warn_,1,1) = 'M';
MPRINT(EM_DIAGRAM):   substr(_warn_,1,1) = 'M';
178571    +   _DM_BAD = 1;
MPRINT(EM_DIAGRAM):   _DM_BAD = 1;
178572    +end;
MPRINT(EM_DIAGRAM):   end;
178573    +
178574    +*** Check RFMstat for missing values ;
MPRINT(EM_DIAGRAM):   *** Check RFMstat for missing values ;
178575    +if missing( RFMstat ) then do;
MPRINT(EM_DIAGRAM):   if missing( RFMstat ) then do;
178576    +   substr(_warn_,1,1) = 'M';
MPRINT(EM_DIAGRAM):   substr(_warn_,1,1) = 'M';
178577    +   _DM_BAD = 1;
MPRINT(EM_DIAGRAM):   _DM_BAD = 1;
178578    +end;
MPRINT(EM_DIAGRAM):   end;
178579    +
178580    +*** Check Recency for missing values ;
MPRINT(EM_DIAGRAM):   *** Check Recency for missing values ;
178581    +if missing( Recency ) then do;
MPRINT(EM_DIAGRAM):   if missing( Recency ) then do;
178582    +   substr(_warn_,1,1) = 'M';
MPRINT(EM_DIAGRAM):   substr(_warn_,1,1) = 'M';
178583    +   _DM_BAD = 1;
MPRINT(EM_DIAGRAM):   _DM_BAD = 1;
178584    +end;
MPRINT(EM_DIAGRAM):   end;
178585    +
178586    +*** Check Teenhome for missing values ;
MPRINT(EM_DIAGRAM):   *** Check Teenhome for missing values ;
178587    +if missing( Teenhome ) then do;
MPRINT(EM_DIAGRAM):   if missing( Teenhome ) then do;
178588    +   substr(_warn_,1,1) = 'M';
MPRINT(EM_DIAGRAM):   substr(_warn_,1,1) = 'M';
178589    +   _DM_BAD = 1;
MPRINT(EM_DIAGRAM):   _DM_BAD = 1;
178590    +end;
MPRINT(EM_DIAGRAM):   end;
178591    +
178592    +*** Generate dummy variables for Marital_Status ;
MPRINT(EM_DIAGRAM):   *** Generate dummy variables for Marital_Status ;
178593    +drop _9_0 _9_1 _9_2 _9_3 ;
MPRINT(EM_DIAGRAM):   drop _9_0 _9_1 _9_2 _9_3 ;
178594    +*** encoding is sparse, initialize to zero;
MPRINT(EM_DIAGRAM):   *** encoding is sparse, initialize to zero;
178595    +_9_0 = 0;
MPRINT(EM_DIAGRAM):   _9_0 = 0;
178596    +_9_1 = 0;
MPRINT(EM_DIAGRAM):   _9_1 = 0;
178597    +_9_2 = 0;
MPRINT(EM_DIAGRAM):   _9_2 = 0;
178598    +_9_3 = 0;
MPRINT(EM_DIAGRAM):   _9_3 = 0;
178599    +if missing( Marital_Status ) then do;
MPRINT(EM_DIAGRAM):   if missing( Marital_Status ) then do;
178600    +   _9_0 = .;
MPRINT(EM_DIAGRAM):   _9_0 = .;
178601    +   _9_1 = .;
MPRINT(EM_DIAGRAM):   _9_1 = .;
178602    +   _9_2 = .;
MPRINT(EM_DIAGRAM):   _9_2 = .;
178603    +   _9_3 = .;
MPRINT(EM_DIAGRAM):   _9_3 = .;
178604    +   substr(_warn_,1,1) = 'M';
MPRINT(EM_DIAGRAM):   substr(_warn_,1,1) = 'M';
178605    +   _DM_BAD = 1;
MPRINT(EM_DIAGRAM):   _DM_BAD = 1;
178606    +end;
MPRINT(EM_DIAGRAM):   end;
178607    +else do;
MPRINT(EM_DIAGRAM):   else do;
178608    +   length _dm8 $ 8; drop _dm8 ;
MPRINT(EM_DIAGRAM):   length _dm8 $ 8;
MPRINT(EM_DIAGRAM):   drop _dm8 ;
178609    +   _dm8 = put( Marital_Status , $8. );
MPRINT(EM_DIAGRAM):   _dm8 = put( Marital_Status , $8. );
178610    +   %DMNORMIP( _dm8 )
MPRINT(DMNORMIP):   call dmnorm(_dm8,
MPRINT(DMNORLEN):  32
MPRINT(DMNORMIP):  );
178611    +   _dm_find = 0; drop _dm_find;
MPRINT(EM_DIAGRAM):   _dm_find = 0;
MPRINT(EM_DIAGRAM):   drop _dm_find;
178612    +   if _dm8 <= 'SINGLE'  then do;
MPRINT(EM_DIAGRAM):   if _dm8 <= 'SINGLE' then do;
178613    +      if _dm8 <= 'MARRIED'  then do;
MPRINT(EM_DIAGRAM):   if _dm8 <= 'MARRIED' then do;
178614    +         if _dm8 = 'DIVORCED'  then do;
MPRINT(EM_DIAGRAM):   if _dm8 = 'DIVORCED' then do;
178615    +            _9_0 = 1;
MPRINT(EM_DIAGRAM):   _9_0 = 1;
178616    +            _dm_find = 1;
MPRINT(EM_DIAGRAM):   _dm_find = 1;
178617    +         end;
MPRINT(EM_DIAGRAM):   end;
178618    +         else do;
MPRINT(EM_DIAGRAM):   else do;
178619    +            if _dm8 = 'MARRIED'  then do;
MPRINT(EM_DIAGRAM):   if _dm8 = 'MARRIED' then do;
178620    +               _9_1 = 1;
MPRINT(EM_DIAGRAM):   _9_1 = 1;
178621    +               _dm_find = 1;
MPRINT(EM_DIAGRAM):   _dm_find = 1;
178622    +            end;
MPRINT(EM_DIAGRAM):   end;
178623    +         end;
MPRINT(EM_DIAGRAM):   end;
178624    +      end;
MPRINT(EM_DIAGRAM):   end;
178625    +      else do;
MPRINT(EM_DIAGRAM):   else do;
178626    +         if _dm8 = 'SINGLE'  then do;
MPRINT(EM_DIAGRAM):   if _dm8 = 'SINGLE' then do;
178627    +            _9_2 = 1;
MPRINT(EM_DIAGRAM):   _9_2 = 1;
178628    +            _dm_find = 1;
MPRINT(EM_DIAGRAM):   _dm_find = 1;
178629    +         end;
MPRINT(EM_DIAGRAM):   end;
178630    +      end;
MPRINT(EM_DIAGRAM):   end;
178631    +   end;
MPRINT(EM_DIAGRAM):   end;
178632    +   else do;
MPRINT(EM_DIAGRAM):   else do;
178633    +      if _dm8 = 'TOGETHER'  then do;
MPRINT(EM_DIAGRAM):   if _dm8 = 'TOGETHER' then do;
178634    +         _9_3 = 1;
MPRINT(EM_DIAGRAM):   _9_3 = 1;
178635    +         _dm_find = 1;
MPRINT(EM_DIAGRAM):   _dm_find = 1;
178636    +      end;
MPRINT(EM_DIAGRAM):   end;
178637    +      else do;
MPRINT(EM_DIAGRAM):   else do;
178638    +         if _dm8 = 'WIDOW'  then do;
MPRINT(EM_DIAGRAM):   if _dm8 = 'WIDOW' then do;
178639    +            _9_0 = -1;
MPRINT(EM_DIAGRAM):   _9_0 = -1;
178640    +            _9_1 = -1;
MPRINT(EM_DIAGRAM):   _9_1 = -1;
178641    +            _9_2 = -1;
MPRINT(EM_DIAGRAM):   _9_2 = -1;
178642    +            _9_3 = -1;
MPRINT(EM_DIAGRAM):   _9_3 = -1;
178643    +            _dm_find = 1;
MPRINT(EM_DIAGRAM):   _dm_find = 1;
178644    +         end;
MPRINT(EM_DIAGRAM):   end;
178645    +      end;
MPRINT(EM_DIAGRAM):   end;
178646    +   end;
MPRINT(EM_DIAGRAM):   end;
178647    +   if not _dm_find then do;
MPRINT(EM_DIAGRAM):   if not _dm_find then do;
178648    +      _9_0 = .;
MPRINT(EM_DIAGRAM):   _9_0 = .;
178649    +      _9_1 = .;
MPRINT(EM_DIAGRAM):   _9_1 = .;
178650    +      _9_2 = .;
MPRINT(EM_DIAGRAM):   _9_2 = .;
178651    +      _9_3 = .;
MPRINT(EM_DIAGRAM):   _9_3 = .;
178652    +      substr(_warn_,2,1) = 'U';
MPRINT(EM_DIAGRAM):   substr(_warn_,2,1) = 'U';
178653    +      _DM_BAD = 1;
MPRINT(EM_DIAGRAM):   _DM_BAD = 1;
178654    +   end;
MPRINT(EM_DIAGRAM):   end;
178655    +end;
MPRINT(EM_DIAGRAM):   end;
178656    +
178657    +*** If missing inputs, use averages;
MPRINT(EM_DIAGRAM):   *** If missing inputs, use averages;
178658    +if _DM_BAD > 0 then do;
MPRINT(EM_DIAGRAM):   if _DM_BAD > 0 then do;
178659    +   _P0 = 0.151221567;
MPRINT(EM_DIAGRAM):   _P0 = 0.151221567;
178660    +   _P1 = 0.848778433;
MPRINT(EM_DIAGRAM):   _P1 = 0.848778433;
178661    +   goto REGDR1;
MPRINT(EM_DIAGRAM):   goto REGDR1;
178662    +end;
MPRINT(EM_DIAGRAM):   end;
178663    +
178664    +*** Compute Linear Predictor;
MPRINT(EM_DIAGRAM):   *** Compute Linear Predictor;
178665    +drop _TEMP;
MPRINT(EM_DIAGRAM):   drop _TEMP;
178666    +drop _LP0;
MPRINT(EM_DIAGRAM):   drop _LP0;
178667    +_LP0 = 0;
MPRINT(EM_DIAGRAM):   _LP0 = 0;
178668    +
178669    +***  Effect: AcceptedCmpTotal ;
MPRINT(EM_DIAGRAM):   *** Effect: AcceptedCmpTotal ;
178670    +_TEMP = AcceptedCmpTotal ;
MPRINT(EM_DIAGRAM):   _TEMP = AcceptedCmpTotal ;
178671    +_LP0 = _LP0 + (    2.95660035656229 * _TEMP);
MPRINT(EM_DIAGRAM):   _LP0 = _LP0 + ( 2.95660035656229 * _TEMP);
178672    +
178673    +***  Effect: Age ;
MPRINT(EM_DIAGRAM):   *** Effect: Age ;
178674    +_TEMP = Age ;
MPRINT(EM_DIAGRAM):   _TEMP = Age ;
178675    +_LP0 = _LP0 + (   -0.01941875166212 * _TEMP);
MPRINT(EM_DIAGRAM):   _LP0 = _LP0 + ( -0.01941875166212 * _TEMP);
178676    +
178677    +***  Effect: Frq ;
MPRINT(EM_DIAGRAM):   *** Effect: Frq ;
178678    +_TEMP = Frq ;
MPRINT(EM_DIAGRAM):   _TEMP = Frq ;
178679    +_LP0 = _LP0 + (   -0.41047634158755 * _TEMP);
MPRINT(EM_DIAGRAM):   _LP0 = _LP0 + ( -0.41047634158755 * _TEMP);
178680    +
178681    +***  Effect: Income ;
MPRINT(EM_DIAGRAM):   *** Effect: Income ;
178682    +_TEMP = Income ;
MPRINT(EM_DIAGRAM):   _TEMP = Income ;
178683    +_LP0 = _LP0 + (    0.00006532180674 * _TEMP);
MPRINT(EM_DIAGRAM):   _LP0 = _LP0 + ( 0.00006532180674 * _TEMP);
178684    +
178685    +***  Effect: Marital_Status ;
MPRINT(EM_DIAGRAM):   *** Effect: Marital_Status ;
178686    +_TEMP = 1;
MPRINT(EM_DIAGRAM):   _TEMP = 1;
178687    +_LP0 = _LP0 + (    0.17791594529968) * _TEMP * _9_0;
MPRINT(EM_DIAGRAM):   _LP0 = _LP0 + ( 0.17791594529968) * _TEMP * _9_0;
178688    +_LP0 = _LP0 + (   -1.00641962019516) * _TEMP * _9_1;
MPRINT(EM_DIAGRAM):   _LP0 = _LP0 + ( -1.00641962019516) * _TEMP * _9_1;
178689    +_LP0 = _LP0 + (    0.74716428311041) * _TEMP * _9_2;
MPRINT(EM_DIAGRAM):   _LP0 = _LP0 + ( 0.74716428311041) * _TEMP * _9_2;
178690    +_LP0 = _LP0 + (    -1.0069846290756) * _TEMP * _9_3;
MPRINT(EM_DIAGRAM):   _LP0 = _LP0 + ( -1.0069846290756) * _TEMP * _9_3;
178691    +
178692    +***  Effect: Mnt ;
MPRINT(EM_DIAGRAM):   *** Effect: Mnt ;
178693    +_TEMP = Mnt ;
MPRINT(EM_DIAGRAM):   _TEMP = Mnt ;
178694    +_LP0 = _LP0 + (   -0.00385241964842 * _TEMP);
MPRINT(EM_DIAGRAM):   _LP0 = _LP0 + ( -0.00385241964842 * _TEMP);
178695    +
178696    +***  Effect: MntGoldProds ;
MPRINT(EM_DIAGRAM):   *** Effect: MntGoldProds ;
178697    +_TEMP = MntGoldProds ;
MPRINT(EM_DIAGRAM):   _TEMP = MntGoldProds ;
178698    +_LP0 = _LP0 + (    0.00669490355232 * _TEMP);
MPRINT(EM_DIAGRAM):   _LP0 = _LP0 + ( 0.00669490355232 * _TEMP);
178699    +
178700    +***  Effect: MntMeatProducts ;
MPRINT(EM_DIAGRAM):   *** Effect: MntMeatProducts ;
178701    +_TEMP = MntMeatProducts ;
MPRINT(EM_DIAGRAM):   _TEMP = MntMeatProducts ;
178702    +_LP0 = _LP0 + (     0.0125330231858 * _TEMP);
MPRINT(EM_DIAGRAM):   _LP0 = _LP0 + ( 0.0125330231858 * _TEMP);
178703    +
178704    +***  Effect: NumCatalogPurchases ;
MPRINT(EM_DIAGRAM):   *** Effect: NumCatalogPurchases ;
178705    +_TEMP = NumCatalogPurchases ;
MPRINT(EM_DIAGRAM):   _TEMP = NumCatalogPurchases ;
178706    +_LP0 = _LP0 + (     1.1253806716991 * _TEMP);
MPRINT(EM_DIAGRAM):   _LP0 = _LP0 + ( 1.1253806716991 * _TEMP);
178707    +
178708    +***  Effect: NumDealsPurchases ;
MPRINT(EM_DIAGRAM):   *** Effect: NumDealsPurchases ;
178709    +_TEMP = NumDealsPurchases ;
MPRINT(EM_DIAGRAM):   _TEMP = NumDealsPurchases ;
178710    +_LP0 = _LP0 + (    0.71729818686875 * _TEMP);
MPRINT(EM_DIAGRAM):   _LP0 = _LP0 + ( 0.71729818686875 * _TEMP);
178711    +
178712    +***  Effect: NumWebVisitsMonth ;
MPRINT(EM_DIAGRAM):   *** Effect: NumWebVisitsMonth ;
178713    +_TEMP = NumWebVisitsMonth ;
MPRINT(EM_DIAGRAM):   _TEMP = NumWebVisitsMonth ;
178714    +_LP0 = _LP0 + (    0.99094794685674 * _TEMP);
MPRINT(EM_DIAGRAM):   _LP0 = _LP0 + ( 0.99094794685674 * _TEMP);
178715    +
178716    +***  Effect: RFMstat ;
MPRINT(EM_DIAGRAM):   *** Effect: RFMstat ;
178717    +_TEMP = RFMstat ;
MPRINT(EM_DIAGRAM):   _TEMP = RFMstat ;
178718    +_LP0 = _LP0 + (    0.00024460251782 * _TEMP);
MPRINT(EM_DIAGRAM):   _LP0 = _LP0 + ( 0.00024460251782 * _TEMP);
178719    +
178720    +***  Effect: Recency ;
MPRINT(EM_DIAGRAM):   *** Effect: Recency ;
178721    +_TEMP = Recency ;
MPRINT(EM_DIAGRAM):   _TEMP = Recency ;
178722    +_LP0 = _LP0 + (   -0.09585871705652 * _TEMP);
MPRINT(EM_DIAGRAM):   _LP0 = _LP0 + ( -0.09585871705652 * _TEMP);
178723    +
178724    +***  Effect: Teenhome ;
MPRINT(EM_DIAGRAM):   *** Effect: Teenhome ;
178725    +_TEMP = Teenhome ;
MPRINT(EM_DIAGRAM):   _TEMP = Teenhome ;
178726    +_LP0 = _LP0 + (   -1.10694522398045 * _TEMP);
MPRINT(EM_DIAGRAM):   _LP0 = _LP0 + ( -1.10694522398045 * _TEMP);
178727    +
178728    +*** Naive Posterior Probabilities;
MPRINT(EM_DIAGRAM):   *** Naive Posterior Probabilities;
178729    +drop _MAXP _IY _P0 _P1;
MPRINT(EM_DIAGRAM):   drop _MAXP _IY _P0 _P1;
178730    +_TEMP =    -7.58770818124898 + _LP0;
MPRINT(EM_DIAGRAM):   _TEMP = -7.58770818124898 + _LP0;
178731    +if (_TEMP < 0) then do;
MPRINT(EM_DIAGRAM):   if (_TEMP < 0) then do;
178732    +   _TEMP = exp(_TEMP);
MPRINT(EM_DIAGRAM):   _TEMP = exp(_TEMP);
178733    +   _P0 = _TEMP / (1 + _TEMP);
MPRINT(EM_DIAGRAM):   _P0 = _TEMP / (1 + _TEMP);
178734    +end;
MPRINT(EM_DIAGRAM):   end;
178735    +else _P0 = 1 / (1 + exp(-_TEMP));
MPRINT(EM_DIAGRAM):   else _P0 = 1 / (1 + exp(-_TEMP));
178736    +_P1 = 1.0 - _P0;
MPRINT(EM_DIAGRAM):   _P1 = 1.0 - _P0;
178737    +
178738    +REGDR1:
178739    +
178740    +*** Residuals;
MPRINT(EM_DIAGRAM):   REGDR1: *** Residuals;
178741    +if (_Y = .) then do;
MPRINT(EM_DIAGRAM):   if (_Y = .) then do;
178742    +   R_DepVar1 = .;
MPRINT(EM_DIAGRAM):   R_DepVar1 = .;
178743    +   R_DepVar0 = .;
MPRINT(EM_DIAGRAM):   R_DepVar0 = .;
178744    +end;
MPRINT(EM_DIAGRAM):   end;
178745    +else do;
MPRINT(EM_DIAGRAM):   else do;
178746    +    label R_DepVar1 = 'Residual: DepVar=1' ;
MPRINT(EM_DIAGRAM):   label R_DepVar1 = 'Residual: DepVar=1' ;
178747    +    label R_DepVar0 = 'Residual: DepVar=0' ;
MPRINT(EM_DIAGRAM):   label R_DepVar0 = 'Residual: DepVar=0' ;
178748    +   R_DepVar1 = - _P0;
MPRINT(EM_DIAGRAM):   R_DepVar1 = - _P0;
178749    +   R_DepVar0 = - _P1;
MPRINT(EM_DIAGRAM):   R_DepVar0 = - _P1;
178750    +   select( _Y );
MPRINT(EM_DIAGRAM):   select( _Y );
178751    +      when (0)  R_DepVar1 = R_DepVar1 + 1;
MPRINT(EM_DIAGRAM):   when (0) R_DepVar1 = R_DepVar1 + 1;
178752    +      when (1)  R_DepVar0 = R_DepVar0 + 1;
MPRINT(EM_DIAGRAM):   when (1) R_DepVar0 = R_DepVar0 + 1;
178753    +   end;
MPRINT(EM_DIAGRAM):   end;
178754    +end;
MPRINT(EM_DIAGRAM):   end;
178755    +
178756    +*** Posterior Probabilities and Predicted Level;
MPRINT(EM_DIAGRAM):   *** Posterior Probabilities and Predicted Level;
178757    +label P_DepVar1 = 'Predicted: DepVar=1' ;
MPRINT(EM_DIAGRAM):   label P_DepVar1 = 'Predicted: DepVar=1' ;
178758    +label P_DepVar0 = 'Predicted: DepVar=0' ;
MPRINT(EM_DIAGRAM):   label P_DepVar0 = 'Predicted: DepVar=0' ;
178759    +P_DepVar1 = _P0;
MPRINT(EM_DIAGRAM):   P_DepVar1 = _P0;
178760    +_MAXP = _P0;
MPRINT(EM_DIAGRAM):   _MAXP = _P0;
178761    +_IY = 1;
MPRINT(EM_DIAGRAM):   _IY = 1;
178762    +P_DepVar0 = _P1;
MPRINT(EM_DIAGRAM):   P_DepVar0 = _P1;
178763    +if (_P1 >  _MAXP + 1E-8) then do;
MPRINT(EM_DIAGRAM):   if (_P1 > _MAXP + 1E-8) then do;
178764    +   _MAXP = _P1;
MPRINT(EM_DIAGRAM):   _MAXP = _P1;
178765    +   _IY = 2;
MPRINT(EM_DIAGRAM):   _IY = 2;
178766    +end;
MPRINT(EM_DIAGRAM):   end;
178767    +I_DepVar = REGDRF[_IY];
MPRINT(EM_DIAGRAM):   I_DepVar = REGDRF[_IY];
178768    +U_DepVar = REGDRU[_IY];
MPRINT(EM_DIAGRAM):   U_DepVar = REGDRU[_IY];
178769    +
178770    +*************************************;
MPRINT(EM_DIAGRAM):   *************************************;
178771    +***** end scoring code for regression;
MPRINT(EM_DIAGRAM):   ***** end scoring code for regression;
178772    +*************************************;
MPRINT(EM_DIAGRAM):   *************************************;
NOTE: %INCLUDE (level 1) ending.
MPRINT(EM_DIAGRAM):   run;
178773     run;

NOTE: DATA STEP view saved on file EMWS8.REG_VALIDATE.
NOTE: A stored DATA STEP view cannot run under a different operating system.
NOTE: View EMWS8.META_VALIDATE.VIEW used (Total process time):
      real time           0.02 seconds
      cpu time            0.01 seconds
      
NOTE: DATA statement used (Total process time):
      real time           0.02 seconds
      cpu time            0.01 seconds
      

MPRINT(EM_DIAGRAM):   quit;
178774     quit;
178775     filename emflow;
MPRINT(EM_DIAGRAM):   filename emflow;
NOTE: Fileref EMFLOW has been deassigned.
178776     *------------------------------------------------------------*;
MPRINT(EM_DIAGRAM):    *------------------------------------------------------------*;
178777     * Reg: Computing metadata for TRAIN data;
MPRINT(EM_DIAGRAM):   * Reg: Computing metadata for TRAIN data;
178778     *------------------------------------------------------------*;
MPRINT(EM_DIAGRAM):   *------------------------------------------------------------*;

NOTE: View EMWS8.REG_TRAIN.VIEW used (Total process time):
      real time           0.01 seconds
      cpu time            0.01 seconds
      
MPRINT(EM_DIAGRAM):    *------------------------------------------------------------*;
MPRINT(EM_DIAGRAM):   * &nodeid: Computing Metadata for TRAIN data;
MPRINT(EM_DIAGRAM):   *------------------------------------------------------------*;
MPRINT(EM_DIAGRAM):   filename _delta 
"C:\\predictive-models-project\Workspaces\EMWS8\Reg\CDELTA_TRAIN.sas";
MPRINT(EMADVISECOLUMNS):   proc display c=sashelp.emmeta.advisecolumns.scl;
MPRINT(EMADVISECOLUMNS):   run;
MPRINT(EMADVISECOLUMNS):    options validvarname=any;
MPRINT(EMADVISECOLUMNS):   proc contents data=EMWS8.Reg_TRAIN out=_tempAdvisor noprint;
MPRINT(EMADVISECOLUMNS):   run;
MPRINT(EMADVISECOLUMNS):   options validvarname=V7;
MPRINT(EMADVISECOLUMNS):    data _null_;
MPRINT(EMADVISECOLUMNS):   dsid = open('EMWS8.Reg_TRAIN');
MPRINT(EMADVISECOLUMNS):   call symput('_dsidTable', strip(put(dsid, best.)));
MPRINT(EMADVISECOLUMNS):   if dsid then do;
MPRINT(EMADVISECOLUMNS):   call symput('_engineTable', attrc(dsid, 'ENGINE'));
MPRINT(EMADVISECOLUMNS):   dsid = close(dsid);
MPRINT(EMADVISECOLUMNS):   end;
MPRINT(EMADVISECOLUMNS):   run;
MPRINT(EMADVISECOLUMNS):    proc contents data=EMWS8.Reg_TRAIN out=WORK.M0NB1Q2E noprint;
MPRINT(EMADVISECOLUMNS):   run;
MPRINT(EMADVISECOLUMNS):    data WORK.M0NB1Q2E;
MPRINT(EMADVISECOLUMNS):   length NAME $ 64 TYPE $ 1 LABEL $ 200 FORMAT $ 20 INFORMAT $20 
INDEX $ 1 INDEXTYPE $ 9;
MPRINT(EMADVISECOLUMNS):   label NAME =;
MPRINT(EMADVISECOLUMNS):   set WORK.M0NB1Q2E(keep=name type length label format formatl 
formatd informat informl informd idxusage rename=(type=itype));
MPRINT(EMADVISECOLUMNS):   if itype = 1 then type = 'N';
MPRINT(EMADVISECOLUMNS):   else type = 'C';
MPRINT(EMADVISECOLUMNS):   if formatl > 0 then do;
MPRINT(EMADVISECOLUMNS):   if format ne ' ' then format = strip(format)!!strip(put(formatl, 
best12.))!!'.'!!strip(put(formatd, best12.));
MPRINT(EMADVISECOLUMNS):   else format = strip(put(formatl, best12.))!!'.'!!strip(put(formatd, 
best12.));
MPRINT(EMADVISECOLUMNS):   end;
MPRINT(EMADVISECOLUMNS):   else if format ne '' then format = strip(format)!!'.';
MPRINT(EMADVISECOLUMNS):   if informl > 0 then do;
MPRINT(EMADVISECOLUMNS):   if informat ne ' ' then informat = 
strip(informat)!!strip(put(informl, best12.))!!'.'!!strip(put(informd, best12.));
MPRINT(EMADVISECOLUMNS):   else informat = strip(put(informl, 
best12.))!!'.'!!strip(put(informd, best12.));
MPRINT(EMADVISECOLUMNS):   end;
MPRINT(EMADVISECOLUMNS):   else if informat ne '' then informat = strip(informat)!!'.';
MPRINT(EMADVISECOLUMNS):   if idxusage = 'NONE' then index ="N";
MPRINT(EMADVISECOLUMNS):   else index = "Y";
MPRINT(EMADVISECOLUMNS):   indextype = idxusage;
MPRINT(EMADVISECOLUMNS):   drop idxusage itype formatl formatd informl informd;
MPRINT(EMADVISECOLUMNS):   run;
MPRINT(EMADVISECOLUMNS):    data WORK.M0NB1Q2E;
MPRINT(EMADVISECOLUMNS):   length UNAME $64;
MPRINT(EMADVISECOLUMNS):   set WORK.M0NB1Q2E;
MPRINT(EMADVISECOLUMNS):   UNAME = upcase(NAME);
MPRINT(EMADVISECOLUMNS):   run;
MPRINT(EMADVISECOLUMNS):    proc sort data=WORK.M0XVMYO8 NOTHREADS;
MPRINT(EMADVISECOLUMNS):   by UNAME;
MPRINT(EMADVISECOLUMNS):   run;
MPRINT(EMADVISECOLUMNS):    data WORK.M0XVMYO8;
MPRINT(EMADVISECOLUMNS):   drop UNAME;
MPRINT(EMADVISECOLUMNS):   set WORK.M0XVMYO8;
MPRINT(EMADVISECOLUMNS):   run;
MPRINT(EMADVISECOLUMNS):    data WORK.M1T_BIG1(keep=NAME ATTR);
MPRINT(EMADVISECOLUMNS):   length ATTR $ 20;
MPRINT(EMADVISECOLUMNS):   set WORK.M0XVMYO8;
MPRINT(EMADVISECOLUMNS):   if level ne "INTERVAL" then do;
MPRINT(EMADVISECOLUMNS):   if order = ' ' then do;
MPRINT(EMADVISECOLUMNS):   attr = 'ORDER';
MPRINT(EMADVISECOLUMNS):   output;
MPRINT(EMADVISECOLUMNS):   end;
MPRINT(EMADVISECOLUMNS):   end;
MPRINT(EMADVISECOLUMNS):   if format ne ' ' and formattype = ' ' then do;
MPRINT(EMADVISECOLUMNS):   attr = 'FORMATTYPE';
MPRINT(EMADVISECOLUMNS):   output;
MPRINT(EMADVISECOLUMNS):   end;
MPRINT(EMADVISECOLUMNS):   if role = ' ' then do;
MPRINT(EMADVISECOLUMNS):   attr = 'ROLE';
MPRINT(EMADVISECOLUMNS):   output;
MPRINT(EMADVISECOLUMNS):   end;
MPRINT(EMADVISECOLUMNS):   if level = ' ' then do;
MPRINT(EMADVISECOLUMNS):   attr = 'LEVEL';
MPRINT(EMADVISECOLUMNS):   output;
MPRINT(EMADVISECOLUMNS):   end;
MPRINT(EMADVISECOLUMNS):   if type = ' ' then do;
MPRINT(EMADVISECOLUMNS):   attr = 'TYPE';
MPRINT(EMADVISECOLUMNS):   output;
MPRINT(EMADVISECOLUMNS):   end;
MPRINT(EMADVISECOLUMNS):   if index = ' ' then do;
MPRINT(EMADVISECOLUMNS):   attr = 'INDEX';
MPRINT(EMADVISECOLUMNS):   output;
MPRINT(EMADVISECOLUMNS):   end;
MPRINT(EMADVISECOLUMNS):   if report = ' ' then do;
MPRINT(EMADVISECOLUMNS):   attr = 'REPORT';
MPRINT(EMADVISECOLUMNS):   output;
MPRINT(EMADVISECOLUMNS):   end;
MPRINT(EMADVISECOLUMNS):   run;
MPRINT(EMADVISECOLUMNS):   proc sort NOTHREADS;
MPRINT(EMADVISECOLUMNS):   by attr;
MPRINT(EMADVISECOLUMNS):   run;
MPRINT(EMADVISECOLUMNS):    data WORK.M0XVMYO8;
MPRINT(EMADVISECOLUMNS):   length NAME $64 ROLE $ 32 LEVEL $ 10 ORDER $ 8 CREATOR $32 
FORMATTYPE $ 10 FAMILY $ 10 LOWERLIMIT 8 UPPERLIMIT 8 REPORT $1 DISTRIBUTION $ 20 COMMENT $64;
MPRINT(EMADVISECOLUMNS):   length levelAssigned 8 roleAssigned 8 PRICE 8;
MPRINT(EMADVISECOLUMNS):   set WORK.M0XVMYO8;
MPRINT(EMADVISECOLUMNS):   if formattype = ' ' then do;
MPRINT(EMADVISECOLUMNS):   if format ne ' ' then do;
MPRINT(EMADVISECOLUMNS):   if type = 'N' then do;
MPRINT(EMADVISECOLUMNS):   pos = indexc(format,'.1234567890');
MPRINT(EMADVISECOLUMNS):   if pos > 1 then tempfmt = substr(format,1, pos-1);
MPRINT(EMADVISECOLUMNS):   else tempfmt = ' ';
MPRINT(EMADVISECOLUMNS):   flen = length(tempfmt);
MPRINT(EMADVISECOLUMNS):   select;
MPRINT(EMADVISECOLUMNS):   when(tempfmt in ("DATE" "DAY" "DDMMYY" "DOWNAME" "JULDAY" "JULIAN" 
"MMDDYY" "MMDDYYD" "MMDDYYC" "MMDDYYN" "MMDDYYP" "MMDDYYS" "MONNAME" "MONTH" "MONYY" "NENGO" 
"QTR" "QTRR" "WEEKDATE" "WEEKDATX" "WEEKDAY" "WORDDATE" "WORDDATX" "YEAR" "YYMMDD" "YYMON" 
"YYMMDDC" "YYMMDDD" "YYMMDDN" "YYMMDDP" "YYMMDDS" "EURDFDE" "NJDATE" "NLDATE" "EURDFDD" 
"EURDFDWN" "EURDFMN" "EURDFMY" "EURDFWK" "EURDFWKX" "EURDFWDX" "EURDFDN" "EURDFDE" )) 
formattype = 'DATE';
MPRINT(EMADVISECOLUMNS):   when(tempfmt in ("DATETIME" "EURDFDT" "TOD" )) formattype = 
"DATETIME";
MPRINT(EMADVISECOLUMNS):   when(tempfmt in ("HHMM" "HOUR" "MMSS" "TIME" "TIMEAMPM" )) 
formattype = "TIME";
MPRINT(EMADVISECOLUMNS):   when(tempfmt in ("COMMA" "COMMAX" "DOLLAR" "DOLLARX" "E" "FRACT" 
"NEGPAREN" "PERCENT")) formattype="QUANTITY";
MPRINT(EMADVISECOLUMNS):   when(tempfmt in ("BINARY" "HEX" "IB" "OCTAL" "PD" "PIB" "PK" "RB" 
"SSN" "Z" "ZD")) formattype = "CODING";
MPRINT(EMADVISECOLUMNS):   otherwise do;
MPRINT(EMADVISECOLUMNS):   formattype = "USER";
MPRINT(EMADVISECOLUMNS):   if substr(tempfmt, 1, 6)='NLDATE' then formattype = "DATE";
MPRINT(EMADVISECOLUMNS):   else if substr(tempfmt, 1, 6)='NLDATM' then formattype = "DATETIME";
MPRINT(EMADVISECOLUMNS):   else if substr(tempfmt, 1, 4)='NLTIM' then formattype = "TIME";
MPRINT(EMADVISECOLUMNS):   else if flen >= 4 then do;
MPRINT(EMADVISECOLUMNS):   str = substr(tempfmt,1,4);
MPRINT(EMADVISECOLUMNS):   if str in ("MMYY" "YYMM" "YYQR") then formattype ="DATE";
MPRINT(EMADVISECOLUMNS):   else if str = "S370" then formattype = "CODING";
MPRINT(EMADVISECOLUMNS):   else if str = "BEST" then formattype = "NUM";
MPRINT(EMADVISECOLUMNS):   drop str;
MPRINT(EMADVISECOLUMNS):   end;
MPRINT(EMADVISECOLUMNS):   else if flen >=3 and substr(tempfmt,1,3) = "YYQ" then formatType = 
"DATE";
MPRINT(EMADVISECOLUMNS):   end;
MPRINT(EMADVISECOLUMNS):   end;
MPRINT(EMADVISECOLUMNS):   drop flen tempfmt pos;
MPRINT(EMADVISECOLUMNS):   end;
MPRINT(EMADVISECOLUMNS):   else do;
MPRINT(EMADVISECOLUMNS):   formatType = "CATEGORY";
MPRINT(EMADVISECOLUMNS):   end;
MPRINT(EMADVISECOLUMNS):   end;
MPRINT(EMADVISECOLUMNS):   if formatType = "NUM" then do;
MPRINT(EMADVISECOLUMNS):   if index = "Y" then formatType = "DISCRETE";
MPRINT(EMADVISECOLUMNS):   else formatType = "QUANTITY";
MPRINT(EMADVISECOLUMNS):   end;
MPRINT(EMADVISECOLUMNS):   end;
MPRINT(EMADVISECOLUMNS):   if level = ' ' then do;
MPRINT(EMADVISECOLUMNS):   if formatType in ("CATEGORY", "CODING", "ID") or type = "C" then 
level = "NOMINAL";
MPRINT(EMADVISECOLUMNS):   else level = "INTERVAL";
MPRINT(EMADVISECOLUMNS):   levelAssigned = 1;
MPRINT(EMADVISECOLUMNS):   end;
MPRINT(EMADVISECOLUMNS):   else level = upcase(level);
MPRINT(EMADVISECOLUMNS):   if role = ' ' then do;
MPRINT(EMADVISECOLUMNS):   length name_prefix $8 _uname $64;
MPRINT(EMADVISECOLUMNS):   drop name_prefix _uname _freqflag;
MPRINT(EMADVISECOLUMNS):   retain _freqflag;
MPRINT(EMADVISECOLUMNS):   if LENGTH> 80 then ROLE = 'TEXT';
MPRINT(EMADVISECOLUMNS):   _uname = upcase(NAME);
MPRINT(EMADVISECOLUMNS):   select(_uname);
MPRINT(EMADVISECOLUMNS):   when('_WARN_') ROLE = 'ASSESS';
MPRINT(EMADVISECOLUMNS):   when('EM_SEGMENT') do;
MPRINT(EMADVISECOLUMNS):   ROLE = 'SEGMENT';
MPRINT(EMADVISECOLUMNS):   LEVEL = 'NOMINAL';
MPRINT(EMADVISECOLUMNS):   end;
MPRINT(EMADVISECOLUMNS):   when('_NODE_') do;
MPRINT(EMADVISECOLUMNS):   ROLE = 'SEGMENT';
MPRINT(EMADVISECOLUMNS):   LEVEL = 'NOMINAL';
MPRINT(EMADVISECOLUMNS):   end;
MPRINT(EMADVISECOLUMNS):   when('EM_CLASSTARGET') ROLE = 'ASSESS';
MPRINT(EMADVISECOLUMNS):   when('EM_VALUETARGET') ROLE = 'ASSESS';
MPRINT(EMADVISECOLUMNS):   when('EM_PREDICTION') ROLE = 'PREDICT';
MPRINT(EMADVISECOLUMNS):   when('EM_PROBABILITY') ROLE = 'PREDICT';
MPRINT(EMADVISECOLUMNS):   when('EM_EVENTPROBABILITY') ROLE = 'PREDICT';
MPRINT(EMADVISECOLUMNS):   when('EM_CLASSIFICATION') ROLE = 'CLASSIFICATION';
MPRINT(EMADVISECOLUMNS):   when('EM_DECISION') ROLE = 'DECISION';
MPRINT(EMADVISECOLUMNS):   when('EM_PROFIT') ROLE = 'ASSESS';
MPRINT(EMADVISECOLUMNS):   when('EM_LOSS') ROLE = 'ASSESS';
MPRINT(EMADVISECOLUMNS):   when('EM_ROI') ROLE = 'ASSESS';
MPRINT(EMADVISECOLUMNS):   when('URI') ROLE = 'URL';
MPRINT(EMADVISECOLUMNS):   when('FILTERED') ROLE = 'TEXTLOC';
MPRINT(EMADVISECOLUMNS):   otherwise do;
MPRINT(EMADVISECOLUMNS):   if upcase(NAME) =: 'ZIP' then do;
MPRINT(EMADVISECOLUMNS):   ROLE = 'REJECTED';
MPRINT(EMADVISECOLUMNS):   LEVEL = 'NOMINAL';
MPRINT(EMADVISECOLUMNS):   COMMENT = 'Rejected by: Exceed the maximum class level of %s';
MPRINT(EMADVISECOLUMNS):   end;
MPRINT(EMADVISECOLUMNS):   else if upcase(NAME) in('FREQ', 'FREQUENCY') then do;
MPRINT(EMADVISECOLUMNS):   ROLE = 'FREQ';
MPRINT(EMADVISECOLUMNS):   if TYPE = 'C' then ROLE = 'INPUT';
MPRINT(EMADVISECOLUMNS):   else if _freqflag =1 then ROLE='REJECTED';
MPRINT(EMADVISECOLUMNS):   end;
MPRINT(EMADVISECOLUMNS):   else do;
MPRINT(EMADVISECOLUMNS):   name_prefix = scan(_uname, 1, '_');
MPRINT(EMADVISECOLUMNS):   if scan(_uname, 2, '_') = '' then name_prefix='';
MPRINT(EMADVISECOLUMNS):   if name_prefix in('F', 'I', 'U') then do;
MPRINT(EMADVISECOLUMNS):   ROLE = 'CLASSIFICATION';
MPRINT(EMADVISECOLUMNS):   LEVEL = 'NOMINAL';
MPRINT(EMADVISECOLUMNS):   end;
MPRINT(EMADVISECOLUMNS):   else if name_prefix in('P', 'V') then ROLE = 'PREDICT';
MPRINT(EMADVISECOLUMNS):   else if name_prefix in('R', 'RS', 'RT', 'RD', 'RDS', 'RDT', 'RA', 
'RAS', 'RAT') then ROLE = 'RESIDUAL';
MPRINT(EMADVISECOLUMNS):   else if name_prefix ='D' then do;
MPRINT(EMADVISECOLUMNS):   ROLE = 'DECISION';
MPRINT(EMADVISECOLUMNS):   LEVEL = 'NOMINAL';
MPRINT(EMADVISECOLUMNS):   end;
MPRINT(EMADVISECOLUMNS):   else if name_prefix ='B' then do;
MPRINT(EMADVISECOLUMNS):   ROLE = 'SEGMENT';
MPRINT(EMADVISECOLUMNS):   LEVEL = 'NOMINAL';
MPRINT(EMADVISECOLUMNS):   end;
MPRINT(EMADVISECOLUMNS):   else if name_prefix in('EP', 'BP', 'CP', 'EL', 'CL', 'BL', 'W', 
'ROI', 'IC') then ROLE = 'ASSESS';
MPRINT(EMADVISECOLUMNS):   else do;
MPRINT(EMADVISECOLUMNS):   array _ROLE_ (19) $32 _TEMPORARY_ 
('ASSESS','CLASSIFICATION','CENSOR', 'COST', 'CROSSID', 'DECISION', 'ID','INPUT', 'LABEL', 
'MISSING','PREDICT','REFERRER','REJECTED', 'RESIDUAL','SEGMENT', 'SEQUENCE','TARGET', 'TEXT', 
'TIMEID');
MPRINT(EMADVISECOLUMNS):   drop _found_ i;
MPRINT(EMADVISECOLUMNS):   _found_=0;
MPRINT(EMADVISECOLUMNS):   do i=1 to 19 until(_found_=1);
MPRINT(EMADVISECOLUMNS):   if index(_uname, trim(_ROLE_{i}))=1 then do;
MPRINT(EMADVISECOLUMNS):   ROLE=_ROLE_{i};
MPRINT(EMADVISECOLUMNS):   if ROLE = 'ID' then LEVEL = 'NOMINAL';
MPRINT(EMADVISECOLUMNS):   else if ROLE = 'SEGMENT' then LEVEL = 'NOMINAL';
MPRINT(EMADVISECOLUMNS):   else if ROLE = 'TIMEID' and TYPE='N' then LEVEL = 'INTERVAL';
MPRINT(EMADVISECOLUMNS):   _found_=1;
MPRINT(EMADVISECOLUMNS):   end;
MPRINT(EMADVISECOLUMNS):   end;
MPRINT(EMADVISECOLUMNS):   if length(_uname)>2 then do;
MPRINT(EMADVISECOLUMNS):   if substr(reverse(trim(_uname)), 1, 3) = 'DI_' then do;
MPRINT(EMADVISECOLUMNS):   ROLE = 'ID';
MPRINT(EMADVISECOLUMNS):   LEVEL = 'NOMINAL';
MPRINT(EMADVISECOLUMNS):   end;
MPRINT(EMADVISECOLUMNS):   end;
MPRINT(EMADVISECOLUMNS):   end;
MPRINT(EMADVISECOLUMNS):   end;
MPRINT(EMADVISECOLUMNS):   end;
MPRINT(EMADVISECOLUMNS):   end;
MPRINT(EMADVISECOLUMNS):   if ROLE='FREQ' then _freqflag=1;
MPRINT(EMADVISECOLUMNS):   else if ROLE = 'CLASSIFICATION' then LEVEL = 'NOMINAL';
MPRINT(EMADVISECOLUMNS):   end;
MPRINT(EMADVISECOLUMNS):   if role = ' ' then do;
MPRINT(EMADVISECOLUMNS):   if formattype in('DATE', 'DATETIME', 'TIME') then role = 'TIMEID';
MPRINT(EMADVISECOLUMNS):   else role = 'INPUT';
MPRINT(EMADVISECOLUMNS):   roleAssigned = 1;
MPRINT(EMADVISECOLUMNS):   end;
MPRINT(EMADVISECOLUMNS):   else role = upcase(role);
MPRINT(EMADVISECOLUMNS):   if REPORT = '' then REPORT = 'N';
MPRINT(EMADVISECOLUMNS):   run;
MPRINT(EMADVISECOLUMNS):    data WORK.M0XVMYO8;
MPRINT(EMADVISECOLUMNS):   set WORK.M0XVMYO8;
MPRINT(EMADVISECOLUMNS):   label NAME = "Variable Name" TYPE = "Type" ROLE = "Role" LEVEL= 
"Measurement Level" ORDER= "Order" CREATOR= "Creator" FORMATTYPE= "Format Type" FAMILY= 
"Family" DISTRIBUTION= "Distribution" PRICE= "Price" LOWERLIMIT= "Lower limit" UPPERLIMIT= 
"Upper Limit" REPORT= "Report" COMMENT= "Comment" INDEX= "Index" INDEXTYPE= "IndexType" LABEL= 
"Label" LENGTH= "Length";
MPRINT(EMADVISECOLUMNS):   drop levelAssigned roleAssigned;
MPRINT(EMADVISECOLUMNS):   run;
MPRINT(EMADVISECOLUMNS):   
MPRINT(EM_DIAGRAM):  ;
MPRINT(EM_DIAGRAM):   proc sort data=WORK.COLUMNMETA;
MPRINT(EM_DIAGRAM):   by NAME;
MPRINT(EM_DIAGRAM):   run;
MPRINT(EM_DIAGRAM):   *------------------------------------------------------------*;
MPRINT(EM_DIAGRAM):   * &nodeid: Merge incoming metadata;
MPRINT(EM_DIAGRAM):   *------------------------------------------------------------*;
MPRINT(EM_DIAGRAM):   proc contents data=EMWS8.Meta_TRAIN noprint out=_temp2(keep=NAME);
MPRINT(EM_DIAGRAM):   run;
MPRINT(EM_DIAGRAM):   proc sort data=_temp2;
MPRINT(EM_DIAGRAM):   by NAME;
MPRINT(EM_DIAGRAM):   run;
MPRINT(EM_DIAGRAM):   proc sort data=EMWS8.Meta_CMeta_TRAIN out=_temp;
MPRINT(EM_DIAGRAM):   by NAME;
MPRINT(EM_DIAGRAM):   run;
MPRINT(EM_DIAGRAM):   data EMWS8.Reg_CMeta_TRAIN;
MPRINT(EM_DIAGRAM):   merge WORK.COLUMNMETA(in=_a) _temp2(in=_b) _temp(drop=FORMAT INFORMAT 
LENGTH INDEX INDEXTYPE in=_c) end=_eof_;
MPRINT(EM_DIAGRAM):   by NAME;
MPRINT(EM_DIAGRAM):   if (^_a and _b) or (^_c and _a and _b) then delete;
MPRINT(EM_DIAGRAM):   if ^_b then CREATOR = "Reg";
MPRINT(EM_DIAGRAM):   select(upcase(name));
MPRINT(EM_DIAGRAM):   when("P_DEPVAR1") creator = "Reg";
MPRINT(EM_DIAGRAM):   when("R_DEPVAR1") creator = "Reg";
MPRINT(EM_DIAGRAM):   when("P_DEPVAR0") creator = "Reg";
MPRINT(EM_DIAGRAM):   when("R_DEPVAR0") creator = "Reg";
MPRINT(EM_DIAGRAM):   when("F_DEPVAR") creator = "Reg";
MPRINT(EM_DIAGRAM):   when("I_DEPVAR") creator = "Reg";
MPRINT(EM_DIAGRAM):   when("U_DEPVAR") creator = "Reg";
MPRINT(EM_DIAGRAM):   when("_WARN_") creator = "Reg";
MPRINT(EM_DIAGRAM):   when("DEPVAR") model = "Reg";
MPRINT(EM_DIAGRAM):   when('');
MPRINT(EM_DIAGRAM):   otherwise;
MPRINT(EM_DIAGRAM):   end;
MPRINT(EM_DIAGRAM):   *------------------------------------------------------------*;
MPRINT(EM_DIAGRAM):   * Reg: Apply Delta Code;
MPRINT(EM_DIAGRAM):   *------------------------------------------------------------*;
MPRINT(EM_DIAGRAM):   if ROLE in('INPUT', 'REJECTED') then do;
MPRINT(EM_DIAGRAM):   if upcase(NAME) in( 'ACCEPTEDCMPTOTAL' 'AGE' 'FRQ' 'INCOME' 
'MARITAL_STATUS' 'MNT' 'MNTGOLDPRODS' 'MNTMEATPRODUCTS' 'NUMCATALOGPURCHASES' 
'NUMDEALSPURCHASES' 'NUMWEBVISITSMONTH' 'RFMSTAT' 'RECENCY' 'TEENHOME' ) then ROLE='INPUT';
MPRINT(EM_DIAGRAM):   else do;
MPRINT(EM_DIAGRAM):   ROLE='REJECTED';
MPRINT(EM_DIAGRAM):   COMMENT = "Reg: Rejected using stepwise selection";
MPRINT(EM_DIAGRAM):   end;
MPRINT(EM_DIAGRAM):   end;
MPRINT(EM_DIAGRAM):   run;
MPRINT(EM_DIAGRAM):   filename _delta;
179112     data WORK.MODELTEMP_INFO;
MPRINT(EM_DIAGRAM):    data WORK.MODELTEMP_INFO;
179113     set EMWS8.Reg_EMINFO;
MPRINT(EM_DIAGRAM):   set EMWS8.Reg_EMINFO;
179114     where DATA='Reg' and KEY ^in('DECDATA', 'DECMETA', 'IMPORTANCE', 'MODEL');
MPRINT(EM_DIAGRAM):   where DATA='Reg' and KEY ^in('DECDATA', 'DECMETA', 'IMPORTANCE', 
'MODEL');
179115     run;
MPRINT(EM_DIAGRAM):   run;

NOTE: There were 0 observations read from the data set EMWS8.REG_EMINFO.
      WHERE (DATA='Reg') and KEY not in ('DECDATA', 'DECMETA', 'IMPORTANCE', 'MODEL');
NOTE: The data set WORK.MODELTEMP_INFO has 0 observations and 3 variables.
NOTE: DATA statement used (Total process time):
      real time           0.00 seconds
      cpu time            0.00 seconds
      

179116     data EMWS8.Reg_EMINFO;
MPRINT(EM_DIAGRAM):    data EMWS8.Reg_EMINFO;
179117     length TARGET KEY $32 DATA $43;
MPRINT(EM_DIAGRAM):   length TARGET KEY $32 DATA $43;
179118     input TARGET KEY DATA $;
MPRINT(EM_DIAGRAM):   input TARGET KEY DATA $;
179119     cards;
MPRINT(EM_DIAGRAM):   cards;

NOTE: The data set EMWS8.REG_EMINFO has 3 observations and 3 variables.
NOTE: DATA statement used (Total process time):
      real time           0.00 seconds
      cpu time            0.00 seconds
      

MPRINT(EM_DIAGRAM):   run;
179123     run;
179124     data EMWS8.Reg_EMINFO;
MPRINT(EM_DIAGRAM):   data EMWS8.Reg_EMINFO;
179125     set EMWS8.Reg_EMINFO WORK.MODELTEMP_INFO;
MPRINT(EM_DIAGRAM):   set EMWS8.Reg_EMINFO WORK.MODELTEMP_INFO;
179126     run;
MPRINT(EM_DIAGRAM):   run;

NOTE: There were 3 observations read from the data set EMWS8.REG_EMINFO.
NOTE: There were 0 observations read from the data set WORK.MODELTEMP_INFO.
NOTE: The data set EMWS8.REG_EMINFO has 3 observations and 3 variables.
NOTE: DATA statement used (Total process time):
      real time           0.00 seconds
      cpu time            0.00 seconds
      

179127     proc sort data = EMWS8.Reg_EMINFO NOTHREADS;
MPRINT(EM_DIAGRAM):    proc sort data = EMWS8.Reg_EMINFO NOTHREADS;
179128     by TARGET KEY;
MPRINT(EM_DIAGRAM):   by TARGET KEY;
179129     run;
MPRINT(EM_DIAGRAM):   run;

NOTE: There were 3 observations read from the data set EMWS8.REG_EMINFO.
NOTE: The data set EMWS8.REG_EMINFO has 3 observations and 3 variables.
NOTE: PROCEDURE SORT used (Total process time):
      real time           0.00 seconds
      cpu time            0.00 seconds
      

179130     proc sort data = EMWS8.FIMPORT_EMINFO OUT=WORK.SORTEDEMINFO NOTHREADS;
MPRINT(EM_DIAGRAM):    proc sort data = EMWS8.FIMPORT_EMINFO OUT=WORK.SORTEDEMINFO NOTHREADS;
179131     by TARGET KEY;
MPRINT(EM_DIAGRAM):   by TARGET KEY;
179132     run;
MPRINT(EM_DIAGRAM):   run;

NOTE: There were 1 observations read from the data set EMWS8.FIMPORT_EMINFO.
NOTE: The data set WORK.SORTEDEMINFO has 1 observations and 3 variables.
NOTE: PROCEDURE SORT used (Total process time):
      real time           0.00 seconds
      cpu time            0.00 seconds
      

179133     proc sort data = EMWS8.Reg_EMINFO OUT=WORK.TEMP_INFO NOTHREADS;
MPRINT(EM_DIAGRAM):   proc sort data = EMWS8.Reg_EMINFO OUT=WORK.TEMP_INFO NOTHREADS;
179134     by TARGET KEY;
MPRINT(EM_DIAGRAM):   by TARGET KEY;
179135     run;
MPRINT(EM_DIAGRAM):   run;

NOTE: Input data set is already sorted; it has been copied to the output data set.
NOTE: There were 3 observations read from the data set EMWS8.REG_EMINFO.
NOTE: The data set WORK.TEMP_INFO has 3 observations and 3 variables.
NOTE: PROCEDURE SORT used (Total process time):
      real time           0.00 seconds
      cpu time            0.00 seconds
      

179136     data EMWS8.Reg_EMINFO;
MPRINT(EM_DIAGRAM):   data EMWS8.Reg_EMINFO;
179137     merge WORK.SORTEDEMINFO WORK.TEMP_INFO;
MPRINT(EM_DIAGRAM):   merge WORK.SORTEDEMINFO WORK.TEMP_INFO;
179138     by TARGET KEY;
MPRINT(EM_DIAGRAM):   by TARGET KEY;
179139     run;
MPRINT(EM_DIAGRAM):   run;

NOTE: There were 1 observations read from the data set WORK.SORTEDEMINFO.
NOTE: There were 3 observations read from the data set WORK.TEMP_INFO.
NOTE: The data set EMWS8.REG_EMINFO has 4 observations and 3 variables.
NOTE: DATA statement used (Total process time):
      real time           0.00 seconds
      cpu time            0.00 seconds
      

179140     proc datasets lib=work nolist;
MPRINT(EM_DIAGRAM):   proc datasets lib=work nolist;
179141     delete TEMP_INFO SORTEDEMINFO;
MPRINT(EM_DIAGRAM):   delete TEMP_INFO SORTEDEMINFO;
179142     run;
MPRINT(EM_DIAGRAM):   run;

NOTE: Deleting WORK.TEMP_INFO (memtype=DATA).
NOTE: Deleting WORK.SORTEDEMINFO (memtype=DATA).
179143     quit;
MPRINT(EM_DIAGRAM):   quit;

NOTE: PROCEDURE DATASETS used (Total process time):
      real time           0.01 seconds
      cpu time            0.01 seconds
      

NOTE: View EMWS8.REG_TRAIN.VIEW used (Total process time):
      real time           0.03 seconds
      cpu time            0.03 seconds
      
NOTE: View EMWS8.REG_VALIDATE.VIEW used (Total process time):
      real time           0.01 seconds
      cpu time            0.01 seconds
      
MPRINT(EM_DIAGRAM):    proc printto;
MPRINT(EM_DIAGRAM):   run;
