 
                                                                                               
 
 
Fit Statistics

Target=DepVar Target Label=DepVar

   Fit
Statistics    Statistics Label                     Train    Validation

 _DFT_        Total Degrees of Freedom           2374.00          .   
 _DFE_        Degrees of Freedom for Error       2241.00          .   
 _DFM_        Model Degrees of Freedom            133.00          .   
 _NW_         Number of Estimated Weights         133.00          .   
 _AIC_        Akaike's Information Criterion      479.04          .   
 _SBC_        Schwarz's Bayesian Criterion       1246.76          .   
 _ASE_        Average Squared Error                 0.01         0.04 
 _MAX_        Maximum Absolute Error                0.99         1.00 
 _DIV_        Divisor for ASE                    4748.00      2036.00 
 _NOBS_       Sum of Frequencies                 2374.00      1018.00 
 _RASE_       Root Average Squared Error            0.11         0.20 
 _SSE_        Sum of Squared Errors                59.27        84.44 
 _SUMW_       Sum of Case Weights Times Freq     4748.00      2036.00 
 _FPE_        Final Prediction Error                0.01          .   
 _MSE_        Mean Squared Error                    0.01         0.04 
 _RFPE_       Root Final Prediction Error           0.12          .   
 _RMSE_       Root Mean Squared Error               0.11         0.20 
 _AVERR_      Average Error Function                0.04         0.20 
 _ERR_        Error Function                      213.04       413.32 
 _MISC_       Misclassification Rate                0.01         0.05 
 _WRONG_      Number of Wrong Classifications      33.00        53.00 
 
                                                                                               
 
 
Classification Table

Data Role=TRAIN Target Variable=DepVar Target Label=DepVar

                       Target        Outcome     Frequency       Total
Target    Outcome    Percentage    Percentage      Count      Percentage

  0          0         98.9141       99.4541        2004        84.4145 
  1          0          1.0859        6.1281          22         0.9267 
  0          1          3.1609        0.5459          11         0.4634 
  1          1         96.8391       93.8719         337        14.1955 


Data Role=VALIDATE Target Variable=DepVar Target Label=DepVar

                       Target        Outcome     Frequency       Total
Target    Outcome    Percentage    Percentage      Count      Percentage

  0          0         96.3387       97.5666        842         82.7112 
  1          0          3.6613       20.6452         32          3.1434 
  0          1         14.5833        2.4334         21          2.0629 
  1          1         85.4167       79.3548        123         12.0825 
 
                                                                                               
 
 
Event Classification Table

Data Role=TRAIN Target=DepVar Target Label=DepVar

  False       True        False       True
Negative    Negative    Positive    Positive

   22         2004         11          337  


Data Role=VALIDATE Target=DepVar Target Label=DepVar

  False       True        False       True
Negative    Negative    Positive    Positive

   32          842         21          123  
 
                                                                                               
 
 
Assessment Score Rankings

Data Role=TRAIN Target Variable=DepVar Target Label=DepVar

                                                                                    Mean
                            Cumulative       %      Cumulative     Number of     Posterior
Depth      Gain     Lift       Lift      Response   % Response   Observations   Probability

   5    561.281   6.61281     6.61281     100.000     100.000         119         0.99986  
  10    561.281   6.61281     6.61281     100.000     100.000         119         0.99456  
  15    529.792   5.66813     6.29792      85.714      95.238         119         0.80558  
  20    395.613   0.89665     4.95613      13.559      74.947         118         0.17048  
  25    299.663   0.16671     3.99663       2.521      60.438         119         0.01831  
  30    232.959   0.00000     3.32959       0.000      50.351         119         0.00562  
  35    185.680   0.00000     2.85680       0.000      43.201         118         0.00437  
  40    149.895   0.00000     2.49895       0.000      37.789         119         0.00296  
  45    122.077   0.00000     2.22077       0.000      33.583         119         0.00216  
  50    100.000   0.00000     2.00000       0.000      30.244         118         0.00141  
  55     81.776   0.00000     1.81776       0.000      27.489         119         0.00076  
  60     66.596   0.00000     1.66596       0.000      25.193         119         0.00040  
  65     53.756   0.00000     1.53756       0.000      23.251         119         0.00017  
  70     42.840   0.00000     1.42840       0.000      21.600         118         0.00006  
  75     33.296   0.00000     1.33296       0.000      20.157         119         0.00002  
  80     24.947   0.00000     1.24947       0.000      18.895         119         0.00001  
  85     17.641   0.00000     1.17641       0.000      17.790         118         0.00000  
  90     11.090   0.00000     1.11090       0.000      16.799         119         0.00000  
  95      5.230   0.00000     1.05230       0.000      15.913         119         0.00000  
 100      0.000   0.00000     1.00000       0.000      15.122         118         0.00000  


Data Role=VALIDATE Target Variable=DepVar Target Label=DepVar

                                                                                    Mean
                            Cumulative       %      Cumulative     Number of     Posterior
Depth      Gain     Lift       Lift      Response   % Response   Observations   Probability

   5    556.774   6.56774     6.56774     100.000     100.000         51          0.99973  
  10    543.896   6.31018     6.43896      96.078      98.039         51          0.99469  
  15    449.458   3.60582     5.49458      54.902      83.660         51          0.75963  
  20    353.947   1.67413     4.53947      25.490      69.118         51          0.15393  
  25    273.460   0.51512     3.73460       7.843      56.863         51          0.01489  
  30    211.217   0.00000     3.11217       0.000      47.386         51          0.00477  
  35    168.597   0.12878     2.68597       1.961      40.896         51          0.00343  
  40    135.022   0.00000     2.35022       0.000      35.784         51          0.00251  
  45    110.339   0.12878     2.10339       1.961      32.026         51          0.00157  
  50     90.968   0.13135     1.90968       2.000      29.077         50          0.00086  
  55     74.749   0.12878     1.74749       1.961      26.607         51          0.00048  
  60     62.312   0.25756     1.62312       3.922      24.714         51          0.00023  
  65     49.808   0.00000     1.49808       0.000      22.810         51          0.00009  
  70     39.092   0.00000     1.39092       0.000      21.178         51          0.00003  
  75     30.667   0.12878     1.30667       1.961      19.895         51          0.00001  
  80     23.296   0.12878     1.23296       1.961      18.773         51          0.00000  
  85     16.035   0.00000     1.16035       0.000      17.667         51          0.00000  
  90      9.582   0.00000     1.09582       0.000      16.685         51          0.00000  
  95      4.487   0.12878     1.04487       1.961      15.909         51          0.00000  
 100      0.000   0.13135     1.00000       2.000      15.226         50          0.00000  
 
                                                                                               
 
 
Assessment Score Distribution

Data Role=TRAIN Target Variable=DepVar Target Label=DepVar

 Posterior     Number                     Mean
Probability      of      Number of     Posterior
   Range       Events    Nonevents    Probability    Percentage

 0.95-1.00       259           1        0.99471        10.9520 
 0.90-0.95        24           2        0.92684         1.0952 
 0.85-0.90        13           1        0.87736         0.5897 
 0.80-0.85         7           0        0.83050         0.2949 
 0.75-0.80        13           3        0.77480         0.6740 
 0.70-0.75         7           1        0.72033         0.3370 
 0.65-0.70         3           2        0.67178         0.2106 
 0.60-0.65         3           1        0.61866         0.1685 
 0.55-0.60         3           0        0.57935         0.1264 
 0.50-0.55         5           0        0.51788         0.2106 
 0.45-0.50         2           2        0.47634         0.1685 
 0.40-0.45         1           5        0.42730         0.2527 
 0.35-0.40         3           5        0.37873         0.3370 
 0.30-0.35         3           9        0.32569         0.5055 
 0.25-0.30         2           6        0.26981         0.3370 
 0.20-0.25         2          10        0.22812         0.5055 
 0.15-0.20         1          12        0.17282         0.5476 
 0.10-0.15         2          21        0.12162         0.9688 
 0.05-0.10         3          32        0.07284         1.4743 
 0.00-0.05         3        1902        0.00241        80.2443 


Data Role=VALIDATE Target Variable=DepVar Target Label=DepVar

 Posterior     Number                     Mean
Probability      of      Number of     Posterior
   Range       Events    Nonevents    Probability    Percentage

 0.95-1.00       106          6         0.99427        11.0020 
 0.90-0.95         6          2         0.92515         0.7859 
 0.85-0.90         4          5         0.87919         0.8841 
 0.80-0.85         3          0         0.82268         0.2947 
 0.75-0.80         0          1         0.76094         0.0982 
 0.70-0.75         1          1         0.71294         0.1965 
 0.65-0.70         1          1         0.68962         0.1965 
 0.55-0.60         0          1         0.57990         0.0982 
 0.50-0.55         2          4         0.52338         0.5894 
 0.45-0.50         2          3         0.47312         0.4912 
 0.40-0.45         2          1         0.43229         0.2947 
 0.35-0.40         1          0         0.36752         0.0982 
 0.30-0.35         0          5         0.32927         0.4912 
 0.25-0.30         1          3         0.27513         0.3929 
 0.20-0.25         2          3         0.22037         0.4912 
 0.15-0.20         3          4         0.17818         0.6876 
 0.10-0.15         4         10         0.11988         1.3752 
 0.05-0.10         3         10         0.07217         1.2770 
 0.00-0.05        14        803         0.00197        80.2554 
