MPRINT(EM_DIAGRAM):    data _null_;
MPRINT(EM_DIAGRAM):   call symput('NLDATE', strip(put(date(), NLDATE.)));
MPRINT(EM_DIAGRAM):   call symput('NLTIME', strip(put(datetime(), NLTIME.)));
MPRINT(EM_DIAGRAM):   run;
MPRINT(EM_DIAGRAM):   data _null_;
MPRINT(EM_DIAGRAM):   nldate= sasmsg("sashelp.dmine", "log_date_note", 'N', "19. April 2016" );
MPRINT(EM_DIAGRAM):   nltime= sasmsg("sashelp.dmine", "log_time_note", 'N', "17.22 Uhr" );
MPRINT(EM_DIAGRAM):   put "*------------------------------------------------------------*";
MPRINT(EM_DIAGRAM):   put "* Training Log";
MPRINT(EM_DIAGRAM):   put nldate;
MPRINT(EM_DIAGRAM):   put nltime;
MPRINT(EM_DIAGRAM):   put "*------------------------------------------------------------*";
MPRINT(EM_DIAGRAM):   run;
*------------------------------------------------------------*
* Training Log
Date:                19. April 2016
Time:                17.22 Uhr
*------------------------------------------------------------*
MPRINT(EM_DIAGRAM):    filename O1ELQU43 "C:\\predictive-models-project\Workspaces\EMWS8\Varsel\EMTRAIN.out" encoding="UTF-8" NOBOM;
MPRINT(EM_DIAGRAM):   proc printto print=O1ELQU43 new;
MPRINT(EM_DIAGRAM):   run;
MPRINT(EM_DIAGRAM):    filename _LOG "C:\\predictive-models-project\Workspaces\EMWS8\Varsel\EMLOG.log" encoding="UTF-8" NOBOM;
MPRINT(EM_DIAGRAM):    data _null_;
MPRINT(EM_DIAGRAM):   call symput('NLDATE', strip(put(date(), NLDATE.)));
MPRINT(EM_DIAGRAM):   call symput('NLTIME', strip(put(datetime(), NLTIME.)));
MPRINT(EM_DIAGRAM):   run;
MPRINT(EM_DIAGRAM):   data _null_;
MPRINT(EM_DIAGRAM):   nldate= sasmsg("sashelp.dmine", "log_date_note", 'N', "19. April 2016" );
MPRINT(EM_DIAGRAM):   nltime= sasmsg("sashelp.dmine", "log_time_note", 'N', "17.22 Uhr" );
MPRINT(EM_DIAGRAM):   file _LOG;
MPRINT(EM_DIAGRAM):   put "*------------------------------------------------------------*";
MPRINT(EM_DIAGRAM):   put "User:                Lukas Fahr";
MPRINT(EM_DIAGRAM):   put nldate;
MPRINT(EM_DIAGRAM):   put nltime;
MPRINT(EM_DIAGRAM):   put "Site:                70107571";
MPRINT(EM_DIAGRAM):   put "Platform:            X64_7PRO";
MPRINT(EM_DIAGRAM):   put "Maintenance Release: 9.03.01M2P081512";
MPRINT(EM_DIAGRAM):   put "EM Version:          12.1";
MPRINT(EM_DIAGRAM):   put "* ";
MPRINT(EM_DIAGRAM):   run;
MPRINT(EM_DIAGRAM):    filename _LOGIN "C:\\predictive-models-project\Workspaces\EMWS8\Varsel\EMTRAIN.log" encoding="UTF-8" NOBOM;
MPRINT(EM_COPYFILE):   data _null_;
MPRINT(EM_COPYFILE):   length line $20000;
MPRINT(EM_COPYFILE):   file _LOG MOD lrecl=20000;
MPRINT(EM_COPYFILE):   fid=fopen("_LOGIN",'i',20000,'v');
MPRINT(EM_COPYFILE):   if fid > 0 then do;
MPRINT(EM_COPYFILE):   do while(^fread(fid));
MPRINT(EM_COPYFILE):   rlen = frlen(fid);
MPRINT(EM_COPYFILE):   rc= fget(fid,line,20000);
MPRINT(EM_COPYFILE):   start = length(line)-length(left(line))+1;
MPRINT(EM_COPYFILE):   line=strip(line);
MPRINT(EM_COPYFILE):   put @start line;
MPRINT(EM_COPYFILE):   end;
MPRINT(EM_COPYFILE):   if fid > 0 then rc=fclose(fid);
MPRINT(EM_COPYFILE):   end;
MPRINT(EM_COPYFILE):   run;
MPRINT(EM_DIAGRAM):  ;
MPRINT(EM_DIAGRAM):   filename _LOGIN;
MPRINT(EM_DIAGRAM):    data _null_;
MPRINT(EM_DIAGRAM):   file _LOG mod;
MPRINT(EM_DIAGRAM):   put _page_;
MPRINT(EM_DIAGRAM):   run;
MPRINT(EM_DIAGRAM):   filename _LOGIN "C:\\predictive-models-project\Workspaces\EMWS8\Varsel\EMSCORE.log" encoding="UTF-8" NOBOM;
MPRINT(EM_DIAGRAM):  ;
MPRINT(EM_DIAGRAM):   data _null_;
MPRINT(EM_DIAGRAM):   file _LOG mod;
MPRINT(EM_DIAGRAM):   put _page_;
MPRINT(EM_DIAGRAM):   run;
MPRINT(EM_DIAGRAM):    filename _LOGIN "C:\\predictive-models-project\Workspaces\EMWS8\Varsel\EMREPORT.log" encoding="UTF-8" NOBOM;
MPRINT(EM_DIAGRAM):  ;
MPRINT(EM_DIAGRAM):   filename _LOGIN;
MPRINT(EM_DIAGRAM):    filename _LOG;
MPRINT(EM_DIAGRAM):    filename _OUT "C:\\predictive-models-project\Workspaces\EMWS8\Varsel\EMOUTPUT.out" encoding="UTF-8" NOBOM;
MPRINT(EM_DIAGRAM):    data _null_;
MPRINT(EM_DIAGRAM):   call symput('NLDATE', strip(put(date(), NLDATE.)));
MPRINT(EM_DIAGRAM):   call symput('NLTIME', strip(put(datetime(), NLTIME.)));
MPRINT(EM_DIAGRAM):   run;
MPRINT(EM_DIAGRAM):   data _null_;
MPRINT(EM_DIAGRAM):   nldate= sasmsg("sashelp.dmine", "log_date_note", 'N', "19. April 2016" );
MPRINT(EM_DIAGRAM):   nltime= sasmsg("sashelp.dmine", "log_time_note", 'N', "17.22 Uhr" );
MPRINT(EM_DIAGRAM):   file _OUT;
MPRINT(EM_DIAGRAM):   put "*------------------------------------------------------------*";
MPRINT(EM_DIAGRAM):   put "User:                Lukas Fahr";
MPRINT(EM_DIAGRAM):   put nldate;
MPRINT(EM_DIAGRAM):   put nltime;
MPRINT(EM_DIAGRAM):   put "*------------------------------------------------------------*";
MPRINT(EM_DIAGRAM):   put "* Training Output";
MPRINT(EM_DIAGRAM):   put "*------------------------------------------------------------*";
MPRINT(EM_DIAGRAM):   run;
MPRINT(EM_DIAGRAM):    filename _OUTIN "C:\\predictive-models-project\Workspaces\EMWS8\Varsel\EMTRAIN.out" encoding="UTF-8" NOBOM;
MPRINT(EM_DIAGRAM):   ;
MPRINT(EM_COPYFILE):   data _null_;
MPRINT(EM_COPYFILE):   length line $20000;
MPRINT(EM_COPYFILE):   file _OUT MOD lrecl=20000;
MPRINT(EM_COPYFILE):   fid=fopen("_OUTIN",'i',20000,'v');
MPRINT(EM_COPYFILE):   if fid > 0 then do;
MPRINT(EM_COPYFILE):   do while(^fread(fid));
MPRINT(EM_COPYFILE):   rlen = frlen(fid);
MPRINT(EM_COPYFILE):   rc= fget(fid,line,20000);
MPRINT(EM_COPYFILE):   start = length(line)-length(left(line))+1;
MPRINT(EM_COPYFILE):   line=strip(line);
MPRINT(EM_COPYFILE):   put @start line;
MPRINT(EM_COPYFILE):   end;
MPRINT(EM_COPYFILE):   if fid > 0 then rc=fclose(fid);
MPRINT(EM_COPYFILE):   end;
MPRINT(EM_COPYFILE):   run;
MPRINT(EM_DIAGRAM):  ;
MPRINT(EM_DIAGRAM):   filename _OUTIN;
MPRINT(EM_DIAGRAM):    data _null_;
MPRINT(EM_DIAGRAM):   file _OUT mod;
MPRINT(EM_DIAGRAM):   put _page_;
MPRINT(EM_DIAGRAM):   put // "*------------------------------------------------------------*";
MPRINT(EM_DIAGRAM):   put "* Score Output";
MPRINT(EM_DIAGRAM):   put "*------------------------------------------------------------*";
MPRINT(EM_DIAGRAM):   run;
MPRINT(EM_DIAGRAM):    filename _OUTIN "C:\\predictive-models-project\Workspaces\EMWS8\Varsel\EMSCORE.out" encoding="UTF-8" NOBOM;
MPRINT(EM_DIAGRAM):  ;
MPRINT(EM_DIAGRAM):   filename _OUTIN;
MPRINT(EM_DIAGRAM):    data _null_;
MPRINT(EM_DIAGRAM):   file _OUT mod;
MPRINT(EM_DIAGRAM):   put _page_;
MPRINT(EM_DIAGRAM):   put // "*------------------------------------------------------------*";
MPRINT(EM_DIAGRAM):   put "* Report Output";
MPRINT(EM_DIAGRAM):   put "*------------------------------------------------------------*";
MPRINT(EM_DIAGRAM):   run;
MPRINT(EM_DIAGRAM):    filename _OUTIN "C:\\predictive-models-project\Workspaces\EMWS8\Varsel\EMREPORT.out" encoding="UTF-8" NOBOM;
MPRINT(EM_DIAGRAM):  ;
MPRINT(EM_DIAGRAM):   filename _OUTIN;
MPRINT(EM_DIAGRAM):    filename _OUT;
MPRINT(EM_DIAGRAM):    filename _emtool_ 'C:\\predictive-models-project\Workspaces\EMWS8\Varsel\EMRUNSTATUS.xml' encoding="UTF-8" NOBOM;
138229     proc freq data=EMWS8.Varsel_VariableSet noprint;
MPRINT(EM_DIAGRAM):    proc freq data=EMWS8.Varsel_VariableSet noprint;
138230     table ROLE*LEVEL/out=WORK.VarselMETA;
MPRINT(EM_DIAGRAM):   table ROLE*LEVEL/out=WORK.VarselMETA;
138231     run;
MPRINT(EM_DIAGRAM):   run;

NOTE: There were 34 observations read from the data set EMWS8.VARSEL_VARIABLESET.
NOTE: The data set WORK.VARSELMETA has 4 observations and 4 variables.
NOTE: PROCEDURE FREQ used (Total process time):
      real time           0.01 seconds
      cpu time            0.01 seconds
      

138232     proc print data=WORK.VarselMETA label noobs;
MPRINT(EM_DIAGRAM):   proc print data=WORK.VarselMETA label noobs;
138233     var ROLE LEVEL COUNT;
MPRINT(EM_DIAGRAM):   var ROLE LEVEL COUNT;
138234     label ROLE = "%sysfunc(sasmsg(sashelp.dmine, meta_role_vlabel, NOQUOTE))" LEVEL = "%sysfunc(sasmsg(sashelp.dmine, meta_level_vlabel, NOQUOTE))" COUNT = "%sysfunc(sasmsg(sashelp.dmine, rpt_count_vlabel, NOQUOTE))";
MPRINT(EM_DIAGRAM):   label ROLE = "Role" LEVEL = "Measurement Level" COUNT = "Frequency Count";
138235     title9 ' ';
MPRINT(EM_DIAGRAM):   title9 ' ';
138236     title10 "%sysfunc(sasmsg(sashelp.dmine, rpt_varSummary_title  , NOQUOTE))";
MPRINT(EM_DIAGRAM):   title10 "Variable Summary";
MPRINT(EM_DIAGRAM):   run;
138237     run;

NOTE: There were 4 observations read from the data set WORK.VARSELMETA.
NOTE: The PROCEDURE PRINT printed page 72.
NOTE: PROCEDURE PRINT used (Total process time):
      real time           0.00 seconds
      cpu time            0.00 seconds
      

138238     title10;
MPRINT(EM_DIAGRAM):   title10;
138239     data WORK.M1Z44T46;
MPRINT(EM_DIAGRAM):    data WORK.M1Z44T46;
138240     set WORK.M1Z44T46;
MPRINT(EM_DIAGRAM):   set WORK.M1Z44T46;
138241     if role = 'TARGET' and use = 'Y' then do;
MPRINT(EM_DIAGRAM):   if role = 'TARGET' and use = 'Y' then do;
138242     role = 'TARGET';
MPRINT(EM_DIAGRAM):   role = 'TARGET';
138243     output;
MPRINT(EM_DIAGRAM):   output;
138244     end;
MPRINT(EM_DIAGRAM):   end;
138245     if role = 'INPUT' and use in ('Y','D','N') then do;
MPRINT(EM_DIAGRAM):   if role = 'INPUT' and use in ('Y','D','N') then do;
138246     role = 'INPUT';
MPRINT(EM_DIAGRAM):   role = 'INPUT';
138247     output;
MPRINT(EM_DIAGRAM):   output;
138248     end;
MPRINT(EM_DIAGRAM):   end;
138249     if role = 'REJECTED' and use = 'Y' then do;
MPRINT(EM_DIAGRAM):   if role = 'REJECTED' and use = 'Y' then do;
138250     role = 'INPUT';
MPRINT(EM_DIAGRAM):   role = 'INPUT';
138251     output;
MPRINT(EM_DIAGRAM):   output;
138252     end;
MPRINT(EM_DIAGRAM):   end;
138253     if role = 'FREQ' and use in ('Y', 'D') then do;
MPRINT(EM_DIAGRAM):   if role = 'FREQ' and use in ('Y', 'D') then do;
138254     role = 'FREQ';
MPRINT(EM_DIAGRAM):   role = 'FREQ';
138255     output;
MPRINT(EM_DIAGRAM):   output;
138256     end;
MPRINT(EM_DIAGRAM):   end;
138257     if role = 'REJECTED' and use in ('N', 'D') then do;
MPRINT(EM_DIAGRAM):   if role = 'REJECTED' and use in ('N', 'D') then do;
138258     role = 'REJECTED';
MPRINT(EM_DIAGRAM):   role = 'REJECTED';
138259     output;
MPRINT(EM_DIAGRAM):   output;
138260     end;
MPRINT(EM_DIAGRAM):   end;
138261     run;
MPRINT(EM_DIAGRAM):   run;

NOTE: There were 34 observations read from the data set WORK.M1Z44T46.
NOTE: The data set WORK.M1Z44T46 has 34 observations and 21 variables.
NOTE: DATA statement used (Total process time):
      real time           0.00 seconds
      cpu time            0.00 seconds
      

138262     /*by pass cmeta */
138263     data WORK.M1Z44T46;
MPRINT(EM_DIAGRAM):    data WORK.M1Z44T46;
138264     set WORK.M1Z44T46;
MPRINT(EM_DIAGRAM):   set WORK.M1Z44T46;
138265     run;
MPRINT(EM_DIAGRAM):   run;

NOTE: There were 34 observations read from the data set WORK.M1Z44T46.
NOTE: The data set WORK.M1Z44T46 has 34 observations and 21 variables.
NOTE: DATA statement used (Total process time):
      real time           0.00 seconds
      cpu time            0.00 seconds
      

138266     data WORK.M1S295WS;
MPRINT(EM_DIAGRAM):    data WORK.M1S295WS;
138267     set WORK.M1S295WS;
MPRINT(EM_DIAGRAM):   set WORK.M1S295WS;
138268     if role = 'INPUT' and use in ('N') then delete;
MPRINT(EM_DIAGRAM):   if role = 'INPUT' and use in ('N') then delete;
138269     if role = 'REJECTED' and use in ('N', 'D') then delete;
MPRINT(EM_DIAGRAM):   if role = 'REJECTED' and use in ('N', 'D') then delete;
138270     run;
MPRINT(EM_DIAGRAM):   run;

NOTE: There were 34 observations read from the data set WORK.M1S295WS.
NOTE: The data set WORK.M1S295WS has 33 observations and 21 variables.
NOTE: DATA statement used (Total process time):
      real time           0.00 seconds
      cpu time            0.00 seconds
      

NOTE: Run proc dmdb with the specified maxlevel criterion. 
138271     *------------------------------------------------------------* ;
MPRINT(EM_DIAGRAM):    *------------------------------------------------------------* ;
138272     * EM: DMDBClass Macro ;
MPRINT(EM_DIAGRAM):   * EM: DMDBClass Macro ;
138273     *------------------------------------------------------------* ;
MPRINT(EM_DIAGRAM):   *------------------------------------------------------------* ;
138274     %macro DMDBClass;
138275         AcceptedCmp1(ASC) AcceptedCmp2(ASC) AcceptedCmp3(ASC) AcceptedCmp4(ASC)
138276        AcceptedCmp5(ASC) Complain(ASC) DepVar(DESC) Education(ASC)
138277        HigherEducationBinary(ASC) Marital_Status(ASC)
138278     %mend DMDBClass;
138279     *------------------------------------------------------------* ;
MPRINT(EM_DIAGRAM):   *------------------------------------------------------------* ;
138280     * EM: DMDBVar Macro ;
MPRINT(EM_DIAGRAM):   * EM: DMDBVar Macro ;
138281     *------------------------------------------------------------* ;
MPRINT(EM_DIAGRAM):   *------------------------------------------------------------* ;
138282     %macro DMDBVar;
138283         AcceptedCmpTotal Age Frq Income Kidhome Mnt MntFishProducts MntFruits
138284        MntGoldProds MntMeatProducts MntSweetProducts MntWines MonthsAsCustomer
138285        NumCatalogPurchases NumDealsPurchases NumDistPurchases NumStorePurchases
138286        NumWebPurchases NumWebVisitsMonth RFMstat RMntFrq Recency Teenhome
138287     %mend DMDBVar;
138288     *------------------------------------------------------------*;
MPRINT(EM_DIAGRAM):   *------------------------------------------------------------*;
138289     * EM: Create DMDB;
MPRINT(EM_DIAGRAM):   * EM: Create DMDB;
138290     *------------------------------------------------------------*;
MPRINT(EM_DIAGRAM):   *------------------------------------------------------------*;
138291     libname _spdslib SPDE "C:\Users\LUKASF~1\AppData\Local\Temp\SAS Temporary Files\_TD15536_WN7LF-LEAVE_\Prc2";
MPRINT(EM_DIAGRAM):   libname _spdslib SPDE "C:\Users\LUKASF~1\AppData\Local\Temp\SAS Temporary Files\_TD15536_WN7LF-LEAVE_\Prc2";
NOTE: Libref _SPDSLIB was successfully assigned as follows: 
      Engine:        SPDE 
      Physical Name: C:\Users\LUKASF~1\AppData\Local\Temp\SAS Temporary Files\_TD15536_WN7LF-LEAVE_\Prc2\
138292     proc dmdb batch data=EMWS8.Part_TRAIN
138293     dmdbcat=WORK.EM_DMDB
138294     maxlevel = 101
138295     out=_spdslib.EM_DMDB
138296     ;
MPRINT(EM_DIAGRAM):   proc dmdb batch data=EMWS8.Part_TRAIN dmdbcat=WORK.EM_DMDB maxlevel = 101 out=_spdslib.EM_DMDB ;
MPRINT(EM_DIAGRAM):   class
138297     class %DMDBClass;
MPRINT(DMDBCLASS):   AcceptedCmp1(ASC) AcceptedCmp2(ASC) AcceptedCmp3(ASC) AcceptedCmp4(ASC) AcceptedCmp5(ASC) Complain(ASC) DepVar(DESC) Education(ASC) HigherEducationBinary(ASC) Marital_Status(ASC)
MPRINT(EM_DIAGRAM):  ;
MPRINT(EM_DIAGRAM):   var
138298     var %DMDBVar;
MPRINT(DMDBVAR):   AcceptedCmpTotal Age Frq Income Kidhome Mnt MntFishProducts MntFruits MntGoldProds MntMeatProducts MntSweetProducts MntWines MonthsAsCustomer NumCatalogPurchases NumDealsPurchases NumDistPurchases NumStorePurchases NumWebPurchases 
NumWebVisitsMonth RFMstat RMntFrq Recency Teenhome
MPRINT(EM_DIAGRAM):  ;
138299     target
138300     DepVar
138301     ;
MPRINT(EM_DIAGRAM):   target DepVar ;
138302     run;
MPRINT(EM_DIAGRAM):   run;

NOTE: Records processed = 2374   Memory used = 511K.
NOTE: There were 2374 observations read from the data set EMWS8.PART_TRAIN.
NOTE: The data set _SPDSLIB.EM_DMDB has 2374 observations and 33 variables.
NOTE: PROCEDURE DMDB used (Total process time):
      real time           0.01 seconds
      cpu time            0.01 seconds
      

MPRINT(EM_DIAGRAM):   quit;
138303     quit;

138304     *------------------------------------------------------------* ;
MPRINT(EM_DIAGRAM):    *------------------------------------------------------------* ;
138305     * Varsel: Input Variables Macro ;
MPRINT(EM_DIAGRAM):   * Varsel: Input Variables Macro ;
138306     *------------------------------------------------------------* ;
MPRINT(EM_DIAGRAM):   *------------------------------------------------------------* ;
138307     %macro INPUTS;
138308                    ACCEPTEDCMP1 ACCEPTEDCMP2 ACCEPTEDCMP3 ACCEPTEDCMP4 ACCEPTEDCMP5
138309                   AcceptedCmpTotal AGE COMPLAIN EDUCATION FRQ HIGHEREDUCATIONBINARY INCOME
138310                   Kidhome MARITAL_STATUS MNT MNTFISHPRODUCTS MNTFRUITS MNTGOLDPRODS
138311                   MntMeatProducts MNTSWEETPRODUCTS MNTWINES MONTHSASCUSTOMER NUMCATALOGPURCHASES
138312                   NumDealsPurchases NUMDISTPURCHASES NUMSTOREPURCHASES NUMWEBPURCHASES
138313        NumWebVisitsMonth RFMSTAT RMNTFRQ RECENCY TEENHOME
138314     %mend INPUTS;
138315     proc dmine data=_spdslib.EM_DMDB dmdbcat=WORK.EM_DMDB
138316     minr2=0.005 maxrows=3000 stopr2=0.0005 NOAOV16 NOINTER USEGROUPS OUTGROUP=EMWS8.Varsel_OUTGROUP outest=EMWS8.Varsel_OUTESTDMINE outeffect=EMWS8.Varsel_OUTEFFECT outrsquare =EMWS8.Varsel_OUTRSQUARE
138317     NOMONITOR
138318     PSHORT
138319     ;
MPRINT(EM_DIAGRAM):   proc dmine data=_spdslib.EM_DMDB dmdbcat=WORK.EM_DMDB minr2=0.005 maxrows=3000 stopr2=0.0005 NOAOV16 NOINTER USEGROUPS OUTGROUP=EMWS8.Varsel_OUTGROUP outest=EMWS8.Varsel_OUTESTDMINE outeffect=EMWS8.Varsel_OUTEFFECT outrsquare 
=EMWS8.Varsel_OUTRSQUARE NOMONITOR PSHORT ;
MPRINT(EM_DIAGRAM):   var
138320     var %INPUTS;
MPRINT(INPUTS):   ACCEPTEDCMP1 ACCEPTEDCMP2 ACCEPTEDCMP3 ACCEPTEDCMP4 ACCEPTEDCMP5 AcceptedCmpTotal AGE COMPLAIN EDUCATION FRQ HIGHEREDUCATIONBINARY INCOME Kidhome MARITAL_STATUS MNT MNTFISHPRODUCTS MNTFRUITS MNTGOLDPRODS MntMeatProducts MNTSWEETPRODUCTS 
MNTWINES MONTHSASCUSTOMER NUMCATALOGPURCHASES NumDealsPurchases NUMDISTPURCHASES NUMSTOREPURCHASES NUMWEBPURCHASES NumWebVisitsMonth RFMSTAT RMNTFRQ RECENCY TEENHOME
MPRINT(EM_DIAGRAM):  ;
138321     target DepVar;
MPRINT(EM_DIAGRAM):   target DepVar;
138322     code file="C:\\predictive-models-project\Workspaces\EMWS8\Varsel\EMFLOWSCORE.sas";
MPRINT(EM_DIAGRAM):   code file="C:\\predictive-models-project\Workspaces\EMWS8\Varsel\EMFLOWSCORE.sas";
138323     code file="C:\\predictive-models-project\Workspaces\EMWS8\Varsel\EMPUBLISHSCORE.sas";
MPRINT(EM_DIAGRAM):   code file="C:\\predictive-models-project\Workspaces\EMWS8\Varsel\EMPUBLISHSCORE.sas";
138324     run;
MPRINT(EM_DIAGRAM):   run;

NOTE: Checking database engine with sqluse...
NOTE: Number of threads reset to 1 because of fewer partitions.

Initial pass to compute R2s for all targets
2374 records read
NOTE: The full X'X matrix has 31 rows and columns.

Building X'X  for target: DepVar rows=32 memory=0.00 meg.
2374 records read
2374 records read
NOTE: External file C:\\predictive-models-project\Workspaces\EMWS8\Varsel\EMFLOWSCORE.sas opened.
NOTE: External file C:\\predictive-models-project\Workspaces\EMWS8\Varsel\EMPUBLISHSCORE.sas opened.
NOTE: There were 2374 observations read from the data set _SPDSLIB.EM_DMDB.
NOTE: The data set EMWS8.VARSEL_OUTGROUP has 5 observations and 8 variables.
NOTE: The data set EMWS8.VARSEL_OUTESTDMINE has 18 observations and 23 variables.
NOTE: The data set EMWS8.VARSEL_OUTEFFECT has 15 observations and 6 variables.
NOTE: The data set EMWS8.VARSEL_OUTRSQUARE has 57 observations and 4 variables.
NOTE: The PROCEDURE DMINE printed pages 73-78.
NOTE: PROCEDURE DMINE used (Total process time):
      real time           0.01 seconds
      cpu time            0.01 seconds
      

MPRINT(EM_DIAGRAM):   quit;
138325     quit;
138326     proc print data =EMWS8.Varsel_OUTEFFECT;
MPRINT(EM_DIAGRAM):   proc print data =EMWS8.Varsel_OUTEFFECT;

NOTE: There were 15 observations read from the data set EMWS8.VARSEL_OUTEFFECT.
NOTE: The PROCEDURE PRINT printed page 79.
NOTE: PROCEDURE PRINT used (Total process time):
      real time           0.00 seconds
      cpu time            0.00 seconds
      

138327     proc print data =EMWS8.Varsel_OUTRSQUARE;
MPRINT(EM_DIAGRAM):   proc print data =EMWS8.Varsel_OUTRSQUARE;
138328     run;
MPRINT(EM_DIAGRAM):   run;

NOTE: There were 57 observations read from the data set EMWS8.VARSEL_OUTRSQUARE.
NOTE: The PROCEDURE PRINT printed page 80.
NOTE: PROCEDURE PRINT used (Total process time):
      real time           0.01 seconds
      cpu time            0.01 seconds
      

138329     data EMWS8.Varsel_OUTESTDMINE;
MPRINT(EM_DIAGRAM):    data EMWS8.Varsel_OUTESTDMINE;
138330     set EMWS8.Varsel_OUTESTDMINE;
MPRINT(EM_DIAGRAM):   set EMWS8.Varsel_OUTESTDMINE;
138331     _uname_=upcase(_name_);
MPRINT(EM_DIAGRAM):   _uname_=upcase(_name_);
138332     run;
MPRINT(EM_DIAGRAM):   run;

NOTE: There were 18 observations read from the data set EMWS8.VARSEL_OUTESTDMINE.
NOTE: The data set EMWS8.VARSEL_OUTESTDMINE has 18 observations and 24 variables.
NOTE: DATA statement used (Total process time):
      real time           0.00 seconds
      cpu time            0.00 seconds
      

138333     proc sql;
MPRINT(EM_DIAGRAM):    proc sql;
138334     create table _tmpoutgroup as select distinct VARIABLE from EMWS8.Varsel_OUTGROUP where VARTYPE='GROUP';
MPRINT(EM_DIAGRAM):   create table _tmpoutgroup as select distinct VARIABLE from EMWS8.Varsel_OUTGROUP where VARTYPE='GROUP';
NOTE: Table WORK._TMPOUTGROUP created, with 1 rows and 1 columns.

138335     quit;
MPRINT(EM_DIAGRAM):   quit;
NOTE: PROCEDURE SQL used (Total process time):
      real time           0.00 seconds
      cpu time            0.00 seconds
      

MPRINT(EM_DIAGRAM):   run;
138336     run;

TAILEE=========================  applyRsq  Y 
138337     data EMWS8.Varsel_OUTAOV16;
MPRINT(EM_DIAGRAM):    data EMWS8.Varsel_OUTAOV16;
138338     set EMWS8.Varsel_OUTGROUP;
MPRINT(EM_DIAGRAM):   set EMWS8.Varsel_OUTGROUP;
138339     if STRIP(VARTYPE) eq 'AOV16' then output;
MPRINT(EM_DIAGRAM):   if STRIP(VARTYPE) eq 'AOV16' then output;
138340     DROP VARTYPE LEVEL LEVEL2 VARIABLE2;
MPRINT(EM_DIAGRAM):   DROP VARTYPE LEVEL LEVEL2 VARIABLE2;
138341     label NAME= "Name";
MPRINT(EM_DIAGRAM):   label NAME= "Name";
138342     label GROUP = "Group";
MPRINT(EM_DIAGRAM):   label GROUP = "Group";
138343     label VARIABLE = "Variable";
MPRINT(EM_DIAGRAM):   label VARIABLE = "Variable";
138344     label BIN = "Bin Cutoff";
MPRINT(EM_DIAGRAM):   label BIN = "Bin Cutoff";
138345     run;
MPRINT(EM_DIAGRAM):   run;

NOTE: There were 5 observations read from the data set EMWS8.VARSEL_OUTGROUP.
NOTE: The data set EMWS8.VARSEL_OUTAOV16 has 0 observations and 4 variables.
NOTE: DATA statement used (Total process time):
      real time           0.00 seconds
      cpu time            0.00 seconds
      

138346     data EMWS8.Varsel_OUTGINT;
MPRINT(EM_DIAGRAM):   data EMWS8.Varsel_OUTGINT;
138347     set EMWS8.Varsel_OUTGROUP;
MPRINT(EM_DIAGRAM):   set EMWS8.Varsel_OUTGROUP;
138348     if STRIP(VARTYPE) eq 'GINTER' then output;
MPRINT(EM_DIAGRAM):   if STRIP(VARTYPE) eq 'GINTER' then output;
138349     DROP VARTYPE BIN;
MPRINT(EM_DIAGRAM):   DROP VARTYPE BIN;
138350     label NAME= "Name";
MPRINT(EM_DIAGRAM):   label NAME= "Name";
138351     label GROUP = "Group";
MPRINT(EM_DIAGRAM):   label GROUP = "Group";
138352     label VARIABLE = "Variable 1";
MPRINT(EM_DIAGRAM):   label VARIABLE = "Variable 1";
138353     label VARIABLE2 = "Variable 2";
MPRINT(EM_DIAGRAM):   label VARIABLE2 = "Variable 2";
138354     label LEVEL = "Level 1";
MPRINT(EM_DIAGRAM):   label LEVEL = "Level 1";
138355     label LEVEL2 = "Level 2";
MPRINT(EM_DIAGRAM):   label LEVEL2 = "Level 2";
138356     run;
MPRINT(EM_DIAGRAM):   run;

NOTE: There were 5 observations read from the data set EMWS8.VARSEL_OUTGROUP.
NOTE: The data set EMWS8.VARSEL_OUTGINT has 0 observations and 6 variables.
NOTE: DATA statement used (Total process time):
      real time           0.01 seconds
      cpu time            0.01 seconds
      

138357     data EMWS8.Varsel_OUTGVAR;
MPRINT(EM_DIAGRAM):   data EMWS8.Varsel_OUTGVAR;
138358     set EMWS8.Varsel_OUTGROUP;
MPRINT(EM_DIAGRAM):   set EMWS8.Varsel_OUTGROUP;
138359     if STRIP(VARTYPE) eq 'GROUP' then output;
MPRINT(EM_DIAGRAM):   if STRIP(VARTYPE) eq 'GROUP' then output;
138360     DROP VARTYPE BIN VARIABLE2 LEVEL2;
MPRINT(EM_DIAGRAM):   DROP VARTYPE BIN VARIABLE2 LEVEL2;
138361     label NAME= "Name";
MPRINT(EM_DIAGRAM):   label NAME= "Name";
138362     label GROUP = "Group";
MPRINT(EM_DIAGRAM):   label GROUP = "Group";
138363     label VARIABLE = "Variable";
MPRINT(EM_DIAGRAM):   label VARIABLE = "Variable";
138364     label LEVEL = "Level";
MPRINT(EM_DIAGRAM):   label LEVEL = "Level";
138365     run;
MPRINT(EM_DIAGRAM):   run;

NOTE: There were 5 observations read from the data set EMWS8.VARSEL_OUTGROUP.
NOTE: The data set EMWS8.VARSEL_OUTGVAR has 5 observations and 4 variables.
NOTE: DATA statement used (Total process time):
      real time           0.00 seconds
      cpu time            0.00 seconds
      

MPRINT(EM_DIAGRAM):   quit;
138366     quit;

138367     options nonotes nosource;
MPRINT(EM_DIAGRAM):    options nonotes nosource;
MPRINT(EM_DIAGRAM):   data _null_;
MPRINT(EM_DIAGRAM):   file print;
MPRINT(EM_DIAGRAM):   put ' ';
MPRINT(EM_DIAGRAM):   put '-------------------------------------------------------------------';
MPRINT(EM_DIAGRAM):   put "Summary of Variable Selection from Training";
MPRINT(EM_DIAGRAM):   put '-------------------------------------------------------------------';
MPRINT(EM_DIAGRAM):   put ' ';
MPRINT(EM_DIAGRAM):   put ' ';
MPRINT(EM_DIAGRAM):   put "Target Name : DepVar";
MPRINT(EM_DIAGRAM):   put "Target Level : BINARY";
MPRINT(EM_DIAGRAM):   put "Variable Selection Model : R-Square";
MPRINT(EM_DIAGRAM):   put '  ';
MPRINT(EM_DIAGRAM):   put "Total number of inputs : 33";
MPRINT(EM_DIAGRAM):   put "Total number of used inputs : 32";
MPRINT(EM_DIAGRAM):   put "Total number of unused inputs : 1";
MPRINT(EM_DIAGRAM):   put "Total number of rejected inputs : 20";
MPRINT(EM_DIAGRAM):   put ' ';
MPRINT(EM_DIAGRAM):   put "Maximum missing percentage : 50";
MPRINT(EM_DIAGRAM):   put "NOTE: There is no rejected variable by maximum missing percentage";
MPRINT(EM_DIAGRAM):   put ' ';
MPRINT(EM_DIAGRAM):   put "Maximum class level : 100";
MPRINT(EM_DIAGRAM):   put "NOTE:There is no rejected variable by maximum class level";
MPRINT(EM_DIAGRAM):   put ' ';
MPRINT(EM_DIAGRAM):   put "NOTE: 1 variable has been rejected by unused variable rejection option";
MPRINT(EM_DIAGRAM):   put "NOTE: 1 group variable has been created";
MPRINT(EM_DIAGRAM):   options notes source;
MPRINT(EM_DIAGRAM):   run;
138394     run;

NOTE: 16 lines were written to file PRINT.
NOTE: The DATA step printed page 81.
NOTE: DATA statement used (Total process time):
      real time           0.00 seconds
      cpu time            0.00 seconds
      

138395     data EMWS8.Varsel_RESULTEDVARS;
MPRINT(EM_DIAGRAM):    data EMWS8.Varsel_RESULTEDVARS;
138396     run;
MPRINT(EM_DIAGRAM):   run;

NOTE: The data set EMWS8.VARSEL_RESULTEDVARS has 1 observations and 0 variables.
NOTE: DATA statement used (Total process time):
      real time           0.00 seconds
      cpu time            0.00 seconds
      

138397     libname _spdslib;
MPRINT(EM_DIAGRAM):    libname _spdslib;
NOTE: Libref _SPDSLIB has been deassigned.
138398     *;
MPRINT(EM_DIAGRAM):    *;
138399     data EMWS8.Varsel_EMSCOREVAR;
MPRINT(EM_DIAGRAM):   data EMWS8.Varsel_EMSCOREVAR;
138400     length Name $32 formula $70 file $200;
MPRINT(EM_DIAGRAM):   length Name $32 formula $70 file $200;
138401     keep NAME Formula file;
MPRINT(EM_DIAGRAM):   keep NAME Formula file;
138402     name = "G_Marital_Status";
MPRINT(EM_DIAGRAM):   name = "G_Marital_Status";
138403     file="VARSELCODE\G_Marital_Status.sas";
MPRINT(EM_DIAGRAM):   file="VARSELCODE\G_Marital_Status.sas";
138404     output;
MPRINT(EM_DIAGRAM):   output;
138405     run;
MPRINT(EM_DIAGRAM):   run;

NOTE: Variable formula is uninitialized.
NOTE: The data set EMWS8.VARSEL_EMSCOREVAR has 1 observations and 3 variables.
NOTE: DATA statement used (Total process time):
      real time           0.00 seconds
      cpu time            0.00 seconds
      

MPRINT(EM_DIAGRAM):    proc printto;
MPRINT(EM_DIAGRAM):   run;
