 
                                                                                               
 
 
Fit Statistics

Target=DepVar Target Label=DepVar

   Fit
Statistics    Statistics Label                     Train    Validation

 _ASE_        Average Squared Error                 0.01         0.03 
 _DIV_        Divisor for ASE                    4748.00      2036.00 
 _MAX_        Maximum Absolute Error                0.98         0.99 
 _NOBS_       Sum of Frequencies                 2374.00      1018.00 
 _RASE_       Root Average Squared Error            0.11         0.16 
 _SSE_        Sum of Squared Errors                62.49        55.15 
 _DISF_       Frequency of Classified Cases      2374.00      1018.00 
 _MISC_       Misclassification Rate                0.02         0.04 
 _WRONG_      Number of Wrong Classifications      38.00        36.00 
 
                                                                                               
 
 
Classification Table

Data Role=TRAIN Target Variable=DepVar Target Label=DepVar

                       Target        Outcome     Frequency       Total
Target    Outcome    Percentage    Percentage      Count      Percentage

  0          0         98.7186       99.4045        2003        84.3724 
  1          0          1.2814        7.2423          26         1.0952 
  0          1          3.4783        0.5955          12         0.5055 
  1          1         96.5217       92.7577         333        14.0270 


Data Role=VALIDATE Target Variable=DepVar Target Label=DepVar

                       Target        Outcome     Frequency       Total
Target    Outcome    Percentage    Percentage      Count      Percentage

  0          0         97.4742       98.3778        849         83.3988 
  1          0          2.5258       14.1935         22          2.1611 
  0          1          9.5238        1.6222         14          1.3752 
  1          1         90.4762       85.8065        133         13.0648 
 
                                                                                               
 
 
Event Classification Table

Data Role=TRAIN Target=DepVar Target Label=DepVar

  False       True        False       True
Negative    Negative    Positive    Positive

   26         2003         12          333  


Data Role=VALIDATE Target=DepVar Target Label=DepVar

  False       True        False       True
Negative    Negative    Positive    Positive

   22          849         14          133  
 
                                                                                               
 
 
Assessment Score Rankings

Data Role=TRAIN Target Variable=DepVar Target Label=DepVar

                                                                                    Mean
                            Cumulative       %      Cumulative     Number of     Posterior
Depth      Gain     Lift       Lift      Response   % Response   Observations   Probability

   5    561.281   6.61281     6.61281     100.000     100.000         119         0.99586  
  10    561.281   6.61281     6.61281     100.000     100.000         119         0.94882  
  15    527.939   5.61256     6.27939      84.874      94.958         119         0.75592  
  20    391.436   0.78457     4.91436      11.864      74.316         118         0.17528  
  25    298.550   0.27785     3.98550       4.202      60.269         119         0.06829  
  30    232.032   0.00000     3.32032       0.000      50.210         119         0.02848  
  35    185.680   0.05604     2.85680       0.847      43.201         118         0.01278  
  40    149.895   0.00000     2.49895       0.000      37.789         119         0.00701  
  45    122.077   0.00000     2.22077       0.000      33.583         119         0.00395  
  50    100.000   0.00000     2.00000       0.000      30.244         118         0.00227  
  55     81.776   0.00000     1.81776       0.000      27.489         119         0.00139  
  60     66.596   0.00000     1.66596       0.000      25.193         119         0.00089  
  65     53.756   0.00000     1.53756       0.000      23.251         119         0.00061  
  70     42.840   0.00000     1.42840       0.000      21.600         118         0.00047  
  75     33.296   0.00000     1.33296       0.000      20.157         119         0.00037  
  80     24.947   0.00000     1.24947       0.000      18.895         119         0.00029  
  85     17.641   0.00000     1.17641       0.000      17.790         118         0.00023  
  90     11.090   0.00000     1.11090       0.000      16.799         119         0.00018  
  95      5.230   0.00000     1.05230       0.000      15.913         119         0.00013  
 100      0.000   0.00000     1.00000       0.000      15.122         118         0.00007  


Data Role=VALIDATE Target Variable=DepVar Target Label=DepVar

                                                                                    Mean
                            Cumulative       %      Cumulative     Number of     Posterior
Depth      Gain     Lift       Lift      Response   % Response   Observations   Probability

   5    556.774   6.56774     6.56774     100.000     100.000         51          0.99537  
  10    550.335   6.43896     6.50335      98.039      99.020         51          0.94014  
  15    479.507   4.37849     5.79507      66.667      88.235         51          0.72288  
  20    382.922   1.93169     4.82922      29.412      73.529         51          0.18171  
  25    291.489   0.25756     3.91489       3.922      59.608         51          0.06893  
  30    228.387   0.12878     3.28387       1.961      50.000         51          0.03264  
  35    185.154   0.25756     2.85154       3.922      43.417         51          0.01453  
  40    149.510   0.00000     2.49510       0.000      37.990         51          0.00752  
  45    121.786   0.00000     2.21786       0.000      33.769         51          0.00433  
  50    100.000   0.00000     2.00000       0.000      30.452         50          0.00245  
  55     81.786   0.00000     1.81786       0.000      27.679         51          0.00147  
  60     66.612   0.00000     1.66612       0.000      25.368         51          0.00095  
  65     53.776   0.00000     1.53776       0.000      23.414         51          0.00064  
  70     42.777   0.00000     1.42777       0.000      21.739         51          0.00047  
  75     33.246   0.00000     1.33246       0.000      20.288         51          0.00036  
  80     24.908   0.00000     1.24908       0.000      19.018         51          0.00030  
  85     17.552   0.00000     1.17552       0.000      17.898         51          0.00024  
  90     11.014   0.00000     1.11014       0.000      16.903         51          0.00019  
  95      5.165   0.00000     1.05165       0.000      16.012         51          0.00014  
 100      0.000   0.00000     1.00000       0.000      15.226         50          0.00008  
 
                                                                                               
 
 
Assessment Score Distribution

Data Role=TRAIN Target Variable=DepVar Target Label=DepVar

 Posterior     Number                     Mean
Probability      of      Number of     Posterior
   Range       Events    Nonevents    Probability    Percentage

 0.95-1.00       185           0        0.98655         7.7928 
 0.90-0.95        52           0        0.92321         2.1904 
 0.85-0.90        39           0        0.87366         1.6428 
 0.80-0.85        26           1        0.82448         1.1373 
 0.75-0.80        16           0        0.77187         0.6740 
 0.70-0.75        12           5        0.72574         0.7161 
 0.65-0.70         2           3        0.67354         0.2106 
 0.60-0.65         1           2        0.63261         0.1264 
 0.55-0.60         0           1        0.58955         0.0421 
 0.40-0.45         1           0        0.41507         0.0421 
 0.35-0.40         1           1        0.39518         0.0842 
 0.30-0.35         3           2        0.32359         0.2106 
 0.25-0.30         2          11        0.27238         0.5476 
 0.20-0.25         6          23        0.22363         1.2216 
 0.15-0.20         4          29        0.17427         1.3901 
 0.10-0.15         4          51        0.12517         2.3168 
 0.05-0.10         2          87        0.07071         3.7489 
 0.00-0.05         3        1799        0.00445        75.9056 


Data Role=VALIDATE Target Variable=DepVar Target Label=DepVar

 Posterior     Number                     Mean
Probability      of      Number of     Posterior
   Range       Events    Nonevents    Probability    Percentage

 0.95-1.00       71           0         0.98775         6.9745 
 0.90-0.95       26           1         0.92618         2.6523 
 0.85-0.90        8           2         0.87583         0.9823 
 0.80-0.85        9           2         0.82261         1.0806 
 0.75-0.80       12           4         0.77520         1.5717 
 0.70-0.75        3           1         0.73153         0.3929 
 0.65-0.70        3           3         0.68193         0.5894 
 0.60-0.65        1           1         0.64805         0.1965 
 0.35-0.40        0           1         0.39328         0.0982 
 0.30-0.35        1           1         0.32006         0.1965 
 0.25-0.30        2           4         0.28200         0.5894 
 0.20-0.25        7           8         0.23068         1.4735 
 0.15-0.20        3          15         0.17261         1.7682 
 0.10-0.15        4          15         0.12163         1.8664 
 0.05-0.10        2          37         0.06969         3.8310 
 0.00-0.05        3         768         0.00487        75.7367 
