 
                                                                                               
 
 
Fit Statistics

Target=DepVar Target Label=DepVar

   Fit
Statistics    Statistics Label                     Train    Validation

 _DFT_        Total Degrees of Freedom           2374.00          .   
 _DFE_        Degrees of Freedom for Error       2293.00          .   
 _DFM_        Model Degrees of Freedom             81.00          .   
 _NW_         Number of Estimated Weights          81.00          .   
 _AIC_        Akaike's Information Criterion      540.88          .   
 _SBC_        Schwarz's Bayesian Criterion       1008.44          .   
 _ASE_        Average Squared Error                 0.02         0.03 
 _MAX_        Maximum Absolute Error                1.00         1.00 
 _DIV_        Divisor for ASE                    4748.00      2036.00 
 _NOBS_       Sum of Frequencies                 2374.00      1018.00 
 _RASE_       Root Average Squared Error            0.15         0.18 
 _SSE_        Sum of Squared Errors               110.94        68.50 
 _SUMW_       Sum of Case Weights Times Freq     4748.00      2036.00 
 _FPE_        Final Prediction Error                0.03          .   
 _MSE_        Mean Squared Error                    0.02         0.03 
 _RFPE_       Root Final Prediction Error           0.16          .   
 _RMSE_       Root Mean Squared Error               0.16         0.18 
 _AVERR_      Average Error Function                0.08         0.12 
 _ERR_        Error Function                      378.88       242.16 
 _MISC_       Misclassification Rate                0.03         0.05 
 _WRONG_      Number of Wrong Classifications      71.00        48.00 
 
                                                                                               
 
 
Classification Table

Data Role=TRAIN Target Variable=DepVar Target Label=DepVar

                       Target        Outcome     Frequency       Total
Target    Outcome    Percentage    Percentage      Count      Percentage

  0          0         97.9763       98.5112        1985        83.6142 
  1          0          2.0237       11.4206          41         1.7270 
  0          1          8.6207        1.4888          30         1.2637 
  1          1         91.3793       88.5794         318        13.3951 


Data Role=VALIDATE Target Variable=DepVar Target Label=DepVar

                       Target        Outcome     Frequency       Total
Target    Outcome    Percentage    Percentage      Count      Percentage

  0          0         97.0012       97.4508        841         82.6130 
  1          0          2.9988       16.7742         26          2.5540 
  0          1         14.5695        2.5492         22          2.1611 
  1          1         85.4305       83.2258        129         12.6719 
 
                                                                                               
 
 
Event Classification Table

Data Role=TRAIN Target=DepVar Target Label=DepVar

  False       True        False       True
Negative    Negative    Positive    Positive

   41         1985         30          318  


Data Role=VALIDATE Target=DepVar Target Label=DepVar

  False       True        False       True
Negative    Negative    Positive    Positive

   26          841         22          129  
 
                                                                                               
 
 
Assessment Score Rankings

Data Role=TRAIN Target Variable=DepVar Target Label=DepVar

                                                                                    Mean
                            Cumulative       %      Cumulative     Number of     Posterior
Depth      Gain     Lift       Lift      Response   % Response   Observations   Probability

   5    555.724   6.55724     6.55724     99.1597     99.1597         119         0.99949  
  10    547.389   6.39053     6.47389     96.6387     97.8992         119         0.96878  
  15    492.745   4.83458     5.92745     73.1092     89.6359         119         0.68626  
  20    390.044   1.79331     4.90044     27.1186     74.1053         118         0.26303  
  25    295.210   0.16671     3.95210      2.5210     59.7643         119         0.06874  
  30    232.032   0.16671     3.32032      2.5210     50.2104         119         0.02042  
  35    184.884   0.00000     2.84884      0.0000     43.0806         118         0.00727  
  40    149.895   0.05557     2.49895      0.8403     37.7895         119         0.00280  
  45    122.077   0.00000     2.22077      0.0000     33.5828         119         0.00116  
  50    100.000   0.00000     2.00000      0.0000     30.2443         118         0.00055  
  55     81.776   0.00000     1.81776      0.0000     27.4885         119         0.00024  
  60     66.596   0.00000     1.66596      0.0000     25.1930         119         0.00010  
  65     53.756   0.00000     1.53756      0.0000     23.2513         119         0.00004  
  70     42.840   0.00000     1.42840      0.0000     21.6005         118         0.00001  
  75     33.296   0.00000     1.33296      0.0000     20.1572         119         0.00000  
  80     24.947   0.00000     1.24947      0.0000     18.8947         119         0.00000  
  85     17.641   0.00000     1.17641      0.0000     17.7899         118         0.00000  
  90     11.090   0.00000     1.11090      0.0000     16.7993         119         0.00000  
  95      5.230   0.00000     1.05230      0.0000     15.9131         119         0.00000  
 100      0.000   0.00000     1.00000      0.0000     15.1222         118         0.00000  


Data Role=VALIDATE Target Variable=DepVar Target Label=DepVar

                                                                                    Mean
                            Cumulative       %      Cumulative     Number of     Posterior
Depth      Gain     Lift       Lift      Response   % Response   Observations   Probability

   5    556.774   6.56774     6.56774     100.000     100.000         51          0.99949  
  10    531.018   6.05262     6.31018      92.157      96.078         51          0.97522  
  15    462.336   4.24972     5.62336      64.706      85.621         51          0.69125  
  20    373.264   2.06047     4.73264      31.373      72.059         51          0.30241  
  25    288.913   0.51512     3.88913       7.843      59.216         51          0.07573  
  30    228.387   0.25756     3.28387       3.922      50.000         51          0.02154  
  35    183.314   0.12878     2.83314       1.961      43.137         51          0.00770  
  40    149.510   0.12878     2.49510       1.961      37.990         51          0.00304  
  45    121.786   0.00000     2.21786       0.000      33.769         51          0.00104  
  50    100.000   0.00000     2.00000       0.000      30.452         50          0.00042  
  55     81.786   0.00000     1.81786       0.000      27.679         51          0.00014  
  60     66.612   0.00000     1.66612       0.000      25.368         51          0.00005  
  65     53.776   0.00000     1.53776       0.000      23.414         51          0.00002  
  70     42.777   0.00000     1.42777       0.000      21.739         51          0.00001  
  75     33.246   0.00000     1.33246       0.000      20.288         51          0.00000  
  80     24.908   0.00000     1.24908       0.000      19.018         51          0.00000  
  85     17.552   0.00000     1.17552       0.000      17.898         51          0.00000  
  90     11.014   0.00000     1.11014       0.000      16.903         51          0.00000  
  95      5.165   0.00000     1.05165       0.000      16.012         51          0.00000  
 100      0.000   0.00000     1.00000       0.000      15.226         50          0.00000  
 
                                                                                               
 
 
Assessment Score Distribution

Data Role=TRAIN Target Variable=DepVar Target Label=DepVar

 Posterior     Number                     Mean
Probability      of      Number of     Posterior
   Range       Events    Nonevents    Probability    Percentage

 0.95-1.00       206           3        0.99270         8.8037 
 0.90-0.95        24           2        0.92543         1.0952 
 0.85-0.90        21           0        0.87813         0.8846 
 0.80-0.85        11           1        0.83157         0.5055 
 0.75-0.80         8           5        0.77924         0.5476 
 0.70-0.75         9           2        0.72617         0.4634 
 0.65-0.70         6           5        0.67483         0.4634 
 0.60-0.65        13           5        0.62964         0.7582 
 0.55-0.60         7           3        0.57487         0.4212 
 0.50-0.55        13           4        0.52680         0.7161 
 0.45-0.50         2          11        0.47722         0.5476 
 0.40-0.45         8           8        0.42660         0.6740 
 0.35-0.40         2           7        0.37593         0.3791 
 0.30-0.35         7           6        0.32235         0.5476 
 0.25-0.30         6           6        0.28127         0.5055 
 0.20-0.25         3          20        0.22186         0.9688 
 0.15-0.20         3          17        0.17678         0.8425 
 0.10-0.15         3          42        0.11945         1.8955 
 0.05-0.10         1          52        0.07208         2.2325 
 0.00-0.05         6        1816        0.00309        76.7481 


Data Role=VALIDATE Target Variable=DepVar Target Label=DepVar

 Posterior     Number                     Mean
Probability      of      Number of     Posterior
   Range       Events    Nonevents    Probability    Percentage

 0.95-1.00       92           4         0.99119         9.4303 
 0.90-0.95        7           0         0.92350         0.6876 
 0.85-0.90        5           3         0.87925         0.7859 
 0.80-0.85        1           1         0.83519         0.1965 
 0.75-0.80        4           1         0.76651         0.4912 
 0.70-0.75        7           3         0.72316         0.9823 
 0.65-0.70        2           3         0.67283         0.4912 
 0.60-0.65        3           3         0.61500         0.5894 
 0.55-0.60        2           2         0.57731         0.3929 
 0.50-0.55        6           2         0.53228         0.7859 
 0.45-0.50        4           3         0.46694         0.6876 
 0.40-0.45        3           2         0.42815         0.4912 
 0.35-0.40        3           4         0.38288         0.6876 
 0.30-0.35        4           4         0.32786         0.7859 
 0.25-0.30        2           7         0.26981         0.8841 
 0.20-0.25        1           8         0.22378         0.8841 
 0.15-0.20        1           3         0.16100         0.3929 
 0.10-0.15        1          14         0.12192         1.4735 
 0.05-0.10        2          29         0.07146         3.0452 
 0.00-0.05        5         767         0.00276        75.8350 
