MPRINT(EM_DIAGRAM):    data _null_;
MPRINT(EM_DIAGRAM):   call symput('NLDATE', strip(put(date(), NLDATE.)));
MPRINT(EM_DIAGRAM):   call symput('NLTIME', strip(put(datetime(), NLTIME.)));
MPRINT(EM_DIAGRAM):   run;
MPRINT(EM_DIAGRAM):   data _null_;
MPRINT(EM_DIAGRAM):   nldate= sasmsg("sashelp.dmine", "log_date_note", 'N', "10 de Março de 2016" );
MPRINT(EM_DIAGRAM):   nltime= sasmsg("sashelp.dmine", "log_time_note", 'N', "12H18m" );
MPRINT(EM_DIAGRAM):   put "*------------------------------------------------------------*";
MPRINT(EM_DIAGRAM):   put "* Report Log";
MPRINT(EM_DIAGRAM):   put nldate;
MPRINT(EM_DIAGRAM):   put nltime;
MPRINT(EM_DIAGRAM):   put "*------------------------------------------------------------*";
MPRINT(EM_DIAGRAM):   run;
*------------------------------------------------------------*
* Report Log
Date:                10 de Março de 2016
Time:                12H18m
*------------------------------------------------------------*
MPRINT(EM_DIAGRAM):    filename O3BXKS5B "E:\DataMining_EMProjects\Tugas\Workspaces\EMWS8\Trans\EMREPORT.out" encoding="UTF-8" NOBOM;
MPRINT(EM_DIAGRAM):   proc printto print=O3BXKS5B new;
MPRINT(EM_DIAGRAM):   run;
28135      *------------------------------------------------------------*;
MPRINT(EM_DIAGRAM):    *------------------------------------------------------------*;
28136      * &msgString;
MPRINT(EM_DIAGRAM):   * &msgString;
28137      *------------------------------------------------------------*;
MPRINT(EM_DIAGRAM):   *------------------------------------------------------------*;
28138      filename _flowref "E:\DataMining_EMProjects\Tugas\Workspaces\EMWS8\Trans\EMFLOWSCORE.sas";
MPRINT(EM_DIAGRAM):   filename _flowref "E:\DataMining_EMProjects\Tugas\Workspaces\EMWS8\Trans\EMFLOWSCORE.sas";
28139      proc FCMP NOEXECUTE IMPUTEDDEPS OUTDEPS=WORK.TRANS_SCOREINPUTS;
MPRINT(EM_DIAGRAM):   proc FCMP NOEXECUTE IMPUTEDDEPS OUTDEPS=WORK.TRANS_SCOREINPUTS;
28140      %INCLUDE _flowref;
NOTE: %INCLUDE (level 1) file _FLOWREF is file E:\DataMining_EMProjects\Tugas\Workspaces\EMWS8\Trans\EMFLOWSCORE.sas.
28141     +*------------------------------------------------------------*;
MPRINT(EM_DIAGRAM):   *------------------------------------------------------------*;
28142     +* Formula Code;
MPRINT(EM_DIAGRAM):   * Formula Code;
28143     +*------------------------------------------------------------*;
MPRINT(EM_DIAGRAM):   *------------------------------------------------------------*;
28144     +RMntFrq_Exmpl2 =Mnt / Frq ;
MPRINT(EM_DIAGRAM):   RMntFrq_Exmpl2 =Mnt / Frq ;
28145     +Age_Exmpl2 =year(today())-Year_Birth ;
MPRINT(EM_DIAGRAM):   Age_Exmpl2 =year(today())-Year_Birth ;
28146     +MonthsAsCustomer =int((today()-Dt_Customer)/12) ;
MPRINT(EM_DIAGRAM):   MonthsAsCustomer =int((today()-Dt_Customer)/12) ;
NOTE: %INCLUDE (level 1) ending.
MPRINT(EM_DIAGRAM):   run;
28147      run;

NOTE: Dependency structure written to data set WORK.TRANS_SCOREINPUTS.
NOTE: PROCEDURE FCMP used (Total process time):
      real time           0.03 seconds
      cpu time            0.01 seconds
      

MPRINT(EM_DIAGRAM):   quit;
28148      quit;
28149      data WORK.TRANS_SCOREINPUTS;
MPRINT(EM_DIAGRAM):   data WORK.TRANS_SCOREINPUTS;
28150      set WORK.TRANS_SCOREINPUTS(keep=RHS rename=(RHS=NAME));
MPRINT(EM_DIAGRAM):   set WORK.TRANS_SCOREINPUTS(keep=RHS rename=(RHS=NAME));
28151      length UNAME $32;
MPRINT(EM_DIAGRAM):   length UNAME $32;
28152      UNAME = upcase(NAME);
MPRINT(EM_DIAGRAM):   UNAME = upcase(NAME);
28153      run;
MPRINT(EM_DIAGRAM):   run;

NOTE: There were 4 observations read from the data set WORK.TRANS_SCOREINPUTS.
NOTE: The data set WORK.TRANS_SCOREINPUTS has 4 observations and 2 variables.
NOTE: DATA statement used (Total process time):
      real time           0.01 seconds
      cpu time            0.00 seconds
      

28154      proc sort data=WORK.TRANS_SCOREINPUTS NODUPKEY;
MPRINT(EM_DIAGRAM):   proc sort data=WORK.TRANS_SCOREINPUTS NODUPKEY;
28155      by UNAME;
MPRINT(EM_DIAGRAM):   by UNAME;
28156      run;
MPRINT(EM_DIAGRAM):   run;

NOTE: There were 4 observations read from the data set WORK.TRANS_SCOREINPUTS.
NOTE: 0 observations with duplicate key values were deleted.
NOTE: The data set WORK.TRANS_SCOREINPUTS has 4 observations and 2 variables.
NOTE: PROCEDURE SORT used (Total process time):
      real time           0.00 seconds
      cpu time            0.00 seconds
      

28157      filename _flowref;
MPRINT(EM_DIAGRAM):   filename _flowref;
NOTE: Fileref _FLOWREF has been deassigned.
28158      %let SYSCC = 0;
28159      *------------------------------------------------------------*;
MPRINT(EM_DIAGRAM):    *------------------------------------------------------------*;
28160      * transformcombinevariables;
MPRINT(EM_DIAGRAM):   * transformcombinevariables;
28161      *------------------------------------------------------------*;
MPRINT(EM_DIAGRAM):   *------------------------------------------------------------*;
28162      data WORK.TRANS_OUTPUTVARS;
MPRINT(EM_DIAGRAM):   data WORK.TRANS_OUTPUTVARS;
28163      length Uname inputName $32 inputLevel $10 inputType $1 _MetaFlag 8;
MPRINT(EM_DIAGRAM):   length Uname inputName $32 inputLevel $10 inputType $1 _MetaFlag 8;
28164      set
28165      EMWS8.Trans_FORMULA
28166      ;
MPRINT(EM_DIAGRAM):   set EMWS8.Trans_FORMULA ;
28167      _MetaFlag=0;
MPRINT(EM_DIAGRAM):   _MetaFlag=0;
28168      uname = upcase(name);
MPRINT(EM_DIAGRAM):   uname = upcase(name);
28169      run;
MPRINT(EM_DIAGRAM):   run;

NOTE: Variable inputName is uninitialized.
NOTE: Variable inputLevel is uninitialized.
NOTE: Variable inputType is uninitialized.
NOTE: There were 3 observations read from the data set EMWS8.TRANS_FORMULA.
NOTE: The data set WORK.TRANS_OUTPUTVARS has 3 observations and 22 variables.
NOTE: DATA statement used (Total process time):
      real time           0.01 seconds
      cpu time            0.00 seconds
      

28170      data _temp;
MPRINT(EM_DIAGRAM):    data _temp;
28171      length UNAME $32;
MPRINT(EM_DIAGRAM):   length UNAME $32;
28172      set EMWS8.Trans_CMeta_TRAIN(keep=NAME LEVEL ROLE TYPE CREATOR LABEL);
MPRINT(EM_DIAGRAM):   set EMWS8.Trans_CMeta_TRAIN(keep=NAME LEVEL ROLE TYPE CREATOR LABEL);
28173      UNAME = upcase(name);
MPRINT(EM_DIAGRAM):   UNAME = upcase(name);
28174      where upcase(CREATOR) = upcase("Trans");
MPRINT(EM_DIAGRAM):   where upcase(CREATOR) = upcase("Trans");
28175      run;
MPRINT(EM_DIAGRAM):   run;

NOTE: There were 3 observations read from the data set EMWS8.TRANS_CMETA_TRAIN.
      WHERE UPCASE(CREATOR)='TRANS';
NOTE: The data set WORK._TEMP has 3 observations and 7 variables.
NOTE: DATA statement used (Total process time):
      real time           0.01 seconds
      cpu time            0.00 seconds
      

28176      proc sort data=_temp(drop=CREATOR);
MPRINT(EM_DIAGRAM):   proc sort data=_temp(drop=CREATOR);
28177      by UNAME;
MPRINT(EM_DIAGRAM):   by UNAME;
28178      run;
MPRINT(EM_DIAGRAM):   run;

NOTE: There were 3 observations read from the data set WORK._TEMP.
NOTE: The data set WORK._TEMP has 3 observations and 6 variables.
NOTE: PROCEDURE SORT used (Total process time):
      real time           0.01 seconds
      cpu time            0.00 seconds
      

28179      proc sort data=WORK.TRANS_OUTPUTVARS;
MPRINT(EM_DIAGRAM):    proc sort data=WORK.TRANS_OUTPUTVARS;
28180      by UNAME;
MPRINT(EM_DIAGRAM):   by UNAME;
28181      run;
MPRINT(EM_DIAGRAM):   run;

NOTE: There were 3 observations read from the data set WORK.TRANS_OUTPUTVARS.
NOTE: The data set WORK.TRANS_OUTPUTVARS has 3 observations and 22 variables.
NOTE: PROCEDURE SORT used (Total process time):
      real time           0.00 seconds
      cpu time            0.00 seconds
      

28182      data WORK.TRANS_OUTPUTVARS;
MPRINT(EM_DIAGRAM):   data WORK.TRANS_OUTPUTVARS;
28183      merge WORK.TRANS_OUTPUTVARS _temp;
MPRINT(EM_DIAGRAM):   merge WORK.TRANS_OUTPUTVARS _temp;
28184      by UNAME;
MPRINT(EM_DIAGRAM):   by UNAME;
28185      run;
MPRINT(EM_DIAGRAM):   run;

NOTE: There were 3 observations read from the data set WORK.TRANS_OUTPUTVARS.
NOTE: There were 3 observations read from the data set WORK._TEMP.
NOTE: The data set WORK.TRANS_OUTPUTVARS has 3 observations and 22 variables.
NOTE: DATA statement used (Total process time):
      real time           0.01 seconds
      cpu time            0.01 seconds
      

28186      *------------------------------------------------------------*;
MPRINT(EM_DIAGRAM):    *------------------------------------------------------------*;
28187      * Trans: Get Metadata for the Score Inputs Variables;
MPRINT(EM_DIAGRAM):   * Trans: Get Metadata for the Score Inputs Variables;
28188      *------------------------------------------------------------*;
MPRINT(EM_DIAGRAM):   *------------------------------------------------------------*;
28189      data _temp;
MPRINT(EM_DIAGRAM):   data _temp;
28190      length UNAME $32;
MPRINT(EM_DIAGRAM):   length UNAME $32;
28191      set EMWS8.Trans_VariableSet(keep=NAME LEVEL TYPE LABEL);
MPRINT(EM_DIAGRAM):   set EMWS8.Trans_VariableSet(keep=NAME LEVEL TYPE LABEL);
28192      UNAME = upcase(name);
MPRINT(EM_DIAGRAM):   UNAME = upcase(name);
28193      run;
MPRINT(EM_DIAGRAM):   run;

NOTE: There were 22 observations read from the data set EMWS8.TRANS_VARIABLESET.
NOTE: The data set WORK._TEMP has 22 observations and 5 variables.
NOTE: DATA statement used (Total process time):
      real time           0.01 seconds
      cpu time            0.00 seconds
      

28194      proc sort data=_temp;
MPRINT(EM_DIAGRAM):   proc sort data=_temp;
28195      by UNAME;
MPRINT(EM_DIAGRAM):   by UNAME;
28196      run;
MPRINT(EM_DIAGRAM):   run;

NOTE: There were 22 observations read from the data set WORK._TEMP.
NOTE: The data set WORK._TEMP has 22 observations and 5 variables.
NOTE: PROCEDURE SORT used (Total process time):
      real time           0.00 seconds
      cpu time            0.00 seconds
      

28197      data WORK.TRANS_SCOREINPUTS;
MPRINT(EM_DIAGRAM):   data WORK.TRANS_SCOREINPUTS;
28198      merge WORK.TRANS_SCOREINPUTS(in=_a) _temp(in=_b);
MPRINT(EM_DIAGRAM):   merge WORK.TRANS_SCOREINPUTS(in=_a) _temp(in=_b);
28199      by UNAME;
MPRINT(EM_DIAGRAM):   by UNAME;
28200      if _a and _b then output;
MPRINT(EM_DIAGRAM):   if _a and _b then output;
28201      run;
MPRINT(EM_DIAGRAM):   run;

NOTE: There were 4 observations read from the data set WORK.TRANS_SCOREINPUTS.
NOTE: There were 22 observations read from the data set WORK._TEMP.
NOTE: The data set WORK.TRANS_SCOREINPUTS has 4 observations and 5 variables.
NOTE: DATA statement used (Total process time):
      real time           0.01 seconds
      cpu time            0.01 seconds
      

28202      *------------------------------------------------------------*;
MPRINT(EM_DIAGRAM):    *------------------------------------------------------------*;
28203      * Trans: Computing Summary Statistics;
MPRINT(EM_DIAGRAM):   * Trans: Computing Summary Statistics;
28204      *------------------------------------------------------------*;
MPRINT(EM_DIAGRAM):   *------------------------------------------------------------*;
28205      proc dmdb data=EMWS8.Trans_TRAIN classout=WORK.TRANS_CLASSSTATS varout=WORK.TRANS_VARSTATS;
MPRINT(EM_DIAGRAM):   proc dmdb data=EMWS8.Trans_TRAIN classout=WORK.TRANS_CLASSSTATS varout=WORK.TRANS_VARSTATS;
28206      ;
MPRINT(EM_DIAGRAM):   ;
28207      var
28208      Dt_Customer
28209      Frq
28210      Mnt
28211      Year_Birth
28212      Age_Exmpl2
28213      MonthsAsCustomer
28214      RMntFrq_Exmpl2
28215      ;
MPRINT(EM_DIAGRAM):   var Dt_Customer Frq Mnt Year_Birth Age_Exmpl2 MonthsAsCustomer RMntFrq_Exmpl2 ;
28216      run;
MPRINT(EM_DIAGRAM):   run;

NOTE: Records processed = 2332   Memory used = 511K.
NOTE: View EMWS8.TRANS_TRAIN.VIEW used (Total process time):
      real time           0.03 seconds
      cpu time            0.01 seconds
      
NOTE: There were 2332 observations read from the data set EMWS8.EMCODE4_TRAIN.
NOTE: There were 2332 observations read from the data set EMWS8.TRANS_TRAIN.
NOTE: The data set WORK.TRANS_VARSTATS has 7 observations and 9 variables.
NOTE: PROCEDURE DMDB used (Total process time):
      real time           0.04 seconds
      cpu time            0.03 seconds
      

28217      *------------------------------------------------------------*;
MPRINT(EM_DIAGRAM):    *------------------------------------------------------------*;
28218      * Trans: Combine Information and Statistics for Class Variables;
MPRINT(EM_DIAGRAM):   * Trans: Combine Information and Statistics for Class Variables;
28219      *------------------------------------------------------------*;
MPRINT(EM_DIAGRAM):   *------------------------------------------------------------*;
28220      proc sort data=WORK.TRANS_OUTPUTVARS out=_temp;
MPRINT(EM_DIAGRAM):   proc sort data=WORK.TRANS_OUTPUTVARS out=_temp;
28221      by NAME;
MPRINT(EM_DIAGRAM):   by NAME;
28222      run;
MPRINT(EM_DIAGRAM):   run;

NOTE: There were 3 observations read from the data set WORK.TRANS_OUTPUTVARS.
NOTE: The data set WORK._TEMP has 3 observations and 22 variables.
NOTE: PROCEDURE SORT used (Total process time):
      real time           0.01 seconds
      cpu time            0.00 seconds
      

28223      proc sort data=WORK.TRANS_CLASSSTATS;
MPRINT(EM_DIAGRAM):   proc sort data=WORK.TRANS_CLASSSTATS;
28224      by NAME;
MPRINT(EM_DIAGRAM):   by NAME;
28225      run;
MPRINT(EM_DIAGRAM):   run;

NOTE: Input data set is empty.
NOTE: The data set WORK.TRANS_CLASSSTATS has 0 observations and 9 variables.
NOTE: PROCEDURE SORT used (Total process time):
      real time           0.00 seconds
      cpu time            0.00 seconds
      

28226      data WORK.TRANS_CLASSSTATS(keep=name nlevel nmiss);
MPRINT(EM_DIAGRAM):   data WORK.TRANS_CLASSSTATS(keep=name nlevel nmiss);
28227      retain nlevel nmiss;
MPRINT(EM_DIAGRAM):   retain nlevel nmiss;
28228      set WORK.TRANS_CLASSSTATS;
MPRINT(EM_DIAGRAM):   set WORK.TRANS_CLASSSTATS;
28229      by Name;
MPRINT(EM_DIAGRAM):   by Name;
28230      if first.Name then do;
MPRINT(EM_DIAGRAM):   if first.Name then do;
28231      nlevel= 0;
MPRINT(EM_DIAGRAM):   nlevel= 0;
28232      nmiss= 0;
MPRINT(EM_DIAGRAM):   nmiss= 0;
28233      end;
MPRINT(EM_DIAGRAM):   end;
28234      if (type='C' and CRAW='') or (type='N' and NRAW=.) then nmiss = FREQUENCY;
MPRINT(EM_DIAGRAM):   if (type='C' and CRAW='') or (type='N' and NRAW=.) then nmiss = FREQUENCY;
28235      else nlevel + 1;
MPRINT(EM_DIAGRAM):   else nlevel + 1;
28236      if last.name then output;
MPRINT(EM_DIAGRAM):   if last.name then output;
28237      run;
MPRINT(EM_DIAGRAM):   run;

NOTE: There were 0 observations read from the data set WORK.TRANS_CLASSSTATS.
NOTE: The data set WORK.TRANS_CLASSSTATS has 0 observations and 3 variables.
NOTE: DATA statement used (Total process time):
      real time           0.01 seconds
      cpu time            0.00 seconds
      

28238      /*Merge Statistics for Class Output Vars */
28239      data WORK.TRANS_CLASSSTATS;
MPRINT(EM_DIAGRAM):   data WORK.TRANS_CLASSSTATS;
28240      length SOURCE $6 _METHOD_ $8 NAME $32 FORMULA $300;
MPRINT(EM_DIAGRAM):   length SOURCE $6 _METHOD_ $8 NAME $32 FORMULA $300;
28241      merge WORK.TRANS_CLASSSTATS(in=_a) _temp(in=_b keep=NAME InputName Formula _MetaFlag LEVEL TYPE LABEL);
MPRINT(EM_DIAGRAM):   merge WORK.TRANS_CLASSSTATS(in=_a) _temp(in=_b keep=NAME InputName Formula _MetaFlag LEVEL TYPE LABEL);
28242      by NAME;
MPRINT(EM_DIAGRAM):   by NAME;
28243      if _a and _b then do;
MPRINT(EM_DIAGRAM):   if _a and _b then do;
28244      SOURCE='Output';
MPRINT(EM_DIAGRAM):   SOURCE='Output';
28245      if _MetaFlag = 1 then _METHOD_="Meta";
MPRINT(EM_DIAGRAM):   if _MetaFlag = 1 then _METHOD_="Meta";
28246      else if Formula eq 'Interaction' then _METHOD_="Computed";
MPRINT(EM_DIAGRAM):   else if Formula eq 'Interaction' then _METHOD_="Computed";
28247      else if inputName eq '' then _METHOD_="Formula";
MPRINT(EM_DIAGRAM):   else if inputName eq '' then _METHOD_="Formula";
28248      else _METHOD_="Computed";
MPRINT(EM_DIAGRAM):   else _METHOD_="Computed";
28249      if Formula = '' then Formula = "User Code";
MPRINT(EM_DIAGRAM):   if Formula = '' then Formula = "User Code";
28250      end;
MPRINT(EM_DIAGRAM):   end;
28251      if _a then output;
MPRINT(EM_DIAGRAM):   if _a then output;
28252      drop inputName LEVEL TYPE _MetaFlag;
MPRINT(EM_DIAGRAM):   drop inputName LEVEL TYPE _MetaFlag;
28253      run;
MPRINT(EM_DIAGRAM):   run;

NOTE: There were 0 observations read from the data set WORK.TRANS_CLASSSTATS.
NOTE: There were 3 observations read from the data set WORK._TEMP.
NOTE: The data set WORK.TRANS_CLASSSTATS has 0 observations and 7 variables.
NOTE: DATA statement used (Total process time):
      real time           0.00 seconds
      cpu time            0.00 seconds
      

28254      /*Merge Statistics for Class Input Vars */
28255      proc sort data=WORK.TRANS_SCOREINPUTS(drop=TYPE LEVEL) out=_temp nodupkey;
MPRINT(EM_DIAGRAM):   proc sort data=WORK.TRANS_SCOREINPUTS(drop=TYPE LEVEL) out=_temp nodupkey;
28256      by NAME;
MPRINT(EM_DIAGRAM):   by NAME;
28257      run;
MPRINT(EM_DIAGRAM):   run;

NOTE: There were 4 observations read from the data set WORK.TRANS_SCOREINPUTS.
NOTE: 0 observations with duplicate key values were deleted.
NOTE: The data set WORK._TEMP has 4 observations and 3 variables.
NOTE: PROCEDURE SORT used (Total process time):
      real time           0.01 seconds
      cpu time            0.00 seconds
      

28258      data WORK.TRANS_CLASSSTATS;
MPRINT(EM_DIAGRAM):   data WORK.TRANS_CLASSSTATS;
28259      merge WORK.TRANS_CLASSSTATS(in=_a) _temp(in=_b);
MPRINT(EM_DIAGRAM):   merge WORK.TRANS_CLASSSTATS(in=_a) _temp(in=_b);
28260      by NAME;
MPRINT(EM_DIAGRAM):   by NAME;
28261      if _a and _b then do;
MPRINT(EM_DIAGRAM):   if _a and _b then do;
28262      SOURCE='Input';
MPRINT(EM_DIAGRAM):   SOURCE='Input';
28263      _METHOD_="Original";
MPRINT(EM_DIAGRAM):   _METHOD_="Original";
28264      end;
MPRINT(EM_DIAGRAM):   end;
28265      if _a then output;
MPRINT(EM_DIAGRAM):   if _a then output;
28266      run;
MPRINT(EM_DIAGRAM):   run;

NOTE: There were 0 observations read from the data set WORK.TRANS_CLASSSTATS.
NOTE: There were 4 observations read from the data set WORK._TEMP.
NOTE: The data set WORK.TRANS_CLASSSTATS has 0 observations and 8 variables.
NOTE: DATA statement used (Total process time):
      real time           0.00 seconds
      cpu time            0.00 seconds
      

28267      *------------------------------------------------------------*;
MPRINT(EM_DIAGRAM):    *------------------------------------------------------------*;
28268      * Trans: Combine Information and Statistics for Interval Variables;
MPRINT(EM_DIAGRAM):   * Trans: Combine Information and Statistics for Interval Variables;
28269      *------------------------------------------------------------*;
MPRINT(EM_DIAGRAM):   *------------------------------------------------------------*;
28270      proc sort data=WORK.TRANS_OUTPUTVARS out=_temp;
MPRINT(EM_DIAGRAM):   proc sort data=WORK.TRANS_OUTPUTVARS out=_temp;
28271      by NAME;
MPRINT(EM_DIAGRAM):   by NAME;
28272      run;
MPRINT(EM_DIAGRAM):   run;

NOTE: There were 3 observations read from the data set WORK.TRANS_OUTPUTVARS.
NOTE: The data set WORK._TEMP has 3 observations and 22 variables.
NOTE: PROCEDURE SORT used (Total process time):
      real time           0.00 seconds
      cpu time            0.00 seconds
      

28273      proc sort data=WORK.TRANS_VARSTATS;
MPRINT(EM_DIAGRAM):   proc sort data=WORK.TRANS_VARSTATS;
28274      by NAME;
MPRINT(EM_DIAGRAM):   by NAME;
28275      run;
MPRINT(EM_DIAGRAM):   run;

NOTE: There were 7 observations read from the data set WORK.TRANS_VARSTATS.
NOTE: The data set WORK.TRANS_VARSTATS has 7 observations and 9 variables.
NOTE: PROCEDURE SORT used (Total process time):
      real time           0.01 seconds
      cpu time            0.00 seconds
      

MPRINT(EM_DIAGRAM):   *Merge Statistics for Output Vars;
28276      *Merge Statistics for Output Vars;
28277      data WORK.TRANS_VARSTATS;
MPRINT(EM_DIAGRAM):   data WORK.TRANS_VARSTATS;
28278      length SOURCE $6 _METHOD_ $8 NAME $32 FORMULA $300;
MPRINT(EM_DIAGRAM):   length SOURCE $6 _METHOD_ $8 NAME $32 FORMULA $300;
28279      merge WORK.TRANS_VARSTATS(in=_a) _temp(in=_b keep=NAME Formula InputName _MetaFlag LEVEL TYPE LABEL);
MPRINT(EM_DIAGRAM):   merge WORK.TRANS_VARSTATS(in=_a) _temp(in=_b keep=NAME Formula InputName _MetaFlag LEVEL TYPE LABEL);
28280      by NAME;
MPRINT(EM_DIAGRAM):   by NAME;
28281      if _a and _b then do;
MPRINT(EM_DIAGRAM):   if _a and _b then do;
28282      SOURCE='Output';
MPRINT(EM_DIAGRAM):   SOURCE='Output';
28283      if _MetaFlag = 1 then _METHOD_="Meta";
MPRINT(EM_DIAGRAM):   if _MetaFlag = 1 then _METHOD_="Meta";
28284      else if Formula eq 'Interaction' then _METHOD_="Computed";
MPRINT(EM_DIAGRAM):   else if Formula eq 'Interaction' then _METHOD_="Computed";
28285      else if inputName eq '' then _METHOD_="Formula";
MPRINT(EM_DIAGRAM):   else if inputName eq '' then _METHOD_="Formula";
28286      else _METHOD_="Computed";
MPRINT(EM_DIAGRAM):   else _METHOD_="Computed";
28287      if Formula = '' then Formula = "Mixture of variables";
MPRINT(EM_DIAGRAM):   if Formula = '' then Formula = "Mixture of variables";
28288      end;
MPRINT(EM_DIAGRAM):   end;
28289      if _a then output;
MPRINT(EM_DIAGRAM):   if _a then output;
28290      drop inputName LEVEL TYPE _MetaFlag;
MPRINT(EM_DIAGRAM):   drop inputName LEVEL TYPE _MetaFlag;
28291      run;
MPRINT(EM_DIAGRAM):   run;

NOTE: There were 7 observations read from the data set WORK.TRANS_VARSTATS.
NOTE: There were 3 observations read from the data set WORK._TEMP.
NOTE: The data set WORK.TRANS_VARSTATS has 7 observations and 13 variables.
NOTE: DATA statement used (Total process time):
      real time           0.01 seconds
      cpu time            0.01 seconds
      

MPRINT(EM_DIAGRAM):   *Merge Statistics for Input Vars;
28292      *Merge Statistics for Input Vars;
28293      proc sort data=WORK.TRANS_SCOREINPUTS(drop=TYPE LEVEL) out=_temp nodupkey;
MPRINT(EM_DIAGRAM):   proc sort data=WORK.TRANS_SCOREINPUTS(drop=TYPE LEVEL) out=_temp nodupkey;
28294      by NAME;
MPRINT(EM_DIAGRAM):   by NAME;
28295      run;
MPRINT(EM_DIAGRAM):   run;

NOTE: There were 4 observations read from the data set WORK.TRANS_SCOREINPUTS.
NOTE: 0 observations with duplicate key values were deleted.
NOTE: The data set WORK._TEMP has 4 observations and 3 variables.
NOTE: PROCEDURE SORT used (Total process time):
      real time           0.00 seconds
      cpu time            0.00 seconds
      

28296      data WORK.TRANS_VARSTATS;
MPRINT(EM_DIAGRAM):   data WORK.TRANS_VARSTATS;
28297      merge WORK.TRANS_VARSTATS(in=_a) _temp(in=_b);
MPRINT(EM_DIAGRAM):   merge WORK.TRANS_VARSTATS(in=_a) _temp(in=_b);
28298      by NAME;
MPRINT(EM_DIAGRAM):   by NAME;
28299      if _a and _b then do;
MPRINT(EM_DIAGRAM):   if _a and _b then do;
28300      SOURCE='Input';
MPRINT(EM_DIAGRAM):   SOURCE='Input';
28301      _METHOD_="Original";
MPRINT(EM_DIAGRAM):   _METHOD_="Original";
28302      end;
MPRINT(EM_DIAGRAM):   end;
28303      if _a then output;
MPRINT(EM_DIAGRAM):   if _a then output;
28304      run;
MPRINT(EM_DIAGRAM):   run;

NOTE: There were 7 observations read from the data set WORK.TRANS_VARSTATS.
NOTE: There were 4 observations read from the data set WORK._TEMP.
NOTE: The data set WORK.TRANS_VARSTATS has 7 observations and 14 variables.
NOTE: DATA statement used (Total process time):
      real time           0.00 seconds
      cpu time            0.00 seconds
      

28305      *------------------------------------------------------------*;
MPRINT(EM_DIAGRAM):    *------------------------------------------------------------*;
28306      * Trans: Combine statistics for class and interval variables;
MPRINT(EM_DIAGRAM):   * Trans: Combine statistics for class and interval variables;
28307      *------------------------------------------------------------*;
MPRINT(EM_DIAGRAM):   *------------------------------------------------------------*;
28308      data EMWS8.Trans_STATISTICS;
MPRINT(EM_DIAGRAM):   data EMWS8.Trans_STATISTICS;
28309      length SOURCE $6 _METHOD_ $8 NAME $32 FORMULA $300;
MPRINT(EM_DIAGRAM):   length SOURCE $6 _METHOD_ $8 NAME $32 FORMULA $300;
28310      label SOURCE = "%sysfunc(sasmsg(sashelp.dmine, rpt_source_vlabel,  NOQUOTE))" _METHOD_ = "%sysfunc(sasmsg(sashelp.dmine, rpt_method_vlabel,  NOQUOTE))" NAME = "%sysfunc(sasmsg(sashelp.dmine, meta_name_vlabel,  NOQUOTE))" FORMULA =
28311         "%sysfunc(sasmsg(sashelp.dmine, rpt_formula_vlabel,   NOQUOTE))" NLEVEL = "%sysfunc(sasmsg(sashelp.dmine, rpt_numcat_vlabel,   NOQUOTE))" N = "%sysfunc(sasmsg(sashelp.dmine, rpt_nonmiss_vlabel, NOQUOTE))" NMISS =
28312         "%sysfunc(sasmsg(sashelp.dmine, rpt_missing_vlabel, NOQUOTE))" MIN = "%sysfunc(sasmsg(sashelp.dmine, rpt_minimum_vlabel, NOQUOTE))" MAX = "%sysfunc(sasmsg(sashelp.dmine, rpt_maximum_vlabel, NOQUOTE))" MEAN =
28313         "%sysfunc(sasmsg(sashelp.dmine, rpt_mean_vlabel,    NOQUOTE))" STD = "%sysfunc(sasmsg(sashelp.dmine, rpt_std_vlabel,     NOQUOTE))" SKEWNESS = "%sysfunc(sasmsg(sashelp.dmine, rpt_skewness_vlabel, NOQUOTE))" KURTOSIS =
28314         "%sysfunc(sasmsg(sashelp.dmine, rpt_kurtosis_vlabel, NOQUOTE))" LABEL = "%sysfunc(sasmsg(sashelp.dmine, meta_label_vlabel, NOQUOTE))";
MPRINT(EM_DIAGRAM):   label SOURCE = "Source" _METHOD_ = "Method" NAME = "Variable Name" FORMULA = "Formula" NLEVEL = "Number of Levels" N = "Non Missing" NMISS = "Missing" MIN = "Minimum" MAX = "Maximum" MEAN = "Mean" STD = "Standard Deviation" SKEWNESS 
= "Skewness" KURTOSIS = "Kurtosis" LABEL = "Label";
28315      set
28316      WORK.TRANS_CLASSSTATS
28317      WORK.TRANS_VARSTATS
28318      ;
MPRINT(EM_DIAGRAM):   set WORK.TRANS_CLASSSTATS WORK.TRANS_VARSTATS ;
28319      drop UNAME;
MPRINT(EM_DIAGRAM):   drop UNAME;
28320      run;
MPRINT(EM_DIAGRAM):   run;

NOTE: There were 0 observations read from the data set WORK.TRANS_CLASSSTATS.
NOTE: There were 7 observations read from the data set WORK.TRANS_VARSTATS.
NOTE: The data set EMWS8.TRANS_STATISTICS has 7 observations and 14 variables.
NOTE: DATA statement used (Total process time):
      real time           0.04 seconds
      cpu time            0.01 seconds
      

28321      proc sort data=EMWS8.Trans_STATISTICS;
MPRINT(EM_DIAGRAM):   proc sort data=EMWS8.Trans_STATISTICS;
28322      by SOURCE _METHOD_ NAME;
MPRINT(EM_DIAGRAM):   by SOURCE _METHOD_ NAME;
28323      run;
MPRINT(EM_DIAGRAM):   run;

NOTE: There were 7 observations read from the data set EMWS8.TRANS_STATISTICS.
NOTE: The data set EMWS8.TRANS_STATISTICS has 7 observations and 14 variables.
NOTE: PROCEDURE SORT used (Total process time):
      real time           0.04 seconds
      cpu time            0.00 seconds
      

28324      proc sort data = EMWS8.Trans_STATISTICS NOTHREADS;
MPRINT(EM_DIAGRAM):    proc sort data = EMWS8.Trans_STATISTICS NOTHREADS;
28325      by SOURCE NAME;
MPRINT(EM_DIAGRAM):   by SOURCE NAME;
28326      run;
MPRINT(EM_DIAGRAM):   run;

NOTE: There were 7 observations read from the data set EMWS8.TRANS_STATISTICS.
NOTE: The data set EMWS8.TRANS_STATISTICS has 7 observations and 14 variables.
NOTE: PROCEDURE SORT used (Total process time):
      real time           0.03 seconds
      cpu time            0.00 seconds
      

28327      title9 ' ';
MPRINT(EM_DIAGRAM):   title9 ' ';
28328      proc print data = EMWS8.Trans_STATISTICS(obs=500) noobs label;
MPRINT(EM_DIAGRAM):   proc print data = EMWS8.Trans_STATISTICS(obs=500) noobs label;
28329      title9 "%sysfunc(sasmsg(sashelp.dmine, rpt_intervalinputStats_title, NOQUOTE))";
MPRINT(EM_DIAGRAM):   title9 "Summary Statistics for Input Interval Variables";
28330      title10 "%sysfunc(sasmsg(sashelp.dmine, rpt_maxObsPrinted_title, NOQUOTE))";
MPRINT(EM_DIAGRAM):   title10 "(maximum 500 observations printed)";
MPRINT(EM_DIAGRAM):   var Name NMISS MIN MAX MEAN STD SKEWNESS KURTOSIS;
MPRINT(EM_DIAGRAM):   where SOURCE eq 'INPUT' and mean ne .;
MPRINT(EM_DIAGRAM):   run;
28331      var Name NMISS MIN MAX MEAN STD SKEWNESS KURTOSIS;
28332      where SOURCE eq 'INPUT' and mean ne .;
28333      run;

NOTE: No observations were selected from data set EMWS8.TRANS_STATISTICS.
NOTE: There were 0 observations read from the data set EMWS8.TRANS_STATISTICS.
      WHERE (SOURCE='INPUT') and (mean not = .);
NOTE: PROCEDURE PRINT used (Total process time):
      real time           0.00 seconds
      cpu time            0.00 seconds
      

28334      proc print data = EMWS8.Trans_STATISTICS(obs=500) noobs label;
MPRINT(EM_DIAGRAM):   proc print data = EMWS8.Trans_STATISTICS(obs=500) noobs label;
28335      title9 "%sysfunc(sasmsg(sashelp.dmine, rpt_intervaloutputStats_title, NOQUOTE))";
MPRINT(EM_DIAGRAM):   title9 "Summary Statistics for Output Interval Variables";
28336      title10 "%sysfunc(sasmsg(sashelp.dmine, rpt_maxObsPrinted_title, NOQUOTE))";
MPRINT(EM_DIAGRAM):   title10 "(maximum 500 observations printed)";
MPRINT(EM_DIAGRAM):   var Name _METHOD_ NMISS MIN MAX MEAN STD SKEWNESS KURTOSIS;
MPRINT(EM_DIAGRAM):   where SOURCE eq 'OUTPUT' and mean ne .;
MPRINT(EM_DIAGRAM):   run;
28337      var Name _METHOD_ NMISS MIN MAX MEAN STD SKEWNESS KURTOSIS;
28338      where SOURCE eq 'OUTPUT' and mean ne .;
28339      run;

NOTE: No observations were selected from data set EMWS8.TRANS_STATISTICS.
NOTE: There were 0 observations read from the data set EMWS8.TRANS_STATISTICS.
      WHERE (SOURCE='OUTPUT') and (mean not = .);
NOTE: PROCEDURE PRINT used (Total process time):
      real time           0.01 seconds
      cpu time            0.00 seconds
      

28340      proc print data = EMWS8.Trans_STATISTICS(obs=500) noobs label;
MPRINT(EM_DIAGRAM):   proc print data = EMWS8.Trans_STATISTICS(obs=500) noobs label;
28341      title9 "%sysfunc(sasmsg(sashelp.dmine, rpt_classinputStats_title, NOQUOTE))";
MPRINT(EM_DIAGRAM):   title9 "Summary Statistics for Input Class Variables";
28342      title10 "%sysfunc(sasmsg(sashelp.dmine, rpt_maxObsPrinted_title, NOQUOTE))";
MPRINT(EM_DIAGRAM):   title10 "(maximum 500 observations printed)";
MPRINT(EM_DIAGRAM):   var Name NLEVEL NMISS;
MPRINT(EM_DIAGRAM):   where SOURCE eq 'INPUT' and nlevel ne .;
MPRINT(EM_DIAGRAM):   run;
28343      var Name NLEVEL NMISS;
28344      where SOURCE eq 'INPUT' and nlevel ne .;
28345      run;

NOTE: No observations were selected from data set EMWS8.TRANS_STATISTICS.
NOTE: There were 0 observations read from the data set EMWS8.TRANS_STATISTICS.
      WHERE (SOURCE='INPUT') and (nlevel not = .);
NOTE: PROCEDURE PRINT used (Total process time):
      real time           0.01 seconds
      cpu time            0.00 seconds
      

28346      proc print data = EMWS8.Trans_STATISTICS(obs=500) noobs label;
MPRINT(EM_DIAGRAM):   proc print data = EMWS8.Trans_STATISTICS(obs=500) noobs label;
28347      title9 "%sysfunc(sasmsg(sashelp.dmine, rpt_classoutputStats_title, NOQUOTE))";
MPRINT(EM_DIAGRAM):   title9 "Summary Statistics for Output Class Variables";
28348      title10 "%sysfunc(sasmsg(sashelp.dmine, rpt_maxObsPrinted_title, NOQUOTE))";
MPRINT(EM_DIAGRAM):   title10 "(maximum 500 observations printed)";
MPRINT(EM_DIAGRAM):   var Name _METHOD_ NLEVEL NMISS;
MPRINT(EM_DIAGRAM):   where SOURCE eq 'OUTPUT' and nlevel ne .;
MPRINT(EM_DIAGRAM):   run;
28349      var Name _METHOD_ NLEVEL NMISS;
28350      where SOURCE eq 'OUTPUT' and nlevel ne .;
28351      run;

NOTE: No observations were selected from data set EMWS8.TRANS_STATISTICS.
NOTE: There were 0 observations read from the data set EMWS8.TRANS_STATISTICS.
      WHERE (SOURCE='OUTPUT') and (nlevel not = .);
NOTE: PROCEDURE PRINT used (Total process time):
      real time           0.00 seconds
      cpu time            0.00 seconds
      

28352      title9;
MPRINT(EM_DIAGRAM):   title9;
28353      title10;
MPRINT(EM_DIAGRAM):   title10;
28354      data EMWS8.Trans_EMSCOREVAR;
MPRINT(EM_DIAGRAM):    data EMWS8.Trans_EMSCOREVAR;
28355      length Name $32 formula $300 file $200;
MPRINT(EM_DIAGRAM):   length Name $32 formula $300 file $200;
28356      keep NAME Formula file;
MPRINT(EM_DIAGRAM):   keep NAME Formula file;
28357      set EMWS8.Trans_STATISTICS;
MPRINT(EM_DIAGRAM):   set EMWS8.Trans_STATISTICS;
28358      where SOURCE='Output';
MPRINT(EM_DIAGRAM):   where SOURCE='Output';
28359      select( _METHOD_);
MPRINT(EM_DIAGRAM):   select( _METHOD_);
28360      when('Computed') do;
MPRINT(EM_DIAGRAM):   when('Computed') do;
28361      file="TRANSFORMCODE\"!!strip(NAME)!!'.sas';
MPRINT(EM_DIAGRAM):   file="TRANSFORMCODE\"!!strip(NAME)!!'.sas';
28362      formula = '';
MPRINT(EM_DIAGRAM):   formula = '';
28363      end;
MPRINT(EM_DIAGRAM):   end;
28364      when('Formula') do;
MPRINT(EM_DIAGRAM):   when('Formula') do;
28365      if Formula eq 'Mixture of variables' then do;
MPRINT(EM_DIAGRAM):   if Formula eq 'Mixture of variables' then do;
28366      file= "EDITORCODE.sas";
MPRINT(EM_DIAGRAM):   file= "EDITORCODE.sas";
28367      formula = '';
MPRINT(EM_DIAGRAM):   formula = '';
28368      end;
MPRINT(EM_DIAGRAM):   end;
28369      if Formula = 'User Code' then do;
MPRINT(EM_DIAGRAM):   if Formula = 'User Code' then do;
28370      file= "EDITORCODE.sas";
MPRINT(EM_DIAGRAM):   file= "EDITORCODE.sas";
28371      formula = '';
MPRINT(EM_DIAGRAM):   formula = '';
28372      end;
MPRINT(EM_DIAGRAM):   end;
28373      end;
MPRINT(EM_DIAGRAM):   end;
28374      otherwise;
MPRINT(EM_DIAGRAM):   otherwise;
28375      end;
MPRINT(EM_DIAGRAM):   end;
28376      output;
MPRINT(EM_DIAGRAM):   output;
28377      run;
MPRINT(EM_DIAGRAM):   run;

NOTE: There were 3 observations read from the data set EMWS8.TRANS_STATISTICS.
      WHERE SOURCE='Output';
NOTE: The data set EMWS8.TRANS_EMSCOREVAR has 3 observations and 3 variables.
NOTE: DATA statement used (Total process time):
      real time           0.03 seconds
      cpu time            0.00 seconds
      

MPRINT(EM_DIAGRAM):    proc printto;
MPRINT(EM_DIAGRAM):   run;
