 
                                                                                               
 
 
Fit Statistics

Target=DepVar Target Label=DepVar

   Fit
Statistics    Statistics Label                     Train    Validation

 _DFT_        Total Degrees of Freedom           2374.00          .   
 _DFE_        Degrees of Freedom for Error       2233.00          .   
 _DFM_        Model Degrees of Freedom            141.00          .   
 _NW_         Number of Estimated Weights         141.00          .   
 _AIC_        Akaike's Information Criterion     1190.39          .   
 _SBC_        Schwarz's Bayesian Criterion       2004.29          .   
 _ASE_        Average Squared Error                 0.06         0.07 
 _MAX_        Maximum Absolute Error                0.99         1.00 
 _DIV_        Divisor for ASE                    4748.00      2036.00 
 _NOBS_       Sum of Frequencies                 2374.00      1018.00 
 _RASE_       Root Average Squared Error            0.24         0.27 
 _SSE_        Sum of Squared Errors               273.32       144.19 
 _SUMW_       Sum of Case Weights Times Freq     4748.00      2036.00 
 _FPE_        Final Prediction Error                0.06          .   
 _MSE_        Mean Squared Error                    0.06         0.07 
 _RFPE_       Root Final Prediction Error           0.25          .   
 _RMSE_       Root Mean Squared Error               0.25         0.27 
 _AVERR_      Average Error Function                0.19         0.24 
 _ERR_        Error Function                      908.39       480.46 
 _MISC_       Misclassification Rate                0.07         0.10 
 _WRONG_      Number of Wrong Classifications     178.00        99.00 
 
                                                                                               
 
 
Classification Table

Data Role=TRAIN Target Variable=DepVar Target Label=DepVar

                       Target        Outcome     Frequency       Total
Target    Outcome    Percentage    Percentage      Count      Percentage

  0          0         93.9684       97.4194        1963        82.6874 
  1          0          6.0316       35.0975         126         5.3075 
  0          1         18.2456        2.5806          52         2.1904 
  1          1         81.7544       64.9025         233         9.8147 


Data Role=VALIDATE Target Variable=DepVar Target Label=DepVar

                       Target        Outcome     Frequency       Total
Target    Outcome    Percentage    Percentage      Count      Percentage

  0          0         92.5390       96.2920        831         81.6306 
  1          0          7.4610       43.2258         67          6.5815 
  0          1         26.6667        3.7080         32          3.1434 
  1          1         73.3333       56.7742         88          8.6444 
 
                                                                                               
 
 
Event Classification Table

Data Role=TRAIN Target=DepVar Target Label=DepVar

  False       True        False       True
Negative    Negative    Positive    Positive

   126        1963         52          233  


Data Role=VALIDATE Target=DepVar Target Label=DepVar

  False       True        False       True
Negative    Negative    Positive    Positive

   67          831         32          88   
 
                                                                                               
 
 
Assessment Score Rankings

Data Role=TRAIN Target Variable=DepVar Target Label=DepVar

                                                                                    Mean
                            Cumulative       %      Cumulative     Number of     Posterior
Depth      Gain     Lift       Lift      Response   % Response   Observations   Probability

   5    527.939   6.27939     6.27939     94.9580     94.9580         119         0.95416  
  10    466.813   5.05686     5.66813     76.4706     85.7143         119         0.73865  
  15    376.048   2.94520     4.76048     44.5378     71.9888         119         0.47052  
  20    307.906   2.01747     4.07906     30.5085     61.6842         118         0.29063  
  25    251.793   1.27811     3.51793     19.3277     53.1987         119         0.19490  
  30    206.063   0.77798     3.06063     11.7647     46.2833         119         0.13080  
  35    170.560   0.56041     2.70560      8.4746     40.9146         118         0.08547  
  40    141.542   0.38899     2.41542      5.8824     36.5263         119         0.05360  
  45    117.747   0.27785     2.17747      4.2017     32.9280         119         0.03372  
  50     96.657   0.05604     1.96657      0.8475     29.7388         118         0.02153  
  55     80.764   0.22228     1.80764      3.3613     27.3354         119         0.01355  
  60     66.132   0.05557     1.66132      0.8403     25.1228         119         0.00842  
  65     53.756   0.05557     1.53756      0.8403     23.2513         119         0.00561  
  70     42.840   0.00000     1.42840      0.0000     21.6005         118         0.00353  
  75     33.296   0.00000     1.33296      0.0000     20.1572         119         0.00215  
  80     24.947   0.00000     1.24947      0.0000     18.8947         119         0.00130  
  85     17.641   0.00000     1.17641      0.0000     17.7899         118         0.00073  
  90     11.090   0.00000     1.11090      0.0000     16.7993         119         0.00039  
  95      5.230   0.00000     1.05230      0.0000     15.9131         119         0.00017  
 100      0.000   0.00000     1.00000      0.0000     15.1222         118         0.00004  


Data Role=VALIDATE Target Variable=DepVar Target Label=DepVar

                                                                                    Mean
                            Cumulative       %      Cumulative     Number of     Posterior
Depth      Gain     Lift       Lift      Response   % Response   Observations   Probability

   5    492.385   5.92385     5.92385     90.1961     90.1961         51          0.96063  
  10    408.678   4.24972     5.08678     64.7059     77.4510         51          0.72577  
  15    333.557   2.83314     4.33557     43.1373     66.0131         51          0.46711  
  20    286.338   2.44681     3.86338     37.2549     58.8235         51          0.30991  
  25    224.524   0.77268     3.24524     11.7647     49.4118         51          0.19018  
  30    194.046   1.41657     2.94046     21.5686     44.7712         51          0.13094  
  35    159.398   0.51512     2.59398      7.8431     39.4958         51          0.07851  
  40    139.851   1.03023     2.39851     15.6863     36.5196         51          0.05134  
  45    114.632   0.12878     2.14632      1.9608     32.6797         51          0.03366  
  50     94.839   0.13135     1.94839      2.0000     29.6660         50          0.02011  
  55     79.440   0.25756     1.79440      3.9216     27.3214         51          0.01345  
  60     64.462   0.00000     1.64462      0.0000     25.0409         51          0.00852  
  65     51.792   0.00000     1.51792      0.0000     23.1118         51          0.00567  
  70     41.856   0.12878     1.41856      1.9608     21.5989         51          0.00365  
  75     32.386   0.00000     1.32386      0.0000     20.1571         51          0.00254  
  80     24.102   0.00000     1.24102      0.0000     18.8957         51          0.00167  
  85     16.794   0.00000     1.16794      0.0000     17.7829         51          0.00099  
  90     11.014   0.12878     1.11014      1.9608     16.9029         51          0.00055  
  95      5.165   0.00000     1.05165      0.0000     16.0124         51          0.00023  
 100      0.000   0.00000     1.00000      0.0000     15.2259         50          0.00005  
 
                                                                                               
 
 
Assessment Score Distribution

Data Role=TRAIN Target Variable=DepVar Target Label=DepVar

 Posterior     Number                     Mean
Probability      of      Number of     Posterior
   Range       Events    Nonevents    Probability    Percentage

 0.95-1.00       66            1        0.98109         2.8222 
 0.90-0.95       36            5        0.92717         1.7270 
 0.85-0.90       26            1        0.87391         1.1373 
 0.80-0.85       12            2        0.82653         0.5897 
 0.75-0.80       20            4        0.77497         1.0110 
 0.70-0.75       18            6        0.72392         1.0110 
 0.65-0.70        8            9        0.67768         0.7161 
 0.60-0.65       18            6        0.62647         1.0110 
 0.55-0.60       14            3        0.57338         0.7161 
 0.50-0.55       15           15        0.52431         1.2637 
 0.45-0.50        7           15        0.47976         0.9267 
 0.40-0.45        9           11        0.42737         0.8425 
 0.35-0.40        9           26        0.37667         1.4743 
 0.30-0.35       16           27        0.32530         1.8113 
 0.25-0.30       14           34        0.27543         2.0219 
 0.20-0.25       18           53        0.22657         2.9907 
 0.15-0.20       12           71        0.17389         3.4962 
 0.10-0.15       14          108        0.12473         5.1390 
 0.05-0.10       11          168        0.07175         7.5400 
 0.00-0.05       16         1450        0.00872        61.7523 


Data Role=VALIDATE Target Variable=DepVar Target Label=DepVar

 Posterior     Number                     Mean
Probability      of      Number of     Posterior
   Range       Events    Nonevents    Probability    Percentage

 0.95-1.00       33           1         0.98181         3.3399 
 0.90-0.95       10           4         0.92928         1.3752 
 0.85-0.90        5           1         0.86060         0.5894 
 0.80-0.85        5           4         0.83083         0.8841 
 0.75-0.80        6           1         0.77895         0.6876 
 0.70-0.75        8           4         0.72163         1.1788 
 0.65-0.70        7           3         0.68012         0.9823 
 0.60-0.65        4           1         0.63016         0.4912 
 0.55-0.60        1           6         0.57453         0.6876 
 0.50-0.55        9           7         0.52707         1.5717 
 0.45-0.50        5           5         0.47788         0.9823 
 0.40-0.45        7           7         0.42715         1.3752 
 0.35-0.40        3          14         0.37994         1.6699 
 0.30-0.35        8          11         0.32954         1.8664 
 0.25-0.30        9          16         0.27428         2.4558 
 0.20-0.25        4          12         0.22493         1.5717 
 0.15-0.20        3          36         0.16970         3.8310 
 0.10-0.15       10          37         0.12786         4.6169 
 0.05-0.10        8          71         0.06980         7.7603 
 0.00-0.05       10         622         0.00891        62.0825 
