 
                                                                                               
 
 
Variable Summary

          Measurement    Frequency
 Role        Level         Count

INPUT      INTERVAL          18   
TARGET     BINARY             1   
 
                                                                                               
 
 
Model Events

                                  Number
                   Measurement      of
Target    Event       Level       Levels      Order       Label

DepVar      1        BINARY          2      Descending    DepVar
 
                                                                                               
 
 
Predicted and decision variables

Type         Variable     Label

TARGET       DepVar       DepVar             
PREDICTED    P_DepVar1    Predicted: DepVar=1
RESIDUAL     R_DepVar1    Residual: DepVar=1 
PREDICTED    P_DepVar0    Predicted: DepVar=0
RESIDUAL     R_DepVar0    Residual: DepVar=0 
FROM         F_DepVar     From: DepVar       
INTO         I_DepVar     Into: DepVar       
 
                                                                                               
 
 

The NEURAL Procedure

Preliminary       Starting         Objective         Number
 Training          Random           Function           of        Terminating
    Run             Seed             Value         Iterations     Criteria

        1               12345     0.22159077887           10                
        2          1229118451    0.218443021556           10                
        3          1772226051    0.237818984413           10                
        4          1538992127    0.227740850354           10                
        5          1652722409    0.233934449551           10                
 
                                                                                               
 
 

The NEURAL Procedure

                Optimization Start
                Parameter Estimates
                                          Gradient
                                         Objective
  N Parameter             Estimate        Function

  1 PC_1_H11             -0.358941       -0.000768
  2 PC_10_H11             0.035625       -0.001794
  3 PC_11_H11             0.185566        0.001047
  4 PC_12_H11             0.161028       -0.003001
  5 PC_13_H11            -0.081198        0.004497
  6 PC_14_H11            -0.058940       -0.000436
  7 PC_15_H11             0.209007        0.001832
  8 PC_16_H11             0.259472       -0.003764
  9 PC_17_H11            -0.086852        0.001157
 10 PC_2_H11              0.062795        0.002865
 11 PC_3_H11              0.262611        0.006091
 12 PC_4_H11             -0.340057        0.000161
 13 PC_5_H11              0.193272       -0.002338
 14 PC_6_H11             -0.071501        0.000832
 15 PC_7_H11             -0.293364       -0.001379
 16 PC_8_H11             -0.489649        0.001557
 17 PC_9_H11             -0.538017        0.003607
 18 Year_Birth_H11       -0.014944        0.004890
 19 PC_1_H12             -0.666146       -0.000157
 20 PC_10_H12            -0.079390       -0.003607
 21 PC_11_H12             0.218209        0.000482
 22 PC_12_H12             0.519935       -0.004055
 23 PC_13_H12             0.004576        0.001429
 24 PC_14_H12             0.142560        0.000357
 25 PC_15_H12             0.255132        0.001014
 26 PC_16_H12            -0.306598       -0.003092
 27 PC_17_H12            -0.235330        0.001680
 28 PC_2_H12              0.007199        0.003354
 29 PC_3_H12             -0.461011        0.003220
 30 PC_4_H12             -0.649580       -0.001407
 31 PC_5_H12             -0.042319       -0.002100
 32 PC_6_H12              0.358387        0.000244
 33 PC_7_H12             -0.135282       -0.002741
 34 PC_8_H12              0.269717        0.000870
 35 PC_9_H12             -0.460209        0.003401
 36 Year_Birth_H12       -0.151095        0.002268
 37 PC_1_H13             -0.697659        0.002046
 38 PC_10_H13            -0.152121       -0.003510
 39 PC_11_H13            -0.486869        0.003812
 40 PC_12_H13            -0.440746       -0.002455
 41 PC_13_H13             0.452098        0.003424
 42 PC_14_H13            -0.233616        0.000482
 43 PC_15_H13             0.238630       -0.000995
 44 PC_16_H13            -0.152498       -0.004602
 45 PC_17_H13             0.223910        0.000853
 46 PC_2_H13              0.168973        0.004043
 47 PC_3_H13             -0.011114        0.004311
 48 PC_4_H13              0.178328       -0.002343
 49 PC_5_H13              0.371885       -0.007953
 50 PC_6_H13             -0.081937        0.000224
 51 PC_7_H13             -0.061760       -0.000125
 52 PC_8_H13             -0.160817        0.000642
 53 PC_9_H13              0.135675        0.005077
 54 Year_Birth_H13        0.029020        0.006070
 55 PC_1_H14             -0.191607       -0.003336
 56 PC_10_H14             0.574154       -0.006643
 57 PC_11_H14            -0.355047       -0.000838
 58 PC_12_H14            -0.171896       -0.002604
 59 PC_13_H14             0.941373        0.002662
 60 PC_14_H14            -0.470467        0.000523
 61 PC_15_H14             0.413482       -0.001830
 62 PC_16_H14             0.088654       -0.011618
 63 PC_17_H14             0.077055        0.003128
 64 PC_2_H14              0.160838        0.011778
 65 PC_3_H14              0.241856        0.014128
 66 PC_4_H14              0.256044        0.000748
 67 PC_5_H14             -0.001261       -0.004263
 68 PC_6_H14             -0.175340        0.003260
 69 PC_7_H14              0.087822       -0.000682
 70 PC_8_H14             -0.024402        0.006725
 71 PC_9_H14             -0.306531        0.007511
 72 Year_Birth_H14       -0.160750        0.006645
 73 PC_1_H15             -0.055946        0.004561
 74 PC_10_H15             0.132476        0.001917
 75 PC_11_H15            -0.255961        0.000587
 76 PC_12_H15             0.135043        0.000382
 77 PC_13_H15            -0.320777       -0.000879
 78 PC_14_H15            -0.212152        0.000135
 79 PC_15_H15             0.191572       -0.000812
 80 PC_16_H15            -0.143772        0.005218
 81 PC_17_H15             0.036704        0.000477
 82 PC_2_H15             -0.715210       -0.004382
 83 PC_3_H15              0.103583       -0.006921
 84 PC_4_H15              0.343202       -0.001168
 85 PC_5_H15              0.240180        0.002218
 86 PC_6_H15             -0.020161       -0.001257
 87 PC_7_H15             -0.067106        0.000931
 88 PC_8_H15              0.081161        0.000222
 89 PC_9_H15             -0.105999       -0.002270
 90 Year_Birth_H15        0.097105       -0.003974
 91 PC_1_H16              0.186183       -0.000213
 92 PC_10_H16            -0.282850        0.000951
 93 PC_11_H16            -0.023144       -0.001408
 94 PC_12_H16             0.380791        0.001875
 95 PC_13_H16            -0.365930       -0.001219
 96 PC_14_H16             0.160380       -0.001057
 97 PC_15_H16             0.145315       -0.000534
 98 PC_16_H16             0.026077        0.002413
 99 PC_17_H16            -0.269907       -0.000311
100 PC_2_H16              0.053121       -0.000326
101 PC_3_H16              0.398957       -0.000976
102 PC_4_H16              0.055969        0.000543
103 PC_5_H16             -0.370173        0.001185
104 PC_6_H16             -0.191402       -0.000123
105 PC_7_H16             -0.002461        0.000415
106 PC_8_H16              0.506423        0.000135
107 PC_9_H16              0.273111       -0.002123
108 Year_Birth_H16        0.249895       -0.000216
109 PC_1_H17             -0.148410       -0.005445
110 PC_10_H17             0.361856       -0.006414
111 PC_11_H17            -0.078143       -0.001667
112 PC_12_H17             0.028635       -0.003716
113 PC_13_H17             0.262340        0.005886
114 PC_14_H17            -0.111572        0.001588
115 PC_15_H17            -0.262906        0.003640
116 PC_16_H17            -0.478658       -0.005217
117 PC_17_H17             0.085365        0.002893
118 PC_2_H17              0.522922        0.002818
119 PC_3_H17              0.317778        0.005425
120 PC_4_H17             -0.051713     0.000064256
121 PC_5_H17              0.342858       -0.007328
122 PC_6_H17             -0.057076        0.001955
123 PC_7_H17             -0.244924       -0.000564
124 PC_8_H17             -0.186647        0.000154
125 PC_9_H17              0.099985        0.003411
126 Year_Birth_H17        0.333240        0.006080
127 BIAS_H11             -0.680161        0.001334
128 BIAS_H12              0.777169       -0.000448
129 BIAS_H13             -0.305648        0.004128
130 BIAS_H14              0.191352        0.004133
131 BIAS_H15             -1.318010        0.002018
132 BIAS_H16              0.850918       -0.000636
133 BIAS_H17              0.727488        0.002184
134 H11_DepVar1          -1.231533        0.004477
135 H12_DepVar1          -0.943439        0.005498
136 H13_DepVar1          -1.142926       -0.000491
137 H14_DepVar1          -2.090525        0.000405
138 H15_DepVar1           1.155711        0.001835
139 H16_DepVar1           0.803084       -0.003870
140 H17_DepVar1          -1.886632       -0.008013
141 BIAS_DepVar1         -2.311187       -0.002392

Value of Objective Function = 0.2184430216

 
                                                                                               
 
 

The NEURAL Procedure

Dual Quasi-Newton Optimization


Minimum Iterations                                0
Maximum Iterations                               50
Maximum Function Calls                   2147483647
Maximum CPU Time                              14400
ABSGCONV Gradient Criterion                 0.00001
GCONV Gradient Criterion                       1E-8
ABSFCONV Function Criterion                       0
FCONV Function Criterion                     0.0001
FCONV2 Function Criterion                         0
FSIZE Parameter                                   0
ABSXCONV Parameter Change Criterion               0
XCONV Parameter Change Criterion                  0
XSIZE Parameter                                   0
ABSCONV Function Criterion             0.0020529663
Line Search Method                                2
Starting Alpha for Line Search                    1
Line Search Precision LSPRECISION               0.4
DAMPSTEP Parameter for Line Search                .
Singularity Tolerance (SINGULAR)               1E-8

Dual Quasi-Newton Optimization

Dual Broyden - Fletcher - Goldfarb - Shanno Update (DBFGS)

Parameter Estimates             141

                                      Optimization Start

Active Constraints                           0  Objective Function                0.2184430216
Max Abs Gradient Element          0.0141281115                                                


                                                       Objective   Max Abs            Slope of
                 Function       Active      Objective   Function  Gradient     Step     Search
Iter   Restarts     Calls  Constraints       Function     Change   Element     Size  Direction

   1          0         5            0        0.21570    0.00275   0.00750   0.0297     -0.189
   2          0         9            0        0.21436    0.00134   0.00602    2.004    -0.0013
   3          0        11            0        0.21251    0.00185   0.00669    1.000    -0.0032
   4          0        13            0        0.21057    0.00193   0.00799    1.000    -0.0040
   5          0        17            0        0.20663    0.00394   0.00915    2.071    -0.0038
   6          0        19            0        0.20496    0.00167    0.0172    1.598    -0.0062
   7          0        21            0        0.20218    0.00278   0.00603    0.669    -0.0062
   8          0        24            0        0.20033    0.00184   0.00702    0.977    -0.0036
   9          0        26            0        0.19883    0.00150    0.0144    1.486    -0.0031
  10          0        28            0        0.19644    0.00239   0.00839    1.004    -0.0037
  11          0        31            0        0.19484    0.00160   0.00800    1.181    -0.0026
  12          0        33            0        0.19340    0.00145   0.00715    2.147    -0.0019
  13          0        35            0        0.19182    0.00158   0.00714    1.371    -0.0026
  14          0        38            0        0.19083   0.000995   0.00435    0.703    -0.0028
  15          0        40            0        0.18949    0.00133   0.00477    1.283    -0.0019
  16          0        42            0        0.18809    0.00140   0.00781    1.760    -0.0019
  17          0        44            0        0.18632    0.00177   0.00595    1.308    -0.0027
  18          0        46            0        0.18455    0.00176   0.00727    2.112    -0.0021
  19          0        48            0        0.18247    0.00209   0.00798    1.291    -0.0034
  20          0        50            0        0.18190   0.000567    0.0103    2.238    -0.0023
  21          0        54            0        0.17966    0.00224   0.00316    1.288    -0.0035
  22          0        57            0        0.17881   0.000845   0.00367    1.467    -0.0011
  23          0        59            0        0.17770    0.00111   0.00371    1.219    -0.0017
  24          0        61            0        0.17707   0.000629   0.00479    2.339    -0.0012
  25          0        65            0        0.17567    0.00140   0.00346    1.564    -0.0020
  26          0        68            0        0.17476   0.000913   0.00263    1.225    -0.0015
  27          0        70            0        0.17370    0.00106   0.00323    1.666    -0.0014
  28          0        72            0        0.17293   0.000768   0.00400    2.724    -0.0010
  29          0        74            0        0.17191    0.00102   0.00246    1.628    -0.0012
  30          0        76            0        0.17090    0.00101   0.00399    3.152    -0.0008
  31          0        78            0        0.17064   0.000263   0.00392    2.661    -0.0010
  32          0        82            0        0.16980   0.000838   0.00160    1.260    -0.0013
  33          0        85            0        0.16934   0.000464   0.00280    2.217    -0.0004
  34          0        87            0        0.16862   0.000718   0.00188    1.392    -0.0008
  35          0        90            0        0.16816   0.000462   0.00278    1.975    -0.0005
  36          0        92            0        0.16736   0.000799   0.00199    2.069    -0.0006
  37          0        94            0        0.16687   0.000489   0.00336    1.985    -0.0010
  38          0        96            0        0.16624   0.000631   0.00145    1.389    -0.0009
  39          0        98            0        0.16570   0.000539   0.00463    3.263    -0.0005
  40          0       100            0        0.16505   0.000650   0.00204    1.193    -0.0011
  41          0       103            0        0.16461   0.000437   0.00276    1.539    -0.0006
  42          0       105            0        0.16396   0.000655   0.00261    2.300    -0.0005
  43          0       107            0        0.16340   0.000556   0.00336    2.532    -0.0006
  44          0       109            0        0.16271   0.000692   0.00337    1.787    -0.0008
  45          0       111            0        0.16239   0.000320   0.00316    2.031    -0.0009
  46          0       115            0        0.16157   0.000817   0.00174    1.328    -0.0012
  47          0       117            0        0.16134   0.000235   0.00366    4.896    -0.0004
  48          0       121            0        0.16049   0.000845   0.00272    1.323    -0.0013
  49          0       124            0        0.16007   0.000419   0.00229    2.040    -0.0004
  50          0       126            0        0.15941   0.000662   0.00243    1.462    -0.0007

                                     Optimization Results

Iterations                                  50  Function Calls                             128
Gradient Calls                              59  Active Constraints                           0
Objective Function                0.1594121125  Max Abs Gradient Element          0.0024284749
Slope of Search Direction         -0.000716303                                                

QUANEW needs more than 50 iterations or 2147483647 function calls.                             

WARNING: QUANEW Optimization cannot be completed.

 
                                                                                               
 
 

The NEURAL Procedure

               Optimization Results
                Parameter Estimates
                                          Gradient
                                         Objective
  N Parameter             Estimate        Function

  1 PC_1_H11             -1.781210    -0.000013789
  2 PC_10_H11            -2.120575     0.000043641
  3 PC_11_H11             0.848948       -0.000761
  4 PC_12_H11             0.507479       -0.000664
  5 PC_13_H11            -1.592342       -0.000690
  6 PC_14_H11            -0.393827     0.000094420
  7 PC_15_H11            -1.553273        0.000266
  8 PC_16_H11             0.418713       -0.000451
  9 PC_17_H11             0.649661        0.000436
 10 PC_2_H11              1.327749       -0.000572
 11 PC_3_H11             -0.151121       -0.000469
 12 PC_4_H11             -0.552623        0.000283
 13 PC_5_H11              1.063281        0.000313
 14 PC_6_H11             -0.355491     0.000096227
 15 PC_7_H11             -1.294953    -0.000038374
 16 PC_8_H11             -1.614570       -0.000264
 17 PC_9_H11             -2.358635        0.000339
 18 Year_Birth_H11       -0.165601       -0.000603
 19 PC_1_H12             -1.001527       -0.000740
 20 PC_10_H12             0.710495        0.000702
 21 PC_11_H12             0.718083       -0.000795
 22 PC_12_H12             1.302444       -0.000188
 23 PC_13_H12             0.549372        0.000207
 24 PC_14_H12            -0.237638        0.001159
 25 PC_15_H12             0.218689        0.001943
 26 PC_16_H12            -0.609046        0.000227
 27 PC_17_H12            -0.741939       -0.000569
 28 PC_2_H12             -0.776854       -0.000519
 29 PC_3_H12             -0.295928        0.000133
 30 PC_4_H12             -0.187398       -0.000262
 31 PC_5_H12              0.571655        0.000947
 32 PC_6_H12              0.302031     0.000035622
 33 PC_7_H12              0.356177        0.000619
 34 PC_8_H12              0.643939       -0.000144
 35 PC_9_H12             -1.316129        0.000748
 36 Year_Birth_H12       -0.758413       -0.001497
 37 PC_1_H13             -3.389780       -0.000165
 38 PC_10_H13             0.324803       -0.001674
 39 PC_11_H13            -1.873141    -0.000072963
 40 PC_12_H13            -2.716270        0.000495
 41 PC_13_H13             0.241095       -0.000800
 42 PC_14_H13            -0.123310        0.001151
 43 PC_15_H13             0.445157        0.000234
 44 PC_16_H13             0.147185        0.000637
 45 PC_17_H13            -0.095678       -0.000454
 46 PC_2_H13              0.719936       -0.000863
 47 PC_3_H13              0.685349        0.000171
 48 PC_4_H13              1.702875    -0.000043420
 49 PC_5_H13              2.112376       -0.000217
 50 PC_6_H13             -0.055605        0.000197
 51 PC_7_H13              0.002835       -0.000312
 52 PC_8_H13              0.008371        0.000333
 53 PC_9_H13              1.773692        0.000811
 54 Year_Birth_H13       -0.230977       -0.000491
 55 PC_1_H14             -1.253566       -0.000106
 56 PC_10_H14             1.336318       -0.000191
 57 PC_11_H14            -1.340709       -0.000767
 58 PC_12_H14            -0.261092        0.000730
 59 PC_13_H14             3.051749       -0.000360
 60 PC_14_H14            -1.040736        0.000846
 61 PC_15_H14             1.266221    -0.000000439
 62 PC_16_H14             0.651798        0.000835
 63 PC_17_H14             0.313711       -0.001059
 64 PC_2_H14             -0.376447       -0.000238
 65 PC_3_H14              0.178701        0.000452
 66 PC_4_H14             -0.323971    -0.000004571
 67 PC_5_H14             -0.848780        0.001074
 68 PC_6_H14             -0.556697        0.000230
 69 PC_7_H14              0.383105        0.000283
 70 PC_8_H14             -0.435791       -0.000664
 71 PC_9_H14              0.246814        0.000608
 72 Year_Birth_H14       -0.745091        0.000157
 73 PC_1_H15             -1.302340        0.000686
 74 PC_10_H15             1.492957       -0.000480
 75 PC_11_H15            -0.719196        0.002428
 76 PC_12_H15             0.278998       -0.000369
 77 PC_13_H15            -0.832023        0.000722
 78 PC_14_H15            -0.756584       -0.000267
 79 PC_15_H15             0.714196       -0.000890
 80 PC_16_H15            -0.567058       -0.000522
 81 PC_17_H15            -0.243421        0.000229
 82 PC_2_H15             -1.006143       -0.000220
 83 PC_3_H15             -0.909618       -0.000883
 84 PC_4_H15              0.776393        0.000390
 85 PC_5_H15              0.455952        0.000485
 86 PC_6_H15              1.084380    -0.000024799
 87 PC_7_H15              0.255277        0.000552
 88 PC_8_H15             -0.277781       -0.001459
 89 PC_9_H15             -0.016801       -0.002018
 90 Year_Birth_H15        0.546719        0.000443
 91 PC_1_H16             -0.233477        0.000230
 92 PC_10_H16            -1.618447        0.000387
 93 PC_11_H16             0.970107        0.000752
 94 PC_12_H16             0.676471       -0.000107
 95 PC_13_H16            -1.019171        0.000255
 96 PC_14_H16             1.033255       -0.000569
 97 PC_15_H16             0.897287       -0.000528
 98 PC_16_H16             0.678954       -0.000193
 99 PC_17_H16            -2.192596       -0.000207
100 PC_2_H16             -1.085055        0.000140
101 PC_3_H16              2.338505        0.000109
102 PC_4_H16             -1.659543       -0.000928
103 PC_5_H16             -1.461649       -0.000501
104 PC_6_H16              0.601347    -0.000097952
105 PC_7_H16             -0.145176     0.000075828
106 PC_8_H16              3.171163       -0.000175
107 PC_9_H16              1.297767       -0.000784
108 Year_Birth_H16       -2.118117        0.000292
109 PC_1_H17              0.463948       -0.000708
110 PC_10_H17             0.876913       -0.000380
111 PC_11_H17             0.283315        0.000117
112 PC_12_H17            -0.001939       -0.000328
113 PC_13_H17             0.809984       -0.000483
114 PC_14_H17            -0.478988        0.000937
115 PC_15_H17             0.367643        0.000538
116 PC_16_H17            -0.734425        0.000875
117 PC_17_H17             0.254264       -0.000487
118 PC_2_H17              2.391664       -0.000220
119 PC_3_H17              0.691968        0.000203
120 PC_4_H17             -0.573211       -0.000441
121 PC_5_H17              0.235813     0.000067482
122 PC_6_H17             -0.254982        0.000157
123 PC_7_H17             -0.250501        0.000390
124 PC_8_H17             -1.057129        0.000490
125 PC_9_H17             -0.084548        0.000787
126 Year_Birth_H17        0.733541        0.000350
127 BIAS_H11             -4.378963        0.000199
128 BIAS_H12              1.424924       -0.000744
129 BIAS_H13             -1.069647        0.000685
130 BIAS_H14              0.640126        0.000218
131 BIAS_H15             -3.141536        0.000301
132 BIAS_H16              1.316646        0.000309
133 BIAS_H17              2.599787        0.000668
134 H11_DepVar1          -2.356735        0.000846
135 H12_DepVar1          -3.011276       -0.000411
136 H13_DepVar1          -3.334266       -0.001633
137 H14_DepVar1          -2.345226     0.000045969
138 H15_DepVar1           3.049873       -0.000203
139 H16_DepVar1           2.410496        0.000431
140 H17_DepVar1          -2.388318        0.000677
141 BIAS_DepVar1         -2.530777       -0.000871

Value of Objective Function = 0.1594121125

