 
                                                                                               
 
 
Variable Summary

          Measurement    Frequency
 Role        Level         Count

INPUT      INTERVAL          6    
TARGET     BINARY            1    
 
                                                                                               
 
 
Model Events

                                  Number
                   Measurement      of
Target    Event       Level       Levels      Order       Label

DepVar      1        BINARY          2      Descending    DepVar
 
                                                                                               
 
 
Predicted and decision variables

Type         Variable     Label

TARGET       DepVar       DepVar             
PREDICTED    P_DepVar1    Predicted: DepVar=1
RESIDUAL     R_DepVar1    Residual: DepVar=1 
PREDICTED    P_DepVar0    Predicted: DepVar=0
RESIDUAL     R_DepVar0    Residual: DepVar=0 
FROM         F_DepVar     From: DepVar       
INTO         I_DepVar     Into: DepVar       
 
                                                                                               
 
 

The NEURAL Procedure

Preliminary       Starting         Objective         Number
 Training          Random           Function           of        Terminating
    Run             Seed             Value         Iterations     Criteria

        1               12345    0.223859437447           10                
        2          1071492826    0.223647707119           10                
        3          1070099194    0.219029298633           10                
        4           267208285    0.224542310716           10                
        5          2067114886    0.230949375311           10                
 
                                                                                               
 
 

The NEURAL Procedure

                     Optimization Start
                    Parameter Estimates
                                                   Gradient
                                                  Objective
  N Parameter                      Estimate        Function

  1 AcceptedCmpTotal_H11          -0.232906        0.002531
  2 Mnt_H11                       -0.109470       -0.000616
  3 MntMeatProducts_H11           -0.029231        0.000235
  4 NumCatalogPurchases_H11       -0.379251    -0.000053919
  5 RFMstat_H11                   -0.123595       -0.014211
  6 Recency_H11                    0.609118        0.004475
  7 AcceptedCmpTotal_H12          -0.416716        0.001968
  8 Mnt_H12                        0.353668       -0.000886
  9 MntMeatProducts_H12           -0.544569       -0.001252
 10 NumCatalogPurchases_H12        0.180069       -0.000709
 11 RFMstat_H12                    0.081444        0.000786
 12 Recency_H12                    0.458097       -0.001460
 13 AcceptedCmpTotal_H13          -0.185327       -0.003479
 14 Mnt_H13                       -0.145761       -0.004112
 15 MntMeatProducts_H13           -0.379965       -0.000404
 16 NumCatalogPurchases_H13       -1.564344       -0.004741
 17 RFMstat_H13                   -0.648050       -0.001657
 18 Recency_H13                    0.255442       -0.005043
 19 AcceptedCmpTotal_H14           0.665280        0.000391
 20 Mnt_H14                        0.710738       -0.000239
 21 MntMeatProducts_H14            0.324801       -0.000566
 22 NumCatalogPurchases_H14        0.001089        0.000274
 23 RFMstat_H14                   -0.851748        0.000761
 24 Recency_H14                    0.226775     0.000014747
 25 AcceptedCmpTotal_H15          -0.244699       -0.001960
 26 Mnt_H15                        2.332676       -0.002916
 27 MntMeatProducts_H15           -1.073240       -0.000490
 28 NumCatalogPurchases_H15       -0.008552       -0.002518
 29 RFMstat_H15                    0.256870       -0.002091
 30 Recency_H15                    0.184273       -0.001657
 31 BIAS_H11                       1.582588        0.000285
 32 BIAS_H12                      -0.429324        0.003261
 33 BIAS_H13                      -1.693763        0.007754
 34 BIAS_H14                      -0.349810       -0.000522
 35 BIAS_H15                       0.770611        0.002746
 36 H11_DepVar1                   -3.635708       -0.002406
 37 H12_DepVar1                   -1.914003        0.001642
 38 H13_DepVar1                   -3.062886        0.001073
 39 H14_DepVar1                    0.724732       -0.000729
 40 H15_DepVar1                   -2.941156        0.001621
 41 BIAS_DepVar1                  -1.371908       -0.002479

Value of Objective Function = 0.2190292986

 
                                                                                               
 
 

The NEURAL Procedure

Levenberg-Marquardt Optimization


Minimum Iterations                                0
Maximum Iterations                               50
Maximum Function Calls                   2147483647
Maximum CPU Time                              14400
ABSGCONV Gradient Criterion                 0.00001
GCONV Gradient Criterion                       1E-8
GCONV2 Gradient Criterion                         0
ABSFCONV Function Criterion                       0
FCONV Function Criterion                     0.0001
FCONV2 Function Criterion                         0
FSIZE Parameter                                   0
ABSXCONV Parameter Change Criterion               0
XCONV Parameter Change Criterion                  0
XSIZE Parameter                                   0
ABSCONV Function Criterion             0.0020529663
Trust Region Initial Radius Factor                1
Singularity Tolerance (SINGULAR)               1E-8

Levenberg-Marquardt Optimization

Scaling Update of More (1978)

Parameter Estimates              41

                                      Optimization Start

Active Constraints                           0  Objective Function                0.2190292986
Max Abs Gradient Element          0.0142107322  Radius                                       1


                                                                                         Ratio
                                                                                       Between
                                                                                        Actual
                                                       Objective   Max Abs                 and
                 Function       Active      Objective   Function  Gradient           Predicted
Iter   Restarts     Calls  Constraints       Function     Change   Element   Lambda     Change

   1          0         3            0        0.21561    0.00342    0.0152    0.118      0.891
   2          0         4            0        0.21134    0.00427    0.0111   0.0349      0.870
   3          0         5            0        0.20978    0.00155    0.0512  0.00839      0.308
   4          0         7            0        0.20840    0.00138    0.0107   0.0131      0.265
   5          0         9            0        0.20723    0.00117    0.0117   0.0992      0.299
   6          0        11            0        0.20647   0.000763   0.00447    0.146      0.635
   7          0        12            0        0.20644   0.000030   0.00257   0.0858     0.0391
   8          0        13            0        0.20608   0.000364   0.00253    0.502      0.586
   9          0        14            0        0.20598   0.000092   0.00106    0.110      0.602
  10          0        15            0        0.20596   0.000023   0.00169    0.141      0.127
  11          0        17            0        0.20589   0.000074   0.00152    0.634      0.367
  12          0        18            0        0.20585   0.000032  0.000941    0.324      0.331
  13          0        19            0        0.20583   0.000027   0.00102    0.330      0.271
  14          0        20            0        0.20580   0.000029  0.000963    0.367      0.280
  15          0        21            0        0.20577   0.000026   0.00104    0.334      0.247
  16          0        22            0        0.20574   0.000028  0.000981    0.382      0.260
  17          0        23            0        0.20572   0.000024   0.00107    0.345      0.225
  18          0        24            0        0.20569   0.000027  0.000999    0.394      0.241
  19          0        25            0        0.20567   0.000023   0.00108    0.356      0.206
  20          0        26            0        0.20564   0.000026   0.00101    0.405      0.226
  21          0        27            0        0.20562   0.000022   0.00110    0.365      0.190
  22          0        28            0        0.20560   0.000026   0.00102    0.414      0.213
  23          0        29            0        0.20557   0.000021   0.00110    0.374      0.178
  24          0        30            0        0.20555   0.000025   0.00102    0.421      0.202
  25          0        31            0        0.20553   0.000020   0.00110    0.381      0.169
  26          0        32            0        0.20551   0.000024   0.00102    0.425      0.193
  27          0        33            0        0.20549   0.000020   0.00110    0.386      0.161
  28          0        34            0        0.20546   0.000023   0.00102    0.428      0.185
  29          0        35            0        0.20544   0.000019   0.00109    0.391      0.155
  30          0        36            0        0.20542   0.000023   0.00102    0.430      0.178
  31          0        37            0        0.20540   0.000019   0.00108    0.394      0.150
  32          0        38            0        0.20538   0.000022   0.00101    0.430      0.172
  33          0        39            0        0.20536   0.000018   0.00107    0.397      0.146
  34          0        40            0        0.20534   0.000021   0.00101    0.429      0.166
  35          0        41            0        0.20532   0.000018   0.00106    0.399      0.143
  36          0        42            0        0.20530   0.000021  0.000999    0.428      0.161
  37          0        43            0        0.20528   0.000018   0.00105    0.401      0.141
  38          0        44            0        0.20526   0.000020  0.000991    0.426      0.157
  39          0        45            0        0.20525   0.000017   0.00103    0.402      0.139
  40          0        46            0        0.20523   0.000019  0.000984    0.424      0.153
  41          0        47            0        0.20521   0.000017   0.00102    0.403      0.137
  42          0        48            0        0.20519   0.000019  0.000976    0.421      0.150
  43          0        49            0        0.20517   0.000017   0.00101    0.404      0.136
  44          0        50            0        0.20515   0.000018  0.000969    0.419      0.147
  45          0        51            0        0.20514   0.000017  0.000996    0.405      0.135
  46          0        52            0        0.20512   0.000018  0.000962    0.416      0.144

                                     Optimization Results

Iterations                                  46  Function Calls                              54
Jacobian Calls                              48  Active Constraints                           0
Objective Function                0.2051199619  Max Abs Gradient Element          0.0009623983
Lambda                            0.4164144572  Actual Over Pred Change           0.1437499293
Radius                            0.0133870335                                                

Convergence criterion (FCONV=0.0001) satisfied.                                                
 
                                                                                               
 
 

The NEURAL Procedure

                    Optimization Results
                    Parameter Estimates
                                                   Gradient
                                                  Objective
  N Parameter                      Estimate        Function

  1 AcceptedCmpTotal_H11          -0.269452    -0.000031355
  2 Mnt_H11                        0.055092     0.000003498
  3 MntMeatProducts_H11           -0.139016       -0.000152
  4 NumCatalogPurchases_H11       -0.271914        0.000703
  5 RFMstat_H11                   -0.081101       -0.000281
  6 Recency_H11                    0.634021       -0.000379
  7 AcceptedCmpTotal_H12          -0.673189    -0.000039277
  8 Mnt_H12                        0.374453     0.000078630
  9 MntMeatProducts_H12           -0.457494    -0.000059110
 10 NumCatalogPurchases_H12       -0.081896        0.000216
 11 RFMstat_H12                    0.085925    -0.000054779
 12 Recency_H12                    0.740796    -0.000040587
 13 AcceptedCmpTotal_H13           0.023356    -0.000095410
 14 Mnt_H13                       -0.119290     0.000008735
 15 MntMeatProducts_H13           -2.878993        0.000150
 16 NumCatalogPurchases_H13       -0.700601    -0.000078582
 17 RFMstat_H13                   -0.964249     0.000052033
 18 Recency_H13                    0.041142    -0.000077360
 19 AcceptedCmpTotal_H14           1.446563       -0.000173
 20 Mnt_H14                        2.594308       -0.000428
 21 MntMeatProducts_H14            2.956215       -0.000295
 22 NumCatalogPurchases_H14       -0.715890       -0.000962
 23 RFMstat_H14                   -6.242018    -0.000094337
 24 Recency_H14                   -0.267534        0.000413
 25 AcceptedCmpTotal_H15          -0.112663    -0.000059478
 26 Mnt_H15                        2.443854        0.000246
 27 MntMeatProducts_H15           -0.840982       -0.000169
 28 NumCatalogPurchases_H15       -0.136184        0.000412
 29 RFMstat_H15                    0.097646    -0.000037300
 30 Recency_H15                    0.040015        0.000216
 31 BIAS_H11                       1.705235        0.000447
 32 BIAS_H12                      -0.687270        0.000104
 33 BIAS_H13                      -3.194232        0.000336
 34 BIAS_H14                      -0.266272       -0.000495
 35 BIAS_H15                       1.456102    -0.000063192
 36 H11_DepVar1                   -5.103614    -0.000012401
 37 H12_DepVar1                   -2.859000        0.000213
 38 H13_DepVar1                   -6.522947        0.000222
 39 H14_DepVar1                    1.020846     0.000045211
 40 H15_DepVar1                   -6.671436     0.000056048
 41 BIAS_DepVar1                  -0.821089       -0.000125

Value of Objective Function = 0.2051199619

