 
                                                                                               
 
 
Variable Summary

            Measurement    Frequency
Role           Level         Count

INPUT        INTERVAL          13   
INPUT        NOMINAL            1   
REJECTED     BINARY             7   
REJECTED     INTERVAL          11   
REJECTED     NOMINAL            1   
TARGET       BINARY             1   
 
                                                                                               
 
 
Model Events

                                  Number
                   Measurement      of
Target    Event       Level       Levels      Order       Label

DepVar      1        BINARY          2      Descending    DepVar
 
                                                                                               
 
 
Predicted and decision variables

Type         Variable     Label

TARGET       DepVar       DepVar             
PREDICTED    P_DepVar1    Predicted: DepVar=1
RESIDUAL     R_DepVar1    Residual: DepVar=1 
PREDICTED    P_DepVar0    Predicted: DepVar=0
RESIDUAL     R_DepVar0    Residual: DepVar=0 
FROM         F_DepVar     From: DepVar       
INTO         I_DepVar     Into: DepVar       
 
                                                                                               
 
 

The NEURAL Procedure

Preliminary       Starting         Objective         Number
 Training          Random           Function           of        Terminating
    Run             Seed             Value         Iterations     Criteria

        1               12345    0.107873785107           10                
        2           734635899    0.080340689519           10                
        3             6541955    0.093313011929           10                
        4           335245709    0.094544178493           10                
        5          1489754846    0.100111222325           10                
 
                                                                                               
 
 

The NEURAL Procedure

                      Optimization Start
                      Parameter Estimates
                                                      Gradient
                                                     Objective
  N Parameter                         Estimate        Function

  1 AcceptedCmpTotal_H11             -0.395407        0.003640
  2 Frq_H11                           1.155253       -0.002971
  3 Income_H11                        0.055175       -0.004424
  4 Mnt_H11                           0.251297       -0.008883
  5 MntGoldProds_H11                 -0.065715       -0.004873
  6 MntMeatProducts_H11              -0.618508       -0.012611
  7 NumCatalogPurchases_H11          -0.724382       -0.005973
  8 NumDealsPurchases_H11            -0.138876        0.011958
  9 NumWebVisitsMonth_H11            -0.571015        0.008250
 10 RFMstat_H11                       0.025992       -0.003847
 11 Recency_H11                       0.876755       -0.000703
 12 Teenhome_H11                      0.048963        0.009043
 13 Year_Birth_H11                   -0.098219       -0.006428
 14 AcceptedCmpTotal_H12             -0.016525        0.010283
 15 Frq_H12                           2.080255       -0.002006
 16 Income_H12                       -0.456859        0.001029
 17 Mnt_H12                           0.091975       -0.001938
 18 MntGoldProds_H12                  0.015315       -0.002424
 19 MntMeatProducts_H12              -2.992572       -0.003113
 20 NumCatalogPurchases_H12          -1.815231       -0.002669
 21 NumDealsPurchases_H12            -0.587743        0.005037
 22 NumWebVisitsMonth_H12             0.020653        0.005013
 23 RFMstat_H12                      -0.633091       -0.000522
 24 Recency_H12                       0.074997       -0.006367
 25 Teenhome_H12                      0.037158        0.010188
 26 Year_Birth_H12                   -0.264897       -0.013780
 27 AcceptedCmpTotal_H13              0.983405       -0.003603
 28 Frq_H13                          -0.175441       -0.003116
 29 Income_H13                       -0.271316       -0.003646
 30 Mnt_H13                          -1.777124       -0.002910
 31 MntGoldProds_H13                  0.075831       -0.001269
 32 MntMeatProducts_H13               0.856717       -0.003238
 33 NumCatalogPurchases_H13           0.419665       -0.002545
 34 NumDealsPurchases_H13             0.634250       -0.000596
 35 NumWebVisitsMonth_H13             0.671457        0.001794
 36 RFMstat_H13                       0.551364       -0.001842
 37 Recency_H13                       0.066018        0.000629
 38 Teenhome_H13                      0.026968       -0.002253
 39 Year_Birth_H13                   -0.392426        0.003114
 40 AcceptedCmpTotal_H14             -0.321579        0.003510
 41 Frq_H14                          -0.195311       -0.001419
 42 Income_H14                       -1.020233       -0.002578
 43 Mnt_H14                           0.576024       -0.004693
 44 MntGoldProds_H14                 -0.019392        0.000750
 45 MntMeatProducts_H14              -0.554099       -0.007311
 46 NumCatalogPurchases_H14          -0.504514       -0.000426
 47 NumDealsPurchases_H14             0.295156        0.002030
 48 NumWebVisitsMonth_H14            -0.738925       -0.000364
 49 RFMstat_H14                       0.116700       -0.002415
 50 Recency_H14                       0.926864        0.007098
 51 Teenhome_H14                      0.461808        0.000697
 52 Year_Birth_H14                    0.055309        0.001891
 53 Marital_StatusDivorced_H11       -0.273304    -0.000002140
 54 Marital_StatusMarried_H11         0.282515    -0.000076638
 55 Marital_StatusSingle_H11         -0.141952       -0.001168
 56 Marital_StatusTogether_H11        0.341964        0.000432
 57 Marital_StatusDivorced_H12        0.212161        0.002078
 58 Marital_StatusMarried_H12        -0.387578        0.000366
 59 Marital_StatusSingle_H12          0.403547        0.000692
 60 Marital_StatusTogether_H12       -0.294386        0.003056
 61 Marital_StatusDivorced_H13       -0.517383       -0.000985
 62 Marital_StatusMarried_H13         0.077976       -0.000542
 63 Marital_StatusSingle_H13          0.771689    -0.000051069
 64 Marital_StatusTogether_H13       -0.004550       -0.000787
 65 Marital_StatusDivorced_H14       -0.228930       -0.000991
 66 Marital_StatusMarried_H14         1.043770       -0.001333
 67 Marital_StatusSingle_H14         -0.746571       -0.002922
 68 Marital_StatusTogether_H14        0.554767       -0.002011
 69 BIAS_H11                          0.837922       -0.000420
 70 BIAS_H12                         -1.463019        0.008002
 71 BIAS_H13                         -0.713035       -0.002145
 72 BIAS_H14                          2.587782       -0.005012
 73 H11_DepVar1                      -5.275997        0.000537
 74 H12_DepVar1                      -4.318997        0.000263
 75 H13_DepVar1                       2.509949       -0.002626
 76 H14_DepVar1                      -4.695870        0.000139
 77 BIAS_DepVar1                     -0.180675       -0.000272

Value of Objective Function = 0.0803406895

 
                                                                                               
 
 

The NEURAL Procedure

Levenberg-Marquardt Optimization


Minimum Iterations                                0
Maximum Iterations                               50
Maximum Function Calls                   2147483647
Maximum CPU Time                              14400
ABSGCONV Gradient Criterion                 0.00001
GCONV Gradient Criterion                       1E-8
GCONV2 Gradient Criterion                         0
ABSFCONV Function Criterion                       0
FCONV Function Criterion                     0.0001
FCONV2 Function Criterion                         0
FSIZE Parameter                                   0
ABSXCONV Parameter Change Criterion               0
XCONV Parameter Change Criterion                  0
XSIZE Parameter                                   0
ABSCONV Function Criterion             0.0020529663
Trust Region Initial Radius Factor                1
Singularity Tolerance (SINGULAR)               1E-8

Levenberg-Marquardt Optimization

Scaling Update of More (1978)

Parameter Estimates              77

                                      Optimization Start

Active Constraints                           0  Objective Function                0.0803406895
Max Abs Gradient Element          0.0137796701  Radius                                       1


                                                                                         Ratio
                                                                                       Between
                                                                                        Actual
                                                       Objective   Max Abs                 and
                 Function       Active      Objective   Function  Gradient           Predicted
Iter   Restarts     Calls  Constraints       Function     Change   Element   Lambda     Change

   1          0         3            0        0.07742    0.00293   0.00648    0.260      0.532
   2          0         4            0        0.07599    0.00142   0.00721    0.133      0.469
   3          0         5            0        0.07531   0.000680   0.00900    0.126      0.251
   4          0         6            0        0.07456   0.000752    0.0106    0.116      0.238
   5          0         7            0        0.07401   0.000550   0.00874    0.109      0.181
   6          0         8            0        0.07352   0.000491    0.0125    0.112      0.151
   7          0         9            0        0.07330   0.000221   0.00962   0.0952     0.0697
   8          0        10            0        0.07198    0.00132   0.00461    0.442      0.485
   9          0        11            0        0.07151   0.000472   0.00357    0.133      0.555
  10          0        12            0        0.07126   0.000246   0.00287    0.134      0.357
  11          0        13            0        0.07110   0.000163   0.00392    0.123      0.233
  12          0        14            0        0.07095   0.000149   0.00390    0.141      0.181
  13          0        15            0        0.07086   0.000094   0.00456    0.132      0.110
  14          0        16            0        0.07071   0.000149   0.00469    0.150      0.153
  15          0        17            0        0.07063   0.000077   0.00487    0.133     0.0835
  16          0        18            0        0.07028   0.000347   0.00211    0.528      0.460
  17          0        19            0        0.07015   0.000129   0.00199    0.176      0.537
  18          0        20            0        0.07005   0.000102   0.00150    0.189      0.482
  19          0        21            0        0.06995   0.000098   0.00169    0.174      0.507
  20          0        22            0        0.06969   0.000267   0.00202   0.0441      0.605
  21          0        23            0        0.06958   0.000106   0.00391   0.0501      0.187
  22          0        25            0        0.06939   0.000189   0.00344    0.244      0.274
  23          0        26            0        0.06929   0.000098   0.00311    0.134      0.213
  24          0        27            0        0.06920   0.000094   0.00314    0.176      0.176
  25          0        28            0        0.06911   0.000086   0.00337    0.152      0.166
  26          0        29            0        0.06903   0.000087   0.00320    0.183      0.150
  27          0        30            0        0.06894   0.000085   0.00358    0.160      0.151
  28          0        31            0        0.06886   0.000079   0.00330    0.190      0.126
  29          0        32            0        0.06878   0.000085   0.00376    0.166      0.140
  30          0        33            0        0.06871   0.000069   0.00356    0.196      0.104
  31          0        34            0        0.06862   0.000086   0.00392    0.172      0.132
  32          0        35            0        0.06856   0.000061   0.00380    0.203     0.0854
  33          0        36            0        0.06831   0.000253   0.00234    0.799      0.524
  34          0        37            0        0.06822   0.000092   0.00163    0.228      0.654
  35          0        38            0        0.06814   0.000076   0.00125    0.227      0.640
  36          0        39            0        0.06807   0.000072   0.00132    0.233      0.613
  37          0        40            0        0.06787   0.000199   0.00151   0.0628      0.753
  38          0        41            0        0.06767   0.000196   0.00408   0.0285      0.362
  39          0        43            0        0.06760   0.000073   0.00383    0.122      0.106
  40          0        45            0        0.06736   0.000234   0.00189    0.664      0.432
  41          0        46            0        0.06728   0.000084   0.00194    0.168      0.449
  42          0        47            0        0.06722   0.000056   0.00187    0.209      0.278
  43          0        48            0        0.06716   0.000068   0.00244    0.209      0.302
  44          0        49            0        0.06708   0.000074   0.00199    0.271      0.284
  45          0        50            0        0.06697   0.000115   0.00267    0.254      0.438
  46          0        51            0        0.06682   0.000143   0.00219    0.338      0.512
  47          0        52            0        0.06662   0.000201   0.00237    0.315      0.742
  48          0        53            0        0.06642   0.000201   0.00193    0.379      0.747
  49          0        54            0        0.06589   0.000533   0.00238   0.0822      0.969
  50          0        55            0        0.06513   0.000762   0.00839   0.0389      0.681

                                     Optimization Results

Iterations                                  50  Function Calls                              57
Jacobian Calls                              52  Active Constraints                           0
Objective Function                 0.065127155  Max Abs Gradient Element          0.0083860108
Lambda                            0.0389396486  Actual Over Pred Change           0.6806391133
Radius                            0.1385757108                                                

LEVMAR needs more than 50 iterations or 2147483647 function calls.                             

WARNING: LEVMAR Optimization cannot be completed.

 
                                                                                               
 
 

The NEURAL Procedure

                     Optimization Results
                      Parameter Estimates
                                                      Gradient
                                                     Objective
  N Parameter                         Estimate        Function

  1 AcceptedCmpTotal_H11             -0.365916       -0.002359
  2 Frq_H11                           0.779900       -0.003906
  3 Income_H11                        0.138545       -0.004993
  4 Mnt_H11                           0.289269       -0.008386
  5 MntGoldProds_H11                 -0.046954       -0.007102
  6 MntMeatProducts_H11              -0.518816       -0.006694
  7 NumCatalogPurchases_H11          -0.599871       -0.004749
  8 NumDealsPurchases_H11            -0.131364        0.002264
  9 NumWebVisitsMonth_H11            -0.420076        0.003595
 10 RFMstat_H11                       0.043294       -0.002633
 11 Recency_H11                       0.712621       -0.001939
 12 Teenhome_H11                      0.011859        0.002105
 13 Year_Birth_H11                   -0.014208        0.002178
 14 AcceptedCmpTotal_H12             -0.052689       -0.001245
 15 Frq_H12                           1.428010       -0.001641
 16 Income_H12                       -0.208075       -0.003105
 17 Mnt_H12                          -0.004740       -0.002102
 18 MntGoldProds_H12                  0.099646       -0.001914
 19 MntMeatProducts_H12              -3.315727       -0.001894
 20 NumCatalogPurchases_H12          -0.705885       -0.002322
 21 NumDealsPurchases_H12            -0.449294        0.000132
 22 NumWebVisitsMonth_H12             0.070001        0.002943
 23 RFMstat_H12                      -0.362391       -0.000687
 24 Recency_H12                      -0.207318       -0.002882
 25 Teenhome_H12                      0.015595       -0.000657
 26 Year_Birth_H12                   -0.046351        0.002960
 27 AcceptedCmpTotal_H13              1.332373       -0.002327
 28 Frq_H13                          -0.949275       -0.001244
 29 Income_H13                       -0.187357       -0.002346
 30 Mnt_H13                          -1.932430       -0.003225
 31 MntGoldProds_H13                 -0.060314       -0.002168
 32 MntMeatProducts_H13               1.112317       -0.003258
 33 NumCatalogPurchases_H13           0.590785       -0.001722
 34 NumDealsPurchases_H13             0.618096        0.001274
 35 NumWebVisitsMonth_H13             2.009133        0.000246
 36 RFMstat_H13                       1.260212       -0.000907
 37 Recency_H13                       0.194232        0.000954
 38 Teenhome_H13                      0.349934        0.000157
 39 Year_Birth_H13                   -0.236776       -0.001276
 40 AcceptedCmpTotal_H14             -0.285261       -0.002433
 41 Frq_H14                           0.137769       -0.002159
 42 Income_H14                       -1.005044       -0.003528
 43 Mnt_H14                           0.477867       -0.005443
 44 MntGoldProds_H14                 -0.085625       -0.004638
 45 MntMeatProducts_H14              -0.420617       -0.006067
 46 NumCatalogPurchases_H14          -0.551992       -0.003569
 47 NumDealsPurchases_H14             0.366666        0.001956
 48 NumWebVisitsMonth_H14            -0.476712        0.002282
 49 RFMstat_H14                       0.102318       -0.003477
 50 Recency_H14                       0.878251        0.000359
 51 Teenhome_H14                      0.497195        0.002310
 52 Year_Birth_H14                    0.003207        0.000174
 53 Marital_StatusDivorced_H11       -0.187263       -0.000444
 54 Marital_StatusMarried_H11         0.101158        0.001795
 55 Marital_StatusSingle_H11          0.056300        0.000155
 56 Marital_StatusTogether_H11        0.107308       -0.001077
 57 Marital_StatusDivorced_H12        0.270420    -0.000013293
 58 Marital_StatusMarried_H12        -0.144802        0.001947
 59 Marital_StatusSingle_H12         -0.052586        0.000620
 60 Marital_StatusTogether_H12       -0.053600     0.000053610
 61 Marital_StatusDivorced_H13       -0.893526       -0.000476
 62 Marital_StatusMarried_H13         0.052457       -0.001276
 63 Marital_StatusSingle_H13          2.671766       -0.001018
 64 Marital_StatusTogether_H13       -0.310732    -0.000038710
 65 Marital_StatusDivorced_H14       -0.441988       -0.000605
 66 Marital_StatusMarried_H14         1.065524       -0.000207
 67 Marital_StatusSingle_H14         -0.530775        0.000442
 68 Marital_StatusTogether_H14        0.458757       -0.001268
 69 BIAS_H11                          1.112269        0.000704
 70 BIAS_H12                         -2.176341        0.003739
 71 BIAS_H13                          0.133885       -0.002535
 72 BIAS_H14                          2.875068       -0.002408
 73 H11_DepVar1                      -9.473961        0.000229
 74 H12_DepVar1                     -11.002707    -0.000098451
 75 H13_DepVar1                       3.811839       -0.000857
 76 H14_DepVar1                     -10.708118    -0.000077729
 77 BIAS_DepVar1                      0.728514     0.000050212

Value of Objective Function = 0.065127155

