 
                                                                                               
 
 
Variable Summary

            Measurement    Frequency
Role           Level         Count

INPUT        INTERVAL           1   
INPUT        NOMINAL           17   
REJECTED     BINARY             7   
REJECTED     INTERVAL          23   
REJECTED     NOMINAL            2   
TARGET       BINARY             1   
 
                                                                                               
 
 
Model Events

                                  Number
                   Measurement      of
Target    Event       Level       Levels      Order       Label

DepVar      1        BINARY          2      Descending    DepVar
 
                                                                                               
 
 
Predicted and decision variables

Type         Variable     Label

TARGET       DepVar       DepVar             
PREDICTED    P_DepVar1    Predicted: DepVar=1
RESIDUAL     R_DepVar1    Residual: DepVar=1 
PREDICTED    P_DepVar0    Predicted: DepVar=0
RESIDUAL     R_DepVar0    Residual: DepVar=0 
FROM         F_DepVar     From: DepVar       
INTO         I_DepVar     Into: DepVar       
 
                                                                                
 
 
Search # 1 FUNNEL LAYERS trial # 1 : DIRECT : Training

_ITER_     _AIC_     _AVERR_     _MISC_    _VAVERR_    _VMISC_

   0      2275.06    0.42482    0.15122     0.42661    0.15226
   1      1899.93    0.34581    0.13774     0.36872    0.15815
   2      1618.27    0.28649    0.11879     0.31421    0.12868
   3      1521.02    0.26601    0.10657     0.30797    0.13261
   4      1435.00    0.24789    0.10404     0.29382    0.12672
   5      1357.71    0.23161    0.09267     0.29153    0.11984
   6      1259.78    0.21099    0.08846     0.28352    0.11690
   7      1226.82    0.20405    0.08593     0.29621    0.12672
   8      1174.45    0.19302    0.08509     0.27733    0.10806
   9      1157.80    0.18951    0.08088     0.27029    0.10806
  10      1130.27    0.18371    0.07582     0.27275    0.11198
  11      1110.50    0.17955    0.07498     0.29022    0.11984
  12      1094.01    0.17608    0.07245     0.27061    0.11297
  13      1081.93    0.17353    0.07287     0.28417    0.11198
  14      1065.45    0.17006    0.07372     0.26820    0.10707
  15      1048.42    0.16647    0.07203     0.25889    0.10707
  16      1040.60    0.16483    0.06782     0.26180    0.10904
  17      1029.26    0.16244    0.06992     0.25388    0.10314
  18      1015.87    0.15962    0.06698     0.25903    0.10707
  19      1009.89    0.15836    0.07077     0.26741    0.11100
  20      1001.19    0.15653    0.06698     0.25912    0.10904
  21       995.72    0.15538    0.06445     0.25132    0.10511
  22       989.24    0.15401    0.06529     0.25511    0.10806
  23       981.56    0.15239    0.06782     0.25471    0.10413
  24       974.88    0.15099    0.06655     0.25201    0.10020
  25       970.46    0.15005    0.06529     0.25185    0.10216
  26       967.29    0.14939    0.06403     0.24911    0.10511
  27       966.13    0.14914    0.06403     0.25285    0.10806
  28       963.50    0.14859    0.06318     0.24996    0.10707
  29       959.56    0.14776    0.06108     0.25098    0.11002
  30       957.33    0.14729    0.06066     0.25079    0.10609
  31       954.83    0.14676    0.05981     0.25026    0.10609
  32       953.11    0.14640    0.06276     0.24771    0.10216
  33       950.69    0.14589    0.06234     0.24653    0.10707
  34       947.72    0.14526    0.06192     0.24151    0.10118
  35       946.88    0.14509    0.06024     0.24199    0.09921
  36       943.83    0.14445    0.06108     0.24102    0.10020
  37       940.26    0.14369    0.06066     0.24020    0.09627
  38       938.43    0.14331    0.06276     0.24158    0.09627
  39       936.79    0.14296    0.06108     0.23765    0.09921
  40       934.51    0.14248    0.05981     0.23954    0.09725
  41       932.70    0.14210    0.05602     0.23858    0.10118
  42       931.75    0.14190    0.05813     0.23895    0.09921
  43       931.25    0.14180    0.05687     0.23992    0.10216
  44       930.48    0.14163    0.05729     0.23955    0.10413
  45       929.39    0.14141    0.05771     0.23969    0.09921
  46       928.77    0.14127    0.05813     0.24171    0.10020
  47       928.13    0.14114    0.05813     0.24047    0.09921
  48       927.26    0.14096    0.05855     0.24121    0.09921
  49       926.75    0.14085    0.05687     0.24078    0.09528
  50       926.00    0.14069    0.05602     0.23921    0.09921
  50       926.00    0.14069    0.05602     0.23921    0.09921
 
                                                                                
 
 
Selected Iteration based on _VMISC_

_ITER_     _AIC_     _AVERR_     _MISC_     _VAVERR_     _VMISC_

  49      926.754    0.14085    0.056866     0.24078    0.095285
 
                                                                                
 
 
Search # 1 FUNNEL LAYERS trial # 2 : LOGISTIC : Prelim

The NEURAL Procedure

Preliminary       Starting         Objective         Number
 Training          Random           Function           of        Terminating
    Run             Seed             Value         Iterations     Criteria

        1          2014201968    0.127469450531           25                
        2           643094474     0.15290122213           25                
        3          2055551854    0.141323106402           25                
        4           903642918    0.127734741979           25                
        5           102648599    0.137165894629           25                
        6          1236514616    0.145772307615           25                
        7           721509095    0.150339549402           25                
        8          1397597307    0.139699088333           25                
        9           519166958    0.124761956198           25                
       10           611720410    0.132705614235           25                
       11           105615475    0.124227823997           25                
       12          1000014323    0.143301388075           25                
       13          1950706486    0.139250471264           25                
       14           487769908    0.126172911995           25                
       15          1167547939    0.147667655441           25                
       16           381772903    0.137172541179           25                
       17           191769658    0.142403195545           25                
       18           134166808     0.12694215501           25                
       19           105480417    0.126163945436           25                
       20          1677790375    0.141836357087           25                
       21            31272551    0.158174977812           25                
       22          1094824714    0.141908853767           25                
       23          1329455205    0.147953873151           25                
       24          1956124215     0.14270049177           25                
 
                                                                                
 
 
Search # 1 FUNNEL LAYERS trial # 2 : LOGISTIC : Training

_ITER_     _AIC_     _AVERR_     _MISC_     _VAVERR_    _VMISC_

   0      2151.83    0.12423    0.052233     0.26207    0.10020
   1      2143.41    0.12245    0.048863     0.25693    0.10216
   2      2134.10    0.12049    0.048020     0.25995    0.10413
   3      2130.81    0.11980    0.045493     0.25895    0.10511
   4      2118.52    0.11721    0.041702     0.25617    0.10511
   5      2103.07    0.11396    0.040859     0.26059    0.10118
   6      2095.96    0.11246    0.038753     0.26121    0.09921
   7      2085.93    0.11035    0.034120     0.25970    0.10216
   8      2071.82    0.10738    0.036647     0.26432    0.10118
   9      2055.47    0.10393    0.034541     0.26831    0.09823
  10      2049.51    0.10268    0.034962     0.27641    0.10707
  11      2044.41    0.10160    0.039596     0.27996    0.10609
  12      2035.96    0.09982    0.038332     0.28351    0.10609
  13      2011.88    0.09475    0.033277     0.27743    0.10314
  14      2006.53    0.09363    0.034962     0.30165    0.11100
  15      1998.73    0.09198    0.032013     0.30593    0.11297
  16      1981.47    0.08835    0.030750     0.30840    0.11297
  17      1966.44    0.08518    0.030329     0.30763    0.10609
  18      1932.31    0.07799    0.025695     0.33220    0.10609
  19      1912.35    0.07379    0.024010     0.33714    0.11002
  20      1889.16    0.06891    0.021904     0.35505    0.11886
  21      1866.45    0.06412    0.023589     0.36190    0.11198
  22      1841.46    0.05886    0.017692     0.37210    0.11198
  23      1827.86    0.05599    0.016007     0.37460    0.11297
  24      1814.83    0.05325    0.016007     0.38132    0.11100
  25      1793.60    0.04878    0.013901     0.39403    0.11591
  26      1783.54    0.04666    0.013479     0.39263    0.11591
  27      1778.68    0.04564    0.012216     0.39369    0.11788
  28      1768.20    0.04343    0.010110     0.40194    0.11984
  29      1750.85    0.03977    0.010110     0.42185    0.11100
  30      1742.11    0.03793    0.008425     0.42901    0.11591
  31      1734.11    0.03625    0.007161     0.44065    0.12279
  32      1724.46    0.03422    0.007161     0.47551    0.11984
  33      1720.55    0.03339    0.008846     0.49642    0.12083
  34      1709.50    0.03107    0.006740     0.51223    0.12083
  35      1700.04    0.02907    0.005476     0.49944    0.11984
  36      1692.78    0.02754    0.005476     0.49901    0.11984
  37      1688.66    0.02668    0.005476     0.50038    0.12181
  38      1685.51    0.02601    0.004634     0.49175    0.11788
  39      1682.39    0.02536    0.005055     0.48753    0.12083
  40      1680.81    0.02502    0.004634     0.48075    0.11886
  41      1675.06    0.02381    0.004212     0.48389    0.11493
  42      1671.44    0.02305    0.004212     0.48658    0.11886
  43      1666.27    0.02196    0.004212     0.49162    0.12083
  44      1662.48    0.02116    0.004212     0.49124    0.11788
  45      1658.79    0.02039    0.003791     0.49069    0.11591
  46      1656.22    0.01984    0.003370     0.49359    0.11788
  47      1654.69    0.01952    0.003791     0.48889    0.11788
  48      1654.50    0.01948    0.003791     0.48952    0.11690
  49      1653.21    0.01921    0.003370     0.49425    0.11788
  50      1652.27    0.01901    0.003370     0.49564    0.11395
  50      1652.27    0.01901    0.003370     0.49564    0.11395
 
                                                                                
 
 
Selected Iteration based on _VMISC_

_ITER_     _AIC_     _AVERR_     _MISC_     _VAVERR_     _VMISC_

   9      2055.47    0.10393    0.034541     0.26831    0.098232
 
                                                                                
 
 
Search # 1 FUNNEL LAYERS trial # 3 : SINE : Prelim

The NEURAL Procedure

Preliminary       Starting         Objective         Number
 Training          Random           Function           of        Terminating
    Run             Seed             Value         Iterations     Criteria

        1          2014201968    0.147470313828           25                
        2           643094474    0.159796916537           25                
        3          2055551854    0.123641119963           25                
        4           903642918    0.107660962668           25                
        5           102648599    0.133982840922           25                
        6          1236514616    0.148320847698           25                
        7           721509095    0.112238373931           25                
        8          1397597307    0.128940743388           25                
        9           519166958    0.134454091157           25                
       10           611720410    0.139534041887           25                
       11           105615475    0.107685373984           25                
       12          1000014323    0.121085144462           25                
       13          1950706486    0.151652598363           25                
       14           487769908    0.129525265597           25                
       15          1167547939    0.126744972295           25                
       16           381772903    0.126984980534           25                
       17           191769658    0.130760884263           25                
       18           134166808    0.125980642856           25                
       19           105480417    0.141731850199           25                
       20          1677790375    0.120498897363           25                
       21            31272551     0.13628141554           25                
       22          1094824714    0.129693069637           25                
       23          1329455205    0.141810853714           25                
       24          1956124215    0.148651074572           25                
 
                                                                                
 
 
Search # 1 FUNNEL LAYERS trial # 3 : SINE : Training

_ITER_     _AIC_     _AVERR_     _MISC_     _VAVERR_    _VMISC_

   0      2073.17    0.10766    0.036226     0.33292    0.12181
   1      2054.66    0.10376    0.034541     0.32555    0.12279
   2      2047.99    0.10236    0.033698     0.32656    0.12181
   3      2021.58    0.09679    0.031592     0.32215    0.12181
   4      2004.93    0.09329    0.030329     0.32005    0.11788
   5      1997.37    0.09169    0.031592     0.32532    0.12083
   6      1987.02    0.08952    0.029907     0.32868    0.12279
   7      1978.78    0.08778    0.028644     0.33036    0.12279
   8      1957.51    0.08330    0.029907     0.33939    0.12377
   9      1940.82    0.07978    0.029486     0.34267    0.11690
  10      1932.71    0.07808    0.029065     0.37696    0.11886
  11      1918.12    0.07500    0.027380     0.39204    0.12181
  12      1897.81    0.07073    0.025274     0.37748    0.11493
  13      1882.82    0.06757    0.024431     0.38422    0.12574
  14      1866.28    0.06409    0.018113     0.39494    0.13065
  15      1855.69    0.06186    0.018534     0.40251    0.13163
  16      1838.61    0.05826    0.017270     0.39068    0.12770
  17      1818.83    0.05409    0.016849     0.39218    0.11984
  18      1807.32    0.05167    0.013058     0.39849    0.12279
  19      1797.28    0.04955    0.012216     0.40657    0.11984
  20      1792.37    0.04852    0.014322     0.41843    0.11984
  21      1780.90    0.04610    0.010952     0.42912    0.12672
  22      1769.50    0.04370    0.010531     0.43052    0.12475
  23      1756.90    0.04105    0.007161     0.45170    0.13360
  24      1744.06    0.03834    0.007161     0.45382    0.12574
  25      1732.36    0.03588    0.004212     0.45436    0.12279
  26      1725.64    0.03446    0.004212     0.46264    0.12475
  27      1718.35    0.03293    0.005897     0.46501    0.12377
  28      1708.99    0.03096    0.005476     0.46797    0.12475
  29      1698.53    0.02876    0.004212     0.46932    0.13163
  30      1690.26    0.02701    0.002106     0.46630    0.13065
  31      1681.81    0.02523    0.001685     0.48158    0.12377
  32      1681.07    0.02508    0.002527     0.48641    0.12770
  33      1677.58    0.02434    0.001685     0.48806    0.12868
  34      1664.02    0.02149    0.001264     0.48871    0.12967
  35      1655.05    0.01960    0.000421     0.50012    0.13458
  36      1649.25    0.01838    0.000000     0.50002    0.13458
  37      1645.55    0.01760    0.000000     0.49615    0.13065
  38      1641.18    0.01668    0.000000     0.49495    0.12967
  39      1639.74    0.01637    0.000421     0.50084    0.13458
  40      1637.20    0.01584    0.000000     0.50522    0.13458
  41      1634.07    0.01518    0.000000     0.51039    0.13458
  42      1632.48    0.01484    0.000000     0.51529    0.13163
  43      1629.31    0.01418    0.000000     0.52593    0.12967
  44      1627.63    0.01382    0.000000     0.53734    0.12967
  45      1624.64    0.01319    0.000000     0.54902    0.12770
  46      1623.61    0.01298    0.000000     0.54682    0.12672
  47      1621.11    0.01245    0.000000     0.55282    0.12475
  48      1616.92    0.01157    0.000000     0.55537    0.12574
  49      1614.42    0.01104    0.000000     0.55406    0.12868
  50      1611.65    0.01046    0.000000     0.54615    0.12475
  50      1611.65    0.01046    0.000000     0.54615    0.12475
 
                                                                                
 
 
Selected Iteration based on _VMISC_

_ITER_     _AIC_      _AVERR_     _MISC_     _VAVERR_    _VMISC_

  12      1897.81    0.070727    0.025274     0.37748    0.11493
 
                                                                                
 
 
Search # 1 FUNNEL LAYERS trial # 4 : SOFTMAX : Prelim

The NEURAL Procedure

Preliminary       Starting         Objective         Number
 Training          Random           Function           of        Terminating
    Run             Seed             Value         Iterations     Criteria

        1          1224076002     0.15086025316           25                
        2          1627081008    0.155263302051           25                
        3           424127142    0.134856729328           25                
        4           413626704    0.143387769997           25                
        5           142753805    0.148916920984           25                
        6           102648599     0.14653417066           25                
        7          1510957675    0.136296734754           25                
        8          1844470789    0.138773192218           25                
        9          1491204478    0.151311265166           25                
       10           302310339    0.143118262878           25                
       11          1010243081    0.137940181363           25                
       12           611720410    0.148701633158           25                
       13           693094122    0.128291658579           25                
       14           419985891     0.14895345826           25                
       15           430678283    0.139165480209           25                
       16          1423589762    0.125411628367           25                
       17          1295223278    0.145726932511           25                
       18          1167547939    0.136916778785           25                
       19          1260965551    0.130693054826           25                
       20           771438365    0.132179264035           25                
       21           493416110    0.145364231724           25                
       22          1284595334    0.153251945402           25                
       23          1565007275    0.149917868354           25                
       24          1677790375    0.139651222415           25                
 
                                                                                
 
 
Search # 1 FUNNEL LAYERS trial # 4 : SOFTMAX : Training

_ITER_     _AIC_     _AVERR_     _MISC_     _VAVERR_    _VMISC_

   0      1899.45    0.12541    0.052233     0.35661    0.10707
   1      1886.16    0.12261    0.055602     0.37737    0.09823
   2      1872.72    0.11978    0.055602     0.37756    0.09921
   3      1859.13    0.11692    0.055602     0.37815    0.10511
   4      1846.94    0.11435    0.050548     0.36866    0.10314
   5      1837.83    0.11243    0.047599     0.35816    0.09921
   6      1828.24    0.11041    0.050548     0.36085    0.09627
   7      1822.93    0.10929    0.050126     0.35973    0.09528
   8      1819.76    0.10863    0.048863     0.36021    0.10020
   9      1810.86    0.10675    0.049705     0.36583    0.10020
  10      1804.65    0.10544    0.047599     0.37319    0.09823
  11      1798.92    0.10424    0.048863     0.38959    0.10118
  12      1792.85    0.10296    0.047599     0.40846    0.10413
  13      1769.69    0.09808    0.045914     0.41939    0.10904
  14      1760.68    0.09618    0.044650     0.43397    0.10904
  15      1750.65    0.09407    0.044229     0.43127    0.11100
  16      1735.27    0.09083    0.043387     0.45055    0.11297
  17      1726.04    0.08889    0.041702     0.45110    0.11395
  18      1713.82    0.08631    0.042544     0.45344    0.11591
  19      1700.94    0.08360    0.038332     0.47718    0.12181
  20      1690.52    0.08141    0.036226     0.52238    0.12181
  21      1680.79    0.07936    0.032013     0.53102    0.12083
  22      1676.18    0.07839    0.031592     0.56623    0.11788
  23      1671.12    0.07732    0.029907     0.58590    0.12083
  24      1664.76    0.07598    0.029486     0.58452    0.11984
  25      1662.06    0.07541    0.031171     0.58265    0.11886
  26      1654.13    0.07374    0.031171     0.59414    0.12181
  27      1649.91    0.07285    0.029065     0.59602    0.12377
  28      1641.34    0.07105    0.031592     0.60621    0.11984
  29      1637.16    0.07017    0.029486     0.61112    0.12279
  30      1634.34    0.06957    0.029907     0.64313    0.11788
  31      1625.89    0.06779    0.029065     0.65481    0.11788
  32      1620.19    0.06659    0.030329     0.65583    0.11886
  33      1613.24    0.06513    0.029486     0.66510    0.12279
  34      1603.76    0.06313    0.028222     0.67219    0.12083
  35      1599.60    0.06226    0.026537     0.67290    0.12181
  36      1593.71    0.06102    0.026537     0.67422    0.11984
  37      1592.01    0.06066    0.026959     0.67419    0.12083
  38      1589.24    0.06008    0.025274     0.67825    0.11984
  39      1587.55    0.05972    0.022746     0.68302    0.11886
  40      1580.33    0.05820    0.022325     0.68416    0.12083
  41      1577.79    0.05766    0.022325     0.68855    0.11984
  42      1572.99    0.05665    0.021904     0.68650    0.11984
  43      1570.17    0.05606    0.021483     0.68754    0.11984
  44      1567.05    0.05540    0.020219     0.68809    0.11886
  45      1563.33    0.05462    0.022325     0.68769    0.11690
  46      1557.63    0.05342    0.020219     0.69290    0.11690
  47      1555.96    0.05307    0.020219     0.69121    0.11493
  48      1551.69    0.05217    0.020640     0.69239    0.11690
  49      1548.86    0.05157    0.020219     0.69617    0.11690
  50      1543.22    0.05038    0.018534     0.70642    0.12083
  50      1543.22    0.05038    0.018534     0.70642    0.12083
 
                                                                                
 
 
Selected Iteration based on _VMISC_

_ITER_     _AIC_     _AVERR_     _MISC_     _VAVERR_     _VMISC_

   7      1822.93    0.10929    0.050126     0.35973    0.095285
 
                                                                                
 
 
Search # 2 FUNNEL LAYERS trial # 1 : LOGISTIC : Prelim

The NEURAL Procedure

Preliminary       Starting         Objective         Number
 Training          Random           Function           of        Terminating
    Run             Seed             Value         Iterations     Criteria

        1          1546627638    0.138188739782           25                
        2          1815058832     0.13788964002           25                
        3          1908008247    0.139276732866           25                
        4           621231876    0.106523459479           25                
        5          1228382740    0.137718358545           25                
        6          1852815894    0.129079310171           25                
        7           112330176    0.139197997032           25                
        8          1466866095    0.134676630139           25                
        9          1636833143    0.104162174429           25                
       10           903739618    0.139903807642           25                
       11          1674960573    0.135777698687           25                
       12          1380574784    0.132467052446           25                
       13          1625246087    0.110546483264           25                
       14          1125145038    0.134125648907           25                
       15          1605511218    0.124817314386           25                
       16           497551984    0.111453108037           25                
       17           861113950    0.118202155234           25                
       18           412754018    0.135290393353           25                
       19          1538211439    0.136950859732           25                
       20           163457019    0.133997092116           25                
       21           825211742    0.138839202229           25                
       22          1232264667    0.140121300497           25                
       23           290475731    0.132379837195           25                
       24           894769213    0.138213962308           25                
 
                                                                                
 
 
Search # 2 FUNNEL LAYERS trial # 1 : LOGISTIC : Training

_ITER_     _AIC_     _AVERR_     _MISC_     _VAVERR_    _VMISC_

   0      2312.56    0.10416    0.040438     0.30029    0.10707
   1      2306.62    0.10291    0.040438     0.29670    0.10609
   2      2292.52    0.09994    0.039596     0.29379    0.10806
   3      2283.31    0.09800    0.038753     0.29539    0.11002
   4      2278.56    0.09700    0.039174     0.29060    0.10806
   5      2274.71    0.09619    0.037068     0.28976    0.10904
   6      2264.05    0.09395    0.036226     0.28690    0.10806
   7      2253.12    0.09164    0.032013     0.29594    0.11493
   8      2246.73    0.09030    0.032435     0.29672    0.10904
   9      2232.53    0.08731    0.032013     0.29015    0.10511
  10      2214.55    0.08352    0.027380     0.30259    0.11198
  11      2198.78    0.08020    0.026959     0.29773    0.11297
  12      2186.29    0.07757    0.026537     0.30248    0.11297
  13      2176.27    0.07546    0.024010     0.30392    0.11395
  14      2165.58    0.07320    0.021904     0.31088    0.12181
  15      2158.34    0.07168    0.021904     0.31639    0.12574
  16      2153.73    0.07071    0.023168     0.31680    0.12279
  17      2148.13    0.06953    0.022746     0.33385    0.11591
  18      2143.63    0.06858    0.023168     0.35796    0.12574
  19      2132.50    0.06624    0.022325     0.37263    0.12475
  20      2122.62    0.06416    0.021483     0.37470    0.12574
  21      2105.14    0.06048    0.021061     0.37994    0.12181
  22      2094.71    0.05828    0.015586     0.40757    0.12868
  23      2089.23    0.05712    0.018113     0.44048    0.12967
  24      2072.86    0.05368    0.018113     0.45937    0.13163
  25      2061.33    0.05125    0.015164     0.44600    0.13752
  26      2039.38    0.04663    0.013058     0.46139    0.13556
  27      2030.33    0.04472    0.013058     0.46159    0.13654
  28      2022.04    0.04297    0.013058     0.46915    0.13556
  29      2009.98    0.04043    0.012216     0.48244    0.13752
  30      2000.67    0.03847    0.009267     0.48847    0.13654
  31      1992.01    0.03665    0.008846     0.49401    0.13851
  32      1980.49    0.03422    0.008846     0.50465    0.13654
  33      1976.54    0.03339    0.008846     0.52373    0.13360
  34      1963.18    0.03058    0.008003     0.54366    0.13065
  35      1960.05    0.02992    0.008003     0.54350    0.13163
  36      1951.66    0.02815    0.005476     0.57591    0.13556
  37      1941.33    0.02598    0.005476     0.58491    0.13065
  38      1935.37    0.02472    0.005476     0.58150    0.12967
  39      1927.28    0.02302    0.004212     0.58032    0.12967
  40      1926.20    0.02279    0.005055     0.58271    0.12868
  41      1926.12    0.02277    0.005055     0.58383    0.12967
  42      1924.73    0.02248    0.004634     0.58592    0.12868
  43      1922.53    0.02202    0.004212     0.58867    0.12868
  44      1921.09    0.02171    0.004212     0.58653    0.12770
  45      1918.82    0.02123    0.003370     0.58771    0.12868
  46      1917.96    0.02105    0.004212     0.58585    0.12868
  47      1917.78    0.02101    0.003791     0.58608    0.12868
  48      1916.99    0.02085    0.003791     0.58785    0.12770
  49      1916.49    0.02074    0.004634     0.58731    0.12967
  50      1916.46    0.02074    0.004634     0.58741    0.13065
  50      1916.46    0.02074    0.004634     0.58741    0.13065
 
                                                                                
 
 
Selected Iteration based on _VMISC_

_ITER_     _AIC_      _AVERR_     _MISC_     _VAVERR_    _VMISC_

   9      2232.53    0.087306    0.032013     0.29015    0.10511
 
                                                                                
 
 
Search # 2 FUNNEL LAYERS trial # 2 : SINE : Prelim

The NEURAL Procedure

Preliminary       Starting         Objective         Number
 Training          Random           Function           of        Terminating
    Run             Seed             Value         Iterations     Criteria

        1          1546627638    0.035351525065           25                
        2          1815058832    0.021814378451           25                
        3          1908008247    0.032353038576           25                
        4           621231876    0.037594662842           25                
        5          1228382740    0.023346610201           25                
        6          1852815894    0.019493813678           25                
        7           112330176    0.022066004889           25                
        8          1466866095    0.022705031611           25                
        9          1636833143    0.038826924928           25                
       10           903739618    0.029895326651           25                
       11          1674960573    0.033497189664           25                
       12          1380574784    0.031983823529           25                
       13          1625246087    0.021049538456           25                
       14          1125145038    0.022830747797           25                
       15          1605511218    0.022935940279           25                
       16           497551984    0.040145803982           25                
       17           861113950    0.039625831294           25                
       18           412754018    0.027174225206           25                
       19          1538211439    0.019750539346           25                
       20           163457019    0.037104592647           25                
       21           825211742    0.042868609957           25                
       22          1232264667    0.021117731334           25                
       23           290475731     0.03646419006           25                
       24           894769213    0.027440189061           25                
 
                                                                                
 
 
Search # 2 FUNNEL LAYERS trial # 2 : SINE : Training

_ITER_     _AIC_      _AVERR_      _MISC_     _VAVERR_    _VMISC_

   0      1910.56    0.019494    .00042123     0.38776    0.11886
   1      1900.19    0.017311    .00000000     0.41620    0.12181
   2      1895.92    0.016412    .00000000     0.42192    0.12279
   3      1893.42    0.015885    .00000000     0.42099    0.12083
   4      1890.27    0.015220    .00000000     0.40858    0.11886
   5      1884.74    0.014056    .00000000     0.41882    0.12083
   6      1879.30    0.012910    .00000000     0.45747    0.12475
   7      1876.57    0.012336    .00000000     0.48698    0.12181
   8      1869.81    0.010913    .00000000     0.50335    0.12377
   9      1862.43    0.009357    .00000000     0.50693    0.12279
  10      1858.51    0.008532    .00000000     0.50006    0.11984
  11      1855.65    0.007929    .00000000     0.49863    0.12279
  12      1854.55    0.007698    .00000000     0.50142    0.12279
  13      1853.09    0.007391    .00000000     0.50215    0.12475
  14      1852.19    0.007201    .00000000     0.50831    0.12377
  15      1850.66    0.006880    .00000000     0.50459    0.12377
  16      1850.66    0.006879    .00000000     0.50457    0.12377
  17      1849.97    0.006733    .00000000     0.51374    0.12475
  18      1849.05    0.006539    .00000000     0.51515    0.12475
  19      1847.48    0.006208    .00000000     0.51555    0.12475
  20      1847.29    0.006169    .00000000     0.51534    0.12279
  21      1846.39    0.005979    .00000000     0.52082    0.12574
  22      1846.28    0.005956    .00000000     0.52322    0.12475
  23      1845.81    0.005857    .00000000     0.52311    0.12083
  24      1844.88    0.005662    .00000000     0.52498    0.12475
  25      1844.26    0.005530    .00000000     0.52904    0.12475
  26      1840.44    0.004726    .00000000     0.57398    0.12868
  27      1840.31    0.004698    .00000000     0.58249    0.12868
  28      1835.57    0.003700    .00000000     0.62924    0.13163
  29      1833.75    0.003317    .00000000     0.67958    0.12967
  30      1833.48    0.003259    .00000000     0.69561    0.12967
  31      1831.43    0.002828    .00000000     0.69735    0.13163
  32      1831.00    0.002738    .00000000     0.72340    0.13163
  33      1830.30    0.002591    .00000000     0.72191    0.12967
  34      1829.16    0.002351    .00000000     0.75862    0.13163
  35      1827.95    0.002096    .00000000     0.76333    0.13163
  36      1827.29    0.001957    .00000000     0.76847    0.13261
  36      1827.29    0.001957    .00000000     0.76847    0.13261
 
                                                                                
 
 
Selected Iteration based on _VMISC_

_ITER_     _AIC_      _AVERR_      _MISC_     _VAVERR_    _VMISC_

   0      1910.56    0.019494    .00042123     0.38776    0.11886
 
                                                                                
 
 
Search # 2 FUNNEL LAYERS trial # 3 : SOFTMAX : Prelim

The NEURAL Procedure

Preliminary       Starting         Objective         Number
 Training          Random           Function           of        Terminating
    Run             Seed             Value         Iterations     Criteria

        1          1430700766    0.140293249291           25      FCONV     
        2          1251886845     0.13446204722           25                
        3          1974140750    0.139319073894           25                
        4          1889381544    0.138505751249           25                
        5           100870601    0.135991033082           25                
        6          2133842221    0.140368881494           25                
        7          1101213392    0.137460399045           25                
        8          1461094498    0.135285536676           25                
        9          1205045398    0.139342691056           25                
       10          1633245755    0.138069020676           25                
       11          1385434979    0.139568888024           25                
       12           834328630    0.136598319936           25                
       13          1287410811    0.139246813186           25                
       14           109906181    0.131333675667           25                
       15          1119997567     0.13947103051           25                
       16          2131676443    0.138987192896           25                
       17           548057487    0.136659440439           25                
       18          2113144300    0.139968145484           25                
       19           198989803    0.135815952693           25                
       20          1405166741    0.139775178953           25                
       21          1752322458     0.13933322052           25                
       22          1939580262    0.139452633024           25                
       23          1896847705    0.130796990184           25                
       24          1993060410    0.139335833089           25                
 
                                                                                
 
 
Search # 2 FUNNEL LAYERS trial # 3 : SOFTMAX : Training

_ITER_     _AIC_     _AVERR_     _MISC_     _VAVERR_    _VMISC_

   0      2181.02    0.13080    0.052654     0.26095    0.11002
   1      2179.84    0.13055    0.051811     0.26039    0.11100
   2      2179.14    0.13040    0.052233     0.26068    0.10707
   3      2179.08    0.13039    0.052233     0.26082    0.10609
   4      2178.51    0.13027    0.051390     0.26045    0.11002
   5      2178.50    0.13027    0.051390     0.26043    0.10904
   6      2178.03    0.13017    0.051390     0.26075    0.10511
   7      2177.95    0.13015    0.052233     0.26091    0.10609
   8      2177.37    0.13003    0.051390     0.26056    0.10707
   9      2177.31    0.13002    0.051390     0.26056    0.11002
  10      2176.92    0.12993    0.051390     0.26085    0.10511
  11      2176.74    0.12990    0.051811     0.26097    0.10609
  12      2176.21    0.12978    0.050969     0.26071    0.11002
  13      2176.04    0.12975    0.049705     0.26136    0.10609
  14      2175.18    0.12957    0.051390     0.26129    0.10511
  15      2174.45    0.12941    0.051390     0.26085    0.10806
  16      2174.22    0.12936    0.051811     0.26124    0.11100
  17      2173.66    0.12925    0.048020     0.26255    0.10609
  18      2172.37    0.12897    0.050969     0.26146    0.10806
  19      2171.85    0.12886    0.051390     0.26195    0.11002
  20      2171.26    0.12874    0.050548     0.26194    0.10707
  21      2171.09    0.12870    0.050126     0.26211    0.10806
  22      2170.80    0.12864    0.050969     0.26224    0.10707
  23      2167.51    0.12795    0.051390     0.26563    0.10511
  24      2155.59    0.12544    0.050126     0.27197    0.10904
  25      2145.96    0.12341    0.046335     0.27198    0.11100
  26      2144.55    0.12311    0.046335     0.27208    0.11198
  27      2142.66    0.12272    0.048020     0.27285    0.10413
  28      2134.62    0.12102    0.046335     0.28128    0.11100
  29      2132.41    0.12056    0.046757     0.28670    0.11198
  30      2127.93    0.11962    0.045914     0.29267    0.10806
  31      2125.31    0.11906    0.046335     0.29673    0.11002
  32      2122.20    0.11841    0.046757     0.29696    0.11100
  33      2114.23    0.11673    0.043808     0.30139    0.11100
  34      2107.66    0.11535    0.044229     0.30562    0.11198
  35      2105.11    0.11481    0.042544     0.30856    0.11297
  36      2103.67    0.11451    0.045493     0.30984    0.11198
  37      2098.98    0.11352    0.044229     0.31467    0.11100
  38      2095.83    0.11285    0.043808     0.31308    0.11198
  39      2093.72    0.11241    0.043387     0.31352    0.11395
  40      2090.11    0.11165    0.042544     0.31285    0.11493
  41      2084.94    0.11056    0.042965     0.31036    0.11198
  42      2081.97    0.10993    0.043387     0.31119    0.11297
  43      2080.79    0.10969    0.042123     0.31308    0.10904
  44      2079.41    0.10940    0.041281     0.31474    0.11002
  45      2075.58    0.10859    0.039596     0.31746    0.10707
  46      2073.41    0.10813    0.040859     0.31921    0.10707
  47      2067.00    0.10678    0.041702     0.32567    0.11100
  48      2059.63    0.10523    0.040438     0.32887    0.11395
  49      2051.45    0.10351    0.041702     0.33798    0.11493
  50      2048.11    0.10280    0.038332     0.33993    0.11395
  50      2048.11    0.10280    0.038332     0.33993    0.11395
 
                                                                                
 
 
Selected Iteration based on _VMISC_

_ITER_     _AIC_     _AVERR_     _MISC_     _VAVERR_    _VMISC_

  27      2142.66    0.12272    0.048020     0.27285    0.10413
 
                                                                                
 
 
Final Training Training

_ITER_     _AIC_     _AVERR_     _MISC_     _VAVERR_    _VMISC_

   0      926.754    0.14085    0.056866     0.24078    0.09528
   1      926.158    0.14072    0.057709     0.23954    0.10020
   2      926.069    0.14071    0.057709     0.23922    0.10118
   3      925.676    0.14062    0.056024     0.23846    0.09921
   4      925.453    0.14058    0.054339     0.23808    0.10020
   5      925.213    0.14053    0.054760     0.23739    0.09921
   5      925.213    0.14053    0.054760     0.23739    0.09921
 
                                                                                
 
 
Selected Iteration based on _VMISC_

_ITER_     _AIC_     _AVERR_     _MISC_     _VAVERR_     _VMISC_

   0      926.754    0.14085    0.056866     0.24078    0.095285
 
                                                                                
 
 
Final Training History

                             _                                   _
                             s           _                       V       _
       _           _         t      _    A       _               A       V
       s           f         a      i    V       M       _       V       M
       t           u         t      t    E       I       A       E       I
       e           n         u      e    R       S       I       R       S
       p           c         s      r    R       C       C       R       C
       _           _         _      _    _       _       _       _       _

FUNNEL LAYERS 1 DIRECT   initial    0 0.42482 0.15122 2275.06 0.42661 0.15226
FUNNEL LAYERS 1 DIRECT   candidate 49 0.14085 0.05687  926.75 0.24078 0.09528
FUNNEL LAYERS 1 LOGISTIC reject     9 0.10393 0.03454 2055.47 0.26831 0.09823
FUNNEL LAYERS 1 SINE     reject    12 0.07073 0.02527 1897.81 0.37748 0.11493
FUNNEL LAYERS 1 SOFTMAX  reject     7 0.10929 0.05013 1822.93 0.35973 0.09528
FUNNEL LAYERS 1 DIRECT   keep      49 0.14085 0.05687  926.75 0.24078 0.09528
FUNNEL LAYERS 2 LOGISTIC reject     9 0.08731 0.03201 2232.53 0.29015 0.10511
FUNNEL LAYERS 2 SINE     reject     0 0.01949 0.00042 1910.56 0.38776 0.11886
FUNNEL LAYERS 2 SOFTMAX  reject    27 0.12272 0.04802 2142.66 0.27285 0.10413
                         Final      0 0.14085 0.05687  926.75 0.24078 0.09528
 
                                                                                
 
 
Final Model
Stopping: Termination criteria were satisfied: overfitting based on _VMISC_

_func_    _AVERR_    _VAVERR_    neurons

DIRECT    0.14085     0.24078       0   
                                 =======
                                    0   
