 
                                                                                               
 
 
Fit Statistics

Target=DepVar Target Label=DepVar

   Fit
Statistics    Statistics Label                     Train    Validation

 _ASE_        Average Squared Error                 0.05         0.05 
 _DIV_        Divisor for ASE                    4748.00      2036.00 
 _MAX_        Maximum Absolute Error                0.99         1.00 
 _NOBS_       Sum of Frequencies                 2374.00      1018.00 
 _RASE_       Root Average Squared Error            0.22         0.23 
 _SSE_        Sum of Squared Errors               230.45       110.28 
 _DISF_       Frequency of Classified Cases      2374.00      1018.00 
 _MISC_       Misclassification Rate                0.07         0.07 
 _WRONG_      Number of Wrong Classifications     159.00        74.00 
 
                                                                                               
 
 
Classification Table

Data Role=TRAIN Target Variable=DepVar Target Label=DepVar

                       Target        Outcome     Frequency       Total
Target    Outcome    Percentage    Percentage      Count      Percentage

  0          0         94.6583       97.6179        1967        82.8559 
  1          0          5.3417       30.9192         111         4.6757 
  0          1         16.2162        2.3821          48         2.0219 
  1          1         83.7838       69.0808         248        10.4465 


Data Role=VALIDATE Target Variable=DepVar Target Label=DepVar

                       Target        Outcome     Frequency       Total
Target    Outcome    Percentage    Percentage      Count      Percentage

  0          0         95.0857       96.4079        832         81.7289 
  1          0          4.9143       27.7419         43          4.2240 
  0          1         21.6783        3.5921         31          3.0452 
  1          1         78.3217       72.2581        112         11.0020 
 
                                                                                               
 
 
Event Classification Table

Data Role=TRAIN Target=DepVar Target Label=DepVar

  False       True        False       True
Negative    Negative    Positive    Positive

   111        1967         48          248  


Data Role=VALIDATE Target=DepVar Target Label=DepVar

  False       True        False       True
Negative    Negative    Positive    Positive

   43          832         31          112  
 
                                                                                               
 
 
Assessment Score Rankings

Data Role=TRAIN Target Variable=DepVar Target Label=DepVar

                                                                                    Mean
                            Cumulative       %      Cumulative     Number of     Posterior
Depth      Gain     Lift       Lift      Response   % Response   Observations   Probability

   5    561.281   6.61281     6.61281     100.000     100.000         119         0.92789  
  10    497.376   5.33471     5.97376      80.672      90.336         119         0.72961  
  15    416.800   3.55647     5.16800      53.782      78.151         119         0.50574  
  20    331.573   1.73726     4.31573      26.271      65.263         118         0.33375  
  25    268.492   1.16697     3.68492      17.647      55.724         119         0.20723  
  30    219.975   0.77798     3.19975      11.765      48.387         119         0.12422  
  35    179.314   0.33624     2.79314       5.085      42.238         118         0.07134  
  40    145.022   0.05557     2.45022       0.840      37.053         119         0.04376  
  45    119.602   0.16671     2.19602       2.521      33.209         119         0.02835  
  50     97.772   0.00000     1.97772       0.000      29.907         118         0.01854  
  55     80.764   0.11114     1.80764       1.681      27.335         119         0.01278  
  60     66.596   0.11114     1.66596       1.681      25.193         119         0.00887  
  65     53.756   0.00000     1.53756       0.000      23.251         119         0.00592  
  70     42.840   0.00000     1.42840       0.000      21.600         118         0.00365  
  75     33.296   0.00000     1.33296       0.000      20.157         119         0.00226  
  80     24.947   0.00000     1.24947       0.000      18.895         119         0.00134  
  85     17.641   0.00000     1.17641       0.000      17.790         118         0.00083  
  90     11.090   0.00000     1.11090       0.000      16.799         119         0.00052  
  95      5.230   0.00000     1.05230       0.000      15.913         119         0.00033  
 100      0.000   0.00000     1.00000       0.000      15.122         118         0.00023  


Data Role=VALIDATE Target Variable=DepVar Target Label=DepVar

                                                                                    Mean
                            Cumulative       %      Cumulative     Number of     Posterior
Depth      Gain     Lift       Lift      Response   % Response   Observations   Probability

   5    518.140   6.18140     6.18140     94.1176     94.1176         51          0.90936  
  10    466.629   5.15117     5.66629     78.4314     86.2745         51          0.74321  
  15    402.239   3.73460     5.02239     56.8627     76.4706         51          0.53983  
  20    321.752   1.80291     4.21752     27.4510     64.2157         51          0.33906  
  25    260.582   1.15901     3.60582     17.6471     54.9020         51          0.19615  
  30    213.363   0.77268     3.13363     11.7647     47.7124         51          0.11954  
  35    174.116   0.38634     2.74116      5.8824     41.7367         51          0.07191  
  40    144.681   0.38634     2.44681      5.8824     37.2549         51          0.04436  
  45    117.494   0.00000     2.17494      0.0000     33.1155         51          0.02806  
  50     96.129   0.00000     1.96129      0.0000     29.8625         50          0.01803  
  55     79.440   0.12878     1.79440      1.9608     27.3214         51          0.01155  
  60     64.462   0.00000     1.64462      0.0000     25.0409         51          0.00790  
  65     52.784   0.12878     1.52784      1.9608     23.2628         51          0.00569  
  70     42.777   0.12878     1.42777      1.9608     21.7391         51          0.00371  
  75     33.246   0.00000     1.33246      0.0000     20.2880         51          0.00239  
  80     24.908   0.00000     1.24908      0.0000     19.0184         51          0.00142  
  85     17.552   0.00000     1.17552      0.0000     17.8984         51          0.00093  
  90     11.014   0.00000     1.11014      0.0000     16.9029         51          0.00058  
  95      5.165   0.00000     1.05165      0.0000     16.0124         51          0.00034  
 100      0.000   0.00000     1.00000      0.0000     15.2259         50          0.00023  
 
                                                                                               
 
 
Assessment Score Distribution

Data Role=TRAIN Target Variable=DepVar Target Label=DepVar

 Posterior     Number                     Mean
Probability      of      Number of     Posterior
   Range       Events    Nonevents    Probability    Percentage

 0.95-1.00       42            0        0.97360         1.7692 
 0.90-0.95       41            0        0.92770         1.7270 
 0.85-0.90       32            0        0.87838         1.3479 
 0.80-0.85       21            2        0.82844         0.9688 
 0.75-0.80       18            2        0.78045         0.8425 
 0.70-0.75       27            8        0.72565         1.4743 
 0.65-0.70       28            8        0.67840         1.5164 
 0.60-0.65       13            7        0.62381         0.8425 
 0.55-0.60       14           10        0.57218         1.0110 
 0.50-0.55       12           11        0.51979         0.9688 
 0.45-0.50       21           15        0.47480         1.5164 
 0.40-0.45       11           16        0.42423         1.1373 
 0.35-0.40       13           28        0.37469         1.7270 
 0.30-0.35       12           32        0.32650         1.8534 
 0.25-0.30        8           38        0.27746         1.9377 
 0.20-0.25        9           40        0.22259         2.0640 
 0.15-0.20       11           58        0.17414         2.9065 
 0.10-0.15        9           80        0.12465         3.7489 
 0.05-0.10        9          150        0.07075         6.6976 
 0.00-0.05        8         1510        0.00910        63.9427 


Data Role=VALIDATE Target Variable=DepVar Target Label=DepVar

 Posterior     Number                     Mean
Probability      of      Number of     Posterior
   Range       Events    Nonevents    Probability    Percentage

 0.95-1.00       15           0         0.97841         1.4735 
 0.90-0.95       13           0         0.92997         1.2770 
 0.85-0.90       11           1         0.86999         1.1788 
 0.80-0.85       18           3         0.82234         2.0629 
 0.75-0.80       14           5         0.77576         1.8664 
 0.70-0.75        8           1         0.72249         0.8841 
 0.65-0.70        5           1         0.68112         0.5894 
 0.60-0.65        9           6         0.62626         1.4735 
 0.55-0.60        9           4         0.56926         1.2770 
 0.50-0.55       10          10         0.52132         1.9646 
 0.45-0.50        7           6         0.47394         1.2770 
 0.40-0.45        3           8         0.42073         1.0806 
 0.35-0.40        2           4         0.36802         0.5894 
 0.30-0.35        2           8         0.32032         0.9823 
 0.25-0.30        5          17         0.27867         2.1611 
 0.20-0.25        6          14         0.22441         1.9646 
 0.15-0.20        4          29         0.17353         3.2417 
 0.10-0.15        3          38         0.12124         4.0275 
 0.05-0.10        7          63         0.07108         6.8762 
 0.00-0.05        4         645         0.00882        63.7525 
