MPRINT(EM_DIAGRAM):    data _null_;
MPRINT(EM_DIAGRAM):   call symput('NLDATE', strip(put(date(), NLDATE.)));
MPRINT(EM_DIAGRAM):   call symput('NLTIME', strip(put(datetime(), NLTIME.)));
MPRINT(EM_DIAGRAM):   run;
MPRINT(EM_DIAGRAM):   data _null_;
MPRINT(EM_DIAGRAM):   nldate= sasmsg("sashelp.dmine", "log_date_note", 'N', "21. April 2016" );
MPRINT(EM_DIAGRAM):   nltime= sasmsg("sashelp.dmine", "log_time_note", 'N', "19.03 Uhr" );
MPRINT(EM_DIAGRAM):   put "*------------------------------------------------------------*";
MPRINT(EM_DIAGRAM):   put "* Training Log";
MPRINT(EM_DIAGRAM):   put nldate;
MPRINT(EM_DIAGRAM):   put nltime;
MPRINT(EM_DIAGRAM):   put "*------------------------------------------------------------*";
MPRINT(EM_DIAGRAM):   run;
*------------------------------------------------------------*
* Training Log
Date:                21. April 2016
Time:                19.03 Uhr
*------------------------------------------------------------*
MPRINT(EM_DIAGRAM):    filename O0NIXFRZ 
"C:\\predictive-models-project\Workspaces\EMWS8\Ensmbl23\EMTRAIN.out" encoding="UTF-8" NOBOM;
MPRINT(EM_DIAGRAM):   proc printto print=O0NIXFRZ new;
MPRINT(EM_DIAGRAM):   run;
MPRINT(EM_DIAGRAM):    filename _LOG 
"C:\\predictive-models-project\Workspaces\EMWS8\Ensmbl23\EMLOG.log" encoding="UTF-8" NOBOM;
MPRINT(EM_DIAGRAM):    data _null_;
MPRINT(EM_DIAGRAM):   call symput('NLDATE', strip(put(date(), NLDATE.)));
MPRINT(EM_DIAGRAM):   call symput('NLTIME', strip(put(datetime(), NLTIME.)));
MPRINT(EM_DIAGRAM):   run;
MPRINT(EM_DIAGRAM):   data _null_;
MPRINT(EM_DIAGRAM):   nldate= sasmsg("sashelp.dmine", "log_date_note", 'N', "21. April 2016" );
MPRINT(EM_DIAGRAM):   nltime= sasmsg("sashelp.dmine", "log_time_note", 'N', "19.03 Uhr" );
MPRINT(EM_DIAGRAM):   file _LOG;
MPRINT(EM_DIAGRAM):   put "*------------------------------------------------------------*";
MPRINT(EM_DIAGRAM):   put "User:                Lukas Fahr";
MPRINT(EM_DIAGRAM):   put nldate;
MPRINT(EM_DIAGRAM):   put nltime;
MPRINT(EM_DIAGRAM):   put "Site:                70107571";
MPRINT(EM_DIAGRAM):   put "Platform:            X64_7PRO";
MPRINT(EM_DIAGRAM):   put "Maintenance Release: 9.03.01M2P081512";
MPRINT(EM_DIAGRAM):   put "EM Version:          12.1";
MPRINT(EM_DIAGRAM):   put "* ";
MPRINT(EM_DIAGRAM):   run;
MPRINT(EM_DIAGRAM):    filename _LOGIN 
"C:\\predictive-models-project\Workspaces\EMWS8\Ensmbl23\EMTRAIN.log" encoding="UTF-8" NOBOM;
MPRINT(EM_COPYFILE):   data _null_;
MPRINT(EM_COPYFILE):   length line $20000;
MPRINT(EM_COPYFILE):   file _LOG MOD lrecl=20000;
MPRINT(EM_COPYFILE):   fid=fopen("_LOGIN",'i',20000,'v');
MPRINT(EM_COPYFILE):   if fid > 0 then do;
MPRINT(EM_COPYFILE):   do while(^fread(fid));
MPRINT(EM_COPYFILE):   rlen = frlen(fid);
MPRINT(EM_COPYFILE):   rc= fget(fid,line,20000);
MPRINT(EM_COPYFILE):   start = length(line)-length(left(line))+1;
MPRINT(EM_COPYFILE):   line=strip(line);
MPRINT(EM_COPYFILE):   put @start line;
MPRINT(EM_COPYFILE):   end;
MPRINT(EM_COPYFILE):   if fid > 0 then rc=fclose(fid);
MPRINT(EM_COPYFILE):   end;
MPRINT(EM_COPYFILE):   run;
MPRINT(EM_DIAGRAM):  ;
MPRINT(EM_DIAGRAM):   filename _LOGIN;
MPRINT(EM_DIAGRAM):    data _null_;
MPRINT(EM_DIAGRAM):   file _LOG mod;
MPRINT(EM_DIAGRAM):   put _page_;
MPRINT(EM_DIAGRAM):   run;
MPRINT(EM_DIAGRAM):   filename _LOGIN 
"C:\\predictive-models-project\Workspaces\EMWS8\Ensmbl23\EMSCORE.log" encoding="UTF-8" NOBOM;
MPRINT(EM_DIAGRAM):  ;
MPRINT(EM_DIAGRAM):   data _null_;
MPRINT(EM_DIAGRAM):   file _LOG mod;
MPRINT(EM_DIAGRAM):   put _page_;
MPRINT(EM_DIAGRAM):   run;
MPRINT(EM_DIAGRAM):    filename _LOGIN 
"C:\\predictive-models-project\Workspaces\EMWS8\Ensmbl23\EMREPORT.log" encoding="UTF-8" NOBOM;
MPRINT(EM_DIAGRAM):  ;
MPRINT(EM_DIAGRAM):   filename _LOGIN;
MPRINT(EM_DIAGRAM):    filename _LOG;
MPRINT(EM_DIAGRAM):    filename _OUT 
"C:\\predictive-models-project\Workspaces\EMWS8\Ensmbl23\EMOUTPUT.out" encoding="UTF-8" NOBOM;
MPRINT(EM_DIAGRAM):    data _null_;
MPRINT(EM_DIAGRAM):   call symput('NLDATE', strip(put(date(), NLDATE.)));
MPRINT(EM_DIAGRAM):   call symput('NLTIME', strip(put(datetime(), NLTIME.)));
MPRINT(EM_DIAGRAM):   run;
MPRINT(EM_DIAGRAM):   data _null_;
MPRINT(EM_DIAGRAM):   nldate= sasmsg("sashelp.dmine", "log_date_note", 'N', "21. April 2016" );
MPRINT(EM_DIAGRAM):   nltime= sasmsg("sashelp.dmine", "log_time_note", 'N', "19.03 Uhr" );
MPRINT(EM_DIAGRAM):   file _OUT;
MPRINT(EM_DIAGRAM):   put "*------------------------------------------------------------*";
MPRINT(EM_DIAGRAM):   put "User:                Lukas Fahr";
MPRINT(EM_DIAGRAM):   put nldate;
MPRINT(EM_DIAGRAM):   put nltime;
MPRINT(EM_DIAGRAM):   put "*------------------------------------------------------------*";
MPRINT(EM_DIAGRAM):   put "* Training Output";
MPRINT(EM_DIAGRAM):   put "*------------------------------------------------------------*";
MPRINT(EM_DIAGRAM):   run;
MPRINT(EM_DIAGRAM):    filename _OUTIN 
"C:\\predictive-models-project\Workspaces\EMWS8\Ensmbl23\EMTRAIN.out" encoding="UTF-8" NOBOM;
MPRINT(EM_DIAGRAM):   ;
MPRINT(EM_COPYFILE):   data _null_;
MPRINT(EM_COPYFILE):   length line $20000;
MPRINT(EM_COPYFILE):   file _OUT MOD lrecl=20000;
MPRINT(EM_COPYFILE):   fid=fopen("_OUTIN",'i',20000,'v');
MPRINT(EM_COPYFILE):   if fid > 0 then do;
MPRINT(EM_COPYFILE):   do while(^fread(fid));
MPRINT(EM_COPYFILE):   rlen = frlen(fid);
MPRINT(EM_COPYFILE):   rc= fget(fid,line,20000);
MPRINT(EM_COPYFILE):   start = length(line)-length(left(line))+1;
MPRINT(EM_COPYFILE):   line=strip(line);
MPRINT(EM_COPYFILE):   put @start line;
MPRINT(EM_COPYFILE):   end;
MPRINT(EM_COPYFILE):   if fid > 0 then rc=fclose(fid);
MPRINT(EM_COPYFILE):   end;
MPRINT(EM_COPYFILE):   run;
MPRINT(EM_DIAGRAM):  ;
MPRINT(EM_DIAGRAM):   filename _OUTIN;
MPRINT(EM_DIAGRAM):    data _null_;
MPRINT(EM_DIAGRAM):   file _OUT mod;
MPRINT(EM_DIAGRAM):   put _page_;
MPRINT(EM_DIAGRAM):   put // "*------------------------------------------------------------*";
MPRINT(EM_DIAGRAM):   put "* Score Output";
MPRINT(EM_DIAGRAM):   put "*------------------------------------------------------------*";
MPRINT(EM_DIAGRAM):   run;
MPRINT(EM_DIAGRAM):    filename _OUTIN 
"C:\\predictive-models-project\Workspaces\EMWS8\Ensmbl23\EMSCORE.out" encoding="UTF-8" NOBOM;
MPRINT(EM_DIAGRAM):  ;
MPRINT(EM_DIAGRAM):   filename _OUTIN;
MPRINT(EM_DIAGRAM):    data _null_;
MPRINT(EM_DIAGRAM):   file _OUT mod;
MPRINT(EM_DIAGRAM):   put _page_;
MPRINT(EM_DIAGRAM):   put // "*------------------------------------------------------------*";
MPRINT(EM_DIAGRAM):   put "* Report Output";
MPRINT(EM_DIAGRAM):   put "*------------------------------------------------------------*";
MPRINT(EM_DIAGRAM):   run;
MPRINT(EM_DIAGRAM):    filename _OUTIN 
"C:\\predictive-models-project\Workspaces\EMWS8\Ensmbl23\EMREPORT.out" encoding="UTF-8" NOBOM;
MPRINT(EM_DIAGRAM):  ;
MPRINT(EM_DIAGRAM):   filename _OUTIN;
MPRINT(EM_DIAGRAM):    filename _OUT;
MPRINT(EM_DIAGRAM):    filename _emtool_ 
'C:\\predictive-models-project\Workspaces\EMWS8\Ensmbl23\EMRUNSTATUS.xml' encoding="UTF-8" 
NOBOM;
(FREQ=(WHERE='ROLE = "FREQ"' DEFAULT='Y' RULE=(RULE1=(DESCRIPTION='USEATMOST1FREQ' 
VALUES=(VALUE1='Y' )[272825] MAX=1 EXCEEDMAXVALUE='' )[272829] )[272823] 
VALIDCHOICES=(CHOICE1='Y' )[272827] )[273111] INPUTREJECT=(WHERE='ROLE in("INPUT", 
"REJECTED")' DEFAULT='D' VALIDCHOICES=(CHOICE1='D' )[272833] 
RULE=(RULE1=(DESCRIPTION='USEATLEAST1INPUTREJECT' WHERE='(ROLE = "INPUT" and USE in("Y" "D")) 
or (ROLE = "REJECTED" and USE = "Y")' MIN=. )[272837] )[272835] )[272831] TARGET=(WHERE='ROLE 
= "TARGET"' DEFAULT='Y' VALIDCHOICES=(CHOICE1='Y' CHOICE2='N' )[272841] 
RULE=(RULE1=(DESCRIPTION='METADATA.USE1TARGET' VALUES=(VALUE1='Y' )[272847] MIN=1 MAX=1 
EXCEEDMAXVALUE='N' )[272845] )[272843] )[272839] )[272821] 
2122816    proc freq data=EMWS8.Ensmbl23_VariableSet noprint;
MPRINT(EM_DIAGRAM):    proc freq data=EMWS8.Ensmbl23_VariableSet noprint;
2122817    table ROLE*LEVEL/out=WORK.Ensmbl23META;
MPRINT(EM_DIAGRAM):   table ROLE*LEVEL/out=WORK.Ensmbl23META;
2122818    run;
MPRINT(EM_DIAGRAM):   run;

NOTE: There were 34 observations read from the data set EMWS8.ENSMBL23_VARIABLESET.
NOTE: The data set WORK.ENSMBL23META has 5 observations and 4 variables.
NOTE: PROCEDURE FREQ used (Total process time):
      real time           0.06 seconds
      cpu time            0.00 seconds
      

2122819    proc print data=WORK.Ensmbl23META label noobs;
MPRINT(EM_DIAGRAM):   proc print data=WORK.Ensmbl23META label noobs;
2122820    var ROLE LEVEL COUNT;
MPRINT(EM_DIAGRAM):   var ROLE LEVEL COUNT;
2122821    label ROLE = "%sysfunc(sasmsg(sashelp.dmine, meta_role_vlabel, NOQUOTE))" LEVEL =
2122821  ! "%sysfunc(sasmsg(sashelp.dmine, meta_level_vlabel, NOQUOTE))" COUNT =
2122821  ! "%sysfunc(sasmsg(sashelp.dmine, rpt_count_vlabel, NOQUOTE))";
MPRINT(EM_DIAGRAM):   label ROLE = "Role" LEVEL = "Measurement Level" COUNT = "Frequency 
Count";
2122822    title9 ' ';
MPRINT(EM_DIAGRAM):   title9 ' ';
2122823    title10 "%sysfunc(sasmsg(sashelp.dmine, rpt_varSummary_title  , NOQUOTE))";
MPRINT(EM_DIAGRAM):   title10 "Variable Summary";
MPRINT(EM_DIAGRAM):   run;
2122824    run;

NOTE: There were 5 observations read from the data set WORK.ENSMBL23META.
NOTE: The PROCEDURE PRINT printed page 1527.
NOTE: PROCEDURE PRINT used (Total process time):
      real time           0.00 seconds
      cpu time            0.00 seconds
      

2122825    title10;
MPRINT(EM_DIAGRAM):   title10;
2122826    %let EMNORLEN = %DMNORLEN;
MPRINT(EM_DIAGRAM):   
EMWS8.Neural37_TRAIN EMWS8.Neural37_TRAIN 
EMWS8.Neural37_TRAIN EMWS8.Neural37_TRAIN EMWS8 Neural37_TRAIN 
EMWS8.Neural37_TRAIN EMWS8.Neural37_TRAIN 
EMWS8.Neural37_TRAIN EMWS8.Neural37_TRAIN EMWS8 Neural37_TRAIN 
MPRINT(EM_DIAGRAM):    proc dmdb data=EMWS8.Neural37_TRAIN 
classout=WORK._DMDBCLASSTARGET(keep=NAME NRAW CRAW LEVEL FREQUENCY NMISSPERCENT);
MPRINT(EM_DIAGRAM):   class DepVar(DESC) ;
MPRINT(EM_DIAGRAM):   run;
Executing  SASHELP.EMCORE.EMINFOITERATOR.SCL _INIT >> 
Executing  SASHELP.EMCORE.EMINFOITERATOR.SCL setMetaData >> 
Executing  SASHELP.EMCORE.EMINFOITERATOR.SCL next >> 
Executing  SASHELP.EMCORE.EMINFOITERATOR.SCL next >> 
Executing  SASHELP.EMCORE.EMINFOITERATOR.SCL setMetaData >> 
Executing  SASHELP.EMCORE.EMINFOITERATOR.SCL next >> 
Executing  SASHELP.EMCORE.EMINFOITERATOR.SCL next >> 
Executing  SASHELP.EMCORE.EMINFOITERATOR.SCL _term >> 
MPRINT(EM_DIAGRAM):    data _null_;
MPRINT(EM_DIAGRAM):   set WORK._DMDBCLASSTARGET;
MPRINT(EM_DIAGRAM):   where ^(NRAW eq . and CRAW eq '') and NAME="DepVar";
MPRINT(EM_DIAGRAM):   if _N_=1 then call symput('_newevent', strip(LEVEL));
MPRINT(EM_DIAGRAM):   run;
MPRINT(EM_DIAGRAM):   proc sort data=WORK._DMDBCLASSTARGET out=_TEMPCLASS(keep=LEVEL FREQUENCY 
NMISSPERCENT rename=(LEVEL=DepVar));
MPRINT(EM_DIAGRAM):   by LEVEL;
MPRINT(EM_DIAGRAM):   where ^(NRAW eq . and CRAW eq '') and NAME="DepVar";
MPRINT(EM_DIAGRAM):   run;
MPRINT(EM_DIAGRAM):   data _TEMPCLASS;
MPRINT(EM_DIAGRAM):   set _TEMPCLASS;
MPRINT(EM_DIAGRAM):   NMISSPERCENT= NMISSPERCENT/100;
MPRINT(EM_DIAGRAM):   run;
MPRINT(EM_DIAGRAM):    proc sort data=EMWS8.Neural37_DepVar_DD out=_sortedDecdata;
MPRINT(EM_DIAGRAM):   by DepVar;
MPRINT(EM_DIAGRAM):   run;
MPRINT(EM_DIAGRAM):   data _null_;
MPRINT(EM_DIAGRAM):   merge _TEMPCLASS(in=_a) _sortedDecdata(in=_b);
MPRINT(EM_DIAGRAM):   by DepVar;
MPRINT(EM_DIAGRAM):   if (_a and ^_b) or (^_a and _b) then call symput('_emresetDec', '1');
MPRINT(EM_DIAGRAM):   run;
2122855    data WORK.Ensmbl23_EVENT(KEEP=VARIABLE LABEL LEVEL EVENT NUMLEVELS ORDER);
MPRINT(EM_DIAGRAM):    data WORK.Ensmbl23_EVENT(KEEP=VARIABLE LABEL LEVEL EVENT NUMLEVELS 
ORDER);
2122856    length ORDER $20;
MPRINT(EM_DIAGRAM):   length ORDER $20;
2122857    label VARIABLE = "%sysfunc(sasmsg(sashelp.dmine, rpt_target_vlabel,  NOQUOTE))"
2122857  ! EVENT = "%sysfunc(sasmsg(sashelp.dmine, assmt_event_vlabel, NOQUOTE))" NUMLEVELS =
2122857  ! "%sysfunc(sasmsg(sashelp.dmine, rpt_numcat_vlabel, NOQUOTE))" LEVEL =
2122858       "%sysfunc(sasmsg(sashelp.dmine, meta_level_vlabel, NOQUOTE))" ORDER =
2122858  ! "%sysfunc(sasmsg(sashelp.dmine, meta_order_vlabel, NOQUOTE))" LABEL =
2122858  ! "%sysfunc(sasmsg(sashelp.dmine, meta_label_vlabel, NOQUOTE))";
MPRINT(EM_DIAGRAM):   label VARIABLE = "Target" EVENT = "Event" NUMLEVELS = "Number of Levels" 
LEVEL = "Measurement Level" ORDER = "Order" LABEL = "Label";
2122859    set EMWS8.NEURAL37_DEPVAR_DM( where=(_TYPE_="TARGET"));
MPRINT(EM_DIAGRAM):   set EMWS8.NEURAL37_DEPVAR_DM( where=(_TYPE_="TARGET"));
2122860    NumLevels=2;
MPRINT(EM_DIAGRAM):   NumLevels=2;
2122861    select(upcase(ORDER));
MPRINT(EM_DIAGRAM):   select(upcase(ORDER));
2122862    when('DESC') ORDER = 'Descending';
MPRINT(EM_DIAGRAM):   when('DESC') ORDER = 'Descending';
2122863    when('ASC') ORDER = 'Ascending';
MPRINT(EM_DIAGRAM):   when('ASC') ORDER = 'Ascending';
2122864    when('FMTDESC') ORDER = 'Formatted Descending';
MPRINT(EM_DIAGRAM):   when('FMTDESC') ORDER = 'Formatted Descending';
2122865    when('FMTASC') ORDER = 'Formatted Ascending';
MPRINT(EM_DIAGRAM):   when('FMTASC') ORDER = 'Formatted Ascending';
2122866    otherwise ORDER = 'Descending';
MPRINT(EM_DIAGRAM):   otherwise ORDER = 'Descending';
2122867    end;
MPRINT(EM_DIAGRAM):   end;
2122868    output;
MPRINT(EM_DIAGRAM):   output;
2122869    run;
MPRINT(EM_DIAGRAM):   run;

NOTE: There were 1 observations read from the data set EMWS8.NEURAL37_DEPVAR_DM.
      WHERE _TYPE_='TARGET';
NOTE: The data set WORK.ENSMBL23_EVENT has 1 observations and 6 variables.
NOTE: DATA statement used (Total process time):
      real time           0.00 seconds
      cpu time            0.01 seconds
      

2122870    title9 ' ';
MPRINT(EM_DIAGRAM):   title9 ' ';
2122871    proc print data=WORK.Ensmbl23_EVENT noobs label;
MPRINT(EM_DIAGRAM):   proc print data=WORK.Ensmbl23_EVENT noobs label;
2122872    var VARIABLE EVENT LEVEL NUMLEVELS ORDER LABEL;
MPRINT(EM_DIAGRAM):   var VARIABLE EVENT LEVEL NUMLEVELS ORDER LABEL;
2122873    title9 ' ';
MPRINT(EM_DIAGRAM):   title9 ' ';
2122874    title10 "%sysfunc(sasmsg(sashelp.dmine, rpt_modelEvent_title  , NOQUOTE))";
MPRINT(EM_DIAGRAM):   title10 "Model Events";
MPRINT(EM_DIAGRAM):   run;
2122875    run;

NOTE: There were 1 observations read from the data set WORK.ENSMBL23_EVENT.
NOTE: The PROCEDURE PRINT printed page 1528.
NOTE: PROCEDURE PRINT used (Total process time):
      real time           0.00 seconds
      cpu time            0.00 seconds
      

2122876    title10;
MPRINT(EM_DIAGRAM):   title10;
"No decisions defined for target "DepVar"." 
2122877    proc print data = EMWS8.Neural37_DepVar_DM noobs label;
MPRINT(EM_DIAGRAM):    proc print data = EMWS8.Neural37_DepVar_DM noobs label;
2122878    var _type_ variable label;
MPRINT(EM_DIAGRAM):   var _type_ variable label;
2122879    where _type_ ^in('MATRIX', 'DECISION', 'TRAINPRIOR', 'DATAPRIOR', 'DECPRIOR');
MPRINT(EM_DIAGRAM):   where _type_ ^in('MATRIX', 'DECISION', 'TRAINPRIOR', 'DATAPRIOR', 
'DECPRIOR');
2122880    label _TYPE_ = "%sysfunc(sasmsg(sashelp.dmine, rpt_type_vlabel,     NOQUOTE))"
2122880  ! VARIABLE = "%sysfunc(sasmsg(sashelp.dmine, rpt_variable_vlabel, NOQUOTE))" LABEL =
2122880  ! "%sysfunc(sasmsg(sashelp.dmine, meta_label_vlabel, NOQUOTE))";
MPRINT(EM_DIAGRAM):   label _TYPE_ = "Type" VARIABLE = "Variable" LABEL = "Label";
2122881    title9 ' ';
MPRINT(EM_DIAGRAM):   title9 ' ';
2122882    title10 "%sysfunc(sasmsg(sashelp.dmine, rpt_predDecVars_title  , NOQUOTE))";
MPRINT(EM_DIAGRAM):   title10 "Predicted and decision variables";
MPRINT(EM_DIAGRAM):   run;
2122883    run;

NOTE: There were 7 observations read from the data set EMWS8.NEURAL37_DEPVAR_DM.
      WHERE _type_ not in ('DATAPRIOR', 'DECISION', 'DECPRIOR', 'MATRIX', 'TRAINPRIOR');
NOTE: The PROCEDURE PRINT printed page 1529.
NOTE: PROCEDURE PRINT used (Total process time):
      real time           0.00 seconds
      cpu time            0.00 seconds
      

2122884    title10;
MPRINT(EM_DIAGRAM):   title10;
2122885    %let groupid =;
2122886    %let endGroupid =;
2122887    data _null_;
MPRINT(EM_DIAGRAM):    data _null_;
2122888    set EMWS8.Neural41_EMINFO;
MPRINT(EM_DIAGRAM):   set EMWS8.Neural41_EMINFO;
2122889    where key in('ENDGROUP', 'GROUPINFO', 'BOOSTINFO', 'BAGINFO', 'TARGETINFO',
2122889  ! 'INDEXINFO');
MPRINT(EM_DIAGRAM):   where key in('ENDGROUP', 'GROUPINFO', 'BOOSTINFO', 'BAGINFO', 
'TARGETINFO', 'INDEXINFO');
2122890    if key = 'ENDGROUP' then call symput('endGroupId', DATA);
MPRINT(EM_DIAGRAM):   if key = 'ENDGROUP' then call symput('endGroupId', DATA);
2122891    else call symput('groupId', DATA);
MPRINT(EM_DIAGRAM):   else call symput('groupId', DATA);
2122892    run;
MPRINT(EM_DIAGRAM):   run;

NOTE: There were 0 observations read from the data set EMWS8.NEURAL41_EMINFO.
      WHERE key in ('BAGINFO', 'BOOSTINFO', 'ENDGROUP', 'GROUPINFO', 'INDEXINFO', 
      'TARGETINFO');
NOTE: DATA statement used (Total process time):
      real time           0.00 seconds
      cpu time            0.00 seconds
      

2122893    %let groupid =;
2122894    %let endGroupid =;
2122895    data _null_;
MPRINT(EM_DIAGRAM):    data _null_;
2122896    set EMWS8.Neural40_EMINFO;
MPRINT(EM_DIAGRAM):   set EMWS8.Neural40_EMINFO;
2122897    where key in('ENDGROUP', 'GROUPINFO', 'BOOSTINFO', 'BAGINFO', 'TARGETINFO',
2122897  ! 'INDEXINFO');
MPRINT(EM_DIAGRAM):   where key in('ENDGROUP', 'GROUPINFO', 'BOOSTINFO', 'BAGINFO', 
'TARGETINFO', 'INDEXINFO');
2122898    if key = 'ENDGROUP' then call symput('endGroupId', DATA);
MPRINT(EM_DIAGRAM):   if key = 'ENDGROUP' then call symput('endGroupId', DATA);
2122899    else call symput('groupId', DATA);
MPRINT(EM_DIAGRAM):   else call symput('groupId', DATA);
2122900    run;
MPRINT(EM_DIAGRAM):   run;

NOTE: There were 0 observations read from the data set EMWS8.NEURAL40_EMINFO.
      WHERE key in ('BAGINFO', 'BOOSTINFO', 'ENDGROUP', 'GROUPINFO', 'INDEXINFO', 
      'TARGETINFO');
NOTE: DATA statement used (Total process time):
      real time           0.00 seconds
      cpu time            0.00 seconds
      

2122901    %let groupid =;
2122902    %let endGroupid =;
2122903    data _null_;
MPRINT(EM_DIAGRAM):    data _null_;
2122904    set EMWS8.Neural39_EMINFO;
MPRINT(EM_DIAGRAM):   set EMWS8.Neural39_EMINFO;
2122905    where key in('ENDGROUP', 'GROUPINFO', 'BOOSTINFO', 'BAGINFO', 'TARGETINFO',
2122905  ! 'INDEXINFO');
MPRINT(EM_DIAGRAM):   where key in('ENDGROUP', 'GROUPINFO', 'BOOSTINFO', 'BAGINFO', 
'TARGETINFO', 'INDEXINFO');
2122906    if key = 'ENDGROUP' then call symput('endGroupId', DATA);
MPRINT(EM_DIAGRAM):   if key = 'ENDGROUP' then call symput('endGroupId', DATA);
2122907    else call symput('groupId', DATA);
MPRINT(EM_DIAGRAM):   else call symput('groupId', DATA);
2122908    run;
MPRINT(EM_DIAGRAM):   run;

NOTE: There were 0 observations read from the data set EMWS8.NEURAL39_EMINFO.
      WHERE key in ('BAGINFO', 'BOOSTINFO', 'ENDGROUP', 'GROUPINFO', 'INDEXINFO', 
      'TARGETINFO');
NOTE: DATA statement used (Total process time):
      real time           0.00 seconds
      cpu time            0.00 seconds
      

2122909    %let groupid =;
2122910    %let endGroupid =;
2122911    data _null_;
MPRINT(EM_DIAGRAM):    data _null_;
2122912    set EMWS8.Neural38_EMINFO;
MPRINT(EM_DIAGRAM):   set EMWS8.Neural38_EMINFO;
2122913    where key in('ENDGROUP', 'GROUPINFO', 'BOOSTINFO', 'BAGINFO', 'TARGETINFO',
2122913  ! 'INDEXINFO');
MPRINT(EM_DIAGRAM):   where key in('ENDGROUP', 'GROUPINFO', 'BOOSTINFO', 'BAGINFO', 
'TARGETINFO', 'INDEXINFO');
2122914    if key = 'ENDGROUP' then call symput('endGroupId', DATA);
MPRINT(EM_DIAGRAM):   if key = 'ENDGROUP' then call symput('endGroupId', DATA);
2122915    else call symput('groupId', DATA);
MPRINT(EM_DIAGRAM):   else call symput('groupId', DATA);
2122916    run;
MPRINT(EM_DIAGRAM):   run;

NOTE: There were 0 observations read from the data set EMWS8.NEURAL38_EMINFO.
      WHERE key in ('BAGINFO', 'BOOSTINFO', 'ENDGROUP', 'GROUPINFO', 'INDEXINFO', 
      'TARGETINFO');
NOTE: DATA statement used (Total process time):
      real time           0.00 seconds
      cpu time            0.00 seconds
      

2122917    %let groupid =;
2122918    %let endGroupid =;
2122919    data _null_;
MPRINT(EM_DIAGRAM):    data _null_;
2122920    set EMWS8.Neural37_EMINFO;
MPRINT(EM_DIAGRAM):   set EMWS8.Neural37_EMINFO;
2122921    where key in('ENDGROUP', 'GROUPINFO', 'BOOSTINFO', 'BAGINFO', 'TARGETINFO',
2122921  ! 'INDEXINFO');
MPRINT(EM_DIAGRAM):   where key in('ENDGROUP', 'GROUPINFO', 'BOOSTINFO', 'BAGINFO', 
'TARGETINFO', 'INDEXINFO');
2122922    if key = 'ENDGROUP' then call symput('endGroupId', DATA);
MPRINT(EM_DIAGRAM):   if key = 'ENDGROUP' then call symput('endGroupId', DATA);
2122923    else call symput('groupId', DATA);
MPRINT(EM_DIAGRAM):   else call symput('groupId', DATA);
2122924    run;
MPRINT(EM_DIAGRAM):   run;

NOTE: There were 0 observations read from the data set EMWS8.NEURAL37_EMINFO.
      WHERE key in ('BAGINFO', 'BOOSTINFO', 'ENDGROUP', 'GROUPINFO', 'INDEXINFO', 
      'TARGETINFO');
NOTE: DATA statement used (Total process time):
      real time           0.00 seconds
      cpu time            0.00 seconds
      

2122925    data WORK.Ensmbl23;
MPRINT(EM_DIAGRAM):    data WORK.Ensmbl23;
2122926    length NodeId $32 Model $64;
MPRINT(EM_DIAGRAM):   length NodeId $32 Model $64;
2122927    label Nodeid = "%sysfunc(sasmsg(sashelp.dmine, rpt_nodeId_vlabel,  NOQUOTE))" Model
2122927  ! = "%sysfunc(sasmsg(sashelp.dmine, rpt_modeltype,      NOQUOTE))";
MPRINT(EM_DIAGRAM):   label Nodeid = "Node Id" Model = "rpt_modeltype";
2122928    nodeid="NEURAL41";
MPRINT(EM_DIAGRAM):   nodeid="NEURAL41";
2122929    model="Neural";
MPRINT(EM_DIAGRAM):   model="Neural";
2122930    output;
MPRINT(EM_DIAGRAM):   output;
2122931    nodeid="NEURAL40";
MPRINT(EM_DIAGRAM):   nodeid="NEURAL40";
2122932    model="Neural";
MPRINT(EM_DIAGRAM):   model="Neural";
2122933    output;
MPRINT(EM_DIAGRAM):   output;
2122934    nodeid="NEURAL39";
MPRINT(EM_DIAGRAM):   nodeid="NEURAL39";
2122935    model="Neural";
MPRINT(EM_DIAGRAM):   model="Neural";
2122936    output;
MPRINT(EM_DIAGRAM):   output;
2122937    nodeid="NEURAL38";
MPRINT(EM_DIAGRAM):   nodeid="NEURAL38";
2122938    model="Neural";
MPRINT(EM_DIAGRAM):   model="Neural";
2122939    output;
MPRINT(EM_DIAGRAM):   output;
2122940    nodeid="NEURAL37";
MPRINT(EM_DIAGRAM):   nodeid="NEURAL37";
2122941    model="Neural";
MPRINT(EM_DIAGRAM):   model="Neural";
2122942    output;
MPRINT(EM_DIAGRAM):   output;
2122943    ;
MPRINT(EM_DIAGRAM):   ;
2122944    run;
MPRINT(EM_DIAGRAM):   run;

NOTE: The data set WORK.ENSMBL23 has 5 observations and 2 variables.
NOTE: DATA statement used (Total process time):
      real time           0.00 seconds
      cpu time            0.00 seconds
      

2122945    title;
MPRINT(EM_DIAGRAM):   title;
2122946    proc print data=WORK.Ensmbl23 label noobs;
MPRINT(EM_DIAGRAM):   proc print data=WORK.Ensmbl23 label noobs;
2122947    title9 "%sysfunc(sasmsg(sashelp.dmine, rpt_combinemodels_title,  NOQUOTE))";
MPRINT(EM_DIAGRAM):   title9 "Imported Models to be Combined";
2122948    title10 "Probability Function: Average";
MPRINT(EM_DIAGRAM):   title10 "Probability Function: Average";
MPRINT(EM_DIAGRAM):   run;
2122949    run;

NOTE: There were 5 observations read from the data set WORK.ENSMBL23.
NOTE: The PROCEDURE PRINT printed page 1530.
NOTE: PROCEDURE PRINT used (Total process time):
      real time           0.00 seconds
      cpu time            0.01 seconds
      

2122950    title9;
MPRINT(EM_DIAGRAM):   title9;
2122951    title10;
MPRINT(EM_DIAGRAM):   title10;
2122952    data WORK.M18VQS_U;
MPRINT(EM_DIAGRAM):    data WORK.M18VQS_U;
2122953    set WORK.M18VQS_U;
MPRINT(EM_DIAGRAM):   set WORK.M18VQS_U;
2122954    where NAME = "DepVar";
MPRINT(EM_DIAGRAM):   where NAME = "DepVar";
2122955    run;
MPRINT(EM_DIAGRAM):   run;

NOTE: There were 1 observations read from the data set WORK.M18VQS_U.
      WHERE NAME='DepVar';
NOTE: The data set WORK.M18VQS_U has 1 observations and 22 variables.
NOTE: DATA statement used (Total process time):
      real time           0.00 seconds
      cpu time            0.00 seconds
      

2122956    *------------------------------------------------------------* ;
MPRINT(EM_DIAGRAM):    *------------------------------------------------------------* ;
2122957    * EM: DMDBClass Macro ;
MPRINT(EM_DIAGRAM):   * EM: DMDBClass Macro ;
2122958    *------------------------------------------------------------* ;
MPRINT(EM_DIAGRAM):   *------------------------------------------------------------* ;
2122959    %macro DMDBClass;
2122960        DepVar(DESC)
2122961    %mend DMDBClass;
2122962    *------------------------------------------------------------* ;
MPRINT(EM_DIAGRAM):   *------------------------------------------------------------* ;
2122963    * EM: DMDBVar Macro ;
MPRINT(EM_DIAGRAM):   * EM: DMDBVar Macro ;
2122964    *------------------------------------------------------------* ;
MPRINT(EM_DIAGRAM):   *------------------------------------------------------------* ;
2122965    %macro DMDBVar;
2122966    
2122967    %mend DMDBVar;
2122968    *------------------------------------------------------------*;
MPRINT(EM_DIAGRAM):   *------------------------------------------------------------*;
2122969    * EM: Create DMDB;
MPRINT(EM_DIAGRAM):   * EM: Create DMDB;
2122970    *------------------------------------------------------------*;
MPRINT(EM_DIAGRAM):   *------------------------------------------------------------*;
2122971    proc dmdb batch data=EMWS8.Neural41_TRAIN
2122972    dmdbcat=WORK.EM_DMDB
2122973    maxlevel = 513
2122974    ;
MPRINT(EM_DIAGRAM):   proc dmdb batch data=EMWS8.Neural41_TRAIN dmdbcat=WORK.EM_DMDB maxlevel 
= 513 ;
MPRINT(EM_DIAGRAM):   class
2122975    class %DMDBClass;
MPRINT(DMDBCLASS):   DepVar(DESC)
MPRINT(EM_DIAGRAM):  ;
2122976    target
2122977    DepVar
2122978    ;
MPRINT(EM_DIAGRAM):   target DepVar ;
2122979    run;
MPRINT(EM_DIAGRAM):   run;

NOTE: Records processed = 2374   Memory used = 511K.
NOTE: There were 2374 observations read from the data set EMWS8.PART_TRAIN.
NOTE: View EMWS8.NEURAL41_TRAIN.VIEW used (Total process time):
      real time           0.05 seconds
      cpu time            0.04 seconds
      
NOTE: There were 2374 observations read from the data set EMWS8.META3_TRAIN.
NOTE: There were 2374 observations read from the data set EMWS8.NEURAL41_TRAIN.
NOTE: PROCEDURE DMDB used (Total process time):
      real time           0.06 seconds
      cpu time            0.04 seconds
      

MPRINT(EM_DIAGRAM):   quit;
MPRINT(EM_DIAGRAM):   *--- end code ---*;
2122980    quit;
2122981    *--- end code ---*;

MPRINT(EM_DIAGRAM):    proc printto;
MPRINT(EM_DIAGRAM):   run;
