 
                                                                                               
 
 
Fit Statistics

Target=DepVar Target Label=DepVar

   Fit
Statistics    Statistics Label                     Train    Validation

 _ASE_        Average Squared Error                 0.08         0.09 
 _DIV_        Divisor for ASE                    4748.00      2036.00 
 _MAX_        Maximum Absolute Error                0.94         0.91 
 _NOBS_       Sum of Frequencies                 2374.00      1018.00 
 _RASE_       Root Average Squared Error            0.28         0.30 
 _SSE_        Sum of Squared Errors               375.22       179.59 
 _DISF_       Frequency of Classified Cases      2374.00      1018.00 
 _MISC_       Misclassification Rate                0.07         0.08 
 _WRONG_      Number of Wrong Classifications     166.00        83.00 
 _ERR_        Error Function                     1354.96          .   
 _AVERR_      Average Error Function                0.29          .   
 _DFT_        Total Degrees of Freedom           2374.00          .   
 _DFE_        Degrees of Freedom for Error       2244.00          .   
 _MSE_        Mean Squared Error                    0.08          .   
 _RMSE_       Root Mean Squared Error               0.29          .   
 _NW_         Number of Weights                   130.00          .   
 _FPE_        Final Prediction Error                0.09          .   
 _RFPE_       Root Final Prediction Error           0.30          .   
 _AIC_        Akaike's Information Criterion     1614.96          .   
 _SBC_        Schwarz's Bayesian Criterion       2365.37          .   
 
                                                                                               
 
 
Classification Table

Data Role=TRAIN Target Variable=DepVar Target Label=DepVar

                       Target        Outcome     Frequency       Total
Target    Outcome    Percentage    Percentage      Count      Percentage

  0          0         95.9265       95.8313        1931        81.3395 
  1          0          4.0735       22.8412          82         3.4541 
  0          1         23.2687        4.1687          84         3.5383 
  1          1         76.7313       77.1588         277        11.6681 


Data Role=VALIDATE Target Variable=DepVar Target Label=DepVar

                       Target        Outcome     Frequency       Total
Target    Outcome    Percentage    Percentage      Count      Percentage

  0          0         95.4545       94.9015        819         80.4519 
  1          0          4.5455       25.1613         39          3.8310 
  0          1         27.5000        5.0985         44          4.3222 
  1          1         72.5000       74.8387        116         11.3949 
 
                                                                                               
 
 
Event Classification Table

Data Role=TRAIN Target=DepVar Target Label=DepVar

  False       True        False       True
Negative    Negative    Positive    Positive

   82         1931         84          277  


Data Role=VALIDATE Target=DepVar Target Label=DepVar

  False       True        False       True
Negative    Negative    Positive    Positive

   39          819         44          116  
 
                                                                                               
 
 
Assessment Score Rankings

Data Role=TRAIN Target Variable=DepVar Target Label=DepVar

                                                                                    Mean
                            Cumulative       %      Cumulative     Number of     Posterior
Depth      Gain     Lift       Lift      Response   % Response   Observations   Probability

   5    539.053   6.39053     6.39053     96.6387     96.6387         119         0.93740  
  10    461.256   4.83458     5.61256     73.1092     84.8739         119         0.69870  
  15    409.390   4.05660     5.09390     61.3445     77.0308         119         0.55020  
  20    337.142   2.18559     4.37142     33.0508     66.1053         118         0.46561  
  25    270.718   1.05583     3.70718     15.9664     56.0606         119         0.40662  
  30    219.975   0.66684     3.19975     10.0840     48.3871         119         0.35665  
  35    180.110   0.39229     2.80110      5.9322     42.3586         118         0.31695  
  40    145.022   0.00000     2.45022      0.0000     37.0526         119         0.28832  
  45    119.602   0.16671     2.19602      2.5210     33.2086         119         0.26537  
  50     98.329   0.05604     1.98329      0.8475     29.9916         118         0.23916  
  55     80.764   0.05557     1.80764      0.8403     27.3354         119         0.21469  
  60     66.132   0.05557     1.66132      0.8403     25.1228         119         0.18905  
  65     53.756   0.05557     1.53756      0.8403     23.2513         119         0.16792  
  70     42.840   0.00000     1.42840      0.0000     21.6005         118         0.14742  
  75     33.296   0.00000     1.33296      0.0000     20.1572         119         0.12272  
  80     24.947   0.00000     1.24947      0.0000     18.8947         119         0.09810  
  85     17.641   0.00000     1.17641      0.0000     17.7899         118         0.07543  
  90     11.090   0.00000     1.11090      0.0000     16.7993         119         0.04764  
  95      5.230   0.00000     1.05230      0.0000     15.9131         119         0.01146  
 100      0.000   0.00000     1.00000      0.0000     15.1222         118         0.00000  


Data Role=VALIDATE Target Variable=DepVar Target Label=DepVar

                                                                                    Mean
                            Cumulative       %      Cumulative     Number of     Posterior
Depth      Gain     Lift       Lift      Response   % Response   Observations   Probability

   5    453.751   5.53751     5.53751     84.3137     84.3137         51          0.92281  
  10    427.995   5.02239     5.27995     76.4706     80.3922         51          0.69135  
  15    372.191   3.60582     4.72191     54.9020     71.8954         51          0.57120  
  20    305.655   2.06047     4.05655     31.3725     61.7647         51          0.48090  
  25    258.006   1.67413     3.58006     25.4902     54.5098         51          0.42424  
  30    217.655   1.15901     3.17655     17.6471     48.3660         51          0.37406  
  35    183.314   0.77268     2.83314     11.7647     43.1373         51          0.33624  
  40    147.900   0.00000     2.47900      0.0000     37.7451         51          0.30307  
  45    120.356   0.00000     2.20356      0.0000     33.5512         51          0.27195  
  50     98.710   0.00000     1.98710      0.0000     30.2554         50          0.24159  
  55     80.613   0.00000     1.80613      0.0000     27.5000         51          0.21860  
  60     65.537   0.00000     1.65537      0.0000     25.2046         51          0.19751  
  65     53.776   0.12878     1.53776      1.9608     23.4139         51          0.17688  
  70     42.777   0.00000     1.42777      0.0000     21.7391         51          0.15506  
  75     33.246   0.00000     1.33246      0.0000     20.2880         51          0.13456  
  80     24.908   0.00000     1.24908      0.0000     19.0184         51          0.11045  
  85     17.552   0.00000     1.17552      0.0000     17.8984         51          0.08482  
  90     11.014   0.00000     1.11014      0.0000     16.9029         51          0.06086  
  95      5.165   0.00000     1.05165      0.0000     16.0124         51          0.02664  
 100      0.000   0.00000     1.00000      0.0000     15.2259         50          0.00009  
 
                                                                                               
 
 
Assessment Score Distribution

Data Role=TRAIN Target Variable=DepVar Target Label=DepVar

 Posterior     Number                     Mean
Probability      of      Number of     Posterior
   Range       Events    Nonevents    Probability    Percentage

 0.95-1.00       62           0         0.99559         2.6116 
 0.90-0.95       18           1         0.92422         0.8003 
 0.85-0.90       17           1         0.87457         0.7582 
 0.80-0.85       18           2         0.82608         0.8425 
 0.75-0.80       22           3         0.77948         1.0531 
 0.70-0.75       25           7         0.72018         1.3479 
 0.65-0.70       21          11         0.67453         1.3479 
 0.60-0.65       29          13         0.62614         1.7692 
 0.55-0.60       24          20         0.57410         1.8534 
 0.50-0.55       41          26         0.52161         2.8222 
 0.45-0.50       28          53         0.47357         3.4120 
 0.40-0.45       22          89         0.42234         4.6757 
 0.35-0.40       15         103         0.37426         4.9705 
 0.30-0.35       10         153         0.32312         6.8660 
 0.25-0.30        3         245         0.27523        10.4465 
 0.20-0.25        3         230         0.22449         9.8147 
 0.15-0.20        1         280         0.17326        11.8366 
 0.10-0.15        0         233         0.12466         9.8147 
 0.05-0.10        0         241         0.07638        10.1516 
 0.00-0.05        0         304         0.01360        12.8054 


Data Role=VALIDATE Target Variable=DepVar Target Label=DepVar

 Posterior     Number                     Mean
Probability      of      Number of     Posterior
   Range       Events    Nonevents    Probability    Percentage

 0.95-1.00       22           0         0.99874         2.1611 
 0.90-0.95        7           1         0.92117         0.7859 
 0.85-0.90        5           4         0.87477         0.8841 
 0.80-0.85        7           2         0.83139         0.8841 
 0.75-0.80        9           2         0.77478         1.0806 
 0.70-0.75       10           3         0.70998         1.2770 
 0.65-0.70       16           5         0.67301         2.0629 
 0.60-0.65       13           6         0.62796         1.8664 
 0.55-0.60       15          13         0.56973         2.7505 
 0.50-0.55       12           8         0.52987         1.9646 
 0.45-0.50       10          33         0.47595         4.2240 
 0.40-0.45       13          39         0.42473         5.1081 
 0.35-0.40       10          46         0.37203         5.5010 
 0.30-0.35        5          71         0.32468         7.4656 
 0.25-0.30        0          80         0.27573         7.8585 
 0.20-0.25        0         109         0.22465        10.7073 
 0.15-0.20        1         121         0.17632        11.9843 
 0.10-0.15        0         112         0.12695        11.0020 
 0.05-0.10        0         102         0.07537        10.0196 
 0.00-0.05        0         106         0.01509        10.4126 
