 
                                                                                               
 
 
Fit Statistics

Target=DepVar Target Label=DepVar

   Fit
Statistics    Statistics Label                     Train    Validation

 _DFT_        Total Degrees of Freedom           2374.00          .   
 _DFE_        Degrees of Freedom for Error       2240.00          .   
 _DFM_        Model Degrees of Freedom            134.00          .   
 _NW_         Number of Estimated Weights         134.00          .   
 _AIC_        Akaike's Information Criterion      757.31          .   
 _SBC_        Schwarz's Bayesian Criterion       1530.80          .   
 _ASE_        Average Squared Error                 0.03         0.04 
 _MAX_        Maximum Absolute Error                1.00         1.00 
 _DIV_        Divisor for ASE                    4748.00      2036.00 
 _NOBS_       Sum of Frequencies                 2374.00      1018.00 
 _RASE_       Root Average Squared Error            0.17         0.19 
 _SSE_        Sum of Squared Errors               140.74        71.86 
 _SUMW_       Sum of Case Weights Times Freq     4748.00      2036.00 
 _FPE_        Final Prediction Error                0.03          .   
 _MSE_        Mean Squared Error                    0.03         0.04 
 _RFPE_       Root Final Prediction Error           0.18          .   
 _RMSE_       Root Mean Squared Error               0.18         0.19 
 _AVERR_      Average Error Function                0.10         0.12 
 _ERR_        Error Function                      489.31       238.85 
 _MISC_       Misclassification Rate                0.04         0.05 
 _WRONG_      Number of Wrong Classifications      97.00        52.00 
 
                                                                                               
 
 
Classification Table

Data Role=TRAIN Target Variable=DepVar Target Label=DepVar

                       Target        Outcome     Frequency       Total
Target    Outcome    Percentage    Percentage      Count      Percentage

  0          0         97.4283       97.7667        1970        82.9823 
  1          0          2.5717       14.4847          52         2.1904 
  0          1         12.7841        2.2333          45         1.8955 
  1          1         87.2159       85.5153         307        12.9318 


Data Role=VALIDATE Target Variable=DepVar Target Label=DepVar

                       Target        Outcome     Frequency       Total
Target    Outcome    Percentage    Percentage      Count      Percentage

  0          0         96.7705       97.2190        839         82.4165 
  1          0          3.2295       18.0645         28          2.7505 
  0          1         15.8940        2.7810         24          2.3576 
  1          1         84.1060       81.9355        127         12.4754 
 
                                                                                               
 
 
Event Classification Table

Data Role=TRAIN Target=DepVar Target Label=DepVar

  False       True        False       True
Negative    Negative    Positive    Positive

   52         1970         45          307  


Data Role=VALIDATE Target=DepVar Target Label=DepVar

  False       True        False       True
Negative    Negative    Positive    Positive

   28          839         24          127  
 
                                                                                               
 
 
Assessment Score Rankings

Data Role=TRAIN Target Variable=DepVar Target Label=DepVar

                                                                                    Mean
                            Cumulative       %      Cumulative     Number of     Posterior
Depth      Gain     Lift       Lift      Response   % Response   Observations   Probability

   5    561.281   6.61281     6.61281     100.000     100.000         119         0.98619  
  10    547.389   6.33496     6.47389      95.798      97.899         119         0.91361  
  15    470.517   4.16774     5.70517      63.025      86.275         119         0.65968  
  20    371.946   1.73726     4.71946      26.271      71.368         118         0.31623  
  25    292.984   0.77798     3.92984      11.765      59.428         119         0.14357  
  30    229.249   0.11114     3.29249       1.681      49.790         119         0.06765  
  35    184.088   0.11208     2.84088       1.695      42.960         118         0.03209  
  40    148.503   0.00000     2.48503       0.000      37.579         119         0.01629  
  45    120.840   0.00000     2.20840       0.000      33.396         119         0.00790  
  50     98.886   0.00000     1.98886       0.000      30.076         118         0.00373  
  55     81.270   0.05557     1.81270       0.840      27.412         119         0.00215  
  60     66.596   0.05557     1.66596       0.840      25.193         119         0.00128  
  65     53.756   0.00000     1.53756       0.000      23.251         119         0.00062  
  70     42.840   0.00000     1.42840       0.000      21.600         118         0.00028  
  75     33.296   0.00000     1.33296       0.000      20.157         119         0.00013  
  80     24.947   0.00000     1.24947       0.000      18.895         119         0.00007  
  85     17.641   0.00000     1.17641       0.000      17.790         118         0.00003  
  90     11.090   0.00000     1.11090       0.000      16.799         119         0.00002  
  95      5.230   0.00000     1.05230       0.000      15.913         119         0.00001  
 100      0.000   0.00000     1.00000       0.000      15.122         118         0.00001  


Data Role=VALIDATE Target Variable=DepVar Target Label=DepVar

                                                                                    Mean
                            Cumulative       %      Cumulative     Number of     Posterior
Depth      Gain     Lift       Lift      Response   % Response   Observations   Probability

   5    556.774   6.56774     6.56774     100.000     100.000         51          0.98549  
  10    524.579   5.92385     6.24579      90.196      95.098         51          0.91587  
  15    449.458   3.99216     5.49458      60.784      83.660         51          0.65037  
  20    376.483   2.57559     4.76483      39.216      72.549         51          0.33513  
  25    291.489   0.51512     3.91489       7.843      59.608         51          0.16084  
  30    228.387   0.12878     3.28387       1.961      50.000         51          0.07724  
  35    183.314   0.12878     2.83314       1.961      43.137         51          0.03073  
  40    147.900   0.00000     2.47900       0.000      37.745         51          0.01599  
  45    120.356   0.00000     2.20356       0.000      33.551         51          0.00787  
  50     98.710   0.00000     1.98710       0.000      30.255         50          0.00373  
  55     81.786   0.12878     1.81786       1.961      27.679         51          0.00225  
  60     66.612   0.00000     1.66612       0.000      25.368         51          0.00121  
  65     53.776   0.00000     1.53776       0.000      23.414         51          0.00060  
  70     42.777   0.00000     1.42777       0.000      21.739         51          0.00030  
  75     33.246   0.00000     1.33246       0.000      20.288         51          0.00013  
  80     24.908   0.00000     1.24908       0.000      19.018         51          0.00005  
  85     17.552   0.00000     1.17552       0.000      17.898         51          0.00003  
  90     11.014   0.00000     1.11014       0.000      16.903         51          0.00002  
  95      5.165   0.00000     1.05165       0.000      16.012         51          0.00001  
 100      0.000   0.00000     1.00000       0.000      15.226         50          0.00001  
 
                                                                                               
 
 
Assessment Score Distribution

Data Role=TRAIN Target Variable=DepVar Target Label=DepVar

 Posterior     Number                     Mean
Probability      of      Number of     Posterior
   Range       Events    Nonevents    Probability    Percentage

 0.95-1.00       149           1        0.98088         6.3184 
 0.90-0.95        44           1        0.92702         1.8955 
 0.85-0.90        29           1        0.88205         1.2637 
 0.80-0.85        14           2        0.82365         0.6740 
 0.75-0.80        20           4        0.76943         1.0110 
 0.70-0.75        13           2        0.72307         0.6318 
 0.65-0.70        16          12        0.67566         1.1794 
 0.60-0.65         9           7        0.62642         0.6740 
 0.55-0.60        10           4        0.57592         0.5897 
 0.50-0.55         3          11        0.52392         0.5897 
 0.45-0.50         9           8        0.47171         0.7161 
 0.40-0.45         3           7        0.42630         0.4212 
 0.35-0.40         3          19        0.36792         0.9267 
 0.30-0.35         6          10        0.32823         0.6740 
 0.25-0.30         4          20        0.27208         1.0110 
 0.20-0.25         7          29        0.22217         1.5164 
 0.15-0.20         8          38        0.17453         1.9377 
 0.10-0.15         6          61        0.12327         2.8222 
 0.05-0.10         2         103        0.07245         4.4229 
 0.00-0.05         4        1675        0.00506        70.7245 


Data Role=VALIDATE Target Variable=DepVar Target Label=DepVar

 Posterior     Number                     Mean
Probability      of      Number of     Posterior
   Range       Events    Nonevents    Probability    Percentage

 0.95-1.00       64           0         0.98046         6.2868 
 0.90-0.95       20           2         0.92389         2.1611 
 0.85-0.90        9           3         0.87680         1.1788 
 0.80-0.85        7           2         0.83050         0.8841 
 0.75-0.80        5           3         0.78201         0.7859 
 0.70-0.75        5           1         0.73212         0.5894 
 0.65-0.70        3           1         0.68358         0.3929 
 0.60-0.65        4           5         0.62318         0.8841 
 0.55-0.60        4           2         0.56788         0.5894 
 0.50-0.55        6           5         0.52183         1.0806 
 0.45-0.50        3           3         0.45921         0.5894 
 0.40-0.45        3           6         0.42172         0.8841 
 0.35-0.40        3           5         0.37236         0.7859 
 0.30-0.35        7           5         0.32624         1.1788 
 0.25-0.30        4           5         0.27774         0.8841 
 0.20-0.25        2          15         0.22239         1.6699 
 0.15-0.20        2          22         0.16755         2.3576 
 0.10-0.15        1          29         0.12162         2.9470 
 0.05-0.10        1          32         0.07360         3.2417 
 0.00-0.05        2         717         0.00493        70.6287 
