MPRINT(EM_DIAGRAM):    data _null_;
MPRINT(EM_DIAGRAM):   call symput('NLDATE', strip(put(date(), NLDATE.)));
MPRINT(EM_DIAGRAM):   call symput('NLTIME', strip(put(datetime(), NLTIME.)));
MPRINT(EM_DIAGRAM):   run;
MPRINT(EM_DIAGRAM):   data _null_;
MPRINT(EM_DIAGRAM):   nldate= sasmsg("sashelp.dmine", "log_date_note", 'N', "19. April 2016" );
MPRINT(EM_DIAGRAM):   nltime= sasmsg("sashelp.dmine", "log_time_note", 'N', "11.06 Uhr" );
MPRINT(EM_DIAGRAM):   put "*------------------------------------------------------------*";
MPRINT(EM_DIAGRAM):   put "* Training Log";
MPRINT(EM_DIAGRAM):   put nldate;
MPRINT(EM_DIAGRAM):   put nltime;
MPRINT(EM_DIAGRAM):   put "*------------------------------------------------------------*";
MPRINT(EM_DIAGRAM):   run;
*------------------------------------------------------------*
* Training Log
Date:                19. April 2016
Time:                11.06 Uhr
*------------------------------------------------------------*
MPRINT(EM_DIAGRAM):    filename O2CM6JY6 
"C:\\predictive-models-project\Workspaces\EMWS8\Neural30\EMTRAIN.out" encoding="UTF-8" NOBOM;
MPRINT(EM_DIAGRAM):   proc printto print=O2CM6JY6 new;
MPRINT(EM_DIAGRAM):   run;
MPRINT(EM_DIAGRAM):    filename _LOG 
"C:\\predictive-models-project\Workspaces\EMWS8\Neural30\EMLOG.log" encoding="UTF-8" NOBOM;
MPRINT(EM_DIAGRAM):    data _null_;
MPRINT(EM_DIAGRAM):   call symput('NLDATE', strip(put(date(), NLDATE.)));
MPRINT(EM_DIAGRAM):   call symput('NLTIME', strip(put(datetime(), NLTIME.)));
MPRINT(EM_DIAGRAM):   run;
MPRINT(EM_DIAGRAM):   data _null_;
MPRINT(EM_DIAGRAM):   nldate= sasmsg("sashelp.dmine", "log_date_note", 'N', "19. April 2016" );
MPRINT(EM_DIAGRAM):   nltime= sasmsg("sashelp.dmine", "log_time_note", 'N', "11.06 Uhr" );
MPRINT(EM_DIAGRAM):   file _LOG;
MPRINT(EM_DIAGRAM):   put "*------------------------------------------------------------*";
MPRINT(EM_DIAGRAM):   put "User:                Lukas Fahr";
MPRINT(EM_DIAGRAM):   put nldate;
MPRINT(EM_DIAGRAM):   put nltime;
MPRINT(EM_DIAGRAM):   put "Site:                70107571";
MPRINT(EM_DIAGRAM):   put "Platform:            X64_7PRO";
MPRINT(EM_DIAGRAM):   put "Maintenance Release: 9.03.01M2P081512";
MPRINT(EM_DIAGRAM):   put "EM Version:          12.1";
MPRINT(EM_DIAGRAM):   put "* ";
MPRINT(EM_DIAGRAM):   run;
MPRINT(EM_DIAGRAM):    filename _LOGIN 
"C:\\predictive-models-project\Workspaces\EMWS8\Neural30\EMTRAIN.log" encoding="UTF-8" NOBOM;
MPRINT(EM_COPYFILE):   data _null_;
MPRINT(EM_COPYFILE):   length line $20000;
MPRINT(EM_COPYFILE):   file _LOG MOD lrecl=20000;
MPRINT(EM_COPYFILE):   fid=fopen("_LOGIN",'i',20000,'v');
MPRINT(EM_COPYFILE):   if fid > 0 then do;
MPRINT(EM_COPYFILE):   do while(^fread(fid));
MPRINT(EM_COPYFILE):   rlen = frlen(fid);
MPRINT(EM_COPYFILE):   rc= fget(fid,line,20000);
MPRINT(EM_COPYFILE):   start = length(line)-length(left(line))+1;
MPRINT(EM_COPYFILE):   line=strip(line);
MPRINT(EM_COPYFILE):   put @start line;
MPRINT(EM_COPYFILE):   end;
MPRINT(EM_COPYFILE):   if fid > 0 then rc=fclose(fid);
MPRINT(EM_COPYFILE):   end;
MPRINT(EM_COPYFILE):   run;
MPRINT(EM_DIAGRAM):  ;
MPRINT(EM_DIAGRAM):   filename _LOGIN;
MPRINT(EM_DIAGRAM):    data _null_;
MPRINT(EM_DIAGRAM):   file _LOG mod;
MPRINT(EM_DIAGRAM):   put _page_;
MPRINT(EM_DIAGRAM):   run;
MPRINT(EM_DIAGRAM):   filename _LOGIN 
"C:\\predictive-models-project\Workspaces\EMWS8\Neural30\EMSCORE.log" encoding="UTF-8" NOBOM;
MPRINT(EM_DIAGRAM):  ;
MPRINT(EM_DIAGRAM):   data _null_;
MPRINT(EM_DIAGRAM):   file _LOG mod;
MPRINT(EM_DIAGRAM):   put _page_;
MPRINT(EM_DIAGRAM):   run;
MPRINT(EM_DIAGRAM):    filename _LOGIN 
"C:\\predictive-models-project\Workspaces\EMWS8\Neural30\EMREPORT.log" encoding="UTF-8" NOBOM;
MPRINT(EM_DIAGRAM):  ;
MPRINT(EM_DIAGRAM):   filename _LOGIN;
MPRINT(EM_DIAGRAM):    filename _LOG;
MPRINT(EM_DIAGRAM):    filename _OUT 
"C:\\predictive-models-project\Workspaces\EMWS8\Neural30\EMOUTPUT.out" encoding="UTF-8" NOBOM;
MPRINT(EM_DIAGRAM):    data _null_;
MPRINT(EM_DIAGRAM):   call symput('NLDATE', strip(put(date(), NLDATE.)));
MPRINT(EM_DIAGRAM):   call symput('NLTIME', strip(put(datetime(), NLTIME.)));
MPRINT(EM_DIAGRAM):   run;
MPRINT(EM_DIAGRAM):   data _null_;
MPRINT(EM_DIAGRAM):   nldate= sasmsg("sashelp.dmine", "log_date_note", 'N', "19. April 2016" );
MPRINT(EM_DIAGRAM):   nltime= sasmsg("sashelp.dmine", "log_time_note", 'N', "11.06 Uhr" );
MPRINT(EM_DIAGRAM):   file _OUT;
MPRINT(EM_DIAGRAM):   put "*------------------------------------------------------------*";
MPRINT(EM_DIAGRAM):   put "User:                Lukas Fahr";
MPRINT(EM_DIAGRAM):   put nldate;
MPRINT(EM_DIAGRAM):   put nltime;
MPRINT(EM_DIAGRAM):   put "*------------------------------------------------------------*";
MPRINT(EM_DIAGRAM):   put "* Training Output";
MPRINT(EM_DIAGRAM):   put "*------------------------------------------------------------*";
MPRINT(EM_DIAGRAM):   run;
MPRINT(EM_DIAGRAM):    filename _OUTIN 
"C:\\predictive-models-project\Workspaces\EMWS8\Neural30\EMTRAIN.out" encoding="UTF-8" NOBOM;
MPRINT(EM_DIAGRAM):   ;
MPRINT(EM_COPYFILE):   data _null_;
MPRINT(EM_COPYFILE):   length line $20000;
MPRINT(EM_COPYFILE):   file _OUT MOD lrecl=20000;
MPRINT(EM_COPYFILE):   fid=fopen("_OUTIN",'i',20000,'v');
MPRINT(EM_COPYFILE):   if fid > 0 then do;
MPRINT(EM_COPYFILE):   do while(^fread(fid));
MPRINT(EM_COPYFILE):   rlen = frlen(fid);
MPRINT(EM_COPYFILE):   rc= fget(fid,line,20000);
MPRINT(EM_COPYFILE):   start = length(line)-length(left(line))+1;
MPRINT(EM_COPYFILE):   line=strip(line);
MPRINT(EM_COPYFILE):   put @start line;
MPRINT(EM_COPYFILE):   end;
MPRINT(EM_COPYFILE):   if fid > 0 then rc=fclose(fid);
MPRINT(EM_COPYFILE):   end;
MPRINT(EM_COPYFILE):   run;
MPRINT(EM_DIAGRAM):  ;
MPRINT(EM_DIAGRAM):   filename _OUTIN;
MPRINT(EM_DIAGRAM):    data _null_;
MPRINT(EM_DIAGRAM):   file _OUT mod;
MPRINT(EM_DIAGRAM):   put _page_;
MPRINT(EM_DIAGRAM):   put // "*------------------------------------------------------------*";
MPRINT(EM_DIAGRAM):   put "* Score Output";
MPRINT(EM_DIAGRAM):   put "*------------------------------------------------------------*";
MPRINT(EM_DIAGRAM):   run;
MPRINT(EM_DIAGRAM):    filename _OUTIN 
"C:\\predictive-models-project\Workspaces\EMWS8\Neural30\EMSCORE.out" encoding="UTF-8" NOBOM;
MPRINT(EM_DIAGRAM):  ;
MPRINT(EM_DIAGRAM):   filename _OUTIN;
MPRINT(EM_DIAGRAM):    data _null_;
MPRINT(EM_DIAGRAM):   file _OUT mod;
MPRINT(EM_DIAGRAM):   put _page_;
MPRINT(EM_DIAGRAM):   put // "*------------------------------------------------------------*";
MPRINT(EM_DIAGRAM):   put "* Report Output";
MPRINT(EM_DIAGRAM):   put "*------------------------------------------------------------*";
MPRINT(EM_DIAGRAM):   run;
MPRINT(EM_DIAGRAM):    filename _OUTIN 
"C:\\predictive-models-project\Workspaces\EMWS8\Neural30\EMREPORT.out" encoding="UTF-8" NOBOM;
MPRINT(EM_DIAGRAM):  ;
MPRINT(EM_DIAGRAM):   filename _OUTIN;
MPRINT(EM_DIAGRAM):    filename _OUT;
MPRINT(EM_DIAGRAM):    filename _emtool_ 
'C:\\predictive-models-project\Workspaces\EMWS8\Neural30\EMRUNSTATUS.xml' encoding="UTF-8" 
NOBOM;
MPRINT(EM_DIAGRAM):    filename _emtool_ 
'C:\\predictive-models-project\Workspaces\EMWS8\Neural30\EMRUNSTATUS.xml' encoding="UTF-8" 
NOBOM;
348101     proc freq data=EMWS8.Neural30_VariableSet noprint;
MPRINT(EM_DIAGRAM):    proc freq data=EMWS8.Neural30_VariableSet noprint;
348102     table ROLE*LEVEL/out=WORK.Neural30META;
MPRINT(EM_DIAGRAM):   table ROLE*LEVEL/out=WORK.Neural30META;
348103     run;
MPRINT(EM_DIAGRAM):   run;

NOTE: There were 34 observations read from the data set EMWS8.NEURAL30_VARIABLESET.
NOTE: The data set WORK.NEURAL30META has 6 observations and 4 variables.
NOTE: PROCEDURE FREQ used (Total process time):
      real time           0.02 seconds
      cpu time            0.03 seconds
      

348104     proc print data=WORK.Neural30META label noobs;
MPRINT(EM_DIAGRAM):   proc print data=WORK.Neural30META label noobs;
348105     var ROLE LEVEL COUNT;
MPRINT(EM_DIAGRAM):   var ROLE LEVEL COUNT;
348106     label ROLE = "%sysfunc(sasmsg(sashelp.dmine, meta_role_vlabel, NOQUOTE))" LEVEL =
348106   ! "%sysfunc(sasmsg(sashelp.dmine, meta_level_vlabel, NOQUOTE))" COUNT =
348106   ! "%sysfunc(sasmsg(sashelp.dmine, rpt_count_vlabel, NOQUOTE))";
MPRINT(EM_DIAGRAM):   label ROLE = "Role" LEVEL = "Measurement Level" COUNT = "Frequency 
Count";
348107     title9 ' ';
MPRINT(EM_DIAGRAM):   title9 ' ';
348108     title10 "%sysfunc(sasmsg(sashelp.dmine, rpt_varSummary_title  , NOQUOTE))";
MPRINT(EM_DIAGRAM):   title10 "Variable Summary";
MPRINT(EM_DIAGRAM):   run;
348109     run;

NOTE: There were 6 observations read from the data set WORK.NEURAL30META.
NOTE: The PROCEDURE PRINT printed page 279.
NOTE: PROCEDURE PRINT used (Total process time):
      real time           0.01 seconds
      cpu time            0.01 seconds
      

348110     title10;
MPRINT(EM_DIAGRAM):   title10;
348111     %let EMNORLEN = %DMNORLEN;
MPRINT(EM_DIAGRAM):   
EMWS8.Meta2_TRAIN EMWS8.Meta2_TRAIN 
EMWS8.Meta2_TRAIN EMWS8.Meta2_TRAIN EMWS8 Meta2_TRAIN 
EMWS8.Meta2_TRAIN EMWS8.Meta2_TRAIN 
EMWS8.Meta2_TRAIN EMWS8.Meta2_TRAIN EMWS8 Meta2_TRAIN 
MPRINT(EM_DIAGRAM):    proc dmdb data=EMWS8.Meta2_TRAIN 
classout=WORK._DMDBCLASSTARGET(keep=NAME NRAW CRAW LEVEL FREQUENCY NMISSPERCENT);
MPRINT(EM_DIAGRAM):   class DepVar(DESC) ;
MPRINT(EM_DIAGRAM):   run;
Executing  SASHELP.EMCORE.EMINFOITERATOR.SCL _INIT >> 
Executing  SASHELP.EMCORE.EMINFOITERATOR.SCL setMetaData >> 
Executing  SASHELP.EMCORE.EMINFOITERATOR.SCL next >> 
Executing  SASHELP.EMCORE.EMINFOITERATOR.SCL setMetaData >> 
Executing  SASHELP.EMCORE.EMINFOITERATOR.SCL next >> 
Executing  SASHELP.EMCORE.EMINFOITERATOR.SCL _term >> 
MPRINT(EM_DIAGRAM):    data _null_;
MPRINT(EM_DIAGRAM):   set WORK._DMDBCLASSTARGET;
MPRINT(EM_DIAGRAM):   where ^(NRAW eq . and CRAW eq '') and NAME="DepVar";
MPRINT(EM_DIAGRAM):   if _N_=1 then call symput('_newevent', strip(LEVEL));
MPRINT(EM_DIAGRAM):   run;
MPRINT(EM_DIAGRAM):   proc sort data=WORK._DMDBCLASSTARGET out=_TEMPCLASS(keep=LEVEL FREQUENCY 
NMISSPERCENT rename=(LEVEL=DepVar));
MPRINT(EM_DIAGRAM):   by LEVEL;
MPRINT(EM_DIAGRAM):   where ^(NRAW eq . and CRAW eq '') and NAME="DepVar";
MPRINT(EM_DIAGRAM):   run;
MPRINT(EM_DIAGRAM):   data _TEMPCLASS;
MPRINT(EM_DIAGRAM):   set _TEMPCLASS;
MPRINT(EM_DIAGRAM):   NMISSPERCENT= NMISSPERCENT/100;
MPRINT(EM_DIAGRAM):   run;
MPRINT(EM_DIAGRAM):    data _sortedDecData;
MPRINT(EM_DIAGRAM):   set EMWS8.Neural30_DepVar_DD;
MPRINT(EM_DIAGRAM):   _levelorder_=_N_;
MPRINT(EM_DIAGRAM):   run;
MPRINT(EM_DIAGRAM):   proc sort data=_sortedDecdata;
MPRINT(EM_DIAGRAM):   by DepVar;
MPRINT(EM_DIAGRAM):   run;
MPRINT(EM_DIAGRAM):   data _null_;
MPRINT(EM_DIAGRAM):   merge _TEMPCLASS(in=_a) _sortedDecdata(in=_b);
MPRINT(EM_DIAGRAM):   by DepVar;
MPRINT(EM_DIAGRAM):   if (_a and ^_b) or (^_a and _b) then call symput('_emresetDec', '1');
MPRINT(EM_DIAGRAM):   run;
MPRINT(EM_DIAGRAM):    data EMWS8.Neural30_DepVar_DD;
MPRINT(EM_DIAGRAM):   set EMWS8.Neural30_DepVar_DD;
MPRINT(EM_DIAGRAM):   _levelorder_=_N_;
MPRINT(EM_DIAGRAM):   run;
MPRINT(EM_DIAGRAM):   proc sort data=EMWS8.Neural30_DepVar_DD;
MPRINT(EM_DIAGRAM):   by DepVar;
MPRINT(EM_DIAGRAM):   run;
MPRINT(EM_DIAGRAM):   data EMWS8.Neural30_DepVar_DD;
MPRINT(EM_DIAGRAM):   merge EMWS8.Neural30_DepVar_DD 
_TEMPCLASS(rename=(NMISSPERCENT=TRAINPRIOR FREQUENCY=COUNT));
MPRINT(EM_DIAGRAM):   by DepVar;
MPRINT(EM_DIAGRAM):   run;
MPRINT(EM_DIAGRAM):   proc sort data=EMWS8.Neural30_DepVar_DD 
out=EMWS8.Neural30_DepVar_DD(drop=_levelorder_);
MPRINT(EM_DIAGRAM):   by _levelorder_;
MPRINT(EM_DIAGRAM):   run;
348158     data WORK.Neural30_EVENT(KEEP=VARIABLE LABEL LEVEL EVENT NUMLEVELS ORDER);
MPRINT(EM_DIAGRAM):    data WORK.Neural30_EVENT(KEEP=VARIABLE LABEL LEVEL EVENT NUMLEVELS 
ORDER);
348159     length ORDER $20;
MPRINT(EM_DIAGRAM):   length ORDER $20;
348160     label VARIABLE = "%sysfunc(sasmsg(sashelp.dmine, rpt_target_vlabel,  NOQUOTE))"
348160   ! EVENT = "%sysfunc(sasmsg(sashelp.dmine, assmt_event_vlabel, NOQUOTE))" NUMLEVELS =
348160   ! "%sysfunc(sasmsg(sashelp.dmine, rpt_numcat_vlabel, NOQUOTE))" LEVEL =
348161        "%sysfunc(sasmsg(sashelp.dmine, meta_level_vlabel, NOQUOTE))" ORDER =
348161   ! "%sysfunc(sasmsg(sashelp.dmine, meta_order_vlabel, NOQUOTE))" LABEL =
348161   ! "%sysfunc(sasmsg(sashelp.dmine, meta_label_vlabel, NOQUOTE))";
MPRINT(EM_DIAGRAM):   label VARIABLE = "Target" EVENT = "Event" NUMLEVELS = "Number of Levels" 
LEVEL = "Measurement Level" ORDER = "Order" LABEL = "Label";
348162     set EMWS8.NEURAL30_DEPVAR_DM( where=(_TYPE_="TARGET"));
MPRINT(EM_DIAGRAM):   set EMWS8.NEURAL30_DEPVAR_DM( where=(_TYPE_="TARGET"));
348163     NumLevels=2;
MPRINT(EM_DIAGRAM):   NumLevels=2;
348164     select(upcase(ORDER));
MPRINT(EM_DIAGRAM):   select(upcase(ORDER));
348165     when('DESC') ORDER = 'Descending';
MPRINT(EM_DIAGRAM):   when('DESC') ORDER = 'Descending';
348166     when('ASC') ORDER = 'Ascending';
MPRINT(EM_DIAGRAM):   when('ASC') ORDER = 'Ascending';
348167     when('FMTDESC') ORDER = 'Formatted Descending';
MPRINT(EM_DIAGRAM):   when('FMTDESC') ORDER = 'Formatted Descending';
348168     when('FMTASC') ORDER = 'Formatted Ascending';
MPRINT(EM_DIAGRAM):   when('FMTASC') ORDER = 'Formatted Ascending';
348169     otherwise ORDER = 'Descending';
MPRINT(EM_DIAGRAM):   otherwise ORDER = 'Descending';
348170     end;
MPRINT(EM_DIAGRAM):   end;
348171     output;
MPRINT(EM_DIAGRAM):   output;
348172     run;
MPRINT(EM_DIAGRAM):   run;

NOTE: There were 1 observations read from the data set EMWS8.NEURAL30_DEPVAR_DM.
      WHERE _TYPE_='TARGET';
NOTE: The data set WORK.NEURAL30_EVENT has 1 observations and 6 variables.
NOTE: DATA statement used (Total process time):
      real time           0.01 seconds
      cpu time            0.01 seconds
      

348173     title9 ' ';
MPRINT(EM_DIAGRAM):   title9 ' ';
348174     proc print data=WORK.Neural30_EVENT noobs label;
MPRINT(EM_DIAGRAM):   proc print data=WORK.Neural30_EVENT noobs label;
348175     var VARIABLE EVENT LEVEL NUMLEVELS ORDER LABEL;
MPRINT(EM_DIAGRAM):   var VARIABLE EVENT LEVEL NUMLEVELS ORDER LABEL;
348176     title9 ' ';
MPRINT(EM_DIAGRAM):   title9 ' ';
348177     title10 "%sysfunc(sasmsg(sashelp.dmine, rpt_modelEvent_title  , NOQUOTE))";
MPRINT(EM_DIAGRAM):   title10 "Model Events";
MPRINT(EM_DIAGRAM):   run;
348178     run;

NOTE: There were 1 observations read from the data set WORK.NEURAL30_EVENT.
NOTE: The PROCEDURE PRINT printed page 280.
NOTE: PROCEDURE PRINT used (Total process time):
      real time           0.00 seconds
      cpu time            0.00 seconds
      

348179     title10;
MPRINT(EM_DIAGRAM):   title10;
"No decisions defined for target "DepVar"." 
348180     proc print data = EMWS8.Neural30_DepVar_DM noobs label;
MPRINT(EM_DIAGRAM):    proc print data = EMWS8.Neural30_DepVar_DM noobs label;
348181     var _type_ variable label;
MPRINT(EM_DIAGRAM):   var _type_ variable label;
348182     where _type_ ^in('MATRIX', 'DECISION', 'TRAINPRIOR', 'DATAPRIOR', 'DECPRIOR');
MPRINT(EM_DIAGRAM):   where _type_ ^in('MATRIX', 'DECISION', 'TRAINPRIOR', 'DATAPRIOR', 
'DECPRIOR');
348183     label _TYPE_ = "%sysfunc(sasmsg(sashelp.dmine, rpt_type_vlabel,     NOQUOTE))"
348183   ! VARIABLE = "%sysfunc(sasmsg(sashelp.dmine, rpt_variable_vlabel, NOQUOTE))" LABEL =
348183   ! "%sysfunc(sasmsg(sashelp.dmine, meta_label_vlabel, NOQUOTE))";
MPRINT(EM_DIAGRAM):   label _TYPE_ = "Type" VARIABLE = "Variable" LABEL = "Label";
348184     title9 ' ';
MPRINT(EM_DIAGRAM):   title9 ' ';
348185     title10 "%sysfunc(sasmsg(sashelp.dmine, rpt_predDecVars_title  , NOQUOTE))";
MPRINT(EM_DIAGRAM):   title10 "Predicted and decision variables";
MPRINT(EM_DIAGRAM):   run;
348186     run;

NOTE: There were 7 observations read from the data set EMWS8.NEURAL30_DEPVAR_DM.
      WHERE _type_ not in ('DATAPRIOR', 'DECISION', 'DECPRIOR', 'MATRIX', 'TRAINPRIOR');
NOTE: The PROCEDURE PRINT printed page 281.
NOTE: PROCEDURE PRINT used (Total process time):
      real time           0.01 seconds
      cpu time            0.01 seconds
      

348187     title10;
MPRINT(EM_DIAGRAM):   title10;
MPRINT(EM_DIAGRAM):    *------------------------------------------------------------*;
MPRINT(EM_DIAGRAM):   * Neural30: Preparing metadata for training;
MPRINT(EM_DIAGRAM):   ;
MPRINT(EM_DIAGRAM):   *------------------------------------------------------------*;
MPRINT(EM_DIAGRAM):   data WORK.M3H9PH7O;
MPRINT(EM_DIAGRAM):   set WORK.M3H9PH7O;
MPRINT(EM_DIAGRAM):   where(use = 'Y' or (role = 'INPUT' and use = 'D'));
MPRINT(EM_DIAGRAM):   if (role = 'REJECTED') then role = 'INPUT';
MPRINT(EM_DIAGRAM):   run;
348197     data WORK.M3H9PH7O;
MPRINT(EM_DIAGRAM):    data WORK.M3H9PH7O;
348198     set WORK.M3H9PH7O end=eof;
MPRINT(EM_DIAGRAM):   set WORK.M3H9PH7O end=eof;
348199     output;
MPRINT(EM_DIAGRAM):   output;
348200     if eof then do;
MPRINT(EM_DIAGRAM):   if eof then do;
348201     NAME="";
MPRINT(EM_DIAGRAM):   NAME="";
348202     ROLE="COST";
MPRINT(EM_DIAGRAM):   ROLE="COST";
348203     LEVEL="INTERVAL";
MPRINT(EM_DIAGRAM):   LEVEL="INTERVAL";
348204     TYPE="N";
MPRINT(EM_DIAGRAM):   TYPE="N";
348205     output;
MPRINT(EM_DIAGRAM):   output;
348206     end;
MPRINT(EM_DIAGRAM):   end;
348207     run;
MPRINT(EM_DIAGRAM):   run;

NOTE: There were 24 observations read from the data set WORK.M3H9PH7O.
NOTE: The data set WORK.M3H9PH7O has 25 observations and 21 variables.
NOTE: DATA statement used (Total process time):
      real time           0.00 seconds
      cpu time            0.01 seconds
      

NOTE: There were 2 observations read from the data set EMWS8.NEURAL30_DEPVAR_DD.
NOTE: The data set WORK.DEPVAR has 2 observations and 7 variables.
348208     *------------------------------------------------------------*;
MPRINT(EM_DIAGRAM):    *------------------------------------------------------------*;
348209     * Neural30: Create decision matrix;
MPRINT(EM_DIAGRAM):   * Neural30: Create decision matrix;
348210     *------------------------------------------------------------*;
MPRINT(EM_DIAGRAM):   *------------------------------------------------------------*;
348211     data WORK.DepVar;
MPRINT(EM_DIAGRAM):   data WORK.DepVar;
348212       length   DepVar                           $  32
348213                COUNT                                8
348214                DATAPRIOR                            8
348215                TRAINPRIOR                           8
348216                DECPRIOR                             8
348217                DECISION1                            8
348218                DECISION2                            8
348219                ;
MPRINT(EM_DIAGRAM):   length DepVar $ 32 COUNT 8 DATAPRIOR 8 TRAINPRIOR 8 DECPRIOR 8 DECISION1 
8 DECISION2 8 ;
348220     
348221       label    COUNT="Level Counts"
348222                DATAPRIOR="Data Proportions"
348223                TRAINPRIOR="Training Proportions"
348224                DECPRIOR="Decision Priors"
348225                DECISION1="1"
348226                DECISION2="0"
348227                ;
MPRINT(EM_DIAGRAM):   label COUNT= "Level Counts" DATAPRIOR= "Data Proportions" TRAINPRIOR= 
"Training Proportions" DECPRIOR= "Decision Priors" DECISION1= "1" DECISION2= "0" ;
348228       format   COUNT 10.
348229                ;
MPRINT(EM_DIAGRAM):   format COUNT 10. ;
348230     DepVar="1"; COUNT=359; DATAPRIOR=0.0643642072; TRAINPRIOR=0.15122156697556;
348230   ! DECPRIOR=.; DECISION1=1; DECISION2=0;
MPRINT(EM_DIAGRAM):   DepVar="1";
MPRINT(EM_DIAGRAM):   COUNT=359;
MPRINT(EM_DIAGRAM):   DATAPRIOR=0.0643642072;
MPRINT(EM_DIAGRAM):   TRAINPRIOR=0.15122156697556;
MPRINT(EM_DIAGRAM):   DECPRIOR=.;
MPRINT(EM_DIAGRAM):   DECISION1=1;
MPRINT(EM_DIAGRAM):   DECISION2=0;
348231     output;
MPRINT(EM_DIAGRAM):   output;
348232     DepVar="0"; COUNT=2015; DATAPRIOR=0.9356357928; TRAINPRIOR=0.84877843302443;
348232   ! DECPRIOR=.; DECISION1=0; DECISION2=1;
MPRINT(EM_DIAGRAM):   DepVar="0";
MPRINT(EM_DIAGRAM):   COUNT=2015;
MPRINT(EM_DIAGRAM):   DATAPRIOR=0.9356357928;
MPRINT(EM_DIAGRAM):   TRAINPRIOR=0.84877843302443;
MPRINT(EM_DIAGRAM):   DECPRIOR=.;
MPRINT(EM_DIAGRAM):   DECISION1=0;
MPRINT(EM_DIAGRAM):   DECISION2=1;
348233     output;
MPRINT(EM_DIAGRAM):   output;
348234     ;
MPRINT(EM_DIAGRAM):   ;
348235     run;
MPRINT(EM_DIAGRAM):   run;

NOTE: The data set WORK.DEPVAR has 2 observations and 7 variables.
NOTE: DATA statement used (Total process time):
      real time           0.00 seconds
      cpu time            0.00 seconds
      

348236     proc datasets lib=work nolist;
MPRINT(EM_DIAGRAM):   proc datasets lib=work nolist;
348237     modify DepVar(type=PROFIT label=DepVar);
MPRINT(EM_DIAGRAM):   modify DepVar(type=PROFIT label= DepVar);
MPRINT(EM_DIAGRAM):   label DECISION1= '1';
MPRINT(EM_DIAGRAM):   label DECISION2= '0';
MPRINT(EM_DIAGRAM):   run;
348238     label DECISION1= '1';
348239     label DECISION2= '0';
348240     run;

NOTE: MODIFY was successful for WORK.DEPVAR.DATA.
348241     quit;
MPRINT(EM_DIAGRAM):   quit;

NOTE: PROCEDURE DATASETS used (Total process time):
      real time           0.04 seconds
      cpu time            0.04 seconds
      

348242     data EM_Neural30;
MPRINT(EM_DIAGRAM):   data EM_Neural30;
348243     set EMWS8.Meta2_TRAIN(keep=
348244     AcceptedCmp1 AcceptedCmp2 AcceptedCmp3 AcceptedCmp4 AcceptedCmp5 Complain
348245     DepVar Education Income Kidhome Marital_Status MntFishProducts MntFruits
348246     MntGoldProds MntMeatProducts MntSweetProducts MntWines NumCatalogPurchases
348247     NumDealsPurchases NumStorePurchases NumWebPurchases NumWebVisitsMonth Recency
348248     Teenhome );
MPRINT(EM_DIAGRAM):   set EMWS8.Meta2_TRAIN(keep= AcceptedCmp1 AcceptedCmp2 AcceptedCmp3 
AcceptedCmp4 AcceptedCmp5 Complain DepVar Education Income Kidhome Marital_Status 
MntFishProducts MntFruits MntGoldProds MntMeatProducts MntSweetProducts MntWines 
NumCatalogPurchases NumDealsPurchases NumStorePurchases NumWebPurchases NumWebVisitsMonth 
Recency Teenhome );
348249     run;
MPRINT(EM_DIAGRAM):   run;

NOTE: View EMWS8.META2_TRAIN.VIEW used (Total process time):
      real time           0.04 seconds
      cpu time            0.04 seconds
      
NOTE: There were 2374 observations read from the data set EMWS8.PART_TRAIN.
NOTE: There were 2374 observations read from the data set EMWS8.META2_TRAIN.
NOTE: The data set WORK.EM_NEURAL30 has 2374 observations and 24 variables.
NOTE: DATA statement used (Total process time):
      real time           0.05 seconds
      cpu time            0.06 seconds
      

MPRINT(EM_DIAGRAM):   *------------------------------------------------------------* ;
MPRINT(EM_DIAGRAM):   * Neural30: DMDBClass Macro ;
MPRINT(EM_DIAGRAM):   *------------------------------------------------------------* ;
348250     *------------------------------------------------------------* ;
348251     * Neural30: DMDBClass Macro ;
348252     *------------------------------------------------------------* ;
348253     %macro DMDBClass;
348254         AcceptedCmp1(ASC) AcceptedCmp2(ASC) AcceptedCmp3(ASC) AcceptedCmp4(ASC)
348255        AcceptedCmp5(ASC) Complain(ASC) DepVar(DESC) Education(ASC) Marital_Status(ASC)
348256     %mend DMDBClass;
348257     *------------------------------------------------------------* ;
MPRINT(EM_DIAGRAM):   *------------------------------------------------------------* ;
348258     * Neural30: DMDBVar Macro ;
MPRINT(EM_DIAGRAM):   * Neural30: DMDBVar Macro ;
348259     *------------------------------------------------------------* ;
MPRINT(EM_DIAGRAM):   *------------------------------------------------------------* ;
348260     %macro DMDBVar;
348261         Income Kidhome MntFishProducts MntFruits MntGoldProds MntMeatProducts
348262        MntSweetProducts MntWines NumCatalogPurchases NumDealsPurchases
348263        NumStorePurchases NumWebPurchases NumWebVisitsMonth Recency Teenhome
348264     %mend DMDBVar;
348265     *------------------------------------------------------------*;
MPRINT(EM_DIAGRAM):   *------------------------------------------------------------*;
348266     * Neural30: Create DMDB;
MPRINT(EM_DIAGRAM):   * Neural30: Create DMDB;
348267     *------------------------------------------------------------*;
MPRINT(EM_DIAGRAM):   *------------------------------------------------------------*;
348268     proc dmdb batch data=WORK.EM_Neural30
348269     dmdbcat=WORK.Neural30_DMDB
348270     maxlevel = 513
348271     ;
MPRINT(EM_DIAGRAM):   proc dmdb batch data=WORK.EM_Neural30 dmdbcat=WORK.Neural30_DMDB 
maxlevel = 513 ;
MPRINT(EM_DIAGRAM):   class
348272     class %DMDBClass;
MPRINT(DMDBCLASS):   AcceptedCmp1(ASC) AcceptedCmp2(ASC) AcceptedCmp3(ASC) AcceptedCmp4(ASC) 
AcceptedCmp5(ASC) Complain(ASC) DepVar(DESC) Education(ASC) Marital_Status(ASC)
MPRINT(EM_DIAGRAM):  ;
MPRINT(EM_DIAGRAM):   var
348273     var %DMDBVar;
MPRINT(DMDBVAR):   Income Kidhome MntFishProducts MntFruits MntGoldProds MntMeatProducts 
MntSweetProducts MntWines NumCatalogPurchases NumDealsPurchases NumStorePurchases 
NumWebPurchases NumWebVisitsMonth Recency Teenhome
MPRINT(EM_DIAGRAM):  ;
348274     target
348275     DepVar
348276     ;
MPRINT(EM_DIAGRAM):   target DepVar ;
348277     run;
MPRINT(EM_DIAGRAM):   run;

NOTE: Records processed = 2374   Memory used = 511K.
NOTE: There were 2374 observations read from the data set WORK.EM_NEURAL30.
NOTE: PROCEDURE DMDB used (Total process time):
      real time           0.01 seconds
      cpu time            0.01 seconds
      

MPRINT(EM_DIAGRAM):   quit;
MPRINT(EM_DIAGRAM):   *--- end code ---*;
348278     quit;
348279     *--- end code ---*;

348280     *------------------------------------------------------------* ;
MPRINT(EM_DIAGRAM):    *------------------------------------------------------------* ;
348281     * Neural30: Interval Input Variables Macro ;
MPRINT(EM_DIAGRAM):   * Neural30: Interval Input Variables Macro ;
348282     *------------------------------------------------------------* ;
MPRINT(EM_DIAGRAM):   *------------------------------------------------------------* ;
348283     %macro INTINPUTS;
348284         Income Kidhome MntFishProducts MntFruits MntGoldProds MntMeatProducts
348285        MntSweetProducts MntWines NumCatalogPurchases NumDealsPurchases
348286        NumStorePurchases NumWebPurchases NumWebVisitsMonth Recency Teenhome
348287     %mend INTINPUTS;
348288     *------------------------------------------------------------* ;
MPRINT(EM_DIAGRAM):   *------------------------------------------------------------* ;
348289     * Neural30: Binary Inputs Macro ;
MPRINT(EM_DIAGRAM):   * Neural30: Binary Inputs Macro ;
348290     *------------------------------------------------------------* ;
MPRINT(EM_DIAGRAM):   *------------------------------------------------------------* ;
348291     %macro BININPUTS;
348292         AcceptedCmp1 AcceptedCmp2 AcceptedCmp3 AcceptedCmp4 AcceptedCmp5 Complain
348293     %mend BININPUTS;
348294     *------------------------------------------------------------* ;
MPRINT(EM_DIAGRAM):   *------------------------------------------------------------* ;
348295     * Neural30: Nominal Inputs Macro ;
MPRINT(EM_DIAGRAM):   * Neural30: Nominal Inputs Macro ;
348296     *------------------------------------------------------------* ;
MPRINT(EM_DIAGRAM):   *------------------------------------------------------------* ;
348297     %macro NOMINPUTS;
348298         Education Marital_Status
348299     %mend NOMINPUTS;
348300     *------------------------------------------------------------* ;
MPRINT(EM_DIAGRAM):   *------------------------------------------------------------* ;
348301     * Neural30: Ordinal Inputs Macro ;
MPRINT(EM_DIAGRAM):   * Neural30: Ordinal Inputs Macro ;
348302     *------------------------------------------------------------* ;
MPRINT(EM_DIAGRAM):   *------------------------------------------------------------* ;
348303     %macro ORDINPUTS;
348304     
348305     %mend ORDINPUTS;
348306     *------------------------------------------------------------*;
MPRINT(EM_DIAGRAM):   *------------------------------------------------------------*;
348307     * Neural Network Training;
MPRINT(EM_DIAGRAM):   * Neural Network Training;
348308     ;
MPRINT(EM_DIAGRAM):   ;
348309     *------------------------------------------------------------*;
MPRINT(EM_DIAGRAM):   *------------------------------------------------------------*;
348310     proc neural data=EM_Neural30 dmdbcat=WORK.Neural30_DMDB
348311     validdata = EMWS8.Meta2_VALIDATE
348312     random=12345
348313     ;
MPRINT(EM_DIAGRAM):   proc neural data=EM_Neural30 dmdbcat=WORK.Neural30_DMDB validdata = 
EMWS8.Meta2_VALIDATE random=12345 ;
348314     nloptions
348315     ;
MPRINT(EM_DIAGRAM):   nloptions ;
348316     performance alldetails noutilfile;
MPRINT(EM_DIAGRAM):   performance alldetails noutilfile;
348317     netopts
348318     decay=0;
MPRINT(EM_DIAGRAM):   netopts decay=0;
MPRINT(EM_DIAGRAM):   input
348319     input %INTINPUTS / level=interval id=intvl
MPRINT(INTINPUTS):   Income Kidhome MntFishProducts MntFruits MntGoldProds MntMeatProducts 
MntSweetProducts MntWines NumCatalogPurchases NumDealsPurchases NumStorePurchases 
NumWebPurchases NumWebVisitsMonth Recency Teenhome
348320     ;
MPRINT(EM_DIAGRAM):   / level=interval id=intvl ;
MPRINT(EM_DIAGRAM):   input
348321     input %BININPUTS / level=nominal id=bin
MPRINT(BININPUTS):   AcceptedCmp1 AcceptedCmp2 AcceptedCmp3 AcceptedCmp4 AcceptedCmp5 Complain
348322     ;
MPRINT(EM_DIAGRAM):   / level=nominal id=bin ;
MPRINT(EM_DIAGRAM):   input
348323     input %NOMINPUTS / level=nominal id=nom
MPRINT(NOMINPUTS):   Education Marital_Status
348324     ;
MPRINT(EM_DIAGRAM):   / level=nominal id=nom ;
348325     target DepVar / level=NOMINAL id=DepVar
348326     bias
348327     ;
MPRINT(EM_DIAGRAM):   target DepVar / level=NOMINAL id=DepVar bias ;
348328     arch MLP
348329     Hidden=7
348330     ;
MPRINT(EM_DIAGRAM):   arch MLP Hidden=7 ;
348331     Prelim 5 preiter=10
348332     pretime=3600
348333     Outest=EMWS8.Neural30_PRELIM_OUTEST
348334     ;
MPRINT(EM_DIAGRAM):   Prelim 5 preiter=10 pretime=3600 Outest=EMWS8.Neural30_PRELIM_OUTEST ;
NOTE:  Synchronizing the objectives and the Solution.
NOTE: QUANEW Optimization cannot be completed.
NOTE: QUANEW needs more than 10 iterations or 2147483647 function calls.
NOTE: QUANEW Optimization cannot be completed.
NOTE: QUANEW needs more than 10 iterations or 2147483647 function calls.
NOTE: QUANEW Optimization cannot be completed.
NOTE: QUANEW needs more than 10 iterations or 2147483647 function calls.
NOTE: QUANEW Optimization cannot be completed.
NOTE: QUANEW needs more than 10 iterations or 2147483647 function calls.
NOTE: QUANEW Optimization cannot be completed.
NOTE: QUANEW needs more than 10 iterations or 2147483647 function calls.
NOTE: The data set EMWS8.NEURAL30_PRELIM_OUTEST has 11 observations and 233 variables.
348335     save network=EMWS8.Neural30_NETWORK.dm_neural;
MPRINT(EM_DIAGRAM):   save network=EMWS8.Neural30_NETWORK.dm_neural;
NOTE: Creating a new Catalogue with entry EMWS8.NEURAL30_NETWORK.DM_NEURAL.
NOTE: Entry EMWS8.NEURAL30_NETWORK.DM_NEURAL has been opened.
NOTE: Entry EMWS8.NEURAL30_NETWORK.DM_NEURAL has been closed.
348336     train Maxiter=50
348337     maxtime=14400
348338     Outest=EMWS8.Neural30_outest estiter=1
348339     Outfit=EMWS8.Neural30_OUTFIT
348340     ;
MPRINT(EM_DIAGRAM):   train Maxiter=50 maxtime=14400 Outest=EMWS8.Neural30_outest estiter=1 
Outfit=EMWS8.Neural30_OUTFIT ;
WARNING: QUANEW Optimization cannot be completed.
NOTE: QUANEW needs more than 50 iterations or 2147483647 function calls.
NOTE: The data set EMWS8.NEURAL30_OUTEST has 53 observations and 233 variables.
NOTE: The data set EMWS8.NEURAL30_OUTFIT has 104 observations and 36 variables.
348341     run;
MPRINT(EM_DIAGRAM):   run;

NOTE: The data set WORK.EM_NEURAL30 has 2374 observations and 24 variables.
NOTE: The data set EMWS8.META2_VALIDATE has . observations and 45 variables.
NOTE: View EMWS8.META2_VALIDATE.VIEW used (Total process time):
      real time           5.81 seconds
      cpu time            5.72 seconds
      
NOTE: There were 1018 observations read from the data set EMWS8.PART_VALIDATE.
NOTE: Closing the Neural Application.
NOTE: The PROCEDURE NEURAL printed pages 282-285.
NOTE: PROCEDURE NEURAL used (Total process time):
      real time           5.83 seconds
      cpu time            5.74 seconds
      

MPRINT(EM_DIAGRAM):   quit;
348342     quit;

348343     proc sort data=EMWS8.Neural30_OUTFIT(where=(_iter_ ne . and _NAME_="OVERALL"))
348343   ! out=fit_Neural30;
MPRINT(EM_DIAGRAM):    proc sort data=EMWS8.Neural30_OUTFIT(where=(_iter_ ne . and 
_NAME_="OVERALL")) out=fit_Neural30;
348344     by _VAVERR_;
MPRINT(EM_DIAGRAM):   by _VAVERR_;
348345     run;
MPRINT(EM_DIAGRAM):   run;

NOTE: There were 52 observations read from the data set EMWS8.NEURAL30_OUTFIT.
      WHERE (_iter_ not = .) and (_NAME_='OVERALL');
NOTE: The data set WORK.FIT_NEURAL30 has 52 observations and 36 variables.
NOTE: PROCEDURE SORT used (Total process time):
      real time           0.01 seconds
      cpu time            0.01 seconds
      

348346     %GLOBAL ITER;
348347     data _null_;
MPRINT(EM_DIAGRAM):   data _null_;
348348     set fit_Neural30(obs=1);
MPRINT(EM_DIAGRAM):   set fit_Neural30(obs=1);
348349     call symput('ITER',put(_ITER_, 6.));
MPRINT(EM_DIAGRAM):   call symput('ITER',put(_ITER_, 6.));
348350     run;
MPRINT(EM_DIAGRAM):   run;

NOTE: There were 1 observations read from the data set WORK.FIT_NEURAL30.
NOTE: DATA statement used (Total process time):
      real time           0.00 seconds
      cpu time            0.00 seconds
      

348351     data EMWS8.Neural30_INITIAL;
MPRINT(EM_DIAGRAM):   data EMWS8.Neural30_INITIAL;
348352     set EMWS8.Neural30_outest(where=(_ITER_ eq &ITER and _OBJ_ ne .));
MPRINT(EM_DIAGRAM):   set EMWS8.Neural30_outest(where=(_ITER_ eq 10 and _OBJ_ ne .));
348353     run;
MPRINT(EM_DIAGRAM):   run;

NOTE: There were 1 observations read from the data set EMWS8.NEURAL30_OUTEST.
      WHERE (_ITER_=10) and (_OBJ_ not = .);
NOTE: The data set EMWS8.NEURAL30_INITIAL has 1 observations and 233 variables.
NOTE: DATA statement used (Total process time):
      real time           0.00 seconds
      cpu time            0.01 seconds
      

348354     *------------------------------------------------------------*;
MPRINT(EM_DIAGRAM):    *------------------------------------------------------------*;
348355     * Neural Network Model Selection;
MPRINT(EM_DIAGRAM):   * Neural Network Model Selection;
348356     ;
MPRINT(EM_DIAGRAM):   ;
348357     *------------------------------------------------------------*;
MPRINT(EM_DIAGRAM):   *------------------------------------------------------------*;
348358     proc neural data=EM_Neural30 dmdbcat=WORK.Neural30_DMDB
348359     validdata = EMWS8.Meta2_VALIDATE
348360     network = EMWS8.Neural30_NETWORK.dm_neural
348361     random=12345
348362     ;
MPRINT(EM_DIAGRAM):   proc neural data=EM_Neural30 dmdbcat=WORK.Neural30_DMDB validdata = 
EMWS8.Meta2_VALIDATE network = EMWS8.Neural30_NETWORK.dm_neural random=12345 ;
NOTE: Entry EMWS8.NEURAL30_NETWORK.DM_NEURAL has been opened.
NOTE: Entry EMWS8.NEURAL30_NETWORK.DM_NEURAL has been closed.
348363     nloptions noprint;
MPRINT(EM_DIAGRAM):   nloptions noprint;
348364     performance alldetails noutilfile;
MPRINT(EM_DIAGRAM):   performance alldetails noutilfile;
348365     initial inest=EMWS8.Neural30_INITIAL;
MPRINT(EM_DIAGRAM):   initial inest=EMWS8.Neural30_INITIAL;
NOTE: The data set EMWS8.NEURAL30_INITIAL has 1 observations and 233 variables.
348366     train tech=NONE;
MPRINT(EM_DIAGRAM):   train tech=NONE;
NOTE: No optimization performed.
348367     code file="C:\\predictive-models-project\Workspaces\EMWS8\Neural30\SCORECODE.sas"
348368     group=Neural30
348369     ;
MPRINT(EM_DIAGRAM):   code 
file="C:\\predictive-models-project\Workspaces\EMWS8\Neural30\SCORECODE.sas" group=Neural30 ;
NOTE: External file C:\\predictive-models-project\Workspaces\EMWS8\Neural30\SCORECODE.sas 
      opened.
348370     ;
MPRINT(EM_DIAGRAM):   ;
348371     code
348371   ! file="C:\\predictive-models-project\Workspaces\EMWS8\Neural30\RESIDUALSCORECODE.sas"
348372     group=Neural30
348373     residual
348374     ;
MPRINT(EM_DIAGRAM):   code 
file="C:\\predictive-models-project\Workspaces\EMWS8\Neural30\RESIDUALSCORECODE.sas" 
group=Neural30 residual ;
NOTE: External file 
      C:\\predictive-models-project\Workspaces\EMWS8\Neural30\RESIDUALSCORECODE.sas opened.
348375     ;
MPRINT(EM_DIAGRAM):   ;
348376     score data=EMWS8.Meta2_TRAIN out=_NULL_
NOTE: View EMWS8.META2_TRAIN.VIEW used (Total process time):
      real time           0.05 seconds
      cpu time            0.06 seconds
      
348377     outfit=WORK.FIT1
348378     role=TRAIN
348379     outkey=EMWS8.Neural30_OUTKEY;
MPRINT(EM_DIAGRAM):   score data=EMWS8.Meta2_TRAIN out=_NULL_ outfit=WORK.FIT1 role=TRAIN 
outkey=EMWS8.Neural30_OUTKEY;
NOTE: The data set EMWS8.NEURAL30_OUTKEY has 48 observations and 8 variables.
NOTE: The data set EMWS8.META2_TRAIN has . observations and 45 variables.
NOTE: There were 2374 observations read from the data set EMWS8.PART_TRAIN.
NOTE: The data set WORK.FIT1 has 2 observations and 23 variables.
348380     score data=EMWS8.Meta2_VALIDATE out=_NULL_
NOTE: View EMWS8.META2_VALIDATE.VIEW used (Total process time):
      real time           0.05 seconds
      cpu time            0.04 seconds
      
348381     outfit=WORK.FIT2
348382     role=VALID
348383     outkey=EMWS8.Neural30_OUTKEY;
MPRINT(EM_DIAGRAM):   score data=EMWS8.Meta2_VALIDATE out=_NULL_ outfit=WORK.FIT2 role=VALID 
outkey=EMWS8.Neural30_OUTKEY;
NOTE: The data set EMWS8.NEURAL30_OUTKEY has 48 observations and 8 variables.
NOTE: The data set EMWS8.META2_VALIDATE has . observations and 45 variables.
NOTE: There were 1018 observations read from the data set EMWS8.PART_VALIDATE.
NOTE: The data set WORK.FIT2 has 2 observations and 15 variables.
348384     run;
MPRINT(EM_DIAGRAM):   run;

NOTE: The data set WORK.EM_NEURAL30 has 2374 observations and 24 variables.
NOTE: The data set EMWS8.META2_VALIDATE has . observations and 45 variables.
NOTE: View EMWS8.META2_VALIDATE.VIEW used (Total process time):
      real time           0.64 seconds
      cpu time            0.62 seconds
      
NOTE: There were 1018 observations read from the data set EMWS8.PART_VALIDATE.
NOTE: Closing the Neural Application.
NOTE: PROCEDURE NEURAL used (Total process time):
      real time           0.65 seconds
      cpu time            0.63 seconds
      

MPRINT(EM_DIAGRAM):   quit;
348385     quit;
348386     data EMWS8.Neural30_OUTFIT;
MPRINT(EM_DIAGRAM):   data EMWS8.Neural30_OUTFIT;
348387     merge WORK.FIT1 WORK.FIT2;
MPRINT(EM_DIAGRAM):   merge WORK.FIT1 WORK.FIT2;
348388     run;
MPRINT(EM_DIAGRAM):   run;

NOTE: There were 2 observations read from the data set WORK.FIT1.
NOTE: There were 2 observations read from the data set WORK.FIT2.
NOTE: The data set EMWS8.NEURAL30_OUTFIT has 2 observations and 36 variables.
NOTE: DATA statement used (Total process time):
      real time           0.00 seconds
      cpu time            0.01 seconds
      

348389     data EMWS8.Neural30_EMESTIMATE;
MPRINT(EM_DIAGRAM):   data EMWS8.Neural30_EMESTIMATE;
348390     set EMWS8.Neural30_outest;
MPRINT(EM_DIAGRAM):   set EMWS8.Neural30_outest;
348391     if _type_ ^in('HESSIAN' 'GRAD');
MPRINT(EM_DIAGRAM):   if _type_ ^in('HESSIAN' 'GRAD');
348392     run;
MPRINT(EM_DIAGRAM):   run;

NOTE: There were 53 observations read from the data set EMWS8.NEURAL30_OUTEST.
NOTE: The data set EMWS8.NEURAL30_EMESTIMATE has 52 observations and 233 variables.
NOTE: DATA statement used (Total process time):
      real time           0.00 seconds
      cpu time            0.00 seconds
      

348393     proc datasets lib=work nolist;
MPRINT(EM_DIAGRAM):   proc datasets lib=work nolist;
348394     delete EM_Neural30;
MPRINT(EM_DIAGRAM):   delete EM_Neural30;
348395     run;
MPRINT(EM_DIAGRAM):   run;

NOTE: Deleting WORK.EM_NEURAL30 (memtype=DATA).
348396     quit;
MPRINT(EM_DIAGRAM):   quit;

NOTE: PROCEDURE DATASETS used (Total process time):
      real time           0.04 seconds
      cpu time            0.04 seconds
      

348397     data EMWS8.Neural30_PLOTDS(where=(_iter_ ne . and _NAME_="OVERALL"));
MPRINT(EM_DIAGRAM):    data EMWS8.Neural30_PLOTDS(where=(_iter_ ne . and _NAME_="OVERALL"));
348398     set fit_Neural30;
MPRINT(EM_DIAGRAM):   set fit_Neural30;
348399     attrib _ITER_ label="%sysfunc(sasmsg(sashelp.dmine, rpt_trainiterations_vlabel  ,
348399   ! NOQUOTE))";
MPRINT(EM_DIAGRAM):   attrib _ITER_ label="Training Iterations";
348400     attrib _NAME_ label="%sysfunc(sasmsg(sashelp.dmine, rpt_varsel_label_name  ,
348400   ! NOQUOTE))";
MPRINT(EM_DIAGRAM):   attrib _NAME_ label="Name";
348401     run;
MPRINT(EM_DIAGRAM):   run;

NOTE: There were 52 observations read from the data set WORK.FIT_NEURAL30.
NOTE: The data set EMWS8.NEURAL30_PLOTDS has 52 observations and 36 variables.
NOTE: DATA statement used (Total process time):
      real time           0.01 seconds
      cpu time            0.01 seconds
      

348402     proc sort data=EMWS8.Neural30_PLOTDS;
MPRINT(EM_DIAGRAM):   proc sort data=EMWS8.Neural30_PLOTDS;
348403     by _ITER_;
MPRINT(EM_DIAGRAM):   by _ITER_;
348404     run;
MPRINT(EM_DIAGRAM):   run;

NOTE: There were 52 observations read from the data set EMWS8.NEURAL30_PLOTDS.
NOTE: The data set EMWS8.NEURAL30_PLOTDS has 52 observations and 36 variables.
NOTE: PROCEDURE SORT used (Total process time):
      real time           0.01 seconds
      cpu time            0.01 seconds
      

348405     data tempweight (drop= _tech_ _decay_ _seed_ _nobj_ _obj_ _objerr_ _averr_ _p_num_
348405   ! where=(_type_ eq "PARMS" and _iter_ eq 10) );
MPRINT(EM_DIAGRAM):    data tempweight (drop= _tech_ _decay_ _seed_ _nobj_ _obj_ _objerr_ 
_averr_ _p_num_ where=(_type_ eq "PARMS" and _iter_ eq 10) );
348406     set EMWS8.Neural30_EMESTIMATE;
MPRINT(EM_DIAGRAM):   set EMWS8.Neural30_EMESTIMATE;
348407     run;
MPRINT(EM_DIAGRAM):   run;

NOTE: There were 52 observations read from the data set EMWS8.NEURAL30_EMESTIMATE.
NOTE: The data set WORK.TEMPWEIGHT has 1 observations and 225 variables.
NOTE: DATA statement used (Total process time):
      real time           0.01 seconds
      cpu time            0.00 seconds
      

348408     proc sort;
MPRINT(EM_DIAGRAM):   proc sort;
348409     by _name_;
MPRINT(EM_DIAGRAM):   by _name_;
348410     run;
MPRINT(EM_DIAGRAM):   run;

NOTE: There were 1 observations read from the data set WORK.TEMPWEIGHT.
NOTE: The data set WORK.TEMPWEIGHT has 1 observations and 225 variables.
NOTE: PROCEDURE SORT used (Total process time):
      real time           0.01 seconds
      cpu time            0.00 seconds
      

348411     proc transpose data=tempweight out=EMWS8.Neural30_WEIGHTDS;
MPRINT(EM_DIAGRAM):   proc transpose data=tempweight out=EMWS8.Neural30_WEIGHTDS;
348412     by _name_;
MPRINT(EM_DIAGRAM):   by _name_;
348413     run;
MPRINT(EM_DIAGRAM):   run;

NOTE: There were 1 observations read from the data set WORK.TEMPWEIGHT.
NOTE: The data set EMWS8.NEURAL30_WEIGHTDS has 223 observations and 3 variables.
NOTE: PROCEDURE TRANSPOSE used (Total process time):
      real time           0.01 seconds
      cpu time            0.00 seconds
      

348414     data EMWS8.Neural30_WEIGHTDS;
MPRINT(EM_DIAGRAM):   data EMWS8.Neural30_WEIGHTDS;
348415     set EMWS8.Neural30_WEIGHTDS;
MPRINT(EM_DIAGRAM):   set EMWS8.Neural30_WEIGHTDS;
348416     FROM = trim(left(scan(_LABEL_, 1, '->')));
MPRINT(EM_DIAGRAM):   FROM = trim(left(scan(_LABEL_, 1, '->')));
348417     TO = trim(left(scan(_LABEL_, 2, '>')));
MPRINT(EM_DIAGRAM):   TO = trim(left(scan(_LABEL_, 2, '>')));
348418     WEIGHT = COL1;
MPRINT(EM_DIAGRAM):   WEIGHT = COL1;
348419     if (TO eq '') or (FROM eq '') then delete;
MPRINT(EM_DIAGRAM):   if (TO eq '') or (FROM eq '') then delete;
348420     label _LABEL_ ="%sysfunc(sasmsg(sashelp.dmine, meta_label_vlabel  , NOQUOTE))" FROM
348420   ! = "%sysfunc(sasmsg(sashelp.dmine, rpt_from_vlabel  , NOQUOTE))" TO =
348420   ! "%sysfunc(sasmsg(sashelp.dmine, rpt_into_vlabel  , NOQUOTE))" WEIGHT =
348421        "%sysfunc(sasmsg(sashelp.dmine, rpt_weight_vlabel  , NOQUOTE))";
MPRINT(EM_DIAGRAM):   label _LABEL_ = "Label" FROM = "From" TO = "Into" WEIGHT = "Weight";
348422     keep FROM TO WEIGHT _LABEL_;
MPRINT(EM_DIAGRAM):   keep FROM TO WEIGHT _LABEL_;
348423     run;
MPRINT(EM_DIAGRAM):   run;

NOTE: There were 223 observations read from the data set EMWS8.NEURAL30_WEIGHTDS.
NOTE: The data set EMWS8.NEURAL30_WEIGHTDS has 218 observations and 4 variables.
NOTE: DATA statement used (Total process time):
      real time           0.01 seconds
      cpu time            0.03 seconds
      

348424     proc sort data=EMWS8.Neural30_WEIGHTDS nodupkey;
MPRINT(EM_DIAGRAM):   proc sort data=EMWS8.Neural30_WEIGHTDS nodupkey;
348425     by _LABEL_;
MPRINT(EM_DIAGRAM):   by _LABEL_;
348426     run;
MPRINT(EM_DIAGRAM):   run;

NOTE: There were 218 observations read from the data set EMWS8.NEURAL30_WEIGHTDS.
NOTE: 0 observations with duplicate key values were deleted.
NOTE: The data set EMWS8.NEURAL30_WEIGHTDS has 218 observations and 4 variables.
NOTE: PROCEDURE SORT used (Total process time):
      real time           0.00 seconds
      cpu time            0.00 seconds
      

MPRINT(EM_DIAGRAM):    proc printto;
MPRINT(EM_DIAGRAM):   run;
