 
                                                                                               
 
 
Fit Statistics

Target=DepVar Target Label=DepVar

   Fit
Statistics    Statistics Label                     Train    Validation

 _DFT_        Total Degrees of Freedom           2374.00          .   
 _DFE_        Degrees of Freedom for Error       1401.00          .   
 _DFM_        Model Degrees of Freedom            973.00          .   
 _NW_         Number of Estimated Weights         973.00          .   
 _AIC_        Akaike's Information Criterion     2303.55          .   
 _SBC_        Schwarz's Bayesian Criterion       7920.03          .   
 _ASE_        Average Squared Error                 0.02         0.06 
 _MAX_        Maximum Absolute Error                1.00         1.00 
 _DIV_        Divisor for ASE                    4748.00      2036.00 
 _NOBS_       Sum of Frequencies                 2374.00      1018.00 
 _RASE_       Root Average Squared Error            0.15         0.25 
 _SSE_        Sum of Squared Errors               103.65       125.26 
 _SUMW_       Sum of Case Weights Times Freq     4748.00      2036.00 
 _FPE_        Final Prediction Error                0.05          .   
 _MSE_        Mean Squared Error                    0.04         0.06 
 _RFPE_       Root Final Prediction Error           0.23          .   
 _RMSE_       Root Mean Squared Error               0.19         0.25 
 _AVERR_      Average Error Function                0.08         0.31 
 _ERR_        Error Function                      357.55       630.14 
 _MISC_       Misclassification Rate                0.03         0.07 
 _WRONG_      Number of Wrong Classifications      71.00        74.00 
 
                                                                                               
 
 
Classification Table

Data Role=TRAIN Target Variable=DepVar Target Label=DepVar

                       Target        Outcome     Frequency       Total
Target    Outcome    Percentage    Percentage      Count      Percentage

  0          0         97.3223       99.2060        1999        84.2039 
  1          0          2.6777       15.3203          55         2.3168 
  0          1          5.0000        0.7940          16         0.6740 
  1          1         95.0000       84.6797         304        12.8054 


Data Role=VALIDATE Target Variable=DepVar Target Label=DepVar

                       Target        Outcome     Frequency       Total
Target    Outcome    Percentage    Percentage      Count      Percentage

  0          0         95.0857       96.4079        832         81.7289 
  1          0          4.9143       27.7419         43          4.2240 
  0          1         21.6783        3.5921         31          3.0452 
  1          1         78.3217       72.2581        112         11.0020 
 
                                                                                               
 
 
Event Classification Table

Data Role=TRAIN Target=DepVar Target Label=DepVar

  False       True        False       True
Negative    Negative    Positive    Positive

   55         1999         16          304  


Data Role=VALIDATE Target=DepVar Target Label=DepVar

  False       True        False       True
Negative    Negative    Positive    Positive

   43          832         31          112  
 
                                                                                               
 
 
Assessment Score Rankings

Data Role=TRAIN Target Variable=DepVar Target Label=DepVar

                                                                                    Mean
                            Cumulative       %      Cumulative     Number of     Posterior
Depth      Gain     Lift       Lift      Response   % Response   Observations   Probability

   5    561.281   6.61281     6.61281     100.000     100.000         119         0.99912  
  10    558.503   6.55724     6.58503      99.160      99.580         119         0.99407  
  15    494.598   4.66787     5.94598      70.588      89.916         119         0.65116  
  20    390.044   1.73726     4.90044      26.271      74.105         118         0.22345  
  25    294.097   0.11114     3.94097       1.681      59.596         119         0.07090  
  30    232.032   0.22228     3.32032       3.361      50.210         119         0.02041  
  35    184.884   0.00000     2.84884       0.000      43.081         118         0.00651  
  40    149.199   0.00000     2.49199       0.000      37.684         119         0.00274  
  45    121.458   0.00000     2.21458       0.000      33.489         119         0.00130  
  50     99.443   0.00000     1.99443       0.000      30.160         118         0.00077  
  55     81.270   0.00000     1.81270       0.000      27.412         119         0.00054  
  60     66.132   0.00000     1.66132       0.000      25.123         119         0.00044  
  65     53.328   0.00000     1.53328       0.000      23.187         119         0.00039  
  70     42.442   0.00000     1.42442       0.000      21.540         118         0.00036  
  75     32.925   0.00000     1.32925       0.000      20.101         119         0.00035  
  80     24.947   0.05557     1.24947       0.840      18.895         119         0.00034  
  85     17.641   0.00000     1.17641       0.000      17.790         118         0.00033  
  90     11.090   0.00000     1.11090       0.000      16.799         119         0.00033  
  95      5.230   0.00000     1.05230       0.000      15.913         119         0.00032  
 100      0.000   0.00000     1.00000       0.000      15.122         118         0.00032  


Data Role=VALIDATE Target Variable=DepVar Target Label=DepVar

                                                                                    Mean
                            Cumulative       %      Cumulative     Number of     Posterior
Depth      Gain     Lift       Lift      Response   % Response   Observations   Probability

   5    518.140   6.18140     6.18140     94.1176     94.1176         51          0.99910  
  10    453.751   4.89361     5.53751     74.5098     84.3137         51          0.99040  
  15    397.946   3.86338     4.97946     58.8235     75.8170         51          0.67071  
  20    321.752   1.93169     4.21752     29.4118     64.2157         51          0.19006  
  25    245.128   0.38634     3.45128      5.8824     52.5490         51          0.04139  
  30    194.046   0.38634     2.94046      5.8824     44.7712         51          0.01405  
  35    152.039   0.00000     2.52039      0.0000     38.3754         51          0.00501  
  40    123.754   0.25756     2.23754      3.9216     34.0686         51          0.00215  
  45    103.185   0.38634     2.03185      5.8824     30.9368         51          0.00111  
  50     85.806   0.26271     1.85806      4.0000     28.2908         50          0.00068  
  55     70.058   0.12878     1.70058      1.9608     25.8929         51          0.00050  
  60     58.013   0.25756     1.58013      3.9216     24.0589         51          0.00041  
  65     48.816   0.38634     1.48816      5.8824     22.6586         51          0.00037  
  70     40.014   0.25756     1.40014      3.9216     21.3184         51          0.00036  
  75     31.527   0.12878     1.31527      1.9608     20.0262         51          0.00034  
  80     23.296   0.00000     1.23296      0.0000     18.7730         51          0.00034  
  85     16.794   0.12878     1.16794      1.9608     17.7829         51          0.00033  
  90     10.298   0.00000     1.10298      0.0000     16.7939         51          0.00033  
  95      5.165   0.12878     1.05165      1.9608     16.0124         51          0.00032  
 100      0.000   0.00000     1.00000      0.0000     15.2259         50          0.00032  
 
                                                                                               
 
 
Assessment Score Distribution

Data Role=TRAIN Target Variable=DepVar Target Label=DepVar

 Posterior     Number                     Mean
Probability      of      Number of     Posterior
   Range       Events    Nonevents    Probability    Percentage

 0.95-1.00       245           1        0.99541        10.3623 
 0.90-0.95        10           1        0.93279         0.4634 
 0.85-0.90         7           0        0.87471         0.2949 
 0.80-0.85         3           1        0.82481         0.1685 
 0.75-0.80         5           0        0.76837         0.2106 
 0.70-0.75        12           1        0.73427         0.5476 
 0.65-0.70         5           1        0.67328         0.2527 
 0.60-0.65        10           7        0.63173         0.7161 
 0.55-0.60         4           0        0.57520         0.1685 
 0.50-0.55         3           4        0.53428         0.2949 
 0.45-0.50         8           6        0.46449         0.5897 
 0.40-0.45         5           8        0.42678         0.5476 
 0.35-0.40         7          12        0.37488         0.8003 
 0.30-0.35         7          10        0.32646         0.7161 
 0.25-0.30         3          14        0.26759         0.7161 
 0.20-0.25         6          15        0.22567         0.8846 
 0.15-0.20         6          21        0.17809         1.1373 
 0.10-0.15         6          41        0.11852         1.9798 
 0.05-0.10         0          77        0.06998         3.2435 
 0.00-0.05         7        1795        0.00286        75.9056 


Data Role=VALIDATE Target Variable=DepVar Target Label=DepVar

 Posterior     Number                     Mean
Probability      of      Number of     Posterior
   Range       Events    Nonevents    Probability    Percentage

 0.95-1.00       84          16         0.99588         9.8232 
 0.90-0.95        4           0         0.92458         0.3929 
 0.85-0.90        7           2         0.87573         0.8841 
 0.80-0.85        3           1         0.83586         0.3929 
 0.75-0.80        2           0         0.79673         0.1965 
 0.70-0.75        1           2         0.72546         0.2947 
 0.65-0.70        6           3         0.68061         0.8841 
 0.60-0.65        1           4         0.61546         0.4912 
 0.55-0.60        2           1         0.57694         0.2947 
 0.50-0.55        2           2         0.51501         0.3929 
 0.45-0.50        2           3         0.47091         0.4912 
 0.40-0.45        0           3         0.42128         0.2947 
 0.35-0.40        2           2         0.37360         0.3929 
 0.30-0.35        0           3         0.32912         0.2947 
 0.25-0.30        4           4         0.27630         0.7859 
 0.20-0.25        4           4         0.21790         0.7859 
 0.15-0.20        2           7         0.18275         0.8841 
 0.10-0.15        2          12         0.12440         1.3752 
 0.05-0.10        3          19         0.06936         2.1611 
 0.00-0.05       24         775         0.00324        78.4872 
