 
                                                                                               
 
 
Fit Statistics

Target=DepVar Target Label=DepVar

   Fit
Statistics    Statistics Label                     Train    Validation

 _DFT_        Total Degrees of Freedom           2374.00          .   
 _DFE_        Degrees of Freedom for Error       2093.00          .   
 _DFM_        Model Degrees of Freedom            281.00          .   
 _NW_         Number of Estimated Weights         281.00          .   
 _AIC_        Akaike's Information Criterion      754.37          .   
 _SBC_        Schwarz's Bayesian Criterion       2376.39          .   
 _ASE_        Average Squared Error                 0.01         0.05 
 _MAX_        Maximum Absolute Error                1.00         1.00 
 _DIV_        Divisor for ASE                    4748.00      2036.00 
 _NOBS_       Sum of Frequencies                 2374.00      1018.00 
 _RASE_       Root Average Squared Error            0.11         0.23 
 _SSE_        Sum of Squared Errors                55.86       104.51 
 _SUMW_       Sum of Case Weights Times Freq     4748.00      2036.00 
 _FPE_        Final Prediction Error                0.01          .   
 _MSE_        Mean Squared Error                    0.01         0.05 
 _RFPE_       Root Final Prediction Error           0.12          .   
 _RMSE_       Root Mean Squared Error               0.12         0.23 
 _AVERR_      Average Error Function                0.04         0.33 
 _ERR_        Error Function                      192.37       680.14 
 _MISC_       Misclassification Rate                0.02         0.06 
 _WRONG_      Number of Wrong Classifications      37.00        61.00 
 
                                                                                               
 
 
Classification Table

Data Role=TRAIN Target Variable=DepVar Target Label=DepVar

                       Target        Outcome     Frequency       Total
Target    Outcome    Percentage    Percentage      Count      Percentage

  0          0         99.5988       98.5608        1986        83.6563 
  1          0          0.4012        2.2284           8         0.3370 
  0          1          7.6316        1.4392          29         1.2216 
  1          1         92.3684       97.7716         351        14.7852 


Data Role=VALIDATE Target Variable=DepVar Target Label=DepVar

                       Target        Outcome     Frequency       Total
Target    Outcome    Percentage    Percentage      Count      Percentage

  0          0         97.8520       95.0174        820         80.5501 
  1          0          2.1480       11.6129         18          1.7682 
  0          1         23.8889        4.9826         43          4.2240 
  1          1         76.1111       88.3871        137         13.4578 
 
                                                                                               
 
 
Event Classification Table

Data Role=TRAIN Target=DepVar Target Label=DepVar

  False       True        False       True
Negative    Negative    Positive    Positive

    8         1986         29          351  


Data Role=VALIDATE Target=DepVar Target Label=DepVar

  False       True        False       True
Negative    Negative    Positive    Positive

   18          820         43          137  
 
                                                                                               
 
 
Assessment Score Rankings

Data Role=TRAIN Target Variable=DepVar Target Label=DepVar

                                                                                    Mean
                            Cumulative       %      Cumulative     Number of     Posterior
Depth      Gain     Lift       Lift      Response   % Response   Observations   Probability

   5    561.281   6.61281     6.61281     100.000     100.000         119         1.00000  
  10    561.281   6.61281     6.61281     100.000     100.000         119         1.00000  
  15    539.053   5.94598     6.39053      89.916      96.639         119         0.98223  
  20    398.397   0.72853     4.98397      11.017      75.368         118         0.26813  
  25    299.663   0.05557     3.99663       0.840      60.438         119         0.01084  
  30    232.959   0.00000     3.32959       0.000      50.351         119         0.00050  
  35    185.680   0.00000     2.85680       0.000      43.201         118         0.00009  
  40    149.895   0.00000     2.49895       0.000      37.789         119         0.00003  
  45    122.077   0.00000     2.22077       0.000      33.583         119         0.00001  
  50    100.000   0.00000     2.00000       0.000      30.244         118         0.00001  
  55     81.776   0.00000     1.81776       0.000      27.489         119         0.00001  
  60     66.596   0.00000     1.66596       0.000      25.193         119         0.00001  
  65     53.756   0.00000     1.53756       0.000      23.251         119         0.00000  
  70     42.840   0.00000     1.42840       0.000      21.600         118         0.00000  
  75     33.296   0.00000     1.33296       0.000      20.157         119         0.00000  
  80     24.947   0.00000     1.24947       0.000      18.895         119         0.00000  
  85     17.641   0.00000     1.17641       0.000      17.790         118         0.00000  
  90     11.090   0.00000     1.11090       0.000      16.799         119         0.00000  
  95      5.230   0.00000     1.05230       0.000      15.913         119         0.00000  
 100      0.000   0.00000     1.00000       0.000      15.122         118         0.00000  


Data Role=VALIDATE Target Variable=DepVar Target Label=DepVar

                                                                                    Mean
                            Cumulative       %      Cumulative     Number of     Posterior
Depth      Gain     Lift       Lift      Response   % Response   Observations   Probability

   5    556.774   6.56774     6.56774     100.000     100.000         51          1.00000  
  10    492.385   5.27995     5.92385      80.392      90.196         51          1.00000  
  15    458.043   4.89361     5.58043      74.510      84.967         51          0.99321  
  20    357.166   1.54535     4.57166      23.529      69.608         51          0.50714  
  25    294.065   1.41657     3.94065      21.569      60.000         51          0.01053  
  30    230.533   0.12878     3.30533       1.961      50.327         51          0.00027  
  35    185.154   0.12878     2.85154       1.961      43.417         51          0.00005  
  40    149.510   0.00000     2.49510       0.000      37.990         51          0.00002  
  45    121.786   0.00000     2.21786       0.000      33.769         51          0.00001  
  50    100.000   0.00000     2.00000       0.000      30.452         50          0.00001  
  55     81.786   0.00000     1.81786       0.000      27.679         51          0.00001  
  60     66.612   0.00000     1.66612       0.000      25.368         51          0.00000  
  65     53.776   0.00000     1.53776       0.000      23.414         51          0.00000  
  70     42.777   0.00000     1.42777       0.000      21.739         51          0.00000  
  75     33.246   0.00000     1.33246       0.000      20.288         51          0.00000  
  80     24.908   0.00000     1.24908       0.000      19.018         51          0.00000  
  85     17.552   0.00000     1.17552       0.000      17.898         51          0.00000  
  90     11.014   0.00000     1.11014       0.000      16.903         51          0.00000  
  95      5.165   0.00000     1.05165       0.000      16.012         51          0.00000  
 100      0.000   0.00000     1.00000       0.000      15.226         50          0.00000  
 
                                                                                               
 
 
Assessment Score Distribution

Data Role=TRAIN Target Variable=DepVar Target Label=DepVar

 Posterior     Number                     Mean
Probability      of      Number of     Posterior
   Range       Events    Nonevents    Probability    Percentage

 0.95-1.00       339           4        0.99825        14.4482 
 0.90-0.95         3           3        0.91959         0.2527 
 0.85-0.90         3           4        0.87465         0.2949 
 0.80-0.85         3           3        0.81929         0.2527 
 0.75-0.80         0           1        0.77374         0.0421 
 0.70-0.75         0           5        0.72259         0.2106 
 0.65-0.70         1           2        0.68541         0.1264 
 0.60-0.65         1           4        0.62393         0.2106 
 0.55-0.60         0           1        0.56105         0.0421 
 0.50-0.55         1           2        0.51763         0.1264 
 0.45-0.50         0           4        0.48469         0.1685 
 0.40-0.45         1           4        0.42401         0.2106 
 0.35-0.40         0           4        0.37382         0.1685 
 0.30-0.35         2           2        0.31814         0.1685 
 0.25-0.30         0           5        0.28609         0.2106 
 0.20-0.25         1           7        0.22539         0.3370 
 0.15-0.20         0          10        0.17676         0.4212 
 0.10-0.15         1          15        0.12178         0.6740 
 0.05-0.10         2          18        0.06992         0.8425 
 0.00-0.05         1        1917        0.00109        80.7919 


Data Role=VALIDATE Target Variable=DepVar Target Label=DepVar

 Posterior     Number                     Mean
Probability      of      Number of     Posterior
   Range       Events    Nonevents    Probability    Percentage

 0.95-1.00       132         25         0.99666        15.4224 
 0.90-0.95         0          3         0.93285         0.2947 
 0.85-0.90         2          2         0.88023         0.3929 
 0.80-0.85         0          3         0.82808         0.2947 
 0.75-0.80         0          1         0.79862         0.0982 
 0.70-0.75         0          1         0.72913         0.0982 
 0.65-0.70         0          2         0.67067         0.1965 
 0.60-0.65         1          2         0.63424         0.2947 
 0.55-0.60         2          0         0.59521         0.1965 
 0.50-0.55         0          4         0.51763         0.3929 
 0.45-0.50         2          2         0.47271         0.3929 
 0.40-0.45         0          1         0.44442         0.0982 
 0.35-0.40         0          1         0.36713         0.0982 
 0.25-0.30         0          1         0.26463         0.0982 
 0.20-0.25         0          3         0.22408         0.2947 
 0.15-0.20         0          3         0.16985         0.2947 
 0.10-0.15         1          4         0.12356         0.4912 
 0.05-0.10         3          6         0.06598         0.8841 
 0.00-0.05        12        799         0.00050        79.6660 
