 
                                                                                               
 
 
Variable Summary

          Measurement    Frequency
 Role        Level         Count

INPUT      BINARY             2   
INPUT      INTERVAL          18   
INPUT      NOMINAL            2   
TARGET     BINARY             1   
 
                                                                                               
 
Class Variables

Obs NAME           LEVEL        CODE  FREQUENCY TYPE CRAW       NRAW FREQPERCENT NMISSPERCENT

  1 DepVar         1               1        114  N                1     6.9896       6.9896  
  2 DepVar         0               0       1517  N                0    93.0104      93.0104  
  3 Dependents     0               1        470  N                0    28.8167      28.8167  
  4 Dependents     1               0       1161  N                1    71.1833      71.1833  
  5 Education      2N CYCLE        4        278  C   2n Cycle     .    17.0448      17.0448  
  6 Education      BASIC           3        172  C   Basic        .    10.5457      10.5457  
  7 Education      GRADUATION      1        838  C   Graduation   .    51.3795      51.3795  
  8 Education      MASTER          0        237  C   Master       .    14.5310      14.5310  
  9 Education      PHD             2        106  C   PhD          .     6.4991       6.4991  
 10 Gender         F               1       1260  C   F            .    77.2532      77.2532  
 11 Gender         M               0        371  C   M            .    22.7468      22.7468  
 12 Marital_Status DIVORCED        3        152  C   Divorced     .     9.3194       9.3194  
 13 Marital_Status MARRIED         0        633  C   Married      .    38.8105      38.8105  
 14 Marital_Status SINGLE          2        370  C   Single       .    22.6855      22.6855  
 15 Marital_Status TOGETHER        1        408  C   Together     .    25.0153      25.0153  
 16 Marital_Status WIDOW           4         68  C   Widow        .     4.1692       4.1692  
 
                                                                                               
 
Interval Variables

Obs NAME                 NMISS         N      MIN       MAX     MEAN      STD SKEWNESS KURTOSIS

  1 Age                      0      1631    19.00     79.00    49.61    16.76 -0.05800  -1.1632
  2 Age_Exmpl2               0      1631    19.00     79.00    49.61    16.76 -0.05800  -1.1632
  3 CatPurchase              0      1631    16.00     94.00    57.83    18.21  0.25926  -1.0455
  4 Clothes                  0      1631     2.00     98.00    52.09    22.54 -0.10789  -0.8770
  5 Frq                      0      1631     4.00     58.00    20.26    11.10  0.68342  -0.4021
  6 HigherEducation          0      1631     0.00      1.00     0.72     0.45 -1.00366  -0.9939
  7 HouseKeeping             0      1631     0.00     39.00     6.47     6.93  1.74693   3.1778
  8 Income                   0      1631 10500.00 144204.90 74652.64 28338.28 -0.00430  -0.8365
  9 Kitchen                  0      1631     0.00     40.00     6.53     7.04  1.82661   3.5248
 10 Mnt                      0      1631     8.32   3055.52   668.50   682.87  0.96880  -0.0644
 11 MonthsAsCustomer         0      1631    51.00    109.00    80.77    16.59 -0.01630  -1.1650
 12 NetPurchase              0      1631     6.00     84.00    42.17    18.21 -0.25926  -1.0455
 13 RMntFrq                  0      1631     1.04     54.68    24.45    16.88  0.16847  -1.4148
 14 RMntFrq_Exmpl2           0      1631     1.04     54.68    24.45    16.88  0.16847  -1.4148
 15 Rcn                      0      1631     0.00    549.00    64.33    72.76  3.98508  18.5927
 16 Recomendation            0      1631     1.00      6.00     3.97     1.15 -0.12987  -0.7393
 17 SmallAppliances          0      1631     2.00     69.00    28.41    12.53  0.34595  -0.4234
 18 Toys                     0      1631     0.00     35.00     6.48     6.78  1.59175   2.4355
