MPRINT(EM_DIAGRAM):    data _null_;
MPRINT(EM_DIAGRAM):   call symput('NLDATE', strip(put(date(), NLDATE.)));
MPRINT(EM_DIAGRAM):   call symput('NLTIME', strip(put(datetime(), NLTIME.)));
MPRINT(EM_DIAGRAM):   run;
MPRINT(EM_DIAGRAM):   data _null_;
MPRINT(EM_DIAGRAM):   nldate= sasmsg("sashelp.dmine", "log_date_note", 'N', "19. April 2016" );
MPRINT(EM_DIAGRAM):   nltime= sasmsg("sashelp.dmine", "log_time_note", 'N', "17.21 Uhr" );
MPRINT(EM_DIAGRAM):   put "*------------------------------------------------------------*";
MPRINT(EM_DIAGRAM):   put "* Training Log";
MPRINT(EM_DIAGRAM):   put nldate;
MPRINT(EM_DIAGRAM):   put nltime;
MPRINT(EM_DIAGRAM):   put "*------------------------------------------------------------*";
MPRINT(EM_DIAGRAM):   run;
*------------------------------------------------------------*
* Training Log
Date:                19. April 2016
Time:                17.21 Uhr
*------------------------------------------------------------*
MPRINT(EM_DIAGRAM):    filename O0SH0MOI "C:\\predictive-models-project\Workspaces\EMWS8\Plot2\EMTRAIN.out" encoding="UTF-8" NOBOM;
MPRINT(EM_DIAGRAM):   proc printto print=O0SH0MOI new;
MPRINT(EM_DIAGRAM):   run;
MPRINT(EM_DIAGRAM):    filename _LOG "C:\\predictive-models-project\Workspaces\EMWS8\Plot2\EMLOG.log" encoding="UTF-8" NOBOM;
MPRINT(EM_DIAGRAM):    data _null_;
MPRINT(EM_DIAGRAM):   call symput('NLDATE', strip(put(date(), NLDATE.)));
MPRINT(EM_DIAGRAM):   call symput('NLTIME', strip(put(datetime(), NLTIME.)));
MPRINT(EM_DIAGRAM):   run;
MPRINT(EM_DIAGRAM):   data _null_;
MPRINT(EM_DIAGRAM):   nldate= sasmsg("sashelp.dmine", "log_date_note", 'N', "19. April 2016" );
MPRINT(EM_DIAGRAM):   nltime= sasmsg("sashelp.dmine", "log_time_note", 'N', "17.21 Uhr" );
MPRINT(EM_DIAGRAM):   file _LOG;
MPRINT(EM_DIAGRAM):   put "*------------------------------------------------------------*";
MPRINT(EM_DIAGRAM):   put "User:                Lukas Fahr";
MPRINT(EM_DIAGRAM):   put nldate;
MPRINT(EM_DIAGRAM):   put nltime;
MPRINT(EM_DIAGRAM):   put "Site:                70107571";
MPRINT(EM_DIAGRAM):   put "Platform:            X64_7PRO";
MPRINT(EM_DIAGRAM):   put "Maintenance Release: 9.03.01M2P081512";
MPRINT(EM_DIAGRAM):   put "EM Version:          12.1";
MPRINT(EM_DIAGRAM):   put "* ";
MPRINT(EM_DIAGRAM):   run;
MPRINT(EM_DIAGRAM):    filename _LOGIN "C:\\predictive-models-project\Workspaces\EMWS8\Plot2\EMTRAIN.log" encoding="UTF-8" NOBOM;
MPRINT(EM_COPYFILE):   data _null_;
MPRINT(EM_COPYFILE):   length line $20000;
MPRINT(EM_COPYFILE):   file _LOG MOD lrecl=20000;
MPRINT(EM_COPYFILE):   fid=fopen("_LOGIN",'i',20000,'v');
MPRINT(EM_COPYFILE):   if fid > 0 then do;
MPRINT(EM_COPYFILE):   do while(^fread(fid));
MPRINT(EM_COPYFILE):   rlen = frlen(fid);
MPRINT(EM_COPYFILE):   rc= fget(fid,line,20000);
MPRINT(EM_COPYFILE):   start = length(line)-length(left(line))+1;
MPRINT(EM_COPYFILE):   line=strip(line);
MPRINT(EM_COPYFILE):   put @start line;
MPRINT(EM_COPYFILE):   end;
MPRINT(EM_COPYFILE):   if fid > 0 then rc=fclose(fid);
MPRINT(EM_COPYFILE):   end;
MPRINT(EM_COPYFILE):   run;
MPRINT(EM_DIAGRAM):  ;
MPRINT(EM_DIAGRAM):   filename _LOGIN;
MPRINT(EM_DIAGRAM):    data _null_;
MPRINT(EM_DIAGRAM):   file _LOG mod;
MPRINT(EM_DIAGRAM):   put _page_;
MPRINT(EM_DIAGRAM):   run;
MPRINT(EM_DIAGRAM):   filename _LOGIN "C:\\predictive-models-project\Workspaces\EMWS8\Plot2\EMSCORE.log" encoding="UTF-8" NOBOM;
MPRINT(EM_DIAGRAM):  ;
MPRINT(EM_DIAGRAM):   data _null_;
MPRINT(EM_DIAGRAM):   file _LOG mod;
MPRINT(EM_DIAGRAM):   put _page_;
MPRINT(EM_DIAGRAM):   run;
MPRINT(EM_DIAGRAM):    filename _LOGIN "C:\\predictive-models-project\Workspaces\EMWS8\Plot2\EMREPORT.log" encoding="UTF-8" NOBOM;
MPRINT(EM_DIAGRAM):  ;
MPRINT(EM_DIAGRAM):   filename _LOGIN;
MPRINT(EM_DIAGRAM):    filename _LOG;
MPRINT(EM_DIAGRAM):    filename _OUT "C:\\predictive-models-project\Workspaces\EMWS8\Plot2\EMOUTPUT.out" encoding="UTF-8" NOBOM;
MPRINT(EM_DIAGRAM):    data _null_;
MPRINT(EM_DIAGRAM):   call symput('NLDATE', strip(put(date(), NLDATE.)));
MPRINT(EM_DIAGRAM):   call symput('NLTIME', strip(put(datetime(), NLTIME.)));
MPRINT(EM_DIAGRAM):   run;
MPRINT(EM_DIAGRAM):   data _null_;
MPRINT(EM_DIAGRAM):   nldate= sasmsg("sashelp.dmine", "log_date_note", 'N', "19. April 2016" );
MPRINT(EM_DIAGRAM):   nltime= sasmsg("sashelp.dmine", "log_time_note", 'N', "17.21 Uhr" );
MPRINT(EM_DIAGRAM):   file _OUT;
MPRINT(EM_DIAGRAM):   put "*------------------------------------------------------------*";
MPRINT(EM_DIAGRAM):   put "User:                Lukas Fahr";
MPRINT(EM_DIAGRAM):   put nldate;
MPRINT(EM_DIAGRAM):   put nltime;
MPRINT(EM_DIAGRAM):   put "*------------------------------------------------------------*";
MPRINT(EM_DIAGRAM):   put "* Training Output";
MPRINT(EM_DIAGRAM):   put "*------------------------------------------------------------*";
MPRINT(EM_DIAGRAM):   run;
MPRINT(EM_DIAGRAM):    filename _OUTIN "C:\\predictive-models-project\Workspaces\EMWS8\Plot2\EMTRAIN.out" encoding="UTF-8" NOBOM;
MPRINT(EM_DIAGRAM):   ;
MPRINT(EM_COPYFILE):   data _null_;
MPRINT(EM_COPYFILE):   length line $20000;
MPRINT(EM_COPYFILE):   file _OUT MOD lrecl=20000;
MPRINT(EM_COPYFILE):   fid=fopen("_OUTIN",'i',20000,'v');
MPRINT(EM_COPYFILE):   if fid > 0 then do;
MPRINT(EM_COPYFILE):   do while(^fread(fid));
MPRINT(EM_COPYFILE):   rlen = frlen(fid);
MPRINT(EM_COPYFILE):   rc= fget(fid,line,20000);
MPRINT(EM_COPYFILE):   start = length(line)-length(left(line))+1;
MPRINT(EM_COPYFILE):   line=strip(line);
MPRINT(EM_COPYFILE):   put @start line;
MPRINT(EM_COPYFILE):   end;
MPRINT(EM_COPYFILE):   if fid > 0 then rc=fclose(fid);
MPRINT(EM_COPYFILE):   end;
MPRINT(EM_COPYFILE):   run;
MPRINT(EM_DIAGRAM):  ;
MPRINT(EM_DIAGRAM):   filename _OUTIN;
MPRINT(EM_DIAGRAM):    data _null_;
MPRINT(EM_DIAGRAM):   file _OUT mod;
MPRINT(EM_DIAGRAM):   put _page_;
MPRINT(EM_DIAGRAM):   put // "*------------------------------------------------------------*";
MPRINT(EM_DIAGRAM):   put "* Score Output";
MPRINT(EM_DIAGRAM):   put "*------------------------------------------------------------*";
MPRINT(EM_DIAGRAM):   run;
MPRINT(EM_DIAGRAM):    filename _OUTIN "C:\\predictive-models-project\Workspaces\EMWS8\Plot2\EMSCORE.out" encoding="UTF-8" NOBOM;
MPRINT(EM_DIAGRAM):  ;
MPRINT(EM_DIAGRAM):   filename _OUTIN;
MPRINT(EM_DIAGRAM):    data _null_;
MPRINT(EM_DIAGRAM):   file _OUT mod;
MPRINT(EM_DIAGRAM):   put _page_;
MPRINT(EM_DIAGRAM):   put // "*------------------------------------------------------------*";
MPRINT(EM_DIAGRAM):   put "* Report Output";
MPRINT(EM_DIAGRAM):   put "*------------------------------------------------------------*";
MPRINT(EM_DIAGRAM):   run;
MPRINT(EM_DIAGRAM):    filename _OUTIN "C:\\predictive-models-project\Workspaces\EMWS8\Plot2\EMREPORT.out" encoding="UTF-8" NOBOM;
MPRINT(EM_DIAGRAM):  ;
MPRINT(EM_DIAGRAM):   filename _OUTIN;
MPRINT(EM_DIAGRAM):    filename _OUT;
MPRINT(EM_DIAGRAM):    filename _emtool_ 'C:\\predictive-models-project\Workspaces\EMWS8\Plot2\EMRUNSTATUS.xml' encoding="UTF-8" NOBOM;
87913      proc freq data=EMWS8.Plot2_VariableSet noprint;
MPRINT(EM_DIAGRAM):    proc freq data=EMWS8.Plot2_VariableSet noprint;
87914      table ROLE*LEVEL/out=WORK.Plot2META;
MPRINT(EM_DIAGRAM):   table ROLE*LEVEL/out=WORK.Plot2META;
87915      run;
MPRINT(EM_DIAGRAM):   run;

NOTE: There were 34 observations read from the data set EMWS8.PLOT2_VARIABLESET.
NOTE: The data set WORK.PLOT2META has 4 observations and 4 variables.
NOTE: PROCEDURE FREQ used (Total process time):
      real time           0.00 seconds
      cpu time            0.00 seconds
      

87916      proc print data=WORK.Plot2META label noobs;
MPRINT(EM_DIAGRAM):   proc print data=WORK.Plot2META label noobs;
87917      var ROLE LEVEL COUNT;
MPRINT(EM_DIAGRAM):   var ROLE LEVEL COUNT;
87918      label ROLE = "%sysfunc(sasmsg(sashelp.dmine, meta_role_vlabel, NOQUOTE))" LEVEL = "%sysfunc(sasmsg(sashelp.dmine, meta_level_vlabel, NOQUOTE))" COUNT = "%sysfunc(sasmsg(sashelp.dmine, rpt_count_vlabel, NOQUOTE))";
MPRINT(EM_DIAGRAM):   label ROLE = "Role" LEVEL = "Measurement Level" COUNT = "Frequency Count";
87919      title9 ' ';
MPRINT(EM_DIAGRAM):   title9 ' ';
87920      title10 "%sysfunc(sasmsg(sashelp.dmine, rpt_varSummary_title  , NOQUOTE))";
MPRINT(EM_DIAGRAM):   title10 "Variable Summary";
MPRINT(EM_DIAGRAM):   run;
87921      run;

NOTE: There were 4 observations read from the data set WORK.PLOT2META.
NOTE: The PROCEDURE PRINT printed page 53.
NOTE: PROCEDURE PRINT used (Total process time):
      real time           0.01 seconds
      cpu time            0.01 seconds
      

87922      title10;
MPRINT(EM_DIAGRAM):   title10;
MPRINT(EM_DIAGRAM):    data WORK.M1E48KAH;
MPRINT(EM_DIAGRAM):   set WORK.M1E48KAH;
MPRINT(EM_DIAGRAM):   if role = 'TARGET' and use in ('Y', 'D') then do;
MPRINT(EM_DIAGRAM):   role = 'TARGET';
MPRINT(EM_DIAGRAM):   output;
MPRINT(EM_DIAGRAM):   end;
MPRINT(EM_DIAGRAM):   else if role in('REJECTED' 'PREDICT' 'RESIDUAL' 'GROUP' 'ASSESS') and use = 'Y' then do;
MPRINT(EM_DIAGRAM):   role = 'INPUT';
MPRINT(EM_DIAGRAM):   output;
MPRINT(EM_DIAGRAM):   end;
MPRINT(EM_DIAGRAM):   else if role = 'INPUT' and use in ('Y', 'D') then do;
MPRINT(EM_DIAGRAM):   role = 'INPUT';
MPRINT(EM_DIAGRAM):   output;
MPRINT(EM_DIAGRAM):   end;
MPRINT(EM_DIAGRAM):   else if role = 'FREQ' and use = 'Y' then do;
MPRINT(EM_DIAGRAM):   role = 'FREQ';
MPRINT(EM_DIAGRAM):   output;
MPRINT(EM_DIAGRAM):   end;
MPRINT(EM_DIAGRAM):   else delete;
MPRINT(EM_DIAGRAM):   run;
87943      *------------------------------------------------------------* ;
MPRINT(EM_DIAGRAM):    *------------------------------------------------------------* ;
87944      * Plot2: DMDBClass Macro ;
MPRINT(EM_DIAGRAM):   * Plot2: DMDBClass Macro ;
87945      *------------------------------------------------------------* ;
MPRINT(EM_DIAGRAM):   *------------------------------------------------------------* ;
87946      %macro DMDBClass;
87947          AcceptedCmp1(ASC) AcceptedCmp2(ASC) AcceptedCmp3(ASC) AcceptedCmp4(ASC)
87948         AcceptedCmp5(ASC) AcceptedCmpTotal(ASC) Age(ASC) Complain(ASC) DepVar(DESC)
87949         Education(ASC) Frq(ASC) HigherEducationBinary(ASC) Income(ASC) Kidhome(ASC)
87950         Marital_Status(ASC) Mnt(ASC) MntFishProducts(ASC) MntFruits(ASC)
87951         MntGoldProds(ASC) MntMeatProducts(ASC) MntSweetProducts(ASC) MntWines(ASC)
87952         MonthsAsCustomer(ASC) NumCatalogPurchases(ASC) NumDealsPurchases(ASC)
87953         NumDistPurchases(ASC) NumStorePurchases(ASC) NumWebPurchases(ASC)
87954         NumWebVisitsMonth(ASC) RFMstat(ASC) RMntFrq(ASC) Recency(ASC) Teenhome(ASC)
87955         Year_Birth(ASC)
87956      %mend DMDBClass;
87957      *------------------------------------------------------------*;
MPRINT(EM_DIAGRAM):   *------------------------------------------------------------*;
87958      * Plot2: Create DMDB;
MPRINT(EM_DIAGRAM):   * Plot2: Create DMDB;
87959      *------------------------------------------------------------*;
MPRINT(EM_DIAGRAM):   *------------------------------------------------------------*;
87960      proc dmdb batch data=EMWS8.Part_TRAIN
87961      dmdbcat=WORK.Plot2_DMDB
87962      maxlevel = 23
87963      nonorm
87964      ;
MPRINT(EM_DIAGRAM):   proc dmdb batch data=EMWS8.Part_TRAIN dmdbcat=WORK.Plot2_DMDB maxlevel = 23 nonorm ;
MPRINT(EM_DIAGRAM):   class
87965      class %DMDBClass;
MPRINT(DMDBCLASS):   AcceptedCmp1(ASC) AcceptedCmp2(ASC) AcceptedCmp3(ASC) AcceptedCmp4(ASC) AcceptedCmp5(ASC) AcceptedCmpTotal(ASC) Age(ASC) Complain(ASC) DepVar(DESC) Education(ASC) Frq(ASC) HigherEducationBinary(ASC) Income(ASC) Kidhome(ASC) 
Marital_Status(ASC) Mnt(ASC) MntFishProducts(ASC) MntFruits(ASC) MntGoldProds(ASC) MntMeatProducts(ASC) MntSweetProducts(ASC) MntWines(ASC) MonthsAsCustomer(ASC) NumCatalogPurchases(ASC) NumDealsPurchases(ASC) NumDistPurchases(ASC) NumStorePurchases(ASC) 
NumWebPurchases(ASC) NumWebVisitsMonth(ASC) RFMstat(ASC) RMntFrq(ASC) Recency(ASC) Teenhome(ASC) Year_Birth(ASC)
MPRINT(EM_DIAGRAM):  ;
87966      target
87967      DepVar
87968      ;
MPRINT(EM_DIAGRAM):   target DepVar ;
87969      run;
MPRINT(EM_DIAGRAM):   run;

NOTE: Records processed = 2374   Memory used = 511K.
NOTE: There were 2374 observations read from the data set EMWS8.PART_TRAIN.
NOTE: PROCEDURE DMDB used (Total process time):
      real time           0.00 seconds
      cpu time            0.00 seconds
      

MPRINT(EM_DIAGRAM):   quit;
87970      quit;

87971      *------------------------------------------------------------*;
MPRINT(EM_DIAGRAM):    *------------------------------------------------------------*;
87972      * Plot2: Creating variable by class target charts;
MPRINT(EM_DIAGRAM):   * Plot2: Creating variable by class target charts;
87973      *------------------------------------------------------------*;
MPRINT(EM_DIAGRAM):   *------------------------------------------------------------*;
87974      goptions ftext="SWISS";
MPRINT(EM_DIAGRAM):   goptions ftext="SWISS";
87975      goptions nodisplay device=PNG;
MPRINT(EM_DIAGRAM):   goptions nodisplay device=PNG;
87976      axis1 width=2 offset=(1,1) label=(rotate=90 angle=270) minor=none;
MPRINT(EM_DIAGRAM):   axis1 width=2 offset=(1,1) label=(rotate=90 angle=270) minor=none;
87977      axis2 width=2 minor=none;
MPRINT(EM_DIAGRAM):   axis2 width=2 minor=none;
87978      pattern1 value=solid;
MPRINT(EM_DIAGRAM):   pattern1 value=solid;
87979      proc gchart
87980      data=EMWS8.Part_TRAIN gout=WORK.Plot2GRAPH;
MPRINT(EM_DIAGRAM):   proc gchart data=EMWS8.Part_TRAIN gout=WORK.Plot2GRAPH;
87981      *;
MPRINT(EM_DIAGRAM):   *;
87982      title "AcceptedCmp1 by DepVar";
MPRINT(EM_DIAGRAM):   title "AcceptedCmp1 by DepVar";
87983      vbar AcceptedCmp1 /
87984      name = "AcceptedCmp1   x DepVar         " description = "AcceptedCmp1 by DepVar"
87985      PERCENT
87986      type=PERCENT
MPRINT(EM_DIAGRAM):   vbar AcceptedCmp1 / name = "AcceptedCmp1   x DepVar         " description = "AcceptedCmp1 by DepVar" PERCENT type=PERCENT subgroup=DepVar noframe missing discrete raxis=axis1 maxis=axis2;
87987      subgroup=DepVar
MPRINT(EM_DIAGRAM):   run;
87988      noframe
87989      missing
87990      discrete
87991      raxis=axis1 maxis=axis2;
87992      run;

WARNING: The VBAR/VBAR3D chart for AcceptedCmp1 could not be labeled because the labels are wider than the bars.
87993      title "AcceptedCmp2 by DepVar";
MPRINT(EM_DIAGRAM):   title "AcceptedCmp2 by DepVar";
87994      vbar AcceptedCmp2 /
87995      name = "AcceptedCmp2   x DepVar         " description = "AcceptedCmp2 by DepVar"
87996      PERCENT
87997      type=PERCENT
MPRINT(EM_DIAGRAM):   vbar AcceptedCmp2 / name = "AcceptedCmp2   x DepVar         " description = "AcceptedCmp2 by DepVar" PERCENT type=PERCENT subgroup=DepVar noframe missing discrete raxis=axis1 maxis=axis2;
87998      subgroup=DepVar
MPRINT(EM_DIAGRAM):   run;
87999      noframe
88000      missing
88001      discrete
88002      raxis=axis1 maxis=axis2;
88003      run;

WARNING: The VBAR/VBAR3D chart for AcceptedCmp2 could not be labeled because the labels are wider than the bars.
NOTE: Graph's name, ACCEPTED, changed to ACCEPTE1. ACCEPTED is already used or not a valid SAS name.
88004      title "AcceptedCmp3 by DepVar";
MPRINT(EM_DIAGRAM):   title "AcceptedCmp3 by DepVar";
88005      vbar AcceptedCmp3 /
88006      name = "AcceptedCmp3   x DepVar         " description = "AcceptedCmp3 by DepVar"
88007      PERCENT
88008      type=PERCENT
MPRINT(EM_DIAGRAM):   vbar AcceptedCmp3 / name = "AcceptedCmp3   x DepVar         " description = "AcceptedCmp3 by DepVar" PERCENT type=PERCENT subgroup=DepVar noframe missing discrete raxis=axis1 maxis=axis2;
88009      subgroup=DepVar
MPRINT(EM_DIAGRAM):   run;
88010      noframe
88011      missing
88012      discrete
88013      raxis=axis1 maxis=axis2;
88014      run;

WARNING: The VBAR/VBAR3D chart for AcceptedCmp3 could not be labeled because the labels are wider than the bars.
NOTE: Graph's name, ACCEPTED, changed to ACCEPTE2. ACCEPTED is already used or not a valid SAS name.
88015      title "AcceptedCmp4 by DepVar";
MPRINT(EM_DIAGRAM):   title "AcceptedCmp4 by DepVar";
88016      vbar AcceptedCmp4 /
88017      name = "AcceptedCmp4   x DepVar         " description = "AcceptedCmp4 by DepVar"
88018      PERCENT
88019      type=PERCENT
MPRINT(EM_DIAGRAM):   vbar AcceptedCmp4 / name = "AcceptedCmp4   x DepVar         " description = "AcceptedCmp4 by DepVar" PERCENT type=PERCENT subgroup=DepVar noframe missing discrete raxis=axis1 maxis=axis2;
88020      subgroup=DepVar
MPRINT(EM_DIAGRAM):   run;
88021      noframe
88022      missing
88023      discrete
88024      raxis=axis1 maxis=axis2;
88025      run;

WARNING: The VBAR/VBAR3D chart for AcceptedCmp4 could not be labeled because the labels are wider than the bars.
NOTE: Graph's name, ACCEPTED, changed to ACCEPTE3. ACCEPTED is already used or not a valid SAS name.
88026      title "AcceptedCmp5 by DepVar";
MPRINT(EM_DIAGRAM):   title "AcceptedCmp5 by DepVar";
88027      vbar AcceptedCmp5 /
88028      name = "AcceptedCmp5   x DepVar         " description = "AcceptedCmp5 by DepVar"
88029      PERCENT
88030      type=PERCENT
MPRINT(EM_DIAGRAM):   vbar AcceptedCmp5 / name = "AcceptedCmp5   x DepVar         " description = "AcceptedCmp5 by DepVar" PERCENT type=PERCENT subgroup=DepVar noframe missing discrete raxis=axis1 maxis=axis2;
88031      subgroup=DepVar
MPRINT(EM_DIAGRAM):   run;
88032      noframe
88033      missing
88034      discrete
88035      raxis=axis1 maxis=axis2;
88036      run;

WARNING: The VBAR/VBAR3D chart for AcceptedCmp5 could not be labeled because the labels are wider than the bars.
NOTE: Graph's name, ACCEPTED, changed to ACCEPTE4. ACCEPTED is already used or not a valid SAS name.
88037      title "AcceptedCmpTotal by DepVar";
MPRINT(EM_DIAGRAM):   title "AcceptedCmpTotal by DepVar";
88038      vbar AcceptedCmpTotal /
88039      name = "AcceptedCmpTotax DepVar         " description = "AcceptedCmpTotal by DepVar"
88040      PERCENT
88041      type=PERCENT
MPRINT(EM_DIAGRAM):   vbar AcceptedCmpTotal / name = "AcceptedCmpTotax DepVar         " description = "AcceptedCmpTotal by DepVar" PERCENT type=PERCENT subgroup=DepVar noframe missing discrete raxis=axis1 maxis=axis2;
88042      subgroup=DepVar
MPRINT(EM_DIAGRAM):   run;
88043      noframe
88044      missing
88045      discrete
88046      raxis=axis1 maxis=axis2;
88047      run;

WARNING: The VBAR/VBAR3D chart for AcceptedCmpTotal could not be labeled because the labels are wider than the bars.
NOTE: Graph's name, ACCEPTED, changed to ACCEPTE5. ACCEPTED is already used or not a valid SAS name.
88048      title "Age by DepVar";
MPRINT(EM_DIAGRAM):   title "Age by DepVar";
88049      vbar Age /
88050      name = "Age            x DepVar         " description = "Age by DepVar"
88051      PERCENT
MPRINT(EM_DIAGRAM):   vbar Age / name = "Age            x DepVar         " description = "Age by DepVar" PERCENT type=PERCENT subgroup=DepVar noframe missing raxis=axis1 maxis=axis2;
88052      type=PERCENT
MPRINT(EM_DIAGRAM):   run;
88053      subgroup=DepVar
88054      noframe
88055      missing
88056      raxis=axis1 maxis=axis2;
88057      run;

88058      title "Complain by DepVar";
MPRINT(EM_DIAGRAM):   title "Complain by DepVar";
88059      vbar Complain /
88060      name = "Complain       x DepVar         " description = "Complain by DepVar"
88061      PERCENT
88062      type=PERCENT
MPRINT(EM_DIAGRAM):   vbar Complain / name = "Complain       x DepVar         " description = "Complain by DepVar" PERCENT type=PERCENT subgroup=DepVar noframe missing discrete raxis=axis1 maxis=axis2;
88063      subgroup=DepVar
MPRINT(EM_DIAGRAM):   run;
88064      noframe
88065      missing
88066      discrete
88067      raxis=axis1 maxis=axis2;
88068      run;

WARNING: The VBAR/VBAR3D chart for Complain could not be labeled because the labels are wider than the bars.
88069      title "Education by DepVar";
MPRINT(EM_DIAGRAM):   title "Education by DepVar";
88070      vbar Education /
88071      name = "Education      x DepVar         " description = "Education by DepVar"
88072      PERCENT
MPRINT(EM_DIAGRAM):   vbar Education / name = "Education      x DepVar         " description = "Education by DepVar" PERCENT type=PERCENT subgroup=DepVar noframe missing raxis=axis1 maxis=axis2;
88073      type=PERCENT
MPRINT(EM_DIAGRAM):   run;
88074      subgroup=DepVar
88075      noframe
88076      missing
88077      raxis=axis1 maxis=axis2;
88078      run;

88079      title "Frq by DepVar";
MPRINT(EM_DIAGRAM):   title "Frq by DepVar";
88080      vbar Frq /
88081      name = "Frq            x DepVar         " description = "Frq by DepVar"
88082      PERCENT
MPRINT(EM_DIAGRAM):   vbar Frq / name = "Frq            x DepVar         " description = "Frq by DepVar" PERCENT type=PERCENT subgroup=DepVar noframe missing raxis=axis1 maxis=axis2;
88083      type=PERCENT
MPRINT(EM_DIAGRAM):   run;
88084      subgroup=DepVar
88085      noframe
88086      missing
88087      raxis=axis1 maxis=axis2;
88088      run;

WARNING: The VBAR/VBAR3D chart for Frq could not be labeled because the labels are wider than the bars.
88089      title "HigherEducationBinary by DepVar";
MPRINT(EM_DIAGRAM):   title "HigherEducationBinary by DepVar";
88090      vbar HigherEducationBinary /
88091      name = "HigherEducationx DepVar         " description = "HigherEducationBinary by DepVar"
88092      PERCENT
88093      type=PERCENT
MPRINT(EM_DIAGRAM):   vbar HigherEducationBinary / name = "HigherEducationx DepVar         " description = "HigherEducationBinary by DepVar" PERCENT type=PERCENT subgroup=DepVar noframe missing discrete raxis=axis1 maxis=axis2;
88094      subgroup=DepVar
MPRINT(EM_DIAGRAM):   run;
88095      noframe
88096      missing
88097      discrete
88098      raxis=axis1 maxis=axis2;
88099      run;

WARNING: The VBAR/VBAR3D chart for HigherEducationBinary could not be labeled because the labels are wider than the bars.
88100      title "Income by DepVar";
MPRINT(EM_DIAGRAM):   title "Income by DepVar";
88101      vbar Income /
88102      name = "Income         x DepVar         " description = "Income by DepVar"
88103      PERCENT
MPRINT(EM_DIAGRAM):   vbar Income / name = "Income         x DepVar         " description = "Income by DepVar" PERCENT type=PERCENT subgroup=DepVar noframe missing raxis=axis1 maxis=axis2;
88104      type=PERCENT
MPRINT(EM_DIAGRAM):   run;
88105      subgroup=DepVar
88106      noframe
88107      missing
88108      raxis=axis1 maxis=axis2;
88109      run;

88110      title "Kidhome by DepVar";
MPRINT(EM_DIAGRAM):   title "Kidhome by DepVar";
88111      vbar Kidhome /
88112      name = "Kidhome        x DepVar         " description = "Kidhome by DepVar"
88113      PERCENT
88114      type=PERCENT
MPRINT(EM_DIAGRAM):   vbar Kidhome / name = "Kidhome        x DepVar         " description = "Kidhome by DepVar" PERCENT type=PERCENT subgroup=DepVar noframe missing discrete raxis=axis1 maxis=axis2;
88115      subgroup=DepVar
MPRINT(EM_DIAGRAM):   run;
88116      noframe
88117      missing
88118      discrete
88119      raxis=axis1 maxis=axis2;
88120      run;

WARNING: The VBAR/VBAR3D chart for Kidhome could not be labeled because the labels are wider than the bars.
88121      title "Marital_Status by DepVar";
MPRINT(EM_DIAGRAM):   title "Marital_Status by DepVar";
88122      vbar Marital_Status /
88123      name = "Marital_Status x DepVar         " description = "Marital_Status by DepVar"
88124      PERCENT
MPRINT(EM_DIAGRAM):   vbar Marital_Status / name = "Marital_Status x DepVar         " description = "Marital_Status by DepVar" PERCENT type=PERCENT subgroup=DepVar noframe missing raxis=axis1 maxis=axis2;
88125      type=PERCENT
MPRINT(EM_DIAGRAM):   run;
88126      subgroup=DepVar
88127      noframe
88128      missing
88129      raxis=axis1 maxis=axis2;
88130      run;

88131      title "Mnt by DepVar";
MPRINT(EM_DIAGRAM):   title "Mnt by DepVar";
88132      vbar Mnt /
88133      name = "Mnt            x DepVar         " description = "Mnt by DepVar"
88134      PERCENT
MPRINT(EM_DIAGRAM):   vbar Mnt / name = "Mnt            x DepVar         " description = "Mnt by DepVar" PERCENT type=PERCENT subgroup=DepVar noframe missing raxis=axis1 maxis=axis2;
88135      type=PERCENT
MPRINT(EM_DIAGRAM):   run;
88136      subgroup=DepVar
88137      noframe
88138      missing
88139      raxis=axis1 maxis=axis2;
88140      run;

WARNING: The VBAR/VBAR3D chart for Mnt could not be labeled because the labels are wider than the bars.
88141      title "MntFishProducts by DepVar";
MPRINT(EM_DIAGRAM):   title "MntFishProducts by DepVar";
88142      vbar MntFishProducts /
88143      name = "MntFishProductsx DepVar         " description = "MntFishProducts by DepVar"
88144      PERCENT
MPRINT(EM_DIAGRAM):   vbar MntFishProducts / name = "MntFishProductsx DepVar         " description = "MntFishProducts by DepVar" PERCENT type=PERCENT subgroup=DepVar noframe missing raxis=axis1 maxis=axis2;
88145      type=PERCENT
MPRINT(EM_DIAGRAM):   run;
88146      subgroup=DepVar
88147      noframe
88148      missing
88149      raxis=axis1 maxis=axis2;
88150      run;

WARNING: The VBAR/VBAR3D chart for MntFishProducts could not be labeled because the labels are wider than the bars.
88151      title "MntFruits by DepVar";
MPRINT(EM_DIAGRAM):   title "MntFruits by DepVar";
88152      vbar MntFruits /
88153      name = "MntFruits      x DepVar         " description = "MntFruits by DepVar"
88154      PERCENT
MPRINT(EM_DIAGRAM):   vbar MntFruits / name = "MntFruits      x DepVar         " description = "MntFruits by DepVar" PERCENT type=PERCENT subgroup=DepVar noframe missing raxis=axis1 maxis=axis2;
88155      type=PERCENT
MPRINT(EM_DIAGRAM):   run;
88156      subgroup=DepVar
88157      noframe
88158      missing
88159      raxis=axis1 maxis=axis2;
88160      run;

WARNING: The VBAR/VBAR3D chart for MntFruits could not be labeled because the labels are wider than the bars.
88161      title "MntGoldProds by DepVar";
MPRINT(EM_DIAGRAM):   title "MntGoldProds by DepVar";
88162      vbar MntGoldProds /
88163      name = "MntGoldProds   x DepVar         " description = "MntGoldProds by DepVar"
88164      PERCENT
MPRINT(EM_DIAGRAM):   vbar MntGoldProds / name = "MntGoldProds   x DepVar         " description = "MntGoldProds by DepVar" PERCENT type=PERCENT subgroup=DepVar noframe missing raxis=axis1 maxis=axis2;
88165      type=PERCENT
MPRINT(EM_DIAGRAM):   run;
88166      subgroup=DepVar
88167      noframe
88168      missing
88169      raxis=axis1 maxis=axis2;
88170      run;

WARNING: The VBAR/VBAR3D chart for MntGoldProds could not be labeled because the labels are wider than the bars.
88171      title "MntMeatProducts by DepVar";
MPRINT(EM_DIAGRAM):   title "MntMeatProducts by DepVar";
88172      vbar MntMeatProducts /
88173      name = "MntMeatProductsx DepVar         " description = "MntMeatProducts by DepVar"
88174      PERCENT
MPRINT(EM_DIAGRAM):   vbar MntMeatProducts / name = "MntMeatProductsx DepVar         " description = "MntMeatProducts by DepVar" PERCENT type=PERCENT subgroup=DepVar noframe missing raxis=axis1 maxis=axis2;
88175      type=PERCENT
MPRINT(EM_DIAGRAM):   run;
88176      subgroup=DepVar
88177      noframe
88178      missing
88179      raxis=axis1 maxis=axis2;
88180      run;

WARNING: The VBAR/VBAR3D chart for MntMeatProducts could not be labeled because the labels are wider than the bars.
88181      title "MntSweetProducts by DepVar";
MPRINT(EM_DIAGRAM):   title "MntSweetProducts by DepVar";
88182      vbar MntSweetProducts /
88183      name = "MntSweetProductx DepVar         " description = "MntSweetProducts by DepVar"
88184      PERCENT
MPRINT(EM_DIAGRAM):   vbar MntSweetProducts / name = "MntSweetProductx DepVar         " description = "MntSweetProducts by DepVar" PERCENT type=PERCENT subgroup=DepVar noframe missing raxis=axis1 maxis=axis2;
88185      type=PERCENT
MPRINT(EM_DIAGRAM):   run;
88186      subgroup=DepVar
88187      noframe
88188      missing
88189      raxis=axis1 maxis=axis2;
88190      run;

WARNING: The VBAR/VBAR3D chart for MntSweetProducts could not be labeled because the labels are wider than the bars.
88191      title "MntWines by DepVar";
MPRINT(EM_DIAGRAM):   title "MntWines by DepVar";
88192      vbar MntWines /
88193      name = "MntWines       x DepVar         " description = "MntWines by DepVar"
88194      PERCENT
MPRINT(EM_DIAGRAM):   vbar MntWines / name = "MntWines       x DepVar         " description = "MntWines by DepVar" PERCENT type=PERCENT subgroup=DepVar noframe missing raxis=axis1 maxis=axis2;
88195      type=PERCENT
MPRINT(EM_DIAGRAM):   run;
88196      subgroup=DepVar
88197      noframe
88198      missing
88199      raxis=axis1 maxis=axis2;
88200      run;

WARNING: The VBAR/VBAR3D chart for MntWines could not be labeled because the labels are wider than the bars.
88201      title "MonthsAsCustomer by DepVar";
MPRINT(EM_DIAGRAM):   title "MonthsAsCustomer by DepVar";
88202      vbar MonthsAsCustomer /
88203      name = "MonthsAsCustomex DepVar         " description = "MonthsAsCustomer by DepVar"
88204      PERCENT
MPRINT(EM_DIAGRAM):   vbar MonthsAsCustomer / name = "MonthsAsCustomex DepVar         " description = "MonthsAsCustomer by DepVar" PERCENT type=PERCENT subgroup=DepVar noframe missing raxis=axis1 maxis=axis2;
88205      type=PERCENT
MPRINT(EM_DIAGRAM):   run;
88206      subgroup=DepVar
88207      noframe
88208      missing
88209      raxis=axis1 maxis=axis2;
88210      run;

88211      title "NumCatalogPurchases by DepVar";
MPRINT(EM_DIAGRAM):   title "NumCatalogPurchases by DepVar";
88212      vbar NumCatalogPurchases /
88213      name = "NumCatalogPurchx DepVar         " description = "NumCatalogPurchases by DepVar"
88214      PERCENT
88215      type=PERCENT
MPRINT(EM_DIAGRAM):   vbar NumCatalogPurchases / name = "NumCatalogPurchx DepVar         " description = "NumCatalogPurchases by DepVar" PERCENT type=PERCENT subgroup=DepVar noframe missing discrete raxis=axis1 maxis=axis2;
88216      subgroup=DepVar
MPRINT(EM_DIAGRAM):   run;
88217      noframe
88218      missing
88219      discrete
88220      raxis=axis1 maxis=axis2;
88221      run;

WARNING: The VBAR/VBAR3D chart for NumCatalogPurchases could not be labeled because the labels are wider than the bars.
88222      title "NumDealsPurchases by DepVar";
MPRINT(EM_DIAGRAM):   title "NumDealsPurchases by DepVar";
88223      vbar NumDealsPurchases /
88224      name = "NumDealsPurchasx DepVar         " description = "NumDealsPurchases by DepVar"
88225      PERCENT
88226      type=PERCENT
MPRINT(EM_DIAGRAM):   vbar NumDealsPurchases / name = "NumDealsPurchasx DepVar         " description = "NumDealsPurchases by DepVar" PERCENT type=PERCENT subgroup=DepVar noframe missing discrete raxis=axis1 maxis=axis2;
88227      subgroup=DepVar
MPRINT(EM_DIAGRAM):   run;
88228      noframe
88229      missing
88230      discrete
88231      raxis=axis1 maxis=axis2;
88232      run;

WARNING: The VBAR/VBAR3D chart for NumDealsPurchases could not be labeled because the labels are wider than the bars.
88233      title "NumDistPurchases by DepVar";
MPRINT(EM_DIAGRAM):   title "NumDistPurchases by DepVar";
88234      vbar NumDistPurchases /
88235      name = "NumDistPurchasex DepVar         " description = "NumDistPurchases by DepVar"
88236      PERCENT
MPRINT(EM_DIAGRAM):   vbar NumDistPurchases / name = "NumDistPurchasex DepVar         " description = "NumDistPurchases by DepVar" PERCENT type=PERCENT subgroup=DepVar noframe missing raxis=axis1 maxis=axis2;
88237      type=PERCENT
MPRINT(EM_DIAGRAM):   run;
88238      subgroup=DepVar
88239      noframe
88240      missing
88241      raxis=axis1 maxis=axis2;
88242      run;

WARNING: The VBAR/VBAR3D chart for NumDistPurchases could not be labeled because the labels are wider than the bars.
88243      title "NumStorePurchases by DepVar";
MPRINT(EM_DIAGRAM):   title "NumStorePurchases by DepVar";
88244      vbar NumStorePurchases /
88245      name = "NumStorePurchasx DepVar         " description = "NumStorePurchases by DepVar"
88246      PERCENT
88247      type=PERCENT
MPRINT(EM_DIAGRAM):   vbar NumStorePurchases / name = "NumStorePurchasx DepVar         " description = "NumStorePurchases by DepVar" PERCENT type=PERCENT subgroup=DepVar noframe missing discrete raxis=axis1 maxis=axis2;
88248      subgroup=DepVar
MPRINT(EM_DIAGRAM):   run;
88249      noframe
88250      missing
88251      discrete
88252      raxis=axis1 maxis=axis2;
88253      run;

WARNING: The VBAR/VBAR3D chart for NumStorePurchases could not be labeled because the labels are wider than the bars.
88254      title "NumWebPurchases by DepVar";
MPRINT(EM_DIAGRAM):   title "NumWebPurchases by DepVar";
88255      vbar NumWebPurchases /
88256      name = "NumWebPurchasesx DepVar         " description = "NumWebPurchases by DepVar"
88257      PERCENT
88258      type=PERCENT
MPRINT(EM_DIAGRAM):   vbar NumWebPurchases / name = "NumWebPurchasesx DepVar         " description = "NumWebPurchases by DepVar" PERCENT type=PERCENT subgroup=DepVar noframe missing discrete raxis=axis1 maxis=axis2;
88259      subgroup=DepVar
MPRINT(EM_DIAGRAM):   run;
88260      noframe
88261      missing
88262      discrete
88263      raxis=axis1 maxis=axis2;
88264      run;

WARNING: The VBAR/VBAR3D chart for NumWebPurchases could not be labeled because the labels are wider than the bars.
88265      title "NumWebVisitsMonth by DepVar";
MPRINT(EM_DIAGRAM):   title "NumWebVisitsMonth by DepVar";
88266      vbar NumWebVisitsMonth /
88267      name = "NumWebVisitsMonx DepVar         " description = "NumWebVisitsMonth by DepVar"
88268      PERCENT
88269      type=PERCENT
MPRINT(EM_DIAGRAM):   vbar NumWebVisitsMonth / name = "NumWebVisitsMonx DepVar         " description = "NumWebVisitsMonth by DepVar" PERCENT type=PERCENT subgroup=DepVar noframe missing discrete raxis=axis1 maxis=axis2;
88270      subgroup=DepVar
MPRINT(EM_DIAGRAM):   run;
88271      noframe
88272      missing
88273      discrete
88274      raxis=axis1 maxis=axis2;
88275      run;

WARNING: The VBAR/VBAR3D chart for NumWebVisitsMonth could not be labeled because the labels are wider than the bars.
88276      title "RFMstat by DepVar";
MPRINT(EM_DIAGRAM):   title "RFMstat by DepVar";
88277      vbar RFMstat /
88278      name = "RFMstat        x DepVar         " description = "RFMstat by DepVar"
88279      PERCENT
MPRINT(EM_DIAGRAM):   vbar RFMstat / name = "RFMstat        x DepVar         " description = "RFMstat by DepVar" PERCENT type=PERCENT subgroup=DepVar noframe missing raxis=axis1 maxis=axis2;
88280      type=PERCENT
MPRINT(EM_DIAGRAM):   run;
88281      subgroup=DepVar
88282      noframe
88283      missing
88284      raxis=axis1 maxis=axis2;
88285      run;

WARNING: The VBAR/VBAR3D chart for RFMstat could not be labeled because the labels are wider than the bars.
88286      title "RMntFrq by DepVar";
MPRINT(EM_DIAGRAM):   title "RMntFrq by DepVar";
88287      vbar RMntFrq /
88288      name = "RMntFrq        x DepVar         " description = "RMntFrq by DepVar"
88289      PERCENT
MPRINT(EM_DIAGRAM):   vbar RMntFrq / name = "RMntFrq        x DepVar         " description = "RMntFrq by DepVar" PERCENT type=PERCENT subgroup=DepVar noframe missing raxis=axis1 maxis=axis2;
88290      type=PERCENT
MPRINT(EM_DIAGRAM):   run;
88291      subgroup=DepVar
88292      noframe
88293      missing
88294      raxis=axis1 maxis=axis2;
88295      run;

WARNING: The VBAR/VBAR3D chart for RMntFrq could not be labeled because the labels are wider than the bars.
88296      title "Recency by DepVar";
MPRINT(EM_DIAGRAM):   title "Recency by DepVar";
88297      vbar Recency /
88298      name = "Recency        x DepVar         " description = "Recency by DepVar"
88299      PERCENT
MPRINT(EM_DIAGRAM):   vbar Recency / name = "Recency        x DepVar         " description = "Recency by DepVar" PERCENT type=PERCENT subgroup=DepVar noframe missing raxis=axis1 maxis=axis2;
88300      type=PERCENT
MPRINT(EM_DIAGRAM):   run;
88301      subgroup=DepVar
88302      noframe
88303      missing
88304      raxis=axis1 maxis=axis2;
88305      run;

88306      title "Teenhome by DepVar";
MPRINT(EM_DIAGRAM):   title "Teenhome by DepVar";
88307      vbar Teenhome /
88308      name = "Teenhome       x DepVar         " description = "Teenhome by DepVar"
88309      PERCENT
88310      type=PERCENT
MPRINT(EM_DIAGRAM):   vbar Teenhome / name = "Teenhome       x DepVar         " description = "Teenhome by DepVar" PERCENT type=PERCENT subgroup=DepVar noframe missing discrete raxis=axis1 maxis=axis2;
88311      subgroup=DepVar
MPRINT(EM_DIAGRAM):   run;
88312      noframe
88313      missing
88314      discrete
88315      raxis=axis1 maxis=axis2;
88316      run;

WARNING: The VBAR/VBAR3D chart for Teenhome could not be labeled because the labels are wider than the bars.
88317      title "Year_Birth by DepVar";
MPRINT(EM_DIAGRAM):   title "Year_Birth by DepVar";
88318      vbar Year_Birth /
88319      name = "Year_Birth     x DepVar         " description = "Year_Birth by DepVar"
88320      PERCENT
MPRINT(EM_DIAGRAM):   vbar Year_Birth / name = "Year_Birth     x DepVar         " description = "Year_Birth by DepVar" PERCENT type=PERCENT subgroup=DepVar noframe missing raxis=axis1 maxis=axis2;
88321      type=PERCENT
MPRINT(EM_DIAGRAM):   run;
88322      subgroup=DepVar
88323      noframe
88324      missing
88325      raxis=axis1 maxis=axis2;
88326      run;

88327      quit;
MPRINT(EM_DIAGRAM):   quit;

NOTE: There were 2374 observations read from the data set EMWS8.PART_TRAIN.
NOTE: PROCEDURE GCHART used (Total process time):
      real time           1.12 seconds
      cpu time            1.12 seconds
      

88328      title;
MPRINT(EM_DIAGRAM):   title;
88329      goptions display;
MPRINT(EM_DIAGRAM):   goptions display;
88330      *------------------------------------------------------------*;
MPRINT(EM_DIAGRAM):    *------------------------------------------------------------*;
88331      * Plot2: Creating variable by interval target charts;
MPRINT(EM_DIAGRAM):   * Plot2: Creating variable by interval target charts;
88332      *------------------------------------------------------------*;
MPRINT(EM_DIAGRAM):   *------------------------------------------------------------*;
88333      *------------------------------------------------------------* ;
MPRINT(EM_DIAGRAM):   *------------------------------------------------------------* ;
88334      * Plot2: DMDBClass Macro ;
MPRINT(EM_DIAGRAM):   * Plot2: DMDBClass Macro ;
88335      *------------------------------------------------------------* ;
MPRINT(EM_DIAGRAM):   *------------------------------------------------------------* ;
88336      %macro DMDBClass;
88337          AcceptedCmp1(ASC) AcceptedCmp2(ASC) AcceptedCmp3(ASC) AcceptedCmp4(ASC)
88338         AcceptedCmp5(ASC) Complain(ASC) DepVar(DESC) Education(ASC)
88339         HigherEducationBinary(ASC) Marital_Status(ASC)
88340      %mend DMDBClass;
88341      *------------------------------------------------------------* ;
MPRINT(EM_DIAGRAM):   *------------------------------------------------------------* ;
88342      * Plot2: DMDBVar Macro ;
MPRINT(EM_DIAGRAM):   * Plot2: DMDBVar Macro ;
88343      *------------------------------------------------------------* ;
MPRINT(EM_DIAGRAM):   *------------------------------------------------------------* ;
88344      %macro DMDBVar;
88345          AcceptedCmpTotal Age Frq Income Kidhome Mnt MntFishProducts MntFruits
88346         MntGoldProds MntMeatProducts MntSweetProducts MntWines MonthsAsCustomer
88347         NumCatalogPurchases NumDealsPurchases NumDistPurchases NumStorePurchases
88348         NumWebPurchases NumWebVisitsMonth RFMstat RMntFrq Recency Teenhome Year_Birth
88349      %mend DMDBVar;
88350      *------------------------------------------------------------*;
MPRINT(EM_DIAGRAM):   *------------------------------------------------------------*;
88351      * Plot2: Create DMDB;
MPRINT(EM_DIAGRAM):   * Plot2: Create DMDB;
88352      *------------------------------------------------------------*;
MPRINT(EM_DIAGRAM):   *------------------------------------------------------------*;
88353      proc dmdb batch data=EMWS8.Part_TRAIN
88354      dmdbcat=WORK.Plot2_DMDB
88355      classout=work.classoutDs
88356      varout=work.varoutDs
88357      maxlevel = 513
88358      ;
MPRINT(EM_DIAGRAM):   proc dmdb batch data=EMWS8.Part_TRAIN dmdbcat=WORK.Plot2_DMDB classout=work.classoutDs varout=work.varoutDs maxlevel = 513 ;
MPRINT(EM_DIAGRAM):   class
88359      class %DMDBClass;
MPRINT(DMDBCLASS):   AcceptedCmp1(ASC) AcceptedCmp2(ASC) AcceptedCmp3(ASC) AcceptedCmp4(ASC) AcceptedCmp5(ASC) Complain(ASC) DepVar(DESC) Education(ASC) HigherEducationBinary(ASC) Marital_Status(ASC)
MPRINT(EM_DIAGRAM):  ;
MPRINT(EM_DIAGRAM):   var
88360      var %DMDBVar;
MPRINT(DMDBVAR):   AcceptedCmpTotal Age Frq Income Kidhome Mnt MntFishProducts MntFruits MntGoldProds MntMeatProducts MntSweetProducts MntWines MonthsAsCustomer NumCatalogPurchases NumDealsPurchases NumDistPurchases NumStorePurchases NumWebPurchases 
NumWebVisitsMonth RFMstat RMntFrq Recency Teenhome Year_Birth
MPRINT(EM_DIAGRAM):  ;
88361      target
88362      DepVar
88363      ;
MPRINT(EM_DIAGRAM):   target DepVar ;
88364      run;
MPRINT(EM_DIAGRAM):   run;

NOTE: Records processed = 2374   Memory used = 511K.
NOTE: There were 2374 observations read from the data set EMWS8.PART_TRAIN.
NOTE: The data set WORK.CLASSOUTDS has 26 observations and 9 variables.
NOTE: The data set WORK.VAROUTDS has 24 observations and 9 variables.
NOTE: PROCEDURE DMDB used (Total process time):
      real time           0.01 seconds
      cpu time            0.00 seconds
      

MPRINT(EM_DIAGRAM):   quit;
MPRINT(EM_DIAGRAM):   *--- end code ---*;
88365      quit;
88366      *--- end code ---*;

88367      title8;
MPRINT(EM_DIAGRAM):    title8;
88368      title8 "%sysfunc(sasmsg(sashelp.dmine, rpt_classvars_title, NOQUOTE))";
MPRINT(EM_DIAGRAM):   title8 "Class Variables";
88369      proc print data=work.classoutDs;
MPRINT(EM_DIAGRAM):   proc print data=work.classoutDs;
88370      run;
MPRINT(EM_DIAGRAM):   run;

NOTE: There were 26 observations read from the data set WORK.CLASSOUTDS.
NOTE: The PROCEDURE PRINT printed page 54.
NOTE: PROCEDURE PRINT used (Total process time):
      real time           0.00 seconds
      cpu time            0.00 seconds
      

88371      proc datasets lib=work nolist;
MPRINT(EM_DIAGRAM):   proc datasets lib=work nolist;
88372      delete classoutDs;
MPRINT(EM_DIAGRAM):   delete classoutDs;
88373      run;
MPRINT(EM_DIAGRAM):   run;

NOTE: Deleting WORK.CLASSOUTDS (memtype=DATA).
88374      title8;
MPRINT(EM_DIAGRAM):   title8;
88375      title8;
MPRINT(EM_DIAGRAM):   title8;
88376      title8 "%sysfunc(sasmsg(sashelp.dmine, rpt_intvars_title, NOQUOTE))";
MPRINT(EM_DIAGRAM):   title8 "Interval Variables";

NOTE: PROCEDURE DATASETS used (Total process time):
      real time           0.01 seconds
      cpu time            0.01 seconds
      

88377      proc print data=work.varoutDs;
MPRINT(EM_DIAGRAM):   proc print data=work.varoutDs;
88378      run;
MPRINT(EM_DIAGRAM):   run;

NOTE: There were 24 observations read from the data set WORK.VAROUTDS.
NOTE: The PROCEDURE PRINT printed page 55.
NOTE: PROCEDURE PRINT used (Total process time):
      real time           0.00 seconds
      cpu time            0.00 seconds
      

88379      proc datasets lib=work nolist;
MPRINT(EM_DIAGRAM):   proc datasets lib=work nolist;
88380      delete varoutDs;
MPRINT(EM_DIAGRAM):   delete varoutDs;
88381      run;
MPRINT(EM_DIAGRAM):   run;

NOTE: Deleting WORK.VAROUTDS (memtype=DATA).
88382      title8;
MPRINT(EM_DIAGRAM):   title8;

NOTE: PROCEDURE DATASETS used (Total process time):
      real time           0.01 seconds
      cpu time            0.00 seconds
      

88383      proc datasets lib=WORK nolist;
MPRINT(EM_DIAGRAM):   proc datasets lib=WORK nolist;
88384      delete Plot2_DMDB;
MPRINT(EM_DIAGRAM):   delete Plot2_DMDB;
88385      run;
MPRINT(EM_DIAGRAM):   run;

NOTE: The file WORK.PLOT2_DMDB (memtype=DATA) was not found, but appears on a DELETE statement.
88386      quit;
MPRINT(EM_DIAGRAM):   quit;

NOTE: PROCEDURE DATASETS used (Total process time):
      real time           0.00 seconds
      cpu time            0.00 seconds
      

88387      proc datasets lib=WORK nolist;
MPRINT(EM_DIAGRAM):    proc datasets lib=WORK nolist;
88388      delete Plot2_DMDB / memtype=catalog;
MPRINT(EM_DIAGRAM):   delete Plot2_DMDB / memtype=catalog;
88389      run;
MPRINT(EM_DIAGRAM):   run;

NOTE: Deleting WORK.PLOT2_DMDB (memtype=CATALOG).
88390      quit;
MPRINT(EM_DIAGRAM):   quit;

NOTE: PROCEDURE DATASETS used (Total process time):
      real time           0.01 seconds
      cpu time            0.01 seconds
      

88391      *------------------------------------------------------------*;
MPRINT(EM_DIAGRAM):    *------------------------------------------------------------*;
88392      * Plot2: Copying graphs to node folder;
MPRINT(EM_DIAGRAM):   * Plot2: Copying graphs to node folder;
88393      *------------------------------------------------------------*;
MPRINT(EM_DIAGRAM):   *------------------------------------------------------------*;
88394      filename gsasfile "C:\\predictive-models-project\Workspaces\EMWS8\Plot2\GRAPH\AcceptedCmp2 by DepVar.gif";
MPRINT(EM_DIAGRAM):   filename gsasfile "C:\\predictive-models-project\Workspaces\EMWS8\Plot2\GRAPH\AcceptedCmp2 by DepVar.gif";
88395      goptions device= GIF display gaccess= gsasfile gsfmode= replace cback= white;
MPRINT(EM_DIAGRAM):   goptions device= GIF display gaccess= gsasfile gsfmode= replace cback= white;
88396      proc greplay igout=WORK.PLOT2GRAPH nofs;
MPRINT(EM_DIAGRAM):   proc greplay igout=WORK.PLOT2GRAPH nofs;
NOTE: Building list of graphs from the catalog.

NOTE: Enter greplay commands or statements.
88397      replay ACCEPTE1;
MPRINT(EM_DIAGRAM):   replay ACCEPTE1;
NOTE:  37 records written to C:\\predictive-models-project\Workspaces\EMWS8\Plot2\GRAPH\AcceptedCmp2 by DepVar.gif
88398      quit;
MPRINT(EM_DIAGRAM):   quit;

NOTE: PROCEDURE GREPLAY used (Total process time):
      real time           0.04 seconds
      cpu time            0.04 seconds
      

88399      goptions device=win;
MPRINT(EM_DIAGRAM):   goptions device=win;
88400      filename gsasfile;
MPRINT(EM_DIAGRAM):   filename gsasfile;
NOTE: Fileref GSASFILE has been deassigned.
88401      filename gsasfile "C:\\predictive-models-project\Workspaces\EMWS8\Plot2\GRAPH\AcceptedCmp3 by DepVar.gif";
MPRINT(EM_DIAGRAM):    filename gsasfile "C:\\predictive-models-project\Workspaces\EMWS8\Plot2\GRAPH\AcceptedCmp3 by DepVar.gif";
88402      goptions device= GIF display gaccess= gsasfile gsfmode= replace cback= white;
MPRINT(EM_DIAGRAM):   goptions device= GIF display gaccess= gsasfile gsfmode= replace cback= white;
88403      proc greplay igout=WORK.PLOT2GRAPH nofs;
MPRINT(EM_DIAGRAM):   proc greplay igout=WORK.PLOT2GRAPH nofs;
NOTE: Building list of graphs from the catalog.

NOTE: Enter greplay commands or statements.
88404      replay ACCEPTE2;
MPRINT(EM_DIAGRAM):   replay ACCEPTE2;
NOTE:  37 records written to C:\\predictive-models-project\Workspaces\EMWS8\Plot2\GRAPH\AcceptedCmp3 by DepVar.gif
88405      quit;
MPRINT(EM_DIAGRAM):   quit;

NOTE: PROCEDURE GREPLAY used (Total process time):
      real time           0.03 seconds
      cpu time            0.03 seconds
      

88406      goptions device=win;
MPRINT(EM_DIAGRAM):   goptions device=win;
88407      filename gsasfile;
MPRINT(EM_DIAGRAM):   filename gsasfile;
NOTE: Fileref GSASFILE has been deassigned.
88408      filename gsasfile "C:\\predictive-models-project\Workspaces\EMWS8\Plot2\GRAPH\AcceptedCmp4 by DepVar.gif";
MPRINT(EM_DIAGRAM):    filename gsasfile "C:\\predictive-models-project\Workspaces\EMWS8\Plot2\GRAPH\AcceptedCmp4 by DepVar.gif";
88409      goptions device= GIF display gaccess= gsasfile gsfmode= replace cback= white;
MPRINT(EM_DIAGRAM):   goptions device= GIF display gaccess= gsasfile gsfmode= replace cback= white;
88410      proc greplay igout=WORK.PLOT2GRAPH nofs;
MPRINT(EM_DIAGRAM):   proc greplay igout=WORK.PLOT2GRAPH nofs;
NOTE: Building list of graphs from the catalog.

NOTE: Enter greplay commands or statements.
88411      replay ACCEPTE3;
MPRINT(EM_DIAGRAM):   replay ACCEPTE3;
NOTE:  37 records written to C:\\predictive-models-project\Workspaces\EMWS8\Plot2\GRAPH\AcceptedCmp4 by DepVar.gif
88412      quit;
MPRINT(EM_DIAGRAM):   quit;

NOTE: PROCEDURE GREPLAY used (Total process time):
      real time           0.04 seconds
      cpu time            0.04 seconds
      

88413      goptions device=win;
MPRINT(EM_DIAGRAM):   goptions device=win;
88414      filename gsasfile;
MPRINT(EM_DIAGRAM):   filename gsasfile;
NOTE: Fileref GSASFILE has been deassigned.
88415      filename gsasfile "C:\\predictive-models-project\Workspaces\EMWS8\Plot2\GRAPH\AcceptedCmp5 by DepVar.gif";
MPRINT(EM_DIAGRAM):    filename gsasfile "C:\\predictive-models-project\Workspaces\EMWS8\Plot2\GRAPH\AcceptedCmp5 by DepVar.gif";
88416      goptions device= GIF display gaccess= gsasfile gsfmode= replace cback= white;
MPRINT(EM_DIAGRAM):   goptions device= GIF display gaccess= gsasfile gsfmode= replace cback= white;
88417      proc greplay igout=WORK.PLOT2GRAPH nofs;
MPRINT(EM_DIAGRAM):   proc greplay igout=WORK.PLOT2GRAPH nofs;
NOTE: Building list of graphs from the catalog.

NOTE: Enter greplay commands or statements.
88418      replay ACCEPTE4;
MPRINT(EM_DIAGRAM):   replay ACCEPTE4;
NOTE:  37 records written to C:\\predictive-models-project\Workspaces\EMWS8\Plot2\GRAPH\AcceptedCmp5 by DepVar.gif
88419      quit;
MPRINT(EM_DIAGRAM):   quit;

NOTE: PROCEDURE GREPLAY used (Total process time):
      real time           0.03 seconds
      cpu time            0.03 seconds
      

88420      goptions device=win;
MPRINT(EM_DIAGRAM):   goptions device=win;
88421      filename gsasfile;
MPRINT(EM_DIAGRAM):   filename gsasfile;
NOTE: Fileref GSASFILE has been deassigned.
88422      filename gsasfile "C:\\predictive-models-project\Workspaces\EMWS8\Plot2\GRAPH\AcceptedCmpTotal by DepVar.gif";
MPRINT(EM_DIAGRAM):    filename gsasfile "C:\\predictive-models-project\Workspaces\EMWS8\Plot2\GRAPH\AcceptedCmpTotal by DepVar.gif";
88423      goptions device= GIF display gaccess= gsasfile gsfmode= replace cback= white;
MPRINT(EM_DIAGRAM):   goptions device= GIF display gaccess= gsasfile gsfmode= replace cback= white;
88424      proc greplay igout=WORK.PLOT2GRAPH nofs;
MPRINT(EM_DIAGRAM):   proc greplay igout=WORK.PLOT2GRAPH nofs;
NOTE: Building list of graphs from the catalog.

NOTE: Enter greplay commands or statements.
88425      replay ACCEPTE5;
MPRINT(EM_DIAGRAM):   replay ACCEPTE5;
NOTE:  39 records written to C:\\predictive-models-project\Workspaces\EMWS8\Plot2\GRAPH\AcceptedCmpTotal by DepVar.gif
88426      quit;
MPRINT(EM_DIAGRAM):   quit;

NOTE: PROCEDURE GREPLAY used (Total process time):
      real time           0.03 seconds
      cpu time            0.03 seconds
      

88427      goptions device=win;
MPRINT(EM_DIAGRAM):   goptions device=win;
88428      filename gsasfile;
MPRINT(EM_DIAGRAM):   filename gsasfile;
NOTE: Fileref GSASFILE has been deassigned.
88429      filename gsasfile "C:\\predictive-models-project\Workspaces\EMWS8\Plot2\GRAPH\AcceptedCmp1 by DepVar.gif";
MPRINT(EM_DIAGRAM):    filename gsasfile "C:\\predictive-models-project\Workspaces\EMWS8\Plot2\GRAPH\AcceptedCmp1 by DepVar.gif";
88430      goptions device= GIF display gaccess= gsasfile gsfmode= replace cback= white;
MPRINT(EM_DIAGRAM):   goptions device= GIF display gaccess= gsasfile gsfmode= replace cback= white;
88431      proc greplay igout=WORK.PLOT2GRAPH nofs;
MPRINT(EM_DIAGRAM):   proc greplay igout=WORK.PLOT2GRAPH nofs;
NOTE: Building list of graphs from the catalog.

NOTE: Enter greplay commands or statements.
88432      replay ACCEPTED;
MPRINT(EM_DIAGRAM):   replay ACCEPTED;
NOTE:  37 records written to C:\\predictive-models-project\Workspaces\EMWS8\Plot2\GRAPH\AcceptedCmp1 by DepVar.gif
88433      quit;
MPRINT(EM_DIAGRAM):   quit;

NOTE: PROCEDURE GREPLAY used (Total process time):
      real time           0.03 seconds
      cpu time            0.03 seconds
      

88434      goptions device=win;
MPRINT(EM_DIAGRAM):   goptions device=win;
88435      filename gsasfile;
MPRINT(EM_DIAGRAM):   filename gsasfile;
NOTE: Fileref GSASFILE has been deassigned.
88436      filename gsasfile "C:\\predictive-models-project\Workspaces\EMWS8\Plot2\GRAPH\Age by DepVar.gif";
MPRINT(EM_DIAGRAM):    filename gsasfile "C:\\predictive-models-project\Workspaces\EMWS8\Plot2\GRAPH\Age by DepVar.gif";
88437      goptions device= GIF display gaccess= gsasfile gsfmode= replace cback= white;
MPRINT(EM_DIAGRAM):   goptions device= GIF display gaccess= gsasfile gsfmode= replace cback= white;
88438      proc greplay igout=WORK.PLOT2GRAPH nofs;
MPRINT(EM_DIAGRAM):   proc greplay igout=WORK.PLOT2GRAPH nofs;
NOTE: Building list of graphs from the catalog.

NOTE: Enter greplay commands or statements.
88439      replay AGE;
MPRINT(EM_DIAGRAM):   replay AGE;
NOTE:  93 records written to C:\\predictive-models-project\Workspaces\EMWS8\Plot2\GRAPH\Age by DepVar.gif
88440      quit;
MPRINT(EM_DIAGRAM):   quit;

NOTE: PROCEDURE GREPLAY used (Total process time):
      real time           0.03 seconds
      cpu time            0.03 seconds
      

88441      goptions device=win;
MPRINT(EM_DIAGRAM):   goptions device=win;
88442      filename gsasfile;
MPRINT(EM_DIAGRAM):   filename gsasfile;
NOTE: Fileref GSASFILE has been deassigned.
88443      filename gsasfile "C:\\predictive-models-project\Workspaces\EMWS8\Plot2\GRAPH\Complain by DepVar.gif";
MPRINT(EM_DIAGRAM):    filename gsasfile "C:\\predictive-models-project\Workspaces\EMWS8\Plot2\GRAPH\Complain by DepVar.gif";
88444      goptions device= GIF display gaccess= gsasfile gsfmode= replace cback= white;
MPRINT(EM_DIAGRAM):   goptions device= GIF display gaccess= gsasfile gsfmode= replace cback= white;
88445      proc greplay igout=WORK.PLOT2GRAPH nofs;
MPRINT(EM_DIAGRAM):   proc greplay igout=WORK.PLOT2GRAPH nofs;
NOTE: Building list of graphs from the catalog.

NOTE: Enter greplay commands or statements.
88446      replay COMPLAIN;
MPRINT(EM_DIAGRAM):   replay COMPLAIN;
NOTE:  35 records written to C:\\predictive-models-project\Workspaces\EMWS8\Plot2\GRAPH\Complain by DepVar.gif
88447      quit;
MPRINT(EM_DIAGRAM):   quit;

NOTE: PROCEDURE GREPLAY used (Total process time):
      real time           0.04 seconds
      cpu time            0.01 seconds
      

88448      goptions device=win;
MPRINT(EM_DIAGRAM):   goptions device=win;
88449      filename gsasfile;
MPRINT(EM_DIAGRAM):   filename gsasfile;
NOTE: Fileref GSASFILE has been deassigned.
88450      filename gsasfile "C:\\predictive-models-project\Workspaces\EMWS8\Plot2\GRAPH\Education by DepVar.gif";
MPRINT(EM_DIAGRAM):    filename gsasfile "C:\\predictive-models-project\Workspaces\EMWS8\Plot2\GRAPH\Education by DepVar.gif";
88451      goptions device= GIF display gaccess= gsasfile gsfmode= replace cback= white;
MPRINT(EM_DIAGRAM):   goptions device= GIF display gaccess= gsasfile gsfmode= replace cback= white;
88452      proc greplay igout=WORK.PLOT2GRAPH nofs;
MPRINT(EM_DIAGRAM):   proc greplay igout=WORK.PLOT2GRAPH nofs;
NOTE: Building list of graphs from the catalog.

NOTE: Enter greplay commands or statements.
88453      replay EDUCATIO;
MPRINT(EM_DIAGRAM):   replay EDUCATIO;
NOTE:  57 records written to C:\\predictive-models-project\Workspaces\EMWS8\Plot2\GRAPH\Education by DepVar.gif
88454      quit;
MPRINT(EM_DIAGRAM):   quit;

NOTE: PROCEDURE GREPLAY used (Total process time):
      real time           0.04 seconds
      cpu time            0.04 seconds
      

88455      goptions device=win;
MPRINT(EM_DIAGRAM):   goptions device=win;
88456      filename gsasfile;
MPRINT(EM_DIAGRAM):   filename gsasfile;
NOTE: Fileref GSASFILE has been deassigned.
88457      filename gsasfile "C:\\predictive-models-project\Workspaces\EMWS8\Plot2\GRAPH\Frq by DepVar.gif";
MPRINT(EM_DIAGRAM):    filename gsasfile "C:\\predictive-models-project\Workspaces\EMWS8\Plot2\GRAPH\Frq by DepVar.gif";
88458      goptions device= GIF display gaccess= gsasfile gsfmode= replace cback= white;
MPRINT(EM_DIAGRAM):   goptions device= GIF display gaccess= gsasfile gsfmode= replace cback= white;
88459      proc greplay igout=WORK.PLOT2GRAPH nofs;
MPRINT(EM_DIAGRAM):   proc greplay igout=WORK.PLOT2GRAPH nofs;
NOTE: Building list of graphs from the catalog.

NOTE: Enter greplay commands or statements.
88460      replay FRQ;
MPRINT(EM_DIAGRAM):   replay FRQ;
NOTE:  79 records written to C:\\predictive-models-project\Workspaces\EMWS8\Plot2\GRAPH\Frq by DepVar.gif
88461      quit;
MPRINT(EM_DIAGRAM):   quit;

NOTE: PROCEDURE GREPLAY used (Total process time):
      real time           0.17 seconds
      cpu time            0.03 seconds
      

88462      goptions device=win;
MPRINT(EM_DIAGRAM):   goptions device=win;
88463      filename gsasfile;
MPRINT(EM_DIAGRAM):   filename gsasfile;
NOTE: Fileref GSASFILE has been deassigned.
88464      filename gsasfile "C:\\predictive-models-project\Workspaces\EMWS8\Plot2\GRAPH\HigherEducationBinary by DepVar.gif";
MPRINT(EM_DIAGRAM):    filename gsasfile "C:\\predictive-models-project\Workspaces\EMWS8\Plot2\GRAPH\HigherEducationBinary by DepVar.gif";
88465      goptions device= GIF display gaccess= gsasfile gsfmode= replace cback= white;
MPRINT(EM_DIAGRAM):   goptions device= GIF display gaccess= gsasfile gsfmode= replace cback= white;
88466      proc greplay igout=WORK.PLOT2GRAPH nofs;
MPRINT(EM_DIAGRAM):   proc greplay igout=WORK.PLOT2GRAPH nofs;
NOTE: Building list of graphs from the catalog.

NOTE: Enter greplay commands or statements.
88467      replay HIGHERED;
MPRINT(EM_DIAGRAM):   replay HIGHERED;
NOTE:  41 records written to C:\\predictive-models-project\Workspaces\EMWS8\Plot2\GRAPH\HigherEducationBinary by DepVar.gif
88468      quit;
MPRINT(EM_DIAGRAM):   quit;

NOTE: PROCEDURE GREPLAY used (Total process time):
      real time           0.03 seconds
      cpu time            0.03 seconds
      

88469      goptions device=win;
MPRINT(EM_DIAGRAM):   goptions device=win;
88470      filename gsasfile;
MPRINT(EM_DIAGRAM):   filename gsasfile;
NOTE: Fileref GSASFILE has been deassigned.
88471      filename gsasfile "C:\\predictive-models-project\Workspaces\EMWS8\Plot2\GRAPH\Income by DepVar.gif";
MPRINT(EM_DIAGRAM):    filename gsasfile "C:\\predictive-models-project\Workspaces\EMWS8\Plot2\GRAPH\Income by DepVar.gif";
88472      goptions device= GIF display gaccess= gsasfile gsfmode= replace cback= white;
MPRINT(EM_DIAGRAM):   goptions device= GIF display gaccess= gsasfile gsfmode= replace cback= white;
88473      proc greplay igout=WORK.PLOT2GRAPH nofs;
MPRINT(EM_DIAGRAM):   proc greplay igout=WORK.PLOT2GRAPH nofs;
NOTE: Building list of graphs from the catalog.

NOTE: Enter greplay commands or statements.
88474      replay INCOME;
MPRINT(EM_DIAGRAM):   replay INCOME;
NOTE:  109 records written to C:\\predictive-models-project\Workspaces\EMWS8\Plot2\GRAPH\Income by DepVar.gif
88475      quit;
MPRINT(EM_DIAGRAM):   quit;

NOTE: PROCEDURE GREPLAY used (Total process time):
      real time           0.03 seconds
      cpu time            0.03 seconds
      

88476      goptions device=win;
MPRINT(EM_DIAGRAM):   goptions device=win;
88477      filename gsasfile;
MPRINT(EM_DIAGRAM):   filename gsasfile;
NOTE: Fileref GSASFILE has been deassigned.
88478      filename gsasfile "C:\\predictive-models-project\Workspaces\EMWS8\Plot2\GRAPH\Kidhome by DepVar.gif";
MPRINT(EM_DIAGRAM):    filename gsasfile "C:\\predictive-models-project\Workspaces\EMWS8\Plot2\GRAPH\Kidhome by DepVar.gif";
88479      goptions device= GIF display gaccess= gsasfile gsfmode= replace cback= white;
MPRINT(EM_DIAGRAM):   goptions device= GIF display gaccess= gsasfile gsfmode= replace cback= white;
88480      proc greplay igout=WORK.PLOT2GRAPH nofs;
MPRINT(EM_DIAGRAM):   proc greplay igout=WORK.PLOT2GRAPH nofs;
NOTE: Building list of graphs from the catalog.

NOTE: Enter greplay commands or statements.
88481      replay KIDHOME;
MPRINT(EM_DIAGRAM):   replay KIDHOME;
NOTE:  39 records written to C:\\predictive-models-project\Workspaces\EMWS8\Plot2\GRAPH\Kidhome by DepVar.gif
88482      quit;
MPRINT(EM_DIAGRAM):   quit;

NOTE: PROCEDURE GREPLAY used (Total process time):
      real time           0.03 seconds
      cpu time            0.03 seconds
      

88483      goptions device=win;
MPRINT(EM_DIAGRAM):   goptions device=win;
88484      filename gsasfile;
MPRINT(EM_DIAGRAM):   filename gsasfile;
NOTE: Fileref GSASFILE has been deassigned.
88485      filename gsasfile "C:\\predictive-models-project\Workspaces\EMWS8\Plot2\GRAPH\Marital_Status by DepVar.gif";
MPRINT(EM_DIAGRAM):    filename gsasfile "C:\\predictive-models-project\Workspaces\EMWS8\Plot2\GRAPH\Marital_Status by DepVar.gif";
88486      goptions device= GIF display gaccess= gsasfile gsfmode= replace cback= white;
MPRINT(EM_DIAGRAM):   goptions device= GIF display gaccess= gsasfile gsfmode= replace cback= white;
88487      proc greplay igout=WORK.PLOT2GRAPH nofs;
MPRINT(EM_DIAGRAM):   proc greplay igout=WORK.PLOT2GRAPH nofs;
NOTE: Building list of graphs from the catalog.

NOTE: Enter greplay commands or statements.
88488      replay MARITAL_;
MPRINT(EM_DIAGRAM):   replay MARITAL_;
NOTE:  55 records written to C:\\predictive-models-project\Workspaces\EMWS8\Plot2\GRAPH\Marital_Status by DepVar.gif
88489      quit;
MPRINT(EM_DIAGRAM):   quit;

NOTE: PROCEDURE GREPLAY used (Total process time):
      real time           0.03 seconds
      cpu time            0.03 seconds
      

88490      goptions device=win;
MPRINT(EM_DIAGRAM):   goptions device=win;
88491      filename gsasfile;
MPRINT(EM_DIAGRAM):   filename gsasfile;
NOTE: Fileref GSASFILE has been deassigned.
88492      filename gsasfile "C:\\predictive-models-project\Workspaces\EMWS8\Plot2\GRAPH\Mnt by DepVar.gif";
MPRINT(EM_DIAGRAM):    filename gsasfile "C:\\predictive-models-project\Workspaces\EMWS8\Plot2\GRAPH\Mnt by DepVar.gif";
88493      goptions device= GIF display gaccess= gsasfile gsfmode= replace cback= white;
MPRINT(EM_DIAGRAM):   goptions device= GIF display gaccess= gsasfile gsfmode= replace cback= white;
88494      proc greplay igout=WORK.PLOT2GRAPH nofs;
MPRINT(EM_DIAGRAM):   proc greplay igout=WORK.PLOT2GRAPH nofs;
NOTE: Building list of graphs from the catalog.

NOTE: Enter greplay commands or statements.
88495      replay MNT;
MPRINT(EM_DIAGRAM):   replay MNT;
NOTE:  49 records written to C:\\predictive-models-project\Workspaces\EMWS8\Plot2\GRAPH\Mnt by DepVar.gif
88496      quit;
MPRINT(EM_DIAGRAM):   quit;

NOTE: PROCEDURE GREPLAY used (Total process time):
      real time           0.03 seconds
      cpu time            0.03 seconds
      

88497      goptions device=win;
MPRINT(EM_DIAGRAM):   goptions device=win;
88498      filename gsasfile;
MPRINT(EM_DIAGRAM):   filename gsasfile;
NOTE: Fileref GSASFILE has been deassigned.
88499      filename gsasfile "C:\\predictive-models-project\Workspaces\EMWS8\Plot2\GRAPH\MntFishProducts by DepVar.gif";
MPRINT(EM_DIAGRAM):    filename gsasfile "C:\\predictive-models-project\Workspaces\EMWS8\Plot2\GRAPH\MntFishProducts by DepVar.gif";
88500      goptions device= GIF display gaccess= gsasfile gsfmode= replace cback= white;
MPRINT(EM_DIAGRAM):   goptions device= GIF display gaccess= gsasfile gsfmode= replace cback= white;
88501      proc greplay igout=WORK.PLOT2GRAPH nofs;
MPRINT(EM_DIAGRAM):   proc greplay igout=WORK.PLOT2GRAPH nofs;
NOTE: Building list of graphs from the catalog.

NOTE: Enter greplay commands or statements.
88502      replay MNTFISHP;
MPRINT(EM_DIAGRAM):   replay MNTFISHP;
NOTE:  47 records written to C:\\predictive-models-project\Workspaces\EMWS8\Plot2\GRAPH\MntFishProducts by DepVar.gif
88503      quit;
MPRINT(EM_DIAGRAM):   quit;

NOTE: PROCEDURE GREPLAY used (Total process time):
      real time           0.03 seconds
      cpu time            0.03 seconds
      

88504      goptions device=win;
MPRINT(EM_DIAGRAM):   goptions device=win;
88505      filename gsasfile;
MPRINT(EM_DIAGRAM):   filename gsasfile;
NOTE: Fileref GSASFILE has been deassigned.
88506      filename gsasfile "C:\\predictive-models-project\Workspaces\EMWS8\Plot2\GRAPH\MntFruits by DepVar.gif";
MPRINT(EM_DIAGRAM):    filename gsasfile "C:\\predictive-models-project\Workspaces\EMWS8\Plot2\GRAPH\MntFruits by DepVar.gif";
88507      goptions device= GIF display gaccess= gsasfile gsfmode= replace cback= white;
MPRINT(EM_DIAGRAM):   goptions device= GIF display gaccess= gsasfile gsfmode= replace cback= white;
88508      proc greplay igout=WORK.PLOT2GRAPH nofs;
MPRINT(EM_DIAGRAM):   proc greplay igout=WORK.PLOT2GRAPH nofs;
NOTE: Building list of graphs from the catalog.

NOTE: Enter greplay commands or statements.
88509      replay MNTFRUIT;
MPRINT(EM_DIAGRAM):   replay MNTFRUIT;
NOTE:  45 records written to C:\\predictive-models-project\Workspaces\EMWS8\Plot2\GRAPH\MntFruits by DepVar.gif
88510      quit;
MPRINT(EM_DIAGRAM):   quit;

NOTE: PROCEDURE GREPLAY used (Total process time):
      real time           0.04 seconds
      cpu time            0.04 seconds
      

88511      goptions device=win;
MPRINT(EM_DIAGRAM):   goptions device=win;
88512      filename gsasfile;
MPRINT(EM_DIAGRAM):   filename gsasfile;
NOTE: Fileref GSASFILE has been deassigned.
88513      filename gsasfile "C:\\predictive-models-project\Workspaces\EMWS8\Plot2\GRAPH\MntGoldProds by DepVar.gif";
MPRINT(EM_DIAGRAM):    filename gsasfile "C:\\predictive-models-project\Workspaces\EMWS8\Plot2\GRAPH\MntGoldProds by DepVar.gif";
88514      goptions device= GIF display gaccess= gsasfile gsfmode= replace cback= white;
MPRINT(EM_DIAGRAM):   goptions device= GIF display gaccess= gsasfile gsfmode= replace cback= white;
88515      proc greplay igout=WORK.PLOT2GRAPH nofs;
MPRINT(EM_DIAGRAM):   proc greplay igout=WORK.PLOT2GRAPH nofs;
NOTE: Building list of graphs from the catalog.

NOTE: Enter greplay commands or statements.
88516      replay MNTGOLDP;
MPRINT(EM_DIAGRAM):   replay MNTGOLDP;
NOTE:  55 records written to C:\\predictive-models-project\Workspaces\EMWS8\Plot2\GRAPH\MntGoldProds by DepVar.gif
88517      quit;
MPRINT(EM_DIAGRAM):   quit;

NOTE: PROCEDURE GREPLAY used (Total process time):
      real time           0.03 seconds
      cpu time            0.03 seconds
      

88518      goptions device=win;
MPRINT(EM_DIAGRAM):   goptions device=win;
88519      filename gsasfile;
MPRINT(EM_DIAGRAM):   filename gsasfile;
NOTE: Fileref GSASFILE has been deassigned.
88520      filename gsasfile "C:\\predictive-models-project\Workspaces\EMWS8\Plot2\GRAPH\MntMeatProducts by DepVar.gif";
MPRINT(EM_DIAGRAM):    filename gsasfile "C:\\predictive-models-project\Workspaces\EMWS8\Plot2\GRAPH\MntMeatProducts by DepVar.gif";
88521      goptions device= GIF display gaccess= gsasfile gsfmode= replace cback= white;
MPRINT(EM_DIAGRAM):   goptions device= GIF display gaccess= gsasfile gsfmode= replace cback= white;
88522      proc greplay igout=WORK.PLOT2GRAPH nofs;
MPRINT(EM_DIAGRAM):   proc greplay igout=WORK.PLOT2GRAPH nofs;
NOTE: Building list of graphs from the catalog.

NOTE: Enter greplay commands or statements.
88523      replay MNTMEATP;
MPRINT(EM_DIAGRAM):   replay MNTMEATP;
NOTE:  51 records written to C:\\predictive-models-project\Workspaces\EMWS8\Plot2\GRAPH\MntMeatProducts by DepVar.gif
88524      quit;
MPRINT(EM_DIAGRAM):   quit;

NOTE: PROCEDURE GREPLAY used (Total process time):
      real time           0.03 seconds
      cpu time            0.03 seconds
      

88525      goptions device=win;
MPRINT(EM_DIAGRAM):   goptions device=win;
88526      filename gsasfile;
MPRINT(EM_DIAGRAM):   filename gsasfile;
NOTE: Fileref GSASFILE has been deassigned.
88527      filename gsasfile "C:\\predictive-models-project\Workspaces\EMWS8\Plot2\GRAPH\MntSweetProducts by DepVar.gif";
MPRINT(EM_DIAGRAM):    filename gsasfile "C:\\predictive-models-project\Workspaces\EMWS8\Plot2\GRAPH\MntSweetProducts by DepVar.gif";
88528      goptions device= GIF display gaccess= gsasfile gsfmode= replace cback= white;
MPRINT(EM_DIAGRAM):   goptions device= GIF display gaccess= gsasfile gsfmode= replace cback= white;
88529      proc greplay igout=WORK.PLOT2GRAPH nofs;
MPRINT(EM_DIAGRAM):   proc greplay igout=WORK.PLOT2GRAPH nofs;
NOTE: Building list of graphs from the catalog.

NOTE: Enter greplay commands or statements.
88530      replay MNTSWEET;
MPRINT(EM_DIAGRAM):   replay MNTSWEET;
NOTE:  47 records written to C:\\predictive-models-project\Workspaces\EMWS8\Plot2\GRAPH\MntSweetProducts by DepVar.gif
88531      quit;
MPRINT(EM_DIAGRAM):   quit;

NOTE: PROCEDURE GREPLAY used (Total process time):
      real time           0.03 seconds
      cpu time            0.03 seconds
      

88532      goptions device=win;
MPRINT(EM_DIAGRAM):   goptions device=win;
88533      filename gsasfile;
MPRINT(EM_DIAGRAM):   filename gsasfile;
NOTE: Fileref GSASFILE has been deassigned.
88534      filename gsasfile "C:\\predictive-models-project\Workspaces\EMWS8\Plot2\GRAPH\MntWines by DepVar.gif";
MPRINT(EM_DIAGRAM):    filename gsasfile "C:\\predictive-models-project\Workspaces\EMWS8\Plot2\GRAPH\MntWines by DepVar.gif";
88535      goptions device= GIF display gaccess= gsasfile gsfmode= replace cback= white;
MPRINT(EM_DIAGRAM):   goptions device= GIF display gaccess= gsasfile gsfmode= replace cback= white;
88536      proc greplay igout=WORK.PLOT2GRAPH nofs;
MPRINT(EM_DIAGRAM):   proc greplay igout=WORK.PLOT2GRAPH nofs;
NOTE: Building list of graphs from the catalog.

NOTE: Enter greplay commands or statements.
88537      replay MNTWINES;
MPRINT(EM_DIAGRAM):   replay MNTWINES;
NOTE:  49 records written to C:\\predictive-models-project\Workspaces\EMWS8\Plot2\GRAPH\MntWines by DepVar.gif
88538      quit;
MPRINT(EM_DIAGRAM):   quit;

NOTE: PROCEDURE GREPLAY used (Total process time):
      real time           0.03 seconds
      cpu time            0.03 seconds
      

88539      goptions device=win;
MPRINT(EM_DIAGRAM):   goptions device=win;
88540      filename gsasfile;
MPRINT(EM_DIAGRAM):   filename gsasfile;
NOTE: Fileref GSASFILE has been deassigned.
88541      filename gsasfile "C:\\predictive-models-project\Workspaces\EMWS8\Plot2\GRAPH\MonthsAsCustomer by DepVar.gif";
MPRINT(EM_DIAGRAM):    filename gsasfile "C:\\predictive-models-project\Workspaces\EMWS8\Plot2\GRAPH\MonthsAsCustomer by DepVar.gif";
88542      goptions device= GIF display gaccess= gsasfile gsfmode= replace cback= white;
MPRINT(EM_DIAGRAM):   goptions device= GIF display gaccess= gsasfile gsfmode= replace cback= white;
88543      proc greplay igout=WORK.PLOT2GRAPH nofs;
MPRINT(EM_DIAGRAM):   proc greplay igout=WORK.PLOT2GRAPH nofs;
NOTE: Building list of graphs from the catalog.

NOTE: Enter greplay commands or statements.
88544      replay MONTHSAS;
MPRINT(EM_DIAGRAM):   replay MONTHSAS;
NOTE:  139 records written to C:\\predictive-models-project\Workspaces\EMWS8\Plot2\GRAPH\MonthsAsCustomer by DepVar.gif
88545      quit;
MPRINT(EM_DIAGRAM):   quit;

NOTE: PROCEDURE GREPLAY used (Total process time):
      real time           0.03 seconds
      cpu time            0.03 seconds
      

88546      goptions device=win;
MPRINT(EM_DIAGRAM):   goptions device=win;
88547      filename gsasfile;
MPRINT(EM_DIAGRAM):   filename gsasfile;
NOTE: Fileref GSASFILE has been deassigned.
88548      filename gsasfile "C:\\predictive-models-project\Workspaces\EMWS8\Plot2\GRAPH\NumCatalogPurchases by DepVar.gif";
MPRINT(EM_DIAGRAM):    filename gsasfile "C:\\predictive-models-project\Workspaces\EMWS8\Plot2\GRAPH\NumCatalogPurchases by DepVar.gif";
88549      goptions device= GIF display gaccess= gsasfile gsfmode= replace cback= white;
MPRINT(EM_DIAGRAM):   goptions device= GIF display gaccess= gsasfile gsfmode= replace cback= white;
88550      proc greplay igout=WORK.PLOT2GRAPH nofs;
MPRINT(EM_DIAGRAM):   proc greplay igout=WORK.PLOT2GRAPH nofs;
NOTE: Building list of graphs from the catalog.

NOTE: Enter greplay commands or statements.
88551      replay NUMCATAL;
MPRINT(EM_DIAGRAM):   replay NUMCATAL;
NOTE:  51 records written to C:\\predictive-models-project\Workspaces\EMWS8\Plot2\GRAPH\NumCatalogPurchases by DepVar.gif
88552      quit;
MPRINT(EM_DIAGRAM):   quit;

NOTE: PROCEDURE GREPLAY used (Total process time):
      real time           0.03 seconds
      cpu time            0.03 seconds
      

88553      goptions device=win;
MPRINT(EM_DIAGRAM):   goptions device=win;
88554      filename gsasfile;
MPRINT(EM_DIAGRAM):   filename gsasfile;
NOTE: Fileref GSASFILE has been deassigned.
88555      filename gsasfile "C:\\predictive-models-project\Workspaces\EMWS8\Plot2\GRAPH\NumDealsPurchases by DepVar.gif";
MPRINT(EM_DIAGRAM):    filename gsasfile "C:\\predictive-models-project\Workspaces\EMWS8\Plot2\GRAPH\NumDealsPurchases by DepVar.gif";
88556      goptions device= GIF display gaccess= gsasfile gsfmode= replace cback= white;
MPRINT(EM_DIAGRAM):   goptions device= GIF display gaccess= gsasfile gsfmode= replace cback= white;
88557      proc greplay igout=WORK.PLOT2GRAPH nofs;
MPRINT(EM_DIAGRAM):   proc greplay igout=WORK.PLOT2GRAPH nofs;
NOTE: Building list of graphs from the catalog.

NOTE: Enter greplay commands or statements.
88558      replay NUMDEALS;
MPRINT(EM_DIAGRAM):   replay NUMDEALS;
NOTE:  45 records written to C:\\predictive-models-project\Workspaces\EMWS8\Plot2\GRAPH\NumDealsPurchases by DepVar.gif
88559      quit;
MPRINT(EM_DIAGRAM):   quit;

NOTE: PROCEDURE GREPLAY used (Total process time):
      real time           0.03 seconds
      cpu time            0.03 seconds
      

88560      goptions device=win;
MPRINT(EM_DIAGRAM):   goptions device=win;
88561      filename gsasfile;
MPRINT(EM_DIAGRAM):   filename gsasfile;
NOTE: Fileref GSASFILE has been deassigned.
88562      filename gsasfile "C:\\predictive-models-project\Workspaces\EMWS8\Plot2\GRAPH\NumDistPurchases by DepVar.gif";
MPRINT(EM_DIAGRAM):    filename gsasfile "C:\\predictive-models-project\Workspaces\EMWS8\Plot2\GRAPH\NumDistPurchases by DepVar.gif";
88563      goptions device= GIF display gaccess= gsasfile gsfmode= replace cback= white;
MPRINT(EM_DIAGRAM):   goptions device= GIF display gaccess= gsasfile gsfmode= replace cback= white;
88564      proc greplay igout=WORK.PLOT2GRAPH nofs;
MPRINT(EM_DIAGRAM):   proc greplay igout=WORK.PLOT2GRAPH nofs;
NOTE: Building list of graphs from the catalog.

NOTE: Enter greplay commands or statements.
88565      replay NUMDISTP;
MPRINT(EM_DIAGRAM):   replay NUMDISTP;
NOTE:  81 records written to C:\\predictive-models-project\Workspaces\EMWS8\Plot2\GRAPH\NumDistPurchases by DepVar.gif
88566      quit;
MPRINT(EM_DIAGRAM):   quit;

NOTE: PROCEDURE GREPLAY used (Total process time):
      real time           0.03 seconds
      cpu time            0.03 seconds
      

88567      goptions device=win;
MPRINT(EM_DIAGRAM):   goptions device=win;
88568      filename gsasfile;
MPRINT(EM_DIAGRAM):   filename gsasfile;
NOTE: Fileref GSASFILE has been deassigned.
88569      filename gsasfile "C:\\predictive-models-project\Workspaces\EMWS8\Plot2\GRAPH\NumStorePurchases by DepVar.gif";
MPRINT(EM_DIAGRAM):    filename gsasfile "C:\\predictive-models-project\Workspaces\EMWS8\Plot2\GRAPH\NumStorePurchases by DepVar.gif";
88570      goptions device= GIF display gaccess= gsasfile gsfmode= replace cback= white;
MPRINT(EM_DIAGRAM):   goptions device= GIF display gaccess= gsasfile gsfmode= replace cback= white;
88571      proc greplay igout=WORK.PLOT2GRAPH nofs;
MPRINT(EM_DIAGRAM):   proc greplay igout=WORK.PLOT2GRAPH nofs;
NOTE: Building list of graphs from the catalog.

NOTE: Enter greplay commands or statements.
88572      replay NUMSTORE;
MPRINT(EM_DIAGRAM):   replay NUMSTORE;
NOTE:  57 records written to C:\\predictive-models-project\Workspaces\EMWS8\Plot2\GRAPH\NumStorePurchases by DepVar.gif
88573      quit;
MPRINT(EM_DIAGRAM):   quit;

NOTE: PROCEDURE GREPLAY used (Total process time):
      real time           0.03 seconds
      cpu time            0.03 seconds
      

88574      goptions device=win;
MPRINT(EM_DIAGRAM):   goptions device=win;
88575      filename gsasfile;
MPRINT(EM_DIAGRAM):   filename gsasfile;
NOTE: Fileref GSASFILE has been deassigned.
88576      filename gsasfile "C:\\predictive-models-project\Workspaces\EMWS8\Plot2\GRAPH\NumWebPurchases by DepVar.gif";
MPRINT(EM_DIAGRAM):    filename gsasfile "C:\\predictive-models-project\Workspaces\EMWS8\Plot2\GRAPH\NumWebPurchases by DepVar.gif";
88577      goptions device= GIF display gaccess= gsasfile gsfmode= replace cback= white;
MPRINT(EM_DIAGRAM):   goptions device= GIF display gaccess= gsasfile gsfmode= replace cback= white;
88578      proc greplay igout=WORK.PLOT2GRAPH nofs;
MPRINT(EM_DIAGRAM):   proc greplay igout=WORK.PLOT2GRAPH nofs;
NOTE: Building list of graphs from the catalog.

NOTE: Enter greplay commands or statements.
88579      replay NUMWEBPU;
MPRINT(EM_DIAGRAM):   replay NUMWEBPU;
NOTE:  71 records written to C:\\predictive-models-project\Workspaces\EMWS8\Plot2\GRAPH\NumWebPurchases by DepVar.gif
88580      quit;
MPRINT(EM_DIAGRAM):   quit;

NOTE: PROCEDURE GREPLAY used (Total process time):
      real time           0.03 seconds
      cpu time            0.03 seconds
      

88581      goptions device=win;
MPRINT(EM_DIAGRAM):   goptions device=win;
88582      filename gsasfile;
MPRINT(EM_DIAGRAM):   filename gsasfile;
NOTE: Fileref GSASFILE has been deassigned.
88583      filename gsasfile "C:\\predictive-models-project\Workspaces\EMWS8\Plot2\GRAPH\NumWebVisitsMonth by DepVar.gif";
MPRINT(EM_DIAGRAM):    filename gsasfile "C:\\predictive-models-project\Workspaces\EMWS8\Plot2\GRAPH\NumWebVisitsMonth by DepVar.gif";
88584      goptions device= GIF display gaccess= gsasfile gsfmode= replace cback= white;
MPRINT(EM_DIAGRAM):   goptions device= GIF display gaccess= gsasfile gsfmode= replace cback= white;
88585      proc greplay igout=WORK.PLOT2GRAPH nofs;
MPRINT(EM_DIAGRAM):   proc greplay igout=WORK.PLOT2GRAPH nofs;
NOTE: Building list of graphs from the catalog.

NOTE: Enter greplay commands or statements.
88586      replay NUMWEBVI;
MPRINT(EM_DIAGRAM):   replay NUMWEBVI;
NOTE:  73 records written to C:\\predictive-models-project\Workspaces\EMWS8\Plot2\GRAPH\NumWebVisitsMonth by DepVar.gif
88587      quit;
MPRINT(EM_DIAGRAM):   quit;

NOTE: PROCEDURE GREPLAY used (Total process time):
      real time           0.03 seconds
      cpu time            0.03 seconds
      

88588      goptions device=win;
MPRINT(EM_DIAGRAM):   goptions device=win;
88589      filename gsasfile;
MPRINT(EM_DIAGRAM):   filename gsasfile;
NOTE: Fileref GSASFILE has been deassigned.
88590      filename gsasfile "C:\\predictive-models-project\Workspaces\EMWS8\Plot2\GRAPH\Recency by DepVar.gif";
MPRINT(EM_DIAGRAM):    filename gsasfile "C:\\predictive-models-project\Workspaces\EMWS8\Plot2\GRAPH\Recency by DepVar.gif";
88591      goptions device= GIF display gaccess= gsasfile gsfmode= replace cback= white;
MPRINT(EM_DIAGRAM):   goptions device= GIF display gaccess= gsasfile gsfmode= replace cback= white;
88592      proc greplay igout=WORK.PLOT2GRAPH nofs;
MPRINT(EM_DIAGRAM):   proc greplay igout=WORK.PLOT2GRAPH nofs;
NOTE: Building list of graphs from the catalog.

NOTE: Enter greplay commands or statements.
88593      replay RECENCY;
MPRINT(EM_DIAGRAM):   replay RECENCY;
NOTE:  121 records written to C:\\predictive-models-project\Workspaces\EMWS8\Plot2\GRAPH\Recency by DepVar.gif
88594      quit;
MPRINT(EM_DIAGRAM):   quit;

NOTE: PROCEDURE GREPLAY used (Total process time):
      real time           0.04 seconds
      cpu time            0.04 seconds
      

88595      goptions device=win;
MPRINT(EM_DIAGRAM):   goptions device=win;
88596      filename gsasfile;
MPRINT(EM_DIAGRAM):   filename gsasfile;
NOTE: Fileref GSASFILE has been deassigned.
88597      filename gsasfile "C:\\predictive-models-project\Workspaces\EMWS8\Plot2\GRAPH\RFMstat by DepVar.gif";
MPRINT(EM_DIAGRAM):    filename gsasfile "C:\\predictive-models-project\Workspaces\EMWS8\Plot2\GRAPH\RFMstat by DepVar.gif";
88598      goptions device= GIF display gaccess= gsasfile gsfmode= replace cback= white;
MPRINT(EM_DIAGRAM):   goptions device= GIF display gaccess= gsasfile gsfmode= replace cback= white;
88599      proc greplay igout=WORK.PLOT2GRAPH nofs;
MPRINT(EM_DIAGRAM):   proc greplay igout=WORK.PLOT2GRAPH nofs;
NOTE: Building list of graphs from the catalog.

NOTE: Enter greplay commands or statements.
88600      replay RFMSTAT;
MPRINT(EM_DIAGRAM):   replay RFMSTAT;
NOTE:  45 records written to C:\\predictive-models-project\Workspaces\EMWS8\Plot2\GRAPH\RFMstat by DepVar.gif
88601      quit;
MPRINT(EM_DIAGRAM):   quit;

NOTE: PROCEDURE GREPLAY used (Total process time):
      real time           0.03 seconds
      cpu time            0.03 seconds
      

88602      goptions device=win;
MPRINT(EM_DIAGRAM):   goptions device=win;
88603      filename gsasfile;
MPRINT(EM_DIAGRAM):   filename gsasfile;
NOTE: Fileref GSASFILE has been deassigned.
88604      filename gsasfile "C:\\predictive-models-project\Workspaces\EMWS8\Plot2\GRAPH\RMntFrq by DepVar.gif";
MPRINT(EM_DIAGRAM):    filename gsasfile "C:\\predictive-models-project\Workspaces\EMWS8\Plot2\GRAPH\RMntFrq by DepVar.gif";
88605      goptions device= GIF display gaccess= gsasfile gsfmode= replace cback= white;
MPRINT(EM_DIAGRAM):   goptions device= GIF display gaccess= gsasfile gsfmode= replace cback= white;
88606      proc greplay igout=WORK.PLOT2GRAPH nofs;
MPRINT(EM_DIAGRAM):   proc greplay igout=WORK.PLOT2GRAPH nofs;
NOTE: Building list of graphs from the catalog.

NOTE: Enter greplay commands or statements.
88607      replay RMNTFRQ;
MPRINT(EM_DIAGRAM):   replay RMNTFRQ;
NOTE:  57 records written to C:\\predictive-models-project\Workspaces\EMWS8\Plot2\GRAPH\RMntFrq by DepVar.gif
88608      quit;
MPRINT(EM_DIAGRAM):   quit;

NOTE: PROCEDURE GREPLAY used (Total process time):
      real time           0.03 seconds
      cpu time            0.03 seconds
      

88609      goptions device=win;
MPRINT(EM_DIAGRAM):   goptions device=win;
88610      filename gsasfile;
MPRINT(EM_DIAGRAM):   filename gsasfile;
NOTE: Fileref GSASFILE has been deassigned.
88611      filename gsasfile "C:\\predictive-models-project\Workspaces\EMWS8\Plot2\GRAPH\Teenhome by DepVar.gif";
MPRINT(EM_DIAGRAM):    filename gsasfile "C:\\predictive-models-project\Workspaces\EMWS8\Plot2\GRAPH\Teenhome by DepVar.gif";
88612      goptions device= GIF display gaccess= gsasfile gsfmode= replace cback= white;
MPRINT(EM_DIAGRAM):   goptions device= GIF display gaccess= gsasfile gsfmode= replace cback= white;
88613      proc greplay igout=WORK.PLOT2GRAPH nofs;
MPRINT(EM_DIAGRAM):   proc greplay igout=WORK.PLOT2GRAPH nofs;
NOTE: Building list of graphs from the catalog.

NOTE: Enter greplay commands or statements.
88614      replay TEENHOME;
MPRINT(EM_DIAGRAM):   replay TEENHOME;
NOTE:  39 records written to C:\\predictive-models-project\Workspaces\EMWS8\Plot2\GRAPH\Teenhome by DepVar.gif
88615      quit;
MPRINT(EM_DIAGRAM):   quit;

NOTE: PROCEDURE GREPLAY used (Total process time):
      real time           0.04 seconds
      cpu time            0.04 seconds
      

88616      goptions device=win;
MPRINT(EM_DIAGRAM):   goptions device=win;
88617      filename gsasfile;
MPRINT(EM_DIAGRAM):   filename gsasfile;
NOTE: Fileref GSASFILE has been deassigned.
88618      filename gsasfile "C:\\predictive-models-project\Workspaces\EMWS8\Plot2\GRAPH\Year_Birth by DepVar.gif";
MPRINT(EM_DIAGRAM):    filename gsasfile "C:\\predictive-models-project\Workspaces\EMWS8\Plot2\GRAPH\Year_Birth by DepVar.gif";
88619      goptions device= GIF display gaccess= gsasfile gsfmode= replace cback= white;
MPRINT(EM_DIAGRAM):   goptions device= GIF display gaccess= gsasfile gsfmode= replace cback= white;
88620      proc greplay igout=WORK.PLOT2GRAPH nofs;
MPRINT(EM_DIAGRAM):   proc greplay igout=WORK.PLOT2GRAPH nofs;
NOTE: Building list of graphs from the catalog.

NOTE: Enter greplay commands or statements.
88621      replay YEAR_BIR;
MPRINT(EM_DIAGRAM):   replay YEAR_BIR;
NOTE:  95 records written to C:\\predictive-models-project\Workspaces\EMWS8\Plot2\GRAPH\Year_Birth by DepVar.gif
88622      quit;
MPRINT(EM_DIAGRAM):   quit;

NOTE: PROCEDURE GREPLAY used (Total process time):
      real time           0.03 seconds
      cpu time            0.03 seconds
      

88623      goptions device=win;
MPRINT(EM_DIAGRAM):   goptions device=win;
88624      filename gsasfile;
MPRINT(EM_DIAGRAM):   filename gsasfile;
NOTE: Fileref GSASFILE has been deassigned.
MPRINT(EM_DIAGRAM):    proc printto;
MPRINT(EM_DIAGRAM):   run;
