 
                                                                                               
 
 
Fit Statistics

Target=DepVar Target Label=DepVar

   Fit
Statistics    Statistics Label                     Train    Validation

 _ASE_        Average Squared Error                 0.04         0.09 
 _DIV_        Divisor for ASE                    4748.00      2036.00 
 _MAX_        Maximum Absolute Error                1.00         1.00 
 _NOBS_       Sum of Frequencies                 2374.00      1018.00 
 _RASE_       Root Average Squared Error            0.19         0.29 
 _SSE_        Sum of Squared Errors               166.77       174.83 
 _DISF_       Frequency of Classified Cases      2374.00      1018.00 
 _MISC_       Misclassification Rate                0.05         0.10 
 _WRONG_      Number of Wrong Classifications     128.00       101.00 
 
                                                                                               
 
 
Classification Table

Data Role=TRAIN Target Variable=DepVar Target Label=DepVar

                       Target        Outcome     Frequency       Total
Target    Outcome    Percentage    Percentage      Count      Percentage

  0          0         96.1821       97.5186        1965        82.7717 
  1          0          3.8179       21.7270          78         3.2856 
  0          1         15.1057        2.4814          50         2.1061 
  1          1         84.8943       78.2730         281        11.8366 


Data Role=VALIDATE Target Variable=DepVar Target Label=DepVar

                       Target        Outcome     Frequency       Total
Target    Outcome    Percentage    Percentage      Count      Percentage

  0          0         93.8940       94.4380        815         80.0589 
  1          0          6.1060       34.1935         53          5.2063 
  0          1         32.0000        5.5620         48          4.7151 
  1          1         68.0000       65.8065        102         10.0196 
 
                                                                                               
 
 
Event Classification Table

Data Role=TRAIN Target=DepVar Target Label=DepVar

  False       True        False       True
Negative    Negative    Positive    Positive

   78         1965         50          281  


Data Role=VALIDATE Target=DepVar Target Label=DepVar

  False       True        False       True
Negative    Negative    Positive    Positive

   53          815         48          102  
 
                                                                                               
 
 
Assessment Score Rankings

Data Role=TRAIN Target Variable=DepVar Target Label=DepVar

                                                                                    Mean
                            Cumulative       %      Cumulative     Number of     Posterior
Depth      Gain     Lift       Lift      Response   % Response   Observations   Probability

   5    561.281   6.61281     6.61281     100.000     100.000         119         0.99983  
  10    547.389   6.33496     6.47389      95.798      97.899         119         0.96681  
  15    440.880   3.27862     5.40880      49.580      81.793         119         0.60362  
  20    352.456   1.84935     4.52456      27.966      68.421         118         0.27914  
  25    280.738   0.94469     3.80738      14.286      57.576         119         0.14153  
  30    225.540   0.50013     3.25540       7.563      49.229         119         0.07001  
  35    184.088   0.33624     2.84088       5.085      42.960         118         0.03246  
  40    149.199   0.05557     2.49199       0.840      37.684         119         0.01467  
  45    121.458   0.00000     2.21458       0.000      33.489         119         0.00736  
  50    100.000   0.05604     2.00000       0.847      30.244         118         0.00397  
  55     81.776   0.00000     1.81776       0.000      27.489         119         0.00205  
  60     66.596   0.00000     1.66596       0.000      25.193         119         0.00107  
  65     53.756   0.00000     1.53756       0.000      23.251         119         0.00050  
  70     42.840   0.00000     1.42840       0.000      21.600         118         0.00023  
  75     33.296   0.00000     1.33296       0.000      20.157         119         0.00010  
  80     24.947   0.00000     1.24947       0.000      18.895         119         0.00005  
  85     17.641   0.00000     1.17641       0.000      17.790         118         0.00002  
  90     11.090   0.00000     1.11090       0.000      16.799         119         0.00001  
  95      5.230   0.00000     1.05230       0.000      15.913         119         0.00000  
 100      0.000   0.00000     1.00000       0.000      15.122         118         0.00000  


Data Role=VALIDATE Target Variable=DepVar Target Label=DepVar

                                                                                    Mean
                            Cumulative       %      Cumulative     Number of     Posterior
Depth      Gain     Lift       Lift      Response   % Response   Observations   Probability

   5    350.727   4.50727     4.50727     68.6275     68.6275         51          0.99999  
  10    376.483   5.02239     4.76483     76.4706     72.5490         51          0.99617  
  15    324.972   3.21948     4.24972     49.0196     64.7059         51          0.69879  
  20    279.899   2.44681     3.79899     37.2549     57.8431         51          0.30176  
  25    252.855   2.44681     3.52855     37.2549     53.7255         51          0.15555  
  30    200.485   0.38634     3.00485      5.8824     45.7516         51          0.08756  
  35    166.757   0.64390     2.66757      9.8039     40.6162         51          0.03793  
  40    141.461   0.64390     2.41461      9.8039     36.7647         51          0.01621  
  45    117.494   0.25756     2.17494      3.9216     33.1155         51          0.00817  
  50     96.129   0.00000     1.96129      0.0000     29.8625         50          0.00366  
  55     81.786   0.38634     1.81786      5.8824     27.6786         51          0.00220  
  60     66.612   0.00000     1.66612      0.0000     25.3682         51          0.00125  
  65     53.776   0.00000     1.53776      0.0000     23.4139         51          0.00069  
  70     42.777   0.00000     1.42777      0.0000     21.7391         51          0.00032  
  75     33.246   0.00000     1.33246      0.0000     20.2880         51          0.00015  
  80     24.908   0.00000     1.24908      0.0000     19.0184         51          0.00006  
  85     17.552   0.00000     1.17552      0.0000     17.8984         51          0.00003  
  90     11.014   0.00000     1.11014      0.0000     16.9029         51          0.00001  
  95      5.165   0.00000     1.05165      0.0000     16.0124         51          0.00000  
 100      0.000   0.00000     1.00000      0.0000     15.2259         50          0.00000  
 
                                                                                               
 
 
Assessment Score Distribution

Data Role=TRAIN Target Variable=DepVar Target Label=DepVar

 Posterior     Number                     Mean
Probability      of      Number of     Posterior
   Range       Events    Nonevents    Probability    Percentage

 0.95-1.00       199           4        0.99434         8.5510 
 0.90-0.95        28           1        0.92463         1.2216 
 0.85-0.90        13           3        0.87715         0.6740 
 0.80-0.85        11           1        0.82704         0.5055 
 0.75-0.80        10           5        0.77544         0.6318 
 0.70-0.75         7           2        0.72069         0.3791 
 0.65-0.70         3           4        0.67561         0.2949 
 0.60-0.65         3           1        0.62690         0.1685 
 0.55-0.60         1           0        0.57763         0.0421 
 0.50-0.55         1           5        0.52554         0.2527 
 0.45-0.50         9          12        0.48143         0.8846 
 0.40-0.45         5          17        0.42563         0.9267 
 0.35-0.40        13          20        0.37341         1.3901 
 0.30-0.35         8          19        0.32582         1.1373 
 0.25-0.30         7          15        0.27503         0.9267 
 0.20-0.25         7          32        0.22270         1.6428 
 0.15-0.20         9          61        0.16452         2.9486 
 0.10-0.15         8          47        0.12348         2.3168 
 0.05-0.10         9         100        0.07338         4.5914 
 0.00-0.05         8        1666        0.00479        70.5139 


Data Role=VALIDATE Target Variable=DepVar Target Label=DepVar

 Posterior     Number                     Mean
Probability      of      Number of     Posterior
   Range       Events    Nonevents    Probability    Percentage

 0.95-1.00       83          32         0.99474        11.2967 
 0.90-0.95        2           2         0.93035         0.3929 
 0.85-0.90        1           1         0.88090         0.1965 
 0.80-0.85        2           3         0.81325         0.4912 
 0.75-0.80        2           1         0.77214         0.2947 
 0.70-0.75        0           1         0.70227         0.0982 
 0.65-0.70        0           2         0.66193         0.1965 
 0.45-0.50        4           1         0.47360         0.4912 
 0.40-0.45        5          10         0.42587         1.4735 
 0.35-0.40        6           9         0.37808         1.4735 
 0.30-0.35        3           6         0.32957         0.8841 
 0.25-0.30        5          13         0.26952         1.7682 
 0.20-0.25        5           7         0.22558         1.1788 
 0.15-0.20       16          20         0.16072         3.5363 
 0.10-0.15        3          23         0.12465         2.5540 
 0.05-0.10        3          41         0.07459         4.3222 
 0.00-0.05       15         691         0.00465        69.3517 
