 
                                                                                               
 
 
Fit Statistics

Target=DepVar Target Label=DepVar

   Fit
Statistics    Statistics Label                Train    Validation

  _NOBS_      Sum of Frequencies            2374.00      1018.00 
  _MISC_      Misclassification Rate           0.08         0.11 
  _MAX_       Maximum Absolute Error           0.98         1.00 
  _SSE_       Sum of Squared Errors          329.98       175.62 
  _ASE_       Average Squared Error            0.07         0.09 
  _RASE_      Root Average Squared Error       0.26         0.29 
  _DIV_       Divisor for ASE               4748.00      2036.00 
  _DFT_       Total Degrees of Freedom      2374.00          .   
 
                                                                                               
 
 
Classification Table

Data Role=TRAIN Target Variable=DepVar Target Label=DepVar

                       Target        Outcome     Frequency       Total
Target    Outcome    Percentage    Percentage      Count      Percentage

  0          0         92.8268       97.6179        1967        82.8559 
  1          0          7.1732       42.3398         152         6.4027 
  0          1         18.8235        2.3821          48         2.0219 
  1          1         81.1765       57.6602         207         8.7195 


Data Role=VALIDATE Target Variable=DepVar Target Label=DepVar

                       Target        Outcome     Frequency       Total
Target    Outcome    Percentage    Percentage      Count      Percentage

  0          0         91.2184       96.2920        831         81.6306 
  1          0          8.7816       51.6129         80          7.8585 
  0          1         29.9065        3.7080         32          3.1434 
  1          1         70.0935       48.3871         75          7.3674 
 
                                                                                               
 
 
Event Classification Table

Data Role=TRAIN Target=DepVar Target Label=DepVar

  False       True        False       True
Negative    Negative    Positive    Positive

   152        1967         48          207  


Data Role=VALIDATE Target=DepVar Target Label=DepVar

  False       True        False       True
Negative    Negative    Positive    Positive

   80          831         32          75   
 
                                                                                               
 
 
Assessment Score Rankings

Data Role=TRAIN Target Variable=DepVar Target Label=DepVar

                                                                                    Mean
                            Cumulative       %      Cumulative     Number of     Posterior
Depth      Gain     Lift       Lift      Response   % Response   Observations   Probability

   5    493.980   5.93980     5.93980     89.8226     89.8226         119         0.89823  
  10    444.872   4.95764     5.44872     74.9702     82.3964         119         0.74970  
  15    339.346   2.28294     4.39346     34.5229     66.4386         119         0.34523  
  20    259.938   1.19696     3.59938     18.1007     54.4304         118         0.18101  
  25    210.931   1.15312     3.10931     17.4377     47.0194         119         0.17438  
  30    177.782   1.12317     2.77782     16.9848     42.0066         119         0.16985  
  35    146.276   0.55905     2.46276      8.4541     37.2422         118         0.08454  
  40    122.430   0.55905     2.22430      8.4541     33.6362         119         0.08454  
  45    103.892   0.55905     2.03892      8.4541     30.8329         119         0.08454  
  50     87.218   0.36164     1.87218      5.4688     28.3115         118         0.05469  
  55     71.339   0.12945     1.71339      1.9576     25.9102         119         0.01958  
  60     58.112   0.12945     1.58112      1.9576     23.9099         119         0.01958  
  65     46.923   0.12945     1.46923      1.9576     22.2180         119         0.01958  
  70     37.411   0.12945     1.37411      1.9576     20.7795         118         0.01958  
  75     29.095   0.12945     1.29095      1.9576     19.5219         119         0.01958  
  80     21.820   0.12945     1.21820      1.9576     18.4218         119         0.01958  
  85     15.454   0.12945     1.15454      1.9576     17.4591         118         0.01958  
  90      9.746   0.12945     1.09746      1.9576     16.5959         119         0.01958  
  95      4.639   0.12945     1.04639      1.9576     15.8237         119         0.01958  
 100      0.000   0.11300     1.00000      1.7087     15.1222         118         0.01709  


Data Role=VALIDATE Target Variable=DepVar Target Label=DepVar

                                                                                    Mean
                            Cumulative       %      Cumulative     Number of     Posterior
Depth      Gain     Lift       Lift      Response   % Response   Observations   Probability

   5    389.777   4.89777     4.89777     74.5731     74.5731         51          0.84482  
  10    365.036   4.40296     4.65036     67.0391     70.8061         51          0.71280  
  15    289.200   2.37526     3.89200     36.1656     59.2593         51          0.32765  
  20    233.070   1.64681     3.33070     25.0743     50.7130         51          0.18689  
  25    190.339   1.19413     2.90339     18.1818     44.2068         51          0.17438  
  30    161.851   1.19413     2.61851     18.1818     39.8693         51          0.17438  
  35    135.322   0.76148     2.35322     11.5942     35.8300         51          0.10392  
  40    113.938   0.64250     2.13938      9.7826     32.5741         51          0.08454  
  45     97.306   0.64250     1.97306      9.7826     30.0417         51          0.08454  
  50     87.128   0.93693     1.87128     14.2656     28.4920         50          0.08180  
  55     70.807   0.07913     1.70807      1.2048     26.0069         51          0.01958  
  60     57.210   0.07913     1.57210      1.2048     23.9367         51          0.01958  
  65     45.708   0.07913     1.45708      1.2048     22.1854         51          0.01958  
  70     35.852   0.07913     1.35852      1.2048     20.6847         51          0.01958  
  75     27.311   0.07913     1.27311      1.2048     19.3843         51          0.01958  
  80     19.840   0.07913     1.19840      1.2048     18.2467         51          0.01958  
  85     13.248   0.07913     1.13248      1.2048     17.2431         51          0.01958  
  90      7.390   0.07913     1.07390      1.2048     16.3511         51          0.01958  
  95      2.149   0.07913     1.02149      1.2048     15.5531         51          0.01958  
 100      0.000   0.58398     1.00000      8.8916     15.2259         50          0.01449  
 
                                                                                               
 
 
Assessment Score Distribution

Data Role=TRAIN Target Variable=DepVar Target Label=DepVar

 Posterior     Number                     Mean
Probability      of      Number of     Posterior
   Range       Events    Nonevents    Probability    Percentage

 0.90-0.95       54            3        0.94737         2.4010 
 0.85-0.90       49            8        0.85965         2.4010 
 0.75-0.80       55           16        0.77465         2.9907 
 0.70-0.75       25            9        0.73529         1.4322 
 0.65-0.70       20            9        0.68966         1.2216 
 0.55-0.60        4            3        0.57143         0.2949 
 0.35-0.40        7           11        0.38889         0.7582 
 0.30-0.35        7           14        0.33333         0.8846 
 0.25-0.30       16           46        0.25806         2.6116 
 0.15-0.20       62          289        0.17664        14.7852 
 0.05-0.10       36          390        0.08451        17.9444 
 0.00-0.05       24         1217        0.01934        52.2746 


Data Role=VALIDATE Target Variable=DepVar Target Label=DepVar

 Posterior     Number                     Mean
Probability      of      Number of     Posterior
   Range       Events    Nonevents    Probability    Percentage

 0.90-0.95       11           0         0.94737         1.0806 
 0.85-0.90       15           5         0.85887         1.9646 
 0.75-0.80       19          13         0.77431         3.1434 
 0.70-0.75       11           3         0.73529         1.3752 
 0.65-0.70       14           7         0.68966         2.0629 
 0.55-0.60        5           4         0.57143         0.8841 
 0.35-0.40        2           4         0.38889         0.5894 
 0.30-0.35        6           9         0.33333         1.4735 
 0.25-0.30        9          20         0.25992         2.8487 
 0.15-0.20       32         128         0.17636        15.7171 
 0.05-0.10       21         169         0.08450        18.6640 
 0.00-0.05       10         501         0.01908        50.1965 
