MPRINT(EM_DIAGRAM):    data _null_;
MPRINT(EM_DIAGRAM):   call symput('NLDATE', strip(put(date(), NLDATE.)));
MPRINT(EM_DIAGRAM):   call symput('NLTIME', strip(put(datetime(), NLTIME.)));
MPRINT(EM_DIAGRAM):   run;
MPRINT(EM_DIAGRAM):   data _null_;
MPRINT(EM_DIAGRAM):   nldate= sasmsg("sashelp.dmine", "log_date_note", 'N', "21. April 2016" );
MPRINT(EM_DIAGRAM):   nltime= sasmsg("sashelp.dmine", "log_time_note", 'N', "18.28 Uhr" );
MPRINT(EM_DIAGRAM):   put "*------------------------------------------------------------*";
MPRINT(EM_DIAGRAM):   put "* Score Log";
MPRINT(EM_DIAGRAM):   put nldate;
MPRINT(EM_DIAGRAM):   put nltime;
MPRINT(EM_DIAGRAM):   put "*------------------------------------------------------------*";
MPRINT(EM_DIAGRAM):   run;
*------------------------------------------------------------*
* Score Log
Date:                21. April 2016
Time:                18.28 Uhr
*------------------------------------------------------------*
MPRINT(EM_DIAGRAM):    filename O1VSOBHE 
"C:\\predictive-models-project\Workspaces\EMWS8\Tree\EMSCORE.out" encoding="UTF-8" NOBOM;
MPRINT(EM_DIAGRAM):   proc printto print=O1VSOBHE new;
MPRINT(EM_DIAGRAM):   run;
183006     filename emflow
183006   ! "C:\\predictive-models-project\Workspaces\EMWS8\Tree\EMFLOWSCORE.sas";
MPRINT(EM_DIAGRAM):    filename emflow 
"C:\\predictive-models-project\Workspaces\EMWS8\Tree\EMFLOWSCORE.sas";
MPRINT(EM_DIAGRAM):   *------------------------------------------------------------*;
MPRINT(EM_DIAGRAM):   * Tree: Scoring DATA data;
MPRINT(EM_DIAGRAM):   *------------------------------------------------------------*;
183007     *------------------------------------------------------------*;
183008     * Tree: Scoring DATA data;
183009     *------------------------------------------------------------*;
183010     data EMWS8.Tree_TRAIN
183011     / view=EMWS8.Tree_TRAIN
183012     ;
MPRINT(EM_DIAGRAM):   data EMWS8.Tree_TRAIN / view=EMWS8.Tree_TRAIN ;
183013     set EMWS8.Meta_TRAIN
183014     ;
MPRINT(EM_DIAGRAM):   set EMWS8.Meta_TRAIN ;
183015     %inc emflow;
NOTE: %INCLUDE (level 1) file EMFLOW is file 
      C:\\predictive-models-project\Workspaces\EMWS8\Tree\EMFLOWSCORE.sas.
183016    +****************************************************************;
MPRINT(EM_DIAGRAM):   ****************************************************************;
183017    +******             DECISION TREE SCORING CODE             ******;
MPRINT(EM_DIAGRAM):   ****** DECISION TREE SCORING CODE ******;
183018    +****************************************************************;
MPRINT(EM_DIAGRAM):   ****************************************************************;
183019    +
183020    +******         LENGTHS OF NEW CHARACTER VARIABLES         ******;
MPRINT(EM_DIAGRAM):   ****** LENGTHS OF NEW CHARACTER VARIABLES ******;
183021    +LENGTH F_DepVar  $   12;
MPRINT(EM_DIAGRAM):   LENGTH F_DepVar $ 12;
183022    +LENGTH I_DepVar  $   12;
MPRINT(EM_DIAGRAM):   LENGTH I_DepVar $ 12;
183023    +LENGTH _WARN_  $    4;
MPRINT(EM_DIAGRAM):   LENGTH _WARN_ $ 4;
183024    +
183025    +******              LABELS FOR NEW VARIABLES              ******;
MPRINT(EM_DIAGRAM):   ****** LABELS FOR NEW VARIABLES ******;
183026    +LABEL _NODE_  = 'Node' ;
MPRINT(EM_DIAGRAM):   LABEL _NODE_ = 'Node' ;
183027    +LABEL _LEAF_  = 'Leaf' ;
MPRINT(EM_DIAGRAM):   LABEL _LEAF_ = 'Leaf' ;
183028    +LABEL P_DepVar0  = 'Predicted: DepVar=0' ;
MPRINT(EM_DIAGRAM):   LABEL P_DepVar0 = 'Predicted: DepVar=0' ;
183029    +LABEL P_DepVar1  = 'Predicted: DepVar=1' ;
MPRINT(EM_DIAGRAM):   LABEL P_DepVar1 = 'Predicted: DepVar=1' ;
183030    +LABEL Q_DepVar0  = 'Unadjusted P: DepVar=0' ;
MPRINT(EM_DIAGRAM):   LABEL Q_DepVar0 = 'Unadjusted P: DepVar=0' ;
183031    +LABEL Q_DepVar1  = 'Unadjusted P: DepVar=1' ;
MPRINT(EM_DIAGRAM):   LABEL Q_DepVar1 = 'Unadjusted P: DepVar=1' ;
183032    +LABEL V_DepVar0  = 'Validated: DepVar=0' ;
MPRINT(EM_DIAGRAM):   LABEL V_DepVar0 = 'Validated: DepVar=0' ;
183033    +LABEL V_DepVar1  = 'Validated: DepVar=1' ;
MPRINT(EM_DIAGRAM):   LABEL V_DepVar1 = 'Validated: DepVar=1' ;
183034    +LABEL R_DepVar0  = 'Residual: DepVar=0' ;
MPRINT(EM_DIAGRAM):   LABEL R_DepVar0 = 'Residual: DepVar=0' ;
183035    +LABEL R_DepVar1  = 'Residual: DepVar=1' ;
MPRINT(EM_DIAGRAM):   LABEL R_DepVar1 = 'Residual: DepVar=1' ;
183036    +LABEL F_DepVar  = 'From: DepVar' ;
MPRINT(EM_DIAGRAM):   LABEL F_DepVar = 'From: DepVar' ;
183037    +LABEL I_DepVar  = 'Into: DepVar' ;
MPRINT(EM_DIAGRAM):   LABEL I_DepVar = 'Into: DepVar' ;
183038    +LABEL U_DepVar  = 'Unnormalized Into: DepVar' ;
MPRINT(EM_DIAGRAM):   LABEL U_DepVar = 'Unnormalized Into: DepVar' ;
183039    +LABEL _WARN_  = 'Warnings' ;
MPRINT(EM_DIAGRAM):   LABEL _WARN_ = 'Warnings' ;
183040    +
183041    +
183042    +******      TEMPORARY VARIABLES FOR FORMATTED VALUES      ******;
MPRINT(EM_DIAGRAM):   ****** TEMPORARY VARIABLES FOR FORMATTED VALUES ******;
183043    +LENGTH _ARBFMT_12 $     12; DROP _ARBFMT_12;
MPRINT(EM_DIAGRAM):   LENGTH _ARBFMT_12 $ 12;
MPRINT(EM_DIAGRAM):   DROP _ARBFMT_12;
183044    +_ARBFMT_12 = ' '; /* Initialize to avoid warning. */
MPRINT(EM_DIAGRAM):   _ARBFMT_12 = ' ';
183045    +LENGTH _ARBFMT_8 $      8; DROP _ARBFMT_8;
MPRINT(EM_DIAGRAM):   LENGTH _ARBFMT_8 $ 8;
MPRINT(EM_DIAGRAM):   DROP _ARBFMT_8;
183046    +_ARBFMT_8 = ' '; /* Initialize to avoid warning. */
MPRINT(EM_DIAGRAM):   _ARBFMT_8 = ' ';
183047    +
183048    +
183049    +_ARBFMT_12 = PUT( DepVar , BEST.);
MPRINT(EM_DIAGRAM):   _ARBFMT_12 = PUT( DepVar , BEST.);
183050    + %DMNORMCP( _ARBFMT_12, F_DepVar );
MPRINT(DMNORMCP):   F_DepVar=dmnorm(_ARBFMT_12,
MPRINT(DMNORLEN):  32
MPRINT(DMNORMCP):  );
MPRINT(EM_DIAGRAM):  ;
183051    +
183052    +******             ASSIGN OBSERVATION TO NODE             ******;
MPRINT(EM_DIAGRAM):   ****** ASSIGN OBSERVATION TO NODE ******;
183053    +IF  NOT MISSING(AcceptedCmpTotal ) AND
183054    +                   0.5 <= AcceptedCmpTotal  THEN DO;
MPRINT(EM_DIAGRAM):   IF NOT MISSING(AcceptedCmpTotal ) AND 0.5 <= AcceptedCmpTotal THEN DO;
183055    +  IF  NOT MISSING(Recency ) AND
183056    +    Recency  <                 38.5 THEN DO;
MPRINT(EM_DIAGRAM):   IF NOT MISSING(Recency ) AND Recency < 38.5 THEN DO;
183057    +    IF  NOT MISSING(AcceptedCmpTotal ) AND
183058    +                       1.5 <= AcceptedCmpTotal  THEN DO;
MPRINT(EM_DIAGRAM):   IF NOT MISSING(AcceptedCmpTotal ) AND 1.5 <= AcceptedCmpTotal THEN DO;
183059    +      _NODE_  =                   13;
MPRINT(EM_DIAGRAM):   _NODE_ = 13;
183060    +      _LEAF_  =                   14;
MPRINT(EM_DIAGRAM):   _LEAF_ = 14;
183061    +      P_DepVar0  =     0.05263157894736;
MPRINT(EM_DIAGRAM):   P_DepVar0 = 0.05263157894736;
183062    +      P_DepVar1  =     0.94736842105263;
MPRINT(EM_DIAGRAM):   P_DepVar1 = 0.94736842105263;
183063    +      Q_DepVar0  =     0.05263157894736;
MPRINT(EM_DIAGRAM):   Q_DepVar0 = 0.05263157894736;
183064    +      Q_DepVar1  =     0.94736842105263;
MPRINT(EM_DIAGRAM):   Q_DepVar1 = 0.94736842105263;
183065    +      V_DepVar0  =                    0;
MPRINT(EM_DIAGRAM):   V_DepVar0 = 0;
183066    +      V_DepVar1  =                    1;
MPRINT(EM_DIAGRAM):   V_DepVar1 = 1;
183067    +      I_DepVar  = '1' ;
MPRINT(EM_DIAGRAM):   I_DepVar = '1' ;
183068    +      U_DepVar  =                    1;
MPRINT(EM_DIAGRAM):   U_DepVar = 1;
183069    +      END;
MPRINT(EM_DIAGRAM):   END;
183070    +    ELSE DO;
MPRINT(EM_DIAGRAM):   ELSE DO;
183071    +      _ARBFMT_8 = PUT( Marital_Status , $8.);
MPRINT(EM_DIAGRAM):   _ARBFMT_8 = PUT( Marital_Status , $8.);
183072    +       %DMNORMIP( _ARBFMT_8);
MPRINT(DMNORMIP):   call dmnorm(_ARBFMT_8,
MPRINT(DMNORLEN):  32
MPRINT(DMNORMIP):  );
MPRINT(EM_DIAGRAM):  ;
183073    +      IF _ARBFMT_8 IN ('WIDOW' ,'DIVORCED' ,'SINGLE' ) THEN DO;
MPRINT(EM_DIAGRAM):   IF _ARBFMT_8 IN ('WIDOW' ,'DIVORCED' ,'SINGLE' ) THEN DO;
183074    +        _NODE_  =                   23;
MPRINT(EM_DIAGRAM):   _NODE_ = 23;
183075    +        _LEAF_  =                   13;
MPRINT(EM_DIAGRAM):   _LEAF_ = 13;
183076    +        P_DepVar0  =      0.2258064516129;
MPRINT(EM_DIAGRAM):   P_DepVar0 = 0.2258064516129;
183077    +        P_DepVar1  =     0.77419354838709;
MPRINT(EM_DIAGRAM):   P_DepVar1 = 0.77419354838709;
183078    +        Q_DepVar0  =      0.2258064516129;
MPRINT(EM_DIAGRAM):   Q_DepVar0 = 0.2258064516129;
183079    +        Q_DepVar1  =     0.77419354838709;
MPRINT(EM_DIAGRAM):   Q_DepVar1 = 0.77419354838709;
183080    +        V_DepVar0  =     0.41935483870967;
MPRINT(EM_DIAGRAM):   V_DepVar0 = 0.41935483870967;
183081    +        V_DepVar1  =     0.58064516129032;
MPRINT(EM_DIAGRAM):   V_DepVar1 = 0.58064516129032;
183082    +        I_DepVar  = '1' ;
MPRINT(EM_DIAGRAM):   I_DepVar = '1' ;
183083    +        U_DepVar  =                    1;
MPRINT(EM_DIAGRAM):   U_DepVar = 1;
183084    +        END;
MPRINT(EM_DIAGRAM):   END;
183085    +      ELSE DO;
MPRINT(EM_DIAGRAM):   ELSE DO;
183086    +        IF  NOT MISSING(NumStorePurchases ) AND
183087    +          NumStorePurchases  <                  6.5 THEN DO;
MPRINT(EM_DIAGRAM):   IF NOT MISSING(NumStorePurchases ) AND NumStorePurchases < 6.5 THEN DO;
183088    +          IF  NOT MISSING(NumWebVisitsMonth ) AND
183089    +            NumWebVisitsMonth  <                  5.5 THEN DO;
MPRINT(EM_DIAGRAM):   IF NOT MISSING(NumWebVisitsMonth ) AND NumWebVisitsMonth < 5.5 THEN DO;
183090    +            _NODE_  =                   56;
MPRINT(EM_DIAGRAM):   _NODE_ = 56;
183091    +            _LEAF_  =                   10;
MPRINT(EM_DIAGRAM):   _LEAF_ = 10;
183092    +            P_DepVar0  =     0.61111111111111;
MPRINT(EM_DIAGRAM):   P_DepVar0 = 0.61111111111111;
183093    +            P_DepVar1  =     0.38888888888888;
MPRINT(EM_DIAGRAM):   P_DepVar1 = 0.38888888888888;
183094    +            Q_DepVar0  =     0.61111111111111;
MPRINT(EM_DIAGRAM):   Q_DepVar0 = 0.61111111111111;
183095    +            Q_DepVar1  =     0.38888888888888;
MPRINT(EM_DIAGRAM):   Q_DepVar1 = 0.38888888888888;
183096    +            V_DepVar0  =     0.66666666666666;
MPRINT(EM_DIAGRAM):   V_DepVar0 = 0.66666666666666;
183097    +            V_DepVar1  =     0.33333333333333;
MPRINT(EM_DIAGRAM):   V_DepVar1 = 0.33333333333333;
183098    +            I_DepVar  = '0' ;
MPRINT(EM_DIAGRAM):   I_DepVar = '0' ;
183099    +            U_DepVar  =                    0;
MPRINT(EM_DIAGRAM):   U_DepVar = 0;
183100    +            END;
MPRINT(EM_DIAGRAM):   END;
183101    +          ELSE DO;
MPRINT(EM_DIAGRAM):   ELSE DO;
183102    +            _NODE_  =                   57;
MPRINT(EM_DIAGRAM):   _NODE_ = 57;
183103    +            _LEAF_  =                   11;
MPRINT(EM_DIAGRAM):   _LEAF_ = 11;
183104    +            P_DepVar0  =     0.14285714285714;
MPRINT(EM_DIAGRAM):   P_DepVar0 = 0.14285714285714;
183105    +            P_DepVar1  =     0.85714285714285;
MPRINT(EM_DIAGRAM):   P_DepVar1 = 0.85714285714285;
183106    +            Q_DepVar0  =     0.14285714285714;
MPRINT(EM_DIAGRAM):   Q_DepVar0 = 0.14285714285714;
183107    +            Q_DepVar1  =     0.85714285714285;
MPRINT(EM_DIAGRAM):   Q_DepVar1 = 0.85714285714285;
183108    +            V_DepVar0  =      0.3076923076923;
MPRINT(EM_DIAGRAM):   V_DepVar0 = 0.3076923076923;
183109    +            V_DepVar1  =     0.69230769230769;
MPRINT(EM_DIAGRAM):   V_DepVar1 = 0.69230769230769;
183110    +            I_DepVar  = '1' ;
MPRINT(EM_DIAGRAM):   I_DepVar = '1' ;
183111    +            U_DepVar  =                    1;
MPRINT(EM_DIAGRAM):   U_DepVar = 1;
183112    +            END;
MPRINT(EM_DIAGRAM):   END;
183113    +          END;
MPRINT(EM_DIAGRAM):   END;
183114    +        ELSE DO;
MPRINT(EM_DIAGRAM):   ELSE DO;
183115    +          _NODE_  =                   41;
MPRINT(EM_DIAGRAM):   _NODE_ = 41;
183116    +          _LEAF_  =                   12;
MPRINT(EM_DIAGRAM):   _LEAF_ = 12;
183117    +          P_DepVar0  =     0.74545454545454;
MPRINT(EM_DIAGRAM):   P_DepVar0 = 0.74545454545454;
183118    +          P_DepVar1  =     0.25454545454545;
MPRINT(EM_DIAGRAM):   P_DepVar1 = 0.25454545454545;
183119    +          Q_DepVar0  =     0.74545454545454;
MPRINT(EM_DIAGRAM):   Q_DepVar0 = 0.74545454545454;
183120    +          Q_DepVar1  =     0.25454545454545;
MPRINT(EM_DIAGRAM):   Q_DepVar1 = 0.25454545454545;
183121    +          V_DepVar0  =     0.66666666666666;
MPRINT(EM_DIAGRAM):   V_DepVar0 = 0.66666666666666;
183122    +          V_DepVar1  =     0.33333333333333;
MPRINT(EM_DIAGRAM):   V_DepVar1 = 0.33333333333333;
183123    +          I_DepVar  = '0' ;
MPRINT(EM_DIAGRAM):   I_DepVar = '0' ;
183124    +          U_DepVar  =                    0;
MPRINT(EM_DIAGRAM):   U_DepVar = 0;
183125    +          END;
MPRINT(EM_DIAGRAM):   END;
183126    +        END;
MPRINT(EM_DIAGRAM):   END;
183127    +      END;
MPRINT(EM_DIAGRAM):   END;
183128    +    END;
MPRINT(EM_DIAGRAM):   END;
183129    +  ELSE DO;
MPRINT(EM_DIAGRAM):   ELSE DO;
183130    +    IF  NOT MISSING(AcceptedCmpTotal ) AND
183131    +                       2.5 <= AcceptedCmpTotal  THEN DO;
MPRINT(EM_DIAGRAM):   IF NOT MISSING(AcceptedCmpTotal ) AND 2.5 <= AcceptedCmpTotal THEN DO;
183132    +      _NODE_  =                   15;
MPRINT(EM_DIAGRAM):   _NODE_ = 15;
183133    +      _LEAF_  =                   16;
MPRINT(EM_DIAGRAM):   _LEAF_ = 16;
183134    +      P_DepVar0  =      0.3103448275862;
MPRINT(EM_DIAGRAM):   P_DepVar0 = 0.3103448275862;
183135    +      P_DepVar1  =     0.68965517241379;
MPRINT(EM_DIAGRAM):   P_DepVar1 = 0.68965517241379;
183136    +      Q_DepVar0  =      0.3103448275862;
MPRINT(EM_DIAGRAM):   Q_DepVar0 = 0.3103448275862;
183137    +      Q_DepVar1  =     0.68965517241379;
MPRINT(EM_DIAGRAM):   Q_DepVar1 = 0.68965517241379;
183138    +      V_DepVar0  =     0.33333333333333;
MPRINT(EM_DIAGRAM):   V_DepVar0 = 0.33333333333333;
183139    +      V_DepVar1  =     0.66666666666666;
MPRINT(EM_DIAGRAM):   V_DepVar1 = 0.66666666666666;
183140    +      I_DepVar  = '1' ;
MPRINT(EM_DIAGRAM):   I_DepVar = '1' ;
183141    +      U_DepVar  =                    1;
MPRINT(EM_DIAGRAM):   U_DepVar = 1;
183142    +      END;
MPRINT(EM_DIAGRAM):   END;
183143    +    ELSE DO;
MPRINT(EM_DIAGRAM):   ELSE DO;
183144    +      _NODE_  =                   14;
MPRINT(EM_DIAGRAM):   _NODE_ = 14;
183145    +      _LEAF_  =                   15;
MPRINT(EM_DIAGRAM):   _LEAF_ = 15;
183146    +      P_DepVar0  =     0.82562277580071;
MPRINT(EM_DIAGRAM):   P_DepVar0 = 0.82562277580071;
183147    +      P_DepVar1  =     0.17437722419928;
MPRINT(EM_DIAGRAM):   P_DepVar1 = 0.17437722419928;
183148    +      Q_DepVar0  =     0.82562277580071;
MPRINT(EM_DIAGRAM):   Q_DepVar0 = 0.82562277580071;
183149    +      Q_DepVar1  =     0.17437722419928;
MPRINT(EM_DIAGRAM):   Q_DepVar1 = 0.17437722419928;
183150    +      V_DepVar0  =     0.81818181818181;
MPRINT(EM_DIAGRAM):   V_DepVar0 = 0.81818181818181;
183151    +      V_DepVar1  =     0.18181818181818;
MPRINT(EM_DIAGRAM):   V_DepVar1 = 0.18181818181818;
183152    +      I_DepVar  = '0' ;
MPRINT(EM_DIAGRAM):   I_DepVar = '0' ;
183153    +      U_DepVar  =                    0;
MPRINT(EM_DIAGRAM):   U_DepVar = 0;
183154    +      END;
MPRINT(EM_DIAGRAM):   END;
183155    +    END;
MPRINT(EM_DIAGRAM):   END;
183156    +  END;
MPRINT(EM_DIAGRAM):   END;
183157    +ELSE DO;
MPRINT(EM_DIAGRAM):   ELSE DO;
183158    +  IF  NOT MISSING(Recency ) AND
183159    +    Recency  <                 32.5 THEN DO;
MPRINT(EM_DIAGRAM):   IF NOT MISSING(Recency ) AND Recency < 32.5 THEN DO;
183160    +    IF  NOT MISSING(NumCatalogPurchases ) AND
183161    +                       5.5 <= NumCatalogPurchases  THEN DO;
MPRINT(EM_DIAGRAM):   IF NOT MISSING(NumCatalogPurchases ) AND 5.5 <= NumCatalogPurchases THEN 
DO;
183162    +      IF  NOT MISSING(NumStorePurchases ) AND
183163    +                         7.5 <= NumStorePurchases  THEN DO;
MPRINT(EM_DIAGRAM):   IF NOT MISSING(NumStorePurchases ) AND 7.5 <= NumStorePurchases THEN DO;
183164    +        IF  NOT MISSING(RFMstat ) AND
183165    +              1964.32692307692 <= RFMstat  THEN DO;
MPRINT(EM_DIAGRAM):   IF NOT MISSING(RFMstat ) AND 1964.32692307692 <= RFMstat THEN DO;
183166    +          _NODE_  =                   37;
MPRINT(EM_DIAGRAM):   _NODE_ = 37;
183167    +          _LEAF_  =                    8;
MPRINT(EM_DIAGRAM):   _LEAF_ = 8;
183168    +          P_DepVar0  =     0.42857142857142;
MPRINT(EM_DIAGRAM):   P_DepVar0 = 0.42857142857142;
183169    +          P_DepVar1  =     0.57142857142857;
MPRINT(EM_DIAGRAM):   P_DepVar1 = 0.57142857142857;
183170    +          Q_DepVar0  =     0.42857142857142;
MPRINT(EM_DIAGRAM):   Q_DepVar0 = 0.42857142857142;
183171    +          Q_DepVar1  =     0.57142857142857;
MPRINT(EM_DIAGRAM):   Q_DepVar1 = 0.57142857142857;
183172    +          V_DepVar0  =     0.44444444444444;
MPRINT(EM_DIAGRAM):   V_DepVar0 = 0.44444444444444;
183173    +          V_DepVar1  =     0.55555555555555;
MPRINT(EM_DIAGRAM):   V_DepVar1 = 0.55555555555555;
183174    +          I_DepVar  = '1' ;
MPRINT(EM_DIAGRAM):   I_DepVar = '1' ;
183175    +          U_DepVar  =                    1;
MPRINT(EM_DIAGRAM):   U_DepVar = 1;
183176    +          END;
MPRINT(EM_DIAGRAM):   END;
183177    +        ELSE DO;
MPRINT(EM_DIAGRAM):   ELSE DO;
183178    +          _NODE_  =                   36;
MPRINT(EM_DIAGRAM):   _NODE_ = 36;
183179    +          _LEAF_  =                    7;
MPRINT(EM_DIAGRAM):   _LEAF_ = 7;
183180    +          P_DepVar0  =                    1;
MPRINT(EM_DIAGRAM):   P_DepVar0 = 1;
183181    +          P_DepVar1  =                    0;
MPRINT(EM_DIAGRAM):   P_DepVar1 = 0;
183182    +          Q_DepVar0  =                    1;
MPRINT(EM_DIAGRAM):   Q_DepVar0 = 1;
183183    +          Q_DepVar1  =                    0;
MPRINT(EM_DIAGRAM):   Q_DepVar1 = 0;
183184    +          V_DepVar0  =     0.69230769230769;
MPRINT(EM_DIAGRAM):   V_DepVar0 = 0.69230769230769;
183185    +          V_DepVar1  =      0.3076923076923;
MPRINT(EM_DIAGRAM):   V_DepVar1 = 0.3076923076923;
183186    +          I_DepVar  = '0' ;
MPRINT(EM_DIAGRAM):   I_DepVar = '0' ;
183187    +          U_DepVar  =                    0;
MPRINT(EM_DIAGRAM):   U_DepVar = 0;
183188    +          END;
MPRINT(EM_DIAGRAM):   END;
183189    +        END;
MPRINT(EM_DIAGRAM):   END;
183190    +      ELSE DO;
MPRINT(EM_DIAGRAM):   ELSE DO;
183191    +        IF  NOT MISSING(MntFishProducts ) AND
183192    +          MntFishProducts  <                   26 THEN DO;
MPRINT(EM_DIAGRAM):   IF NOT MISSING(MntFishProducts ) AND MntFishProducts < 26 THEN DO;
183193    +          _NODE_  =                   34;
MPRINT(EM_DIAGRAM):   _NODE_ = 34;
183194    +          _LEAF_  =                    5;
MPRINT(EM_DIAGRAM):   _LEAF_ = 5;
183195    +          P_DepVar0  =     0.71428571428571;
MPRINT(EM_DIAGRAM):   P_DepVar0 = 0.71428571428571;
183196    +          P_DepVar1  =     0.28571428571428;
MPRINT(EM_DIAGRAM):   P_DepVar1 = 0.28571428571428;
183197    +          Q_DepVar0  =     0.71428571428571;
MPRINT(EM_DIAGRAM):   Q_DepVar0 = 0.71428571428571;
183198    +          Q_DepVar1  =     0.28571428571428;
MPRINT(EM_DIAGRAM):   Q_DepVar1 = 0.28571428571428;
183199    +          V_DepVar0  =                  0.8;
MPRINT(EM_DIAGRAM):   V_DepVar0 = 0.8;
183200    +          V_DepVar1  =                  0.2;
MPRINT(EM_DIAGRAM):   V_DepVar1 = 0.2;
183201    +          I_DepVar  = '0' ;
MPRINT(EM_DIAGRAM):   I_DepVar = '0' ;
183202    +          U_DepVar  =                    0;
MPRINT(EM_DIAGRAM):   U_DepVar = 0;
183203    +          END;
MPRINT(EM_DIAGRAM):   END;
183204    +        ELSE DO;
MPRINT(EM_DIAGRAM):   ELSE DO;
183205    +          _NODE_  =                   35;
MPRINT(EM_DIAGRAM):   _NODE_ = 35;
183206    +          _LEAF_  =                    6;
MPRINT(EM_DIAGRAM):   _LEAF_ = 6;
183207    +          P_DepVar0  =     0.13793103448275;
MPRINT(EM_DIAGRAM):   P_DepVar0 = 0.13793103448275;
183208    +          P_DepVar1  =     0.86206896551724;
MPRINT(EM_DIAGRAM):   P_DepVar1 = 0.86206896551724;
183209    +          Q_DepVar0  =     0.13793103448275;
MPRINT(EM_DIAGRAM):   Q_DepVar0 = 0.13793103448275;
183210    +          Q_DepVar1  =     0.86206896551724;
MPRINT(EM_DIAGRAM):   Q_DepVar1 = 0.86206896551724;
183211    +          V_DepVar0  =     0.14285714285714;
MPRINT(EM_DIAGRAM):   V_DepVar0 = 0.14285714285714;
183212    +          V_DepVar1  =     0.85714285714285;
MPRINT(EM_DIAGRAM):   V_DepVar1 = 0.85714285714285;
183213    +          I_DepVar  = '1' ;
MPRINT(EM_DIAGRAM):   I_DepVar = '1' ;
183214    +          U_DepVar  =                    1;
MPRINT(EM_DIAGRAM):   U_DepVar = 1;
183215    +          END;
MPRINT(EM_DIAGRAM):   END;
183216    +        END;
MPRINT(EM_DIAGRAM):   END;
183217    +      END;
MPRINT(EM_DIAGRAM):   END;
183218    +    ELSE DO;
MPRINT(EM_DIAGRAM):   ELSE DO;
183219    +      IF  NOT MISSING(NumWebVisitsMonth ) AND
183220    +                         7.5 <= NumWebVisitsMonth  THEN DO;
MPRINT(EM_DIAGRAM):   IF NOT MISSING(NumWebVisitsMonth ) AND 7.5 <= NumWebVisitsMonth THEN DO;
183221    +        IF  NOT MISSING(NumCatalogPurchases ) AND
183222    +                           0.5 <= NumCatalogPurchases  THEN DO;
MPRINT(EM_DIAGRAM):   IF NOT MISSING(NumCatalogPurchases ) AND 0.5 <= NumCatalogPurchases THEN 
DO;
183223    +          IF  NOT MISSING(Kidhome ) AND
183224    +            Kidhome  <                  0.5 THEN DO;
MPRINT(EM_DIAGRAM):   IF NOT MISSING(Kidhome ) AND Kidhome < 0.5 THEN DO;
183225    +            _NODE_  =                   52;
MPRINT(EM_DIAGRAM):   _NODE_ = 52;
183226    +            _LEAF_  =                    3;
MPRINT(EM_DIAGRAM):   _LEAF_ = 3;
183227    +            P_DepVar0  =     0.66666666666666;
MPRINT(EM_DIAGRAM):   P_DepVar0 = 0.66666666666666;
183228    +            P_DepVar1  =     0.33333333333333;
MPRINT(EM_DIAGRAM):   P_DepVar1 = 0.33333333333333;
183229    +            Q_DepVar0  =     0.66666666666666;
MPRINT(EM_DIAGRAM):   Q_DepVar0 = 0.66666666666666;
183230    +            Q_DepVar1  =     0.33333333333333;
MPRINT(EM_DIAGRAM):   Q_DepVar1 = 0.33333333333333;
183231    +            V_DepVar0  =                  0.6;
MPRINT(EM_DIAGRAM):   V_DepVar0 = 0.6;
183232    +            V_DepVar1  =                  0.4;
MPRINT(EM_DIAGRAM):   V_DepVar1 = 0.4;
183233    +            I_DepVar  = '0' ;
MPRINT(EM_DIAGRAM):   I_DepVar = '0' ;
183234    +            U_DepVar  =                    0;
MPRINT(EM_DIAGRAM):   U_DepVar = 0;
183235    +            END;
MPRINT(EM_DIAGRAM):   END;
183236    +          ELSE DO;
MPRINT(EM_DIAGRAM):   ELSE DO;
183237    +            _NODE_  =                   53;
MPRINT(EM_DIAGRAM):   _NODE_ = 53;
183238    +            _LEAF_  =                    4;
MPRINT(EM_DIAGRAM):   _LEAF_ = 4;
183239    +            P_DepVar0  =     0.26470588235294;
MPRINT(EM_DIAGRAM):   P_DepVar0 = 0.26470588235294;
183240    +            P_DepVar1  =     0.73529411764705;
MPRINT(EM_DIAGRAM):   P_DepVar1 = 0.73529411764705;
183241    +            Q_DepVar0  =     0.26470588235294;
MPRINT(EM_DIAGRAM):   Q_DepVar0 = 0.26470588235294;
183242    +            Q_DepVar1  =     0.73529411764705;
MPRINT(EM_DIAGRAM):   Q_DepVar1 = 0.73529411764705;
183243    +            V_DepVar0  =     0.21428571428571;
MPRINT(EM_DIAGRAM):   V_DepVar0 = 0.21428571428571;
183244    +            V_DepVar1  =     0.78571428571428;
MPRINT(EM_DIAGRAM):   V_DepVar1 = 0.78571428571428;
183245    +            I_DepVar  = '1' ;
MPRINT(EM_DIAGRAM):   I_DepVar = '1' ;
183246    +            U_DepVar  =                    1;
MPRINT(EM_DIAGRAM):   U_DepVar = 1;
183247    +            END;
MPRINT(EM_DIAGRAM):   END;
183248    +          END;
MPRINT(EM_DIAGRAM):   END;
183249    +        ELSE DO;
MPRINT(EM_DIAGRAM):   ELSE DO;
183250    +          _NODE_  =                   32;
MPRINT(EM_DIAGRAM):   _NODE_ = 32;
183251    +          _LEAF_  =                    2;
MPRINT(EM_DIAGRAM):   _LEAF_ = 2;
183252    +          P_DepVar0  =     0.81428571428571;
MPRINT(EM_DIAGRAM):   P_DepVar0 = 0.81428571428571;
183253    +          P_DepVar1  =     0.18571428571428;
MPRINT(EM_DIAGRAM):   P_DepVar1 = 0.18571428571428;
183254    +          Q_DepVar0  =     0.81428571428571;
MPRINT(EM_DIAGRAM):   Q_DepVar0 = 0.81428571428571;
183255    +          Q_DepVar1  =     0.18571428571428;
MPRINT(EM_DIAGRAM):   Q_DepVar1 = 0.18571428571428;
183256    +          V_DepVar0  =     0.71428571428571;
MPRINT(EM_DIAGRAM):   V_DepVar0 = 0.71428571428571;
183257    +          V_DepVar1  =     0.28571428571428;
MPRINT(EM_DIAGRAM):   V_DepVar1 = 0.28571428571428;
183258    +          I_DepVar  = '0' ;
MPRINT(EM_DIAGRAM):   I_DepVar = '0' ;
183259    +          U_DepVar  =                    0;
MPRINT(EM_DIAGRAM):   U_DepVar = 0;
183260    +          END;
MPRINT(EM_DIAGRAM):   END;
183261    +        END;
MPRINT(EM_DIAGRAM):   END;
183262    +      ELSE DO;
MPRINT(EM_DIAGRAM):   ELSE DO;
183263    +        _NODE_  =                   16;
MPRINT(EM_DIAGRAM):   _NODE_ = 16;
183264    +        _LEAF_  =                    1;
MPRINT(EM_DIAGRAM):   _LEAF_ = 1;
183265    +        P_DepVar0  =     0.90114942528735;
MPRINT(EM_DIAGRAM):   P_DepVar0 = 0.90114942528735;
183266    +        P_DepVar1  =     0.09885057471264;
MPRINT(EM_DIAGRAM):   P_DepVar1 = 0.09885057471264;
183267    +        Q_DepVar0  =     0.90114942528735;
MPRINT(EM_DIAGRAM):   Q_DepVar0 = 0.90114942528735;
183268    +        Q_DepVar1  =     0.09885057471264;
MPRINT(EM_DIAGRAM):   Q_DepVar1 = 0.09885057471264;
183269    +        V_DepVar0  =      0.8848167539267;
MPRINT(EM_DIAGRAM):   V_DepVar0 = 0.8848167539267;
183270    +        V_DepVar1  =     0.11518324607329;
MPRINT(EM_DIAGRAM):   V_DepVar1 = 0.11518324607329;
183271    +        I_DepVar  = '0' ;
MPRINT(EM_DIAGRAM):   I_DepVar = '0' ;
183272    +        U_DepVar  =                    0;
MPRINT(EM_DIAGRAM):   U_DepVar = 0;
183273    +        END;
MPRINT(EM_DIAGRAM):   END;
183274    +      END;
MPRINT(EM_DIAGRAM):   END;
183275    +    END;
MPRINT(EM_DIAGRAM):   END;
183276    +  ELSE DO;
MPRINT(EM_DIAGRAM):   ELSE DO;
183277    +    _NODE_  =                    5;
MPRINT(EM_DIAGRAM):   _NODE_ = 5;
183278    +    _LEAF_  =                    9;
MPRINT(EM_DIAGRAM):   _LEAF_ = 9;
183279    +    P_DepVar0  =     0.98042414355628;
MPRINT(EM_DIAGRAM):   P_DepVar0 = 0.98042414355628;
183280    +    P_DepVar1  =     0.01957585644371;
MPRINT(EM_DIAGRAM):   P_DepVar1 = 0.01957585644371;
183281    +    Q_DepVar0  =     0.98042414355628;
MPRINT(EM_DIAGRAM):   Q_DepVar0 = 0.98042414355628;
183282    +    Q_DepVar1  =     0.01957585644371;
MPRINT(EM_DIAGRAM):   Q_DepVar1 = 0.01957585644371;
183283    +    V_DepVar0  =     0.98795180722891;
MPRINT(EM_DIAGRAM):   V_DepVar0 = 0.98795180722891;
183284    +    V_DepVar1  =     0.01204819277108;
MPRINT(EM_DIAGRAM):   V_DepVar1 = 0.01204819277108;
183285    +    I_DepVar  = '0' ;
MPRINT(EM_DIAGRAM):   I_DepVar = '0' ;
183286    +    U_DepVar  =                    0;
MPRINT(EM_DIAGRAM):   U_DepVar = 0;
183287    +    END;
MPRINT(EM_DIAGRAM):   END;
183288    +  END;
MPRINT(EM_DIAGRAM):   END;
183289    +
183290    +*****  RESIDUALS R_ *************;
MPRINT(EM_DIAGRAM):   ***** RESIDUALS R_ *************;
183291    +IF  F_DepVar  NE '0'
183292    +AND F_DepVar  NE '1'  THEN DO;
MPRINT(EM_DIAGRAM):   IF F_DepVar NE '0' AND F_DepVar NE '1' THEN DO;
183293    +        R_DepVar0  = .;
MPRINT(EM_DIAGRAM):   R_DepVar0 = .;
183294    +        R_DepVar1  = .;
MPRINT(EM_DIAGRAM):   R_DepVar1 = .;
183295    + END;
MPRINT(EM_DIAGRAM):   END;
183296    + ELSE DO;
MPRINT(EM_DIAGRAM):   ELSE DO;
183297    +       R_DepVar0  =  -P_DepVar0 ;
MPRINT(EM_DIAGRAM):   R_DepVar0 = -P_DepVar0 ;
183298    +       R_DepVar1  =  -P_DepVar1 ;
MPRINT(EM_DIAGRAM):   R_DepVar1 = -P_DepVar1 ;
183299    +       SELECT( F_DepVar  );
MPRINT(EM_DIAGRAM):   SELECT( F_DepVar );
183300    +          WHEN( '0'  ) R_DepVar0  = R_DepVar0  +1;
MPRINT(EM_DIAGRAM):   WHEN( '0' ) R_DepVar0 = R_DepVar0 +1;
183301    +          WHEN( '1'  ) R_DepVar1  = R_DepVar1  +1;
MPRINT(EM_DIAGRAM):   WHEN( '1' ) R_DepVar1 = R_DepVar1 +1;
183302    +       END;
MPRINT(EM_DIAGRAM):   END;
183303    + END;
MPRINT(EM_DIAGRAM):   END;
183304    +
183305    +****************************************************************;
MPRINT(EM_DIAGRAM):   ****************************************************************;
183306    +******          END OF DECISION TREE SCORING CODE         ******;
MPRINT(EM_DIAGRAM):   ****** END OF DECISION TREE SCORING CODE ******;
183307    +****************************************************************;
MPRINT(EM_DIAGRAM):   ****************************************************************;
183308    +drop _LEAF_;
MPRINT(EM_DIAGRAM):   drop _LEAF_;
NOTE: %INCLUDE (level 1) ending.
MPRINT(EM_DIAGRAM):   run;
183309     run;

NOTE: DATA STEP view saved on file EMWS8.TREE_TRAIN.
NOTE: A stored DATA STEP view cannot run under a different operating system.
NOTE: View EMWS8.META_TRAIN.VIEW used (Total process time):
      real time           0.02 seconds
      cpu time            0.03 seconds
      
NOTE: DATA statement used (Total process time):
      real time           0.02 seconds
      cpu time            0.03 seconds
      

MPRINT(EM_DIAGRAM):   quit;
183310     quit;
183311     filename emflow;
MPRINT(EM_DIAGRAM):   filename emflow;
NOTE: Fileref EMFLOW has been deassigned.
183312     filename emflow
183312   ! "C:\\predictive-models-project\Workspaces\EMWS8\Tree\EMFLOWSCORE.sas";
MPRINT(EM_DIAGRAM):    filename emflow 
"C:\\predictive-models-project\Workspaces\EMWS8\Tree\EMFLOWSCORE.sas";
MPRINT(EM_DIAGRAM):   *------------------------------------------------------------*;
MPRINT(EM_DIAGRAM):   * Tree: Scoring VALIDATE data;
MPRINT(EM_DIAGRAM):   *------------------------------------------------------------*;
183313     *------------------------------------------------------------*;
183314     * Tree: Scoring VALIDATE data;
183315     *------------------------------------------------------------*;
183316     data EMWS8.Tree_VALIDATE
183317     / view=EMWS8.Tree_VALIDATE
183318     ;
MPRINT(EM_DIAGRAM):   data EMWS8.Tree_VALIDATE / view=EMWS8.Tree_VALIDATE ;
183319     set EMWS8.Meta_VALIDATE
183320     ;
MPRINT(EM_DIAGRAM):   set EMWS8.Meta_VALIDATE ;
183321     %inc emflow;
NOTE: %INCLUDE (level 1) file EMFLOW is file 
      C:\\predictive-models-project\Workspaces\EMWS8\Tree\EMFLOWSCORE.sas.
183322    +****************************************************************;
MPRINT(EM_DIAGRAM):   ****************************************************************;
183323    +******             DECISION TREE SCORING CODE             ******;
MPRINT(EM_DIAGRAM):   ****** DECISION TREE SCORING CODE ******;
183324    +****************************************************************;
MPRINT(EM_DIAGRAM):   ****************************************************************;
183325    +
183326    +******         LENGTHS OF NEW CHARACTER VARIABLES         ******;
MPRINT(EM_DIAGRAM):   ****** LENGTHS OF NEW CHARACTER VARIABLES ******;
183327    +LENGTH F_DepVar  $   12;
MPRINT(EM_DIAGRAM):   LENGTH F_DepVar $ 12;
183328    +LENGTH I_DepVar  $   12;
MPRINT(EM_DIAGRAM):   LENGTH I_DepVar $ 12;
183329    +LENGTH _WARN_  $    4;
MPRINT(EM_DIAGRAM):   LENGTH _WARN_ $ 4;
183330    +
183331    +******              LABELS FOR NEW VARIABLES              ******;
MPRINT(EM_DIAGRAM):   ****** LABELS FOR NEW VARIABLES ******;
183332    +LABEL _NODE_  = 'Node' ;
MPRINT(EM_DIAGRAM):   LABEL _NODE_ = 'Node' ;
183333    +LABEL _LEAF_  = 'Leaf' ;
MPRINT(EM_DIAGRAM):   LABEL _LEAF_ = 'Leaf' ;
183334    +LABEL P_DepVar0  = 'Predicted: DepVar=0' ;
MPRINT(EM_DIAGRAM):   LABEL P_DepVar0 = 'Predicted: DepVar=0' ;
183335    +LABEL P_DepVar1  = 'Predicted: DepVar=1' ;
MPRINT(EM_DIAGRAM):   LABEL P_DepVar1 = 'Predicted: DepVar=1' ;
183336    +LABEL Q_DepVar0  = 'Unadjusted P: DepVar=0' ;
MPRINT(EM_DIAGRAM):   LABEL Q_DepVar0 = 'Unadjusted P: DepVar=0' ;
183337    +LABEL Q_DepVar1  = 'Unadjusted P: DepVar=1' ;
MPRINT(EM_DIAGRAM):   LABEL Q_DepVar1 = 'Unadjusted P: DepVar=1' ;
183338    +LABEL V_DepVar0  = 'Validated: DepVar=0' ;
MPRINT(EM_DIAGRAM):   LABEL V_DepVar0 = 'Validated: DepVar=0' ;
183339    +LABEL V_DepVar1  = 'Validated: DepVar=1' ;
MPRINT(EM_DIAGRAM):   LABEL V_DepVar1 = 'Validated: DepVar=1' ;
183340    +LABEL R_DepVar0  = 'Residual: DepVar=0' ;
MPRINT(EM_DIAGRAM):   LABEL R_DepVar0 = 'Residual: DepVar=0' ;
183341    +LABEL R_DepVar1  = 'Residual: DepVar=1' ;
MPRINT(EM_DIAGRAM):   LABEL R_DepVar1 = 'Residual: DepVar=1' ;
183342    +LABEL F_DepVar  = 'From: DepVar' ;
MPRINT(EM_DIAGRAM):   LABEL F_DepVar = 'From: DepVar' ;
183343    +LABEL I_DepVar  = 'Into: DepVar' ;
MPRINT(EM_DIAGRAM):   LABEL I_DepVar = 'Into: DepVar' ;
183344    +LABEL U_DepVar  = 'Unnormalized Into: DepVar' ;
MPRINT(EM_DIAGRAM):   LABEL U_DepVar = 'Unnormalized Into: DepVar' ;
183345    +LABEL _WARN_  = 'Warnings' ;
MPRINT(EM_DIAGRAM):   LABEL _WARN_ = 'Warnings' ;
183346    +
183347    +
183348    +******      TEMPORARY VARIABLES FOR FORMATTED VALUES      ******;
MPRINT(EM_DIAGRAM):   ****** TEMPORARY VARIABLES FOR FORMATTED VALUES ******;
183349    +LENGTH _ARBFMT_12 $     12; DROP _ARBFMT_12;
MPRINT(EM_DIAGRAM):   LENGTH _ARBFMT_12 $ 12;
MPRINT(EM_DIAGRAM):   DROP _ARBFMT_12;
183350    +_ARBFMT_12 = ' '; /* Initialize to avoid warning. */
MPRINT(EM_DIAGRAM):   _ARBFMT_12 = ' ';
183351    +LENGTH _ARBFMT_8 $      8; DROP _ARBFMT_8;
MPRINT(EM_DIAGRAM):   LENGTH _ARBFMT_8 $ 8;
MPRINT(EM_DIAGRAM):   DROP _ARBFMT_8;
183352    +_ARBFMT_8 = ' '; /* Initialize to avoid warning. */
MPRINT(EM_DIAGRAM):   _ARBFMT_8 = ' ';
183353    +
183354    +
183355    +_ARBFMT_12 = PUT( DepVar , BEST.);
MPRINT(EM_DIAGRAM):   _ARBFMT_12 = PUT( DepVar , BEST.);
183356    + %DMNORMCP( _ARBFMT_12, F_DepVar );
MPRINT(DMNORMCP):   F_DepVar=dmnorm(_ARBFMT_12,
MPRINT(DMNORLEN):  32
MPRINT(DMNORMCP):  );
MPRINT(EM_DIAGRAM):  ;
183357    +
183358    +******             ASSIGN OBSERVATION TO NODE             ******;
MPRINT(EM_DIAGRAM):   ****** ASSIGN OBSERVATION TO NODE ******;
183359    +IF  NOT MISSING(AcceptedCmpTotal ) AND
183360    +                   0.5 <= AcceptedCmpTotal  THEN DO;
MPRINT(EM_DIAGRAM):   IF NOT MISSING(AcceptedCmpTotal ) AND 0.5 <= AcceptedCmpTotal THEN DO;
183361    +  IF  NOT MISSING(Recency ) AND
183362    +    Recency  <                 38.5 THEN DO;
MPRINT(EM_DIAGRAM):   IF NOT MISSING(Recency ) AND Recency < 38.5 THEN DO;
183363    +    IF  NOT MISSING(AcceptedCmpTotal ) AND
183364    +                       1.5 <= AcceptedCmpTotal  THEN DO;
MPRINT(EM_DIAGRAM):   IF NOT MISSING(AcceptedCmpTotal ) AND 1.5 <= AcceptedCmpTotal THEN DO;
183365    +      _NODE_  =                   13;
MPRINT(EM_DIAGRAM):   _NODE_ = 13;
183366    +      _LEAF_  =                   14;
MPRINT(EM_DIAGRAM):   _LEAF_ = 14;
183367    +      P_DepVar0  =     0.05263157894736;
MPRINT(EM_DIAGRAM):   P_DepVar0 = 0.05263157894736;
183368    +      P_DepVar1  =     0.94736842105263;
MPRINT(EM_DIAGRAM):   P_DepVar1 = 0.94736842105263;
183369    +      Q_DepVar0  =     0.05263157894736;
MPRINT(EM_DIAGRAM):   Q_DepVar0 = 0.05263157894736;
183370    +      Q_DepVar1  =     0.94736842105263;
MPRINT(EM_DIAGRAM):   Q_DepVar1 = 0.94736842105263;
183371    +      V_DepVar0  =                    0;
MPRINT(EM_DIAGRAM):   V_DepVar0 = 0;
183372    +      V_DepVar1  =                    1;
MPRINT(EM_DIAGRAM):   V_DepVar1 = 1;
183373    +      I_DepVar  = '1' ;
MPRINT(EM_DIAGRAM):   I_DepVar = '1' ;
183374    +      U_DepVar  =                    1;
MPRINT(EM_DIAGRAM):   U_DepVar = 1;
183375    +      END;
MPRINT(EM_DIAGRAM):   END;
183376    +    ELSE DO;
MPRINT(EM_DIAGRAM):   ELSE DO;
183377    +      _ARBFMT_8 = PUT( Marital_Status , $8.);
MPRINT(EM_DIAGRAM):   _ARBFMT_8 = PUT( Marital_Status , $8.);
183378    +       %DMNORMIP( _ARBFMT_8);
MPRINT(DMNORMIP):   call dmnorm(_ARBFMT_8,
MPRINT(DMNORLEN):  32
MPRINT(DMNORMIP):  );
MPRINT(EM_DIAGRAM):  ;
183379    +      IF _ARBFMT_8 IN ('WIDOW' ,'DIVORCED' ,'SINGLE' ) THEN DO;
MPRINT(EM_DIAGRAM):   IF _ARBFMT_8 IN ('WIDOW' ,'DIVORCED' ,'SINGLE' ) THEN DO;
183380    +        _NODE_  =                   23;
MPRINT(EM_DIAGRAM):   _NODE_ = 23;
183381    +        _LEAF_  =                   13;
MPRINT(EM_DIAGRAM):   _LEAF_ = 13;
183382    +        P_DepVar0  =      0.2258064516129;
MPRINT(EM_DIAGRAM):   P_DepVar0 = 0.2258064516129;
183383    +        P_DepVar1  =     0.77419354838709;
MPRINT(EM_DIAGRAM):   P_DepVar1 = 0.77419354838709;
183384    +        Q_DepVar0  =      0.2258064516129;
MPRINT(EM_DIAGRAM):   Q_DepVar0 = 0.2258064516129;
183385    +        Q_DepVar1  =     0.77419354838709;
MPRINT(EM_DIAGRAM):   Q_DepVar1 = 0.77419354838709;
183386    +        V_DepVar0  =     0.41935483870967;
MPRINT(EM_DIAGRAM):   V_DepVar0 = 0.41935483870967;
183387    +        V_DepVar1  =     0.58064516129032;
MPRINT(EM_DIAGRAM):   V_DepVar1 = 0.58064516129032;
183388    +        I_DepVar  = '1' ;
MPRINT(EM_DIAGRAM):   I_DepVar = '1' ;
183389    +        U_DepVar  =                    1;
MPRINT(EM_DIAGRAM):   U_DepVar = 1;
183390    +        END;
MPRINT(EM_DIAGRAM):   END;
183391    +      ELSE DO;
MPRINT(EM_DIAGRAM):   ELSE DO;
183392    +        IF  NOT MISSING(NumStorePurchases ) AND
183393    +          NumStorePurchases  <                  6.5 THEN DO;
MPRINT(EM_DIAGRAM):   IF NOT MISSING(NumStorePurchases ) AND NumStorePurchases < 6.5 THEN DO;
183394    +          IF  NOT MISSING(NumWebVisitsMonth ) AND
183395    +            NumWebVisitsMonth  <                  5.5 THEN DO;
MPRINT(EM_DIAGRAM):   IF NOT MISSING(NumWebVisitsMonth ) AND NumWebVisitsMonth < 5.5 THEN DO;
183396    +            _NODE_  =                   56;
MPRINT(EM_DIAGRAM):   _NODE_ = 56;
183397    +            _LEAF_  =                   10;
MPRINT(EM_DIAGRAM):   _LEAF_ = 10;
183398    +            P_DepVar0  =     0.61111111111111;
MPRINT(EM_DIAGRAM):   P_DepVar0 = 0.61111111111111;
183399    +            P_DepVar1  =     0.38888888888888;
MPRINT(EM_DIAGRAM):   P_DepVar1 = 0.38888888888888;
183400    +            Q_DepVar0  =     0.61111111111111;
MPRINT(EM_DIAGRAM):   Q_DepVar0 = 0.61111111111111;
183401    +            Q_DepVar1  =     0.38888888888888;
MPRINT(EM_DIAGRAM):   Q_DepVar1 = 0.38888888888888;
183402    +            V_DepVar0  =     0.66666666666666;
MPRINT(EM_DIAGRAM):   V_DepVar0 = 0.66666666666666;
183403    +            V_DepVar1  =     0.33333333333333;
MPRINT(EM_DIAGRAM):   V_DepVar1 = 0.33333333333333;
183404    +            I_DepVar  = '0' ;
MPRINT(EM_DIAGRAM):   I_DepVar = '0' ;
183405    +            U_DepVar  =                    0;
MPRINT(EM_DIAGRAM):   U_DepVar = 0;
183406    +            END;
MPRINT(EM_DIAGRAM):   END;
183407    +          ELSE DO;
MPRINT(EM_DIAGRAM):   ELSE DO;
183408    +            _NODE_  =                   57;
MPRINT(EM_DIAGRAM):   _NODE_ = 57;
183409    +            _LEAF_  =                   11;
MPRINT(EM_DIAGRAM):   _LEAF_ = 11;
183410    +            P_DepVar0  =     0.14285714285714;
MPRINT(EM_DIAGRAM):   P_DepVar0 = 0.14285714285714;
183411    +            P_DepVar1  =     0.85714285714285;
MPRINT(EM_DIAGRAM):   P_DepVar1 = 0.85714285714285;
183412    +            Q_DepVar0  =     0.14285714285714;
MPRINT(EM_DIAGRAM):   Q_DepVar0 = 0.14285714285714;
183413    +            Q_DepVar1  =     0.85714285714285;
MPRINT(EM_DIAGRAM):   Q_DepVar1 = 0.85714285714285;
183414    +            V_DepVar0  =      0.3076923076923;
MPRINT(EM_DIAGRAM):   V_DepVar0 = 0.3076923076923;
183415    +            V_DepVar1  =     0.69230769230769;
MPRINT(EM_DIAGRAM):   V_DepVar1 = 0.69230769230769;
183416    +            I_DepVar  = '1' ;
MPRINT(EM_DIAGRAM):   I_DepVar = '1' ;
183417    +            U_DepVar  =                    1;
MPRINT(EM_DIAGRAM):   U_DepVar = 1;
183418    +            END;
MPRINT(EM_DIAGRAM):   END;
183419    +          END;
MPRINT(EM_DIAGRAM):   END;
183420    +        ELSE DO;
MPRINT(EM_DIAGRAM):   ELSE DO;
183421    +          _NODE_  =                   41;
MPRINT(EM_DIAGRAM):   _NODE_ = 41;
183422    +          _LEAF_  =                   12;
MPRINT(EM_DIAGRAM):   _LEAF_ = 12;
183423    +          P_DepVar0  =     0.74545454545454;
MPRINT(EM_DIAGRAM):   P_DepVar0 = 0.74545454545454;
183424    +          P_DepVar1  =     0.25454545454545;
MPRINT(EM_DIAGRAM):   P_DepVar1 = 0.25454545454545;
183425    +          Q_DepVar0  =     0.74545454545454;
MPRINT(EM_DIAGRAM):   Q_DepVar0 = 0.74545454545454;
183426    +          Q_DepVar1  =     0.25454545454545;
MPRINT(EM_DIAGRAM):   Q_DepVar1 = 0.25454545454545;
183427    +          V_DepVar0  =     0.66666666666666;
MPRINT(EM_DIAGRAM):   V_DepVar0 = 0.66666666666666;
183428    +          V_DepVar1  =     0.33333333333333;
MPRINT(EM_DIAGRAM):   V_DepVar1 = 0.33333333333333;
183429    +          I_DepVar  = '0' ;
MPRINT(EM_DIAGRAM):   I_DepVar = '0' ;
183430    +          U_DepVar  =                    0;
MPRINT(EM_DIAGRAM):   U_DepVar = 0;
183431    +          END;
MPRINT(EM_DIAGRAM):   END;
183432    +        END;
MPRINT(EM_DIAGRAM):   END;
183433    +      END;
MPRINT(EM_DIAGRAM):   END;
183434    +    END;
MPRINT(EM_DIAGRAM):   END;
183435    +  ELSE DO;
MPRINT(EM_DIAGRAM):   ELSE DO;
183436    +    IF  NOT MISSING(AcceptedCmpTotal ) AND
183437    +                       2.5 <= AcceptedCmpTotal  THEN DO;
MPRINT(EM_DIAGRAM):   IF NOT MISSING(AcceptedCmpTotal ) AND 2.5 <= AcceptedCmpTotal THEN DO;
183438    +      _NODE_  =                   15;
MPRINT(EM_DIAGRAM):   _NODE_ = 15;
183439    +      _LEAF_  =                   16;
MPRINT(EM_DIAGRAM):   _LEAF_ = 16;
183440    +      P_DepVar0  =      0.3103448275862;
MPRINT(EM_DIAGRAM):   P_DepVar0 = 0.3103448275862;
183441    +      P_DepVar1  =     0.68965517241379;
MPRINT(EM_DIAGRAM):   P_DepVar1 = 0.68965517241379;
183442    +      Q_DepVar0  =      0.3103448275862;
MPRINT(EM_DIAGRAM):   Q_DepVar0 = 0.3103448275862;
183443    +      Q_DepVar1  =     0.68965517241379;
MPRINT(EM_DIAGRAM):   Q_DepVar1 = 0.68965517241379;
183444    +      V_DepVar0  =     0.33333333333333;
MPRINT(EM_DIAGRAM):   V_DepVar0 = 0.33333333333333;
183445    +      V_DepVar1  =     0.66666666666666;
MPRINT(EM_DIAGRAM):   V_DepVar1 = 0.66666666666666;
183446    +      I_DepVar  = '1' ;
MPRINT(EM_DIAGRAM):   I_DepVar = '1' ;
183447    +      U_DepVar  =                    1;
MPRINT(EM_DIAGRAM):   U_DepVar = 1;
183448    +      END;
MPRINT(EM_DIAGRAM):   END;
183449    +    ELSE DO;
MPRINT(EM_DIAGRAM):   ELSE DO;
183450    +      _NODE_  =                   14;
MPRINT(EM_DIAGRAM):   _NODE_ = 14;
183451    +      _LEAF_  =                   15;
MPRINT(EM_DIAGRAM):   _LEAF_ = 15;
183452    +      P_DepVar0  =     0.82562277580071;
MPRINT(EM_DIAGRAM):   P_DepVar0 = 0.82562277580071;
183453    +      P_DepVar1  =     0.17437722419928;
MPRINT(EM_DIAGRAM):   P_DepVar1 = 0.17437722419928;
183454    +      Q_DepVar0  =     0.82562277580071;
MPRINT(EM_DIAGRAM):   Q_DepVar0 = 0.82562277580071;
183455    +      Q_DepVar1  =     0.17437722419928;
MPRINT(EM_DIAGRAM):   Q_DepVar1 = 0.17437722419928;
183456    +      V_DepVar0  =     0.81818181818181;
MPRINT(EM_DIAGRAM):   V_DepVar0 = 0.81818181818181;
183457    +      V_DepVar1  =     0.18181818181818;
MPRINT(EM_DIAGRAM):   V_DepVar1 = 0.18181818181818;
183458    +      I_DepVar  = '0' ;
MPRINT(EM_DIAGRAM):   I_DepVar = '0' ;
183459    +      U_DepVar  =                    0;
MPRINT(EM_DIAGRAM):   U_DepVar = 0;
183460    +      END;
MPRINT(EM_DIAGRAM):   END;
183461    +    END;
MPRINT(EM_DIAGRAM):   END;
183462    +  END;
MPRINT(EM_DIAGRAM):   END;
183463    +ELSE DO;
MPRINT(EM_DIAGRAM):   ELSE DO;
183464    +  IF  NOT MISSING(Recency ) AND
183465    +    Recency  <                 32.5 THEN DO;
MPRINT(EM_DIAGRAM):   IF NOT MISSING(Recency ) AND Recency < 32.5 THEN DO;
183466    +    IF  NOT MISSING(NumCatalogPurchases ) AND
183467    +                       5.5 <= NumCatalogPurchases  THEN DO;
MPRINT(EM_DIAGRAM):   IF NOT MISSING(NumCatalogPurchases ) AND 5.5 <= NumCatalogPurchases THEN 
DO;
183468    +      IF  NOT MISSING(NumStorePurchases ) AND
183469    +                         7.5 <= NumStorePurchases  THEN DO;
MPRINT(EM_DIAGRAM):   IF NOT MISSING(NumStorePurchases ) AND 7.5 <= NumStorePurchases THEN DO;
183470    +        IF  NOT MISSING(RFMstat ) AND
183471    +              1964.32692307692 <= RFMstat  THEN DO;
MPRINT(EM_DIAGRAM):   IF NOT MISSING(RFMstat ) AND 1964.32692307692 <= RFMstat THEN DO;
183472    +          _NODE_  =                   37;
MPRINT(EM_DIAGRAM):   _NODE_ = 37;
183473    +          _LEAF_  =                    8;
MPRINT(EM_DIAGRAM):   _LEAF_ = 8;
183474    +          P_DepVar0  =     0.42857142857142;
MPRINT(EM_DIAGRAM):   P_DepVar0 = 0.42857142857142;
183475    +          P_DepVar1  =     0.57142857142857;
MPRINT(EM_DIAGRAM):   P_DepVar1 = 0.57142857142857;
183476    +          Q_DepVar0  =     0.42857142857142;
MPRINT(EM_DIAGRAM):   Q_DepVar0 = 0.42857142857142;
183477    +          Q_DepVar1  =     0.57142857142857;
MPRINT(EM_DIAGRAM):   Q_DepVar1 = 0.57142857142857;
183478    +          V_DepVar0  =     0.44444444444444;
MPRINT(EM_DIAGRAM):   V_DepVar0 = 0.44444444444444;
183479    +          V_DepVar1  =     0.55555555555555;
MPRINT(EM_DIAGRAM):   V_DepVar1 = 0.55555555555555;
183480    +          I_DepVar  = '1' ;
MPRINT(EM_DIAGRAM):   I_DepVar = '1' ;
183481    +          U_DepVar  =                    1;
MPRINT(EM_DIAGRAM):   U_DepVar = 1;
183482    +          END;
MPRINT(EM_DIAGRAM):   END;
183483    +        ELSE DO;
MPRINT(EM_DIAGRAM):   ELSE DO;
183484    +          _NODE_  =                   36;
MPRINT(EM_DIAGRAM):   _NODE_ = 36;
183485    +          _LEAF_  =                    7;
MPRINT(EM_DIAGRAM):   _LEAF_ = 7;
183486    +          P_DepVar0  =                    1;
MPRINT(EM_DIAGRAM):   P_DepVar0 = 1;
183487    +          P_DepVar1  =                    0;
MPRINT(EM_DIAGRAM):   P_DepVar1 = 0;
183488    +          Q_DepVar0  =                    1;
MPRINT(EM_DIAGRAM):   Q_DepVar0 = 1;
183489    +          Q_DepVar1  =                    0;
MPRINT(EM_DIAGRAM):   Q_DepVar1 = 0;
183490    +          V_DepVar0  =     0.69230769230769;
MPRINT(EM_DIAGRAM):   V_DepVar0 = 0.69230769230769;
183491    +          V_DepVar1  =      0.3076923076923;
MPRINT(EM_DIAGRAM):   V_DepVar1 = 0.3076923076923;
183492    +          I_DepVar  = '0' ;
MPRINT(EM_DIAGRAM):   I_DepVar = '0' ;
183493    +          U_DepVar  =                    0;
MPRINT(EM_DIAGRAM):   U_DepVar = 0;
183494    +          END;
MPRINT(EM_DIAGRAM):   END;
183495    +        END;
MPRINT(EM_DIAGRAM):   END;
183496    +      ELSE DO;
MPRINT(EM_DIAGRAM):   ELSE DO;
183497    +        IF  NOT MISSING(MntFishProducts ) AND
183498    +          MntFishProducts  <                   26 THEN DO;
MPRINT(EM_DIAGRAM):   IF NOT MISSING(MntFishProducts ) AND MntFishProducts < 26 THEN DO;
183499    +          _NODE_  =                   34;
MPRINT(EM_DIAGRAM):   _NODE_ = 34;
183500    +          _LEAF_  =                    5;
MPRINT(EM_DIAGRAM):   _LEAF_ = 5;
183501    +          P_DepVar0  =     0.71428571428571;
MPRINT(EM_DIAGRAM):   P_DepVar0 = 0.71428571428571;
183502    +          P_DepVar1  =     0.28571428571428;
MPRINT(EM_DIAGRAM):   P_DepVar1 = 0.28571428571428;
183503    +          Q_DepVar0  =     0.71428571428571;
MPRINT(EM_DIAGRAM):   Q_DepVar0 = 0.71428571428571;
183504    +          Q_DepVar1  =     0.28571428571428;
MPRINT(EM_DIAGRAM):   Q_DepVar1 = 0.28571428571428;
183505    +          V_DepVar0  =                  0.8;
MPRINT(EM_DIAGRAM):   V_DepVar0 = 0.8;
183506    +          V_DepVar1  =                  0.2;
MPRINT(EM_DIAGRAM):   V_DepVar1 = 0.2;
183507    +          I_DepVar  = '0' ;
MPRINT(EM_DIAGRAM):   I_DepVar = '0' ;
183508    +          U_DepVar  =                    0;
MPRINT(EM_DIAGRAM):   U_DepVar = 0;
183509    +          END;
MPRINT(EM_DIAGRAM):   END;
183510    +        ELSE DO;
MPRINT(EM_DIAGRAM):   ELSE DO;
183511    +          _NODE_  =                   35;
MPRINT(EM_DIAGRAM):   _NODE_ = 35;
183512    +          _LEAF_  =                    6;
MPRINT(EM_DIAGRAM):   _LEAF_ = 6;
183513    +          P_DepVar0  =     0.13793103448275;
MPRINT(EM_DIAGRAM):   P_DepVar0 = 0.13793103448275;
183514    +          P_DepVar1  =     0.86206896551724;
MPRINT(EM_DIAGRAM):   P_DepVar1 = 0.86206896551724;
183515    +          Q_DepVar0  =     0.13793103448275;
MPRINT(EM_DIAGRAM):   Q_DepVar0 = 0.13793103448275;
183516    +          Q_DepVar1  =     0.86206896551724;
MPRINT(EM_DIAGRAM):   Q_DepVar1 = 0.86206896551724;
183517    +          V_DepVar0  =     0.14285714285714;
MPRINT(EM_DIAGRAM):   V_DepVar0 = 0.14285714285714;
183518    +          V_DepVar1  =     0.85714285714285;
MPRINT(EM_DIAGRAM):   V_DepVar1 = 0.85714285714285;
183519    +          I_DepVar  = '1' ;
MPRINT(EM_DIAGRAM):   I_DepVar = '1' ;
183520    +          U_DepVar  =                    1;
MPRINT(EM_DIAGRAM):   U_DepVar = 1;
183521    +          END;
MPRINT(EM_DIAGRAM):   END;
183522    +        END;
MPRINT(EM_DIAGRAM):   END;
183523    +      END;
MPRINT(EM_DIAGRAM):   END;
183524    +    ELSE DO;
MPRINT(EM_DIAGRAM):   ELSE DO;
183525    +      IF  NOT MISSING(NumWebVisitsMonth ) AND
183526    +                         7.5 <= NumWebVisitsMonth  THEN DO;
MPRINT(EM_DIAGRAM):   IF NOT MISSING(NumWebVisitsMonth ) AND 7.5 <= NumWebVisitsMonth THEN DO;
183527    +        IF  NOT MISSING(NumCatalogPurchases ) AND
183528    +                           0.5 <= NumCatalogPurchases  THEN DO;
MPRINT(EM_DIAGRAM):   IF NOT MISSING(NumCatalogPurchases ) AND 0.5 <= NumCatalogPurchases THEN 
DO;
183529    +          IF  NOT MISSING(Kidhome ) AND
183530    +            Kidhome  <                  0.5 THEN DO;
MPRINT(EM_DIAGRAM):   IF NOT MISSING(Kidhome ) AND Kidhome < 0.5 THEN DO;
183531    +            _NODE_  =                   52;
MPRINT(EM_DIAGRAM):   _NODE_ = 52;
183532    +            _LEAF_  =                    3;
MPRINT(EM_DIAGRAM):   _LEAF_ = 3;
183533    +            P_DepVar0  =     0.66666666666666;
MPRINT(EM_DIAGRAM):   P_DepVar0 = 0.66666666666666;
183534    +            P_DepVar1  =     0.33333333333333;
MPRINT(EM_DIAGRAM):   P_DepVar1 = 0.33333333333333;
183535    +            Q_DepVar0  =     0.66666666666666;
MPRINT(EM_DIAGRAM):   Q_DepVar0 = 0.66666666666666;
183536    +            Q_DepVar1  =     0.33333333333333;
MPRINT(EM_DIAGRAM):   Q_DepVar1 = 0.33333333333333;
183537    +            V_DepVar0  =                  0.6;
MPRINT(EM_DIAGRAM):   V_DepVar0 = 0.6;
183538    +            V_DepVar1  =                  0.4;
MPRINT(EM_DIAGRAM):   V_DepVar1 = 0.4;
183539    +            I_DepVar  = '0' ;
MPRINT(EM_DIAGRAM):   I_DepVar = '0' ;
183540    +            U_DepVar  =                    0;
MPRINT(EM_DIAGRAM):   U_DepVar = 0;
183541    +            END;
MPRINT(EM_DIAGRAM):   END;
183542    +          ELSE DO;
MPRINT(EM_DIAGRAM):   ELSE DO;
183543    +            _NODE_  =                   53;
MPRINT(EM_DIAGRAM):   _NODE_ = 53;
183544    +            _LEAF_  =                    4;
MPRINT(EM_DIAGRAM):   _LEAF_ = 4;
183545    +            P_DepVar0  =     0.26470588235294;
MPRINT(EM_DIAGRAM):   P_DepVar0 = 0.26470588235294;
183546    +            P_DepVar1  =     0.73529411764705;
MPRINT(EM_DIAGRAM):   P_DepVar1 = 0.73529411764705;
183547    +            Q_DepVar0  =     0.26470588235294;
MPRINT(EM_DIAGRAM):   Q_DepVar0 = 0.26470588235294;
183548    +            Q_DepVar1  =     0.73529411764705;
MPRINT(EM_DIAGRAM):   Q_DepVar1 = 0.73529411764705;
183549    +            V_DepVar0  =     0.21428571428571;
MPRINT(EM_DIAGRAM):   V_DepVar0 = 0.21428571428571;
183550    +            V_DepVar1  =     0.78571428571428;
MPRINT(EM_DIAGRAM):   V_DepVar1 = 0.78571428571428;
183551    +            I_DepVar  = '1' ;
MPRINT(EM_DIAGRAM):   I_DepVar = '1' ;
183552    +            U_DepVar  =                    1;
MPRINT(EM_DIAGRAM):   U_DepVar = 1;
183553    +            END;
MPRINT(EM_DIAGRAM):   END;
183554    +          END;
MPRINT(EM_DIAGRAM):   END;
183555    +        ELSE DO;
MPRINT(EM_DIAGRAM):   ELSE DO;
183556    +          _NODE_  =                   32;
MPRINT(EM_DIAGRAM):   _NODE_ = 32;
183557    +          _LEAF_  =                    2;
MPRINT(EM_DIAGRAM):   _LEAF_ = 2;
183558    +          P_DepVar0  =     0.81428571428571;
MPRINT(EM_DIAGRAM):   P_DepVar0 = 0.81428571428571;
183559    +          P_DepVar1  =     0.18571428571428;
MPRINT(EM_DIAGRAM):   P_DepVar1 = 0.18571428571428;
183560    +          Q_DepVar0  =     0.81428571428571;
MPRINT(EM_DIAGRAM):   Q_DepVar0 = 0.81428571428571;
183561    +          Q_DepVar1  =     0.18571428571428;
MPRINT(EM_DIAGRAM):   Q_DepVar1 = 0.18571428571428;
183562    +          V_DepVar0  =     0.71428571428571;
MPRINT(EM_DIAGRAM):   V_DepVar0 = 0.71428571428571;
183563    +          V_DepVar1  =     0.28571428571428;
MPRINT(EM_DIAGRAM):   V_DepVar1 = 0.28571428571428;
183564    +          I_DepVar  = '0' ;
MPRINT(EM_DIAGRAM):   I_DepVar = '0' ;
183565    +          U_DepVar  =                    0;
MPRINT(EM_DIAGRAM):   U_DepVar = 0;
183566    +          END;
MPRINT(EM_DIAGRAM):   END;
183567    +        END;
MPRINT(EM_DIAGRAM):   END;
183568    +      ELSE DO;
MPRINT(EM_DIAGRAM):   ELSE DO;
183569    +        _NODE_  =                   16;
MPRINT(EM_DIAGRAM):   _NODE_ = 16;
183570    +        _LEAF_  =                    1;
MPRINT(EM_DIAGRAM):   _LEAF_ = 1;
183571    +        P_DepVar0  =     0.90114942528735;
MPRINT(EM_DIAGRAM):   P_DepVar0 = 0.90114942528735;
183572    +        P_DepVar1  =     0.09885057471264;
MPRINT(EM_DIAGRAM):   P_DepVar1 = 0.09885057471264;
183573    +        Q_DepVar0  =     0.90114942528735;
MPRINT(EM_DIAGRAM):   Q_DepVar0 = 0.90114942528735;
183574    +        Q_DepVar1  =     0.09885057471264;
MPRINT(EM_DIAGRAM):   Q_DepVar1 = 0.09885057471264;
183575    +        V_DepVar0  =      0.8848167539267;
MPRINT(EM_DIAGRAM):   V_DepVar0 = 0.8848167539267;
183576    +        V_DepVar1  =     0.11518324607329;
MPRINT(EM_DIAGRAM):   V_DepVar1 = 0.11518324607329;
183577    +        I_DepVar  = '0' ;
MPRINT(EM_DIAGRAM):   I_DepVar = '0' ;
183578    +        U_DepVar  =                    0;
MPRINT(EM_DIAGRAM):   U_DepVar = 0;
183579    +        END;
MPRINT(EM_DIAGRAM):   END;
183580    +      END;
MPRINT(EM_DIAGRAM):   END;
183581    +    END;
MPRINT(EM_DIAGRAM):   END;
183582    +  ELSE DO;
MPRINT(EM_DIAGRAM):   ELSE DO;
183583    +    _NODE_  =                    5;
MPRINT(EM_DIAGRAM):   _NODE_ = 5;
183584    +    _LEAF_  =                    9;
MPRINT(EM_DIAGRAM):   _LEAF_ = 9;
183585    +    P_DepVar0  =     0.98042414355628;
MPRINT(EM_DIAGRAM):   P_DepVar0 = 0.98042414355628;
183586    +    P_DepVar1  =     0.01957585644371;
MPRINT(EM_DIAGRAM):   P_DepVar1 = 0.01957585644371;
183587    +    Q_DepVar0  =     0.98042414355628;
MPRINT(EM_DIAGRAM):   Q_DepVar0 = 0.98042414355628;
183588    +    Q_DepVar1  =     0.01957585644371;
MPRINT(EM_DIAGRAM):   Q_DepVar1 = 0.01957585644371;
183589    +    V_DepVar0  =     0.98795180722891;
MPRINT(EM_DIAGRAM):   V_DepVar0 = 0.98795180722891;
183590    +    V_DepVar1  =     0.01204819277108;
MPRINT(EM_DIAGRAM):   V_DepVar1 = 0.01204819277108;
183591    +    I_DepVar  = '0' ;
MPRINT(EM_DIAGRAM):   I_DepVar = '0' ;
183592    +    U_DepVar  =                    0;
MPRINT(EM_DIAGRAM):   U_DepVar = 0;
183593    +    END;
MPRINT(EM_DIAGRAM):   END;
183594    +  END;
MPRINT(EM_DIAGRAM):   END;
183595    +
183596    +*****  RESIDUALS R_ *************;
MPRINT(EM_DIAGRAM):   ***** RESIDUALS R_ *************;
183597    +IF  F_DepVar  NE '0'
183598    +AND F_DepVar  NE '1'  THEN DO;
MPRINT(EM_DIAGRAM):   IF F_DepVar NE '0' AND F_DepVar NE '1' THEN DO;
183599    +        R_DepVar0  = .;
MPRINT(EM_DIAGRAM):   R_DepVar0 = .;
183600    +        R_DepVar1  = .;
MPRINT(EM_DIAGRAM):   R_DepVar1 = .;
183601    + END;
MPRINT(EM_DIAGRAM):   END;
183602    + ELSE DO;
MPRINT(EM_DIAGRAM):   ELSE DO;
183603    +       R_DepVar0  =  -P_DepVar0 ;
MPRINT(EM_DIAGRAM):   R_DepVar0 = -P_DepVar0 ;
183604    +       R_DepVar1  =  -P_DepVar1 ;
MPRINT(EM_DIAGRAM):   R_DepVar1 = -P_DepVar1 ;
183605    +       SELECT( F_DepVar  );
MPRINT(EM_DIAGRAM):   SELECT( F_DepVar );
183606    +          WHEN( '0'  ) R_DepVar0  = R_DepVar0  +1;
MPRINT(EM_DIAGRAM):   WHEN( '0' ) R_DepVar0 = R_DepVar0 +1;
183607    +          WHEN( '1'  ) R_DepVar1  = R_DepVar1  +1;
MPRINT(EM_DIAGRAM):   WHEN( '1' ) R_DepVar1 = R_DepVar1 +1;
183608    +       END;
MPRINT(EM_DIAGRAM):   END;
183609    + END;
MPRINT(EM_DIAGRAM):   END;
183610    +
183611    +****************************************************************;
MPRINT(EM_DIAGRAM):   ****************************************************************;
183612    +******          END OF DECISION TREE SCORING CODE         ******;
MPRINT(EM_DIAGRAM):   ****** END OF DECISION TREE SCORING CODE ******;
183613    +****************************************************************;
MPRINT(EM_DIAGRAM):   ****************************************************************;
183614    +drop _LEAF_;
MPRINT(EM_DIAGRAM):   drop _LEAF_;
NOTE: %INCLUDE (level 1) ending.
MPRINT(EM_DIAGRAM):   run;
183615     run;

NOTE: DATA STEP view saved on file EMWS8.TREE_VALIDATE.
NOTE: A stored DATA STEP view cannot run under a different operating system.
NOTE: View EMWS8.META_VALIDATE.VIEW used (Total process time):
      real time           0.02 seconds
      cpu time            0.03 seconds
      
NOTE: DATA statement used (Total process time):
      real time           0.02 seconds
      cpu time            0.03 seconds
      

MPRINT(EM_DIAGRAM):   quit;
183616     quit;
183617     filename emflow;
MPRINT(EM_DIAGRAM):   filename emflow;
NOTE: Fileref EMFLOW has been deassigned.
183618     *------------------------------------------------------------*;
MPRINT(EM_DIAGRAM):    *------------------------------------------------------------*;
183619     * Tree: Computing metadata for TRAIN data;
MPRINT(EM_DIAGRAM):   * Tree: Computing metadata for TRAIN data;
183620     *------------------------------------------------------------*;
MPRINT(EM_DIAGRAM):   *------------------------------------------------------------*;

NOTE: View EMWS8.TREE_TRAIN.VIEW used (Total process time):
      real time           0.02 seconds
      cpu time            0.03 seconds
      
MPRINT(EM_DIAGRAM):    *------------------------------------------------------------*;
MPRINT(EM_DIAGRAM):   * &nodeid: Computing Metadata for TRAIN data;
MPRINT(EM_DIAGRAM):   *------------------------------------------------------------*;
MPRINT(EM_DIAGRAM):   filename _delta 
"C:\\predictive-models-project\Workspaces\EMWS8\Tree\CDELTA_TRAIN.sas";
MPRINT(EMADVISECOLUMNS):   proc display c=sashelp.emmeta.advisecolumns.scl;
MPRINT(EMADVISECOLUMNS):   run;
MPRINT(EMADVISECOLUMNS):    options validvarname=any;
MPRINT(EMADVISECOLUMNS):   proc contents data=EMWS8.Tree_TRAIN out=_tempAdvisor noprint;
MPRINT(EMADVISECOLUMNS):   run;
MPRINT(EMADVISECOLUMNS):   options validvarname=V7;
MPRINT(EMADVISECOLUMNS):    data _null_;
MPRINT(EMADVISECOLUMNS):   dsid = open('EMWS8.Tree_TRAIN');
MPRINT(EMADVISECOLUMNS):   call symput('_dsidTable', strip(put(dsid, best.)));
MPRINT(EMADVISECOLUMNS):   if dsid then do;
MPRINT(EMADVISECOLUMNS):   call symput('_engineTable', attrc(dsid, 'ENGINE'));
MPRINT(EMADVISECOLUMNS):   dsid = close(dsid);
MPRINT(EMADVISECOLUMNS):   end;
MPRINT(EMADVISECOLUMNS):   run;
MPRINT(EMADVISECOLUMNS):    proc contents data=EMWS8.Tree_TRAIN out=WORK.M1CR4LL2 noprint;
MPRINT(EMADVISECOLUMNS):   run;
MPRINT(EMADVISECOLUMNS):    data WORK.M1CR4LL2;
MPRINT(EMADVISECOLUMNS):   length NAME $ 64 TYPE $ 1 LABEL $ 200 FORMAT $ 20 INFORMAT $20 
INDEX $ 1 INDEXTYPE $ 9;
MPRINT(EMADVISECOLUMNS):   label NAME =;
MPRINT(EMADVISECOLUMNS):   set WORK.M1CR4LL2(keep=name type length label format formatl 
formatd informat informl informd idxusage rename=(type=itype));
MPRINT(EMADVISECOLUMNS):   if itype = 1 then type = 'N';
MPRINT(EMADVISECOLUMNS):   else type = 'C';
MPRINT(EMADVISECOLUMNS):   if formatl > 0 then do;
MPRINT(EMADVISECOLUMNS):   if format ne ' ' then format = strip(format)!!strip(put(formatl, 
best12.))!!'.'!!strip(put(formatd, best12.));
MPRINT(EMADVISECOLUMNS):   else format = strip(put(formatl, best12.))!!'.'!!strip(put(formatd, 
best12.));
MPRINT(EMADVISECOLUMNS):   end;
MPRINT(EMADVISECOLUMNS):   else if format ne '' then format = strip(format)!!'.';
MPRINT(EMADVISECOLUMNS):   if informl > 0 then do;
MPRINT(EMADVISECOLUMNS):   if informat ne ' ' then informat = 
strip(informat)!!strip(put(informl, best12.))!!'.'!!strip(put(informd, best12.));
MPRINT(EMADVISECOLUMNS):   else informat = strip(put(informl, 
best12.))!!'.'!!strip(put(informd, best12.));
MPRINT(EMADVISECOLUMNS):   end;
MPRINT(EMADVISECOLUMNS):   else if informat ne '' then informat = strip(informat)!!'.';
MPRINT(EMADVISECOLUMNS):   if idxusage = 'NONE' then index ="N";
MPRINT(EMADVISECOLUMNS):   else index = "Y";
MPRINT(EMADVISECOLUMNS):   indextype = idxusage;
MPRINT(EMADVISECOLUMNS):   drop idxusage itype formatl formatd informl informd;
MPRINT(EMADVISECOLUMNS):   run;
MPRINT(EMADVISECOLUMNS):    data WORK.M1CR4LL2;
MPRINT(EMADVISECOLUMNS):   length UNAME $64;
MPRINT(EMADVISECOLUMNS):   set WORK.M1CR4LL2;
MPRINT(EMADVISECOLUMNS):   UNAME = upcase(NAME);
MPRINT(EMADVISECOLUMNS):   run;
MPRINT(EMADVISECOLUMNS):    proc sort data=WORK.M2DZ08HZ NOTHREADS;
MPRINT(EMADVISECOLUMNS):   by UNAME;
MPRINT(EMADVISECOLUMNS):   run;
MPRINT(EMADVISECOLUMNS):    data WORK.M2DZ08HZ;
MPRINT(EMADVISECOLUMNS):   drop UNAME;
MPRINT(EMADVISECOLUMNS):   set WORK.M2DZ08HZ;
MPRINT(EMADVISECOLUMNS):   run;
MPRINT(EMADVISECOLUMNS):    data WORK.M1DY4URT(keep=NAME ATTR);
MPRINT(EMADVISECOLUMNS):   length ATTR $ 20;
MPRINT(EMADVISECOLUMNS):   set WORK.M2DZ08HZ;
MPRINT(EMADVISECOLUMNS):   if level ne "INTERVAL" then do;
MPRINT(EMADVISECOLUMNS):   if order = ' ' then do;
MPRINT(EMADVISECOLUMNS):   attr = 'ORDER';
MPRINT(EMADVISECOLUMNS):   output;
MPRINT(EMADVISECOLUMNS):   end;
MPRINT(EMADVISECOLUMNS):   end;
MPRINT(EMADVISECOLUMNS):   if format ne ' ' and formattype = ' ' then do;
MPRINT(EMADVISECOLUMNS):   attr = 'FORMATTYPE';
MPRINT(EMADVISECOLUMNS):   output;
MPRINT(EMADVISECOLUMNS):   end;
MPRINT(EMADVISECOLUMNS):   if role = ' ' then do;
MPRINT(EMADVISECOLUMNS):   attr = 'ROLE';
MPRINT(EMADVISECOLUMNS):   output;
MPRINT(EMADVISECOLUMNS):   end;
MPRINT(EMADVISECOLUMNS):   if level = ' ' then do;
MPRINT(EMADVISECOLUMNS):   attr = 'LEVEL';
MPRINT(EMADVISECOLUMNS):   output;
MPRINT(EMADVISECOLUMNS):   end;
MPRINT(EMADVISECOLUMNS):   if type = ' ' then do;
MPRINT(EMADVISECOLUMNS):   attr = 'TYPE';
MPRINT(EMADVISECOLUMNS):   output;
MPRINT(EMADVISECOLUMNS):   end;
MPRINT(EMADVISECOLUMNS):   if index = ' ' then do;
MPRINT(EMADVISECOLUMNS):   attr = 'INDEX';
MPRINT(EMADVISECOLUMNS):   output;
MPRINT(EMADVISECOLUMNS):   end;
MPRINT(EMADVISECOLUMNS):   if report = ' ' then do;
MPRINT(EMADVISECOLUMNS):   attr = 'REPORT';
MPRINT(EMADVISECOLUMNS):   output;
MPRINT(EMADVISECOLUMNS):   end;
MPRINT(EMADVISECOLUMNS):   run;
MPRINT(EMADVISECOLUMNS):   proc sort NOTHREADS;
MPRINT(EMADVISECOLUMNS):   by attr;
MPRINT(EMADVISECOLUMNS):   run;
MPRINT(EMADVISECOLUMNS):    data WORK.M2DZ08HZ;
MPRINT(EMADVISECOLUMNS):   length NAME $64 ROLE $ 32 LEVEL $ 10 ORDER $ 8 CREATOR $32 
FORMATTYPE $ 10 FAMILY $ 10 LOWERLIMIT 8 UPPERLIMIT 8 REPORT $1 DISTRIBUTION $ 20 COMMENT $64;
MPRINT(EMADVISECOLUMNS):   length levelAssigned 8 roleAssigned 8 PRICE 8;
MPRINT(EMADVISECOLUMNS):   set WORK.M2DZ08HZ;
MPRINT(EMADVISECOLUMNS):   if formattype = ' ' then do;
MPRINT(EMADVISECOLUMNS):   if format ne ' ' then do;
MPRINT(EMADVISECOLUMNS):   if type = 'N' then do;
MPRINT(EMADVISECOLUMNS):   pos = indexc(format,'.1234567890');
MPRINT(EMADVISECOLUMNS):   if pos > 1 then tempfmt = substr(format,1, pos-1);
MPRINT(EMADVISECOLUMNS):   else tempfmt = ' ';
MPRINT(EMADVISECOLUMNS):   flen = length(tempfmt);
MPRINT(EMADVISECOLUMNS):   select;
MPRINT(EMADVISECOLUMNS):   when(tempfmt in ("DATE" "DAY" "DDMMYY" "DOWNAME" "JULDAY" "JULIAN" 
"MMDDYY" "MMDDYYD" "MMDDYYC" "MMDDYYN" "MMDDYYP" "MMDDYYS" "MONNAME" "MONTH" "MONYY" "NENGO" 
"QTR" "QTRR" "WEEKDATE" "WEEKDATX" "WEEKDAY" "WORDDATE" "WORDDATX" "YEAR" "YYMMDD" "YYMON" 
"YYMMDDC" "YYMMDDD" "YYMMDDN" "YYMMDDP" "YYMMDDS" "EURDFDE" "NJDATE" "NLDATE" "EURDFDD" 
"EURDFDWN" "EURDFMN" "EURDFMY" "EURDFWK" "EURDFWKX" "EURDFWDX" "EURDFDN" "EURDFDE" )) 
formattype = 'DATE';
MPRINT(EMADVISECOLUMNS):   when(tempfmt in ("DATETIME" "EURDFDT" "TOD" )) formattype = 
"DATETIME";
MPRINT(EMADVISECOLUMNS):   when(tempfmt in ("HHMM" "HOUR" "MMSS" "TIME" "TIMEAMPM" )) 
formattype = "TIME";
MPRINT(EMADVISECOLUMNS):   when(tempfmt in ("COMMA" "COMMAX" "DOLLAR" "DOLLARX" "E" "FRACT" 
"NEGPAREN" "PERCENT")) formattype="QUANTITY";
MPRINT(EMADVISECOLUMNS):   when(tempfmt in ("BINARY" "HEX" "IB" "OCTAL" "PD" "PIB" "PK" "RB" 
"SSN" "Z" "ZD")) formattype = "CODING";
MPRINT(EMADVISECOLUMNS):   otherwise do;
MPRINT(EMADVISECOLUMNS):   formattype = "USER";
MPRINT(EMADVISECOLUMNS):   if substr(tempfmt, 1, 6)='NLDATE' then formattype = "DATE";
MPRINT(EMADVISECOLUMNS):   else if substr(tempfmt, 1, 6)='NLDATM' then formattype = "DATETIME";
MPRINT(EMADVISECOLUMNS):   else if substr(tempfmt, 1, 4)='NLTIM' then formattype = "TIME";
MPRINT(EMADVISECOLUMNS):   else if flen >= 4 then do;
MPRINT(EMADVISECOLUMNS):   str = substr(tempfmt,1,4);
MPRINT(EMADVISECOLUMNS):   if str in ("MMYY" "YYMM" "YYQR") then formattype ="DATE";
MPRINT(EMADVISECOLUMNS):   else if str = "S370" then formattype = "CODING";
MPRINT(EMADVISECOLUMNS):   else if str = "BEST" then formattype = "NUM";
MPRINT(EMADVISECOLUMNS):   drop str;
MPRINT(EMADVISECOLUMNS):   end;
MPRINT(EMADVISECOLUMNS):   else if flen >=3 and substr(tempfmt,1,3) = "YYQ" then formatType = 
"DATE";
MPRINT(EMADVISECOLUMNS):   end;
MPRINT(EMADVISECOLUMNS):   end;
MPRINT(EMADVISECOLUMNS):   drop flen tempfmt pos;
MPRINT(EMADVISECOLUMNS):   end;
MPRINT(EMADVISECOLUMNS):   else do;
MPRINT(EMADVISECOLUMNS):   formatType = "CATEGORY";
MPRINT(EMADVISECOLUMNS):   end;
MPRINT(EMADVISECOLUMNS):   end;
MPRINT(EMADVISECOLUMNS):   if formatType = "NUM" then do;
MPRINT(EMADVISECOLUMNS):   if index = "Y" then formatType = "DISCRETE";
MPRINT(EMADVISECOLUMNS):   else formatType = "QUANTITY";
MPRINT(EMADVISECOLUMNS):   end;
MPRINT(EMADVISECOLUMNS):   end;
MPRINT(EMADVISECOLUMNS):   if level = ' ' then do;
MPRINT(EMADVISECOLUMNS):   if formatType in ("CATEGORY", "CODING", "ID") or type = "C" then 
level = "NOMINAL";
MPRINT(EMADVISECOLUMNS):   else level = "INTERVAL";
MPRINT(EMADVISECOLUMNS):   levelAssigned = 1;
MPRINT(EMADVISECOLUMNS):   end;
MPRINT(EMADVISECOLUMNS):   else level = upcase(level);
MPRINT(EMADVISECOLUMNS):   if role = ' ' then do;
MPRINT(EMADVISECOLUMNS):   length name_prefix $8 _uname $64;
MPRINT(EMADVISECOLUMNS):   drop name_prefix _uname _freqflag;
MPRINT(EMADVISECOLUMNS):   retain _freqflag;
MPRINT(EMADVISECOLUMNS):   if LENGTH> 80 then ROLE = 'TEXT';
MPRINT(EMADVISECOLUMNS):   _uname = upcase(NAME);
MPRINT(EMADVISECOLUMNS):   select(_uname);
MPRINT(EMADVISECOLUMNS):   when('_WARN_') ROLE = 'ASSESS';
MPRINT(EMADVISECOLUMNS):   when('EM_SEGMENT') do;
MPRINT(EMADVISECOLUMNS):   ROLE = 'SEGMENT';
MPRINT(EMADVISECOLUMNS):   LEVEL = 'NOMINAL';
MPRINT(EMADVISECOLUMNS):   end;
MPRINT(EMADVISECOLUMNS):   when('_NODE_') do;
MPRINT(EMADVISECOLUMNS):   ROLE = 'SEGMENT';
MPRINT(EMADVISECOLUMNS):   LEVEL = 'NOMINAL';
MPRINT(EMADVISECOLUMNS):   end;
MPRINT(EMADVISECOLUMNS):   when('EM_CLASSTARGET') ROLE = 'ASSESS';
MPRINT(EMADVISECOLUMNS):   when('EM_VALUETARGET') ROLE = 'ASSESS';
MPRINT(EMADVISECOLUMNS):   when('EM_PREDICTION') ROLE = 'PREDICT';
MPRINT(EMADVISECOLUMNS):   when('EM_PROBABILITY') ROLE = 'PREDICT';
MPRINT(EMADVISECOLUMNS):   when('EM_EVENTPROBABILITY') ROLE = 'PREDICT';
MPRINT(EMADVISECOLUMNS):   when('EM_CLASSIFICATION') ROLE = 'CLASSIFICATION';
MPRINT(EMADVISECOLUMNS):   when('EM_DECISION') ROLE = 'DECISION';
MPRINT(EMADVISECOLUMNS):   when('EM_PROFIT') ROLE = 'ASSESS';
MPRINT(EMADVISECOLUMNS):   when('EM_LOSS') ROLE = 'ASSESS';
MPRINT(EMADVISECOLUMNS):   when('EM_ROI') ROLE = 'ASSESS';
MPRINT(EMADVISECOLUMNS):   when('URI') ROLE = 'URL';
MPRINT(EMADVISECOLUMNS):   when('FILTERED') ROLE = 'TEXTLOC';
MPRINT(EMADVISECOLUMNS):   otherwise do;
MPRINT(EMADVISECOLUMNS):   if upcase(NAME) =: 'ZIP' then do;
MPRINT(EMADVISECOLUMNS):   ROLE = 'REJECTED';
MPRINT(EMADVISECOLUMNS):   LEVEL = 'NOMINAL';
MPRINT(EMADVISECOLUMNS):   COMMENT = 'Rejected by: Exceed the maximum class level of %s';
MPRINT(EMADVISECOLUMNS):   end;
MPRINT(EMADVISECOLUMNS):   else if upcase(NAME) in('FREQ', 'FREQUENCY') then do;
MPRINT(EMADVISECOLUMNS):   ROLE = 'FREQ';
MPRINT(EMADVISECOLUMNS):   if TYPE = 'C' then ROLE = 'INPUT';
MPRINT(EMADVISECOLUMNS):   else if _freqflag =1 then ROLE='REJECTED';
MPRINT(EMADVISECOLUMNS):   end;
MPRINT(EMADVISECOLUMNS):   else do;
MPRINT(EMADVISECOLUMNS):   name_prefix = scan(_uname, 1, '_');
MPRINT(EMADVISECOLUMNS):   if scan(_uname, 2, '_') = '' then name_prefix='';
MPRINT(EMADVISECOLUMNS):   if name_prefix in('F', 'I', 'U') then do;
MPRINT(EMADVISECOLUMNS):   ROLE = 'CLASSIFICATION';
MPRINT(EMADVISECOLUMNS):   LEVEL = 'NOMINAL';
MPRINT(EMADVISECOLUMNS):   end;
MPRINT(EMADVISECOLUMNS):   else if name_prefix in('P', 'V') then ROLE = 'PREDICT';
MPRINT(EMADVISECOLUMNS):   else if name_prefix in('R', 'RS', 'RT', 'RD', 'RDS', 'RDT', 'RA', 
'RAS', 'RAT') then ROLE = 'RESIDUAL';
MPRINT(EMADVISECOLUMNS):   else if name_prefix ='D' then do;
MPRINT(EMADVISECOLUMNS):   ROLE = 'DECISION';
MPRINT(EMADVISECOLUMNS):   LEVEL = 'NOMINAL';
MPRINT(EMADVISECOLUMNS):   end;
MPRINT(EMADVISECOLUMNS):   else if name_prefix ='B' then do;
MPRINT(EMADVISECOLUMNS):   ROLE = 'SEGMENT';
MPRINT(EMADVISECOLUMNS):   LEVEL = 'NOMINAL';
MPRINT(EMADVISECOLUMNS):   end;
MPRINT(EMADVISECOLUMNS):   else if name_prefix in('EP', 'BP', 'CP', 'EL', 'CL', 'BL', 'W', 
'ROI', 'IC') then ROLE = 'ASSESS';
MPRINT(EMADVISECOLUMNS):   else do;
MPRINT(EMADVISECOLUMNS):   array _ROLE_ (19) $32 _TEMPORARY_ 
('ASSESS','CLASSIFICATION','CENSOR', 'COST', 'CROSSID', 'DECISION', 'ID','INPUT', 'LABEL', 
'MISSING','PREDICT','REFERRER','REJECTED', 'RESIDUAL','SEGMENT', 'SEQUENCE','TARGET', 'TEXT', 
'TIMEID');
MPRINT(EMADVISECOLUMNS):   drop _found_ i;
MPRINT(EMADVISECOLUMNS):   _found_=0;
MPRINT(EMADVISECOLUMNS):   do i=1 to 19 until(_found_=1);
MPRINT(EMADVISECOLUMNS):   if index(_uname, trim(_ROLE_{i}))=1 then do;
MPRINT(EMADVISECOLUMNS):   ROLE=_ROLE_{i};
MPRINT(EMADVISECOLUMNS):   if ROLE = 'ID' then LEVEL = 'NOMINAL';
MPRINT(EMADVISECOLUMNS):   else if ROLE = 'SEGMENT' then LEVEL = 'NOMINAL';
MPRINT(EMADVISECOLUMNS):   else if ROLE = 'TIMEID' and TYPE='N' then LEVEL = 'INTERVAL';
MPRINT(EMADVISECOLUMNS):   _found_=1;
MPRINT(EMADVISECOLUMNS):   end;
MPRINT(EMADVISECOLUMNS):   end;
MPRINT(EMADVISECOLUMNS):   if length(_uname)>2 then do;
MPRINT(EMADVISECOLUMNS):   if substr(reverse(trim(_uname)), 1, 3) = 'DI_' then do;
MPRINT(EMADVISECOLUMNS):   ROLE = 'ID';
MPRINT(EMADVISECOLUMNS):   LEVEL = 'NOMINAL';
MPRINT(EMADVISECOLUMNS):   end;
MPRINT(EMADVISECOLUMNS):   end;
MPRINT(EMADVISECOLUMNS):   end;
MPRINT(EMADVISECOLUMNS):   end;
MPRINT(EMADVISECOLUMNS):   end;
MPRINT(EMADVISECOLUMNS):   end;
MPRINT(EMADVISECOLUMNS):   if ROLE='FREQ' then _freqflag=1;
MPRINT(EMADVISECOLUMNS):   else if ROLE = 'CLASSIFICATION' then LEVEL = 'NOMINAL';
MPRINT(EMADVISECOLUMNS):   end;
MPRINT(EMADVISECOLUMNS):   if role = ' ' then do;
MPRINT(EMADVISECOLUMNS):   if formattype in('DATE', 'DATETIME', 'TIME') then role = 'TIMEID';
MPRINT(EMADVISECOLUMNS):   else role = 'INPUT';
MPRINT(EMADVISECOLUMNS):   roleAssigned = 1;
MPRINT(EMADVISECOLUMNS):   end;
MPRINT(EMADVISECOLUMNS):   else role = upcase(role);
MPRINT(EMADVISECOLUMNS):   if REPORT = '' then REPORT = 'N';
MPRINT(EMADVISECOLUMNS):   run;
MPRINT(EMADVISECOLUMNS):    data WORK.M2DZ08HZ;
MPRINT(EMADVISECOLUMNS):   set WORK.M2DZ08HZ;
MPRINT(EMADVISECOLUMNS):   label NAME = "Variable Name" TYPE = "Type" ROLE = "Role" LEVEL= 
"Measurement Level" ORDER= "Order" CREATOR= "Creator" FORMATTYPE= "Format Type" FAMILY= 
"Family" DISTRIBUTION= "Distribution" PRICE= "Price" LOWERLIMIT= "Lower limit" UPPERLIMIT= 
"Upper Limit" REPORT= "Report" COMMENT= "Comment" INDEX= "Index" INDEXTYPE= "IndexType" LABEL= 
"Label" LENGTH= "Length";
MPRINT(EMADVISECOLUMNS):   drop levelAssigned roleAssigned;
MPRINT(EMADVISECOLUMNS):   run;
MPRINT(EMADVISECOLUMNS):   
MPRINT(EM_DIAGRAM):  ;
MPRINT(EM_DIAGRAM):   proc sort data=WORK.COLUMNMETA;
MPRINT(EM_DIAGRAM):   by NAME;
MPRINT(EM_DIAGRAM):   run;
MPRINT(EM_DIAGRAM):   *------------------------------------------------------------*;
MPRINT(EM_DIAGRAM):   * &nodeid: Merge incoming metadata;
MPRINT(EM_DIAGRAM):   *------------------------------------------------------------*;
MPRINT(EM_DIAGRAM):   proc contents data=EMWS8.Meta_TRAIN noprint out=_temp2(keep=NAME);
MPRINT(EM_DIAGRAM):   run;
MPRINT(EM_DIAGRAM):   proc sort data=_temp2;
MPRINT(EM_DIAGRAM):   by NAME;
MPRINT(EM_DIAGRAM):   run;
MPRINT(EM_DIAGRAM):   proc sort data=EMWS8.Meta_CMeta_TRAIN out=_temp;
MPRINT(EM_DIAGRAM):   by NAME;
MPRINT(EM_DIAGRAM):   run;
MPRINT(EM_DIAGRAM):   data EMWS8.Tree_CMeta_TRAIN;
MPRINT(EM_DIAGRAM):   merge WORK.COLUMNMETA(in=_a) _temp2(in=_b) _temp(drop=FORMAT INFORMAT 
LENGTH INDEX INDEXTYPE in=_c) end=_eof_;
MPRINT(EM_DIAGRAM):   by NAME;
MPRINT(EM_DIAGRAM):   if (^_a and _b) or (^_c and _a and _b) then delete;
MPRINT(EM_DIAGRAM):   if ^_b then CREATOR = "Tree";
MPRINT(EM_DIAGRAM):   select(upcase(name));
MPRINT(EM_DIAGRAM):   when("P_DEPVAR1") creator = "Tree";
MPRINT(EM_DIAGRAM):   when("R_DEPVAR1") creator = "Tree";
MPRINT(EM_DIAGRAM):   when("P_DEPVAR0") creator = "Tree";
MPRINT(EM_DIAGRAM):   when("R_DEPVAR0") creator = "Tree";
MPRINT(EM_DIAGRAM):   when("F_DEPVAR") creator = "Tree";
MPRINT(EM_DIAGRAM):   when("I_DEPVAR") creator = "Tree";
MPRINT(EM_DIAGRAM):   when("U_DEPVAR") creator = "Tree";
MPRINT(EM_DIAGRAM):   when("_WARN_") creator = "Tree";
MPRINT(EM_DIAGRAM):   when("DEPVAR") model = "Tree";
MPRINT(EM_DIAGRAM):   when('');
MPRINT(EM_DIAGRAM):   otherwise;
MPRINT(EM_DIAGRAM):   end;
MPRINT(EM_DIAGRAM):   *------------------------------------------------------------*;
MPRINT(EM_DIAGRAM):   * Tree: Apply Delta Code;
MPRINT(EM_DIAGRAM):   *------------------------------------------------------------*;
MPRINT(EM_DIAGRAM):   if name = '_NODE_' then do;
MPRINT(EM_DIAGRAM):   role = 'SEGMENT';
MPRINT(EM_DIAGRAM):   level = 'NOMINAL';
MPRINT(EM_DIAGRAM):   end;
MPRINT(EM_DIAGRAM):   if upcase(name) = 'ACCEPTEDCMPTOTAL' then role = 'INPUT';
MPRINT(EM_DIAGRAM):   else if upcase(name) = 'RECENCY' then role = 'INPUT';
MPRINT(EM_DIAGRAM):   else if upcase(name) = 'NUMCATALOGPURCHASES' then role = 'INPUT';
MPRINT(EM_DIAGRAM):   else if upcase(name) = 'NUMWEBVISITSMONTH' then role = 'INPUT';
MPRINT(EM_DIAGRAM):   else if upcase(name) = 'NUMSTOREPURCHASES' then role = 'INPUT';
MPRINT(EM_DIAGRAM):   else if upcase(name) = 'MARITAL_STATUS' then role = 'INPUT';
MPRINT(EM_DIAGRAM):   else if upcase(name) = 'KIDHOME' then role = 'INPUT';
MPRINT(EM_DIAGRAM):   else if upcase(name) = 'MNTFISHPRODUCTS' then role = 'INPUT';
MPRINT(EM_DIAGRAM):   else if upcase(name) = 'RFMSTAT' then role = 'INPUT';
MPRINT(EM_DIAGRAM):   else if upcase(name) = 'INCOME' then do;
MPRINT(EM_DIAGRAM):   role = 'REJECTED';
MPRINT(EM_DIAGRAM):   comment = "Tree: TREELOWIMPORTANCE";
MPRINT(EM_DIAGRAM):   end;
MPRINT(EM_DIAGRAM):   else if upcase(name) = 'MNTFRUITS' then do;
MPRINT(EM_DIAGRAM):   role = 'REJECTED';
MPRINT(EM_DIAGRAM):   comment = "Tree: TREELOWIMPORTANCE";
MPRINT(EM_DIAGRAM):   end;
MPRINT(EM_DIAGRAM):   else if upcase(name) = 'MNTGOLDPRODS' then do;
MPRINT(EM_DIAGRAM):   role = 'REJECTED';
MPRINT(EM_DIAGRAM):   comment = "Tree: TREELOWIMPORTANCE";
MPRINT(EM_DIAGRAM):   end;
MPRINT(EM_DIAGRAM):   else if upcase(name) = 'MNTWINES' then do;
MPRINT(EM_DIAGRAM):   role = 'REJECTED';
MPRINT(EM_DIAGRAM):   comment = "Tree: TREELOWIMPORTANCE";
MPRINT(EM_DIAGRAM):   end;
MPRINT(EM_DIAGRAM):   else if upcase(name) = 'MONTHSASCUSTOMER' then do;
MPRINT(EM_DIAGRAM):   role = 'REJECTED';
MPRINT(EM_DIAGRAM):   comment = "Tree: TREELOWIMPORTANCE";
MPRINT(EM_DIAGRAM):   end;
MPRINT(EM_DIAGRAM):   else if upcase(name) = 'MNTMEATPRODUCTS' then do;
MPRINT(EM_DIAGRAM):   role = 'REJECTED';
MPRINT(EM_DIAGRAM):   comment = "Tree: TREELOWIMPORTANCE";
MPRINT(EM_DIAGRAM):   end;
MPRINT(EM_DIAGRAM):   else if upcase(name) = 'MNTSWEETPRODUCTS' then do;
MPRINT(EM_DIAGRAM):   role = 'REJECTED';
MPRINT(EM_DIAGRAM):   comment = "Tree: TREELOWIMPORTANCE";
MPRINT(EM_DIAGRAM):   end;
MPRINT(EM_DIAGRAM):   else if upcase(name) = 'NUMDISTPURCHASES' then do;
MPRINT(EM_DIAGRAM):   role = 'REJECTED';
MPRINT(EM_DIAGRAM):   comment = "Tree: TREELOWIMPORTANCE";
MPRINT(EM_DIAGRAM):   end;
MPRINT(EM_DIAGRAM):   else if upcase(name) = 'ACCEPTEDCMP2' then do;
MPRINT(EM_DIAGRAM):   role = 'REJECTED';
MPRINT(EM_DIAGRAM):   comment = "Tree: TREELOWIMPORTANCE";
MPRINT(EM_DIAGRAM):   end;
MPRINT(EM_DIAGRAM):   else if upcase(name) = 'NUMWEBPURCHASES' then do;
MPRINT(EM_DIAGRAM):   role = 'REJECTED';
MPRINT(EM_DIAGRAM):   comment = "Tree: TREELOWIMPORTANCE";
MPRINT(EM_DIAGRAM):   end;
MPRINT(EM_DIAGRAM):   else if upcase(name) = 'AGE' then do;
MPRINT(EM_DIAGRAM):   role = 'REJECTED';
MPRINT(EM_DIAGRAM):   comment = "Tree: TREELOWIMPORTANCE";
MPRINT(EM_DIAGRAM):   end;
MPRINT(EM_DIAGRAM):   else if upcase(name) = 'FRQ' then do;
MPRINT(EM_DIAGRAM):   role = 'REJECTED';
MPRINT(EM_DIAGRAM):   comment = "Tree: TREELOWIMPORTANCE";
MPRINT(EM_DIAGRAM):   end;
MPRINT(EM_DIAGRAM):   else if upcase(name) = 'RMNTFRQ' then do;
MPRINT(EM_DIAGRAM):   role = 'REJECTED';
MPRINT(EM_DIAGRAM):   comment = "Tree: TREELOWIMPORTANCE";
MPRINT(EM_DIAGRAM):   end;
MPRINT(EM_DIAGRAM):   else if upcase(name) = 'MNT' then do;
MPRINT(EM_DIAGRAM):   role = 'REJECTED';
MPRINT(EM_DIAGRAM):   comment = "Tree: TREELOWIMPORTANCE";
MPRINT(EM_DIAGRAM):   end;
MPRINT(EM_DIAGRAM):   else if upcase(name) = 'TEENHOME' then do;
MPRINT(EM_DIAGRAM):   role = 'REJECTED';
MPRINT(EM_DIAGRAM):   comment = "Tree: TREELOWIMPORTANCE";
MPRINT(EM_DIAGRAM):   end;
MPRINT(EM_DIAGRAM):   else if upcase(name) = 'ACCEPTEDCMP1' then do;
MPRINT(EM_DIAGRAM):   role = 'REJECTED';
MPRINT(EM_DIAGRAM):   comment = "Tree: TREELOWIMPORTANCE";
MPRINT(EM_DIAGRAM):   end;
MPRINT(EM_DIAGRAM):   else if upcase(name) = 'COMPLAIN' then do;
MPRINT(EM_DIAGRAM):   role = 'REJECTED';
MPRINT(EM_DIAGRAM):   comment = "Tree: TREELOWIMPORTANCE";
MPRINT(EM_DIAGRAM):   end;
MPRINT(EM_DIAGRAM):   else if upcase(name) = 'ACCEPTEDCMP3' then do;
MPRINT(EM_DIAGRAM):   role = 'REJECTED';
MPRINT(EM_DIAGRAM):   comment = "Tree: TREELOWIMPORTANCE";
MPRINT(EM_DIAGRAM):   end;
MPRINT(EM_DIAGRAM):   else if upcase(name) = 'ACCEPTEDCMP4' then do;
MPRINT(EM_DIAGRAM):   role = 'REJECTED';
MPRINT(EM_DIAGRAM):   comment = "Tree: TREELOWIMPORTANCE";
MPRINT(EM_DIAGRAM):   end;
MPRINT(EM_DIAGRAM):   else if upcase(name) = 'ACCEPTEDCMP5' then do;
MPRINT(EM_DIAGRAM):   role = 'REJECTED';
MPRINT(EM_DIAGRAM):   comment = "Tree: TREELOWIMPORTANCE";
MPRINT(EM_DIAGRAM):   end;
MPRINT(EM_DIAGRAM):   else if upcase(name) = 'HIGHEREDUCATIONBINARY' then do;
MPRINT(EM_DIAGRAM):   role = 'REJECTED';
MPRINT(EM_DIAGRAM):   comment = "Tree: TREELOWIMPORTANCE";
MPRINT(EM_DIAGRAM):   end;
MPRINT(EM_DIAGRAM):   else if upcase(name) = 'EDUCATION' then do;
MPRINT(EM_DIAGRAM):   role = 'REJECTED';
MPRINT(EM_DIAGRAM):   comment = "Tree: TREELOWIMPORTANCE";
MPRINT(EM_DIAGRAM):   end;
MPRINT(EM_DIAGRAM):   else if upcase(name) = 'NUMDEALSPURCHASES' then do;
MPRINT(EM_DIAGRAM):   role = 'REJECTED';
MPRINT(EM_DIAGRAM):   comment = "Tree: TREELOWIMPORTANCE";
MPRINT(EM_DIAGRAM):   end;
MPRINT(EM_DIAGRAM):   if upcase(name) = 'Q_DepVar1' then role = "ASSESS";
MPRINT(EM_DIAGRAM):   if upcase(name) = 'Q_DepVar0' then role = "ASSESS";
MPRINT(EM_DIAGRAM):   run;
MPRINT(EM_DIAGRAM):   filename _delta;
184070     data WORK.MODELTEMP_INFO;
MPRINT(EM_DIAGRAM):    data WORK.MODELTEMP_INFO;
184071     set EMWS8.Tree_EMINFO;
MPRINT(EM_DIAGRAM):   set EMWS8.Tree_EMINFO;
184072     where DATA='Tree' and KEY ^in('DECDATA', 'DECMETA', 'IMPORTANCE', 'MODEL');
MPRINT(EM_DIAGRAM):   where DATA='Tree' and KEY ^in('DECDATA', 'DECMETA', 'IMPORTANCE', 
'MODEL');
184073     run;
MPRINT(EM_DIAGRAM):   run;

NOTE: There were 0 observations read from the data set EMWS8.TREE_EMINFO.
      WHERE (DATA='Tree') and KEY not in ('DECDATA', 'DECMETA', 'IMPORTANCE', 'MODEL');
NOTE: The data set WORK.MODELTEMP_INFO has 0 observations and 3 variables.
NOTE: DATA statement used (Total process time):
      real time           0.00 seconds
      cpu time            0.00 seconds
      

184074     data EMWS8.Tree_EMINFO;
MPRINT(EM_DIAGRAM):    data EMWS8.Tree_EMINFO;
184075     length TARGET KEY $32 DATA $43;
MPRINT(EM_DIAGRAM):   length TARGET KEY $32 DATA $43;
184076     input TARGET KEY DATA $;
MPRINT(EM_DIAGRAM):   input TARGET KEY DATA $;
184077     cards;
MPRINT(EM_DIAGRAM):   cards;

NOTE: The data set EMWS8.TREE_EMINFO has 3 observations and 3 variables.
NOTE: DATA statement used (Total process time):
      real time           0.00 seconds
      cpu time            0.01 seconds
      

MPRINT(EM_DIAGRAM):   run;
184081     run;
184082     data EMWS8.Tree_EMINFO;
MPRINT(EM_DIAGRAM):   data EMWS8.Tree_EMINFO;
184083     set EMWS8.Tree_EMINFO WORK.MODELTEMP_INFO;
MPRINT(EM_DIAGRAM):   set EMWS8.Tree_EMINFO WORK.MODELTEMP_INFO;
184084     run;
MPRINT(EM_DIAGRAM):   run;

NOTE: There were 3 observations read from the data set EMWS8.TREE_EMINFO.
NOTE: There were 0 observations read from the data set WORK.MODELTEMP_INFO.
NOTE: The data set EMWS8.TREE_EMINFO has 3 observations and 3 variables.
NOTE: DATA statement used (Total process time):
      real time           0.00 seconds
      cpu time            0.00 seconds
      

184085     proc sort data = EMWS8.Tree_EMINFO NOTHREADS;
MPRINT(EM_DIAGRAM):    proc sort data = EMWS8.Tree_EMINFO NOTHREADS;
184086     by TARGET KEY;
MPRINT(EM_DIAGRAM):   by TARGET KEY;
184087     run;
MPRINT(EM_DIAGRAM):   run;

NOTE: There were 3 observations read from the data set EMWS8.TREE_EMINFO.
NOTE: The data set EMWS8.TREE_EMINFO has 3 observations and 3 variables.
NOTE: PROCEDURE SORT used (Total process time):
      real time           0.00 seconds
      cpu time            0.00 seconds
      

184088     proc sort data = EMWS8.FIMPORT_EMINFO OUT=WORK.SORTEDEMINFO NOTHREADS;
MPRINT(EM_DIAGRAM):    proc sort data = EMWS8.FIMPORT_EMINFO OUT=WORK.SORTEDEMINFO NOTHREADS;
184089     by TARGET KEY;
MPRINT(EM_DIAGRAM):   by TARGET KEY;
184090     run;
MPRINT(EM_DIAGRAM):   run;

NOTE: There were 1 observations read from the data set EMWS8.FIMPORT_EMINFO.
NOTE: The data set WORK.SORTEDEMINFO has 1 observations and 3 variables.
NOTE: PROCEDURE SORT used (Total process time):
      real time           0.00 seconds
      cpu time            0.01 seconds
      

184091     proc sort data = EMWS8.Tree_EMINFO OUT=WORK.TEMP_INFO NOTHREADS;
MPRINT(EM_DIAGRAM):   proc sort data = EMWS8.Tree_EMINFO OUT=WORK.TEMP_INFO NOTHREADS;
184092     by TARGET KEY;
MPRINT(EM_DIAGRAM):   by TARGET KEY;
184093     run;
MPRINT(EM_DIAGRAM):   run;

NOTE: Input data set is already sorted; it has been copied to the output data set.
NOTE: There were 3 observations read from the data set EMWS8.TREE_EMINFO.
NOTE: The data set WORK.TEMP_INFO has 3 observations and 3 variables.
NOTE: PROCEDURE SORT used (Total process time):
      real time           0.00 seconds
      cpu time            0.00 seconds
      

184094     data EMWS8.Tree_EMINFO;
MPRINT(EM_DIAGRAM):   data EMWS8.Tree_EMINFO;
184095     merge WORK.SORTEDEMINFO WORK.TEMP_INFO;
MPRINT(EM_DIAGRAM):   merge WORK.SORTEDEMINFO WORK.TEMP_INFO;
184096     by TARGET KEY;
MPRINT(EM_DIAGRAM):   by TARGET KEY;
184097     run;
MPRINT(EM_DIAGRAM):   run;

NOTE: There were 1 observations read from the data set WORK.SORTEDEMINFO.
NOTE: There were 3 observations read from the data set WORK.TEMP_INFO.
NOTE: The data set EMWS8.TREE_EMINFO has 4 observations and 3 variables.
NOTE: DATA statement used (Total process time):
      real time           0.00 seconds
      cpu time            0.00 seconds
      

184098     proc datasets lib=work nolist;
MPRINT(EM_DIAGRAM):   proc datasets lib=work nolist;
184099     delete TEMP_INFO SORTEDEMINFO;
MPRINT(EM_DIAGRAM):   delete TEMP_INFO SORTEDEMINFO;
184100     run;
MPRINT(EM_DIAGRAM):   run;

NOTE: Deleting WORK.TEMP_INFO (memtype=DATA).
NOTE: Deleting WORK.SORTEDEMINFO (memtype=DATA).
184101     quit;
MPRINT(EM_DIAGRAM):   quit;

NOTE: PROCEDURE DATASETS used (Total process time):
      real time           0.01 seconds
      cpu time            0.01 seconds
      

NOTE: View EMWS8.TREE_TRAIN.VIEW used (Total process time):
      real time           0.02 seconds
      cpu time            0.03 seconds
      
NOTE: View EMWS8.TREE_VALIDATE.VIEW used (Total process time):
      real time           0.02 seconds
      cpu time            0.03 seconds
      
MPRINT(EM_DIAGRAM):    proc printto;
MPRINT(EM_DIAGRAM):   run;
