 
                                                                                               
 
 
Variable Summary

          Measurement    Frequency
 Role        Level         Count

INPUT      BINARY             7   
INPUT      INTERVAL          18   
INPUT      NOMINAL            1   
TARGET     BINARY             1   
 
                                                                                               
 
 
Model Events

                                  Number
                   Measurement      of
Target    Event       Level       Levels      Order       Label

DepVar      1        BINARY          2      Descending    DepVar
 
                                                                                               
 
 
Predicted and decision variables

Type         Variable     Label

TARGET       DepVar       DepVar             
PREDICTED    P_DepVar1    Predicted: DepVar=1
RESIDUAL     R_DepVar1    Residual: DepVar=1 
PREDICTED    P_DepVar0    Predicted: DepVar=0
RESIDUAL     R_DepVar0    Residual: DepVar=0 
FROM         F_DepVar     From: DepVar       
INTO         I_DepVar     Into: DepVar       
 
                                                                                               
 
 
Variable Importance

Obs   NAME                  LABEL                 NRULES   IMPORTANCE   VIMPORTANCE    RATIO

  1   AcceptedCmpTotal                               3       1.0000        1.0000     1.0000
  2   Recency               Recency                  2       0.8091        0.7956     0.9833
  3   NumCatalogPurchases   NumCatalogPurchases      2       0.4616        0.4213     0.9127
  4   NumStorePurchases     NumStorePurchases        3       0.4420        0.1258     0.2846
  5   NumWebVisitsMonth     NumWebVisitsMonth        2       0.3951        0.4860     1.2300
  6   Marital_Status        Marital_Status           1       0.2679        0.0000     0.0000
  7   Kidhome               Kidhome                  1       0.1905        0.2196     1.1530
  8   MntFishProducts       MntFishProducts          1       0.1800        0.2774     1.5408
  9   NumDealsPurchases     NumDealsPurchases        1       0.1743        0.2513     1.4417
 10   RFMstat                                        1       0.1642        0.1066     0.6495
 
                                                                                               
 
Tree Leaf Report

                                 Training
                   Training       Percent     Validation     Validation
Node    Depth    Observations        1       Observations     Percent 1

  5       2          1226          0.02           498           0.01   
 30       5           414          0.08           184           0.10   
 14       3           281          0.17           132           0.18   
 32       5            70          0.19            28           0.29   
 23       4            62          0.77            31           0.58   
 13       3            57          0.95            11           1.00   
 41       5            55          0.25            24           0.33   
 53       6            34          0.74            14           0.79   
 15       3            29          0.69            21           0.67   
 35       5            29          0.86             7           0.86   
 57       6            28          0.86            13           0.69   
 52       6            21          0.33            15           0.40   
 56       6            18          0.39             6           0.33   
 36       5            15          0.00            13           0.31   
 51       6            12          0.08             6           0.50   
 50       6             9          0.78             1           1.00   
 34       5             7          0.29             5           0.20   
 37       5             7          0.57             9           0.56   
