 
                                                                                               
 
 
Fit Statistics

Target=DepVar Target Label=DepVar

   Fit
Statistics    Statistics Label                     Train    Validation

 _DFT_        Total Degrees of Freedom           2374.00          .   
 _DFE_        Degrees of Freedom for Error       2253.00          .   
 _DFM_        Model Degrees of Freedom            121.00          .   
 _NW_         Number of Estimated Weights         121.00          .   
 _AIC_        Akaike's Information Criterion      680.40          .   
 _SBC_        Schwarz's Bayesian Criterion       1378.85          .   
 _ASE_        Average Squared Error                 0.03         0.04 
 _MAX_        Maximum Absolute Error                1.00         1.00 
 _DIV_        Divisor for ASE                    4748.00      2036.00 
 _NOBS_       Sum of Frequencies                 2374.00      1018.00 
 _RASE_       Root Average Squared Error            0.16         0.19 
 _SSE_        Sum of Squared Errors               122.01        72.88 
 _SUMW_       Sum of Case Weights Times Freq     4748.00      2036.00 
 _FPE_        Final Prediction Error                0.03          .   
 _MSE_        Mean Squared Error                    0.03         0.04 
 _RFPE_       Root Final Prediction Error           0.17          .   
 _RMSE_       Root Mean Squared Error               0.16         0.19 
 _AVERR_      Average Error Function                0.09         0.12 
 _ERR_        Error Function                      438.40       244.19 
 _MISC_       Misclassification Rate                0.03         0.05 
 _WRONG_      Number of Wrong Classifications      76.00        52.00 
 
                                                                                               
 
 
Classification Table

Data Role=TRAIN Target Variable=DepVar Target Label=DepVar

                       Target        Outcome     Frequency       Total
Target    Outcome    Percentage    Percentage      Count      Percentage

  0          0         97.9713       98.2630        1980        83.4035 
  1          0          2.0287       11.4206          41         1.7270 
  0          1          9.9150        1.7370          35         1.4743 
  1          1         90.0850       88.5794         318        13.3951 


Data Role=VALIDATE Target Variable=DepVar Target Label=DepVar

                       Target        Outcome     Frequency       Total
Target    Outcome    Percentage    Percentage      Count      Percentage

  0          0         97.0964       96.8714        836         82.1218 
  1          0          2.9036       16.1290         25          2.4558 
  0          1         17.1975        3.1286         27          2.6523 
  1          1         82.8025       83.8710        130         12.7701 
 
                                                                                               
 
 
Event Classification Table

Data Role=TRAIN Target=DepVar Target Label=DepVar

  False       True        False       True
Negative    Negative    Positive    Positive

   41         1980         35          318  


Data Role=VALIDATE Target=DepVar Target Label=DepVar

  False       True        False       True
Negative    Negative    Positive    Positive

   25          836         27          130  
 
                                                                                               
 
 
Assessment Score Rankings

Data Role=TRAIN Target Variable=DepVar Target Label=DepVar

                                                                                    Mean
                            Cumulative       %      Cumulative     Number of     Posterior
Depth      Gain     Lift       Lift      Response   % Response   Observations   Probability

   5    555.724   6.55724     6.55724     99.1597     99.1597         119         0.99568  
  10    541.832   6.27939     6.41832     94.9580     97.0588         119         0.89983  
  15    492.745   4.94572     5.92745     74.7899     89.6359         119         0.68616  
  20    383.083   1.51310     4.83083     22.8814     73.0526         118         0.26892  
  25    291.870   0.27785     3.91870      4.2017     59.2593         119         0.07871  
  30    227.395   0.05557     3.27395      0.8403     49.5091         119         0.03602  
  35    182.497   0.11208     2.82497      1.6949     42.7196         118         0.01774  
  40    148.503   0.11114     2.48503      1.6807     37.5789         119         0.00661  
  45    121.458   0.05557     2.21458      0.8403     33.4892         119         0.00237  
  50    100.000   0.05604     2.00000      0.8475     30.2443         118         0.00089  
  55     81.776   0.00000     1.81776      0.0000     27.4885         119         0.00041  
  60     66.596   0.00000     1.66596      0.0000     25.1930         119         0.00024  
  65     53.756   0.00000     1.53756      0.0000     23.2513         119         0.00017  
  70     42.840   0.00000     1.42840      0.0000     21.6005         118         0.00014  
  75     33.296   0.00000     1.33296      0.0000     20.1572         119         0.00013  
  80     24.947   0.00000     1.24947      0.0000     18.8947         119         0.00012  
  85     17.641   0.00000     1.17641      0.0000     17.7899         118         0.00012  
  90     11.090   0.00000     1.11090      0.0000     16.7993         119         0.00012  
  95      5.230   0.00000     1.05230      0.0000     15.9131         119         0.00012  
 100      0.000   0.00000     1.00000      0.0000     15.1222         118         0.00012  


Data Role=VALIDATE Target Variable=DepVar Target Label=DepVar

                                                                                    Mean
                            Cumulative       %      Cumulative     Number of     Posterior
Depth      Gain     Lift       Lift      Response   % Response   Observations   Probability

   5    556.774   6.56774     6.56774     100.000     100.000         51          0.99431  
  10    518.140   5.79507     6.18140      88.235      94.118         51          0.89855  
  15    458.043   4.37849     5.58043      66.667      84.967         51          0.68672  
  20    366.825   1.93169     4.66825      29.412      71.078         51          0.30155  
  25    288.913   0.77268     3.88913      11.765      59.216         51          0.08733  
  30    226.241   0.12878     3.26241       1.961      49.673         51          0.03678  
  35    181.475   0.12878     2.81475       1.961      42.857         51          0.01818  
  40    147.900   0.12878     2.47900       1.961      37.745         51          0.00827  
  45    120.356   0.00000     2.20356       0.000      33.551         51          0.00277  
  50    100.000   0.13135     2.00000       2.000      30.452         50          0.00091  
  55     81.786   0.00000     1.81786       0.000      27.679         51          0.00041  
  60     66.612   0.00000     1.66612       0.000      25.368         51          0.00023  
  65     53.776   0.00000     1.53776       0.000      23.414         51          0.00016  
  70     42.777   0.00000     1.42777       0.000      21.739         51          0.00014  
  75     33.246   0.00000     1.33246       0.000      20.288         51          0.00013  
  80     24.908   0.00000     1.24908       0.000      19.018         51          0.00012  
  85     17.552   0.00000     1.17552       0.000      17.898         51          0.00012  
  90     11.014   0.00000     1.11014       0.000      16.903         51          0.00012  
  95      5.165   0.00000     1.05165       0.000      16.012         51          0.00012  
 100      0.000   0.00000     1.00000       0.000      15.226         50          0.00012  
 
                                                                                               
 
 
Assessment Score Distribution

Data Role=TRAIN Target Variable=DepVar Target Label=DepVar

 Posterior     Number                     Mean
Probability      of      Number of     Posterior
   Range       Events    Nonevents    Probability    Percentage

 0.95-1.00       148           1        0.99013         6.2763 
 0.90-0.95        20           0        0.92909         0.8425 
 0.85-0.90        49           3        0.86986         2.1904 
 0.80-0.85        29           6        0.82638         1.4743 
 0.75-0.80        22           6        0.77791         1.1794 
 0.70-0.75         8           5        0.72675         0.5476 
 0.65-0.70        10           4        0.67926         0.5897 
 0.60-0.65        13           1        0.62795         0.5897 
 0.55-0.60        13           4        0.57207         0.7161 
 0.50-0.55         6           5        0.52151         0.4634 
 0.45-0.50         5           3        0.48004         0.3370 
 0.40-0.45         4           7        0.42390         0.4634 
 0.35-0.40         7          15        0.37699         0.9267 
 0.30-0.35         2           6        0.33511         0.3370 
 0.25-0.30         4          11        0.27375         0.6318 
 0.20-0.25         2          12        0.22417         0.5897 
 0.15-0.20         3          23        0.17300         1.0952 
 0.10-0.15         5          43        0.12218         2.0219 
 0.05-0.10         2          70        0.07170         3.0329 
 0.00-0.05         7        1790        0.00477        75.6950 


Data Role=VALIDATE Target Variable=DepVar Target Label=DepVar

 Posterior     Number                     Mean
Probability      of      Number of     Posterior
   Range       Events    Nonevents    Probability    Percentage

 0.95-1.00       60           1         0.98948         5.9921 
 0.90-0.95       10           2         0.93284         1.1788 
 0.85-0.90       20           2         0.86834         2.1611 
 0.80-0.85       18           4         0.82242         2.1611 
 0.75-0.80        2           2         0.78187         0.3929 
 0.70-0.75        1           1         0.72180         0.1965 
 0.65-0.70        5           3         0.67002         0.7859 
 0.60-0.65        5           3         0.62853         0.7859 
 0.55-0.60        7           2         0.57437         0.8841 
 0.50-0.55        2           7         0.52516         0.8841 
 0.45-0.50        3           2         0.45964         0.4912 
 0.40-0.45        0           1         0.44037         0.0982 
 0.35-0.40        3           4         0.37064         0.6876 
 0.30-0.35        2           1         0.33905         0.2947 
 0.25-0.30        1           9         0.27580         0.9823 
 0.20-0.25        2           8         0.22279         0.9823 
 0.15-0.20        4           8         0.17891         1.1788 
 0.10-0.15        4          10         0.12466         1.3752 
 0.05-0.10        2          35         0.07051         3.6346 
 0.00-0.05        4         758         0.00452        74.8527 
