MPRINT(EM_DIAGRAM):    data _null_;
MPRINT(EM_DIAGRAM):   call symput('NLDATE', strip(put(date(), NLDATE.)));
MPRINT(EM_DIAGRAM):   call symput('NLTIME', strip(put(datetime(), NLTIME.)));
MPRINT(EM_DIAGRAM):   run;
MPRINT(EM_DIAGRAM):   data _null_;
MPRINT(EM_DIAGRAM):   nldate= sasmsg("sashelp.dmine", "log_date_note", 'N', "19. April 2016" );
MPRINT(EM_DIAGRAM):   nltime= sasmsg("sashelp.dmine", "log_time_note", 'N', "11.01 Uhr" );
MPRINT(EM_DIAGRAM):   put "*------------------------------------------------------------*";
MPRINT(EM_DIAGRAM):   put "* Report Log";
MPRINT(EM_DIAGRAM):   put nldate;
MPRINT(EM_DIAGRAM):   put nltime;
MPRINT(EM_DIAGRAM):   put "*------------------------------------------------------------*";
MPRINT(EM_DIAGRAM):   run;
*------------------------------------------------------------*
* Report Log
Date:                19. April 2016
Time:                11.01 Uhr
*------------------------------------------------------------*
MPRINT(EM_DIAGRAM):    filename O3GYM3F7 "C:\\predictive-models-project\Workspaces\EMWS8\Meta2\EMREPORT.out" encoding="UTF-8" NOBOM;
MPRINT(EM_DIAGRAM):   proc printto print=O3GYM3F7 new;
MPRINT(EM_DIAGRAM):   run;
45896      proc print data = EMWS8.Meta2_CMeta_TRAIN(obs=500) noobs label;
MPRINT(EM_DIAGRAM):    proc print data = EMWS8.Meta2_CMeta_TRAIN(obs=500) noobs label;
45897      var name role level creator label;
MPRINT(EM_DIAGRAM):   var name role level creator label;
45898      label NAME = "%sysfunc(sasmsg(sashelp.dmine, meta_name_vlabel,      NOQUOTE))" LEVEL = "%sysfunc(sasmsg(sashelp.dmine, meta_level_vlabel,     NOQUOTE))" ROLE = "%sysfunc(sasmsg(sashelp.dmine, meta_role_vlabel,      NOQUOTE))" CREATOR =
45899         "%sysfunc(sasmsg(sashelp.dmine, meta_creator_vlabel,   NOQUOTE))" LABEL = "%sysfunc(sasmsg(sashelp.dmine, meta_label_vlabel,     NOQUOTE))";
MPRINT(EM_DIAGRAM):   label NAME = "Variable Name" LEVEL = "Measurement Level" ROLE = "Role" CREATOR = "Creator" LABEL = "Label";
45900      format label $32.;
MPRINT(EM_DIAGRAM):   format label $32.;
45901      title9 "%sysfunc(sasmsg(sashelp.dmine, rpt_exptattributes_title, NOQUOTE, TRAIN))";
MPRINT(EM_DIAGRAM):   title9 "Exported Attributes for TRAIN Port";
45902      title10 "%sysfunc(sasmsg(sashelp.dmine, rpt_maxObsPrinted_title, NOQUOTE))";
MPRINT(EM_DIAGRAM):   title10 "(maximum 500 observations printed)";
MPRINT(EM_DIAGRAM):   run;
45903      run;

NOTE: There were 36 observations read from the data set EMWS8.META2_CMETA_TRAIN.
NOTE: The PROCEDURE PRINT printed page 14.
NOTE: PROCEDURE PRINT used (Total process time):
      real time           0.02 seconds
      cpu time            0.01 seconds
      

45904      title9;
MPRINT(EM_DIAGRAM):   title9;
45905      title10;
MPRINT(EM_DIAGRAM):   title10;
MPRINT(EM_DIAGRAM):    proc printto;
MPRINT(EM_DIAGRAM):   run;
