MPRINT(EM_DIAGRAM):    data _null_;
MPRINT(EM_DIAGRAM):   call symput('NLDATE', strip(put(date(), NLDATE.)));
MPRINT(EM_DIAGRAM):   call symput('NLTIME', strip(put(datetime(), NLTIME.)));
MPRINT(EM_DIAGRAM):   run;
MPRINT(EM_DIAGRAM):   data _null_;
MPRINT(EM_DIAGRAM):   nldate= sasmsg("sashelp.dmine", "log_date_note", 'N', "11 de Abril de 2016" );
MPRINT(EM_DIAGRAM):   nltime= sasmsg("sashelp.dmine", "log_time_note", 'N', "13H43m" );
MPRINT(EM_DIAGRAM):   put "*------------------------------------------------------------*";
MPRINT(EM_DIAGRAM):   put "* Training Log";
MPRINT(EM_DIAGRAM):   put nldate;
MPRINT(EM_DIAGRAM):   put nltime;
MPRINT(EM_DIAGRAM):   put "*------------------------------------------------------------*";
MPRINT(EM_DIAGRAM):   run;
*------------------------------------------------------------*
* Training Log
Date:                11 de Abril de 2016
Time:                13H43m
*------------------------------------------------------------*
MPRINT(EM_DIAGRAM):    filename O186AQK1 "C:\\predictive-models-project\Workspaces\EMWS8\Plot\EMTRAIN.out" encoding="UTF-8" NOBOM;
MPRINT(EM_DIAGRAM):   proc printto print=O186AQK1 new;
MPRINT(EM_DIAGRAM):   run;
MPRINT(EM_DIAGRAM):    filename _LOG "C:\\predictive-models-project\Workspaces\EMWS8\Plot\EMLOG.log" encoding="UTF-8" NOBOM;
MPRINT(EM_DIAGRAM):    data _null_;
MPRINT(EM_DIAGRAM):   call symput('NLDATE', strip(put(date(), NLDATE.)));
MPRINT(EM_DIAGRAM):   call symput('NLTIME', strip(put(datetime(), NLTIME.)));
MPRINT(EM_DIAGRAM):   run;
MPRINT(EM_DIAGRAM):   data _null_;
MPRINT(EM_DIAGRAM):   nldate= sasmsg("sashelp.dmine", "log_date_note", 'N', "11 de Abril de 2016" );
MPRINT(EM_DIAGRAM):   nltime= sasmsg("sashelp.dmine", "log_time_note", 'N', "13H43m" );
MPRINT(EM_DIAGRAM):   file _LOG;
MPRINT(EM_DIAGRAM):   put "*------------------------------------------------------------*";
MPRINT(EM_DIAGRAM):   put "User:                Paul Englert";
MPRINT(EM_DIAGRAM):   put nldate;
MPRINT(EM_DIAGRAM):   put nltime;
MPRINT(EM_DIAGRAM):   put "Site:                70107571";
MPRINT(EM_DIAGRAM):   put "Platform:            X64_8PRO";
MPRINT(EM_DIAGRAM):   put "Maintenance Release: 9.03.01M2P081512";
MPRINT(EM_DIAGRAM):   put "EM Version:          12.1";
MPRINT(EM_DIAGRAM):   put "* ";
MPRINT(EM_DIAGRAM):   run;
MPRINT(EM_DIAGRAM):    filename _LOGIN "C:\\predictive-models-project\Workspaces\EMWS8\Plot\EMTRAIN.log" encoding="UTF-8" NOBOM;
MPRINT(EM_COPYFILE):   data _null_;
MPRINT(EM_COPYFILE):   length line $20000;
MPRINT(EM_COPYFILE):   file _LOG MOD lrecl=20000;
MPRINT(EM_COPYFILE):   fid=fopen("_LOGIN",'i',20000,'v');
MPRINT(EM_COPYFILE):   if fid > 0 then do;
MPRINT(EM_COPYFILE):   do while(^fread(fid));
MPRINT(EM_COPYFILE):   rlen = frlen(fid);
MPRINT(EM_COPYFILE):   rc= fget(fid,line,20000);
MPRINT(EM_COPYFILE):   start = length(line)-length(left(line))+1;
MPRINT(EM_COPYFILE):   line=strip(line);
MPRINT(EM_COPYFILE):   put @start line;
MPRINT(EM_COPYFILE):   end;
MPRINT(EM_COPYFILE):   if fid > 0 then rc=fclose(fid);
MPRINT(EM_COPYFILE):   end;
MPRINT(EM_COPYFILE):   run;
MPRINT(EM_DIAGRAM):  ;
MPRINT(EM_DIAGRAM):   filename _LOGIN;
MPRINT(EM_DIAGRAM):    data _null_;
MPRINT(EM_DIAGRAM):   file _LOG mod;
MPRINT(EM_DIAGRAM):   put _page_;
MPRINT(EM_DIAGRAM):   run;
MPRINT(EM_DIAGRAM):   filename _LOGIN "C:\\predictive-models-project\Workspaces\EMWS8\Plot\EMSCORE.log" encoding="UTF-8" NOBOM;
MPRINT(EM_DIAGRAM):  ;
MPRINT(EM_DIAGRAM):   data _null_;
MPRINT(EM_DIAGRAM):   file _LOG mod;
MPRINT(EM_DIAGRAM):   put _page_;
MPRINT(EM_DIAGRAM):   run;
MPRINT(EM_DIAGRAM):    filename _LOGIN "C:\\predictive-models-project\Workspaces\EMWS8\Plot\EMREPORT.log" encoding="UTF-8" NOBOM;
MPRINT(EM_DIAGRAM):  ;
MPRINT(EM_DIAGRAM):   filename _LOGIN;
MPRINT(EM_DIAGRAM):    filename _LOG;
MPRINT(EM_DIAGRAM):    filename _OUT "C:\\predictive-models-project\Workspaces\EMWS8\Plot\EMOUTPUT.out" encoding="UTF-8" NOBOM;
MPRINT(EM_DIAGRAM):    data _null_;
MPRINT(EM_DIAGRAM):   call symput('NLDATE', strip(put(date(), NLDATE.)));
MPRINT(EM_DIAGRAM):   call symput('NLTIME', strip(put(datetime(), NLTIME.)));
MPRINT(EM_DIAGRAM):   run;
MPRINT(EM_DIAGRAM):   data _null_;
MPRINT(EM_DIAGRAM):   nldate= sasmsg("sashelp.dmine", "log_date_note", 'N', "11 de Abril de 2016" );
MPRINT(EM_DIAGRAM):   nltime= sasmsg("sashelp.dmine", "log_time_note", 'N', "13H43m" );
MPRINT(EM_DIAGRAM):   file _OUT;
MPRINT(EM_DIAGRAM):   put "*------------------------------------------------------------*";
MPRINT(EM_DIAGRAM):   put "User:                Paul Englert";
MPRINT(EM_DIAGRAM):   put nldate;
MPRINT(EM_DIAGRAM):   put nltime;
MPRINT(EM_DIAGRAM):   put "*------------------------------------------------------------*";
MPRINT(EM_DIAGRAM):   put "* Training Output";
MPRINT(EM_DIAGRAM):   put "*------------------------------------------------------------*";
MPRINT(EM_DIAGRAM):   run;
MPRINT(EM_DIAGRAM):    filename _OUTIN "C:\\predictive-models-project\Workspaces\EMWS8\Plot\EMTRAIN.out" encoding="UTF-8" NOBOM;
MPRINT(EM_DIAGRAM):   ;
MPRINT(EM_COPYFILE):   data _null_;
MPRINT(EM_COPYFILE):   length line $20000;
MPRINT(EM_COPYFILE):   file _OUT MOD lrecl=20000;
MPRINT(EM_COPYFILE):   fid=fopen("_OUTIN",'i',20000,'v');
MPRINT(EM_COPYFILE):   if fid > 0 then do;
MPRINT(EM_COPYFILE):   do while(^fread(fid));
MPRINT(EM_COPYFILE):   rlen = frlen(fid);
MPRINT(EM_COPYFILE):   rc= fget(fid,line,20000);
MPRINT(EM_COPYFILE):   start = length(line)-length(left(line))+1;
MPRINT(EM_COPYFILE):   line=strip(line);
MPRINT(EM_COPYFILE):   put @start line;
MPRINT(EM_COPYFILE):   end;
MPRINT(EM_COPYFILE):   if fid > 0 then rc=fclose(fid);
MPRINT(EM_COPYFILE):   end;
MPRINT(EM_COPYFILE):   run;
MPRINT(EM_DIAGRAM):  ;
MPRINT(EM_DIAGRAM):   filename _OUTIN;
MPRINT(EM_DIAGRAM):    data _null_;
MPRINT(EM_DIAGRAM):   file _OUT mod;
MPRINT(EM_DIAGRAM):   put _page_;
MPRINT(EM_DIAGRAM):   put // "*------------------------------------------------------------*";
MPRINT(EM_DIAGRAM):   put "* Score Output";
MPRINT(EM_DIAGRAM):   put "*------------------------------------------------------------*";
MPRINT(EM_DIAGRAM):   run;
MPRINT(EM_DIAGRAM):    filename _OUTIN "C:\\predictive-models-project\Workspaces\EMWS8\Plot\EMSCORE.out" encoding="UTF-8" NOBOM;
MPRINT(EM_DIAGRAM):  ;
MPRINT(EM_DIAGRAM):   filename _OUTIN;
MPRINT(EM_DIAGRAM):    data _null_;
MPRINT(EM_DIAGRAM):   file _OUT mod;
MPRINT(EM_DIAGRAM):   put _page_;
MPRINT(EM_DIAGRAM):   put // "*------------------------------------------------------------*";
MPRINT(EM_DIAGRAM):   put "* Report Output";
MPRINT(EM_DIAGRAM):   put "*------------------------------------------------------------*";
MPRINT(EM_DIAGRAM):   run;
MPRINT(EM_DIAGRAM):    filename _OUTIN "C:\\predictive-models-project\Workspaces\EMWS8\Plot\EMREPORT.out" encoding="UTF-8" NOBOM;
MPRINT(EM_DIAGRAM):  ;
MPRINT(EM_DIAGRAM):   filename _OUTIN;
MPRINT(EM_DIAGRAM):    filename _OUT;
MPRINT(EM_DIAGRAM):    filename _emtool_ 'C:\\predictive-models-project\Workspaces\EMWS8\Plot\EMRUNSTATUS.xml' encoding="UTF-8" NOBOM;
20723      proc freq data=EMWS8.Plot_VariableSet noprint;
MPRINT(EM_DIAGRAM):    proc freq data=EMWS8.Plot_VariableSet noprint;
20724      table ROLE*LEVEL/out=WORK.PlotMETA;
MPRINT(EM_DIAGRAM):   table ROLE*LEVEL/out=WORK.PlotMETA;
20725      run;
MPRINT(EM_DIAGRAM):   run;

NOTE: There were 33 observations read from the data set EMWS8.PLOT_VARIABLESET.
NOTE: The data set WORK.PLOTMETA has 6 observations and 4 variables.
NOTE: PROCEDURE FREQ used (Total process time):
      real time           0.03 seconds
      cpu time            0.00 seconds
      

20726      proc print data=WORK.PlotMETA label noobs;
MPRINT(EM_DIAGRAM):   proc print data=WORK.PlotMETA label noobs;
20727      var ROLE LEVEL COUNT;
MPRINT(EM_DIAGRAM):   var ROLE LEVEL COUNT;
20728      label ROLE = "%sysfunc(sasmsg(sashelp.dmine, meta_role_vlabel, NOQUOTE))" LEVEL = "%sysfunc(sasmsg(sashelp.dmine, meta_level_vlabel, NOQUOTE))" COUNT = "%sysfunc(sasmsg(sashelp.dmine, rpt_count_vlabel, NOQUOTE))";
MPRINT(EM_DIAGRAM):   label ROLE = "Role" LEVEL = "Measurement Level" COUNT = "Frequency Count";
20729      title9 ' ';
MPRINT(EM_DIAGRAM):   title9 ' ';
20730      title10 "%sysfunc(sasmsg(sashelp.dmine, rpt_varSummary_title  , NOQUOTE))";
MPRINT(EM_DIAGRAM):   title10 "Variable Summary";
MPRINT(EM_DIAGRAM):   run;
20731      run;

NOTE: There were 6 observations read from the data set WORK.PLOTMETA.
NOTE: The PROCEDURE PRINT printed page 1.
NOTE: PROCEDURE PRINT used (Total process time):
      real time           0.00 seconds
      cpu time            0.00 seconds
      

20732      title10;
MPRINT(EM_DIAGRAM):   title10;
MPRINT(EM_DIAGRAM):    data WORK.M06JFG2J;
MPRINT(EM_DIAGRAM):   set WORK.M06JFG2J;
MPRINT(EM_DIAGRAM):   if role = 'TARGET' and use in ('Y', 'D') then do;
MPRINT(EM_DIAGRAM):   role = 'TARGET';
MPRINT(EM_DIAGRAM):   output;
MPRINT(EM_DIAGRAM):   end;
MPRINT(EM_DIAGRAM):   else if role in('REJECTED' 'PREDICT' 'RESIDUAL' 'GROUP' 'ASSESS') and use = 'Y' then do;
MPRINT(EM_DIAGRAM):   role = 'INPUT';
MPRINT(EM_DIAGRAM):   output;
MPRINT(EM_DIAGRAM):   end;
MPRINT(EM_DIAGRAM):   else if role = 'INPUT' and use in ('Y', 'D') then do;
MPRINT(EM_DIAGRAM):   role = 'INPUT';
MPRINT(EM_DIAGRAM):   output;
MPRINT(EM_DIAGRAM):   end;
MPRINT(EM_DIAGRAM):   else if role = 'FREQ' and use = 'Y' then do;
MPRINT(EM_DIAGRAM):   role = 'FREQ';
MPRINT(EM_DIAGRAM):   output;
MPRINT(EM_DIAGRAM):   end;
MPRINT(EM_DIAGRAM):   else delete;
MPRINT(EM_DIAGRAM):   run;
20753      *------------------------------------------------------------* ;
MPRINT(EM_DIAGRAM):    *------------------------------------------------------------* ;
20754      * Plot: DMDBClass Macro ;
MPRINT(EM_DIAGRAM):   * Plot: DMDBClass Macro ;
20755      *------------------------------------------------------------* ;
MPRINT(EM_DIAGRAM):   *------------------------------------------------------------* ;
20756      %macro DMDBClass;
20757          AcceptedCmp1(ASC) AcceptedCmp2(ASC) AcceptedCmp3(ASC) AcceptedCmp4(ASC)
20758         AcceptedCmp5(ASC) Complain(ASC) DepVar(DESC) Dt_Customer(ASC) Education(ASC)
20759         Income(ASC) Kidhome(ASC) Marital_Status(ASC) MntFishProducts(ASC)
20760         MntFruits(ASC) MntGoldProds(ASC) MntMeatProducts(ASC) MntSweetProducts(ASC)
20761         MntWines(ASC) NumCatalogPurchases(ASC) NumDealsPurchases(ASC)
20762         NumStorePurchases(ASC) NumWebPurchases(ASC) NumWebVisitsMonth(ASC) Recency(ASC)
20763         Teenhome(ASC) Year_Birth(ASC)
20764      %mend DMDBClass;
20765      *------------------------------------------------------------*;
MPRINT(EM_DIAGRAM):   *------------------------------------------------------------*;
20766      * Plot: Create DMDB;
MPRINT(EM_DIAGRAM):   * Plot: Create DMDB;
20767      *------------------------------------------------------------*;
MPRINT(EM_DIAGRAM):   *------------------------------------------------------------*;
20768      proc dmdb batch data=EMWS8.FIMPORT_train
20769      dmdbcat=WORK.Plot_DMDB
20770      maxlevel = 23
20771      nonorm
20772      ;
MPRINT(EM_DIAGRAM):   proc dmdb batch data=EMWS8.FIMPORT_train dmdbcat=WORK.Plot_DMDB maxlevel = 23 nonorm ;
MPRINT(EM_DIAGRAM):   class
20773      class %DMDBClass;
MPRINT(DMDBCLASS):   AcceptedCmp1(ASC) AcceptedCmp2(ASC) AcceptedCmp3(ASC) AcceptedCmp4(ASC) AcceptedCmp5(ASC) Complain(ASC) DepVar(DESC) Dt_Customer(ASC) Education(ASC) Income(ASC) Kidhome(ASC) Marital_Status(ASC) MntFishProducts(ASC) MntFruits(ASC) 
MntGoldProds(ASC) MntMeatProducts(ASC) MntSweetProducts(ASC) MntWines(ASC) NumCatalogPurchases(ASC) NumDealsPurchases(ASC) NumStorePurchases(ASC) NumWebPurchases(ASC) NumWebVisitsMonth(ASC) Recency(ASC) Teenhome(ASC) Year_Birth(ASC)
MPRINT(EM_DIAGRAM):  ;
20774      target
20775      DepVar
20776      ;
MPRINT(EM_DIAGRAM):   target DepVar ;
20777      run;
MPRINT(EM_DIAGRAM):   run;

NOTE: Records processed = 3500   Memory used = 511K.
NOTE: View EMWS8.FIMPORT_TRAIN.VIEW used (Total process time):
      real time           0.07 seconds
      cpu time            0.07 seconds
      
NOTE: There were 3500 observations read from the data set EMWS8.FIMPORT_DATA.
NOTE: There were 3500 observations read from the data set EMWS8.FIMPORT_TRAIN.
NOTE: PROCEDURE DMDB used (Total process time):
      real time           0.09 seconds
      cpu time            0.10 seconds
      

MPRINT(EM_DIAGRAM):   quit;
20778      quit;

20779      *------------------------------------------------------------*;
MPRINT(EM_DIAGRAM):    *------------------------------------------------------------*;
20780      * Plot: Creating variable by class target charts;
MPRINT(EM_DIAGRAM):   * Plot: Creating variable by class target charts;
20781      *------------------------------------------------------------*;
MPRINT(EM_DIAGRAM):   *------------------------------------------------------------*;
20782      goptions ftext="SWISS";
MPRINT(EM_DIAGRAM):   goptions ftext="SWISS";
20783      goptions nodisplay device=PNG;
MPRINT(EM_DIAGRAM):   goptions nodisplay device=PNG;
20784      axis1 width=2 offset=(1,1) label=(rotate=90 angle=270) minor=none;
MPRINT(EM_DIAGRAM):   axis1 width=2 offset=(1,1) label=(rotate=90 angle=270) minor=none;
20785      axis2 width=2 minor=none;
MPRINT(EM_DIAGRAM):   axis2 width=2 minor=none;
20786      pattern1 value=solid;
MPRINT(EM_DIAGRAM):   pattern1 value=solid;
20787      proc gchart
20788      data=EMWS8.FIMPORT_train gout=WORK.PlotGRAPH;
MPRINT(EM_DIAGRAM):   proc gchart data=EMWS8.FIMPORT_train gout=WORK.PlotGRAPH;
20789      *;
MPRINT(EM_DIAGRAM):   *;
20790      title "AcceptedCmp1 by DepVar";
MPRINT(EM_DIAGRAM):   title "AcceptedCmp1 by DepVar";
20791      vbar AcceptedCmp1 /
20792      name = "AcceptedCmp1   x DepVar         " description = "AcceptedCmp1 by DepVar"
20793      PERCENT
20794      type=PERCENT
MPRINT(EM_DIAGRAM):   vbar AcceptedCmp1 / name = "AcceptedCmp1   x DepVar         " description = "AcceptedCmp1 by DepVar" PERCENT type=PERCENT subgroup=DepVar noframe missing discrete raxis=axis1 maxis=axis2;
20795      subgroup=DepVar
MPRINT(EM_DIAGRAM):   run;
20796      noframe
20797      missing
20798      discrete
20799      raxis=axis1 maxis=axis2;
20800      run;

20801      title "AcceptedCmp2 by DepVar";
MPRINT(EM_DIAGRAM):   title "AcceptedCmp2 by DepVar";
20802      vbar AcceptedCmp2 /
20803      name = "AcceptedCmp2   x DepVar         " description = "AcceptedCmp2 by DepVar"
20804      PERCENT
20805      type=PERCENT
MPRINT(EM_DIAGRAM):   vbar AcceptedCmp2 / name = "AcceptedCmp2   x DepVar         " description = "AcceptedCmp2 by DepVar" PERCENT type=PERCENT subgroup=DepVar noframe missing discrete raxis=axis1 maxis=axis2;
20806      subgroup=DepVar
MPRINT(EM_DIAGRAM):   run;
20807      noframe
20808      missing
20809      discrete
20810      raxis=axis1 maxis=axis2;
20811      run;

WARNING: The VBAR/VBAR3D chart for AcceptedCmp2 could not be labeled because the labels are wider than the bars.
NOTE: Graph's name, ACCEPTED, changed to ACCEPTE1. ACCEPTED is already used or not a valid SAS name.
20812      title "AcceptedCmp3 by DepVar";
MPRINT(EM_DIAGRAM):   title "AcceptedCmp3 by DepVar";
20813      vbar AcceptedCmp3 /
20814      name = "AcceptedCmp3   x DepVar         " description = "AcceptedCmp3 by DepVar"
20815      PERCENT
20816      type=PERCENT
MPRINT(EM_DIAGRAM):   vbar AcceptedCmp3 / name = "AcceptedCmp3   x DepVar         " description = "AcceptedCmp3 by DepVar" PERCENT type=PERCENT subgroup=DepVar noframe missing discrete raxis=axis1 maxis=axis2;
20817      subgroup=DepVar
MPRINT(EM_DIAGRAM):   run;
20818      noframe
20819      missing
20820      discrete
20821      raxis=axis1 maxis=axis2;
20822      run;

WARNING: The VBAR/VBAR3D chart for AcceptedCmp3 could not be labeled because the labels are wider than the bars.
NOTE: Graph's name, ACCEPTED, changed to ACCEPTE2. ACCEPTED is already used or not a valid SAS name.
20823      title "AcceptedCmp4 by DepVar";
MPRINT(EM_DIAGRAM):   title "AcceptedCmp4 by DepVar";
20824      vbar AcceptedCmp4 /
20825      name = "AcceptedCmp4   x DepVar         " description = "AcceptedCmp4 by DepVar"
20826      PERCENT
20827      type=PERCENT
MPRINT(EM_DIAGRAM):   vbar AcceptedCmp4 / name = "AcceptedCmp4   x DepVar         " description = "AcceptedCmp4 by DepVar" PERCENT type=PERCENT subgroup=DepVar noframe missing discrete raxis=axis1 maxis=axis2;
20828      subgroup=DepVar
MPRINT(EM_DIAGRAM):   run;
20829      noframe
20830      missing
20831      discrete
20832      raxis=axis1 maxis=axis2;
20833      run;

WARNING: The VBAR/VBAR3D chart for AcceptedCmp4 could not be labeled because the labels are wider than the bars.
NOTE: Graph's name, ACCEPTED, changed to ACCEPTE3. ACCEPTED is already used or not a valid SAS name.
20834      title "AcceptedCmp5 by DepVar";
MPRINT(EM_DIAGRAM):   title "AcceptedCmp5 by DepVar";
20835      vbar AcceptedCmp5 /
20836      name = "AcceptedCmp5   x DepVar         " description = "AcceptedCmp5 by DepVar"
20837      PERCENT
20838      type=PERCENT
MPRINT(EM_DIAGRAM):   vbar AcceptedCmp5 / name = "AcceptedCmp5   x DepVar         " description = "AcceptedCmp5 by DepVar" PERCENT type=PERCENT subgroup=DepVar noframe missing discrete raxis=axis1 maxis=axis2;
20839      subgroup=DepVar
MPRINT(EM_DIAGRAM):   run;
20840      noframe
20841      missing
20842      discrete
20843      raxis=axis1 maxis=axis2;
20844      run;

WARNING: The VBAR/VBAR3D chart for AcceptedCmp5 could not be labeled because the labels are wider than the bars.
NOTE: Graph's name, ACCEPTED, changed to ACCEPTE4. ACCEPTED is already used or not a valid SAS name.
20845      title "Complain by DepVar";
MPRINT(EM_DIAGRAM):   title "Complain by DepVar";
20846      vbar Complain /
20847      name = "Complain       x DepVar         " description = "Complain by DepVar"
20848      PERCENT
20849      type=PERCENT
MPRINT(EM_DIAGRAM):   vbar Complain / name = "Complain       x DepVar         " description = "Complain by DepVar" PERCENT type=PERCENT subgroup=DepVar noframe missing discrete raxis=axis1 maxis=axis2;
20850      subgroup=DepVar
MPRINT(EM_DIAGRAM):   run;
20851      noframe
20852      missing
20853      discrete
20854      raxis=axis1 maxis=axis2;
20855      run;

WARNING: The VBAR/VBAR3D chart for Complain could not be labeled because the labels are wider than the bars.
20856      title "Dt_Customer by DepVar";
MPRINT(EM_DIAGRAM):   title "Dt_Customer by DepVar";
20857      vbar Dt_Customer /
20858      name = "Dt_Customer    x DepVar         " description = "Dt_Customer by DepVar"
20859      PERCENT
MPRINT(EM_DIAGRAM):   vbar Dt_Customer / name = "Dt_Customer    x DepVar         " description = "Dt_Customer by DepVar" PERCENT type=PERCENT subgroup=DepVar noframe missing raxis=axis1 maxis=axis2;
20860      type=PERCENT
MPRINT(EM_DIAGRAM):   run;
20861      subgroup=DepVar
20862      noframe
20863      missing
20864      raxis=axis1 maxis=axis2;
20865      run;

WARNING: The VBAR/VBAR3D chart for Dt_Customer could not be labeled because the labels are wider than the bars.
20866      title "Education by DepVar";
MPRINT(EM_DIAGRAM):   title "Education by DepVar";
20867      vbar Education /
20868      name = "Education      x DepVar         " description = "Education by DepVar"
20869      PERCENT
MPRINT(EM_DIAGRAM):   vbar Education / name = "Education      x DepVar         " description = "Education by DepVar" PERCENT type=PERCENT subgroup=DepVar noframe missing raxis=axis1 maxis=axis2;
20870      type=PERCENT
MPRINT(EM_DIAGRAM):   run;
20871      subgroup=DepVar
20872      noframe
20873      missing
20874      raxis=axis1 maxis=axis2;
20875      run;

20876      title "Income by DepVar";
MPRINT(EM_DIAGRAM):   title "Income by DepVar";
20877      vbar Income /
20878      name = "Income         x DepVar         " description = "Income by DepVar"
20879      PERCENT
MPRINT(EM_DIAGRAM):   vbar Income / name = "Income         x DepVar         " description = "Income by DepVar" PERCENT type=PERCENT subgroup=DepVar noframe missing raxis=axis1 maxis=axis2;
20880      type=PERCENT
MPRINT(EM_DIAGRAM):   run;
20881      subgroup=DepVar
20882      noframe
20883      missing
20884      raxis=axis1 maxis=axis2;
20885      run;

WARNING: The VBAR/VBAR3D chart for Income could not be labeled because the labels are wider than the bars.
20886      title "Kidhome by DepVar";
MPRINT(EM_DIAGRAM):   title "Kidhome by DepVar";
20887      vbar Kidhome /
20888      name = "Kidhome        x DepVar         " description = "Kidhome by DepVar"
20889      PERCENT
20890      type=PERCENT
MPRINT(EM_DIAGRAM):   vbar Kidhome / name = "Kidhome        x DepVar         " description = "Kidhome by DepVar" PERCENT type=PERCENT subgroup=DepVar noframe missing discrete raxis=axis1 maxis=axis2;
20891      subgroup=DepVar
MPRINT(EM_DIAGRAM):   run;
20892      noframe
20893      missing
20894      discrete
20895      raxis=axis1 maxis=axis2;
20896      run;

WARNING: The VBAR/VBAR3D chart for Kidhome could not be labeled because the labels are wider than the bars.
20897      title "Marital_Status by DepVar";
MPRINT(EM_DIAGRAM):   title "Marital_Status by DepVar";
20898      vbar Marital_Status /
20899      name = "Marital_Status x DepVar         " description = "Marital_Status by DepVar"
20900      PERCENT
MPRINT(EM_DIAGRAM):   vbar Marital_Status / name = "Marital_Status x DepVar         " description = "Marital_Status by DepVar" PERCENT type=PERCENT subgroup=DepVar noframe missing raxis=axis1 maxis=axis2;
20901      type=PERCENT
MPRINT(EM_DIAGRAM):   run;
20902      subgroup=DepVar
20903      noframe
20904      missing
20905      raxis=axis1 maxis=axis2;
20906      run;

20907      title "MntFishProducts by DepVar";
MPRINT(EM_DIAGRAM):   title "MntFishProducts by DepVar";
20908      vbar MntFishProducts /
20909      name = "MntFishProductsx DepVar         " description = "MntFishProducts by DepVar"
20910      PERCENT
MPRINT(EM_DIAGRAM):   vbar MntFishProducts / name = "MntFishProductsx DepVar         " description = "MntFishProducts by DepVar" PERCENT type=PERCENT subgroup=DepVar noframe missing raxis=axis1 maxis=axis2;
20911      type=PERCENT
MPRINT(EM_DIAGRAM):   run;
20912      subgroup=DepVar
20913      noframe
20914      missing
20915      raxis=axis1 maxis=axis2;
20916      run;

WARNING: The VBAR/VBAR3D chart for MntFishProducts could not be labeled because the labels are wider than the bars.
20917      title "MntFruits by DepVar";
MPRINT(EM_DIAGRAM):   title "MntFruits by DepVar";
20918      vbar MntFruits /
20919      name = "MntFruits      x DepVar         " description = "MntFruits by DepVar"
20920      PERCENT
MPRINT(EM_DIAGRAM):   vbar MntFruits / name = "MntFruits      x DepVar         " description = "MntFruits by DepVar" PERCENT type=PERCENT subgroup=DepVar noframe missing raxis=axis1 maxis=axis2;
20921      type=PERCENT
MPRINT(EM_DIAGRAM):   run;
20922      subgroup=DepVar
20923      noframe
20924      missing
20925      raxis=axis1 maxis=axis2;
20926      run;

WARNING: The VBAR/VBAR3D chart for MntFruits could not be labeled because the labels are wider than the bars.
20927      title "MntGoldProds by DepVar";
MPRINT(EM_DIAGRAM):   title "MntGoldProds by DepVar";
20928      vbar MntGoldProds /
20929      name = "MntGoldProds   x DepVar         " description = "MntGoldProds by DepVar"
20930      PERCENT
MPRINT(EM_DIAGRAM):   vbar MntGoldProds / name = "MntGoldProds   x DepVar         " description = "MntGoldProds by DepVar" PERCENT type=PERCENT subgroup=DepVar noframe missing raxis=axis1 maxis=axis2;
20931      type=PERCENT
MPRINT(EM_DIAGRAM):   run;
20932      subgroup=DepVar
20933      noframe
20934      missing
20935      raxis=axis1 maxis=axis2;
20936      run;

WARNING: The VBAR/VBAR3D chart for MntGoldProds could not be labeled because the labels are wider than the bars.
20937      title "MntMeatProducts by DepVar";
MPRINT(EM_DIAGRAM):   title "MntMeatProducts by DepVar";
20938      vbar MntMeatProducts /
20939      name = "MntMeatProductsx DepVar         " description = "MntMeatProducts by DepVar"
20940      PERCENT
MPRINT(EM_DIAGRAM):   vbar MntMeatProducts / name = "MntMeatProductsx DepVar         " description = "MntMeatProducts by DepVar" PERCENT type=PERCENT subgroup=DepVar noframe missing raxis=axis1 maxis=axis2;
20941      type=PERCENT
MPRINT(EM_DIAGRAM):   run;
20942      subgroup=DepVar
20943      noframe
20944      missing
20945      raxis=axis1 maxis=axis2;
20946      run;

WARNING: The VBAR/VBAR3D chart for MntMeatProducts could not be labeled because the labels are wider than the bars.
20947      title "MntSweetProducts by DepVar";
MPRINT(EM_DIAGRAM):   title "MntSweetProducts by DepVar";
20948      vbar MntSweetProducts /
20949      name = "MntSweetProductx DepVar         " description = "MntSweetProducts by DepVar"
20950      PERCENT
MPRINT(EM_DIAGRAM):   vbar MntSweetProducts / name = "MntSweetProductx DepVar         " description = "MntSweetProducts by DepVar" PERCENT type=PERCENT subgroup=DepVar noframe missing raxis=axis1 maxis=axis2;
20951      type=PERCENT
MPRINT(EM_DIAGRAM):   run;
20952      subgroup=DepVar
20953      noframe
20954      missing
20955      raxis=axis1 maxis=axis2;
20956      run;

WARNING: The VBAR/VBAR3D chart for MntSweetProducts could not be labeled because the labels are wider than the bars.
20957      title "MntWines by DepVar";
MPRINT(EM_DIAGRAM):   title "MntWines by DepVar";
20958      vbar MntWines /
20959      name = "MntWines       x DepVar         " description = "MntWines by DepVar"
20960      PERCENT
MPRINT(EM_DIAGRAM):   vbar MntWines / name = "MntWines       x DepVar         " description = "MntWines by DepVar" PERCENT type=PERCENT subgroup=DepVar noframe missing raxis=axis1 maxis=axis2;
20961      type=PERCENT
MPRINT(EM_DIAGRAM):   run;
20962      subgroup=DepVar
20963      noframe
20964      missing
20965      raxis=axis1 maxis=axis2;
20966      run;

WARNING: The VBAR/VBAR3D chart for MntWines could not be labeled because the labels are wider than the bars.
20967      title "NumCatalogPurchases by DepVar";
MPRINT(EM_DIAGRAM):   title "NumCatalogPurchases by DepVar";
20968      vbar NumCatalogPurchases /
20969      name = "NumCatalogPurchx DepVar         " description = "NumCatalogPurchases by DepVar"
20970      PERCENT
20971      type=PERCENT
MPRINT(EM_DIAGRAM):   vbar NumCatalogPurchases / name = "NumCatalogPurchx DepVar         " description = "NumCatalogPurchases by DepVar" PERCENT type=PERCENT subgroup=DepVar noframe missing discrete raxis=axis1 maxis=axis2;
20972      subgroup=DepVar
MPRINT(EM_DIAGRAM):   run;
20973      noframe
20974      missing
20975      discrete
20976      raxis=axis1 maxis=axis2;
20977      run;

WARNING: The intervals on the axis labeled NumCatalogPurchases are not evenly spaced.
WARNING: The VBAR/VBAR3D chart for NumCatalogPurchases could not be labeled because the labels are wider than the bars.
20978      title "NumDealsPurchases by DepVar";
MPRINT(EM_DIAGRAM):   title "NumDealsPurchases by DepVar";
20979      vbar NumDealsPurchases /
20980      name = "NumDealsPurchasx DepVar         " description = "NumDealsPurchases by DepVar"
20981      PERCENT
20982      type=PERCENT
MPRINT(EM_DIAGRAM):   vbar NumDealsPurchases / name = "NumDealsPurchasx DepVar         " description = "NumDealsPurchases by DepVar" PERCENT type=PERCENT subgroup=DepVar noframe missing discrete raxis=axis1 maxis=axis2;
20983      subgroup=DepVar
MPRINT(EM_DIAGRAM):   run;
20984      noframe
20985      missing
20986      discrete
20987      raxis=axis1 maxis=axis2;
20988      run;

WARNING: The VBAR/VBAR3D chart for NumDealsPurchases could not be labeled because the labels are wider than the bars.
20989      title "NumStorePurchases by DepVar";
MPRINT(EM_DIAGRAM):   title "NumStorePurchases by DepVar";
20990      vbar NumStorePurchases /
20991      name = "NumStorePurchasx DepVar         " description = "NumStorePurchases by DepVar"
20992      PERCENT
20993      type=PERCENT
MPRINT(EM_DIAGRAM):   vbar NumStorePurchases / name = "NumStorePurchasx DepVar         " description = "NumStorePurchases by DepVar" PERCENT type=PERCENT subgroup=DepVar noframe missing discrete raxis=axis1 maxis=axis2;
20994      subgroup=DepVar
MPRINT(EM_DIAGRAM):   run;
20995      noframe
20996      missing
20997      discrete
20998      raxis=axis1 maxis=axis2;
20999      run;

WARNING: The VBAR/VBAR3D chart for NumStorePurchases could not be labeled because the labels are wider than the bars.
21000      title "NumWebPurchases by DepVar";
MPRINT(EM_DIAGRAM):   title "NumWebPurchases by DepVar";
21001      vbar NumWebPurchases /
21002      name = "NumWebPurchasesx DepVar         " description = "NumWebPurchases by DepVar"
21003      PERCENT
21004      type=PERCENT
MPRINT(EM_DIAGRAM):   vbar NumWebPurchases / name = "NumWebPurchasesx DepVar         " description = "NumWebPurchases by DepVar" PERCENT type=PERCENT subgroup=DepVar noframe missing discrete raxis=axis1 maxis=axis2;
21005      subgroup=DepVar
MPRINT(EM_DIAGRAM):   run;
21006      noframe
21007      missing
21008      discrete
21009      raxis=axis1 maxis=axis2;
21010      run;

WARNING: The VBAR/VBAR3D chart for NumWebPurchases could not be labeled because the labels are wider than the bars.
21011      title "NumWebVisitsMonth by DepVar";
MPRINT(EM_DIAGRAM):   title "NumWebVisitsMonth by DepVar";
21012      vbar NumWebVisitsMonth /
21013      name = "NumWebVisitsMonx DepVar         " description = "NumWebVisitsMonth by DepVar"
21014      PERCENT
21015      type=PERCENT
MPRINT(EM_DIAGRAM):   vbar NumWebVisitsMonth / name = "NumWebVisitsMonx DepVar         " description = "NumWebVisitsMonth by DepVar" PERCENT type=PERCENT subgroup=DepVar noframe missing discrete raxis=axis1 maxis=axis2;
21016      subgroup=DepVar
MPRINT(EM_DIAGRAM):   run;
21017      noframe
21018      missing
21019      discrete
21020      raxis=axis1 maxis=axis2;
21021      run;

WARNING: The intervals on the axis labeled NumWebVisitsMonth are not evenly spaced.
WARNING: The VBAR/VBAR3D chart for NumWebVisitsMonth could not be labeled because the labels are wider than the bars.
21022      title "Recency by DepVar";
MPRINT(EM_DIAGRAM):   title "Recency by DepVar";
21023      vbar Recency /
21024      name = "Recency        x DepVar         " description = "Recency by DepVar"
21025      PERCENT
MPRINT(EM_DIAGRAM):   vbar Recency / name = "Recency        x DepVar         " description = "Recency by DepVar" PERCENT type=PERCENT subgroup=DepVar noframe missing raxis=axis1 maxis=axis2;
21026      type=PERCENT
MPRINT(EM_DIAGRAM):   run;
21027      subgroup=DepVar
21028      noframe
21029      missing
21030      raxis=axis1 maxis=axis2;
21031      run;

WARNING: The VBAR/VBAR3D chart for Recency could not be labeled because the labels are wider than the bars.
21032      title "Teenhome by DepVar";
MPRINT(EM_DIAGRAM):   title "Teenhome by DepVar";
21033      vbar Teenhome /
21034      name = "Teenhome       x DepVar         " description = "Teenhome by DepVar"
21035      PERCENT
21036      type=PERCENT
MPRINT(EM_DIAGRAM):   vbar Teenhome / name = "Teenhome       x DepVar         " description = "Teenhome by DepVar" PERCENT type=PERCENT subgroup=DepVar noframe missing discrete raxis=axis1 maxis=axis2;
21037      subgroup=DepVar
MPRINT(EM_DIAGRAM):   run;
21038      noframe
21039      missing
21040      discrete
21041      raxis=axis1 maxis=axis2;
21042      run;

WARNING: The VBAR/VBAR3D chart for Teenhome could not be labeled because the labels are wider than the bars.
21043      title "Year_Birth by DepVar";
MPRINT(EM_DIAGRAM):   title "Year_Birth by DepVar";
21044      vbar Year_Birth /
21045      name = "Year_Birth     x DepVar         " description = "Year_Birth by DepVar"
21046      PERCENT
MPRINT(EM_DIAGRAM):   vbar Year_Birth / name = "Year_Birth     x DepVar         " description = "Year_Birth by DepVar" PERCENT type=PERCENT subgroup=DepVar noframe missing raxis=axis1 maxis=axis2;
21047      type=PERCENT
MPRINT(EM_DIAGRAM):   run;
21048      subgroup=DepVar
21049      noframe
21050      missing
21051      raxis=axis1 maxis=axis2;
21052      run;

WARNING: The VBAR/VBAR3D chart for Year_Birth could not be labeled because the labels are wider than the bars.
21053      quit;
MPRINT(EM_DIAGRAM):   quit;

NOTE: View EMWS8.FIMPORT_TRAIN.VIEW used (Total process time):
      real time           5.61 seconds
      cpu time            1.45 seconds
      
NOTE: There were 3500 observations read from the data set EMWS8.FIMPORT_DATA.
NOTE: There were 3500 observations read from the data set EMWS8.FIMPORT_TRAIN.
NOTE: PROCEDURE GCHART used (Total process time):
      real time           5.67 seconds
      cpu time            1.50 seconds
      

21054      title;
MPRINT(EM_DIAGRAM):   title;
21055      goptions display;
MPRINT(EM_DIAGRAM):   goptions display;
21056      *------------------------------------------------------------* ;
MPRINT(EM_DIAGRAM):    *------------------------------------------------------------* ;
21057      * Plot: DMDBClass Macro ;
MPRINT(EM_DIAGRAM):   * Plot: DMDBClass Macro ;
21058      *------------------------------------------------------------* ;
MPRINT(EM_DIAGRAM):   *------------------------------------------------------------* ;
21059      %macro DMDBClass;
21060          AcceptedCmp1(ASC) AcceptedCmp2(ASC) AcceptedCmp3(ASC) AcceptedCmp4(ASC)
21061         AcceptedCmp5(ASC) Complain(ASC) DepVar(DESC) Education(ASC) Marital_Status(ASC)
21062      %mend DMDBClass;
21063      *------------------------------------------------------------* ;
MPRINT(EM_DIAGRAM):   *------------------------------------------------------------* ;
21064      * Plot: DMDBVar Macro ;
MPRINT(EM_DIAGRAM):   * Plot: DMDBVar Macro ;
21065      *------------------------------------------------------------* ;
MPRINT(EM_DIAGRAM):   *------------------------------------------------------------* ;
21066      %macro DMDBVar;
21067          Dt_Customer Income Kidhome MntFishProducts MntFruits MntGoldProds
21068         MntMeatProducts MntSweetProducts MntWines NumCatalogPurchases NumDealsPurchases
21069         NumStorePurchases NumWebPurchases NumWebVisitsMonth Recency Teenhome Year_Birth
21070      %mend DMDBVar;
21071      *------------------------------------------------------------*;
MPRINT(EM_DIAGRAM):   *------------------------------------------------------------*;
21072      * Plot: Create DMDB;
MPRINT(EM_DIAGRAM):   * Plot: Create DMDB;
21073      *------------------------------------------------------------*;
MPRINT(EM_DIAGRAM):   *------------------------------------------------------------*;
21074      proc dmdb batch data=EMWS8.FIMPORT_train
21075      dmdbcat=WORK.Plot_DMDB
21076      classout=work.classoutDs
21077      varout=work.varoutDs
21078      maxlevel = 513
21079      ;
MPRINT(EM_DIAGRAM):   proc dmdb batch data=EMWS8.FIMPORT_train dmdbcat=WORK.Plot_DMDB classout=work.classoutDs varout=work.varoutDs maxlevel = 513 ;
MPRINT(EM_DIAGRAM):   class
21080      class %DMDBClass;
MPRINT(DMDBCLASS):   AcceptedCmp1(ASC) AcceptedCmp2(ASC) AcceptedCmp3(ASC) AcceptedCmp4(ASC) AcceptedCmp5(ASC) Complain(ASC) DepVar(DESC) Education(ASC) Marital_Status(ASC)
MPRINT(EM_DIAGRAM):  ;
MPRINT(EM_DIAGRAM):   var
21081      var %DMDBVar;
MPRINT(DMDBVAR):   Dt_Customer Income Kidhome MntFishProducts MntFruits MntGoldProds MntMeatProducts MntSweetProducts MntWines NumCatalogPurchases NumDealsPurchases NumStorePurchases NumWebPurchases NumWebVisitsMonth Recency Teenhome Year_Birth
MPRINT(EM_DIAGRAM):  ;
21082      target
21083      DepVar
21084      ;
MPRINT(EM_DIAGRAM):   target DepVar ;
21085      run;
MPRINT(EM_DIAGRAM):   run;

NOTE: Records processed = 3500   Memory used = 511K.
NOTE: View EMWS8.FIMPORT_TRAIN.VIEW used (Total process time):
      real time           0.06 seconds
      cpu time            0.03 seconds
      
NOTE: There were 3500 observations read from the data set EMWS8.FIMPORT_DATA.
NOTE: There were 3500 observations read from the data set EMWS8.FIMPORT_TRAIN.
NOTE: The data set WORK.CLASSOUTDS has 24 observations and 9 variables.
NOTE: The data set WORK.VAROUTDS has 17 observations and 9 variables.
NOTE: PROCEDURE DMDB used (Total process time):
      real time           0.07 seconds
      cpu time            0.03 seconds
      

MPRINT(EM_DIAGRAM):   quit;
MPRINT(EM_DIAGRAM):   *--- end code ---*;
21086      quit;
21087      *--- end code ---*;

21088      title8;
MPRINT(EM_DIAGRAM):    title8;
21089      title8 "%sysfunc(sasmsg(sashelp.dmine, rpt_classvars_title, NOQUOTE))";
MPRINT(EM_DIAGRAM):   title8 "Class Variables";
21090      proc print data=work.classoutDs;
MPRINT(EM_DIAGRAM):   proc print data=work.classoutDs;
21091      run;
MPRINT(EM_DIAGRAM):   run;

NOTE: There were 24 observations read from the data set WORK.CLASSOUTDS.
NOTE: The PROCEDURE PRINT printed page 2.
NOTE: PROCEDURE PRINT used (Total process time):
      real time           0.00 seconds
      cpu time            0.00 seconds
      

21092      proc datasets lib=work nolist;
MPRINT(EM_DIAGRAM):   proc datasets lib=work nolist;
21093      delete classoutDs;
MPRINT(EM_DIAGRAM):   delete classoutDs;
21094      run;
MPRINT(EM_DIAGRAM):   run;

NOTE: Deleting WORK.CLASSOUTDS (memtype=DATA).
21095      title8;
MPRINT(EM_DIAGRAM):   title8;
21096      title8;
MPRINT(EM_DIAGRAM):   title8;
21097      title8 "%sysfunc(sasmsg(sashelp.dmine, rpt_intvars_title, NOQUOTE))";
MPRINT(EM_DIAGRAM):   title8 "Interval Variables";

NOTE: PROCEDURE DATASETS used (Total process time):
      real time           0.00 seconds
      cpu time            0.00 seconds
      

21098      proc print data=work.varoutDs;
MPRINT(EM_DIAGRAM):   proc print data=work.varoutDs;
21099      run;
MPRINT(EM_DIAGRAM):   run;

NOTE: There were 17 observations read from the data set WORK.VAROUTDS.
NOTE: The PROCEDURE PRINT printed page 3.
NOTE: PROCEDURE PRINT used (Total process time):
      real time           0.01 seconds
      cpu time            0.01 seconds
      

21100      proc datasets lib=work nolist;
MPRINT(EM_DIAGRAM):   proc datasets lib=work nolist;
21101      delete varoutDs;
MPRINT(EM_DIAGRAM):   delete varoutDs;
21102      run;
MPRINT(EM_DIAGRAM):   run;

NOTE: Deleting WORK.VAROUTDS (memtype=DATA).
21103      title8;
MPRINT(EM_DIAGRAM):   title8;

NOTE: PROCEDURE DATASETS used (Total process time):
      real time           0.00 seconds
      cpu time            0.00 seconds
      

21104      proc datasets lib=WORK nolist;
MPRINT(EM_DIAGRAM):   proc datasets lib=WORK nolist;
21105      delete Plot_DMDB;
MPRINT(EM_DIAGRAM):   delete Plot_DMDB;
21106      run;
MPRINT(EM_DIAGRAM):   run;

NOTE: The file WORK.PLOT_DMDB (memtype=DATA) was not found, but appears on a DELETE statement.
21107      quit;
MPRINT(EM_DIAGRAM):   quit;

NOTE: PROCEDURE DATASETS used (Total process time):
      real time           0.01 seconds
      cpu time            0.01 seconds
      

21108      proc datasets lib=WORK nolist;
MPRINT(EM_DIAGRAM):    proc datasets lib=WORK nolist;
21109      delete Plot_DMDB / memtype=catalog;
MPRINT(EM_DIAGRAM):   delete Plot_DMDB / memtype=catalog;
21110      run;
MPRINT(EM_DIAGRAM):   run;

NOTE: Deleting WORK.PLOT_DMDB (memtype=CATALOG).
21111      quit;
MPRINT(EM_DIAGRAM):   quit;

NOTE: PROCEDURE DATASETS used (Total process time):
      real time           0.01 seconds
      cpu time            0.01 seconds
      

21112      *------------------------------------------------------------*;
MPRINT(EM_DIAGRAM):    *------------------------------------------------------------*;
21113      * Plot: Copying graphs to node folder;
MPRINT(EM_DIAGRAM):   * Plot: Copying graphs to node folder;
21114      *------------------------------------------------------------*;
MPRINT(EM_DIAGRAM):   *------------------------------------------------------------*;
21115      filename gsasfile "C:\\predictive-models-project\Workspaces\EMWS8\Plot\GRAPH\AcceptedCmp2 by DepVar.gif";
MPRINT(EM_DIAGRAM):   filename gsasfile "C:\\predictive-models-project\Workspaces\EMWS8\Plot\GRAPH\AcceptedCmp2 by DepVar.gif";
21116      goptions device= GIF display gaccess= gsasfile gsfmode= replace cback= white;
MPRINT(EM_DIAGRAM):   goptions device= GIF display gaccess= gsasfile gsfmode= replace cback= white;
21117      proc greplay igout=WORK.PLOTGRAPH nofs;
MPRINT(EM_DIAGRAM):   proc greplay igout=WORK.PLOTGRAPH nofs;
NOTE: Building list of graphs from the catalog.

NOTE: Enter greplay commands or statements.
21118      replay ACCEPTE1;
MPRINT(EM_DIAGRAM):   replay ACCEPTE1;
NOTE:  39 records written to C:\\predictive-models-project\Workspaces\EMWS8\Plot\GRAPH\AcceptedCmp2 by DepVar.gif
21119      quit;
MPRINT(EM_DIAGRAM):   quit;

NOTE: PROCEDURE GREPLAY used (Total process time):
      real time           0.45 seconds
      cpu time            0.06 seconds
      

21120      goptions device=win;
MPRINT(EM_DIAGRAM):   goptions device=win;
21121      filename gsasfile;
MPRINT(EM_DIAGRAM):   filename gsasfile;
NOTE: Fileref GSASFILE has been deassigned.
21122      filename gsasfile "C:\\predictive-models-project\Workspaces\EMWS8\Plot\GRAPH\AcceptedCmp3 by DepVar.gif";
MPRINT(EM_DIAGRAM):    filename gsasfile "C:\\predictive-models-project\Workspaces\EMWS8\Plot\GRAPH\AcceptedCmp3 by DepVar.gif";
21123      goptions device= GIF display gaccess= gsasfile gsfmode= replace cback= white;
MPRINT(EM_DIAGRAM):   goptions device= GIF display gaccess= gsasfile gsfmode= replace cback= white;
21124      proc greplay igout=WORK.PLOTGRAPH nofs;
MPRINT(EM_DIAGRAM):   proc greplay igout=WORK.PLOTGRAPH nofs;
NOTE: Building list of graphs from the catalog.

NOTE: Enter greplay commands or statements.
21125      replay ACCEPTE2;
MPRINT(EM_DIAGRAM):   replay ACCEPTE2;
NOTE:  41 records written to C:\\predictive-models-project\Workspaces\EMWS8\Plot\GRAPH\AcceptedCmp3 by DepVar.gif
21126      quit;
MPRINT(EM_DIAGRAM):   quit;

NOTE: PROCEDURE GREPLAY used (Total process time):
      real time           0.09 seconds
      cpu time            0.09 seconds
      

21127      goptions device=win;
MPRINT(EM_DIAGRAM):   goptions device=win;
21128      filename gsasfile;
MPRINT(EM_DIAGRAM):   filename gsasfile;
NOTE: Fileref GSASFILE has been deassigned.
21129      filename gsasfile "C:\\predictive-models-project\Workspaces\EMWS8\Plot\GRAPH\AcceptedCmp4 by DepVar.gif";
MPRINT(EM_DIAGRAM):    filename gsasfile "C:\\predictive-models-project\Workspaces\EMWS8\Plot\GRAPH\AcceptedCmp4 by DepVar.gif";
21130      goptions device= GIF display gaccess= gsasfile gsfmode= replace cback= white;
MPRINT(EM_DIAGRAM):   goptions device= GIF display gaccess= gsasfile gsfmode= replace cback= white;
21131      proc greplay igout=WORK.PLOTGRAPH nofs;
MPRINT(EM_DIAGRAM):   proc greplay igout=WORK.PLOTGRAPH nofs;
NOTE: Building list of graphs from the catalog.

NOTE: Enter greplay commands or statements.
21132      replay ACCEPTE3;
MPRINT(EM_DIAGRAM):   replay ACCEPTE3;
NOTE:  41 records written to C:\\predictive-models-project\Workspaces\EMWS8\Plot\GRAPH\AcceptedCmp4 by DepVar.gif
21133      quit;
MPRINT(EM_DIAGRAM):   quit;

NOTE: PROCEDURE GREPLAY used (Total process time):
      real time           0.04 seconds
      cpu time            0.04 seconds
      

21134      goptions device=win;
MPRINT(EM_DIAGRAM):   goptions device=win;
21135      filename gsasfile;
MPRINT(EM_DIAGRAM):   filename gsasfile;
NOTE: Fileref GSASFILE has been deassigned.
21136      filename gsasfile "C:\\predictive-models-project\Workspaces\EMWS8\Plot\GRAPH\AcceptedCmp5 by DepVar.gif";
MPRINT(EM_DIAGRAM):    filename gsasfile "C:\\predictive-models-project\Workspaces\EMWS8\Plot\GRAPH\AcceptedCmp5 by DepVar.gif";
21137      goptions device= GIF display gaccess= gsasfile gsfmode= replace cback= white;
MPRINT(EM_DIAGRAM):   goptions device= GIF display gaccess= gsasfile gsfmode= replace cback= white;
21138      proc greplay igout=WORK.PLOTGRAPH nofs;
MPRINT(EM_DIAGRAM):   proc greplay igout=WORK.PLOTGRAPH nofs;
NOTE: Building list of graphs from the catalog.

NOTE: Enter greplay commands or statements.
21139      replay ACCEPTE4;
MPRINT(EM_DIAGRAM):   replay ACCEPTE4;
NOTE:  41 records written to C:\\predictive-models-project\Workspaces\EMWS8\Plot\GRAPH\AcceptedCmp5 by DepVar.gif
21140      quit;
MPRINT(EM_DIAGRAM):   quit;

NOTE: PROCEDURE GREPLAY used (Total process time):
      real time           0.04 seconds
      cpu time            0.04 seconds
      

21141      goptions device=win;
MPRINT(EM_DIAGRAM):   goptions device=win;
21142      filename gsasfile;
MPRINT(EM_DIAGRAM):   filename gsasfile;
NOTE: Fileref GSASFILE has been deassigned.
21143      filename gsasfile "C:\\predictive-models-project\Workspaces\EMWS8\Plot\GRAPH\AcceptedCmp1 by DepVar.gif";
MPRINT(EM_DIAGRAM):    filename gsasfile "C:\\predictive-models-project\Workspaces\EMWS8\Plot\GRAPH\AcceptedCmp1 by DepVar.gif";
21144      goptions device= GIF display gaccess= gsasfile gsfmode= replace cback= white;
MPRINT(EM_DIAGRAM):   goptions device= GIF display gaccess= gsasfile gsfmode= replace cback= white;
21145      proc greplay igout=WORK.PLOTGRAPH nofs;
MPRINT(EM_DIAGRAM):   proc greplay igout=WORK.PLOTGRAPH nofs;
NOTE: Building list of graphs from the catalog.

NOTE: Enter greplay commands or statements.
21146      replay ACCEPTED;
MPRINT(EM_DIAGRAM):   replay ACCEPTED;
NOTE:  41 records written to C:\\predictive-models-project\Workspaces\EMWS8\Plot\GRAPH\AcceptedCmp1 by DepVar.gif
21147      quit;
MPRINT(EM_DIAGRAM):   quit;

NOTE: PROCEDURE GREPLAY used (Total process time):
      real time           0.03 seconds
      cpu time            0.03 seconds
      

21148      goptions device=win;
MPRINT(EM_DIAGRAM):   goptions device=win;
21149      filename gsasfile;
MPRINT(EM_DIAGRAM):   filename gsasfile;
NOTE: Fileref GSASFILE has been deassigned.
21150      filename gsasfile "C:\\predictive-models-project\Workspaces\EMWS8\Plot\GRAPH\Complain by DepVar.gif";
MPRINT(EM_DIAGRAM):    filename gsasfile "C:\\predictive-models-project\Workspaces\EMWS8\Plot\GRAPH\Complain by DepVar.gif";
21151      goptions device= GIF display gaccess= gsasfile gsfmode= replace cback= white;
MPRINT(EM_DIAGRAM):   goptions device= GIF display gaccess= gsasfile gsfmode= replace cback= white;
21152      proc greplay igout=WORK.PLOTGRAPH nofs;
MPRINT(EM_DIAGRAM):   proc greplay igout=WORK.PLOTGRAPH nofs;
NOTE: Building list of graphs from the catalog.

NOTE: Enter greplay commands or statements.
21153      replay COMPLAIN;
MPRINT(EM_DIAGRAM):   replay COMPLAIN;
NOTE:  39 records written to C:\\predictive-models-project\Workspaces\EMWS8\Plot\GRAPH\Complain by DepVar.gif
21154      quit;
MPRINT(EM_DIAGRAM):   quit;

NOTE: PROCEDURE GREPLAY used (Total process time):
      real time           0.04 seconds
      cpu time            0.03 seconds
      

21155      goptions device=win;
MPRINT(EM_DIAGRAM):   goptions device=win;
21156      filename gsasfile;
MPRINT(EM_DIAGRAM):   filename gsasfile;
NOTE: Fileref GSASFILE has been deassigned.
21157      filename gsasfile "C:\\predictive-models-project\Workspaces\EMWS8\Plot\GRAPH\Dt_Customer by DepVar.gif";
MPRINT(EM_DIAGRAM):    filename gsasfile "C:\\predictive-models-project\Workspaces\EMWS8\Plot\GRAPH\Dt_Customer by DepVar.gif";
21158      goptions device= GIF display gaccess= gsasfile gsfmode= replace cback= white;
MPRINT(EM_DIAGRAM):   goptions device= GIF display gaccess= gsasfile gsfmode= replace cback= white;
21159      proc greplay igout=WORK.PLOTGRAPH nofs;
MPRINT(EM_DIAGRAM):   proc greplay igout=WORK.PLOTGRAPH nofs;
NOTE: Building list of graphs from the catalog.

NOTE: Enter greplay commands or statements.
21160      replay DT_CUSTO;
MPRINT(EM_DIAGRAM):   replay DT_CUSTO;
NOTE:  121 records written to C:\\predictive-models-project\Workspaces\EMWS8\Plot\GRAPH\Dt_Customer by DepVar.gif
21161      quit;
MPRINT(EM_DIAGRAM):   quit;

NOTE: PROCEDURE GREPLAY used (Total process time):
      real time           0.04 seconds
      cpu time            0.04 seconds
      

21162      goptions device=win;
MPRINT(EM_DIAGRAM):   goptions device=win;
21163      filename gsasfile;
MPRINT(EM_DIAGRAM):   filename gsasfile;
NOTE: Fileref GSASFILE has been deassigned.
21164      filename gsasfile "C:\\predictive-models-project\Workspaces\EMWS8\Plot\GRAPH\Education by DepVar.gif";
MPRINT(EM_DIAGRAM):    filename gsasfile "C:\\predictive-models-project\Workspaces\EMWS8\Plot\GRAPH\Education by DepVar.gif";
21165      goptions device= GIF display gaccess= gsasfile gsfmode= replace cback= white;
MPRINT(EM_DIAGRAM):   goptions device= GIF display gaccess= gsasfile gsfmode= replace cback= white;
21166      proc greplay igout=WORK.PLOTGRAPH nofs;
MPRINT(EM_DIAGRAM):   proc greplay igout=WORK.PLOTGRAPH nofs;
NOTE: Building list of graphs from the catalog.

NOTE: Enter greplay commands or statements.
21167      replay EDUCATIO;
MPRINT(EM_DIAGRAM):   replay EDUCATIO;
NOTE:  57 records written to C:\\predictive-models-project\Workspaces\EMWS8\Plot\GRAPH\Education by DepVar.gif
21168      quit;
MPRINT(EM_DIAGRAM):   quit;

NOTE: PROCEDURE GREPLAY used (Total process time):
      real time           0.03 seconds
      cpu time            0.03 seconds
      

21169      goptions device=win;
MPRINT(EM_DIAGRAM):   goptions device=win;
21170      filename gsasfile;
MPRINT(EM_DIAGRAM):   filename gsasfile;
NOTE: Fileref GSASFILE has been deassigned.
21171      filename gsasfile "C:\\predictive-models-project\Workspaces\EMWS8\Plot\GRAPH\Income by DepVar.gif";
MPRINT(EM_DIAGRAM):    filename gsasfile "C:\\predictive-models-project\Workspaces\EMWS8\Plot\GRAPH\Income by DepVar.gif";
21172      goptions device= GIF display gaccess= gsasfile gsfmode= replace cback= white;
MPRINT(EM_DIAGRAM):   goptions device= GIF display gaccess= gsasfile gsfmode= replace cback= white;
21173      proc greplay igout=WORK.PLOTGRAPH nofs;
MPRINT(EM_DIAGRAM):   proc greplay igout=WORK.PLOTGRAPH nofs;
NOTE: Building list of graphs from the catalog.

NOTE: Enter greplay commands or statements.
21174      replay INCOME;
MPRINT(EM_DIAGRAM):   replay INCOME;
NOTE:  91 records written to C:\\predictive-models-project\Workspaces\EMWS8\Plot\GRAPH\Income by DepVar.gif
21175      quit;
MPRINT(EM_DIAGRAM):   quit;

NOTE: PROCEDURE GREPLAY used (Total process time):
      real time           0.04 seconds
      cpu time            0.03 seconds
      

21176      goptions device=win;
MPRINT(EM_DIAGRAM):   goptions device=win;
21177      filename gsasfile;
MPRINT(EM_DIAGRAM):   filename gsasfile;
NOTE: Fileref GSASFILE has been deassigned.
21178      filename gsasfile "C:\\predictive-models-project\Workspaces\EMWS8\Plot\GRAPH\Kidhome by DepVar.gif";
MPRINT(EM_DIAGRAM):    filename gsasfile "C:\\predictive-models-project\Workspaces\EMWS8\Plot\GRAPH\Kidhome by DepVar.gif";
21179      goptions device= GIF display gaccess= gsasfile gsfmode= replace cback= white;
MPRINT(EM_DIAGRAM):   goptions device= GIF display gaccess= gsasfile gsfmode= replace cback= white;
21180      proc greplay igout=WORK.PLOTGRAPH nofs;
MPRINT(EM_DIAGRAM):   proc greplay igout=WORK.PLOTGRAPH nofs;
NOTE: Building list of graphs from the catalog.

NOTE: Enter greplay commands or statements.
21181      replay KIDHOME;
MPRINT(EM_DIAGRAM):   replay KIDHOME;
NOTE:  41 records written to C:\\predictive-models-project\Workspaces\EMWS8\Plot\GRAPH\Kidhome by DepVar.gif
21182      quit;
MPRINT(EM_DIAGRAM):   quit;

NOTE: PROCEDURE GREPLAY used (Total process time):
      real time           0.04 seconds
      cpu time            0.04 seconds
      

21183      goptions device=win;
MPRINT(EM_DIAGRAM):   goptions device=win;
21184      filename gsasfile;
MPRINT(EM_DIAGRAM):   filename gsasfile;
NOTE: Fileref GSASFILE has been deassigned.
21185      filename gsasfile "C:\\predictive-models-project\Workspaces\EMWS8\Plot\GRAPH\Marital_Status by DepVar.gif";
MPRINT(EM_DIAGRAM):    filename gsasfile "C:\\predictive-models-project\Workspaces\EMWS8\Plot\GRAPH\Marital_Status by DepVar.gif";
21186      goptions device= GIF display gaccess= gsasfile gsfmode= replace cback= white;
MPRINT(EM_DIAGRAM):   goptions device= GIF display gaccess= gsasfile gsfmode= replace cback= white;
21187      proc greplay igout=WORK.PLOTGRAPH nofs;
MPRINT(EM_DIAGRAM):   proc greplay igout=WORK.PLOTGRAPH nofs;
NOTE: Building list of graphs from the catalog.

NOTE: Enter greplay commands or statements.
21188      replay MARITAL_;
MPRINT(EM_DIAGRAM):   replay MARITAL_;
NOTE:  59 records written to C:\\predictive-models-project\Workspaces\EMWS8\Plot\GRAPH\Marital_Status by DepVar.gif
21189      quit;
MPRINT(EM_DIAGRAM):   quit;

NOTE: PROCEDURE GREPLAY used (Total process time):
      real time           0.04 seconds
      cpu time            0.04 seconds
      

21190      goptions device=win;
MPRINT(EM_DIAGRAM):   goptions device=win;
21191      filename gsasfile;
MPRINT(EM_DIAGRAM):   filename gsasfile;
NOTE: Fileref GSASFILE has been deassigned.
21192      filename gsasfile "C:\\predictive-models-project\Workspaces\EMWS8\Plot\GRAPH\MntFishProducts by DepVar.gif";
MPRINT(EM_DIAGRAM):    filename gsasfile "C:\\predictive-models-project\Workspaces\EMWS8\Plot\GRAPH\MntFishProducts by DepVar.gif";
21193      goptions device= GIF display gaccess= gsasfile gsfmode= replace cback= white;
MPRINT(EM_DIAGRAM):   goptions device= GIF display gaccess= gsasfile gsfmode= replace cback= white;
21194      proc greplay igout=WORK.PLOTGRAPH nofs;
MPRINT(EM_DIAGRAM):   proc greplay igout=WORK.PLOTGRAPH nofs;
NOTE: Building list of graphs from the catalog.

NOTE: Enter greplay commands or statements.
21195      replay MNTFISHP;
MPRINT(EM_DIAGRAM):   replay MNTFISHP;
NOTE:  53 records written to C:\\predictive-models-project\Workspaces\EMWS8\Plot\GRAPH\MntFishProducts by DepVar.gif
21196      quit;
MPRINT(EM_DIAGRAM):   quit;

NOTE: PROCEDURE GREPLAY used (Total process time):
      real time           0.03 seconds
      cpu time            0.03 seconds
      

21197      goptions device=win;
MPRINT(EM_DIAGRAM):   goptions device=win;
21198      filename gsasfile;
MPRINT(EM_DIAGRAM):   filename gsasfile;
NOTE: Fileref GSASFILE has been deassigned.
21199      filename gsasfile "C:\\predictive-models-project\Workspaces\EMWS8\Plot\GRAPH\MntFruits by DepVar.gif";
MPRINT(EM_DIAGRAM):    filename gsasfile "C:\\predictive-models-project\Workspaces\EMWS8\Plot\GRAPH\MntFruits by DepVar.gif";
21200      goptions device= GIF display gaccess= gsasfile gsfmode= replace cback= white;
MPRINT(EM_DIAGRAM):   goptions device= GIF display gaccess= gsasfile gsfmode= replace cback= white;
21201      proc greplay igout=WORK.PLOTGRAPH nofs;
MPRINT(EM_DIAGRAM):   proc greplay igout=WORK.PLOTGRAPH nofs;
NOTE: Building list of graphs from the catalog.

NOTE: Enter greplay commands or statements.
21202      replay MNTFRUIT;
MPRINT(EM_DIAGRAM):   replay MNTFRUIT;
NOTE:  51 records written to C:\\predictive-models-project\Workspaces\EMWS8\Plot\GRAPH\MntFruits by DepVar.gif
21203      quit;
MPRINT(EM_DIAGRAM):   quit;

NOTE: PROCEDURE GREPLAY used (Total process time):
      real time           0.03 seconds
      cpu time            0.03 seconds
      

21204      goptions device=win;
MPRINT(EM_DIAGRAM):   goptions device=win;
21205      filename gsasfile;
MPRINT(EM_DIAGRAM):   filename gsasfile;
NOTE: Fileref GSASFILE has been deassigned.
21206      filename gsasfile "C:\\predictive-models-project\Workspaces\EMWS8\Plot\GRAPH\MntGoldProds by DepVar.gif";
MPRINT(EM_DIAGRAM):    filename gsasfile "C:\\predictive-models-project\Workspaces\EMWS8\Plot\GRAPH\MntGoldProds by DepVar.gif";
21207      goptions device= GIF display gaccess= gsasfile gsfmode= replace cback= white;
MPRINT(EM_DIAGRAM):   goptions device= GIF display gaccess= gsasfile gsfmode= replace cback= white;
21208      proc greplay igout=WORK.PLOTGRAPH nofs;
MPRINT(EM_DIAGRAM):   proc greplay igout=WORK.PLOTGRAPH nofs;
NOTE: Building list of graphs from the catalog.

NOTE: Enter greplay commands or statements.
21209      replay MNTGOLDP;
MPRINT(EM_DIAGRAM):   replay MNTGOLDP;
NOTE:  55 records written to C:\\predictive-models-project\Workspaces\EMWS8\Plot\GRAPH\MntGoldProds by DepVar.gif
21210      quit;
MPRINT(EM_DIAGRAM):   quit;

NOTE: PROCEDURE GREPLAY used (Total process time):
      real time           0.04 seconds
      cpu time            0.03 seconds
      

21211      goptions device=win;
MPRINT(EM_DIAGRAM):   goptions device=win;
21212      filename gsasfile;
MPRINT(EM_DIAGRAM):   filename gsasfile;
NOTE: Fileref GSASFILE has been deassigned.
21213      filename gsasfile "C:\\predictive-models-project\Workspaces\EMWS8\Plot\GRAPH\MntMeatProducts by DepVar.gif";
MPRINT(EM_DIAGRAM):    filename gsasfile "C:\\predictive-models-project\Workspaces\EMWS8\Plot\GRAPH\MntMeatProducts by DepVar.gif";
21214      goptions device= GIF display gaccess= gsasfile gsfmode= replace cback= white;
MPRINT(EM_DIAGRAM):   goptions device= GIF display gaccess= gsasfile gsfmode= replace cback= white;
21215      proc greplay igout=WORK.PLOTGRAPH nofs;
MPRINT(EM_DIAGRAM):   proc greplay igout=WORK.PLOTGRAPH nofs;
NOTE: Building list of graphs from the catalog.

NOTE: Enter greplay commands or statements.
21216      replay MNTMEATP;
MPRINT(EM_DIAGRAM):   replay MNTMEATP;
NOTE:  55 records written to C:\\predictive-models-project\Workspaces\EMWS8\Plot\GRAPH\MntMeatProducts by DepVar.gif
21217      quit;
MPRINT(EM_DIAGRAM):   quit;

NOTE: PROCEDURE GREPLAY used (Total process time):
      real time           0.04 seconds
      cpu time            0.04 seconds
      

21218      goptions device=win;
MPRINT(EM_DIAGRAM):   goptions device=win;
21219      filename gsasfile;
MPRINT(EM_DIAGRAM):   filename gsasfile;
NOTE: Fileref GSASFILE has been deassigned.
21220      filename gsasfile "C:\\predictive-models-project\Workspaces\EMWS8\Plot\GRAPH\MntSweetProducts by DepVar.gif";
MPRINT(EM_DIAGRAM):    filename gsasfile "C:\\predictive-models-project\Workspaces\EMWS8\Plot\GRAPH\MntSweetProducts by DepVar.gif";
21221      goptions device= GIF display gaccess= gsasfile gsfmode= replace cback= white;
MPRINT(EM_DIAGRAM):   goptions device= GIF display gaccess= gsasfile gsfmode= replace cback= white;
21222      proc greplay igout=WORK.PLOTGRAPH nofs;
MPRINT(EM_DIAGRAM):   proc greplay igout=WORK.PLOTGRAPH nofs;
NOTE: Building list of graphs from the catalog.

NOTE: Enter greplay commands or statements.
21223      replay MNTSWEET;
MPRINT(EM_DIAGRAM):   replay MNTSWEET;
NOTE:  53 records written to C:\\predictive-models-project\Workspaces\EMWS8\Plot\GRAPH\MntSweetProducts by DepVar.gif
21224      quit;
MPRINT(EM_DIAGRAM):   quit;

NOTE: PROCEDURE GREPLAY used (Total process time):
      real time           0.04 seconds
      cpu time            0.04 seconds
      

21225      goptions device=win;
MPRINT(EM_DIAGRAM):   goptions device=win;
21226      filename gsasfile;
MPRINT(EM_DIAGRAM):   filename gsasfile;
NOTE: Fileref GSASFILE has been deassigned.
21227      filename gsasfile "C:\\predictive-models-project\Workspaces\EMWS8\Plot\GRAPH\MntWines by DepVar.gif";
MPRINT(EM_DIAGRAM):    filename gsasfile "C:\\predictive-models-project\Workspaces\EMWS8\Plot\GRAPH\MntWines by DepVar.gif";
21228      goptions device= GIF display gaccess= gsasfile gsfmode= replace cback= white;
MPRINT(EM_DIAGRAM):   goptions device= GIF display gaccess= gsasfile gsfmode= replace cback= white;
21229      proc greplay igout=WORK.PLOTGRAPH nofs;
MPRINT(EM_DIAGRAM):   proc greplay igout=WORK.PLOTGRAPH nofs;
NOTE: Building list of graphs from the catalog.

NOTE: Enter greplay commands or statements.
21230      replay MNTWINES;
MPRINT(EM_DIAGRAM):   replay MNTWINES;
NOTE:  57 records written to C:\\predictive-models-project\Workspaces\EMWS8\Plot\GRAPH\MntWines by DepVar.gif
21231      quit;
MPRINT(EM_DIAGRAM):   quit;

NOTE: PROCEDURE GREPLAY used (Total process time):
      real time           0.03 seconds
      cpu time            0.03 seconds
      

21232      goptions device=win;
MPRINT(EM_DIAGRAM):   goptions device=win;
21233      filename gsasfile;
MPRINT(EM_DIAGRAM):   filename gsasfile;
NOTE: Fileref GSASFILE has been deassigned.
21234      filename gsasfile "C:\\predictive-models-project\Workspaces\EMWS8\Plot\GRAPH\NumCatalogPurchases by DepVar.gif";
MPRINT(EM_DIAGRAM):    filename gsasfile "C:\\predictive-models-project\Workspaces\EMWS8\Plot\GRAPH\NumCatalogPurchases by DepVar.gif";
21235      goptions device= GIF display gaccess= gsasfile gsfmode= replace cback= white;
MPRINT(EM_DIAGRAM):   goptions device= GIF display gaccess= gsasfile gsfmode= replace cback= white;
21236      proc greplay igout=WORK.PLOTGRAPH nofs;
MPRINT(EM_DIAGRAM):   proc greplay igout=WORK.PLOTGRAPH nofs;
NOTE: Building list of graphs from the catalog.

NOTE: Enter greplay commands or statements.
21237      replay NUMCATAL;
MPRINT(EM_DIAGRAM):   replay NUMCATAL;
NOTE:  57 records written to C:\\predictive-models-project\Workspaces\EMWS8\Plot\GRAPH\NumCatalogPurchases by DepVar.gif
21238      quit;
MPRINT(EM_DIAGRAM):   quit;

NOTE: PROCEDURE GREPLAY used (Total process time):
      real time           0.04 seconds
      cpu time            0.03 seconds
      

21239      goptions device=win;
MPRINT(EM_DIAGRAM):   goptions device=win;
21240      filename gsasfile;
MPRINT(EM_DIAGRAM):   filename gsasfile;
NOTE: Fileref GSASFILE has been deassigned.
21241      filename gsasfile "C:\\predictive-models-project\Workspaces\EMWS8\Plot\GRAPH\NumDealsPurchases by DepVar.gif";
MPRINT(EM_DIAGRAM):    filename gsasfile "C:\\predictive-models-project\Workspaces\EMWS8\Plot\GRAPH\NumDealsPurchases by DepVar.gif";
21242      goptions device= GIF display gaccess= gsasfile gsfmode= replace cback= white;
MPRINT(EM_DIAGRAM):   goptions device= GIF display gaccess= gsasfile gsfmode= replace cback= white;
21243      proc greplay igout=WORK.PLOTGRAPH nofs;
MPRINT(EM_DIAGRAM):   proc greplay igout=WORK.PLOTGRAPH nofs;
NOTE: Building list of graphs from the catalog.

NOTE: Enter greplay commands or statements.
21244      replay NUMDEALS;
MPRINT(EM_DIAGRAM):   replay NUMDEALS;
NOTE:  51 records written to C:\\predictive-models-project\Workspaces\EMWS8\Plot\GRAPH\NumDealsPurchases by DepVar.gif
21245      quit;
MPRINT(EM_DIAGRAM):   quit;

NOTE: PROCEDURE GREPLAY used (Total process time):
      real time           0.03 seconds
      cpu time            0.04 seconds
      

21246      goptions device=win;
MPRINT(EM_DIAGRAM):   goptions device=win;
21247      filename gsasfile;
MPRINT(EM_DIAGRAM):   filename gsasfile;
NOTE: Fileref GSASFILE has been deassigned.
21248      filename gsasfile "C:\\predictive-models-project\Workspaces\EMWS8\Plot\GRAPH\NumStorePurchases by DepVar.gif";
MPRINT(EM_DIAGRAM):    filename gsasfile "C:\\predictive-models-project\Workspaces\EMWS8\Plot\GRAPH\NumStorePurchases by DepVar.gif";
21249      goptions device= GIF display gaccess= gsasfile gsfmode= replace cback= white;
MPRINT(EM_DIAGRAM):   goptions device= GIF display gaccess= gsasfile gsfmode= replace cback= white;
21250      proc greplay igout=WORK.PLOTGRAPH nofs;
MPRINT(EM_DIAGRAM):   proc greplay igout=WORK.PLOTGRAPH nofs;
NOTE: Building list of graphs from the catalog.

NOTE: Enter greplay commands or statements.
21251      replay NUMSTORE;
MPRINT(EM_DIAGRAM):   replay NUMSTORE;
NOTE:  61 records written to C:\\predictive-models-project\Workspaces\EMWS8\Plot\GRAPH\NumStorePurchases by DepVar.gif
21252      quit;
MPRINT(EM_DIAGRAM):   quit;

NOTE: PROCEDURE GREPLAY used (Total process time):
      real time           0.03 seconds
      cpu time            0.03 seconds
      

21253      goptions device=win;
MPRINT(EM_DIAGRAM):   goptions device=win;
21254      filename gsasfile;
MPRINT(EM_DIAGRAM):   filename gsasfile;
NOTE: Fileref GSASFILE has been deassigned.
21255      filename gsasfile "C:\\predictive-models-project\Workspaces\EMWS8\Plot\GRAPH\NumWebPurchases by DepVar.gif";
MPRINT(EM_DIAGRAM):    filename gsasfile "C:\\predictive-models-project\Workspaces\EMWS8\Plot\GRAPH\NumWebPurchases by DepVar.gif";
21256      goptions device= GIF display gaccess= gsasfile gsfmode= replace cback= white;
MPRINT(EM_DIAGRAM):   goptions device= GIF display gaccess= gsasfile gsfmode= replace cback= white;
21257      proc greplay igout=WORK.PLOTGRAPH nofs;
MPRINT(EM_DIAGRAM):   proc greplay igout=WORK.PLOTGRAPH nofs;
NOTE: Building list of graphs from the catalog.

NOTE: Enter greplay commands or statements.
21258      replay NUMWEBPU;
MPRINT(EM_DIAGRAM):   replay NUMWEBPU;
NOTE:  77 records written to C:\\predictive-models-project\Workspaces\EMWS8\Plot\GRAPH\NumWebPurchases by DepVar.gif
21259      quit;
MPRINT(EM_DIAGRAM):   quit;

NOTE: PROCEDURE GREPLAY used (Total process time):
      real time           0.04 seconds
      cpu time            0.03 seconds
      

21260      goptions device=win;
MPRINT(EM_DIAGRAM):   goptions device=win;
21261      filename gsasfile;
MPRINT(EM_DIAGRAM):   filename gsasfile;
NOTE: Fileref GSASFILE has been deassigned.
21262      filename gsasfile "C:\\predictive-models-project\Workspaces\EMWS8\Plot\GRAPH\NumWebVisitsMonth by DepVar.gif";
MPRINT(EM_DIAGRAM):    filename gsasfile "C:\\predictive-models-project\Workspaces\EMWS8\Plot\GRAPH\NumWebVisitsMonth by DepVar.gif";
21263      goptions device= GIF display gaccess= gsasfile gsfmode= replace cback= white;
MPRINT(EM_DIAGRAM):   goptions device= GIF display gaccess= gsasfile gsfmode= replace cback= white;
21264      proc greplay igout=WORK.PLOTGRAPH nofs;
MPRINT(EM_DIAGRAM):   proc greplay igout=WORK.PLOTGRAPH nofs;
NOTE: Building list of graphs from the catalog.

NOTE: Enter greplay commands or statements.
21265      replay NUMWEBVI;
MPRINT(EM_DIAGRAM):   replay NUMWEBVI;
NOTE:  79 records written to C:\\predictive-models-project\Workspaces\EMWS8\Plot\GRAPH\NumWebVisitsMonth by DepVar.gif
21266      quit;
MPRINT(EM_DIAGRAM):   quit;

NOTE: PROCEDURE GREPLAY used (Total process time):
      real time           0.04 seconds
      cpu time            0.04 seconds
      

21267      goptions device=win;
MPRINT(EM_DIAGRAM):   goptions device=win;
21268      filename gsasfile;
MPRINT(EM_DIAGRAM):   filename gsasfile;
NOTE: Fileref GSASFILE has been deassigned.
21269      filename gsasfile "C:\\predictive-models-project\Workspaces\EMWS8\Plot\GRAPH\Recency by DepVar.gif";
MPRINT(EM_DIAGRAM):    filename gsasfile "C:\\predictive-models-project\Workspaces\EMWS8\Plot\GRAPH\Recency by DepVar.gif";
21270      goptions device= GIF display gaccess= gsasfile gsfmode= replace cback= white;
MPRINT(EM_DIAGRAM):   goptions device= GIF display gaccess= gsasfile gsfmode= replace cback= white;
21271      proc greplay igout=WORK.PLOTGRAPH nofs;
MPRINT(EM_DIAGRAM):   proc greplay igout=WORK.PLOTGRAPH nofs;
NOTE: Building list of graphs from the catalog.

NOTE: Enter greplay commands or statements.
21272      replay RECENCY;
MPRINT(EM_DIAGRAM):   replay RECENCY;
NOTE:  127 records written to C:\\predictive-models-project\Workspaces\EMWS8\Plot\GRAPH\Recency by DepVar.gif
21273      quit;
MPRINT(EM_DIAGRAM):   quit;

NOTE: PROCEDURE GREPLAY used (Total process time):
      real time           0.04 seconds
      cpu time            0.04 seconds
      

21274      goptions device=win;
MPRINT(EM_DIAGRAM):   goptions device=win;
21275      filename gsasfile;
MPRINT(EM_DIAGRAM):   filename gsasfile;
NOTE: Fileref GSASFILE has been deassigned.
21276      filename gsasfile "C:\\predictive-models-project\Workspaces\EMWS8\Plot\GRAPH\Teenhome by DepVar.gif";
MPRINT(EM_DIAGRAM):    filename gsasfile "C:\\predictive-models-project\Workspaces\EMWS8\Plot\GRAPH\Teenhome by DepVar.gif";
21277      goptions device= GIF display gaccess= gsasfile gsfmode= replace cback= white;
MPRINT(EM_DIAGRAM):   goptions device= GIF display gaccess= gsasfile gsfmode= replace cback= white;
21278      proc greplay igout=WORK.PLOTGRAPH nofs;
MPRINT(EM_DIAGRAM):   proc greplay igout=WORK.PLOTGRAPH nofs;
NOTE: Building list of graphs from the catalog.

NOTE: Enter greplay commands or statements.
21279      replay TEENHOME;
MPRINT(EM_DIAGRAM):   replay TEENHOME;
NOTE:  43 records written to C:\\predictive-models-project\Workspaces\EMWS8\Plot\GRAPH\Teenhome by DepVar.gif
21280      quit;
MPRINT(EM_DIAGRAM):   quit;

NOTE: PROCEDURE GREPLAY used (Total process time):
      real time           0.03 seconds
      cpu time            0.01 seconds
      

21281      goptions device=win;
MPRINT(EM_DIAGRAM):   goptions device=win;
21282      filename gsasfile;
MPRINT(EM_DIAGRAM):   filename gsasfile;
NOTE: Fileref GSASFILE has been deassigned.
21283      filename gsasfile "C:\\predictive-models-project\Workspaces\EMWS8\Plot\GRAPH\Year_Birth by DepVar.gif";
MPRINT(EM_DIAGRAM):    filename gsasfile "C:\\predictive-models-project\Workspaces\EMWS8\Plot\GRAPH\Year_Birth by DepVar.gif";
21284      goptions device= GIF display gaccess= gsasfile gsfmode= replace cback= white;
MPRINT(EM_DIAGRAM):   goptions device= GIF display gaccess= gsasfile gsfmode= replace cback= white;
21285      proc greplay igout=WORK.PLOTGRAPH nofs;
MPRINT(EM_DIAGRAM):   proc greplay igout=WORK.PLOTGRAPH nofs;
NOTE: Building list of graphs from the catalog.

NOTE: Enter greplay commands or statements.
21286      replay YEAR_BIR;
MPRINT(EM_DIAGRAM):   replay YEAR_BIR;
NOTE:  97 records written to C:\\predictive-models-project\Workspaces\EMWS8\Plot\GRAPH\Year_Birth by DepVar.gif
21287      quit;
MPRINT(EM_DIAGRAM):   quit;

NOTE: PROCEDURE GREPLAY used (Total process time):
      real time           0.04 seconds
      cpu time            0.03 seconds
      

21288      goptions device=win;
MPRINT(EM_DIAGRAM):   goptions device=win;
21289      filename gsasfile;
MPRINT(EM_DIAGRAM):   filename gsasfile;
NOTE: Fileref GSASFILE has been deassigned.
MPRINT(EM_DIAGRAM):    proc printto;
MPRINT(EM_DIAGRAM):   run;
