 
                                                                                               
 
 
Fit Statistics

Target=DepVar Target Label=DepVar

   Fit
Statistics    Statistics Label                     Train    Validation

 _ASE_        Average Squared Error                 0.08         0.08 
 _DIV_        Divisor for ASE                    4748.00      2036.00 
 _MAX_        Maximum Absolute Error                0.97         0.97 
 _NOBS_       Sum of Frequencies                 2374.00      1018.00 
 _RASE_       Root Average Squared Error            0.27         0.28 
 _SSE_        Sum of Squared Errors               356.40       160.74 
 _DISF_       Frequency of Classified Cases      2374.00      1018.00 
 _MISC_       Misclassification Rate                0.10         0.11 
 _WRONG_      Number of Wrong Classifications     232.00       107.00 
 
                                                                                               
 
 
Classification Table

Data Role=TRAIN Target Variable=DepVar Target Label=DepVar

                       Target        Outcome     Frequency       Total
Target    Outcome    Percentage    Percentage      Count      Percentage

  0          0         91.6006       97.4194        1963        82.6874 
  1          0          8.3994       50.1393         180         7.5821 
  0          1         22.5108        2.5806          52         2.1904 
  1          1         77.4892       49.8607         179         7.5400 


Data Role=VALIDATE Target Variable=DepVar Target Label=DepVar

                       Target        Outcome     Frequency       Total
Target    Outcome    Percentage    Percentage      Count      Percentage

  0          0         91.4474       96.6396        834         81.9253 
  1          0          8.5526       50.3226         78          7.6621 
  0          1         27.3585        3.3604         29          2.8487 
  1          1         72.6415       49.6774         77          7.5639 
 
                                                                                               
 
 
Event Classification Table

Data Role=TRAIN Target=DepVar Target Label=DepVar

  False       True        False       True
Negative    Negative    Positive    Positive

   180        1963         52          179  


Data Role=VALIDATE Target=DepVar Target Label=DepVar

  False       True        False       True
Negative    Negative    Positive    Positive

   78          834         29          77   
 
                                                                                               
 
 
Assessment Score Rankings

Data Role=TRAIN Target Variable=DepVar Target Label=DepVar

                                                                                    Mean
                            Cumulative       %      Cumulative     Number of     Posterior
Depth      Gain     Lift       Lift      Response   % Response   Observations   Probability

   5    500.154   6.00154     6.00154     90.7563     90.7563         119         0.80323  
  10    408.464   4.16774     5.08464     63.0252     76.8908         119         0.58509  
  15    333.445   2.83406     4.33445     42.8571     65.5462         119         0.42908  
  20    277.278   2.07351     3.77278     31.3559     57.0526         118         0.33706  
  25    227.301   1.27811     3.27301     19.3277     49.4949         119         0.27660  
  30    181.021   0.50013     2.81021      7.5630     42.4965         119         0.23295  
  35    155.441   1.00873     2.55441     15.2542     38.6282         118         0.19725  
  40    133.885   0.83355     2.33885     12.6050     35.3684         119         0.16735  
  45    112.798   0.44456     2.12798      6.7227     32.1796         119         0.14033  
  50     93.872   0.22416     1.93872      3.3898     29.3176         118         0.11625  
  55     77.726   0.16671     1.77726      2.5210     26.8760         119         0.09757  
  60     64.740   0.22228     1.64740      3.3613     24.9123         119         0.08162  
  65     52.043   0.00000     1.52043      0.0000     22.9922         119         0.06876  
  70     42.044   0.11208     1.42044      1.6949     21.4801         118         0.05688  
  75     32.925   0.05557     1.32925      0.8403     20.1011         119         0.04590  
  80     24.947   0.05557     1.24947      0.8403     18.8947         119         0.03698  
  85     17.641   0.00000     1.17641      0.0000     17.7899         118         0.02873  
  90     11.090   0.00000     1.11090      0.0000     16.7993         119         0.02217  
  95      5.230   0.00000     1.05230      0.0000     15.9131         119         0.01615  
 100      0.000   0.00000     1.00000      0.0000     15.1222         118         0.00918  


Data Role=VALIDATE Target Variable=DepVar Target Label=DepVar

                                                                                    Mean
                            Cumulative       %      Cumulative     Number of     Posterior
Depth      Gain     Lift       Lift      Response   % Response   Observations   Probability

   5    479.507   5.79507     5.79507     88.2353     88.2353         51          0.77947  
  10    389.361   3.99216     4.89361     60.7843     74.5098         51          0.56385  
  15    316.386   2.70436     4.16386     41.1765     63.3987         51          0.45045  
  20    247.704   1.41657     3.47704     21.5686     52.9412         51          0.33579  
  25    216.797   1.93169     3.16797     29.4118     48.2353         51          0.27359  
  30    185.461   1.28779     2.85461     19.6078     43.4641         51          0.23311  
  35    157.559   0.90145     2.57559     13.7255     39.2157         51          0.20323  
  40    131.803   0.51512     2.31803      7.8431     35.2941         51          0.17295  
  45    111.770   0.51512     2.11770      7.8431     32.2440         51          0.14900  
  50     93.548   0.26271     1.93548      4.0000     29.4695         50          0.12425  
  55     80.613   0.51512     1.80613      7.8431     27.5000         51          0.10349  
  60     65.537   0.00000     1.65537      0.0000     25.2046         51          0.08595  
  65     52.784   0.00000     1.52784      0.0000     23.2628         51          0.07222  
  70     41.856   0.00000     1.41856      0.0000     21.5989         51          0.06042  
  75     32.386   0.00000     1.32386      0.0000     20.1571         51          0.04963  
  80     24.102   0.00000     1.24102      0.0000     18.8957         51          0.04059  
  85     17.552   0.12878     1.17552      1.9608     17.8984         51          0.03171  
  90     11.014   0.00000     1.11014      0.0000     16.9029         51          0.02309  
  95      5.165   0.00000     1.05165      0.0000     16.0124         51          0.01607  
 100      0.000   0.00000     1.00000      0.0000     15.2259         50          0.00944  
 
                                                                                               
 
 
Assessment Score Distribution

Data Role=TRAIN Target Variable=DepVar Target Label=DepVar

 Posterior     Number                     Mean
Probability      of      Number of     Posterior
   Range       Events    Nonevents    Probability    Percentage

 0.95-1.00        9           0         0.96198         0.3791 
 0.90-0.95        6           0         0.92320         0.2527 
 0.85-0.90       17           0         0.87982         0.7161 
 0.80-0.85       23           1         0.82282         1.0110 
 0.75-0.80       19           5         0.77606         1.0110 
 0.70-0.75       28           3         0.72560         1.3058 
 0.65-0.70       23           7         0.67968         1.2637 
 0.60-0.65       15           6         0.62488         0.8846 
 0.55-0.60       18          20         0.57696         1.6007 
 0.50-0.55       21          10         0.52562         1.3058 
 0.45-0.50       17          20         0.47492         1.5586 
 0.40-0.45       24          40         0.42647         2.6959 
 0.35-0.40       28          36         0.37040         2.6959 
 0.30-0.35       24          57         0.32496         3.4120 
 0.25-0.30       22         104         0.27454         5.3075 
 0.20-0.25       17         140         0.22388         6.6133 
 0.15-0.20       26         181         0.17422         8.7195 
 0.10-0.15       13         254         0.12245        11.2468 
 0.05-0.10        7         434         0.07261        18.5762 
 0.00-0.05        2         697         0.02609        29.4440 


Data Role=VALIDATE Target Variable=DepVar Target Label=DepVar

 Posterior     Number                     Mean
Probability      of      Number of     Posterior
   Range       Events    Nonevents    Probability    Percentage

 0.95-1.00        2           0         0.97324         0.1965 
 0.90-0.95        5           0         0.91851         0.4912 
 0.85-0.90       10           0         0.86674         0.9823 
 0.80-0.85        4           0         0.81555         0.3929 
 0.75-0.80        6           1         0.78355         0.6876 
 0.70-0.75        7           2         0.72298         0.8841 
 0.65-0.70       10           1         0.67072         1.0806 
 0.60-0.65        7           4         0.61808         1.0806 
 0.55-0.60       14           9         0.58027         2.2593 
 0.50-0.55       12          12         0.52251         2.3576 
 0.45-0.50        9          14         0.47570         2.2593 
 0.40-0.45        8          10         0.42755         1.7682 
 0.35-0.40        7          14         0.37020         2.0629 
 0.30-0.35        7          29         0.32425         3.5363 
 0.25-0.30       15          35         0.27407         4.9116 
 0.20-0.25       14          70         0.22438         8.2515 
 0.15-0.20       11          85         0.17208         9.4303 
 0.10-0.15        6         104         0.12263        10.8055 
 0.05-0.10        0         190         0.07268        18.6640 
 0.00-0.05        1         283         0.02670        27.8978 
