 
                                                                                               
 
 
Variable Summary

            Measurement    Frequency
Role           Level         Count

INPUT        BINARY             7   
INPUT        INTERVAL          16   
INPUT        NOMINAL            2   
REJECTED     INTERVAL           8   
TARGET       BINARY             1   
 
                                                                                               
 
 
Model Events

                                  Number
                   Measurement      of
Target    Event       Level       Levels      Order       Label

DepVar      1        BINARY          2      Descending    DepVar
 
                                                                                               
 
 
Predicted and decision variables

Type         Variable     Label

TARGET       DepVar       DepVar             
PREDICTED    P_DepVar1    Predicted: DepVar=1
RESIDUAL     R_DepVar1    Residual: DepVar=1 
PREDICTED    P_DepVar0    Predicted: DepVar=0
RESIDUAL     R_DepVar0    Residual: DepVar=0 
FROM         F_DepVar     From: DepVar       
INTO         I_DepVar     Into: DepVar       
 
                                                                                               
 
 

The NEURAL Procedure

Preliminary       Starting         Objective         Number
 Training          Random           Function           of        Terminating
    Run             Seed             Value         Iterations     Criteria

        1               12345    0.219472571397           10                
        2          1057600706    0.220511963455           10                
        3            56992680    0.198928224863           10                
        4           388145103    0.205311997782           10                
        5          1957865466    0.232723203559           10                
 
                                                                                               
 
 

The NEURAL Procedure

                      Optimization Start
                      Parameter Estimates
                                                      Gradient
                                                     Objective
  N Parameter                         Estimate        Function

  1 AcceptedCmpTotal_H11             -0.257752       -0.012354
  2 Age_H11                           0.184940       -0.000655
  3 Frq_H11                           0.126307       -0.009775
  4 Income_H11                       -0.458911       -0.000586
  5 Kidhome_H11                       0.356694        0.002410
  6 MntFishProducts_H11               0.070543        0.006750
  7 MntFruits_H11                     0.078522        0.006974
  8 MntGoldProds_H11                  0.002983        0.001553
  9 MntSweetProducts_H11              0.071745        0.007662
 10 MonthsAsCustomer_H11             -0.220898       -0.005591
 11 NumDealsPurchases_H11            -0.144108       -0.002359
 12 NumWebVisitsMonth_H11             0.011891       -0.000734
 13 RFMstat_H11                      -0.100839       -0.023040
 14 RMntFrq_H11                      -0.214859        0.005110
 15 Recency_H11                       0.757083        0.008743
 16 Teenhome_H11                      0.309473       -0.000542
 17 AcceptedCmpTotal_H12             -0.192813        0.000869
 18 Age_H12                          -0.101738       -0.000402
 19 Frq_H12                          -0.046319        0.001031
 20 Income_H12                       -0.020510       -0.001141
 21 Kidhome_H12                       0.268516        0.000604
 22 MntFishProducts_H12               0.073088       -0.000778
 23 MntFruits_H12                    -0.003374       -0.003107
 24 MntGoldProds_H12                  0.017331       -0.002867
 25 MntSweetProducts_H12              0.224943       -0.004129
 26 MonthsAsCustomer_H12             -0.425313        0.001851
 27 NumDealsPurchases_H12             0.264843        0.000777
 28 NumWebVisitsMonth_H12             0.154259        0.000548
 29 RFMstat_H12                       0.304078        0.000560
 30 RMntFrq_H12                      -0.062416       -0.003094
 31 Recency_H12                      -0.372344        0.000944
 32 Teenhome_H12                     -0.450293       -0.001734
 33 AcceptedCmpTotal_H13             -0.710515       -0.000447
 34 Age_H13                           0.042007        0.003830
 35 Frq_H13                          -0.368673       -0.002400
 36 Income_H13                       -0.423955       -0.002172
 37 Kidhome_H13                      -0.462878        0.000512
 38 MntFishProducts_H13              -0.046379       -0.002571
 39 MntFruits_H13                     0.028524       -0.000546
 40 MntGoldProds_H13                 -0.447461        0.000718
 41 MntSweetProducts_H13             -0.160262       -0.000954
 42 MonthsAsCustomer_H13              0.000207        0.000666
 43 NumDealsPurchases_H13            -0.327531        0.002182
 44 NumWebVisitsMonth_H13            -0.383437        0.003094
 45 RFMstat_H13                      -0.304133        0.000538
 46 RMntFrq_H13                      -0.532506       -0.001452
 47 Recency_H13                       0.643503       -0.004958
 48 Teenhome_H13                      0.077898        0.004632
 49 AcceptedCmpTotal_H14              0.163888       -0.005546
 50 Age_H14                          -0.033376       -0.002964
 51 Frq_H14                           0.087433       -0.002518
 52 Income_H14                        0.092614       -0.006760
 53 Kidhome_H14                      -0.419643        0.007757
 54 MntFishProducts_H14              -0.010039       -0.005685
 55 MntFruits_H14                    -0.186888       -0.007411
 56 MntGoldProds_H14                 -0.189910       -0.006310
 57 MntSweetProducts_H14             -0.456731       -0.010963
 58 MonthsAsCustomer_H14              0.010624        0.001241
 59 NumDealsPurchases_H14            -0.101704        0.004109
 60 NumWebVisitsMonth_H14             0.487547        0.004327
 61 RFMstat_H14                       0.236505       -0.001160
 62 RMntFrq_H14                      -0.210245       -0.009907
 63 Recency_H14                      -0.543959        0.002715
 64 Teenhome_H14                     -0.299556        0.003377
 65 AcceptedCmpTotal_H15             -0.129582        0.002475
 66 Age_H15                           0.059481        0.000554
 67 Frq_H15                           0.647356       -0.003499
 68 Income_H15                        0.128170    -0.000067169
 69 Kidhome_H15                      -0.031335       -0.002804
 70 MntFishProducts_H15              -0.107430        0.002123
 71 MntFruits_H15                     0.103038        0.002404
 72 MntGoldProds_H15                  0.124417        0.002318
 73 MntSweetProducts_H15              0.061041        0.004077
 74 MonthsAsCustomer_H15             -0.095938       -0.004221
 75 NumDealsPurchases_H15            -0.388726       -0.000592
 76 NumWebVisitsMonth_H15            -0.496127       -0.001932
 77 RFMstat_H15                       0.054684    -0.000005547
 78 RMntFrq_H15                      -0.047063        0.003263
 79 Recency_H15                       0.352968       -0.003111
 80 Teenhome_H15                     -0.082839        0.002682
 81 AcceptedCmp10_H11                 0.527704        0.005961
 82 AcceptedCmp20_H11                 0.326258       -0.006518
 83 AcceptedCmp30_H11                 0.356083       -0.005138
 84 AcceptedCmp40_H11                 0.119017       -0.006504
 85 AcceptedCmp50_H11                 0.272353       -0.006698
 86 Complain0_H11                     0.058645       -0.008059
 87 HigherEducationBinary0_H11       -0.128925        0.006311
 88 AcceptedCmp10_H12                 0.230092        0.001487
 89 AcceptedCmp20_H12                 0.045722        0.001519
 90 AcceptedCmp30_H12                -0.237215    -0.000078095
 91 AcceptedCmp40_H12                 0.086881        0.000750
 92 AcceptedCmp50_H12                 0.269823        0.001617
 93 Complain0_H12                     0.243276        0.001200
 94 HigherEducationBinary0_H12        0.188276       -0.001581
 95 AcceptedCmp10_H13                -0.140232       -0.001907
 96 AcceptedCmp20_H13                -0.158140       -0.002075
 97 AcceptedCmp30_H13                 0.150363       -0.001372
 98 AcceptedCmp40_H13                -0.029627       -0.001116
 99 AcceptedCmp50_H13                 0.114037       -0.002651
100 Complain0_H13                    -0.300388       -0.001983
101 HigherEducationBinary0_H13        0.201211        0.003678
102 AcceptedCmp10_H14                 0.228727       -0.001224
103 AcceptedCmp20_H14                 0.008952       -0.000430
104 AcceptedCmp30_H14                -0.302974       -0.001243
105 AcceptedCmp40_H14                 0.113154        0.001652
106 AcceptedCmp50_H14                 0.143676        0.004693
107 Complain0_H14                     0.151817       -0.001195
108 HigherEducationBinary0_H14        0.059379        0.001710
109 AcceptedCmp10_H15                 0.324733       -0.004160
110 AcceptedCmp20_H15                -0.109650       -0.003925
111 AcceptedCmp30_H15                 0.257526       -0.004550
112 AcceptedCmp40_H15                 0.056101       -0.000618
113 AcceptedCmp50_H15                 0.171863       -0.004469
114 Complain0_H15                     0.019695       -0.003030
115 HigherEducationBinary0_H15       -0.076335       -0.000322
116 Education2nCycle_H11              0.006957        0.000110
117 EducationBasic_H11               -0.039703        0.003223
118 EducationGraduation_H11          -0.040587        0.000751
119 EducationMaster_H11               0.085337       -0.001617
120 Marital_StatusDivorced_H11       -0.161914        0.002753
121 Marital_StatusMarried_H11         0.519302       -0.005050
122 Marital_StatusSingle_H11         -0.097716        0.005841
123 Marital_StatusTogether_H11        0.579788       -0.004080
124 Education2nCycle_H12             -0.191236       -0.000184
125 EducationBasic_H12               -0.042764       -0.000177
126 EducationGraduation_H12           0.317228        0.000672
127 EducationMaster_H12               0.060466        0.000395
128 Marital_StatusDivorced_H12       -0.302203        0.000145
129 Marital_StatusMarried_H12         0.235969        0.001467
130 Marital_StatusSingle_H12          0.258097       -0.000864
131 Marital_StatusTogether_H12       -0.336267        0.000649
132 Education2nCycle_H13              0.100676        0.001619
133 EducationBasic_H13                0.281724        0.002256
134 EducationGraduation_H13          -0.189737        0.000272
135 EducationMaster_H13              -0.047249        0.001497
136 Marital_StatusDivorced_H13       -0.140866       -0.001158
137 Marital_StatusMarried_H13        -0.040868       -0.000440
138 Marital_StatusSingle_H13          0.061936        0.001322
139 Marital_StatusTogether_H13       -0.211318       -0.001693
140 Education2nCycle_H14              0.074660     0.000042404
141 EducationBasic_H14                0.149182     0.000038829
142 EducationGraduation_H14           0.235355       -0.002276
143 EducationMaster_H14              -0.091969        0.000487
144 Marital_StatusDivorced_H14        0.092968       -0.000724
145 Marital_StatusMarried_H14        -0.501281        0.000764
146 Marital_StatusSingle_H14          0.463870       -0.002150
147 Marital_StatusTogether_H14       -0.127569        0.000882
148 Education2nCycle_H15             -0.323114       -0.002516
149 EducationBasic_H15                0.182767       -0.000447
150 EducationGraduation_H15          -0.116632       -0.002663
151 EducationMaster_H15               0.035101       -0.000557
152 Marital_StatusDivorced_H15       -0.245116       -0.001271
153 Marital_StatusMarried_H15        -0.131252       -0.000652
154 Marital_StatusSingle_H15         -0.098775       -0.001983
155 Marital_StatusTogether_H15       -0.038183       -0.002157
156 BIAS_H11                          0.373668       -0.008094
157 BIAS_H12                         -0.907535        0.001476
158 BIAS_H13                         -0.471228       -0.002222
159 BIAS_H14                          0.534807       -0.000907
160 BIAS_H15                          0.765389       -0.003294
161 H11_DepVar1                      -2.931938        0.004096
162 H12_DepVar1                       0.635468       -0.002877
163 H13_DepVar1                      -2.635434       -0.003238
164 H14_DepVar1                       1.281303        0.003840
165 H15_DepVar1                      -1.227287        0.008997
166 BIAS_DepVar1                     -1.795179        0.004482

Value of Objective Function = 0.1989282249

 
                                                                                               
 
 

The NEURAL Procedure

Dual Quasi-Newton Optimization


Minimum Iterations                                0
Maximum Iterations                               50
Maximum Function Calls                   2147483647
Maximum CPU Time                              14400
ABSGCONV Gradient Criterion                 0.00001
GCONV Gradient Criterion                       1E-8
ABSFCONV Function Criterion                       0
FCONV Function Criterion                     0.0001
FCONV2 Function Criterion                         0
FSIZE Parameter                                   0
ABSXCONV Parameter Change Criterion               0
XCONV Parameter Change Criterion                  0
XSIZE Parameter                                   0
ABSCONV Function Criterion             0.0020529663
Line Search Method                                2
Starting Alpha for Line Search                    1
Line Search Precision LSPRECISION               0.4
DAMPSTEP Parameter for Line Search                .
Singularity Tolerance (SINGULAR)               1E-8

Dual Quasi-Newton Optimization

Dual Broyden - Fletcher - Goldfarb - Shanno Update (DBFGS)

Parameter Estimates             166

                                      Optimization Start

Active Constraints                           0  Objective Function                0.1989282249
Max Abs Gradient Element          0.0230396571                                                


                                                       Objective   Max Abs            Slope of
                 Function       Active      Objective   Function  Gradient     Step     Search
Iter   Restarts     Calls  Constraints       Function     Change   Element     Size  Direction

   1          0         5            0        0.19560    0.00333    0.0171   0.0264     -0.275
   2          0         7            0        0.19442    0.00118    0.0295    0.808    -0.0103
   3          0        11            0        0.19081    0.00361    0.0137    0.906    -0.0080
   4          0        13            0        0.18895    0.00185    0.0103    1.000    -0.0063
   5          0        17            0        0.18464    0.00431   0.00944    2.536    -0.0034
   6          0        19            0        0.17747    0.00717    0.0151    2.860    -0.0038
   7          0        22            0        0.17366    0.00381   0.00827    1.376    -0.0061
   8          0        24            0        0.17225    0.00141    0.0325    3.055    -0.0031
   9          0        28            0        0.16918    0.00307   0.00769    1.506    -0.0047
  10          0        31            0        0.16710    0.00207   0.00971    2.988    -0.0014
  11          0        33            0        0.16564    0.00146    0.0139    2.708    -0.0019
  12          0        35            0        0.16368    0.00197   0.00795    1.588    -0.0023
  13          0        37            0        0.16106    0.00261    0.0110    3.216    -0.0015
  14          0        39            0        0.15978    0.00128    0.0120    2.632    -0.0025
  15          0        41            0        0.15779    0.00199   0.00781    0.771    -0.0042
  16          0        43            0        0.15644    0.00136   0.00941    2.269    -0.0022
  17          0        45            0        0.15446    0.00197   0.00423    1.412    -0.0024
  18          0        47            0        0.15332    0.00114   0.00864    4.068    -0.0012
  19          0        49            0        0.15153    0.00179   0.00320    1.398    -0.0020
  20          0        51            0        0.15087   0.000660    0.0115    3.973    -0.0011
  21          0        55            0        0.14930    0.00157   0.00261    1.366    -0.0024
  22          0        57            0        0.14770    0.00159   0.00661    6.149    -0.0006
  23          0        59            0        0.14614    0.00157   0.00500    3.184    -0.0013
  24          0        61            0        0.14516   0.000975   0.00984    3.332    -0.0012
  25          0        63            0        0.14401    0.00115   0.00301    1.687    -0.0014
  26          0        65            0        0.14232    0.00169   0.00392    4.082    -0.0007
  27          0        68            0        0.14125    0.00107   0.00489    1.973    -0.0010
  28          0        70            0        0.13958    0.00167   0.00470    2.056    -0.0013
  29          0        73            0        0.13865   0.000937   0.00444    1.288    -0.0015
  30          0        75            0        0.13760    0.00105   0.00562    3.329    -0.0007
  31          0        77            0        0.13660    0.00100   0.00835    1.821    -0.0014
  32          0        79            0        0.13595   0.000648   0.00759    2.179    -0.0012
  33          0        81            0        0.13501   0.000938   0.00287    1.430    -0.0011
  34          0        83            0        0.13464   0.000377   0.00697    3.816    -0.0006
  35          0        87            0        0.13384   0.000792   0.00321    1.572    -0.0012
  36          0        89            0        0.13340   0.000446   0.00576    4.463    -0.0004
  37          0        91            0        0.13263   0.000766   0.00337    0.997    -0.0011
  38          0        93            0        0.13230   0.000335   0.00563    2.492    -0.0008
  39          0        95            0        0.13172   0.000581   0.00261    0.859    -0.0010
  40          0        97            0        0.13116   0.000558   0.00340    2.459    -0.0006
  41          0        99            0        0.13042   0.000736   0.00336    2.844    -0.0005
  42          0       101            0        0.12976   0.000668   0.00558    3.070    -0.0006
  43          0       103            0        0.12908   0.000676   0.00404    2.227    -0.0007
  44          0       105            0        0.12835   0.000727   0.00404    2.647    -0.0006
  45          0       107            0        0.12804   0.000314   0.00667    2.581    -0.0007
  46          0       111            0        0.12726   0.000784   0.00344    1.349    -0.0012
  47          0       113            0        0.12662   0.000640   0.00945    3.901    -0.0005
  48          0       115            0        0.12601   0.000610   0.00457    1.363    -0.0012
  49          0       118            0        0.12563   0.000374   0.00352    1.481    -0.0005
  50          0       120            0        0.12520   0.000430   0.00739    2.379    -0.0004

                                     Optimization Results

Iterations                                  50  Function Calls                             122
Gradient Calls                              58  Active Constraints                           0
Objective Function                0.1252016592  Max Abs Gradient Element           0.007386936
Slope of Search Direction         -0.000393119                                                

QUANEW needs more than 50 iterations or 2147483647 function calls.                             

WARNING: QUANEW Optimization cannot be completed.

 
                                                                                               
 
 

The NEURAL Procedure

                     Optimization Results
                      Parameter Estimates
                                                      Gradient
                                                     Objective
  N Parameter                         Estimate        Function

  1 AcceptedCmpTotal_H11             -0.227153       -0.007387
  2 Age_H11                           0.037762       -0.004525
  3 Frq_H11                          -0.279037       -0.002393
  4 Income_H11                       -1.300694       -0.002336
  5 Kidhome_H11                       0.985309        0.001618
  6 MntFishProducts_H11              -0.416107       -0.000669
  7 MntFruits_H11                    -0.125127        0.002447
  8 MntGoldProds_H11                  0.268529        0.002695
  9 MntSweetProducts_H11              0.142434       -0.001296
 10 MonthsAsCustomer_H11             -0.150326        0.003337
 11 NumDealsPurchases_H11             0.010969        0.000837
 12 NumWebVisitsMonth_H11            -0.342785        0.001671
 13 RFMstat_H11                      -0.000807        0.001101
 14 RMntFrq_H11                       0.082879       -0.002708
 15 Recency_H11                       0.704217       -0.000695
 16 Teenhome_H11                      0.794331    -0.000039948
 17 AcceptedCmpTotal_H12             -2.191875       -0.000681
 18 Age_H12                          -0.705976       -0.000295
 19 Frq_H12                          -0.480884       -0.000493
 20 Income_H12                       -0.687704        0.000402
 21 Kidhome_H12                       1.607311       -0.000157
 22 MntFishProducts_H12              -1.515109        0.000680
 23 MntFruits_H12                     0.413609        0.000432
 24 MntGoldProds_H12                  1.095610       -0.000653
 25 MntSweetProducts_H12              1.986682       -0.000175
 26 MonthsAsCustomer_H12             -0.476466       -0.000585
 27 NumDealsPurchases_H12             0.211696        0.000511
 28 NumWebVisitsMonth_H12            -0.216613       -0.000142
 29 RFMstat_H12                       2.485079       -0.000747
 30 RMntFrq_H12                       0.624014        0.000451
 31 Recency_H12                      -1.920512        0.000369
 32 Teenhome_H12                     -0.137337        0.001409
 33 AcceptedCmpTotal_H13             -0.726035       -0.000178
 34 Age_H13                          -0.346342       -0.001419
 35 Frq_H13                          -0.600163       -0.001457
 36 Income_H13                       -0.226409       -0.000895
 37 Kidhome_H13                      -1.049042        0.000471
 38 MntFishProducts_H13               1.963042       -0.000742
 39 MntFruits_H13                     0.764963        0.000225
 40 MntGoldProds_H13                 -1.485935        0.000691
 41 MntSweetProducts_H13              0.685740       -0.000575
 42 MonthsAsCustomer_H13             -1.170161       -0.000435
 43 NumDealsPurchases_H13            -0.509051        0.000340
 44 NumWebVisitsMonth_H13            -0.653451        0.000345
 45 RFMstat_H13                      -0.446244       -0.000627
 46 RMntFrq_H13                      -2.767919       -0.000460
 47 Recency_H13                       0.823733       -0.000924
 48 Teenhome_H13                      0.093012       -0.000200
 49 AcceptedCmpTotal_H14              0.591696       -0.001190
 50 Age_H14                          -0.331053    -0.000059453
 51 Frq_H14                           0.167024       -0.000201
 52 Income_H14                        0.245471        0.000119
 53 Kidhome_H14                      -1.798944        0.000182
 54 MntFishProducts_H14              -0.228732        0.000166
 55 MntFruits_H14                    -0.985857       -0.001178
 56 MntGoldProds_H14                  0.130026        0.000353
 57 MntSweetProducts_H14             -1.338322    -0.000032767
 58 MonthsAsCustomer_H14             -1.241797       -0.000505
 59 NumDealsPurchases_H14             0.314710        0.000141
 60 NumWebVisitsMonth_H14             0.800962    -0.000043713
 61 RFMstat_H14                       1.866903    -0.000069421
 62 RMntFrq_H14                      -0.093654       -0.000529
 63 Recency_H14                      -1.450885        0.000351
 64 Teenhome_H14                     -1.105925        0.000814
 65 AcceptedCmpTotal_H15             -0.482161       -0.000778
 66 Age_H15                           0.055074       -0.000690
 67 Frq_H15                           1.230367       -0.001326
 68 Income_H15                       -0.177692       -0.000810
 69 Kidhome_H15                       0.059263        0.001189
 70 MntFishProducts_H15              -0.180968        0.000541
 71 MntFruits_H15                     0.088602       -0.001306
 72 MntGoldProds_H15                  0.457054       -0.000369
 73 MntSweetProducts_H15             -0.428855       -0.001424
 74 MonthsAsCustomer_H15              0.186108        0.001515
 75 NumDealsPurchases_H15            -0.779393    -0.000087636
 76 NumWebVisitsMonth_H15            -1.062254        0.000821
 77 RFMstat_H15                       0.059114        0.000220
 78 RMntFrq_H15                      -0.521141       -0.000664
 79 Recency_H15                       0.704489        0.000790
 80 Teenhome_H15                     -0.246784       -0.000105
 81 AcceptedCmp10_H11                 0.432024        0.000426
 82 AcceptedCmp20_H11                 0.320333     0.000078690
 83 AcceptedCmp30_H11                 0.399648       -0.001608
 84 AcceptedCmp40_H11                 0.469720        0.001523
 85 AcceptedCmp50_H11                 0.383270        0.003653
 86 Complain0_H11                     0.621885       -0.001143
 87 HigherEducationBinary0_H11       -0.930533        0.001928
 88 AcceptedCmp10_H12                -0.360769       -0.000323
 89 AcceptedCmp20_H12                -0.508758       -0.000618
 90 AcceptedCmp30_H12                 0.152920       -0.000353
 91 AcceptedCmp40_H12                -0.241541        0.000243
 92 AcceptedCmp50_H12                 1.974688       -0.000742
 93 Complain0_H12                    -0.628870       -0.000565
 94 HigherEducationBinary0_H12        0.448479       -0.000102
 95 AcceptedCmp10_H13                 0.721318       -0.000442
 96 AcceptedCmp20_H13                -0.498664        0.000529
 97 AcceptedCmp30_H13                -0.802309       -0.000797
 98 AcceptedCmp40_H13                -0.791763        0.000629
 99 AcceptedCmp50_H13                -0.666100        0.000177
100 Complain0_H13                     0.671460    -0.000033821
101 HigherEducationBinary0_H13        0.742715        0.000644
102 AcceptedCmp10_H14                 1.565134    -0.000070277
103 AcceptedCmp20_H14                -0.008369       -0.001342
104 AcceptedCmp30_H14                 0.129440       -0.001712
105 AcceptedCmp40_H14                -0.048998       -0.000457
106 AcceptedCmp50_H14                -0.392605       -0.000699
107 Complain0_H14                     1.449920       -0.001484
108 HigherEducationBinary0_H14        0.109327        0.001657
109 AcceptedCmp10_H15                 0.927319       -0.000181
110 AcceptedCmp20_H15                 0.388924       -0.000605
111 AcceptedCmp30_H15                 1.592880       -0.000301
112 AcceptedCmp40_H15                 0.095578        0.000387
113 AcceptedCmp50_H15                -0.691389       -0.000454
114 Complain0_H15                    -0.507533       -0.000399
115 HigherEducationBinary0_H15        0.082893       -0.000267
116 Education2nCycle_H11              0.804034        0.001415
117 EducationBasic_H11               -1.087108        0.001479
118 EducationGraduation_H11           0.140309        0.001542
119 EducationMaster_H11               0.505558        0.000719
120 Marital_StatusDivorced_H11       -0.443806       -0.000131
121 Marital_StatusMarried_H11         0.674279       -0.000783
122 Marital_StatusSingle_H11         -1.012511    -0.000023884
123 Marital_StatusTogether_H11        1.075210       -0.000781
124 Education2nCycle_H12             -0.100385    -0.000098612
125 EducationBasic_H12                0.452011       -0.000137
126 EducationGraduation_H12           0.199012     0.000080168
127 EducationMaster_H12               0.849073       -0.000152
128 Marital_StatusDivorced_H12       -0.824817     0.000025164
129 Marital_StatusMarried_H12         0.719860     0.000066126
130 Marital_StatusSingle_H12         -0.574212       -0.000539
131 Marital_StatusTogether_H12        0.982589       -0.000148
132 Education2nCycle_H13              0.417905        0.001131
133 EducationBasic_H13                0.478941    -0.000004651
134 EducationGraduation_H13          -0.900990        0.000295
135 EducationMaster_H13               0.872778        0.000596
136 Marital_StatusDivorced_H13       -0.611041        0.000238
137 Marital_StatusMarried_H13         1.221915       -0.000710
138 Marital_StatusSingle_H13         -0.329841        0.000509
139 Marital_StatusTogether_H13        0.458142     0.000005720
140 Education2nCycle_H14              0.407916        0.000675
141 EducationBasic_H14                0.179567        0.000342
142 EducationGraduation_H14           0.431678       -0.000250
143 EducationMaster_H14               0.101877     0.000039909
144 Marital_StatusDivorced_H14        2.167413        0.000828
145 Marital_StatusMarried_H14        -1.123639        0.000275
146 Marital_StatusSingle_H14         -0.356263       -0.000282
147 Marital_StatusTogether_H14        0.050370        0.000421
148 Education2nCycle_H15              0.223963       -0.000146
149 EducationBasic_H15               -0.087542        0.000279
150 EducationGraduation_H15           0.128166        0.000173
151 EducationMaster_H15              -0.058806        0.000485
152 Marital_StatusDivorced_H15        0.151236     0.000013018
153 Marital_StatusMarried_H15        -0.052239        0.000100
154 Marital_StatusSingle_H15         -0.130605       -0.000882
155 Marital_StatusTogether_H15        0.412645        0.000903
156 BIAS_H11                          0.475267       -0.001326
157 BIAS_H12                         -1.376350       -0.000618
158 BIAS_H13                         -0.927163    -0.000032568
159 BIAS_H14                          0.906231       -0.001342
160 BIAS_H15                          1.026293       -0.000502
161 H11_DepVar1                      -5.971943       -0.000423
162 H12_DepVar1                       2.739323    -0.000043450
163 H13_DepVar1                      -3.791716        0.000749
164 H14_DepVar1                       3.787346        0.000371
165 H15_DepVar1                      -3.943104        0.000222
166 BIAS_DepVar1                     -2.504679        0.000403

Value of Objective Function = 0.1252016592

