 
                                                                                               
 
 
Fit Statistics

Target=DepVar Target Label=DepVar

   Fit
Statistics    Statistics Label                     Train    Validation

 _ASE_        Average Squared Error                 0.05         0.05 
 _DIV_        Divisor for ASE                    4748.00      2036.00 
 _MAX_        Maximum Absolute Error                0.99         1.00 
 _NOBS_       Sum of Frequencies                 2374.00      1018.00 
 _RASE_       Root Average Squared Error            0.23         0.23 
 _SSE_        Sum of Squared Errors               246.65       110.37 
 _DISF_       Frequency of Classified Cases      2374.00      1018.00 
 _MISC_       Misclassification Rate                0.07         0.06 
 _WRONG_      Number of Wrong Classifications     167.00        63.00 
 
                                                                                               
 
 
Classification Table

Data Role=TRAIN Target Variable=DepVar Target Label=DepVar

                       Target        Outcome     Frequency       Total
Target    Outcome    Percentage    Percentage      Count      Percentage

  0          0         94.5946       97.2705        1960        82.5611 
  1          0          5.4054       31.1978         112         4.7178 
  0          1         18.2119        2.7295          55         2.3168 
  1          1         81.7881       68.8022         247        10.4044 


Data Role=VALIDATE Target Variable=DepVar Target Label=DepVar

                       Target        Outcome     Frequency       Total
Target    Outcome    Percentage    Percentage      Count      Percentage

  0          0         95.4545       97.3349        840         82.5147 
  1          0          4.5455       25.8065         40          3.9293 
  0          1         16.6667        2.6651         23          2.2593 
  1          1         83.3333       74.1935        115         11.2967 
 
                                                                                               
 
 
Event Classification Table

Data Role=TRAIN Target=DepVar Target Label=DepVar

  False       True        False       True
Negative    Negative    Positive    Positive

   112        1960         55          247  


Data Role=VALIDATE Target=DepVar Target Label=DepVar

  False       True        False       True
Negative    Negative    Positive    Positive

   40          840         23          115  
 
                                                                                               
 
 
Assessment Score Rankings

Data Role=TRAIN Target Variable=DepVar Target Label=DepVar

                                                                                    Mean
                            Cumulative       %      Cumulative     Number of     Posterior
Depth      Gain     Lift       Lift      Response   % Response   Observations   Probability

   5    539.053   6.39053     6.39053     96.6387     96.6387         119         0.95010  
  10    480.705   5.22357     5.80705     78.9916     87.8151         119         0.75756  
  15    400.129   3.38976     5.00129     51.2605     75.6303         119         0.51301  
  20    330.181   2.18559     4.30181     33.0508     65.0526         118         0.31581  
  25    264.039   1.00026     3.64039     15.1261     55.0505         119         0.19940  
  30    212.555   0.55570     3.12555      8.4034     47.2651         119         0.11649  
  35    176.926   0.61645     2.76926      9.3220     41.8773         118         0.06735  
  40    145.022   0.22228     2.45022      3.3613     37.0526         119         0.04139  
  45    118.984   0.11114     2.18984      1.6807     33.1151         119         0.02620  
  50     98.329   0.11208     1.98329      1.6949     29.9916         118         0.01772  
  55     81.270   0.11114     1.81270      1.6807     27.4119         119         0.01169  
  60     66.132   0.00000     1.66132      0.0000     25.1228         119         0.00784  
  65     53.756   0.05557     1.53756      0.8403     23.2513         119         0.00531  
  70     42.840   0.00000     1.42840      0.0000     21.6005         118         0.00353  
  75     33.296   0.00000     1.33296      0.0000     20.1572         119         0.00247  
  80     24.947   0.00000     1.24947      0.0000     18.8947         119         0.00172  
  85     17.641   0.00000     1.17641      0.0000     17.7899         118         0.00122  
  90     11.090   0.00000     1.11090      0.0000     16.7993         119         0.00091  
  95      5.230   0.00000     1.05230      0.0000     15.9131         119         0.00070  
 100      0.000   0.00000     1.00000      0.0000     15.1222         118         0.00052  


Data Role=VALIDATE Target Variable=DepVar Target Label=DepVar

                                                                                    Mean
                            Cumulative       %      Cumulative     Number of     Posterior
Depth      Gain     Lift       Lift      Response   % Response   Observations   Probability

   5    518.140   6.18140     6.18140     94.1176     94.1176         51          0.95121  
  10    460.190   5.02239     5.60190     76.4706     85.2941         51          0.78501  
  15    406.532   3.99216     5.06532     60.7843     77.1242         51          0.55647  
  20    318.533   1.54535     4.18533     23.5294     63.7255         51          0.32352  
  25    258.006   1.15901     3.58006     17.6471     54.5098         51          0.18205  
  30    209.070   0.64390     3.09070      9.8039     47.0588         51          0.11162  
  35    177.795   0.90145     2.77795     13.7255     42.2969         51          0.06440  
  40    144.681   0.12878     2.44681      1.9608     37.2549         51          0.03987  
  45    118.925   0.12878     2.18925      1.9608     33.3333         51          0.02509  
  50     97.419   0.00000     1.97419      0.0000     30.0589         50          0.01663  
  55     79.440   0.00000     1.79440      0.0000     27.3214         51          0.01068  
  60     65.537   0.12878     1.65537      1.9608     25.2046         51          0.00738  
  65     52.784   0.00000     1.52784      0.0000     23.2628         51          0.00513  
  70     41.856   0.00000     1.41856      0.0000     21.5989         51          0.00356  
  75     33.246   0.12878     1.33246      1.9608     20.2880         51          0.00242  
  80     24.908   0.00000     1.24908      0.0000     19.0184         51          0.00179  
  85     17.552   0.00000     1.17552      0.0000     17.8984         51          0.00135  
  90     11.014   0.00000     1.11014      0.0000     16.9029         51          0.00099  
  95      5.165   0.00000     1.05165      0.0000     16.0124         51          0.00073  
 100      0.000   0.00000     1.00000      0.0000     15.2259         50          0.00053  
 
                                                                                               
 
 
Assessment Score Distribution

Data Role=TRAIN Target Variable=DepVar Target Label=DepVar

 Posterior     Number                     Mean
Probability      of      Number of     Posterior
   Range       Events    Nonevents    Probability    Percentage

 0.95-1.00       65            0        0.97812         2.7380 
 0.90-0.95       35            1        0.92847         1.5164 
 0.85-0.90       23            4        0.88206         1.1373 
 0.80-0.85       21            5        0.82901         1.0952 
 0.75-0.80       20            4        0.77572         1.0110 
 0.70-0.75       26            8        0.72643         1.4322 
 0.65-0.70       23            7        0.67097         1.2637 
 0.60-0.65        8            7        0.61921         0.6318 
 0.55-0.60       11           10        0.57731         0.8846 
 0.50-0.55       15            9        0.52485         1.0110 
 0.45-0.50       12           14        0.47456         1.0952 
 0.40-0.45        9           12        0.42644         0.8846 
 0.35-0.40       15           20        0.37486         1.4743 
 0.30-0.35       14           31        0.32401         1.8955 
 0.25-0.30       12           34        0.27619         1.9377 
 0.20-0.25        8           48        0.22618         2.3589 
 0.15-0.20       11           64        0.17191         3.1592 
 0.10-0.15        8           64        0.12200         3.0329 
 0.05-0.10       12          152        0.07168         6.9082 
 0.00-0.05       11         1521        0.00904        64.5324 


Data Role=VALIDATE Target Variable=DepVar Target Label=DepVar

 Posterior     Number                     Mean
Probability      of      Number of     Posterior
   Range       Events    Nonevents    Probability    Percentage

 0.95-1.00       29           0         0.97794         2.8487 
 0.90-0.95       14           1         0.92828         1.4735 
 0.85-0.90       11           2         0.87669         1.2770 
 0.80-0.85       14           5         0.81883         1.8664 
 0.75-0.80        9           3         0.77231         1.1788 
 0.70-0.75        8           3         0.72612         1.0806 
 0.65-0.70        5           3         0.66884         0.7859 
 0.60-0.65        9           4         0.62967         1.2770 
 0.55-0.60        9           1         0.56637         0.9823 
 0.50-0.55        7           1         0.53336         0.7859 
 0.45-0.50        3           8         0.47379         1.0806 
 0.40-0.45        0           9         0.42848         0.8841 
 0.35-0.40        2           9         0.37365         1.0806 
 0.30-0.35        5           8         0.32942         1.2770 
 0.25-0.30        5          16         0.27424         2.0629 
 0.20-0.25        2          12         0.22421         1.3752 
 0.15-0.20        5          26         0.17332         3.0452 
 0.10-0.15        6          35         0.12673         4.0275 
 0.05-0.10        8          60         0.07058         6.6798 
 0.00-0.05        4         657         0.00893        64.9312 
