 
                                                                                               
 
 
Fit Statistics

Target=DepVar Target Label=DepVar

   Fit
Statistics    Statistics Label                     Train    Validation

 _ASE_        Average Squared Error                 0.30         0.33 
 _DIV_        Divisor for ASE                    4748.00      2036.00 
 _MAX_        Maximum Absolute Error                1.00         1.00 
 _NOBS_       Sum of Frequencies                 2374.00      1018.00 
 _RASE_       Root Average Squared Error            0.55         0.57 
 _SSE_        Sum of Squared Errors              1443.68       667.72 
 _DISF_       Frequency of Classified Cases      2374.00      1018.00 
 _MISC_       Misclassification Rate                0.31         0.34 
 _WRONG_      Number of Wrong Classifications     744.00       345.00 
 
                                                                                               
 
 
Classification Table

Data Role=TRAIN Target Variable=DepVar Target Label=DepVar

                       Target        Outcome     Frequency       Total
Target    Outcome    Percentage    Percentage      Count      Percentage

  0          0         99.9214       63.1266        1272        53.5805 
  1          0          0.0786        0.2786           1         0.0421 
  0          1         67.4841       36.8734         743        31.2974 
  1          1         32.5159       99.7214         358        15.0800 


Data Role=VALIDATE Target Variable=DepVar Target Label=DepVar

                       Target        Outcome     Frequency       Total
Target    Outcome    Percentage    Percentage      Count      Percentage

  0          0         98.8679       60.7184        524         51.4735 
  1          0          1.1321        3.8710          6          0.5894 
  0          1         69.4672       39.2816        339         33.3006 
  1          1         30.5328       96.1290        149         14.6365 
 
                                                                                               
 
 
Event Classification Table

Data Role=TRAIN Target=DepVar Target Label=DepVar

  False       True        False       True
Negative    Negative    Positive    Positive

    1         1272         743         358  


Data Role=VALIDATE Target=DepVar Target Label=DepVar

  False       True        False       True
Negative    Negative    Positive    Positive

    6          524         339         149  
 
                                                                                               
 
 
Assessment Score Rankings

Data Role=TRAIN Target Variable=DepVar Target Label=DepVar

                                                                                    Mean
                            Cumulative       %      Cumulative     Number of     Posterior
Depth      Gain     Lift       Lift      Response   % Response   Observations   Probability

   5    140.992   2.40992     2.40992     36.4431     36.4431         119         1.00000  
  10    140.992   2.40992     2.40992     36.4431     36.4431         119         1.00000  
  15    140.992   2.40992     2.40992     36.4431     36.4431         119         1.00000  
  20    140.992   2.40992     2.40992     36.4431     36.4431         118         1.00000  
  25    140.992   2.40992     2.40992     36.4431     36.4431         119         1.00000  
  30    136.039   2.11319     2.36039     31.9560     35.6942         119         1.00000  
  35    125.202   1.59716     2.25202     24.1525     34.0554         118         1.00000  
  40    124.836   2.22279     2.24836     33.6134     34.0000         119         0.99984  
  45    120.221   1.83381     2.20221     27.7311     33.3022         119         0.93028  
  50    100.000   0.16812     2.00000      2.5424     30.2443         118         0.39334  
  55     81.776   0.00000     1.81776      0.0000     27.4885         119         0.10157  
  60     66.596   0.00000     1.66596      0.0000     25.1930         119         0.01860  
  65     53.756   0.00000     1.53756      0.0000     23.2513         119         0.00302  
  70     42.840   0.00000     1.42840      0.0000     21.6005         118         0.00046  
  75     33.296   0.00000     1.33296      0.0000     20.1572         119         0.00022  
  80     24.947   0.00000     1.24947      0.0000     18.8947         119         0.00018  
  85     17.641   0.00000     1.17641      0.0000     17.7899         118         0.00016  
  90     11.090   0.00000     1.11090      0.0000     16.7993         119         0.00013  
  95      5.230   0.00000     1.05230      0.0000     15.9131         119         0.00010  
 100      0.000   0.00000     1.00000      0.0000     15.1222         118         0.00010  


Data Role=VALIDATE Target Variable=DepVar Target Label=DepVar

                                                                                    Mean
                            Cumulative       %      Cumulative     Number of     Posterior
Depth      Gain     Lift       Lift      Response   % Response   Observations   Probability

   5    160.364   2.60364     2.60364     39.6429     39.6429         51          1.00000  
  10    160.364   2.60364     2.60364     39.6429     39.6429         51          1.00000  
  15    160.364   2.60364     2.60364     39.6429     39.6429         51          1.00000  
  20    160.364   2.60364     2.60364     39.6429     39.6429         51          1.00000  
  25    160.364   2.60364     2.60364     39.6429     39.6429         51          1.00000  
  30    148.973   1.92019     2.48973     29.2367     37.9085         51          1.00000  
  35    128.123   1.03023     2.28123     15.6863     34.7339         51          1.00000  
  40    112.486   1.03023     2.12486     15.6863     32.3529         51          0.99967  
  45    106.047   1.54535     2.06047     23.5294     31.3725         51          0.97662  
  50     94.839   0.91948     1.94839     14.0000     29.6660         50          0.57690  
  55     80.613   0.38634     1.80613      5.8824     27.5000         51          0.09939  
  60     65.537   0.00000     1.65537      0.0000     25.2046         51          0.01206  
  65     52.784   0.00000     1.52784      0.0000     23.2628         51          0.00123  
  70     41.856   0.00000     1.41856      0.0000     21.5989         51          0.00032  
  75     32.386   0.00000     1.32386      0.0000     20.1571         51          0.00021  
  80     24.102   0.00000     1.24102      0.0000     18.8957         51          0.00017  
  85     16.794   0.00000     1.16794      0.0000     17.7829         51          0.00014  
  90     11.014   0.12878     1.11014      1.9608     16.9029         51          0.00011  
  95      5.165   0.00000     1.05165      0.0000     16.0124         51          0.00010  
 100      0.000   0.00000     1.00000      0.0000     15.2259         50          0.00010  
 
                                                                                               
 
 
Assessment Score Distribution

Data Role=TRAIN Target Variable=DepVar Target Label=DepVar

 Posterior     Number                     Mean
Probability      of      Number of     Posterior
   Range       Events    Nonevents    Probability    Percentage

 0.95-1.00       350         670        0.99906        42.9655 
 0.90-0.95         3          14        0.92398         0.7161 
 0.85-0.90         2           6        0.87463         0.3370 
 0.80-0.85         1          11        0.81773         0.5055 
 0.75-0.80         0           8        0.78138         0.3370 
 0.70-0.75         0           3        0.72946         0.1264 
 0.65-0.70         2           8        0.67246         0.4212 
 0.60-0.65         0          11        0.62752         0.4634 
 0.55-0.60         0           7        0.57538         0.2949 
 0.50-0.55         0           5        0.51988         0.2106 
 0.45-0.50         0           5        0.47305         0.2106 
 0.40-0.45         1          13        0.42334         0.5897 
 0.35-0.40         0          13        0.37539         0.5476 
 0.30-0.35         0           8        0.32128         0.3370 
 0.25-0.30         0          18        0.27558         0.7582 
 0.20-0.25         0          22        0.22734         0.9267 
 0.15-0.20         0          24        0.17346         1.0110 
 0.10-0.15         0          38        0.12384         1.6007 
 0.05-0.10         0          56        0.07259         2.3589 
 0.00-0.05         0        1075        0.00282        45.2822 


Data Role=VALIDATE Target Variable=DepVar Target Label=DepVar

 Posterior     Number                     Mean
Probability      of      Number of     Posterior
   Range       Events    Nonevents    Probability    Percentage

 0.95-1.00       141        311         0.99834        44.4008 
 0.90-0.95         4          6         0.92808         0.9823 
 0.85-0.90         3          3         0.86211         0.5894 
 0.80-0.85         0          3         0.81626         0.2947 
 0.75-0.80         0          7         0.78065         0.6876 
 0.70-0.75         1          1         0.71833         0.1965 
 0.65-0.70         0          2         0.67615         0.1965 
 0.60-0.65         0          3         0.62579         0.2947 
 0.55-0.60         0          1         0.56597         0.0982 
 0.50-0.55         0          2         0.51359         0.1965 
 0.45-0.50         0          2         0.46561         0.1965 
 0.40-0.45         1          1         0.43751         0.1965 
 0.35-0.40         1          1         0.35897         0.1965 
 0.30-0.35         0          6         0.32338         0.5894 
 0.25-0.30         0          7         0.26507         0.6876 
 0.20-0.25         0          4         0.21684         0.3929 
 0.15-0.20         2          8         0.17784         0.9823 
 0.10-0.15         0         10         0.12453         0.9823 
 0.05-0.10         0         14         0.07343         1.3752 
 0.00-0.05         2        471         0.00281        46.4637 
