 
                                                                                               
 
 
Variable Summary

          Measurement    Frequency
 Role        Level         Count

INPUT      INTERVAL          20   
TARGET     BINARY             1   
 
                                                                                               
 
 
Model Events

                                  Number
                   Measurement      of
Target    Event       Level       Levels      Order       Label

DepVar      1        BINARY          2      Descending    DepVar
 
                                                                                               
 
 
Predicted and decision variables

Type         Variable     Label

TARGET       DepVar       DepVar             
PREDICTED    P_DepVar1    Predicted: DepVar=1
RESIDUAL     R_DepVar1    Residual: DepVar=1 
PREDICTED    P_DepVar0    Predicted: DepVar=0
RESIDUAL     R_DepVar0    Residual: DepVar=0 
FROM         F_DepVar     From: DepVar       
INTO         I_DepVar     Into: DepVar       
 
                                                                                               
 
 

The NEURAL Procedure

Preliminary       Starting         Objective         Number
 Training          Random           Function           of        Terminating
    Run             Seed             Value         Iterations     Criteria

        1               12345     0.22416610345           10                
        2          1780215241    0.219882022804           10                
        3          1116558348    0.215023501783           10                
        4          2114307310    0.229140301482           10                
        5          1442967529    0.218838640399           10                
 
                                                                                               
 
 

The NEURAL Procedure

               Optimization Start
               Parameter Estimates
                                        Gradient
                                       Objective
  N Parameter           Estimate        Function

  1 PC_1_H11            0.813936        0.002848
  2 PC_10_H11           0.071002        0.002063
  3 PC_11_H11          -0.689918       -0.003098
  4 PC_12_H11          -0.334464       -0.000854
  5 PC_13_H11           0.595016       -0.001290
  6 PC_14_H11          -0.168361        0.003339
  7 PC_15_H11           0.053393        0.003551
  8 PC_16_H11          -0.001730       -0.002662
  9 PC_17_H11           0.180060        0.004746
 10 PC_18_H11           0.236317       -0.001371
 11 PC_19_H11           0.136751        0.002189
 12 PC_2_H11           -0.574478       -0.003185
 13 PC_20_H11          -0.144869        0.000808
 14 PC_3_H11            0.138885       -0.003521
 15 PC_4_H11           -0.162911       -0.002649
 16 PC_5_H11            0.212566       -0.004389
 17 PC_6_H11            0.029752        0.000145
 18 PC_7_H11           -0.417304        0.001137
 19 PC_8_H11            0.174332        0.004444
 20 PC_9_H11            0.354714       -0.000118
 21 PC_1_H12            0.317830       -0.000123
 22 PC_10_H12          -0.162439        0.001876
 23 PC_11_H12          -0.225710        0.000717
 24 PC_12_H12           0.007076       -0.000117
 25 PC_13_H12           0.136067        0.000558
 26 PC_14_H12           0.052599        0.000505
 27 PC_15_H12          -0.453789        0.001761
 28 PC_16_H12          -0.263399       -0.001710
 29 PC_17_H12           0.027834    -0.000085100
 30 PC_18_H12          -0.510453        0.000363
 31 PC_19_H12           0.324569       -0.000236
 32 PC_2_H12            0.113807       -0.000567
 33 PC_20_H12          -0.111646        0.000406
 34 PC_3_H12           -0.231638       -0.002453
 35 PC_4_H12            0.048260       -0.001144
 36 PC_5_H12            0.006502       -0.001267
 37 PC_6_H12            0.285617       -0.001727
 38 PC_7_H12            0.306211       -0.001153
 39 PC_8_H12            0.214089       -0.000197
 40 PC_9_H12            0.168234       -0.001644
 41 PC_1_H13           -0.449613        0.003913
 42 PC_10_H13          -0.084178       -0.006775
 43 PC_11_H13           0.170779       -0.004243
 44 PC_12_H13          -1.097650       -0.003801
 45 PC_13_H13          -0.475918       -0.001254
 46 PC_14_H13           0.265325       -0.002305
 47 PC_15_H13           0.375872       -0.001539
 48 PC_16_H13          -0.213721        0.007930
 49 PC_17_H13          -0.165605       -0.001314
 50 PC_18_H13           0.034617        0.005171
 51 PC_19_H13           0.252333        0.008893
 52 PC_2_H13            0.363481       -0.003384
 53 PC_20_H13          -0.241048       -0.002678
 54 PC_3_H13            0.285459       -0.000394
 55 PC_4_H13            0.188571        0.004413
 56 PC_5_H13           -0.434601        0.001932
 57 PC_6_H13           -0.050095       -0.000348
 58 PC_7_H13           -0.011560       -0.000250
 59 PC_8_H13           -0.223249       -0.007111
 60 PC_9_H13           -0.181228        0.001572
 61 PC_1_H14            0.064217       -0.000572
 62 PC_10_H14           0.047849       -0.000660
 63 PC_11_H14           0.277989       -0.001632
 64 PC_12_H14           0.317748        0.001304
 65 PC_13_H14          -0.397166        0.000941
 66 PC_14_H14           0.200058       -0.001076
 67 PC_15_H14           0.233683       -0.000907
 68 PC_16_H14           0.248912        0.003541
 69 PC_17_H14          -0.298199       -0.000827
 70 PC_18_H14           0.019754        0.000842
 71 PC_19_H14           0.009664        0.000432
 72 PC_2_H14            0.022502       -0.000913
 73 PC_20_H14           0.647170       -0.001643
 74 PC_3_H14            0.598582        0.002715
 75 PC_4_H14           -0.013822        0.000202
 76 PC_5_H14           -0.197673        0.000477
 77 PC_6_H14           -0.197319        0.000817
 78 PC_7_H14           -0.397490    -0.000063765
 79 PC_8_H14            0.245461       -0.001195
 80 PC_9_H14           -0.258332        0.000653
 81 PC_1_H15           -0.172448        0.002113
 82 PC_10_H15          -0.109996        0.002140
 83 PC_11_H15          -0.282369        0.000733
 84 PC_12_H15           0.509464     0.000033058
 85 PC_13_H15          -0.131193       -0.002953
 86 PC_14_H15          -0.165431       -0.000700
 87 PC_15_H15           0.124462       -0.000651
 88 PC_16_H15          -0.216133       -0.002564
 89 PC_17_H15           0.215114       -0.000135
 90 PC_18_H15           0.363992       -0.001261
 91 PC_19_H15           0.291958       -0.000615
 92 PC_2_H15           -0.230828        0.001647
 93 PC_20_H15           0.372190    -0.000077443
 94 PC_3_H15           -0.852762        0.001805
 95 PC_4_H15            0.238782       -0.003684
 96 PC_5_H15           -0.125226       -0.003609
 97 PC_6_H15            0.537521     0.000070872
 98 PC_7_H15           -0.050758        0.001035
 99 PC_8_H15            0.293246        0.001447
100 PC_9_H15           -0.437992       -0.001977
101 PC_1_H16           -0.631321        0.000633
102 PC_10_H16          -0.297040       -0.001550
103 PC_11_H16           0.176225       -0.000774
104 PC_12_H16           0.238449        0.000451
105 PC_13_H16          -0.303210        0.001310
106 PC_14_H16           0.012260       -0.001014
107 PC_15_H16           0.174177       -0.000535
108 PC_16_H16          -0.451895       -0.002738
109 PC_17_H16          -0.086500        0.000361
110 PC_18_H16          -0.386515       -0.000934
111 PC_19_H16          -0.058409       -0.000238
112 PC_2_H16            0.177863       -0.000961
113 PC_20_H16           0.167955       -0.001241
114 PC_3_H16           -0.095899        0.003630
115 PC_4_H16           -0.009427       -0.000506
116 PC_5_H16           -0.023393        0.000554
117 PC_6_H16            0.063079       -0.000877
118 PC_7_H16            0.052423       -0.000259
119 PC_8_H16            0.209730       -0.001699
120 PC_9_H16           -0.341750     0.000087535
121 BIAS_H11           -1.788773        0.004343
122 BIAS_H12            1.005255        0.001064
123 BIAS_H13            0.523626       -0.002295
124 BIAS_H14           -1.747051       -0.000293
125 BIAS_H15           -1.221977        0.000370
126 BIAS_H16            1.466851       -0.000600
127 H11_DepVar1         1.351038       -0.005785
128 H12_DepVar1         0.584794       -0.000359
129 H13_DepVar1        -2.233894        0.000619
130 H14_DepVar1        -0.663897       -0.000836
131 H15_DepVar1         0.912798       -0.003505
132 H16_DepVar1        -0.598159        0.005102
133 BIAS_DepVar1       -1.336966        0.001791

Value of Objective Function = 0.2150235018

 
                                                                                               
 
 

The NEURAL Procedure

Dual Quasi-Newton Optimization


Minimum Iterations                                0
Maximum Iterations                               50
Maximum Function Calls                   2147483647
Maximum CPU Time                              14400
ABSGCONV Gradient Criterion                 0.00001
GCONV Gradient Criterion                       1E-8
ABSFCONV Function Criterion                       0
FCONV Function Criterion                     0.0001
FCONV2 Function Criterion                         0
FSIZE Parameter                                   0
ABSXCONV Parameter Change Criterion               0
XCONV Parameter Change Criterion                  0
XSIZE Parameter                                   0
ABSCONV Function Criterion             0.0020529663
Line Search Method                                2
Starting Alpha for Line Search                    1
Line Search Precision LSPRECISION               0.4
DAMPSTEP Parameter for Line Search                .
Singularity Tolerance (SINGULAR)               1E-8

Dual Quasi-Newton Optimization

Dual Broyden - Fletcher - Goldfarb - Shanno Update (DBFGS)

Parameter Estimates             133

                                      Optimization Start

Active Constraints                           0  Objective Function                0.2150235018
Max Abs Gradient Element            0.00889306                                                


                                                       Objective   Max Abs            Slope of
                 Function       Active      Objective   Function  Gradient     Step     Search
Iter   Restarts     Calls  Constraints       Function     Change   Element     Size  Direction

   1          0         4            0        0.21423   0.000794    0.0139    0.100    -0.0791
   2          0         8            0        0.21055    0.00368   0.00552    1.409    -0.0053
   3          0        10            0        0.20833    0.00222   0.00686    1.000    -0.0035
   4          0        12            0        0.20464    0.00369   0.00946    0.707    -0.0078
   5          0        14            0        0.20279    0.00185    0.0223    1.000    -0.0088
   6          0        18            0        0.19682    0.00597    0.0131    1.610    -0.0074
   7          0        21            0        0.19376    0.00306    0.0104    0.941    -0.0058
   8          0        23            0        0.19068    0.00309   0.00718    1.311    -0.0058
   9          0        25            0        0.18848    0.00220    0.0120    1.849    -0.0042
  10          0        27            0        0.18652    0.00196    0.0111    1.169    -0.0047
  11          0        29            0        0.18456    0.00197   0.00900    0.900    -0.0054
  12          0        31            0        0.18313    0.00142   0.00917    1.948    -0.0025
  13          0        33            0        0.18170    0.00144   0.00422    1.370    -0.0026
  14          0        36            0        0.18091   0.000783   0.00356    1.113    -0.0014
  15          0        38            0        0.17995   0.000962   0.00415    1.455    -0.0013
  16          0        40            0        0.17894    0.00101   0.00586    1.446    -0.0017
  17          0        42            0        0.17840   0.000540   0.00692    1.522    -0.0017
  18          0        44            0        0.17749   0.000914   0.00212    0.775    -0.0017
  19          0        46            0        0.17646    0.00103   0.00319    1.569    -0.0015
  20          0        48            0        0.17550   0.000958   0.00612    1.768    -0.0015
  21          0        50            0        0.17410    0.00140   0.00358    1.282    -0.0019
  22          0        52            0        0.17278    0.00131    0.0113    1.780    -0.0020
  23          0        54            0        0.17082    0.00196   0.00348    1.565    -0.0021
  24          0        57            0        0.16950    0.00132   0.00361    1.410    -0.0018
  25          0        60            0        0.16883   0.000667   0.00357    0.718    -0.0019
  26          0        62            0        0.16780    0.00103   0.00430    1.285    -0.0013
  27          0        64            0        0.16668    0.00112   0.00471    1.373    -0.0019
  28          0        66            0        0.16548    0.00120   0.00533    2.376    -0.0012
  29          0        68            0        0.16400    0.00148   0.00362    1.715    -0.0017
  30          0        70            0        0.16286    0.00115   0.00645    2.626    -0.0014
  31          0        72            0        0.16161    0.00125   0.00560    1.569    -0.0018
  32          0        75            0        0.16090   0.000710   0.00261    0.987    -0.0015
  33          0        77            0        0.16007   0.000831   0.00265    1.401    -0.0013
  34          0        79            0        0.15946   0.000603   0.00300    2.741    -0.0008
  35          0        81            0        0.15882   0.000649   0.00285    1.804    -0.0008
  36          0        83            0        0.15856   0.000257   0.00421    3.665    -0.0004
  37          0        87            0        0.15799   0.000572   0.00123    1.525    -0.0008
  38          0        89            0        0.15752   0.000464   0.00258    4.942    -0.0003
  39          0        91            0        0.15683   0.000695   0.00126    1.408    -0.0008
  40          0        94            0        0.15637   0.000454   0.00202    2.081    -0.0004
  41          0        96            0        0.15580   0.000573   0.00149    3.231    -0.0004
  42          0        98            0        0.15562   0.000179   0.00600    3.175    -0.0005
  43          0       102            0        0.15509   0.000534   0.00188    0.892    -0.0011
  44          0       105            0        0.15476   0.000327   0.00155    1.023    -0.0006
  45          0       109            0        0.15374    0.00102   0.00268    5.000    -0.0004
  46          0       112            0        0.15318   0.000559   0.00166    1.843    -0.0006
  47          0       114            0        0.15256   0.000619   0.00221    2.577    -0.0005
  48          0       117            0        0.15216   0.000398   0.00236    1.546    -0.0005
  49          0       119            0        0.15160   0.000562   0.00258    1.842    -0.0005
  50          0       121            0        0.15115   0.000452   0.00266    2.660    -0.0005

                                     Optimization Results

Iterations                                  50  Function Calls                             123
Gradient Calls                              57  Active Constraints                           0
Objective Function                0.1511490979  Max Abs Gradient Element          0.0026619437
Slope of Search Direction          -0.00052781                                                

QUANEW needs more than 50 iterations or 2147483647 function calls.                             

WARNING: QUANEW Optimization cannot be completed.

 
                                                                                               
 
 

The NEURAL Procedure

              Optimization Results
               Parameter Estimates
                                        Gradient
                                       Objective
  N Parameter           Estimate        Function

  1 PC_1_H11            3.363963       -0.000819
  2 PC_10_H11           0.407547     0.000006668
  3 PC_11_H11          -1.493774        0.000772
  4 PC_12_H11          -0.366651        0.001881
  5 PC_13_H11           1.830711        0.000655
  6 PC_14_H11          -1.067303       -0.000496
  7 PC_15_H11           0.672759       -0.000638
  8 PC_16_H11           0.140181       -0.002075
  9 PC_17_H11          -0.698589       -0.001188
 10 PC_18_H11           0.511716     0.000090767
 11 PC_19_H11           0.137575       -0.001019
 12 PC_2_H11           -1.830351       -0.000153
 13 PC_20_H11          -0.503136       -0.000527
 14 PC_3_H11            0.397727       -0.000738
 15 PC_4_H11           -0.518973        0.000412
 16 PC_5_H11            0.210097       -0.001039
 17 PC_6_H11            0.848165        0.000551
 18 PC_7_H11           -0.441315        0.001020
 19 PC_8_H11            0.000529       -0.000303
 20 PC_9_H11            0.585265       -0.000453
 21 PC_1_H12            1.530180    -0.000048729
 22 PC_10_H12          -2.037033        0.000172
 23 PC_11_H12          -0.082516        0.000326
 24 PC_12_H12           4.062363       -0.000164
 25 PC_13_H12           1.911391       -0.000230
 26 PC_14_H12           0.686389       -0.000246
 27 PC_15_H12          -2.736377       -0.000569
 28 PC_16_H12          -0.027139    -0.000080187
 29 PC_17_H12           0.833300     0.000059131
 30 PC_18_H12          -4.478125        0.000602
 31 PC_19_H12           1.255939        0.000409
 32 PC_2_H12           -1.470753     0.000044032
 33 PC_20_H12          -0.667760        0.000103
 34 PC_3_H12           -1.497244        0.000372
 35 PC_4_H12            1.754686        0.000240
 36 PC_5_H12            0.636199        0.000240
 37 PC_6_H12            2.317413     0.000013341
 38 PC_7_H12            0.991111     0.000031812
 39 PC_8_H12            2.191968        0.000266
 40 PC_9_H12            2.098142        0.000250
 41 PC_1_H13           -0.965686        0.002662
 42 PC_10_H13          -0.422613       -0.000213
 43 PC_11_H13           0.506079       -0.001462
 44 PC_12_H13          -1.883296       -0.002658
 45 PC_13_H13           0.142998       -0.001055
 46 PC_14_H13           0.357346       -0.001091
 47 PC_15_H13           0.709008        0.001268
 48 PC_16_H13          -0.183219       -0.001340
 49 PC_17_H13          -0.709570        0.000335
 50 PC_18_H13           0.059575       -0.001059
 51 PC_19_H13           0.401306        0.000905
 52 PC_2_H13            0.467962       -0.000286
 53 PC_20_H13          -0.596055        0.000804
 54 PC_3_H13            0.716927        0.000147
 55 PC_4_H13            0.611550       -0.000681
 56 PC_5_H13           -0.889787       -0.001093
 57 PC_6_H13           -0.659777        0.000127
 58 PC_7_H13            0.534559        0.000334
 59 PC_8_H13            0.270331       -0.000452
 60 PC_9_H13           -0.404110       -0.000526
 61 PC_1_H14            1.170261        0.000736
 62 PC_10_H14          -0.672718       -0.000863
 63 PC_11_H14           2.871846       -0.000119
 64 PC_12_H14          -2.304581        0.000196
 65 PC_13_H14          -3.685189     0.000023148
 66 PC_14_H14           3.097827        0.000831
 67 PC_15_H14           1.185016    -0.000092277
 68 PC_16_H14          -3.605360        0.000715
 69 PC_17_H14          -0.263664       -0.000313
 70 PC_18_H14           0.262491        0.000516
 71 PC_19_H14          -0.297605       -0.000187
 72 PC_2_H14            4.040728     0.000032308
 73 PC_20_H14           1.448874        0.000217
 74 PC_3_H14           -0.175184       -0.000366
 75 PC_4_H14           -0.809295        0.000296
 76 PC_5_H14           -1.009912        0.000338
 77 PC_6_H14           -1.217860       -0.000112
 78 PC_7_H14           -1.057005       -0.000350
 79 PC_8_H14           -1.715002        0.000202
 80 PC_9_H14           -1.190051        0.000838
 81 PC_1_H15           -2.657142        0.000151
 82 PC_10_H15          -1.075170       -0.000462
 83 PC_11_H15          -1.890169       -0.000377
 84 PC_12_H15           2.000780       -0.000320
 85 PC_13_H15           1.601091        0.000550
 86 PC_14_H15           1.470374        0.001127
 87 PC_15_H15           1.603369        0.000116
 88 PC_16_H15          -0.706959        0.000247
 89 PC_17_H15           0.432778       -0.000310
 90 PC_18_H15           2.247445       -0.000242
 91 PC_19_H15           1.199221       -0.000614
 92 PC_2_H15           -1.246835        0.000131
 93 PC_20_H15           2.288851     0.000083403
 94 PC_3_H15           -4.116261        0.000222
 95 PC_4_H15            3.208986       -0.000224
 96 PC_5_H15            0.679031       -0.000411
 97 PC_6_H15            0.498099       -0.000158
 98 PC_7_H15           -0.768846    -0.000037131
 99 PC_8_H15            1.594354        0.000318
100 PC_9_H15           -0.892156        0.000325
101 PC_1_H16           -1.045514        0.000744
102 PC_10_H16          -0.367817        0.000748
103 PC_11_H16          -0.035957       -0.000683
104 PC_12_H16           2.379598       -0.000909
105 PC_13_H16           0.932582    -0.000099445
106 PC_14_H16          -0.266532       -0.000657
107 PC_15_H16          -0.949508       -0.000181
108 PC_16_H16          -0.249420        0.001640
109 PC_17_H16           0.791584        0.000345
110 PC_18_H16          -1.059777    -0.000085894
111 PC_19_H16          -0.388859       -0.000640
112 PC_2_H16           -1.476813        0.000511
113 PC_20_H16           3.075439        0.001933
114 PC_3_H16           -3.588188        0.001283
115 PC_4_H16            2.311962       -0.001392
116 PC_5_H16            1.984155        0.001052
117 PC_6_H16            3.476199        0.000276
118 PC_7_H16            0.421635        0.000208
119 PC_8_H16           -1.034264       -0.000941
120 PC_9_H16            0.057551       -0.000122
121 BIAS_H11           -6.645534       -0.000267
122 BIAS_H12            2.610953     0.000015333
123 BIAS_H13            0.218122       -0.000593
124 BIAS_H14           -3.288089        0.000177
125 BIAS_H15           -2.799678        0.000746
126 BIAS_H16            6.229075     0.000054139
127 H11_DepVar1         2.688824     0.000027275
128 H12_DepVar1         1.962178     0.000089823
129 H13_DepVar1        -3.208746       -0.000172
130 H14_DepVar1        -2.425826       -0.000945
131 H15_DepVar1         1.457245       -0.001638
132 H16_DepVar1        -3.031356       -0.001212
133 BIAS_DepVar1       -2.049384        0.000112

Value of Objective Function = 0.1511490979

