MPRINT(EM_DIAGRAM):    data _null_;
MPRINT(EM_DIAGRAM):   call symput('NLDATE', strip(put(date(), NLDATE.)));
MPRINT(EM_DIAGRAM):   call symput('NLTIME', strip(put(datetime(), NLTIME.)));
MPRINT(EM_DIAGRAM):   run;
MPRINT(EM_DIAGRAM):   data _null_;
MPRINT(EM_DIAGRAM):   nldate= sasmsg("sashelp.dmine", "log_date_note", 'N', "19. April 2016" );
MPRINT(EM_DIAGRAM):   nltime= sasmsg("sashelp.dmine", "log_time_note", 'N', "11.02 Uhr" );
MPRINT(EM_DIAGRAM):   put "*------------------------------------------------------------*";
MPRINT(EM_DIAGRAM):   put "* Training Log";
MPRINT(EM_DIAGRAM):   put nldate;
MPRINT(EM_DIAGRAM):   put nltime;
MPRINT(EM_DIAGRAM):   put "*------------------------------------------------------------*";
MPRINT(EM_DIAGRAM):   run;
*------------------------------------------------------------*
* Training Log
Date:                19. April 2016
Time:                11.02 Uhr
*------------------------------------------------------------*
MPRINT(EM_DIAGRAM):    filename O2YXAK6R 
"C:\\predictive-models-project\Workspaces\EMWS8\Neural39\EMTRAIN.out" encoding="UTF-8" NOBOM;
MPRINT(EM_DIAGRAM):   proc printto print=O2YXAK6R new;
MPRINT(EM_DIAGRAM):   run;
MPRINT(EM_DIAGRAM):    filename _LOG 
"C:\\predictive-models-project\Workspaces\EMWS8\Neural39\EMLOG.log" encoding="UTF-8" NOBOM;
MPRINT(EM_DIAGRAM):    data _null_;
MPRINT(EM_DIAGRAM):   call symput('NLDATE', strip(put(date(), NLDATE.)));
MPRINT(EM_DIAGRAM):   call symput('NLTIME', strip(put(datetime(), NLTIME.)));
MPRINT(EM_DIAGRAM):   run;
MPRINT(EM_DIAGRAM):   data _null_;
MPRINT(EM_DIAGRAM):   nldate= sasmsg("sashelp.dmine", "log_date_note", 'N', "19. April 2016" );
MPRINT(EM_DIAGRAM):   nltime= sasmsg("sashelp.dmine", "log_time_note", 'N', "11.02 Uhr" );
MPRINT(EM_DIAGRAM):   file _LOG;
MPRINT(EM_DIAGRAM):   put "*------------------------------------------------------------*";
MPRINT(EM_DIAGRAM):   put "User:                Lukas Fahr";
MPRINT(EM_DIAGRAM):   put nldate;
MPRINT(EM_DIAGRAM):   put nltime;
MPRINT(EM_DIAGRAM):   put "Site:                70107571";
MPRINT(EM_DIAGRAM):   put "Platform:            X64_7PRO";
MPRINT(EM_DIAGRAM):   put "Maintenance Release: 9.03.01M2P081512";
MPRINT(EM_DIAGRAM):   put "EM Version:          12.1";
MPRINT(EM_DIAGRAM):   put "* ";
MPRINT(EM_DIAGRAM):   run;
MPRINT(EM_DIAGRAM):    filename _LOGIN 
"C:\\predictive-models-project\Workspaces\EMWS8\Neural39\EMTRAIN.log" encoding="UTF-8" NOBOM;
MPRINT(EM_COPYFILE):   data _null_;
MPRINT(EM_COPYFILE):   length line $20000;
MPRINT(EM_COPYFILE):   file _LOG MOD lrecl=20000;
MPRINT(EM_COPYFILE):   fid=fopen("_LOGIN",'i',20000,'v');
MPRINT(EM_COPYFILE):   if fid > 0 then do;
MPRINT(EM_COPYFILE):   do while(^fread(fid));
MPRINT(EM_COPYFILE):   rlen = frlen(fid);
MPRINT(EM_COPYFILE):   rc= fget(fid,line,20000);
MPRINT(EM_COPYFILE):   start = length(line)-length(left(line))+1;
MPRINT(EM_COPYFILE):   line=strip(line);
MPRINT(EM_COPYFILE):   put @start line;
MPRINT(EM_COPYFILE):   end;
MPRINT(EM_COPYFILE):   if fid > 0 then rc=fclose(fid);
MPRINT(EM_COPYFILE):   end;
MPRINT(EM_COPYFILE):   run;
MPRINT(EM_DIAGRAM):  ;
MPRINT(EM_DIAGRAM):   filename _LOGIN;
MPRINT(EM_DIAGRAM):    data _null_;
MPRINT(EM_DIAGRAM):   file _LOG mod;
MPRINT(EM_DIAGRAM):   put _page_;
MPRINT(EM_DIAGRAM):   run;
MPRINT(EM_DIAGRAM):   filename _LOGIN 
"C:\\predictive-models-project\Workspaces\EMWS8\Neural39\EMSCORE.log" encoding="UTF-8" NOBOM;
MPRINT(EM_DIAGRAM):  ;
MPRINT(EM_DIAGRAM):   data _null_;
MPRINT(EM_DIAGRAM):   file _LOG mod;
MPRINT(EM_DIAGRAM):   put _page_;
MPRINT(EM_DIAGRAM):   run;
MPRINT(EM_DIAGRAM):    filename _LOGIN 
"C:\\predictive-models-project\Workspaces\EMWS8\Neural39\EMREPORT.log" encoding="UTF-8" NOBOM;
MPRINT(EM_DIAGRAM):  ;
MPRINT(EM_DIAGRAM):   filename _LOGIN;
MPRINT(EM_DIAGRAM):    filename _LOG;
MPRINT(EM_DIAGRAM):    filename _OUT 
"C:\\predictive-models-project\Workspaces\EMWS8\Neural39\EMOUTPUT.out" encoding="UTF-8" NOBOM;
MPRINT(EM_DIAGRAM):    data _null_;
MPRINT(EM_DIAGRAM):   call symput('NLDATE', strip(put(date(), NLDATE.)));
MPRINT(EM_DIAGRAM):   call symput('NLTIME', strip(put(datetime(), NLTIME.)));
MPRINT(EM_DIAGRAM):   run;
MPRINT(EM_DIAGRAM):   data _null_;
MPRINT(EM_DIAGRAM):   nldate= sasmsg("sashelp.dmine", "log_date_note", 'N', "19. April 2016" );
MPRINT(EM_DIAGRAM):   nltime= sasmsg("sashelp.dmine", "log_time_note", 'N', "11.02 Uhr" );
MPRINT(EM_DIAGRAM):   file _OUT;
MPRINT(EM_DIAGRAM):   put "*------------------------------------------------------------*";
MPRINT(EM_DIAGRAM):   put "User:                Lukas Fahr";
MPRINT(EM_DIAGRAM):   put nldate;
MPRINT(EM_DIAGRAM):   put nltime;
MPRINT(EM_DIAGRAM):   put "*------------------------------------------------------------*";
MPRINT(EM_DIAGRAM):   put "* Training Output";
MPRINT(EM_DIAGRAM):   put "*------------------------------------------------------------*";
MPRINT(EM_DIAGRAM):   run;
MPRINT(EM_DIAGRAM):    filename _OUTIN 
"C:\\predictive-models-project\Workspaces\EMWS8\Neural39\EMTRAIN.out" encoding="UTF-8" NOBOM;
MPRINT(EM_DIAGRAM):   ;
MPRINT(EM_COPYFILE):   data _null_;
MPRINT(EM_COPYFILE):   length line $20000;
MPRINT(EM_COPYFILE):   file _OUT MOD lrecl=20000;
MPRINT(EM_COPYFILE):   fid=fopen("_OUTIN",'i',20000,'v');
MPRINT(EM_COPYFILE):   if fid > 0 then do;
MPRINT(EM_COPYFILE):   do while(^fread(fid));
MPRINT(EM_COPYFILE):   rlen = frlen(fid);
MPRINT(EM_COPYFILE):   rc= fget(fid,line,20000);
MPRINT(EM_COPYFILE):   start = length(line)-length(left(line))+1;
MPRINT(EM_COPYFILE):   line=strip(line);
MPRINT(EM_COPYFILE):   put @start line;
MPRINT(EM_COPYFILE):   end;
MPRINT(EM_COPYFILE):   if fid > 0 then rc=fclose(fid);
MPRINT(EM_COPYFILE):   end;
MPRINT(EM_COPYFILE):   run;
MPRINT(EM_DIAGRAM):  ;
MPRINT(EM_DIAGRAM):   filename _OUTIN;
MPRINT(EM_DIAGRAM):    data _null_;
MPRINT(EM_DIAGRAM):   file _OUT mod;
MPRINT(EM_DIAGRAM):   put _page_;
MPRINT(EM_DIAGRAM):   put // "*------------------------------------------------------------*";
MPRINT(EM_DIAGRAM):   put "* Score Output";
MPRINT(EM_DIAGRAM):   put "*------------------------------------------------------------*";
MPRINT(EM_DIAGRAM):   run;
MPRINT(EM_DIAGRAM):    filename _OUTIN 
"C:\\predictive-models-project\Workspaces\EMWS8\Neural39\EMSCORE.out" encoding="UTF-8" NOBOM;
MPRINT(EM_DIAGRAM):  ;
MPRINT(EM_DIAGRAM):   filename _OUTIN;
MPRINT(EM_DIAGRAM):    data _null_;
MPRINT(EM_DIAGRAM):   file _OUT mod;
MPRINT(EM_DIAGRAM):   put _page_;
MPRINT(EM_DIAGRAM):   put // "*------------------------------------------------------------*";
MPRINT(EM_DIAGRAM):   put "* Report Output";
MPRINT(EM_DIAGRAM):   put "*------------------------------------------------------------*";
MPRINT(EM_DIAGRAM):   run;
MPRINT(EM_DIAGRAM):    filename _OUTIN 
"C:\\predictive-models-project\Workspaces\EMWS8\Neural39\EMREPORT.out" encoding="UTF-8" NOBOM;
MPRINT(EM_DIAGRAM):  ;
MPRINT(EM_DIAGRAM):   filename _OUTIN;
MPRINT(EM_DIAGRAM):    filename _OUT;
MPRINT(EM_DIAGRAM):    filename _emtool_ 
'C:\\predictive-models-project\Workspaces\EMWS8\Neural39\EMRUNSTATUS.xml' encoding="UTF-8" 
NOBOM;
MPRINT(EM_DIAGRAM):    filename _emtool_ 
'C:\\predictive-models-project\Workspaces\EMWS8\Neural39\EMRUNSTATUS.xml' encoding="UTF-8" 
NOBOM;
136372     proc freq data=EMWS8.Neural39_VariableSet noprint;
MPRINT(EM_DIAGRAM):    proc freq data=EMWS8.Neural39_VariableSet noprint;
136373     table ROLE*LEVEL/out=WORK.Neural39META;
MPRINT(EM_DIAGRAM):   table ROLE*LEVEL/out=WORK.Neural39META;
136374     run;
MPRINT(EM_DIAGRAM):   run;

NOTE: There were 34 observations read from the data set EMWS8.NEURAL39_VARIABLESET.
NOTE: The data set WORK.NEURAL39META has 5 observations and 4 variables.
NOTE: PROCEDURE FREQ used (Total process time):
      real time           0.02 seconds
      cpu time            0.01 seconds
      

136375     proc print data=WORK.Neural39META label noobs;
MPRINT(EM_DIAGRAM):   proc print data=WORK.Neural39META label noobs;
136376     var ROLE LEVEL COUNT;
MPRINT(EM_DIAGRAM):   var ROLE LEVEL COUNT;
136377     label ROLE = "%sysfunc(sasmsg(sashelp.dmine, meta_role_vlabel, NOQUOTE))" LEVEL =
136377   ! "%sysfunc(sasmsg(sashelp.dmine, meta_level_vlabel, NOQUOTE))" COUNT =
136377   ! "%sysfunc(sasmsg(sashelp.dmine, rpt_count_vlabel, NOQUOTE))";
MPRINT(EM_DIAGRAM):   label ROLE = "Role" LEVEL = "Measurement Level" COUNT = "Frequency 
Count";
136378     title9 ' ';
MPRINT(EM_DIAGRAM):   title9 ' ';
136379     title10 "%sysfunc(sasmsg(sashelp.dmine, rpt_varSummary_title  , NOQUOTE))";
MPRINT(EM_DIAGRAM):   title10 "Variable Summary";
MPRINT(EM_DIAGRAM):   run;
136380     run;

NOTE: There were 5 observations read from the data set WORK.NEURAL39META.
NOTE: The PROCEDURE PRINT printed page 104.
NOTE: PROCEDURE PRINT used (Total process time):
      real time           0.01 seconds
      cpu time            0.03 seconds
      

136381     title10;
MPRINT(EM_DIAGRAM):   title10;
136382     %let EMNORLEN = %DMNORLEN;
MPRINT(EM_DIAGRAM):   
EMWS8.Meta3_TRAIN EMWS8.Meta3_TRAIN 
EMWS8.Meta3_TRAIN EMWS8.Meta3_TRAIN EMWS8 Meta3_TRAIN 
EMWS8.Meta3_TRAIN EMWS8.Meta3_TRAIN 
EMWS8.Meta3_TRAIN EMWS8.Meta3_TRAIN EMWS8 Meta3_TRAIN 
MPRINT(EM_DIAGRAM):    proc dmdb data=EMWS8.Meta3_TRAIN 
classout=WORK._DMDBCLASSTARGET(keep=NAME NRAW CRAW LEVEL FREQUENCY NMISSPERCENT);
MPRINT(EM_DIAGRAM):   class DepVar(DESC) ;
MPRINT(EM_DIAGRAM):   run;
Executing  SASHELP.EMCORE.EMINFOITERATOR.SCL _INIT >> 
Executing  SASHELP.EMCORE.EMINFOITERATOR.SCL setMetaData >> 
Executing  SASHELP.EMCORE.EMINFOITERATOR.SCL next >> 
Executing  SASHELP.EMCORE.EMINFOITERATOR.SCL setMetaData >> 
Executing  SASHELP.EMCORE.EMINFOITERATOR.SCL next >> 
Executing  SASHELP.EMCORE.EMINFOITERATOR.SCL _term >> 
MPRINT(EM_DIAGRAM):    data _null_;
MPRINT(EM_DIAGRAM):   set WORK._DMDBCLASSTARGET;
MPRINT(EM_DIAGRAM):   where ^(NRAW eq . and CRAW eq '') and NAME="DepVar";
MPRINT(EM_DIAGRAM):   if _N_=1 then call symput('_newevent', strip(LEVEL));
MPRINT(EM_DIAGRAM):   run;
MPRINT(EM_DIAGRAM):   proc sort data=WORK._DMDBCLASSTARGET out=_TEMPCLASS(keep=LEVEL FREQUENCY 
NMISSPERCENT rename=(LEVEL=DepVar));
MPRINT(EM_DIAGRAM):   by LEVEL;
MPRINT(EM_DIAGRAM):   where ^(NRAW eq . and CRAW eq '') and NAME="DepVar";
MPRINT(EM_DIAGRAM):   run;
MPRINT(EM_DIAGRAM):   data _TEMPCLASS;
MPRINT(EM_DIAGRAM):   set _TEMPCLASS;
MPRINT(EM_DIAGRAM):   NMISSPERCENT= NMISSPERCENT/100;
MPRINT(EM_DIAGRAM):   run;
MPRINT(EM_DIAGRAM):    data _sortedDecData;
MPRINT(EM_DIAGRAM):   set EMWS8.Neural39_DepVar_DD;
MPRINT(EM_DIAGRAM):   _levelorder_=_N_;
MPRINT(EM_DIAGRAM):   run;
MPRINT(EM_DIAGRAM):   proc sort data=_sortedDecdata;
MPRINT(EM_DIAGRAM):   by DepVar;
MPRINT(EM_DIAGRAM):   run;
MPRINT(EM_DIAGRAM):   data _null_;
MPRINT(EM_DIAGRAM):   merge _TEMPCLASS(in=_a) _sortedDecdata(in=_b);
MPRINT(EM_DIAGRAM):   by DepVar;
MPRINT(EM_DIAGRAM):   if (_a and ^_b) or (^_a and _b) then call symput('_emresetDec', '1');
MPRINT(EM_DIAGRAM):   run;
MPRINT(EM_DIAGRAM):    data EMWS8.Neural39_DepVar_DD;
MPRINT(EM_DIAGRAM):   set EMWS8.Neural39_DepVar_DD;
MPRINT(EM_DIAGRAM):   _levelorder_=_N_;
MPRINT(EM_DIAGRAM):   run;
MPRINT(EM_DIAGRAM):   proc sort data=EMWS8.Neural39_DepVar_DD;
MPRINT(EM_DIAGRAM):   by DepVar;
MPRINT(EM_DIAGRAM):   run;
MPRINT(EM_DIAGRAM):   data EMWS8.Neural39_DepVar_DD;
MPRINT(EM_DIAGRAM):   merge EMWS8.Neural39_DepVar_DD 
_TEMPCLASS(rename=(NMISSPERCENT=TRAINPRIOR FREQUENCY=COUNT));
MPRINT(EM_DIAGRAM):   by DepVar;
MPRINT(EM_DIAGRAM):   run;
MPRINT(EM_DIAGRAM):   proc sort data=EMWS8.Neural39_DepVar_DD 
out=EMWS8.Neural39_DepVar_DD(drop=_levelorder_);
MPRINT(EM_DIAGRAM):   by _levelorder_;
MPRINT(EM_DIAGRAM):   run;
136429     data WORK.Neural39_EVENT(KEEP=VARIABLE LABEL LEVEL EVENT NUMLEVELS ORDER);
MPRINT(EM_DIAGRAM):    data WORK.Neural39_EVENT(KEEP=VARIABLE LABEL LEVEL EVENT NUMLEVELS 
ORDER);
136430     length ORDER $20;
MPRINT(EM_DIAGRAM):   length ORDER $20;
136431     label VARIABLE = "%sysfunc(sasmsg(sashelp.dmine, rpt_target_vlabel,  NOQUOTE))"
136431   ! EVENT = "%sysfunc(sasmsg(sashelp.dmine, assmt_event_vlabel, NOQUOTE))" NUMLEVELS =
136431   ! "%sysfunc(sasmsg(sashelp.dmine, rpt_numcat_vlabel, NOQUOTE))" LEVEL =
136432        "%sysfunc(sasmsg(sashelp.dmine, meta_level_vlabel, NOQUOTE))" ORDER =
136432   ! "%sysfunc(sasmsg(sashelp.dmine, meta_order_vlabel, NOQUOTE))" LABEL =
136432   ! "%sysfunc(sasmsg(sashelp.dmine, meta_label_vlabel, NOQUOTE))";
MPRINT(EM_DIAGRAM):   label VARIABLE = "Target" EVENT = "Event" NUMLEVELS = "Number of Levels" 
LEVEL = "Measurement Level" ORDER = "Order" LABEL = "Label";
136433     set EMWS8.NEURAL39_DEPVAR_DM( where=(_TYPE_="TARGET"));
MPRINT(EM_DIAGRAM):   set EMWS8.NEURAL39_DEPVAR_DM( where=(_TYPE_="TARGET"));
136434     NumLevels=2;
MPRINT(EM_DIAGRAM):   NumLevels=2;
136435     select(upcase(ORDER));
MPRINT(EM_DIAGRAM):   select(upcase(ORDER));
136436     when('DESC') ORDER = 'Descending';
MPRINT(EM_DIAGRAM):   when('DESC') ORDER = 'Descending';
136437     when('ASC') ORDER = 'Ascending';
MPRINT(EM_DIAGRAM):   when('ASC') ORDER = 'Ascending';
136438     when('FMTDESC') ORDER = 'Formatted Descending';
MPRINT(EM_DIAGRAM):   when('FMTDESC') ORDER = 'Formatted Descending';
136439     when('FMTASC') ORDER = 'Formatted Ascending';
MPRINT(EM_DIAGRAM):   when('FMTASC') ORDER = 'Formatted Ascending';
136440     otherwise ORDER = 'Descending';
MPRINT(EM_DIAGRAM):   otherwise ORDER = 'Descending';
136441     end;
MPRINT(EM_DIAGRAM):   end;
136442     output;
MPRINT(EM_DIAGRAM):   output;
136443     run;
MPRINT(EM_DIAGRAM):   run;

NOTE: There were 1 observations read from the data set EMWS8.NEURAL39_DEPVAR_DM.
      WHERE _TYPE_='TARGET';
NOTE: The data set WORK.NEURAL39_EVENT has 1 observations and 6 variables.
NOTE: DATA statement used (Total process time):
      real time           0.02 seconds
      cpu time            0.01 seconds
      

136444     title9 ' ';
MPRINT(EM_DIAGRAM):   title9 ' ';
136445     proc print data=WORK.Neural39_EVENT noobs label;
MPRINT(EM_DIAGRAM):   proc print data=WORK.Neural39_EVENT noobs label;
136446     var VARIABLE EVENT LEVEL NUMLEVELS ORDER LABEL;
MPRINT(EM_DIAGRAM):   var VARIABLE EVENT LEVEL NUMLEVELS ORDER LABEL;
136447     title9 ' ';
MPRINT(EM_DIAGRAM):   title9 ' ';
136448     title10 "%sysfunc(sasmsg(sashelp.dmine, rpt_modelEvent_title  , NOQUOTE))";
MPRINT(EM_DIAGRAM):   title10 "Model Events";
MPRINT(EM_DIAGRAM):   run;
136449     run;

NOTE: There were 1 observations read from the data set WORK.NEURAL39_EVENT.
NOTE: The PROCEDURE PRINT printed page 105.
NOTE: PROCEDURE PRINT used (Total process time):
      real time           0.00 seconds
      cpu time            0.01 seconds
      

136450     title10;
MPRINT(EM_DIAGRAM):   title10;
"No decisions defined for target "DepVar"." 
136451     proc print data = EMWS8.Neural39_DepVar_DM noobs label;
MPRINT(EM_DIAGRAM):    proc print data = EMWS8.Neural39_DepVar_DM noobs label;
136452     var _type_ variable label;
MPRINT(EM_DIAGRAM):   var _type_ variable label;
136453     where _type_ ^in('MATRIX', 'DECISION', 'TRAINPRIOR', 'DATAPRIOR', 'DECPRIOR');
MPRINT(EM_DIAGRAM):   where _type_ ^in('MATRIX', 'DECISION', 'TRAINPRIOR', 'DATAPRIOR', 
'DECPRIOR');
136454     label _TYPE_ = "%sysfunc(sasmsg(sashelp.dmine, rpt_type_vlabel,     NOQUOTE))"
136454   ! VARIABLE = "%sysfunc(sasmsg(sashelp.dmine, rpt_variable_vlabel, NOQUOTE))" LABEL =
136454   ! "%sysfunc(sasmsg(sashelp.dmine, meta_label_vlabel, NOQUOTE))";
MPRINT(EM_DIAGRAM):   label _TYPE_ = "Type" VARIABLE = "Variable" LABEL = "Label";
136455     title9 ' ';
MPRINT(EM_DIAGRAM):   title9 ' ';
136456     title10 "%sysfunc(sasmsg(sashelp.dmine, rpt_predDecVars_title  , NOQUOTE))";
MPRINT(EM_DIAGRAM):   title10 "Predicted and decision variables";
MPRINT(EM_DIAGRAM):   run;
136457     run;

NOTE: There were 7 observations read from the data set EMWS8.NEURAL39_DEPVAR_DM.
      WHERE _type_ not in ('DATAPRIOR', 'DECISION', 'DECPRIOR', 'MATRIX', 'TRAINPRIOR');
NOTE: The PROCEDURE PRINT printed page 106.
NOTE: PROCEDURE PRINT used (Total process time):
      real time           0.01 seconds
      cpu time            0.01 seconds
      

136458     title10;
MPRINT(EM_DIAGRAM):   title10;
MPRINT(EM_DIAGRAM):    *------------------------------------------------------------*;
MPRINT(EM_DIAGRAM):   * Neural39: Preparing metadata for training;
MPRINT(EM_DIAGRAM):   ;
MPRINT(EM_DIAGRAM):   *------------------------------------------------------------*;
MPRINT(EM_DIAGRAM):   data WORK.M0PXUGZ9;
MPRINT(EM_DIAGRAM):   set WORK.M0PXUGZ9;
MPRINT(EM_DIAGRAM):   where(use = 'Y' or (role = 'INPUT' and use = 'D'));
MPRINT(EM_DIAGRAM):   if (role = 'REJECTED') then role = 'INPUT';
MPRINT(EM_DIAGRAM):   run;
136468     data WORK.M0PXUGZ9;
MPRINT(EM_DIAGRAM):    data WORK.M0PXUGZ9;
136469     set WORK.M0PXUGZ9 end=eof;
MPRINT(EM_DIAGRAM):   set WORK.M0PXUGZ9 end=eof;
136470     output;
MPRINT(EM_DIAGRAM):   output;
136471     if eof then do;
MPRINT(EM_DIAGRAM):   if eof then do;
136472     NAME="";
MPRINT(EM_DIAGRAM):   NAME="";
136473     ROLE="COST";
MPRINT(EM_DIAGRAM):   ROLE="COST";
136474     LEVEL="INTERVAL";
MPRINT(EM_DIAGRAM):   LEVEL="INTERVAL";
136475     TYPE="N";
MPRINT(EM_DIAGRAM):   TYPE="N";
136476     output;
MPRINT(EM_DIAGRAM):   output;
136477     end;
MPRINT(EM_DIAGRAM):   end;
136478     run;
MPRINT(EM_DIAGRAM):   run;

NOTE: There were 26 observations read from the data set WORK.M0PXUGZ9.
NOTE: The data set WORK.M0PXUGZ9 has 27 observations and 21 variables.
NOTE: DATA statement used (Total process time):
      real time           0.00 seconds
      cpu time            0.01 seconds
      

NOTE: There were 2 observations read from the data set EMWS8.NEURAL39_DEPVAR_DD.
NOTE: The data set WORK.DEPVAR has 2 observations and 7 variables.
136479     *------------------------------------------------------------*;
MPRINT(EM_DIAGRAM):    *------------------------------------------------------------*;
136480     * Neural39: Create decision matrix;
MPRINT(EM_DIAGRAM):   * Neural39: Create decision matrix;
136481     *------------------------------------------------------------*;
MPRINT(EM_DIAGRAM):   *------------------------------------------------------------*;
136482     data WORK.DepVar;
MPRINT(EM_DIAGRAM):   data WORK.DepVar;
136483       length   DepVar                           $  32
136484                COUNT                                8
136485                DATAPRIOR                            8
136486                TRAINPRIOR                           8
136487                DECPRIOR                             8
136488                DECISION1                            8
136489                DECISION2                            8
136490                ;
MPRINT(EM_DIAGRAM):   length DepVar $ 32 COUNT 8 DATAPRIOR 8 TRAINPRIOR 8 DECPRIOR 8 DECISION1 
8 DECISION2 8 ;
136491     
136492       label    COUNT="Level Counts"
136493                DATAPRIOR="Data Proportions"
136494                TRAINPRIOR="Training Proportions"
136495                DECPRIOR="Decision Priors"
136496                DECISION1="1"
136497                DECISION2="0"
136498                ;
MPRINT(EM_DIAGRAM):   label COUNT= "Level Counts" DATAPRIOR= "Data Proportions" TRAINPRIOR= 
"Training Proportions" DECPRIOR= "Decision Priors" DECISION1= "1" DECISION2= "0" ;
136499       format   COUNT 10.
136500                ;
MPRINT(EM_DIAGRAM):   format COUNT 10. ;
136501     DepVar="1"; COUNT=359; DATAPRIOR=0.0643642072; TRAINPRIOR=0.15122156697556;
136501   ! DECPRIOR=.; DECISION1=1; DECISION2=0;
MPRINT(EM_DIAGRAM):   DepVar="1";
MPRINT(EM_DIAGRAM):   COUNT=359;
MPRINT(EM_DIAGRAM):   DATAPRIOR=0.0643642072;
MPRINT(EM_DIAGRAM):   TRAINPRIOR=0.15122156697556;
MPRINT(EM_DIAGRAM):   DECPRIOR=.;
MPRINT(EM_DIAGRAM):   DECISION1=1;
MPRINT(EM_DIAGRAM):   DECISION2=0;
136502     output;
MPRINT(EM_DIAGRAM):   output;
136503     DepVar="0"; COUNT=2015; DATAPRIOR=0.9356357928; TRAINPRIOR=0.84877843302443;
136503   ! DECPRIOR=.; DECISION1=0; DECISION2=1;
MPRINT(EM_DIAGRAM):   DepVar="0";
MPRINT(EM_DIAGRAM):   COUNT=2015;
MPRINT(EM_DIAGRAM):   DATAPRIOR=0.9356357928;
MPRINT(EM_DIAGRAM):   TRAINPRIOR=0.84877843302443;
MPRINT(EM_DIAGRAM):   DECPRIOR=.;
MPRINT(EM_DIAGRAM):   DECISION1=0;
MPRINT(EM_DIAGRAM):   DECISION2=1;
136504     output;
MPRINT(EM_DIAGRAM):   output;
136505     ;
MPRINT(EM_DIAGRAM):   ;
136506     run;
MPRINT(EM_DIAGRAM):   run;

NOTE: The data set WORK.DEPVAR has 2 observations and 7 variables.
NOTE: DATA statement used (Total process time):
      real time           0.00 seconds
      cpu time            0.00 seconds
      

136507     proc datasets lib=work nolist;
MPRINT(EM_DIAGRAM):   proc datasets lib=work nolist;
136508     modify DepVar(type=PROFIT label=DepVar);
MPRINT(EM_DIAGRAM):   modify DepVar(type=PROFIT label= DepVar);
MPRINT(EM_DIAGRAM):   label DECISION1= '1';
MPRINT(EM_DIAGRAM):   label DECISION2= '0';
MPRINT(EM_DIAGRAM):   run;
136509     label DECISION1= '1';
136510     label DECISION2= '0';
136511     run;

NOTE: MODIFY was successful for WORK.DEPVAR.DATA.
136512     quit;
MPRINT(EM_DIAGRAM):   quit;

NOTE: PROCEDURE DATASETS used (Total process time):
      real time           0.02 seconds
      cpu time            0.01 seconds
      

136513     data EM_Neural39;
MPRINT(EM_DIAGRAM):   data EM_Neural39;
136514     set EMWS8.Meta3_TRAIN(keep=
136515     AcceptedCmp1 AcceptedCmp2 AcceptedCmp3 AcceptedCmp4 AcceptedCmp5
136516     AcceptedCmpTotal Age Complain DepVar Education Frq HigherEducationBinary Income
136517     Kidhome Marital_Status MntFishProducts MntFruits MntGoldProds MntSweetProducts
136518     MonthsAsCustomer NumDealsPurchases NumWebVisitsMonth RFMstat RMntFrq Recency
136519     Teenhome );
MPRINT(EM_DIAGRAM):   set EMWS8.Meta3_TRAIN(keep= AcceptedCmp1 AcceptedCmp2 AcceptedCmp3 
AcceptedCmp4 AcceptedCmp5 AcceptedCmpTotal Age Complain DepVar Education Frq 
HigherEducationBinary Income Kidhome Marital_Status MntFishProducts MntFruits MntGoldProds 
MntSweetProducts MonthsAsCustomer NumDealsPurchases NumWebVisitsMonth RFMstat RMntFrq Recency 
Teenhome );
136520     run;
MPRINT(EM_DIAGRAM):   run;

NOTE: View EMWS8.META3_TRAIN.VIEW used (Total process time):
      real time           0.04 seconds
      cpu time            0.03 seconds
      
NOTE: There were 2374 observations read from the data set EMWS8.PART_TRAIN.
NOTE: There were 2374 observations read from the data set EMWS8.META3_TRAIN.
NOTE: The data set WORK.EM_NEURAL39 has 2374 observations and 26 variables.
NOTE: DATA statement used (Total process time):
      real time           0.05 seconds
      cpu time            0.06 seconds
      

MPRINT(EM_DIAGRAM):   *------------------------------------------------------------* ;
MPRINT(EM_DIAGRAM):   * Neural39: DMDBClass Macro ;
MPRINT(EM_DIAGRAM):   *------------------------------------------------------------* ;
136521     *------------------------------------------------------------* ;
136522     * Neural39: DMDBClass Macro ;
136523     *------------------------------------------------------------* ;
136524     %macro DMDBClass;
136525         AcceptedCmp1(ASC) AcceptedCmp2(ASC) AcceptedCmp3(ASC) AcceptedCmp4(ASC)
136526        AcceptedCmp5(ASC) Complain(ASC) DepVar(DESC) Education(ASC)
136527        HigherEducationBinary(ASC) Marital_Status(ASC)
136528     %mend DMDBClass;
136529     *------------------------------------------------------------* ;
MPRINT(EM_DIAGRAM):   *------------------------------------------------------------* ;
136530     * Neural39: DMDBVar Macro ;
MPRINT(EM_DIAGRAM):   * Neural39: DMDBVar Macro ;
136531     *------------------------------------------------------------* ;
MPRINT(EM_DIAGRAM):   *------------------------------------------------------------* ;
136532     %macro DMDBVar;
136533         AcceptedCmpTotal Age Frq Income Kidhome MntFishProducts MntFruits MntGoldProds
136534        MntSweetProducts MonthsAsCustomer NumDealsPurchases NumWebVisitsMonth RFMstat
136535        RMntFrq Recency Teenhome
136536     %mend DMDBVar;
136537     *------------------------------------------------------------*;
MPRINT(EM_DIAGRAM):   *------------------------------------------------------------*;
136538     * Neural39: Create DMDB;
MPRINT(EM_DIAGRAM):   * Neural39: Create DMDB;
136539     *------------------------------------------------------------*;
MPRINT(EM_DIAGRAM):   *------------------------------------------------------------*;
136540     proc dmdb batch data=WORK.EM_Neural39
136541     dmdbcat=WORK.Neural39_DMDB
136542     maxlevel = 513
136543     ;
MPRINT(EM_DIAGRAM):   proc dmdb batch data=WORK.EM_Neural39 dmdbcat=WORK.Neural39_DMDB 
maxlevel = 513 ;
MPRINT(EM_DIAGRAM):   class
136544     class %DMDBClass;
MPRINT(DMDBCLASS):   AcceptedCmp1(ASC) AcceptedCmp2(ASC) AcceptedCmp3(ASC) AcceptedCmp4(ASC) 
AcceptedCmp5(ASC) Complain(ASC) DepVar(DESC) Education(ASC) HigherEducationBinary(ASC) 
Marital_Status(ASC)
MPRINT(EM_DIAGRAM):  ;
MPRINT(EM_DIAGRAM):   var
136545     var %DMDBVar;
MPRINT(DMDBVAR):   AcceptedCmpTotal Age Frq Income Kidhome MntFishProducts MntFruits 
MntGoldProds MntSweetProducts MonthsAsCustomer NumDealsPurchases NumWebVisitsMonth RFMstat 
RMntFrq Recency Teenhome
MPRINT(EM_DIAGRAM):  ;
136546     target
136547     DepVar
136548     ;
MPRINT(EM_DIAGRAM):   target DepVar ;
136549     run;
MPRINT(EM_DIAGRAM):   run;

NOTE: Records processed = 2374   Memory used = 511K.
NOTE: There were 2374 observations read from the data set WORK.EM_NEURAL39.
NOTE: PROCEDURE DMDB used (Total process time):
      real time           0.01 seconds
      cpu time            0.01 seconds
      

MPRINT(EM_DIAGRAM):   quit;
MPRINT(EM_DIAGRAM):   *--- end code ---*;
136550     quit;
136551     *--- end code ---*;

136552     *------------------------------------------------------------* ;
MPRINT(EM_DIAGRAM):    *------------------------------------------------------------* ;
136553     * Neural39: Interval Input Variables Macro ;
MPRINT(EM_DIAGRAM):   * Neural39: Interval Input Variables Macro ;
136554     *------------------------------------------------------------* ;
MPRINT(EM_DIAGRAM):   *------------------------------------------------------------* ;
136555     %macro INTINPUTS;
136556         AcceptedCmpTotal Age Frq Income Kidhome MntFishProducts MntFruits MntGoldProds
136557        MntSweetProducts MonthsAsCustomer NumDealsPurchases NumWebVisitsMonth RFMstat
136558        RMntFrq Recency Teenhome
136559     %mend INTINPUTS;
136560     *------------------------------------------------------------* ;
MPRINT(EM_DIAGRAM):   *------------------------------------------------------------* ;
136561     * Neural39: Binary Inputs Macro ;
MPRINT(EM_DIAGRAM):   * Neural39: Binary Inputs Macro ;
136562     *------------------------------------------------------------* ;
MPRINT(EM_DIAGRAM):   *------------------------------------------------------------* ;
136563     %macro BININPUTS;
136564         AcceptedCmp1 AcceptedCmp2 AcceptedCmp3 AcceptedCmp4 AcceptedCmp5 Complain
136565        HigherEducationBinary
136566     %mend BININPUTS;
136567     *------------------------------------------------------------* ;
MPRINT(EM_DIAGRAM):   *------------------------------------------------------------* ;
136568     * Neural39: Nominal Inputs Macro ;
MPRINT(EM_DIAGRAM):   * Neural39: Nominal Inputs Macro ;
136569     *------------------------------------------------------------* ;
MPRINT(EM_DIAGRAM):   *------------------------------------------------------------* ;
136570     %macro NOMINPUTS;
136571         Education Marital_Status
136572     %mend NOMINPUTS;
136573     *------------------------------------------------------------* ;
MPRINT(EM_DIAGRAM):   *------------------------------------------------------------* ;
136574     * Neural39: Ordinal Inputs Macro ;
MPRINT(EM_DIAGRAM):   * Neural39: Ordinal Inputs Macro ;
136575     *------------------------------------------------------------* ;
MPRINT(EM_DIAGRAM):   *------------------------------------------------------------* ;
136576     %macro ORDINPUTS;
136577     
136578     %mend ORDINPUTS;
136579     *------------------------------------------------------------*;
MPRINT(EM_DIAGRAM):   *------------------------------------------------------------*;
136580     * Neural Network Training;
MPRINT(EM_DIAGRAM):   * Neural Network Training;
136581     ;
MPRINT(EM_DIAGRAM):   ;
136582     *------------------------------------------------------------*;
MPRINT(EM_DIAGRAM):   *------------------------------------------------------------*;
136583     proc neural data=EM_Neural39 dmdbcat=WORK.Neural39_DMDB
136584     validdata = EMWS8.Meta3_VALIDATE
136585     random=12345
136586     ;
MPRINT(EM_DIAGRAM):   proc neural data=EM_Neural39 dmdbcat=WORK.Neural39_DMDB validdata = 
EMWS8.Meta3_VALIDATE random=12345 ;
136587     nloptions
136588     ;
MPRINT(EM_DIAGRAM):   nloptions ;
136589     performance alldetails noutilfile;
MPRINT(EM_DIAGRAM):   performance alldetails noutilfile;
136590     netopts
136591     decay=0;
MPRINT(EM_DIAGRAM):   netopts decay=0;
MPRINT(EM_DIAGRAM):   input
136592     input %INTINPUTS / level=interval id=intvl
MPRINT(INTINPUTS):   AcceptedCmpTotal Age Frq Income Kidhome MntFishProducts MntFruits 
MntGoldProds MntSweetProducts MonthsAsCustomer NumDealsPurchases NumWebVisitsMonth RFMstat 
RMntFrq Recency Teenhome
136593     ;
MPRINT(EM_DIAGRAM):   / level=interval id=intvl ;
MPRINT(EM_DIAGRAM):   input
136594     input %BININPUTS / level=nominal id=bin
MPRINT(BININPUTS):   AcceptedCmp1 AcceptedCmp2 AcceptedCmp3 AcceptedCmp4 AcceptedCmp5 Complain 
HigherEducationBinary
136595     ;
MPRINT(EM_DIAGRAM):   / level=nominal id=bin ;
MPRINT(EM_DIAGRAM):   input
136596     input %NOMINPUTS / level=nominal id=nom
MPRINT(NOMINPUTS):   Education Marital_Status
136597     ;
MPRINT(EM_DIAGRAM):   / level=nominal id=nom ;
136598     target DepVar / level=NOMINAL id=DepVar
136599     bias
136600     ;
MPRINT(EM_DIAGRAM):   target DepVar / level=NOMINAL id=DepVar bias ;
136601     arch MLP
136602     Hidden=4
136603     ;
MPRINT(EM_DIAGRAM):   arch MLP Hidden=4 ;
136604     Prelim 5 preiter=10
136605     pretime=3600
136606     Outest=EMWS8.Neural39_PRELIM_OUTEST
136607     ;
MPRINT(EM_DIAGRAM):   Prelim 5 preiter=10 pretime=3600 Outest=EMWS8.Neural39_PRELIM_OUTEST ;
NOTE:  Synchronizing the objectives and the Solution.
NOTE: QUANEW Optimization cannot be completed.
NOTE: QUANEW needs more than 10 iterations or 2147483647 function calls.
NOTE: QUANEW Optimization cannot be completed.
NOTE: QUANEW needs more than 10 iterations or 2147483647 function calls.
NOTE: QUANEW Optimization cannot be completed.
NOTE: QUANEW needs more than 10 iterations or 2147483647 function calls.
NOTE: QUANEW Optimization cannot be completed.
NOTE: QUANEW needs more than 10 iterations or 2147483647 function calls.
NOTE: QUANEW Optimization cannot be completed.
NOTE: QUANEW needs more than 10 iterations or 2147483647 function calls.
NOTE: The data set EMWS8.NEURAL39_PRELIM_OUTEST has 11 observations and 148 variables.
136608     save network=EMWS8.Neural39_NETWORK.dm_neural;
MPRINT(EM_DIAGRAM):   save network=EMWS8.Neural39_NETWORK.dm_neural;
NOTE: Creating a new Catalogue with entry EMWS8.NEURAL39_NETWORK.DM_NEURAL.
NOTE: Entry EMWS8.NEURAL39_NETWORK.DM_NEURAL has been opened.
NOTE: Entry EMWS8.NEURAL39_NETWORK.DM_NEURAL has been closed.
136609     train Maxiter=50
136610     maxtime=14400
136611     Outest=EMWS8.Neural39_outest estiter=1
136612     Outfit=EMWS8.Neural39_OUTFIT
136613     ;
MPRINT(EM_DIAGRAM):   train Maxiter=50 maxtime=14400 Outest=EMWS8.Neural39_outest estiter=1 
Outfit=EMWS8.Neural39_OUTFIT ;
WARNING: QUANEW Optimization cannot be completed.
NOTE: QUANEW needs more than 50 iterations or 2147483647 function calls.
NOTE: The data set EMWS8.NEURAL39_OUTEST has 53 observations and 148 variables.
NOTE: The data set EMWS8.NEURAL39_OUTFIT has 104 observations and 36 variables.
136614     run;
MPRINT(EM_DIAGRAM):   run;

NOTE: The data set WORK.EM_NEURAL39 has 2374 observations and 26 variables.
NOTE: The data set EMWS8.META3_VALIDATE has . observations and 45 variables.
NOTE: View EMWS8.META3_VALIDATE.VIEW used (Total process time):
      real time           5.05 seconds
      cpu time            5.07 seconds
      
NOTE: There were 1018 observations read from the data set EMWS8.PART_VALIDATE.
NOTE: Closing the Neural Application.
NOTE: The PROCEDURE NEURAL printed pages 107-110.
NOTE: PROCEDURE NEURAL used (Total process time):
      real time           5.07 seconds
      cpu time            5.07 seconds
      

MPRINT(EM_DIAGRAM):   quit;
136615     quit;

136616     proc sort data=EMWS8.Neural39_OUTFIT(where=(_iter_ ne . and _NAME_="OVERALL"))
136616   ! out=fit_Neural39;
MPRINT(EM_DIAGRAM):    proc sort data=EMWS8.Neural39_OUTFIT(where=(_iter_ ne . and 
_NAME_="OVERALL")) out=fit_Neural39;
136617     by _VAVERR_;
MPRINT(EM_DIAGRAM):   by _VAVERR_;
136618     run;
MPRINT(EM_DIAGRAM):   run;

NOTE: There were 52 observations read from the data set EMWS8.NEURAL39_OUTFIT.
      WHERE (_iter_ not = .) and (_NAME_='OVERALL');
NOTE: The data set WORK.FIT_NEURAL39 has 52 observations and 36 variables.
NOTE: PROCEDURE SORT used (Total process time):
      real time           0.01 seconds
      cpu time            0.01 seconds
      

136619     %GLOBAL ITER;
136620     data _null_;
MPRINT(EM_DIAGRAM):   data _null_;
136621     set fit_Neural39(obs=1);
MPRINT(EM_DIAGRAM):   set fit_Neural39(obs=1);
136622     call symput('ITER',put(_ITER_, 6.));
MPRINT(EM_DIAGRAM):   call symput('ITER',put(_ITER_, 6.));
136623     run;
MPRINT(EM_DIAGRAM):   run;

NOTE: There were 1 observations read from the data set WORK.FIT_NEURAL39.
NOTE: DATA statement used (Total process time):
      real time           0.00 seconds
      cpu time            0.00 seconds
      

136624     data EMWS8.Neural39_INITIAL;
MPRINT(EM_DIAGRAM):   data EMWS8.Neural39_INITIAL;
136625     set EMWS8.Neural39_outest(where=(_ITER_ eq &ITER and _OBJ_ ne .));
MPRINT(EM_DIAGRAM):   set EMWS8.Neural39_outest(where=(_ITER_ eq 11 and _OBJ_ ne .));
136626     run;
MPRINT(EM_DIAGRAM):   run;

NOTE: There were 1 observations read from the data set EMWS8.NEURAL39_OUTEST.
      WHERE (_ITER_=11) and (_OBJ_ not = .);
NOTE: The data set EMWS8.NEURAL39_INITIAL has 1 observations and 148 variables.
NOTE: DATA statement used (Total process time):
      real time           0.00 seconds
      cpu time            0.00 seconds
      

136627     *------------------------------------------------------------*;
MPRINT(EM_DIAGRAM):    *------------------------------------------------------------*;
136628     * Neural Network Model Selection;
MPRINT(EM_DIAGRAM):   * Neural Network Model Selection;
136629     ;
MPRINT(EM_DIAGRAM):   ;
136630     *------------------------------------------------------------*;
MPRINT(EM_DIAGRAM):   *------------------------------------------------------------*;
136631     proc neural data=EM_Neural39 dmdbcat=WORK.Neural39_DMDB
136632     validdata = EMWS8.Meta3_VALIDATE
136633     network = EMWS8.Neural39_NETWORK.dm_neural
136634     random=12345
136635     ;
MPRINT(EM_DIAGRAM):   proc neural data=EM_Neural39 dmdbcat=WORK.Neural39_DMDB validdata = 
EMWS8.Meta3_VALIDATE network = EMWS8.Neural39_NETWORK.dm_neural random=12345 ;
NOTE: Entry EMWS8.NEURAL39_NETWORK.DM_NEURAL has been opened.
NOTE: Entry EMWS8.NEURAL39_NETWORK.DM_NEURAL has been closed.
136636     nloptions noprint;
MPRINT(EM_DIAGRAM):   nloptions noprint;
136637     performance alldetails noutilfile;
MPRINT(EM_DIAGRAM):   performance alldetails noutilfile;
136638     initial inest=EMWS8.Neural39_INITIAL;
MPRINT(EM_DIAGRAM):   initial inest=EMWS8.Neural39_INITIAL;
NOTE: The data set EMWS8.NEURAL39_INITIAL has 1 observations and 148 variables.
136639     train tech=NONE;
MPRINT(EM_DIAGRAM):   train tech=NONE;
NOTE: No optimization performed.
136640     code file="C:\\predictive-models-project\Workspaces\EMWS8\Neural39\SCORECODE.sas"
136641     group=Neural39
136642     ;
MPRINT(EM_DIAGRAM):   code 
file="C:\\predictive-models-project\Workspaces\EMWS8\Neural39\SCORECODE.sas" group=Neural39 ;
NOTE: External file C:\\predictive-models-project\Workspaces\EMWS8\Neural39\SCORECODE.sas 
      opened.
136643     ;
MPRINT(EM_DIAGRAM):   ;
136644     code
136644   ! file="C:\\predictive-models-project\Workspaces\EMWS8\Neural39\RESIDUALSCORECODE.sas"
136645     group=Neural39
136646     residual
136647     ;
MPRINT(EM_DIAGRAM):   code 
file="C:\\predictive-models-project\Workspaces\EMWS8\Neural39\RESIDUALSCORECODE.sas" 
group=Neural39 residual ;
NOTE: External file 
      C:\\predictive-models-project\Workspaces\EMWS8\Neural39\RESIDUALSCORECODE.sas opened.
136648     ;
MPRINT(EM_DIAGRAM):   ;
136649     score data=EMWS8.Meta3_TRAIN out=_NULL_
NOTE: View EMWS8.META3_TRAIN.VIEW used (Total process time):
      real time           0.05 seconds
      cpu time            0.04 seconds
      
136650     outfit=WORK.FIT1
136651     role=TRAIN
136652     outkey=EMWS8.Neural39_OUTKEY;
MPRINT(EM_DIAGRAM):   score data=EMWS8.Meta3_TRAIN out=_NULL_ outfit=WORK.FIT1 role=TRAIN 
outkey=EMWS8.Neural39_OUTKEY;
NOTE: The data set EMWS8.NEURAL39_OUTKEY has 47 observations and 8 variables.
NOTE: The data set EMWS8.META3_TRAIN has . observations and 45 variables.
NOTE: There were 2374 observations read from the data set EMWS8.PART_TRAIN.
NOTE: The data set WORK.FIT1 has 2 observations and 23 variables.
136653     score data=EMWS8.Meta3_VALIDATE out=_NULL_
NOTE: View EMWS8.META3_VALIDATE.VIEW used (Total process time):
      real time           0.05 seconds
      cpu time            0.06 seconds
      
136654     outfit=WORK.FIT2
136655     role=VALID
136656     outkey=EMWS8.Neural39_OUTKEY;
MPRINT(EM_DIAGRAM):   score data=EMWS8.Meta3_VALIDATE out=_NULL_ outfit=WORK.FIT2 role=VALID 
outkey=EMWS8.Neural39_OUTKEY;
NOTE: The data set EMWS8.NEURAL39_OUTKEY has 47 observations and 8 variables.
NOTE: The data set EMWS8.META3_VALIDATE has . observations and 45 variables.
NOTE: There were 1018 observations read from the data set EMWS8.PART_VALIDATE.
NOTE: The data set WORK.FIT2 has 2 observations and 15 variables.
136657     run;
MPRINT(EM_DIAGRAM):   run;

NOTE: The data set WORK.EM_NEURAL39 has 2374 observations and 26 variables.
NOTE: The data set EMWS8.META3_VALIDATE has . observations and 45 variables.
NOTE: View EMWS8.META3_VALIDATE.VIEW used (Total process time):
      real time           0.55 seconds
      cpu time            0.56 seconds
      
NOTE: There were 1018 observations read from the data set EMWS8.PART_VALIDATE.
NOTE: Closing the Neural Application.
NOTE: PROCEDURE NEURAL used (Total process time):
      real time           0.56 seconds
      cpu time            0.56 seconds
      

MPRINT(EM_DIAGRAM):   quit;
136658     quit;
136659     data EMWS8.Neural39_OUTFIT;
MPRINT(EM_DIAGRAM):   data EMWS8.Neural39_OUTFIT;
136660     merge WORK.FIT1 WORK.FIT2;
MPRINT(EM_DIAGRAM):   merge WORK.FIT1 WORK.FIT2;
136661     run;
MPRINT(EM_DIAGRAM):   run;

NOTE: There were 2 observations read from the data set WORK.FIT1.
NOTE: There were 2 observations read from the data set WORK.FIT2.
NOTE: The data set EMWS8.NEURAL39_OUTFIT has 2 observations and 36 variables.
NOTE: DATA statement used (Total process time):
      real time           0.01 seconds
      cpu time            0.00 seconds
      

136662     data EMWS8.Neural39_EMESTIMATE;
MPRINT(EM_DIAGRAM):   data EMWS8.Neural39_EMESTIMATE;
136663     set EMWS8.Neural39_outest;
MPRINT(EM_DIAGRAM):   set EMWS8.Neural39_outest;
136664     if _type_ ^in('HESSIAN' 'GRAD');
MPRINT(EM_DIAGRAM):   if _type_ ^in('HESSIAN' 'GRAD');
136665     run;
MPRINT(EM_DIAGRAM):   run;

NOTE: There were 53 observations read from the data set EMWS8.NEURAL39_OUTEST.
NOTE: The data set EMWS8.NEURAL39_EMESTIMATE has 52 observations and 148 variables.
NOTE: DATA statement used (Total process time):
      real time           0.01 seconds
      cpu time            0.00 seconds
      

136666     proc datasets lib=work nolist;
MPRINT(EM_DIAGRAM):   proc datasets lib=work nolist;
136667     delete EM_Neural39;
MPRINT(EM_DIAGRAM):   delete EM_Neural39;
136668     run;
MPRINT(EM_DIAGRAM):   run;

NOTE: Deleting WORK.EM_NEURAL39 (memtype=DATA).
136669     quit;
MPRINT(EM_DIAGRAM):   quit;

NOTE: PROCEDURE DATASETS used (Total process time):
      real time           0.02 seconds
      cpu time            0.03 seconds
      

136670     data EMWS8.Neural39_PLOTDS(where=(_iter_ ne . and _NAME_="OVERALL"));
MPRINT(EM_DIAGRAM):    data EMWS8.Neural39_PLOTDS(where=(_iter_ ne . and _NAME_="OVERALL"));
136671     set fit_Neural39;
MPRINT(EM_DIAGRAM):   set fit_Neural39;
136672     attrib _ITER_ label="%sysfunc(sasmsg(sashelp.dmine, rpt_trainiterations_vlabel  ,
136672   ! NOQUOTE))";
MPRINT(EM_DIAGRAM):   attrib _ITER_ label="Training Iterations";
136673     attrib _NAME_ label="%sysfunc(sasmsg(sashelp.dmine, rpt_varsel_label_name  ,
136673   ! NOQUOTE))";
MPRINT(EM_DIAGRAM):   attrib _NAME_ label="Name";
136674     run;
MPRINT(EM_DIAGRAM):   run;

NOTE: There were 52 observations read from the data set WORK.FIT_NEURAL39.
NOTE: The data set EMWS8.NEURAL39_PLOTDS has 52 observations and 36 variables.
NOTE: DATA statement used (Total process time):
      real time           0.01 seconds
      cpu time            0.01 seconds
      

136675     proc sort data=EMWS8.Neural39_PLOTDS;
MPRINT(EM_DIAGRAM):   proc sort data=EMWS8.Neural39_PLOTDS;
136676     by _ITER_;
MPRINT(EM_DIAGRAM):   by _ITER_;
136677     run;
MPRINT(EM_DIAGRAM):   run;

NOTE: There were 52 observations read from the data set EMWS8.NEURAL39_PLOTDS.
NOTE: The data set EMWS8.NEURAL39_PLOTDS has 52 observations and 36 variables.
NOTE: PROCEDURE SORT used (Total process time):
      real time           0.01 seconds
      cpu time            0.01 seconds
      

136678     data tempweight (drop= _tech_ _decay_ _seed_ _nobj_ _obj_ _objerr_ _averr_ _p_num_
136678   ! where=(_type_ eq "PARMS" and _iter_ eq 11) );
MPRINT(EM_DIAGRAM):    data tempweight (drop= _tech_ _decay_ _seed_ _nobj_ _obj_ _objerr_ 
_averr_ _p_num_ where=(_type_ eq "PARMS" and _iter_ eq 11) );
136679     set EMWS8.Neural39_EMESTIMATE;
MPRINT(EM_DIAGRAM):   set EMWS8.Neural39_EMESTIMATE;
136680     run;
MPRINT(EM_DIAGRAM):   run;

NOTE: There were 52 observations read from the data set EMWS8.NEURAL39_EMESTIMATE.
NOTE: The data set WORK.TEMPWEIGHT has 1 observations and 140 variables.
NOTE: DATA statement used (Total process time):
      real time           0.00 seconds
      cpu time            0.01 seconds
      

136681     proc sort;
MPRINT(EM_DIAGRAM):   proc sort;
136682     by _name_;
MPRINT(EM_DIAGRAM):   by _name_;
136683     run;
MPRINT(EM_DIAGRAM):   run;

NOTE: There were 1 observations read from the data set WORK.TEMPWEIGHT.
NOTE: The data set WORK.TEMPWEIGHT has 1 observations and 140 variables.
NOTE: PROCEDURE SORT used (Total process time):
      real time           0.00 seconds
      cpu time            0.01 seconds
      

136684     proc transpose data=tempweight out=EMWS8.Neural39_WEIGHTDS;
MPRINT(EM_DIAGRAM):   proc transpose data=tempweight out=EMWS8.Neural39_WEIGHTDS;
136685     by _name_;
MPRINT(EM_DIAGRAM):   by _name_;
136686     run;
MPRINT(EM_DIAGRAM):   run;

NOTE: There were 1 observations read from the data set WORK.TEMPWEIGHT.
NOTE: The data set EMWS8.NEURAL39_WEIGHTDS has 138 observations and 3 variables.
NOTE: PROCEDURE TRANSPOSE used (Total process time):
      real time           0.01 seconds
      cpu time            0.00 seconds
      

136687     data EMWS8.Neural39_WEIGHTDS;
MPRINT(EM_DIAGRAM):   data EMWS8.Neural39_WEIGHTDS;
136688     set EMWS8.Neural39_WEIGHTDS;
MPRINT(EM_DIAGRAM):   set EMWS8.Neural39_WEIGHTDS;
136689     FROM = trim(left(scan(_LABEL_, 1, '->')));
MPRINT(EM_DIAGRAM):   FROM = trim(left(scan(_LABEL_, 1, '->')));
136690     TO = trim(left(scan(_LABEL_, 2, '>')));
MPRINT(EM_DIAGRAM):   TO = trim(left(scan(_LABEL_, 2, '>')));
136691     WEIGHT = COL1;
MPRINT(EM_DIAGRAM):   WEIGHT = COL1;
136692     if (TO eq '') or (FROM eq '') then delete;
MPRINT(EM_DIAGRAM):   if (TO eq '') or (FROM eq '') then delete;
136693     label _LABEL_ ="%sysfunc(sasmsg(sashelp.dmine, meta_label_vlabel  , NOQUOTE))" FROM
136693   ! = "%sysfunc(sasmsg(sashelp.dmine, rpt_from_vlabel  , NOQUOTE))" TO =
136693   ! "%sysfunc(sasmsg(sashelp.dmine, rpt_into_vlabel  , NOQUOTE))" WEIGHT =
136694        "%sysfunc(sasmsg(sashelp.dmine, rpt_weight_vlabel  , NOQUOTE))";
MPRINT(EM_DIAGRAM):   label _LABEL_ = "Label" FROM = "From" TO = "Into" WEIGHT = "Weight";
136695     keep FROM TO WEIGHT _LABEL_;
MPRINT(EM_DIAGRAM):   keep FROM TO WEIGHT _LABEL_;
136696     run;
MPRINT(EM_DIAGRAM):   run;

NOTE: There were 138 observations read from the data set EMWS8.NEURAL39_WEIGHTDS.
NOTE: The data set EMWS8.NEURAL39_WEIGHTDS has 133 observations and 4 variables.
NOTE: DATA statement used (Total process time):
      real time           0.01 seconds
      cpu time            0.01 seconds
      

136697     proc sort data=EMWS8.Neural39_WEIGHTDS nodupkey;
MPRINT(EM_DIAGRAM):   proc sort data=EMWS8.Neural39_WEIGHTDS nodupkey;
136698     by _LABEL_;
MPRINT(EM_DIAGRAM):   by _LABEL_;
136699     run;
MPRINT(EM_DIAGRAM):   run;

NOTE: There were 133 observations read from the data set EMWS8.NEURAL39_WEIGHTDS.
NOTE: 0 observations with duplicate key values were deleted.
NOTE: The data set EMWS8.NEURAL39_WEIGHTDS has 133 observations and 4 variables.
NOTE: PROCEDURE SORT used (Total process time):
      real time           0.00 seconds
      cpu time            0.00 seconds
      

MPRINT(EM_DIAGRAM):    proc printto;
MPRINT(EM_DIAGRAM):   run;
