 
                                                                                               
 
 
Variable Summary

            Measurement    Frequency
Role           Level         Count

INPUT        INTERVAL           8   
INPUT        NOMINAL            1   
REJECTED     BINARY             7   
REJECTED     INTERVAL          16   
REJECTED     NOMINAL            1   
TARGET       BINARY             1   
 
                                                                                               
 
 
Model Events

                                  Number
                   Measurement      of
Target    Event       Level       Levels      Order       Label

DepVar      1        BINARY          2      Descending    DepVar
 
                                                                                               
 
 
Predicted and decision variables

Type         Variable     Label

TARGET       DepVar       DepVar             
PREDICTED    P_DepVar1    Predicted: DepVar=1
RESIDUAL     R_DepVar1    Residual: DepVar=1 
PREDICTED    P_DepVar0    Predicted: DepVar=0
RESIDUAL     R_DepVar0    Residual: DepVar=0 
FROM         F_DepVar     From: DepVar       
INTO         I_DepVar     Into: DepVar       
 
                                                                                               
 
 

The NEURAL Procedure

Preliminary       Starting         Objective         Number
 Training          Random           Function           of        Terminating
    Run             Seed             Value         Iterations     Criteria

        1               12345    0.125739356405           10                
        2          1784231189    0.105020462267           10                
        3          1548793169    0.101667414723           10                
        4            43195411    0.122357309818           10                
        5          1166826662    0.113031336255           10                
 
                                                                                               
 
 

The NEURAL Procedure

                      Optimization Start
                      Parameter Estimates
                                                      Gradient
                                                     Objective
  N Parameter                         Estimate        Function

  1 AcceptedCmpTotal_H11              0.304533       -0.005030
  2 Frq_H11                          -1.169976       -0.003709
  3 Mnt_H11                           0.014448       -0.002727
  4 MntMeatProducts_H11               0.550620       -0.000613
  5 NumCatalogPurchases_H11           0.724403       -0.003300
  6 NumDealsPurchases_H11             0.918944       -0.001575
  7 NumWebVisitsMonth_H11             0.594728        0.002345
  8 Recency_H11                      -0.833831       -0.005523
  9 AcceptedCmpTotal_H12             -0.512957        0.007321
 10 Frq_H12                          -0.031297        0.003026
 11 Mnt_H12                           0.290077        0.002167
 12 MntMeatProducts_H12              -0.544599       -0.004096
 13 NumCatalogPurchases_H12          -0.768378        0.000282
 14 NumDealsPurchases_H12             0.213638       -0.003478
 15 NumWebVisitsMonth_H12            -0.562689       -0.004082
 16 Recency_H12                       0.884561       -0.008965
 17 AcceptedCmpTotal_H13             -0.506823       -0.001055
 18 Frq_H13                           0.737698       -0.009977
 19 Mnt_H13                           0.891893       -0.018495
 20 MntMeatProducts_H13              -0.771983       -0.029289
 21 NumCatalogPurchases_H13          -0.441225       -0.016618
 22 NumDealsPurchases_H13             0.367389        0.013850
 23 NumWebVisitsMonth_H13            -0.642273        0.016548
 24 Recency_H13                       0.657940       -0.001368
 25 AcceptedCmpTotal_H14             -0.404121        0.006696
 26 Frq_H14                           1.323348        0.014261
 27 Mnt_H14                           0.170181        0.013510
 28 MntMeatProducts_H14              -2.142070        0.009941
 29 NumCatalogPurchases_H14          -1.444557        0.011242
 30 NumDealsPurchases_H14            -0.287886        0.000613
 31 NumWebVisitsMonth_H14            -0.260170       -0.011629
 32 Recency_H14                       0.289792        0.010137
 33 Marital_StatusDivorced_H11       -0.109530        0.000958
 34 Marital_StatusMarried_H11         0.192736        0.003420
 35 Marital_StatusSingle_H11         -0.228919        0.000971
 36 Marital_StatusTogether_H11        0.002833       -0.000372
 37 Marital_StatusDivorced_H12        0.625824       -0.000204
 38 Marital_StatusMarried_H12         0.872260       -0.002387
 39 Marital_StatusSingle_H12         -0.800408        0.000153
 40 Marital_StatusTogether_H12        0.508678        0.000779
 41 Marital_StatusDivorced_H13       -0.772014       -0.002599
 42 Marital_StatusMarried_H13         0.407480       -0.009593
 43 Marital_StatusSingle_H13         -0.324537       -0.002036
 44 Marital_StatusTogether_H13        0.693309        0.000343
 45 Marital_StatusDivorced_H14       -0.154334       -0.003394
 46 Marital_StatusMarried_H14        -0.362177       -0.008469
 47 Marital_StatusSingle_H14         -0.115150       -0.002641
 48 Marital_StatusTogether_H14       -0.448163       -0.003497
 49 BIAS_H11                         -2.208727        0.004559
 50 BIAS_H12                          2.406391        0.001636
 51 BIAS_H13                         -0.360695       -0.012643
 52 BIAS_H14                         -0.558599       -0.008775
 53 H11_DepVar1                       2.854262       -0.006061
 54 H12_DepVar1                      -3.324074        0.006163
 55 H13_DepVar1                      -3.548375       -0.002058
 56 H14_DepVar1                      -3.541658       -0.001571
 57 BIAS_DepVar1                     -0.449084        0.004689

Value of Objective Function = 0.1016674147

 
                                                                                               
 
 

The NEURAL Procedure

Levenberg-Marquardt Optimization


Minimum Iterations                                0
Maximum Iterations                               50
Maximum Function Calls                   2147483647
Maximum CPU Time                              14400
ABSGCONV Gradient Criterion                 0.00001
GCONV Gradient Criterion                       1E-8
GCONV2 Gradient Criterion                         0
ABSFCONV Function Criterion                       0
FCONV Function Criterion                     0.0001
FCONV2 Function Criterion                         0
FSIZE Parameter                                   0
ABSXCONV Parameter Change Criterion               0
XCONV Parameter Change Criterion                  0
XSIZE Parameter                                   0
ABSCONV Function Criterion             0.0020529663
Trust Region Initial Radius Factor                1
Singularity Tolerance (SINGULAR)               1E-8

Levenberg-Marquardt Optimization

Scaling Update of More (1978)

Parameter Estimates              57

                                      Optimization Start

Active Constraints                           0  Objective Function                0.1016674147
Max Abs Gradient Element          0.0292888686  Radius                                       1


                                                                                         Ratio
                                                                                       Between
                                                                                        Actual
                                                       Objective   Max Abs                 and
                 Function       Active      Objective   Function  Gradient           Predicted
Iter   Restarts     Calls  Constraints       Function     Change   Element   Lambda     Change

   1          0         3            0        0.09635    0.00531    0.0170    0.203      0.444
   2          0         4            0        0.09380    0.00255    0.0156    0.135      0.377
   3          0         5            0        0.09241    0.00139   0.00977    0.100      0.240
   4          0         6            0        0.09135    0.00106    0.0201   0.0982      0.180
   5          0         7            0        0.09002    0.00133    0.0106   0.0820      0.225
   6          0         8            0        0.08929   0.000736    0.0284   0.0848      0.136
   7          0         9            0        0.08759    0.00170    0.0154   0.0708      0.314
   8          0        10            0        0.08709   0.000494    0.0333   0.0706      0.114
   9          0        11            0        0.08535    0.00175    0.0179   0.0542      0.374
  10          0        12            0        0.08492   0.000423    0.0380   0.0614      0.119
  11          0        13            0        0.08338    0.00154    0.0168   0.0505      0.387
  12          0        14            0        0.08301   0.000371    0.0404   0.0555      0.121
  13          0        15            0        0.08189    0.00112    0.0129   0.0473      0.320
  14          0        16            0        0.08151   0.000376    0.0427   0.0533      0.123
  15          0        17            0        0.08057   0.000943    0.0118   0.0476      0.276
  16          0        18            0        0.07999   0.000579    0.0428   0.0549      0.182
  17          0        19            0        0.07901   0.000977   0.00910   0.0527      0.322
  18          0        20            0        0.07856   0.000450    0.0374   0.0448      0.180
  19          0        21            0        0.07787   0.000696   0.00907   0.0452      0.273
  20          0        22            0        0.07756   0.000310    0.0329   0.0396      0.136
  21          0        23            0        0.07690   0.000654   0.00939   0.0412      0.274
  22          0        24            0        0.07666   0.000241    0.0279   0.0354      0.118
  23          0        25            0        0.07608   0.000579   0.00961   0.0370      0.268
  24          0        26            0        0.07588   0.000201    0.0231   0.0321      0.109
  25          0        27            0        0.07536   0.000520   0.00957   0.0338      0.265
  26          0        28            0        0.07516   0.000201    0.0187   0.0297      0.119
  27          0        29            0        0.07468   0.000484   0.00948   0.0313      0.270
  28          0        30            0        0.07448   0.000198    0.0159   0.0280      0.127
  29          0        31            0        0.07406   0.000418    0.0102   0.0288      0.255
  30          0        32            0        0.07393   0.000128    0.0141   0.0255     0.0904
  31          0        33            0        0.07332   0.000612   0.00505    0.105      0.555
  32          0        34            0        0.07313   0.000192   0.00434   0.0302      0.696
  33          0        35            0        0.07297   0.000157   0.00333   0.0296      0.611
  34          0        36            0        0.07285   0.000126   0.00377   0.0312      0.511
  35          0        37            0        0.07254   0.000304   0.00998  0.00868      0.517
  36          0        38            0        0.07252   0.000020   0.00888  0.00783     0.0248
  37          0        39            0        0.07218   0.000346    0.0106   0.0392      0.322
  38          0        40            0        0.07211   0.000063   0.00750   0.0206      0.103
  39          0        41            0        0.07204   0.000070    0.0102   0.0248     0.0993
  40          0        42            0        0.07178   0.000260   0.00561   0.0937      0.506
  41          0        43            0        0.07170   0.000086   0.00430   0.0260      0.619
  42          0        44            0        0.07162   0.000075   0.00310   0.0254      0.555
  43          0        45            0        0.07156   0.000063   0.00342   0.0291      0.481
  44          0        46            0        0.07150   0.000061   0.00281   0.0289      0.454
  45          0        47            0        0.07144   0.000058   0.00306   0.0292      0.428
  46          0        48            0        0.07138   0.000057   0.00272   0.0289      0.411
  47          0        49            0        0.07133   0.000055   0.00296   0.0291      0.395
  48          0        50            0        0.07127   0.000054   0.00263   0.0286      0.384
  49          0        51            0        0.07122   0.000053   0.00285   0.0286      0.374
  50          0        52            0        0.07117   0.000052   0.00252   0.0281      0.365

                                     Optimization Results

Iterations                                  50  Function Calls                              54
Jacobian Calls                              52  Active Constraints                           0
Objective Function                0.0711702697  Max Abs Gradient Element          0.0025209175
Lambda                            0.0281226244  Actual Over Pred Change           0.3652075818
Radius                            0.0561389189                                                

LEVMAR needs more than 50 iterations or 2147483647 function calls.                             

WARNING: LEVMAR Optimization cannot be completed.

 
                                                                                               
 
 

The NEURAL Procedure

                     Optimization Results
                      Parameter Estimates
                                                      Gradient
                                                     Objective
  N Parameter                         Estimate        Function

  1 AcceptedCmpTotal_H11              0.170925       -0.000780
  2 Frq_H11                          -0.393984    -0.000087391
  3 Mnt_H11                          -0.050004       -0.001505
  4 MntMeatProducts_H11               0.222551       -0.001191
  5 NumCatalogPurchases_H11           0.229443       -0.000390
  6 NumDealsPurchases_H11             0.476221        0.002521
  7 NumWebVisitsMonth_H11             0.236179        0.001220
  8 Recency_H11                      -0.332983       -0.000989
  9 AcceptedCmpTotal_H12             -0.630980        0.001909
 10 Frq_H12                          -0.309620        0.000773
 11 Mnt_H12                          -0.943059        0.001257
 12 MntMeatProducts_H12               0.177109        0.000916
 13 NumCatalogPurchases_H12          -0.366167        0.001060
 14 NumDealsPurchases_H12             0.060253       -0.000913
 15 NumWebVisitsMonth_H12            -0.550045       -0.001049
 16 Recency_H12                       0.989398     0.000037379
 17 AcceptedCmpTotal_H13             -0.088830        0.001222
 18 Frq_H13                           0.259336        0.000310
 19 Mnt_H13                           0.516767        0.001898
 20 MntMeatProducts_H13              -0.338089        0.000633
 21 NumCatalogPurchases_H13          -0.216637        0.000124
 22 NumDealsPurchases_H13             0.222420       -0.001605
 23 NumWebVisitsMonth_H13            -0.177491       -0.001061
 24 Recency_H13                       0.152393        0.000298
 25 AcceptedCmpTotal_H14             -0.058847       -0.000523
 26 Frq_H14                           1.122029        0.000263
 27 Mnt_H14                          -0.642030     0.000027944
 28 MntMeatProducts_H14              -2.324353    -0.000036798
 29 NumCatalogPurchases_H14          -0.579147    -0.000057651
 30 NumDealsPurchases_H14            -0.200389     0.000016949
 31 NumWebVisitsMonth_H14             0.074155       -0.000151
 32 Recency_H14                      -0.038852        0.000459
 33 Marital_StatusDivorced_H11       -0.019297        0.001161
 34 Marital_StatusMarried_H11         0.328795        0.000131
 35 Marital_StatusSingle_H11         -0.250844        0.000409
 36 Marital_StatusTogether_H11        0.111581       -0.000105
 37 Marital_StatusDivorced_H12        0.418291        0.000194
 38 Marital_StatusMarried_H12         0.840487    -0.000002201
 39 Marital_StatusSingle_H12         -0.380046       -0.000132
 40 Marital_StatusTogether_H12        0.754463       -0.000112
 41 Marital_StatusDivorced_H13       -0.229176       -0.000935
 42 Marital_StatusMarried_H13         0.187928     0.000011938
 43 Marital_StatusSingle_H13         -0.219257       -0.000461
 44 Marital_StatusTogether_H13        0.123052        0.000219
 45 Marital_StatusDivorced_H14        0.169233       -0.000212
 46 Marital_StatusMarried_H14         0.046236       -0.000205
 47 Marital_StatusSingle_H14         -0.038112       -0.000101
 48 Marital_StatusTogether_H14       -0.048907     0.000033001
 49 BIAS_H11                         -1.551609        0.000619
 50 BIAS_H12                          2.951621        0.000839
 51 BIAS_H13                         -0.382037       -0.000424
 52 BIAS_H14                         -1.817984       -0.000572
 53 H11_DepVar1                      17.866896       -0.000108
 54 H12_DepVar1                     -10.431446        0.000124
 55 H13_DepVar1                     -22.768910     0.000038943
 56 H14_DepVar1                     -12.174791    -0.000005705
 57 BIAS_DepVar1                      1.791901     0.000059518

Value of Objective Function = 0.0711702697

