MPRINT(EM_DIAGRAM):    data _null_;
MPRINT(EM_DIAGRAM):   call symput('NLDATE', strip(put(date(), NLDATE.)));
MPRINT(EM_DIAGRAM):   call symput('NLTIME', strip(put(datetime(), NLTIME.)));
MPRINT(EM_DIAGRAM):   run;
MPRINT(EM_DIAGRAM):   data _null_;
MPRINT(EM_DIAGRAM):   nldate= sasmsg("sashelp.dmine", "log_date_note", 'N', "19. April 2016" );
MPRINT(EM_DIAGRAM):   nltime= sasmsg("sashelp.dmine", "log_time_note", 'N', "11.14 Uhr" );
MPRINT(EM_DIAGRAM):   put "*------------------------------------------------------------*";
MPRINT(EM_DIAGRAM):   put "* Training Log";
MPRINT(EM_DIAGRAM):   put nldate;
MPRINT(EM_DIAGRAM):   put nltime;
MPRINT(EM_DIAGRAM):   put "*------------------------------------------------------------*";
MPRINT(EM_DIAGRAM):   run;
*------------------------------------------------------------*
* Training Log
Date:                19. April 2016
Time:                11.14 Uhr
*------------------------------------------------------------*
MPRINT(EM_DIAGRAM):    filename O0VSEAIO 
"C:\\predictive-models-project\Workspaces\EMWS8\Neural28\EMTRAIN.out" encoding="UTF-8" NOBOM;
MPRINT(EM_DIAGRAM):   proc printto print=O0VSEAIO new;
MPRINT(EM_DIAGRAM):   run;
MPRINT(EM_DIAGRAM):    filename _LOG 
"C:\\predictive-models-project\Workspaces\EMWS8\Neural28\EMLOG.log" encoding="UTF-8" NOBOM;
MPRINT(EM_DIAGRAM):    data _null_;
MPRINT(EM_DIAGRAM):   call symput('NLDATE', strip(put(date(), NLDATE.)));
MPRINT(EM_DIAGRAM):   call symput('NLTIME', strip(put(datetime(), NLTIME.)));
MPRINT(EM_DIAGRAM):   run;
MPRINT(EM_DIAGRAM):   data _null_;
MPRINT(EM_DIAGRAM):   nldate= sasmsg("sashelp.dmine", "log_date_note", 'N', "19. April 2016" );
MPRINT(EM_DIAGRAM):   nltime= sasmsg("sashelp.dmine", "log_time_note", 'N', "11.14 Uhr" );
MPRINT(EM_DIAGRAM):   file _LOG;
MPRINT(EM_DIAGRAM):   put "*------------------------------------------------------------*";
MPRINT(EM_DIAGRAM):   put "User:                Lukas Fahr";
MPRINT(EM_DIAGRAM):   put nldate;
MPRINT(EM_DIAGRAM):   put nltime;
MPRINT(EM_DIAGRAM):   put "Site:                70107571";
MPRINT(EM_DIAGRAM):   put "Platform:            X64_7PRO";
MPRINT(EM_DIAGRAM):   put "Maintenance Release: 9.03.01M2P081512";
MPRINT(EM_DIAGRAM):   put "EM Version:          12.1";
MPRINT(EM_DIAGRAM):   put "* ";
MPRINT(EM_DIAGRAM):   run;
MPRINT(EM_DIAGRAM):    filename _LOGIN 
"C:\\predictive-models-project\Workspaces\EMWS8\Neural28\EMTRAIN.log" encoding="UTF-8" NOBOM;
MPRINT(EM_COPYFILE):   data _null_;
MPRINT(EM_COPYFILE):   length line $20000;
MPRINT(EM_COPYFILE):   file _LOG MOD lrecl=20000;
MPRINT(EM_COPYFILE):   fid=fopen("_LOGIN",'i',20000,'v');
MPRINT(EM_COPYFILE):   if fid > 0 then do;
MPRINT(EM_COPYFILE):   do while(^fread(fid));
MPRINT(EM_COPYFILE):   rlen = frlen(fid);
MPRINT(EM_COPYFILE):   rc= fget(fid,line,20000);
MPRINT(EM_COPYFILE):   start = length(line)-length(left(line))+1;
MPRINT(EM_COPYFILE):   line=strip(line);
MPRINT(EM_COPYFILE):   put @start line;
MPRINT(EM_COPYFILE):   end;
MPRINT(EM_COPYFILE):   if fid > 0 then rc=fclose(fid);
MPRINT(EM_COPYFILE):   end;
MPRINT(EM_COPYFILE):   run;
MPRINT(EM_DIAGRAM):  ;
MPRINT(EM_DIAGRAM):   filename _LOGIN;
MPRINT(EM_DIAGRAM):    data _null_;
MPRINT(EM_DIAGRAM):   file _LOG mod;
MPRINT(EM_DIAGRAM):   put _page_;
MPRINT(EM_DIAGRAM):   run;
MPRINT(EM_DIAGRAM):   filename _LOGIN 
"C:\\predictive-models-project\Workspaces\EMWS8\Neural28\EMSCORE.log" encoding="UTF-8" NOBOM;
MPRINT(EM_DIAGRAM):  ;
MPRINT(EM_DIAGRAM):   data _null_;
MPRINT(EM_DIAGRAM):   file _LOG mod;
MPRINT(EM_DIAGRAM):   put _page_;
MPRINT(EM_DIAGRAM):   run;
MPRINT(EM_DIAGRAM):    filename _LOGIN 
"C:\\predictive-models-project\Workspaces\EMWS8\Neural28\EMREPORT.log" encoding="UTF-8" NOBOM;
MPRINT(EM_DIAGRAM):  ;
MPRINT(EM_DIAGRAM):   filename _LOGIN;
MPRINT(EM_DIAGRAM):    filename _LOG;
MPRINT(EM_DIAGRAM):    filename _OUT 
"C:\\predictive-models-project\Workspaces\EMWS8\Neural28\EMOUTPUT.out" encoding="UTF-8" NOBOM;
MPRINT(EM_DIAGRAM):    data _null_;
MPRINT(EM_DIAGRAM):   call symput('NLDATE', strip(put(date(), NLDATE.)));
MPRINT(EM_DIAGRAM):   call symput('NLTIME', strip(put(datetime(), NLTIME.)));
MPRINT(EM_DIAGRAM):   run;
MPRINT(EM_DIAGRAM):   data _null_;
MPRINT(EM_DIAGRAM):   nldate= sasmsg("sashelp.dmine", "log_date_note", 'N', "19. April 2016" );
MPRINT(EM_DIAGRAM):   nltime= sasmsg("sashelp.dmine", "log_time_note", 'N', "11.14 Uhr" );
MPRINT(EM_DIAGRAM):   file _OUT;
MPRINT(EM_DIAGRAM):   put "*------------------------------------------------------------*";
MPRINT(EM_DIAGRAM):   put "User:                Lukas Fahr";
MPRINT(EM_DIAGRAM):   put nldate;
MPRINT(EM_DIAGRAM):   put nltime;
MPRINT(EM_DIAGRAM):   put "*------------------------------------------------------------*";
MPRINT(EM_DIAGRAM):   put "* Training Output";
MPRINT(EM_DIAGRAM):   put "*------------------------------------------------------------*";
MPRINT(EM_DIAGRAM):   run;
MPRINT(EM_DIAGRAM):    filename _OUTIN 
"C:\\predictive-models-project\Workspaces\EMWS8\Neural28\EMTRAIN.out" encoding="UTF-8" NOBOM;
MPRINT(EM_DIAGRAM):   ;
MPRINT(EM_COPYFILE):   data _null_;
MPRINT(EM_COPYFILE):   length line $20000;
MPRINT(EM_COPYFILE):   file _OUT MOD lrecl=20000;
MPRINT(EM_COPYFILE):   fid=fopen("_OUTIN",'i',20000,'v');
MPRINT(EM_COPYFILE):   if fid > 0 then do;
MPRINT(EM_COPYFILE):   do while(^fread(fid));
MPRINT(EM_COPYFILE):   rlen = frlen(fid);
MPRINT(EM_COPYFILE):   rc= fget(fid,line,20000);
MPRINT(EM_COPYFILE):   start = length(line)-length(left(line))+1;
MPRINT(EM_COPYFILE):   line=strip(line);
MPRINT(EM_COPYFILE):   put @start line;
MPRINT(EM_COPYFILE):   end;
MPRINT(EM_COPYFILE):   if fid > 0 then rc=fclose(fid);
MPRINT(EM_COPYFILE):   end;
MPRINT(EM_COPYFILE):   run;
MPRINT(EM_DIAGRAM):  ;
MPRINT(EM_DIAGRAM):   filename _OUTIN;
MPRINT(EM_DIAGRAM):    data _null_;
MPRINT(EM_DIAGRAM):   file _OUT mod;
MPRINT(EM_DIAGRAM):   put _page_;
MPRINT(EM_DIAGRAM):   put // "*------------------------------------------------------------*";
MPRINT(EM_DIAGRAM):   put "* Score Output";
MPRINT(EM_DIAGRAM):   put "*------------------------------------------------------------*";
MPRINT(EM_DIAGRAM):   run;
MPRINT(EM_DIAGRAM):    filename _OUTIN 
"C:\\predictive-models-project\Workspaces\EMWS8\Neural28\EMSCORE.out" encoding="UTF-8" NOBOM;
MPRINT(EM_DIAGRAM):  ;
MPRINT(EM_DIAGRAM):   filename _OUTIN;
MPRINT(EM_DIAGRAM):    data _null_;
MPRINT(EM_DIAGRAM):   file _OUT mod;
MPRINT(EM_DIAGRAM):   put _page_;
MPRINT(EM_DIAGRAM):   put // "*------------------------------------------------------------*";
MPRINT(EM_DIAGRAM):   put "* Report Output";
MPRINT(EM_DIAGRAM):   put "*------------------------------------------------------------*";
MPRINT(EM_DIAGRAM):   run;
MPRINT(EM_DIAGRAM):    filename _OUTIN 
"C:\\predictive-models-project\Workspaces\EMWS8\Neural28\EMREPORT.out" encoding="UTF-8" NOBOM;
MPRINT(EM_DIAGRAM):  ;
MPRINT(EM_DIAGRAM):   filename _OUTIN;
MPRINT(EM_DIAGRAM):    filename _OUT;
MPRINT(EM_DIAGRAM):    filename _emtool_ 
'C:\\predictive-models-project\Workspaces\EMWS8\Neural28\EMRUNSTATUS.xml' encoding="UTF-8" 
NOBOM;
815757     proc freq data=EMWS8.Neural28_VariableSet noprint;
MPRINT(EM_DIAGRAM):    proc freq data=EMWS8.Neural28_VariableSet noprint;
815758     table ROLE*LEVEL/out=WORK.Neural28META;
MPRINT(EM_DIAGRAM):   table ROLE*LEVEL/out=WORK.Neural28META;
815759     run;
MPRINT(EM_DIAGRAM):   run;

NOTE: There were 15 observations read from the data set EMWS8.NEURAL28_VARIABLESET.
NOTE: The data set WORK.NEURAL28META has 3 observations and 4 variables.
NOTE: PROCEDURE FREQ used (Total process time):
      real time           0.02 seconds
      cpu time            0.03 seconds
      

815760     proc print data=WORK.Neural28META label noobs;
MPRINT(EM_DIAGRAM):   proc print data=WORK.Neural28META label noobs;
815761     var ROLE LEVEL COUNT;
MPRINT(EM_DIAGRAM):   var ROLE LEVEL COUNT;
815762     label ROLE = "%sysfunc(sasmsg(sashelp.dmine, meta_role_vlabel, NOQUOTE))" LEVEL =
815762   ! "%sysfunc(sasmsg(sashelp.dmine, meta_level_vlabel, NOQUOTE))" COUNT =
815762   ! "%sysfunc(sasmsg(sashelp.dmine, rpt_count_vlabel, NOQUOTE))";
MPRINT(EM_DIAGRAM):   label ROLE = "Role" LEVEL = "Measurement Level" COUNT = "Frequency 
Count";
815763     title9 ' ';
MPRINT(EM_DIAGRAM):   title9 ' ';
815764     title10 "%sysfunc(sasmsg(sashelp.dmine, rpt_varSummary_title  , NOQUOTE))";
MPRINT(EM_DIAGRAM):   title10 "Variable Summary";
MPRINT(EM_DIAGRAM):   run;
815765     run;

NOTE: There were 3 observations read from the data set WORK.NEURAL28META.
NOTE: The PROCEDURE PRINT printed page 702.
NOTE: PROCEDURE PRINT used (Total process time):
      real time           0.01 seconds
      cpu time            0.01 seconds
      

815766     title10;
MPRINT(EM_DIAGRAM):   title10;
815767     %let EMNORLEN = %DMNORLEN;
MPRINT(EM_DIAGRAM):   
EMWS8.Varsel_TRAIN EMWS8.Varsel_TRAIN 
EMWS8.Varsel_TRAIN EMWS8.Varsel_TRAIN EMWS8 Varsel_TRAIN 
EMWS8.Varsel_TRAIN EMWS8.Varsel_TRAIN 
EMWS8.Varsel_TRAIN EMWS8.Varsel_TRAIN EMWS8 Varsel_TRAIN 
MPRINT(EM_DIAGRAM):    proc dmdb data=EMWS8.Varsel_TRAIN 
classout=WORK._DMDBCLASSTARGET(keep=NAME NRAW CRAW LEVEL FREQUENCY NMISSPERCENT);
MPRINT(EM_DIAGRAM):   class DepVar(DESC) ;
MPRINT(EM_DIAGRAM):   run;
Executing  SASHELP.EMCORE.EMINFOITERATOR.SCL _INIT >> 
Executing  SASHELP.EMCORE.EMINFOITERATOR.SCL setMetaData >> 
Executing  SASHELP.EMCORE.EMINFOITERATOR.SCL next >> 
Executing  SASHELP.EMCORE.EMINFOITERATOR.SCL setMetaData >> 
Executing  SASHELP.EMCORE.EMINFOITERATOR.SCL next >> 
Executing  SASHELP.EMCORE.EMINFOITERATOR.SCL _term >> 
MPRINT(EM_DIAGRAM):    data _null_;
MPRINT(EM_DIAGRAM):   set WORK._DMDBCLASSTARGET;
MPRINT(EM_DIAGRAM):   where ^(NRAW eq . and CRAW eq '') and NAME="DepVar";
MPRINT(EM_DIAGRAM):   if _N_=1 then call symput('_newevent', strip(LEVEL));
MPRINT(EM_DIAGRAM):   run;
MPRINT(EM_DIAGRAM):   proc sort data=WORK._DMDBCLASSTARGET out=_TEMPCLASS(keep=LEVEL FREQUENCY 
NMISSPERCENT rename=(LEVEL=DepVar));
MPRINT(EM_DIAGRAM):   by LEVEL;
MPRINT(EM_DIAGRAM):   where ^(NRAW eq . and CRAW eq '') and NAME="DepVar";
MPRINT(EM_DIAGRAM):   run;
MPRINT(EM_DIAGRAM):   data _TEMPCLASS;
MPRINT(EM_DIAGRAM):   set _TEMPCLASS;
MPRINT(EM_DIAGRAM):   NMISSPERCENT= NMISSPERCENT/100;
MPRINT(EM_DIAGRAM):   run;
MPRINT(EM_DIAGRAM):    data _sortedDecData;
MPRINT(EM_DIAGRAM):   set EMWS8.Neural28_DepVar_DD;
MPRINT(EM_DIAGRAM):   _levelorder_=_N_;
MPRINT(EM_DIAGRAM):   run;
MPRINT(EM_DIAGRAM):   proc sort data=_sortedDecdata;
MPRINT(EM_DIAGRAM):   by DepVar;
MPRINT(EM_DIAGRAM):   run;
MPRINT(EM_DIAGRAM):   data _null_;
MPRINT(EM_DIAGRAM):   merge _TEMPCLASS(in=_a) _sortedDecdata(in=_b);
MPRINT(EM_DIAGRAM):   by DepVar;
MPRINT(EM_DIAGRAM):   if (_a and ^_b) or (^_a and _b) then call symput('_emresetDec', '1');
MPRINT(EM_DIAGRAM):   run;
MPRINT(EM_DIAGRAM):    data EMWS8.Neural28_DepVar_DD;
MPRINT(EM_DIAGRAM):   set EMWS8.Neural28_DepVar_DD;
MPRINT(EM_DIAGRAM):   _levelorder_=_N_;
MPRINT(EM_DIAGRAM):   run;
MPRINT(EM_DIAGRAM):   proc sort data=EMWS8.Neural28_DepVar_DD;
MPRINT(EM_DIAGRAM):   by DepVar;
MPRINT(EM_DIAGRAM):   run;
MPRINT(EM_DIAGRAM):   data EMWS8.Neural28_DepVar_DD;
MPRINT(EM_DIAGRAM):   merge EMWS8.Neural28_DepVar_DD 
_TEMPCLASS(rename=(NMISSPERCENT=TRAINPRIOR FREQUENCY=COUNT));
MPRINT(EM_DIAGRAM):   by DepVar;
MPRINT(EM_DIAGRAM):   run;
MPRINT(EM_DIAGRAM):   proc sort data=EMWS8.Neural28_DepVar_DD 
out=EMWS8.Neural28_DepVar_DD(drop=_levelorder_);
MPRINT(EM_DIAGRAM):   by _levelorder_;
MPRINT(EM_DIAGRAM):   run;
815814     data WORK.Neural28_EVENT(KEEP=VARIABLE LABEL LEVEL EVENT NUMLEVELS ORDER);
MPRINT(EM_DIAGRAM):    data WORK.Neural28_EVENT(KEEP=VARIABLE LABEL LEVEL EVENT NUMLEVELS 
ORDER);
815815     length ORDER $20;
MPRINT(EM_DIAGRAM):   length ORDER $20;
815816     label VARIABLE = "%sysfunc(sasmsg(sashelp.dmine, rpt_target_vlabel,  NOQUOTE))"
815816   ! EVENT = "%sysfunc(sasmsg(sashelp.dmine, assmt_event_vlabel, NOQUOTE))" NUMLEVELS =
815816   ! "%sysfunc(sasmsg(sashelp.dmine, rpt_numcat_vlabel, NOQUOTE))" LEVEL =
815817        "%sysfunc(sasmsg(sashelp.dmine, meta_level_vlabel, NOQUOTE))" ORDER =
815817   ! "%sysfunc(sasmsg(sashelp.dmine, meta_order_vlabel, NOQUOTE))" LABEL =
815817   ! "%sysfunc(sasmsg(sashelp.dmine, meta_label_vlabel, NOQUOTE))";
MPRINT(EM_DIAGRAM):   label VARIABLE = "Target" EVENT = "Event" NUMLEVELS = "Number of Levels" 
LEVEL = "Measurement Level" ORDER = "Order" LABEL = "Label";
815818     set EMWS8.NEURAL28_DEPVAR_DM( where=(_TYPE_="TARGET"));
MPRINT(EM_DIAGRAM):   set EMWS8.NEURAL28_DEPVAR_DM( where=(_TYPE_="TARGET"));
815819     NumLevels=2;
MPRINT(EM_DIAGRAM):   NumLevels=2;
815820     select(upcase(ORDER));
MPRINT(EM_DIAGRAM):   select(upcase(ORDER));
815821     when('DESC') ORDER = 'Descending';
MPRINT(EM_DIAGRAM):   when('DESC') ORDER = 'Descending';
815822     when('ASC') ORDER = 'Ascending';
MPRINT(EM_DIAGRAM):   when('ASC') ORDER = 'Ascending';
815823     when('FMTDESC') ORDER = 'Formatted Descending';
MPRINT(EM_DIAGRAM):   when('FMTDESC') ORDER = 'Formatted Descending';
815824     when('FMTASC') ORDER = 'Formatted Ascending';
MPRINT(EM_DIAGRAM):   when('FMTASC') ORDER = 'Formatted Ascending';
815825     otherwise ORDER = 'Descending';
MPRINT(EM_DIAGRAM):   otherwise ORDER = 'Descending';
815826     end;
MPRINT(EM_DIAGRAM):   end;
815827     output;
MPRINT(EM_DIAGRAM):   output;
815828     run;
MPRINT(EM_DIAGRAM):   run;

NOTE: There were 1 observations read from the data set EMWS8.NEURAL28_DEPVAR_DM.
      WHERE _TYPE_='TARGET';
NOTE: The data set WORK.NEURAL28_EVENT has 1 observations and 6 variables.
NOTE: DATA statement used (Total process time):
      real time           0.02 seconds
      cpu time            0.01 seconds
      

815829     title9 ' ';
MPRINT(EM_DIAGRAM):   title9 ' ';
815830     proc print data=WORK.Neural28_EVENT noobs label;
MPRINT(EM_DIAGRAM):   proc print data=WORK.Neural28_EVENT noobs label;
815831     var VARIABLE EVENT LEVEL NUMLEVELS ORDER LABEL;
MPRINT(EM_DIAGRAM):   var VARIABLE EVENT LEVEL NUMLEVELS ORDER LABEL;
815832     title9 ' ';
MPRINT(EM_DIAGRAM):   title9 ' ';
815833     title10 "%sysfunc(sasmsg(sashelp.dmine, rpt_modelEvent_title  , NOQUOTE))";
MPRINT(EM_DIAGRAM):   title10 "Model Events";
MPRINT(EM_DIAGRAM):   run;
815834     run;

NOTE: There were 1 observations read from the data set WORK.NEURAL28_EVENT.
NOTE: The PROCEDURE PRINT printed page 703.
NOTE: PROCEDURE PRINT used (Total process time):
      real time           0.00 seconds
      cpu time            0.00 seconds
      

815835     title10;
MPRINT(EM_DIAGRAM):   title10;
"No decisions defined for target "DepVar"." 
815836     proc print data = EMWS8.Neural28_DepVar_DM noobs label;
MPRINT(EM_DIAGRAM):    proc print data = EMWS8.Neural28_DepVar_DM noobs label;
815837     var _type_ variable label;
MPRINT(EM_DIAGRAM):   var _type_ variable label;
815838     where _type_ ^in('MATRIX', 'DECISION', 'TRAINPRIOR', 'DATAPRIOR', 'DECPRIOR');
MPRINT(EM_DIAGRAM):   where _type_ ^in('MATRIX', 'DECISION', 'TRAINPRIOR', 'DATAPRIOR', 
'DECPRIOR');
815839     label _TYPE_ = "%sysfunc(sasmsg(sashelp.dmine, rpt_type_vlabel,     NOQUOTE))"
815839   ! VARIABLE = "%sysfunc(sasmsg(sashelp.dmine, rpt_variable_vlabel, NOQUOTE))" LABEL =
815839   ! "%sysfunc(sasmsg(sashelp.dmine, meta_label_vlabel, NOQUOTE))";
MPRINT(EM_DIAGRAM):   label _TYPE_ = "Type" VARIABLE = "Variable" LABEL = "Label";
815840     title9 ' ';
MPRINT(EM_DIAGRAM):   title9 ' ';
815841     title10 "%sysfunc(sasmsg(sashelp.dmine, rpt_predDecVars_title  , NOQUOTE))";
MPRINT(EM_DIAGRAM):   title10 "Predicted and decision variables";
MPRINT(EM_DIAGRAM):   run;
815842     run;

NOTE: There were 7 observations read from the data set EMWS8.NEURAL28_DEPVAR_DM.
      WHERE _type_ not in ('DATAPRIOR', 'DECISION', 'DECPRIOR', 'MATRIX', 'TRAINPRIOR');
NOTE: The PROCEDURE PRINT printed page 704.
NOTE: PROCEDURE PRINT used (Total process time):
      real time           0.01 seconds
      cpu time            0.01 seconds
      

815843     title10;
MPRINT(EM_DIAGRAM):   title10;
MPRINT(EM_DIAGRAM):    *------------------------------------------------------------*;
MPRINT(EM_DIAGRAM):   * Neural28: Preparing metadata for training;
MPRINT(EM_DIAGRAM):   ;
MPRINT(EM_DIAGRAM):   *------------------------------------------------------------*;
MPRINT(EM_DIAGRAM):   data WORK.M2SIF5KZ;
MPRINT(EM_DIAGRAM):   set WORK.M2SIF5KZ;
MPRINT(EM_DIAGRAM):   where(use = 'Y' or (role = 'INPUT' and use = 'D'));
MPRINT(EM_DIAGRAM):   if (role = 'REJECTED') then role = 'INPUT';
MPRINT(EM_DIAGRAM):   run;
815853     data WORK.M2SIF5KZ;
MPRINT(EM_DIAGRAM):    data WORK.M2SIF5KZ;
815854     set WORK.M2SIF5KZ end=eof;
MPRINT(EM_DIAGRAM):   set WORK.M2SIF5KZ end=eof;
815855     output;
MPRINT(EM_DIAGRAM):   output;
815856     if eof then do;
MPRINT(EM_DIAGRAM):   if eof then do;
815857     NAME="";
MPRINT(EM_DIAGRAM):   NAME="";
815858     ROLE="COST";
MPRINT(EM_DIAGRAM):   ROLE="COST";
815859     LEVEL="INTERVAL";
MPRINT(EM_DIAGRAM):   LEVEL="INTERVAL";
815860     TYPE="N";
MPRINT(EM_DIAGRAM):   TYPE="N";
815861     output;
MPRINT(EM_DIAGRAM):   output;
815862     end;
MPRINT(EM_DIAGRAM):   end;
815863     run;
MPRINT(EM_DIAGRAM):   run;

NOTE: There were 15 observations read from the data set WORK.M2SIF5KZ.
NOTE: The data set WORK.M2SIF5KZ has 16 observations and 21 variables.
NOTE: DATA statement used (Total process time):
      real time           0.00 seconds
      cpu time            0.00 seconds
      

NOTE: There were 2 observations read from the data set EMWS8.NEURAL28_DEPVAR_DD.
NOTE: The data set WORK.DEPVAR has 2 observations and 7 variables.
815864     *------------------------------------------------------------*;
MPRINT(EM_DIAGRAM):    *------------------------------------------------------------*;
815865     * Neural28: Create decision matrix;
MPRINT(EM_DIAGRAM):   * Neural28: Create decision matrix;
815866     *------------------------------------------------------------*;
MPRINT(EM_DIAGRAM):   *------------------------------------------------------------*;
815867     data WORK.DepVar;
MPRINT(EM_DIAGRAM):   data WORK.DepVar;
815868       length   DepVar                           $  32
815869                COUNT                                8
815870                DATAPRIOR                            8
815871                TRAINPRIOR                           8
815872                DECPRIOR                             8
815873                DECISION1                            8
815874                DECISION2                            8
815875                ;
MPRINT(EM_DIAGRAM):   length DepVar $ 32 COUNT 8 DATAPRIOR 8 TRAINPRIOR 8 DECPRIOR 8 DECISION1 
8 DECISION2 8 ;
815876     
815877       label    COUNT="Level Counts"
815878                DATAPRIOR="Data Proportions"
815879                TRAINPRIOR="Training Proportions"
815880                DECPRIOR="Decision Priors"
815881                DECISION1="1"
815882                DECISION2="0"
815883                ;
MPRINT(EM_DIAGRAM):   label COUNT= "Level Counts" DATAPRIOR= "Data Proportions" TRAINPRIOR= 
"Training Proportions" DECPRIOR= "Decision Priors" DECISION1= "1" DECISION2= "0" ;
815884       format   COUNT 10.
815885                ;
MPRINT(EM_DIAGRAM):   format COUNT 10. ;
815886     DepVar="1"; COUNT=359; DATAPRIOR=0.0643642072; TRAINPRIOR=0.15122156697556;
815886   ! DECPRIOR=.; DECISION1=1; DECISION2=0;
MPRINT(EM_DIAGRAM):   DepVar="1";
MPRINT(EM_DIAGRAM):   COUNT=359;
MPRINT(EM_DIAGRAM):   DATAPRIOR=0.0643642072;
MPRINT(EM_DIAGRAM):   TRAINPRIOR=0.15122156697556;
MPRINT(EM_DIAGRAM):   DECPRIOR=.;
MPRINT(EM_DIAGRAM):   DECISION1=1;
MPRINT(EM_DIAGRAM):   DECISION2=0;
815887     output;
MPRINT(EM_DIAGRAM):   output;
815888     DepVar="0"; COUNT=2015; DATAPRIOR=0.9356357928; TRAINPRIOR=0.84877843302443;
815888   ! DECPRIOR=.; DECISION1=0; DECISION2=1;
MPRINT(EM_DIAGRAM):   DepVar="0";
MPRINT(EM_DIAGRAM):   COUNT=2015;
MPRINT(EM_DIAGRAM):   DATAPRIOR=0.9356357928;
MPRINT(EM_DIAGRAM):   TRAINPRIOR=0.84877843302443;
MPRINT(EM_DIAGRAM):   DECPRIOR=.;
MPRINT(EM_DIAGRAM):   DECISION1=0;
MPRINT(EM_DIAGRAM):   DECISION2=1;
815889     output;
MPRINT(EM_DIAGRAM):   output;
815890     ;
MPRINT(EM_DIAGRAM):   ;
815891     run;
MPRINT(EM_DIAGRAM):   run;

NOTE: The data set WORK.DEPVAR has 2 observations and 7 variables.
NOTE: DATA statement used (Total process time):
      real time           0.01 seconds
      cpu time            0.00 seconds
      

815892     proc datasets lib=work nolist;
MPRINT(EM_DIAGRAM):   proc datasets lib=work nolist;
815893     modify DepVar(type=PROFIT label=DepVar);
MPRINT(EM_DIAGRAM):   modify DepVar(type=PROFIT label= DepVar);
MPRINT(EM_DIAGRAM):   label DECISION1= '1';
MPRINT(EM_DIAGRAM):   label DECISION2= '0';
MPRINT(EM_DIAGRAM):   run;
815894     label DECISION1= '1';
815895     label DECISION2= '0';
815896     run;

NOTE: MODIFY was successful for WORK.DEPVAR.DATA.
815897     quit;
MPRINT(EM_DIAGRAM):   quit;

NOTE: PROCEDURE DATASETS used (Total process time):
      real time           0.07 seconds
      cpu time            0.06 seconds
      

815898     data EM_Neural28;
MPRINT(EM_DIAGRAM):   data EM_Neural28;
815899     set EMWS8.Varsel_TRAIN(keep=
815900     AcceptedCmpTotal DepVar Frq G_Marital_Status Income Mnt MntFruits MntGoldProds
815901     MntMeatProducts MntSweetProducts NumCatalogPurchases NumWebPurchases RFMstat
815902     RMntFrq Recency );
MPRINT(EM_DIAGRAM):   set EMWS8.Varsel_TRAIN(keep= AcceptedCmpTotal DepVar Frq 
G_Marital_Status Income Mnt MntFruits MntGoldProds MntMeatProducts MntSweetProducts 
NumCatalogPurchases NumWebPurchases RFMstat RMntFrq Recency );
815903     run;
MPRINT(EM_DIAGRAM):   run;

NOTE: View EMWS8.VARSEL_TRAIN.VIEW used (Total process time):
      real time           0.04 seconds
      cpu time            0.04 seconds
      
NOTE: There were 2374 observations read from the data set EMWS8.PART_TRAIN.
NOTE: There were 2374 observations read from the data set EMWS8.VARSEL_TRAIN.
NOTE: The data set WORK.EM_NEURAL28 has 2374 observations and 15 variables.
NOTE: DATA statement used (Total process time):
      real time           0.06 seconds
      cpu time            0.04 seconds
      

MPRINT(EM_DIAGRAM):   *------------------------------------------------------------* ;
MPRINT(EM_DIAGRAM):   * Neural28: DMDBClass Macro ;
MPRINT(EM_DIAGRAM):   *------------------------------------------------------------* ;
815904     *------------------------------------------------------------* ;
815905     * Neural28: DMDBClass Macro ;
815906     *------------------------------------------------------------* ;
815907     %macro DMDBClass;
815908         DepVar(DESC) G_Marital_Status(ASC)
815909     %mend DMDBClass;
815910     *------------------------------------------------------------* ;
MPRINT(EM_DIAGRAM):   *------------------------------------------------------------* ;
815911     * Neural28: DMDBVar Macro ;
MPRINT(EM_DIAGRAM):   * Neural28: DMDBVar Macro ;
815912     *------------------------------------------------------------* ;
MPRINT(EM_DIAGRAM):   *------------------------------------------------------------* ;
815913     %macro DMDBVar;
815914         AcceptedCmpTotal Frq Income Mnt MntFruits MntGoldProds MntMeatProducts
815915        MntSweetProducts NumCatalogPurchases NumWebPurchases RFMstat RMntFrq Recency
815916     %mend DMDBVar;
815917     *------------------------------------------------------------*;
MPRINT(EM_DIAGRAM):   *------------------------------------------------------------*;
815918     * Neural28: Create DMDB;
MPRINT(EM_DIAGRAM):   * Neural28: Create DMDB;
815919     *------------------------------------------------------------*;
MPRINT(EM_DIAGRAM):   *------------------------------------------------------------*;
815920     proc dmdb batch data=WORK.EM_Neural28
815921     dmdbcat=WORK.Neural28_DMDB
815922     maxlevel = 513
815923     ;
MPRINT(EM_DIAGRAM):   proc dmdb batch data=WORK.EM_Neural28 dmdbcat=WORK.Neural28_DMDB 
maxlevel = 513 ;
MPRINT(EM_DIAGRAM):   class
815924     class %DMDBClass;
MPRINT(DMDBCLASS):   DepVar(DESC) G_Marital_Status(ASC)
MPRINT(EM_DIAGRAM):  ;
MPRINT(EM_DIAGRAM):   var
815925     var %DMDBVar;
MPRINT(DMDBVAR):   AcceptedCmpTotal Frq Income Mnt MntFruits MntGoldProds MntMeatProducts 
MntSweetProducts NumCatalogPurchases NumWebPurchases RFMstat RMntFrq Recency
MPRINT(EM_DIAGRAM):  ;
815926     target
815927     DepVar
815928     ;
MPRINT(EM_DIAGRAM):   target DepVar ;
815929     run;
MPRINT(EM_DIAGRAM):   run;

NOTE: Records processed = 2374   Memory used = 511K.
NOTE: There were 2374 observations read from the data set WORK.EM_NEURAL28.
NOTE: PROCEDURE DMDB used (Total process time):
      real time           0.01 seconds
      cpu time            0.01 seconds
      

MPRINT(EM_DIAGRAM):   quit;
MPRINT(EM_DIAGRAM):   *--- end code ---*;
815930     quit;
815931     *--- end code ---*;

815932     *------------------------------------------------------------* ;
MPRINT(EM_DIAGRAM):    *------------------------------------------------------------* ;
815933     * Neural28: Interval Input Variables Macro ;
MPRINT(EM_DIAGRAM):   * Neural28: Interval Input Variables Macro ;
815934     *------------------------------------------------------------* ;
MPRINT(EM_DIAGRAM):   *------------------------------------------------------------* ;
815935     %macro INTINPUTS;
815936         AcceptedCmpTotal Frq Income Mnt MntFruits MntGoldProds MntMeatProducts
815937        MntSweetProducts NumCatalogPurchases NumWebPurchases RFMstat RMntFrq Recency
815938     %mend INTINPUTS;
815939     *------------------------------------------------------------* ;
MPRINT(EM_DIAGRAM):   *------------------------------------------------------------* ;
815940     * Neural28: Binary Inputs Macro ;
MPRINT(EM_DIAGRAM):   * Neural28: Binary Inputs Macro ;
815941     *------------------------------------------------------------* ;
MPRINT(EM_DIAGRAM):   *------------------------------------------------------------* ;
815942     %macro BININPUTS;
815943     
815944     %mend BININPUTS;
815945     *------------------------------------------------------------* ;
MPRINT(EM_DIAGRAM):   *------------------------------------------------------------* ;
815946     * Neural28: Nominal Inputs Macro ;
MPRINT(EM_DIAGRAM):   * Neural28: Nominal Inputs Macro ;
815947     *------------------------------------------------------------* ;
MPRINT(EM_DIAGRAM):   *------------------------------------------------------------* ;
815948     %macro NOMINPUTS;
815949         G_Marital_Status
815950     %mend NOMINPUTS;
815951     *------------------------------------------------------------* ;
MPRINT(EM_DIAGRAM):   *------------------------------------------------------------* ;
815952     * Neural28: Ordinal Inputs Macro ;
MPRINT(EM_DIAGRAM):   * Neural28: Ordinal Inputs Macro ;
815953     *------------------------------------------------------------* ;
MPRINT(EM_DIAGRAM):   *------------------------------------------------------------* ;
815954     %macro ORDINPUTS;
815955     
815956     %mend ORDINPUTS;
815957     *------------------------------------------------------------*;
MPRINT(EM_DIAGRAM):   *------------------------------------------------------------*;
815958     * Neural Network Training;
MPRINT(EM_DIAGRAM):   * Neural Network Training;
815959     ;
MPRINT(EM_DIAGRAM):   ;
815960     *------------------------------------------------------------*;
MPRINT(EM_DIAGRAM):   *------------------------------------------------------------*;
815961     proc neural data=EM_Neural28 dmdbcat=WORK.Neural28_DMDB
815962     validdata = EMWS8.Varsel_VALIDATE
815963     random=12345
815964     ;
MPRINT(EM_DIAGRAM):   proc neural data=EM_Neural28 dmdbcat=WORK.Neural28_DMDB validdata = 
EMWS8.Varsel_VALIDATE random=12345 ;
815965     nloptions
815966     ;
MPRINT(EM_DIAGRAM):   nloptions ;
815967     performance alldetails noutilfile;
MPRINT(EM_DIAGRAM):   performance alldetails noutilfile;
815968     netopts
815969     decay=0;
MPRINT(EM_DIAGRAM):   netopts decay=0;
MPRINT(EM_DIAGRAM):   input
815970     input %INTINPUTS / level=interval id=intvl
MPRINT(INTINPUTS):   AcceptedCmpTotal Frq Income Mnt MntFruits MntGoldProds MntMeatProducts 
MntSweetProducts NumCatalogPurchases NumWebPurchases RFMstat RMntFrq Recency
815971     ;
MPRINT(EM_DIAGRAM):   / level=interval id=intvl ;
MPRINT(EM_DIAGRAM):   input
815972     input %NOMINPUTS / level=nominal id=nom
MPRINT(NOMINPUTS):   G_Marital_Status
815973     ;
MPRINT(EM_DIAGRAM):   / level=nominal id=nom ;
815974     target DepVar / level=NOMINAL id=DepVar
815975     bias
815976     ;
MPRINT(EM_DIAGRAM):   target DepVar / level=NOMINAL id=DepVar bias ;
815977     arch MLP
815978     Hidden=6
815979     ;
MPRINT(EM_DIAGRAM):   arch MLP Hidden=6 ;
815980     Prelim 5 preiter=10
815981     pretime=3600
815982     Outest=EMWS8.Neural28_PRELIM_OUTEST
815983     ;
MPRINT(EM_DIAGRAM):   Prelim 5 preiter=10 pretime=3600 Outest=EMWS8.Neural28_PRELIM_OUTEST ;
NOTE:  Synchronizing the objectives and the Solution.
NOTE: QUANEW Optimization cannot be completed.
NOTE: QUANEW needs more than 10 iterations or 2147483647 function calls.
NOTE: QUANEW Optimization cannot be completed.
NOTE: QUANEW needs more than 10 iterations or 2147483647 function calls.
NOTE: QUANEW Optimization cannot be completed.
NOTE: QUANEW needs more than 10 iterations or 2147483647 function calls.
NOTE: QUANEW Optimization cannot be completed.
NOTE: QUANEW needs more than 10 iterations or 2147483647 function calls.
NOTE: QUANEW Optimization cannot be completed.
NOTE: QUANEW needs more than 10 iterations or 2147483647 function calls.
NOTE: The data set EMWS8.NEURAL28_PRELIM_OUTEST has 11 observations and 118 variables.
815984     save network=EMWS8.Neural28_NETWORK.dm_neural;
MPRINT(EM_DIAGRAM):   save network=EMWS8.Neural28_NETWORK.dm_neural;
NOTE: Entry EMWS8.NEURAL28_NETWORK.DM_NEURAL has been opened.
NOTE: Entry EMWS8.NEURAL28_NETWORK.DM_NEURAL has been closed.
815985     train Maxiter=50
815986     maxtime=14400
815987     Outest=EMWS8.Neural28_outest estiter=1
815988     Outfit=EMWS8.Neural28_OUTFIT
815989     ;
MPRINT(EM_DIAGRAM):   train Maxiter=50 maxtime=14400 Outest=EMWS8.Neural28_outest estiter=1 
Outfit=EMWS8.Neural28_OUTFIT ;
WARNING: QUANEW Optimization cannot be completed.
NOTE: QUANEW needs more than 50 iterations or 2147483647 function calls.
NOTE: The data set EMWS8.NEURAL28_OUTEST has 53 observations and 118 variables.
NOTE: The data set EMWS8.NEURAL28_OUTFIT has 104 observations and 36 variables.
815990     run;
MPRINT(EM_DIAGRAM):   run;

NOTE: The data set WORK.EM_NEURAL28 has 2374 observations and 15 variables.
NOTE: The data set EMWS8.VARSEL_VALIDATE has . observations and 47 variables.
NOTE: View EMWS8.VARSEL_VALIDATE.VIEW used (Total process time):
      real time           3.18 seconds
      cpu time            3.16 seconds
      
NOTE: There were 1018 observations read from the data set EMWS8.PART_VALIDATE.
NOTE: Closing the Neural Application.
NOTE: The PROCEDURE NEURAL printed pages 705-708.
NOTE: PROCEDURE NEURAL used (Total process time):
      real time           3.19 seconds
      cpu time            3.18 seconds
      

MPRINT(EM_DIAGRAM):   quit;
815991     quit;

815992     proc sort data=EMWS8.Neural28_OUTFIT(where=(_iter_ ne . and _NAME_="OVERALL"))
815992   ! out=fit_Neural28;
MPRINT(EM_DIAGRAM):    proc sort data=EMWS8.Neural28_OUTFIT(where=(_iter_ ne . and 
_NAME_="OVERALL")) out=fit_Neural28;
815993     by _VAVERR_;
MPRINT(EM_DIAGRAM):   by _VAVERR_;
815994     run;
MPRINT(EM_DIAGRAM):   run;

NOTE: There were 52 observations read from the data set EMWS8.NEURAL28_OUTFIT.
      WHERE (_iter_ not = .) and (_NAME_='OVERALL');
NOTE: The data set WORK.FIT_NEURAL28 has 52 observations and 36 variables.
NOTE: PROCEDURE SORT used (Total process time):
      real time           0.01 seconds
      cpu time            0.00 seconds
      

815995     %GLOBAL ITER;
815996     data _null_;
MPRINT(EM_DIAGRAM):   data _null_;
815997     set fit_Neural28(obs=1);
MPRINT(EM_DIAGRAM):   set fit_Neural28(obs=1);
815998     call symput('ITER',put(_ITER_, 6.));
MPRINT(EM_DIAGRAM):   call symput('ITER',put(_ITER_, 6.));
815999     run;
MPRINT(EM_DIAGRAM):   run;

NOTE: There were 1 observations read from the data set WORK.FIT_NEURAL28.
NOTE: DATA statement used (Total process time):
      real time           0.00 seconds
      cpu time            0.01 seconds
      

816000     data EMWS8.Neural28_INITIAL;
MPRINT(EM_DIAGRAM):   data EMWS8.Neural28_INITIAL;
816001     set EMWS8.Neural28_outest(where=(_ITER_ eq &ITER and _OBJ_ ne .));
MPRINT(EM_DIAGRAM):   set EMWS8.Neural28_outest(where=(_ITER_ eq 10 and _OBJ_ ne .));
816002     run;
MPRINT(EM_DIAGRAM):   run;

NOTE: There were 1 observations read from the data set EMWS8.NEURAL28_OUTEST.
      WHERE (_ITER_=10) and (_OBJ_ not = .);
NOTE: The data set EMWS8.NEURAL28_INITIAL has 1 observations and 118 variables.
NOTE: DATA statement used (Total process time):
      real time           0.00 seconds
      cpu time            0.00 seconds
      

816003     *------------------------------------------------------------*;
MPRINT(EM_DIAGRAM):    *------------------------------------------------------------*;
816004     * Neural Network Model Selection;
MPRINT(EM_DIAGRAM):   * Neural Network Model Selection;
816005     ;
MPRINT(EM_DIAGRAM):   ;
816006     *------------------------------------------------------------*;
MPRINT(EM_DIAGRAM):   *------------------------------------------------------------*;
816007     proc neural data=EM_Neural28 dmdbcat=WORK.Neural28_DMDB
816008     validdata = EMWS8.Varsel_VALIDATE
816009     network = EMWS8.Neural28_NETWORK.dm_neural
816010     random=12345
816011     ;
MPRINT(EM_DIAGRAM):   proc neural data=EM_Neural28 dmdbcat=WORK.Neural28_DMDB validdata = 
EMWS8.Varsel_VALIDATE network = EMWS8.Neural28_NETWORK.dm_neural random=12345 ;
NOTE: Entry EMWS8.NEURAL28_NETWORK.DM_NEURAL has been opened.
NOTE: Entry EMWS8.NEURAL28_NETWORK.DM_NEURAL has been closed.
816012     nloptions noprint;
MPRINT(EM_DIAGRAM):   nloptions noprint;
816013     performance alldetails noutilfile;
MPRINT(EM_DIAGRAM):   performance alldetails noutilfile;
816014     initial inest=EMWS8.Neural28_INITIAL;
MPRINT(EM_DIAGRAM):   initial inest=EMWS8.Neural28_INITIAL;
NOTE: The data set EMWS8.NEURAL28_INITIAL has 1 observations and 118 variables.
816015     train tech=NONE;
MPRINT(EM_DIAGRAM):   train tech=NONE;
NOTE: No optimization performed.
816016     code file="C:\\predictive-models-project\Workspaces\EMWS8\Neural28\SCORECODE.sas"
816017     group=Neural28
816018     ;
MPRINT(EM_DIAGRAM):   code 
file="C:\\predictive-models-project\Workspaces\EMWS8\Neural28\SCORECODE.sas" group=Neural28 ;
NOTE: External file C:\\predictive-models-project\Workspaces\EMWS8\Neural28\SCORECODE.sas 
      opened.
816019     ;
MPRINT(EM_DIAGRAM):   ;
816020     code
816020   ! file="C:\\predictive-models-project\Workspaces\EMWS8\Neural28\RESIDUALSCORECODE.sas"
816021     group=Neural28
816022     residual
816023     ;
MPRINT(EM_DIAGRAM):   code 
file="C:\\predictive-models-project\Workspaces\EMWS8\Neural28\RESIDUALSCORECODE.sas" 
group=Neural28 residual ;
NOTE: External file 
      C:\\predictive-models-project\Workspaces\EMWS8\Neural28\RESIDUALSCORECODE.sas opened.
816024     ;
MPRINT(EM_DIAGRAM):   ;
816025     score data=EMWS8.Varsel_TRAIN out=_NULL_
NOTE: View EMWS8.VARSEL_TRAIN.VIEW used (Total process time):
      real time           0.05 seconds
      cpu time            0.04 seconds
      
816026     outfit=WORK.FIT1
816027     role=TRAIN
816028     outkey=EMWS8.Neural28_OUTKEY;
MPRINT(EM_DIAGRAM):   score data=EMWS8.Varsel_TRAIN out=_NULL_ outfit=WORK.FIT1 role=TRAIN 
outkey=EMWS8.Neural28_OUTKEY;
NOTE: The data set EMWS8.NEURAL28_OUTKEY has 33 observations and 8 variables.
NOTE: The data set EMWS8.VARSEL_TRAIN has . observations and 47 variables.
NOTE: There were 2374 observations read from the data set EMWS8.PART_TRAIN.
NOTE: The data set WORK.FIT1 has 2 observations and 23 variables.
816029     score data=EMWS8.Varsel_VALIDATE out=_NULL_
NOTE: View EMWS8.VARSEL_VALIDATE.VIEW used (Total process time):
      real time           0.05 seconds
      cpu time            0.04 seconds
      
816030     outfit=WORK.FIT2
816031     role=VALID
816032     outkey=EMWS8.Neural28_OUTKEY;
MPRINT(EM_DIAGRAM):   score data=EMWS8.Varsel_VALIDATE out=_NULL_ outfit=WORK.FIT2 role=VALID 
outkey=EMWS8.Neural28_OUTKEY;
NOTE: The data set EMWS8.NEURAL28_OUTKEY has 33 observations and 8 variables.
NOTE: The data set EMWS8.VARSEL_VALIDATE has . observations and 47 variables.
NOTE: There were 1018 observations read from the data set EMWS8.PART_VALIDATE.
NOTE: The data set WORK.FIT2 has 2 observations and 15 variables.
816033     run;
MPRINT(EM_DIAGRAM):   run;

NOTE: The data set WORK.EM_NEURAL28 has 2374 observations and 15 variables.
NOTE: The data set EMWS8.VARSEL_VALIDATE has . observations and 47 variables.
NOTE: View EMWS8.VARSEL_VALIDATE.VIEW used (Total process time):
      real time           0.82 seconds
      cpu time            0.53 seconds
      
NOTE: There were 1018 observations read from the data set EMWS8.PART_VALIDATE.
NOTE: Closing the Neural Application.
NOTE: PROCEDURE NEURAL used (Total process time):
      real time           0.83 seconds
      cpu time            0.56 seconds
      

MPRINT(EM_DIAGRAM):   quit;
816034     quit;
816035     data EMWS8.Neural28_OUTFIT;
MPRINT(EM_DIAGRAM):   data EMWS8.Neural28_OUTFIT;
816036     merge WORK.FIT1 WORK.FIT2;
MPRINT(EM_DIAGRAM):   merge WORK.FIT1 WORK.FIT2;
816037     run;
MPRINT(EM_DIAGRAM):   run;

NOTE: There were 2 observations read from the data set WORK.FIT1.
NOTE: There were 2 observations read from the data set WORK.FIT2.
NOTE: The data set EMWS8.NEURAL28_OUTFIT has 2 observations and 36 variables.
NOTE: DATA statement used (Total process time):
      real time           0.01 seconds
      cpu time            0.00 seconds
      

816038     data EMWS8.Neural28_EMESTIMATE;
MPRINT(EM_DIAGRAM):   data EMWS8.Neural28_EMESTIMATE;
816039     set EMWS8.Neural28_outest;
MPRINT(EM_DIAGRAM):   set EMWS8.Neural28_outest;
816040     if _type_ ^in('HESSIAN' 'GRAD');
MPRINT(EM_DIAGRAM):   if _type_ ^in('HESSIAN' 'GRAD');
816041     run;
MPRINT(EM_DIAGRAM):   run;

NOTE: There were 53 observations read from the data set EMWS8.NEURAL28_OUTEST.
NOTE: The data set EMWS8.NEURAL28_EMESTIMATE has 52 observations and 118 variables.
NOTE: DATA statement used (Total process time):
      real time           0.01 seconds
      cpu time            0.00 seconds
      

816042     proc datasets lib=work nolist;
MPRINT(EM_DIAGRAM):   proc datasets lib=work nolist;
816043     delete EM_Neural28;
MPRINT(EM_DIAGRAM):   delete EM_Neural28;
816044     run;
MPRINT(EM_DIAGRAM):   run;

NOTE: Deleting WORK.EM_NEURAL28 (memtype=DATA).
816045     quit;
MPRINT(EM_DIAGRAM):   quit;

NOTE: PROCEDURE DATASETS used (Total process time):
      real time           0.08 seconds
      cpu time            0.07 seconds
      

816046     data EMWS8.Neural28_PLOTDS(where=(_iter_ ne . and _NAME_="OVERALL"));
MPRINT(EM_DIAGRAM):    data EMWS8.Neural28_PLOTDS(where=(_iter_ ne . and _NAME_="OVERALL"));
816047     set fit_Neural28;
MPRINT(EM_DIAGRAM):   set fit_Neural28;
816048     attrib _ITER_ label="%sysfunc(sasmsg(sashelp.dmine, rpt_trainiterations_vlabel  ,
816048   ! NOQUOTE))";
MPRINT(EM_DIAGRAM):   attrib _ITER_ label="Training Iterations";
816049     attrib _NAME_ label="%sysfunc(sasmsg(sashelp.dmine, rpt_varsel_label_name  ,
816049   ! NOQUOTE))";
MPRINT(EM_DIAGRAM):   attrib _NAME_ label="Name";
816050     run;
MPRINT(EM_DIAGRAM):   run;

NOTE: There were 52 observations read from the data set WORK.FIT_NEURAL28.
NOTE: The data set EMWS8.NEURAL28_PLOTDS has 52 observations and 36 variables.
NOTE: DATA statement used (Total process time):
      real time           0.01 seconds
      cpu time            0.01 seconds
      

816051     proc sort data=EMWS8.Neural28_PLOTDS;
MPRINT(EM_DIAGRAM):   proc sort data=EMWS8.Neural28_PLOTDS;
816052     by _ITER_;
MPRINT(EM_DIAGRAM):   by _ITER_;
816053     run;
MPRINT(EM_DIAGRAM):   run;

NOTE: There were 52 observations read from the data set EMWS8.NEURAL28_PLOTDS.
NOTE: The data set EMWS8.NEURAL28_PLOTDS has 52 observations and 36 variables.
NOTE: PROCEDURE SORT used (Total process time):
      real time           0.00 seconds
      cpu time            0.00 seconds
      

816054     data tempweight (drop= _tech_ _decay_ _seed_ _nobj_ _obj_ _objerr_ _averr_ _p_num_
816054   ! where=(_type_ eq "PARMS" and _iter_ eq 10) );
MPRINT(EM_DIAGRAM):    data tempweight (drop= _tech_ _decay_ _seed_ _nobj_ _obj_ _objerr_ 
_averr_ _p_num_ where=(_type_ eq "PARMS" and _iter_ eq 10) );
816055     set EMWS8.Neural28_EMESTIMATE;
MPRINT(EM_DIAGRAM):   set EMWS8.Neural28_EMESTIMATE;
816056     run;
MPRINT(EM_DIAGRAM):   run;

NOTE: There were 52 observations read from the data set EMWS8.NEURAL28_EMESTIMATE.
NOTE: The data set WORK.TEMPWEIGHT has 1 observations and 110 variables.
NOTE: DATA statement used (Total process time):
      real time           0.00 seconds
      cpu time            0.00 seconds
      

816057     proc sort;
MPRINT(EM_DIAGRAM):   proc sort;
816058     by _name_;
MPRINT(EM_DIAGRAM):   by _name_;
816059     run;
MPRINT(EM_DIAGRAM):   run;

NOTE: There were 1 observations read from the data set WORK.TEMPWEIGHT.
NOTE: The data set WORK.TEMPWEIGHT has 1 observations and 110 variables.
NOTE: PROCEDURE SORT used (Total process time):
      real time           0.00 seconds
      cpu time            0.01 seconds
      

816060     proc transpose data=tempweight out=EMWS8.Neural28_WEIGHTDS;
MPRINT(EM_DIAGRAM):   proc transpose data=tempweight out=EMWS8.Neural28_WEIGHTDS;
816061     by _name_;
MPRINT(EM_DIAGRAM):   by _name_;
816062     run;
MPRINT(EM_DIAGRAM):   run;

NOTE: There were 1 observations read from the data set WORK.TEMPWEIGHT.
NOTE: The data set EMWS8.NEURAL28_WEIGHTDS has 108 observations and 3 variables.
NOTE: PROCEDURE TRANSPOSE used (Total process time):
      real time           0.01 seconds
      cpu time            0.01 seconds
      

816063     data EMWS8.Neural28_WEIGHTDS;
MPRINT(EM_DIAGRAM):   data EMWS8.Neural28_WEIGHTDS;
816064     set EMWS8.Neural28_WEIGHTDS;
MPRINT(EM_DIAGRAM):   set EMWS8.Neural28_WEIGHTDS;
816065     FROM = trim(left(scan(_LABEL_, 1, '->')));
MPRINT(EM_DIAGRAM):   FROM = trim(left(scan(_LABEL_, 1, '->')));
816066     TO = trim(left(scan(_LABEL_, 2, '>')));
MPRINT(EM_DIAGRAM):   TO = trim(left(scan(_LABEL_, 2, '>')));
816067     WEIGHT = COL1;
MPRINT(EM_DIAGRAM):   WEIGHT = COL1;
816068     if (TO eq '') or (FROM eq '') then delete;
MPRINT(EM_DIAGRAM):   if (TO eq '') or (FROM eq '') then delete;
816069     label _LABEL_ ="%sysfunc(sasmsg(sashelp.dmine, meta_label_vlabel  , NOQUOTE))" FROM
816069   ! = "%sysfunc(sasmsg(sashelp.dmine, rpt_from_vlabel  , NOQUOTE))" TO =
816069   ! "%sysfunc(sasmsg(sashelp.dmine, rpt_into_vlabel  , NOQUOTE))" WEIGHT =
816070        "%sysfunc(sasmsg(sashelp.dmine, rpt_weight_vlabel  , NOQUOTE))";
MPRINT(EM_DIAGRAM):   label _LABEL_ = "Label" FROM = "From" TO = "Into" WEIGHT = "Weight";
816071     keep FROM TO WEIGHT _LABEL_;
MPRINT(EM_DIAGRAM):   keep FROM TO WEIGHT _LABEL_;
816072     run;
MPRINT(EM_DIAGRAM):   run;

NOTE: There were 108 observations read from the data set EMWS8.NEURAL28_WEIGHTDS.
NOTE: The data set EMWS8.NEURAL28_WEIGHTDS has 103 observations and 4 variables.
NOTE: DATA statement used (Total process time):
      real time           0.01 seconds
      cpu time            0.01 seconds
      

816073     proc sort data=EMWS8.Neural28_WEIGHTDS nodupkey;
MPRINT(EM_DIAGRAM):   proc sort data=EMWS8.Neural28_WEIGHTDS nodupkey;
816074     by _LABEL_;
MPRINT(EM_DIAGRAM):   by _LABEL_;
816075     run;
MPRINT(EM_DIAGRAM):   run;

NOTE: There were 103 observations read from the data set EMWS8.NEURAL28_WEIGHTDS.
NOTE: 0 observations with duplicate key values were deleted.
NOTE: The data set EMWS8.NEURAL28_WEIGHTDS has 103 observations and 4 variables.
NOTE: PROCEDURE SORT used (Total process time):
      real time           0.00 seconds
      cpu time            0.01 seconds
      

MPRINT(EM_DIAGRAM):    proc printto;
MPRINT(EM_DIAGRAM):   run;
