 
                                                                                               
 
 
Fit Statistics

Target=DepVar Target Label=DepVar

   Fit
Statistics    Statistics Label                    Train    Validation

 _AIC_        Akaike's Information Criterion    1205.03          .   
 _ASE_        Average Squared Error                0.07         0.08 
 _AVERR_      Average Error Function               0.25         0.25 
 _DFE_        Degrees of Freedom for Error      2358.00          .   
 _DFM_        Model Degrees of Freedom            16.00          .   
 _DFT_        Total Degrees of Freedom          2374.00          .   
 _DIV_        Divisor for ASE                   4748.00      2036.00 
 _ERR_        Error Function                    1173.03       510.60 
 _FPE_        Final Prediction Error               0.08          .   
 _MAX_        Maximum Absolute Error               1.00         0.99 
 _MSE_        Mean Square Error                    0.07         0.08 
 _NOBS_       Sum of Frequencies                2374.00      1018.00 
 _NW_         Number of Estimate Weights          16.00          .   
 _RASE_       Root Average Sum of Squares          0.27         0.28 
 _RFPE_       Root Final Prediction Error          0.27          .   
 _RMSE_       Root Mean Squared Error              0.27         0.28 
 _SBC_        Schwarz's Bayesian Criterion      1297.39          .   
 _SSE_        Sum of Squared Errors              352.90       157.38 
 _SUMW_       Sum of Case Weights Times Freq    4748.00      2036.00 
 _MISC_       Misclassification Rate               0.10         0.11 
 
                                                                                               
 
 
Classification Table

Data Role=TRAIN Target Variable=DepVar Target Label=DepVar

                       Target        Outcome     Frequency       Total
Target    Outcome    Percentage    Percentage      Count      Percentage

  0          0         91.6784       97.3201        1961        82.6032 
  1          0          8.3216       49.5822         178         7.4979 
  0          1         22.9787        2.6799          54         2.2746 
  1          1         77.0213       50.4178         181         7.6243 


Data Role=VALIDATE Target Variable=DepVar Target Label=DepVar

                       Target        Outcome     Frequency       Total
Target    Outcome    Percentage    Percentage      Count      Percentage

  0          0         90.7909       97.1031        838         82.3183 
  1          0          9.2091       54.8387         85          8.3497 
  0          1         26.3158        2.8969         25          2.4558 
  1          1         73.6842       45.1613         70          6.8762 
 
                                                                                               
 
 
Event Classification Table

Data Role=TRAIN Target=DepVar Target Label=DepVar

  False       True        False       True
Negative    Negative    Positive    Positive

   178        1961         54          181  


Data Role=VALIDATE Target=DepVar Target Label=DepVar

  False       True        False       True
Negative    Negative    Positive    Positive

   85          838         25          70   
 
                                                                                               
 
 
Assessment Score Rankings

Data Role=TRAIN Target Variable=DepVar Target Label=DepVar

                                                                                    Mean
                            Cumulative       %      Cumulative     Number of     Posterior
Depth      Gain     Lift       Lift      Response   % Response   Observations   Probability

   5    494.598   5.94598     5.94598     89.9160     89.9160         119         0.90720  
  10    411.243   4.27888     5.11243     64.7059     77.3109         119         0.61813  
  15    326.036   2.55621     4.26036     38.6555     64.4258         119         0.40427  
  20    263.357   1.73726     3.63357     26.2712     54.9474         118         0.28155  
  25    208.375   0.88912     3.08375     13.4454     46.6330         119         0.20337  
  30    180.094   1.38925     2.80094     21.0084     42.3562         119         0.14251  
  35    156.237   1.12082     2.56237     16.9492     38.7485         118         0.10511  
  40    130.404   0.50013     2.30404      7.5630     34.8421         119         0.08090  
  45    111.561   0.61127     2.11561      9.2437     31.9925         119         0.06474  
  50     94.429   0.39229     1.94429      5.9322     29.4019         118         0.05055  
  55     78.232   0.16671     1.78232      2.5210     26.9525         119         0.03901  
  60     64.740   0.16671     1.64740      2.5210     24.9123         119         0.03103  
  65     52.472   0.05557     1.52472      0.8403     23.0570         119         0.02482  
  70     42.044   0.05604     1.42044      0.8475     21.4801         118         0.01967  
  75     33.296   0.11114     1.33296      1.6807     20.1572         119         0.01510  
  80     24.947   0.00000     1.24947      0.0000     18.8947         119         0.01154  
  85     17.641   0.00000     1.17641      0.0000     17.7899         118         0.00866  
  90     11.090   0.00000     1.11090      0.0000     16.7993         119         0.00630  
  95      5.230   0.00000     1.05230      0.0000     15.9131         119         0.00416  
 100      0.000   0.00000     1.00000      0.0000     15.1222         118         0.00212  


Data Role=VALIDATE Target Variable=DepVar Target Label=DepVar

                                                                                    Mean
                            Cumulative       %      Cumulative     Number of     Posterior
Depth      Gain     Lift       Lift      Response   % Response   Observations   Probability

   5    479.507   5.79507     5.79507     88.2353     88.2353         51          0.92018  
  10    370.044   3.60582     4.70044     54.9020     71.5686         51          0.62469  
  15    316.386   3.09070     4.16386     47.0588     63.3987         51          0.37761  
  20    254.143   1.67413     3.54143     25.4902     53.9216         51          0.25905  
  25    203.919   1.03023     3.03919     15.6863     46.2745         51          0.18589  
  30    172.583   1.15901     2.72583     17.6471     41.5033         51          0.14304  
  35    159.398   1.80291     2.59398     27.4510     39.4958         51          0.10946  
  40    135.022   0.64390     2.35022      9.8039     35.7843         51          0.08573  
  45    116.063   0.64390     2.16063      9.8039     32.8976         51          0.06737  
  50     96.129   0.13135     1.96129      2.0000     29.8625         50          0.05140  
  55     79.440   0.12878     1.79440      1.9608     27.3214         51          0.04115  
  60     64.462   0.00000     1.64462      0.0000     25.0409         51          0.03310  
  65     51.792   0.00000     1.51792      0.0000     23.1118         51          0.02658  
  70     40.935   0.00000     1.40935      0.0000     21.4586         51          0.02125  
  75     32.386   0.12878     1.32386      1.9608     20.1571         51          0.01711  
  80     24.908   0.12878     1.24908      1.9608     19.0184         51          0.01323  
  85     17.552   0.00000     1.17552      0.0000     17.8984         51          0.00965  
  90     11.014   0.00000     1.11014      0.0000     16.9029         51          0.00708  
  95      5.165   0.00000     1.05165      0.0000     16.0124         51          0.00471  
 100      0.000   0.00000     1.00000      0.0000     15.2259         50          0.00243  
 
                                                                                               
 
 
Assessment Score Distribution

Data Role=TRAIN Target Variable=DepVar Target Label=DepVar

 Posterior     Number                     Mean
Probability      of      Number of     Posterior
   Range       Events    Nonevents    Probability    Percentage

 0.95-1.00       42            3        0.98445         1.8955 
 0.90-0.95       22            2        0.92287         1.0110 
 0.85-0.90       15            3        0.87202         0.7582 
 0.80-0.85       19            1        0.82262         0.8425 
 0.75-0.80       14            4        0.77324         0.7582 
 0.70-0.75       16            7        0.72418         0.9688 
 0.65-0.70        9            3        0.67880         0.5055 
 0.60-0.65       14           12        0.62724         1.0952 
 0.55-0.60       11            9        0.57399         0.8425 
 0.50-0.55       19           10        0.51450         1.2216 
 0.45-0.50       13           13        0.47566         1.0952 
 0.40-0.45       13           23        0.42143         1.5164 
 0.35-0.40       17           29        0.37491         1.9377 
 0.30-0.35       13           35        0.32692         2.0219 
 0.25-0.30       21           44        0.27256         2.7380 
 0.20-0.25       12           71        0.22439         3.4962 
 0.15-0.20       15           76        0.17530         3.8332 
 0.10-0.15       32          134        0.12217         6.9924 
 0.05-0.10       29          307        0.07154        14.1533 
 0.00-0.05       13         1229        0.01762        52.3168 


Data Role=VALIDATE Target Variable=DepVar Target Label=DepVar

 Posterior     Number                     Mean
Probability      of      Number of     Posterior
   Range       Events    Nonevents    Probability    Percentage

 0.95-1.00       17           0         0.98576         1.6699 
 0.90-0.95       16           1         0.93022         1.6699 
 0.85-0.90        6           2         0.87566         0.7859 
 0.80-0.85        5           2         0.82354         0.6876 
 0.75-0.80        5           3         0.77210         0.7859 
 0.70-0.75        9           3         0.72886         1.1788 
 0.65-0.70        2           1         0.67723         0.2947 
 0.60-0.65        3           2         0.62337         0.4912 
 0.55-0.60        4           7         0.57826         1.0806 
 0.50-0.55        3           4         0.52817         0.6876 
 0.45-0.50        6           5         0.46657         1.0806 
 0.40-0.45        6           6         0.43160         1.1788 
 0.35-0.40        7          12         0.37150         1.8664 
 0.30-0.35        9          10         0.32205         1.8664 
 0.25-0.30        6          20         0.27590         2.5540 
 0.20-0.25        7          26         0.22459         3.2417 
 0.15-0.20       11          45         0.17270         5.5010 
 0.10-0.15       16          59         0.12433         7.3674 
 0.05-0.10       13         131         0.07325        14.1454 
 0.00-0.05        4         524         0.01874        51.8664 
