 
                                                                                               
 
 
Fit Statistics

Target=DepVar Target Label=DepVar

   Fit
Statistics    Statistics Label                     Train    Validation

 _ASE_        Average Squared Error                 0.02         0.03 
 _DIV_        Divisor for ASE                    4748.00      2036.00 
 _MAX_        Maximum Absolute Error                0.99         1.00 
 _NOBS_       Sum of Frequencies                 2374.00      1018.00 
 _RASE_       Root Average Squared Error            0.16         0.18 
 _SSE_        Sum of Squared Errors               114.10        65.44 
 _DISF_       Frequency of Classified Cases      2374.00      1018.00 
 _MISC_       Misclassification Rate                0.03         0.04 
 _WRONG_      Number of Wrong Classifications      63.00        45.00 
 
                                                                                               
 
 
Classification Table

Data Role=TRAIN Target Variable=DepVar Target Label=DepVar

                       Target        Outcome     Frequency       Total
Target    Outcome    Percentage    Percentage      Count      Percentage

  0          0         98.0315       98.8586        1992        83.9090 
  1          0          1.9685       11.1421          40         1.6849 
  0          1          6.7251        1.1414          23         0.9688 
  1          1         93.2749       88.8579         319        13.4372 


Data Role=VALIDATE Target Variable=DepVar Target Label=DepVar

                       Target        Outcome     Frequency       Total
Target    Outcome    Percentage    Percentage      Count      Percentage

  0          0         96.9037       97.9143        845         83.0059 
  1          0          3.0963       17.4194         27          2.6523 
  0          1         12.3288        2.0857         18          1.7682 
  1          1         87.6712       82.5806        128         12.5737 
 
                                                                                               
 
 
Event Classification Table

Data Role=TRAIN Target=DepVar Target Label=DepVar

  False       True        False       True
Negative    Negative    Positive    Positive

   40         1992         23          319  


Data Role=VALIDATE Target=DepVar Target Label=DepVar

  False       True        False       True
Negative    Negative    Positive    Positive

   27          845         18          128  
 
                                                                                               
 
 
Assessment Score Rankings

Data Role=TRAIN Target Variable=DepVar Target Label=DepVar

                                                                                    Mean
                            Cumulative       %      Cumulative     Number of     Posterior
Depth      Gain     Lift       Lift      Response   % Response   Observations   Probability

   5    561.281   6.61281     6.61281     100.000     100.000         119         0.98821  
  10    558.503   6.55724     6.58503      99.160      99.580         119         0.87996  
  15    496.450   4.72344     5.96450      71.429      90.196         119         0.61439  
  20    387.260   1.56914     4.87260      23.729      73.684         118         0.30018  
  25    294.097   0.22228     3.94097       3.361      59.596         119         0.13445  
  30    229.249   0.05557     3.29249       0.840      49.790         119         0.06416  
  35    183.293   0.05604     2.83293       0.847      42.840         118         0.03003  
  40    149.895   0.16671     2.49895       2.521      37.789         119         0.01592  
  45    122.077   0.00000     2.22077       0.000      33.583         119         0.00896  
  50    100.000   0.00000     2.00000       0.000      30.244         118         0.00473  
  55     81.776   0.00000     1.81776       0.000      27.489         119         0.00238  
  60     66.596   0.00000     1.66596       0.000      25.193         119         0.00132  
  65     53.756   0.00000     1.53756       0.000      23.251         119         0.00077  
  70     42.840   0.00000     1.42840       0.000      21.600         118         0.00046  
  75     33.296   0.00000     1.33296       0.000      20.157         119         0.00029  
  80     24.947   0.00000     1.24947       0.000      18.895         119         0.00019  
  85     17.641   0.00000     1.17641       0.000      17.790         118         0.00014  
  90     11.090   0.00000     1.11090       0.000      16.799         119         0.00011  
  95      5.230   0.00000     1.05230       0.000      15.913         119         0.00008  
 100      0.000   0.00000     1.00000       0.000      15.122         118         0.00007  


Data Role=VALIDATE Target Variable=DepVar Target Label=DepVar

                                                                                    Mean
                            Cumulative       %      Cumulative     Number of     Posterior
Depth      Gain     Lift       Lift      Response   % Response   Observations   Probability

   5    556.774   6.56774     6.56774     100.000     100.000         51          0.98668  
  10    543.896   6.31018     6.43896      96.078      98.039         51          0.85480  
  15    462.336   3.99216     5.62336      60.784      85.621         51          0.60222  
  20    376.483   2.18925     4.76483      33.333      72.549         51          0.34706  
  25    291.489   0.51512     3.91489       7.843      59.608         51          0.16718  
  30    228.387   0.12878     3.28387       1.961      50.000         51          0.08129  
  35    183.314   0.12878     2.83314       1.961      43.137         51          0.03643  
  40    147.900   0.00000     2.47900       0.000      37.745         51          0.01873  
  45    120.356   0.00000     2.20356       0.000      33.551         51          0.00986  
  50    100.000   0.13135     2.00000       2.000      30.452         50          0.00552  
  55     81.786   0.00000     1.81786       0.000      27.679         51          0.00273  
  60     66.612   0.00000     1.66612       0.000      25.368         51          0.00137  
  65     53.776   0.00000     1.53776       0.000      23.414         51          0.00084  
  70     42.777   0.00000     1.42777       0.000      21.739         51          0.00046  
  75     33.246   0.00000     1.33246       0.000      20.288         51          0.00029  
  80     24.908   0.00000     1.24908       0.000      19.018         51          0.00021  
  85     17.552   0.00000     1.17552       0.000      17.898         51          0.00016  
  90     11.014   0.00000     1.11014       0.000      16.903         51          0.00012  
  95      5.165   0.00000     1.05165       0.000      16.012         51          0.00008  
 100      0.000   0.00000     1.00000       0.000      15.226         50          0.00007  
 
                                                                                               
 
 
Assessment Score Distribution

Data Role=TRAIN Target Variable=DepVar Target Label=DepVar

 Posterior     Number                     Mean
Probability      of      Number of     Posterior
   Range       Events    Nonevents    Probability    Percentage

 0.95-1.00       132           0        0.98487         5.5602 
 0.90-0.95        44           0        0.92659         1.8534 
 0.85-0.90        24           0        0.86726         1.0110 
 0.80-0.85        19           1        0.82875         0.8425 
 0.75-0.80        26           0        0.77738         1.0952 
 0.70-0.75        17           2        0.72434         0.8003 
 0.65-0.70        15           3        0.67247         0.7582 
 0.60-0.65        15           8        0.62398         0.9688 
 0.55-0.60        13           4        0.57226         0.7161 
 0.50-0.55        14           5        0.53104         0.8003 
 0.45-0.50         2           9        0.47579         0.4634 
 0.40-0.45         6          10        0.42419         0.6740 
 0.35-0.40         6          14        0.37535         0.8425 
 0.30-0.35         5          16        0.32350         0.8846 
 0.25-0.30         5          23        0.27662         1.1794 
 0.20-0.25         6          29        0.22779         1.4743 
 0.15-0.20         3          44        0.17138         1.9798 
 0.10-0.15         1          49        0.12137         2.1061 
 0.05-0.10         2         107        0.07660         4.5914 
 0.00-0.05         4        1691        0.00549        71.3985 


Data Role=VALIDATE Target Variable=DepVar Target Label=DepVar

 Posterior     Number                     Mean
Probability      of      Number of     Posterior
   Range       Events    Nonevents    Probability    Percentage

 0.95-1.00       50           0         0.98747         4.9116 
 0.90-0.95       18           0         0.92195         1.7682 
 0.85-0.90       12           1         0.87463         1.2770 
 0.80-0.85        8           1         0.82474         0.8841 
 0.75-0.80       10           0         0.76626         0.9823 
 0.70-0.75        9           4         0.72501         1.2770 
 0.65-0.70        3           3         0.67878         0.5894 
 0.60-0.65        7           0         0.63297         0.6876 
 0.55-0.60        4           4         0.56808         0.7859 
 0.50-0.55        7           5         0.52835         1.1788 
 0.45-0.50        4           6         0.47525         0.9823 
 0.40-0.45        6           4         0.42979         0.9823 
 0.35-0.40        3           7         0.37481         0.9823 
 0.30-0.35        4          10         0.32302         1.3752 
 0.25-0.30        3          11         0.26931         1.3752 
 0.20-0.25        0           9         0.22185         0.8841 
 0.15-0.20        3          16         0.18129         1.8664 
 0.10-0.15        1          31         0.12767         3.1434 
 0.05-0.10        1          47         0.07217         4.7151 
 0.00-0.05        2         704         0.00509        69.3517 
