 
                                                                                               
 
 
Fit Statistics

Target=DepVar Target Label=DepVar

   Fit
Statistics    Statistics Label                     Train    Validation

 _ASE_        Average Squared Error                 0.02         0.03 
 _DIV_        Divisor for ASE                    4748.00      2036.00 
 _MAX_        Maximum Absolute Error                0.99         1.00 
 _NOBS_       Sum of Frequencies                 2374.00      1018.00 
 _RASE_       Root Average Squared Error            0.15         0.18 
 _SSE_        Sum of Squared Errors               106.11        69.10 
 _DISF_       Frequency of Classified Cases      2374.00      1018.00 
 _MISC_       Misclassification Rate                0.03         0.05 
 _WRONG_      Number of Wrong Classifications      62.00        47.00 
 
                                                                                               
 
 
Classification Table

Data Role=TRAIN Target Variable=DepVar Target Label=DepVar

                       Target        Outcome     Frequency       Total
Target    Outcome    Percentage    Percentage      Count      Percentage

  0          0         98.0325       98.9082        1993        83.9511 
  1          0          1.9675       11.1421          40         1.6849 
  0          1          6.4516        1.0918          22         0.9267 
  1          1         93.5484       88.8579         319        13.4372 


Data Role=VALIDATE Target Variable=DepVar Target Label=DepVar

                       Target        Outcome     Frequency       Total
Target    Outcome    Percentage    Percentage      Count      Percentage

  0          0         96.5753       98.0301        846         83.1041 
  1          0          3.4247       19.3548         30          2.9470 
  0          1         11.9718        1.9699         17          1.6699 
  1          1         88.0282       80.6452        125         12.2790 
 
                                                                                               
 
 
Event Classification Table

Data Role=TRAIN Target=DepVar Target Label=DepVar

  False       True        False       True
Negative    Negative    Positive    Positive

   40         1993         22          319  


Data Role=VALIDATE Target=DepVar Target Label=DepVar

  False       True        False       True
Negative    Negative    Positive    Positive

   30          846         17          125  
 
                                                                                               
 
 
Assessment Score Rankings

Data Role=TRAIN Target Variable=DepVar Target Label=DepVar

                                                                                    Mean
                            Cumulative       %      Cumulative     Number of     Posterior
Depth      Gain     Lift       Lift      Response   % Response   Observations   Probability

   5    561.281   6.61281     6.61281     100.000     100.000         119         0.99478  
  10    558.503   6.55724     6.58503      99.160      99.580         119         0.92011  
  15    500.154   4.83458     6.00154      73.109      90.756         119         0.62307  
  20    387.260   1.45706     4.87260      22.034      73.684         118         0.27414  
  25    294.097   0.22228     3.94097       3.361      59.596         119         0.09664  
  30    231.104   0.16671     3.31104       2.521      50.070         119         0.04010  
  35    184.088   0.00000     2.84088       0.000      42.960         118         0.01681  
  40    149.895   0.11114     2.49895       1.681      37.789         119         0.00751  
  45    122.077   0.00000     2.22077       0.000      33.583         119         0.00402  
  50    100.000   0.00000     2.00000       0.000      30.244         118         0.00213  
  55     81.776   0.00000     1.81776       0.000      27.489         119         0.00109  
  60     66.596   0.00000     1.66596       0.000      25.193         119         0.00055  
  65     53.756   0.00000     1.53756       0.000      23.251         119         0.00029  
  70     42.840   0.00000     1.42840       0.000      21.600         118         0.00016  
  75     33.296   0.00000     1.33296       0.000      20.157         119         0.00009  
  80     24.947   0.00000     1.24947       0.000      18.895         119         0.00005  
  85     17.641   0.00000     1.17641       0.000      17.790         118         0.00004  
  90     11.090   0.00000     1.11090       0.000      16.799         119         0.00003  
  95      5.230   0.00000     1.05230       0.000      15.913         119         0.00002  
 100      0.000   0.00000     1.00000       0.000      15.122         118         0.00001  


Data Role=VALIDATE Target Variable=DepVar Target Label=DepVar

                                                                                    Mean
                            Cumulative       %      Cumulative     Number of     Posterior
Depth      Gain     Lift       Lift      Response   % Response   Observations   Probability

   5    556.774   6.56774     6.56774     100.000     100.000         51          0.99339  
  10    524.579   5.92385     6.24579      90.196      95.098         51          0.91980  
  15    462.336   4.37849     5.62336      66.667      85.621         51          0.61606  
  20    366.825   1.80291     4.66825      27.451      71.078         51          0.28472  
  25    291.489   0.90145     3.91489      13.725      59.608         51          0.12668  
  30    230.533   0.25756     3.30533       3.922      50.327         51          0.05456  
  35    183.314   0.00000     2.83314       0.000      43.137         51          0.02153  
  40    147.900   0.00000     2.47900       0.000      37.745         51          0.00988  
  45    121.786   0.12878     2.21786       1.961      33.769         51          0.00451  
  50    100.000   0.00000     2.00000       0.000      30.452         50          0.00209  
  55     81.786   0.00000     1.81786       0.000      27.679         51          0.00103  
  60     66.612   0.00000     1.66612       0.000      25.368         51          0.00059  
  65     53.776   0.00000     1.53776       0.000      23.414         51          0.00033  
  70     42.777   0.00000     1.42777       0.000      21.739         51          0.00016  
  75     33.246   0.00000     1.33246       0.000      20.288         51          0.00008  
  80     24.908   0.00000     1.24908       0.000      19.018         51          0.00005  
  85     17.552   0.00000     1.17552       0.000      17.898         51          0.00003  
  90     11.014   0.00000     1.11014       0.000      16.903         51          0.00003  
  95      5.165   0.00000     1.05165       0.000      16.012         51          0.00002  
 100      0.000   0.00000     1.00000       0.000      15.226         50          0.00001  
 
                                                                                               
 
 
Assessment Score Distribution

Data Role=TRAIN Target Variable=DepVar Target Label=DepVar

 Posterior     Number                     Mean
Probability      of      Number of     Posterior
   Range       Events    Nonevents    Probability    Percentage

 0.95-1.00       167           0        0.98665         7.0345 
 0.90-0.95        30           0        0.92710         1.2637 
 0.85-0.90        24           1        0.87858         1.0531 
 0.80-0.85        21           0        0.82664         0.8846 
 0.75-0.80        11           1        0.76972         0.5055 
 0.70-0.75        13           2        0.73045         0.6318 
 0.65-0.70        12           3        0.67857         0.6318 
 0.60-0.65        14           5        0.62380         0.8003 
 0.55-0.60        13           8        0.56813         0.8846 
 0.50-0.55        14           2        0.52455         0.6740 
 0.45-0.50         4           9        0.47848         0.5476 
 0.40-0.45         7           8        0.42535         0.6318 
 0.35-0.40         2          13        0.37193         0.6318 
 0.30-0.35         6          10        0.32625         0.6740 
 0.25-0.30         3          16        0.27344         0.8003 
 0.20-0.25         7          25        0.22215         1.3479 
 0.15-0.20         4          29        0.16970         1.3901 
 0.10-0.15         2          36        0.12390         1.6007 
 0.05-0.10         0          96        0.06963         4.0438 
 0.00-0.05         5        1751        0.00420        73.9680 


Data Role=VALIDATE Target Variable=DepVar Target Label=DepVar

 Posterior     Number                     Mean
Probability      of      Number of     Posterior
   Range       Events    Nonevents    Probability    Percentage

 0.95-1.00       66           0         0.98629         6.4833 
 0.90-0.95       21           1         0.92485         2.1611 
 0.85-0.90        9           2         0.87230         1.0806 
 0.80-0.85        4           2         0.83685         0.5894 
 0.75-0.80        3           2         0.77834         0.4912 
 0.70-0.75        5           2         0.72513         0.6876 
 0.65-0.70        3           1         0.68750         0.3929 
 0.60-0.65        5           4         0.61907         0.8841 
 0.55-0.60        7           0         0.57230         0.6876 
 0.50-0.55        2           3         0.53417         0.4912 
 0.45-0.50        2           3         0.47031         0.4912 
 0.40-0.45        4           4         0.42764         0.7859 
 0.35-0.40        3           6         0.36779         0.8841 
 0.30-0.35        3           6         0.32541         0.8841 
 0.25-0.30        3          10         0.27259         1.2770 
 0.20-0.25        4           9         0.22974         1.2770 
 0.15-0.20        5          16         0.17173         2.0629 
 0.10-0.15        3          18         0.12081         2.0629 
 0.05-0.10        2          46         0.07017         4.7151 
 0.00-0.05        1         728         0.00375        71.6110 
