MPRINT(EM_DIAGRAM):    data _null_;
MPRINT(EM_DIAGRAM):   call symput('NLDATE', strip(put(date(), NLDATE.)));
MPRINT(EM_DIAGRAM):   call symput('NLTIME', strip(put(datetime(), NLTIME.)));
MPRINT(EM_DIAGRAM):   run;
MPRINT(EM_DIAGRAM):   data _null_;
MPRINT(EM_DIAGRAM):   nldate= sasmsg("sashelp.dmine", "log_date_note", 'N', "20. April 2016" );
MPRINT(EM_DIAGRAM):   nltime= sasmsg("sashelp.dmine", "log_time_note", 'N', "17.32 Uhr" );
MPRINT(EM_DIAGRAM):   put "*------------------------------------------------------------*";
MPRINT(EM_DIAGRAM):   put "* Training Log";
MPRINT(EM_DIAGRAM):   put nldate;
MPRINT(EM_DIAGRAM):   put nltime;
MPRINT(EM_DIAGRAM):   put "*------------------------------------------------------------*";
MPRINT(EM_DIAGRAM):   run;
*------------------------------------------------------------*
* Training Log
Date:                20. April 2016
Time:                17.32 Uhr
*------------------------------------------------------------*
MPRINT(EM_DIAGRAM):    filename O2O_NKEG 
"C:\\predictive-models-project\Workspaces\EMWS8\Ensmbl32\EMTRAIN.out" encoding="UTF-8" NOBOM;
MPRINT(EM_DIAGRAM):   proc printto print=O2O_NKEG new;
MPRINT(EM_DIAGRAM):   run;
MPRINT(EM_DIAGRAM):    filename _LOG 
"C:\\predictive-models-project\Workspaces\EMWS8\Ensmbl32\EMLOG.log" encoding="UTF-8" NOBOM;
MPRINT(EM_DIAGRAM):    data _null_;
MPRINT(EM_DIAGRAM):   call symput('NLDATE', strip(put(date(), NLDATE.)));
MPRINT(EM_DIAGRAM):   call symput('NLTIME', strip(put(datetime(), NLTIME.)));
MPRINT(EM_DIAGRAM):   run;
MPRINT(EM_DIAGRAM):   data _null_;
MPRINT(EM_DIAGRAM):   nldate= sasmsg("sashelp.dmine", "log_date_note", 'N', "20. April 2016" );
MPRINT(EM_DIAGRAM):   nltime= sasmsg("sashelp.dmine", "log_time_note", 'N', "17.32 Uhr" );
MPRINT(EM_DIAGRAM):   file _LOG;
MPRINT(EM_DIAGRAM):   put "*------------------------------------------------------------*";
MPRINT(EM_DIAGRAM):   put "User:                Lukas Fahr";
MPRINT(EM_DIAGRAM):   put nldate;
MPRINT(EM_DIAGRAM):   put nltime;
MPRINT(EM_DIAGRAM):   put "Site:                70107571";
MPRINT(EM_DIAGRAM):   put "Platform:            X64_7PRO";
MPRINT(EM_DIAGRAM):   put "Maintenance Release: 9.03.01M2P081512";
MPRINT(EM_DIAGRAM):   put "EM Version:          12.1";
MPRINT(EM_DIAGRAM):   put "* ";
MPRINT(EM_DIAGRAM):   run;
MPRINT(EM_DIAGRAM):    filename _LOGIN 
"C:\\predictive-models-project\Workspaces\EMWS8\Ensmbl32\EMTRAIN.log" encoding="UTF-8" NOBOM;
MPRINT(EM_COPYFILE):   data _null_;
MPRINT(EM_COPYFILE):   length line $20000;
MPRINT(EM_COPYFILE):   file _LOG MOD lrecl=20000;
MPRINT(EM_COPYFILE):   fid=fopen("_LOGIN",'i',20000,'v');
MPRINT(EM_COPYFILE):   if fid > 0 then do;
MPRINT(EM_COPYFILE):   do while(^fread(fid));
MPRINT(EM_COPYFILE):   rlen = frlen(fid);
MPRINT(EM_COPYFILE):   rc= fget(fid,line,20000);
MPRINT(EM_COPYFILE):   start = length(line)-length(left(line))+1;
MPRINT(EM_COPYFILE):   line=strip(line);
MPRINT(EM_COPYFILE):   put @start line;
MPRINT(EM_COPYFILE):   end;
MPRINT(EM_COPYFILE):   if fid > 0 then rc=fclose(fid);
MPRINT(EM_COPYFILE):   end;
MPRINT(EM_COPYFILE):   run;
MPRINT(EM_DIAGRAM):  ;
MPRINT(EM_DIAGRAM):   filename _LOGIN;
MPRINT(EM_DIAGRAM):    data _null_;
MPRINT(EM_DIAGRAM):   file _LOG mod;
MPRINT(EM_DIAGRAM):   put _page_;
MPRINT(EM_DIAGRAM):   run;
MPRINT(EM_DIAGRAM):   filename _LOGIN 
"C:\\predictive-models-project\Workspaces\EMWS8\Ensmbl32\EMSCORE.log" encoding="UTF-8" NOBOM;
MPRINT(EM_DIAGRAM):  ;
MPRINT(EM_DIAGRAM):   data _null_;
MPRINT(EM_DIAGRAM):   file _LOG mod;
MPRINT(EM_DIAGRAM):   put _page_;
MPRINT(EM_DIAGRAM):   run;
MPRINT(EM_DIAGRAM):    filename _LOGIN 
"C:\\predictive-models-project\Workspaces\EMWS8\Ensmbl32\EMREPORT.log" encoding="UTF-8" NOBOM;
MPRINT(EM_DIAGRAM):  ;
MPRINT(EM_DIAGRAM):   filename _LOGIN;
MPRINT(EM_DIAGRAM):    filename _LOG;
MPRINT(EM_DIAGRAM):    filename _OUT 
"C:\\predictive-models-project\Workspaces\EMWS8\Ensmbl32\EMOUTPUT.out" encoding="UTF-8" NOBOM;
MPRINT(EM_DIAGRAM):    data _null_;
MPRINT(EM_DIAGRAM):   call symput('NLDATE', strip(put(date(), NLDATE.)));
MPRINT(EM_DIAGRAM):   call symput('NLTIME', strip(put(datetime(), NLTIME.)));
MPRINT(EM_DIAGRAM):   run;
MPRINT(EM_DIAGRAM):   data _null_;
MPRINT(EM_DIAGRAM):   nldate= sasmsg("sashelp.dmine", "log_date_note", 'N', "20. April 2016" );
MPRINT(EM_DIAGRAM):   nltime= sasmsg("sashelp.dmine", "log_time_note", 'N', "17.32 Uhr" );
MPRINT(EM_DIAGRAM):   file _OUT;
MPRINT(EM_DIAGRAM):   put "*------------------------------------------------------------*";
MPRINT(EM_DIAGRAM):   put "User:                Lukas Fahr";
MPRINT(EM_DIAGRAM):   put nldate;
MPRINT(EM_DIAGRAM):   put nltime;
MPRINT(EM_DIAGRAM):   put "*------------------------------------------------------------*";
MPRINT(EM_DIAGRAM):   put "* Training Output";
MPRINT(EM_DIAGRAM):   put "*------------------------------------------------------------*";
MPRINT(EM_DIAGRAM):   run;
MPRINT(EM_DIAGRAM):    filename _OUTIN 
"C:\\predictive-models-project\Workspaces\EMWS8\Ensmbl32\EMTRAIN.out" encoding="UTF-8" NOBOM;
MPRINT(EM_DIAGRAM):   ;
MPRINT(EM_COPYFILE):   data _null_;
MPRINT(EM_COPYFILE):   length line $20000;
MPRINT(EM_COPYFILE):   file _OUT MOD lrecl=20000;
MPRINT(EM_COPYFILE):   fid=fopen("_OUTIN",'i',20000,'v');
MPRINT(EM_COPYFILE):   if fid > 0 then do;
MPRINT(EM_COPYFILE):   do while(^fread(fid));
MPRINT(EM_COPYFILE):   rlen = frlen(fid);
MPRINT(EM_COPYFILE):   rc= fget(fid,line,20000);
MPRINT(EM_COPYFILE):   start = length(line)-length(left(line))+1;
MPRINT(EM_COPYFILE):   line=strip(line);
MPRINT(EM_COPYFILE):   put @start line;
MPRINT(EM_COPYFILE):   end;
MPRINT(EM_COPYFILE):   if fid > 0 then rc=fclose(fid);
MPRINT(EM_COPYFILE):   end;
MPRINT(EM_COPYFILE):   run;
MPRINT(EM_DIAGRAM):  ;
MPRINT(EM_DIAGRAM):   filename _OUTIN;
MPRINT(EM_DIAGRAM):    data _null_;
MPRINT(EM_DIAGRAM):   file _OUT mod;
MPRINT(EM_DIAGRAM):   put _page_;
MPRINT(EM_DIAGRAM):   put // "*------------------------------------------------------------*";
MPRINT(EM_DIAGRAM):   put "* Score Output";
MPRINT(EM_DIAGRAM):   put "*------------------------------------------------------------*";
MPRINT(EM_DIAGRAM):   run;
MPRINT(EM_DIAGRAM):    filename _OUTIN 
"C:\\predictive-models-project\Workspaces\EMWS8\Ensmbl32\EMSCORE.out" encoding="UTF-8" NOBOM;
MPRINT(EM_DIAGRAM):  ;
MPRINT(EM_DIAGRAM):   filename _OUTIN;
MPRINT(EM_DIAGRAM):    data _null_;
MPRINT(EM_DIAGRAM):   file _OUT mod;
MPRINT(EM_DIAGRAM):   put _page_;
MPRINT(EM_DIAGRAM):   put // "*------------------------------------------------------------*";
MPRINT(EM_DIAGRAM):   put "* Report Output";
MPRINT(EM_DIAGRAM):   put "*------------------------------------------------------------*";
MPRINT(EM_DIAGRAM):   run;
MPRINT(EM_DIAGRAM):    filename _OUTIN 
"C:\\predictive-models-project\Workspaces\EMWS8\Ensmbl32\EMREPORT.out" encoding="UTF-8" NOBOM;
MPRINT(EM_DIAGRAM):  ;
MPRINT(EM_DIAGRAM):   filename _OUTIN;
MPRINT(EM_DIAGRAM):    filename _OUT;
MPRINT(EM_DIAGRAM):    filename _emtool_ 
'C:\\predictive-models-project\Workspaces\EMWS8\Ensmbl32\EMRUNSTATUS.xml' encoding="UTF-8" 
NOBOM;
(FREQ=(WHERE='ROLE = "FREQ"' DEFAULT='Y' RULE=(RULE1=(DESCRIPTION='USEATMOST1FREQ' 
VALUES=(VALUE1='Y' )[231511] MAX=1 EXCEEDMAXVALUE='' )[231515] )[231509] 
VALIDCHOICES=(CHOICE1='Y' )[231513] )[231797] INPUTREJECT=(WHERE='ROLE in("INPUT", 
"REJECTED")' DEFAULT='D' VALIDCHOICES=(CHOICE1='D' )[231519] 
RULE=(RULE1=(DESCRIPTION='USEATLEAST1INPUTREJECT' WHERE='(ROLE = "INPUT" and USE in("Y" "D")) 
or (ROLE = "REJECTED" and USE = "Y")' MIN=. )[231523] )[231521] )[231517] TARGET=(WHERE='ROLE 
= "TARGET"' DEFAULT='Y' VALIDCHOICES=(CHOICE1='Y' CHOICE2='N' )[231527] 
RULE=(RULE1=(DESCRIPTION='METADATA.USE1TARGET' VALUES=(VALUE1='Y' )[231533] MIN=1 MAX=1 
EXCEEDMAXVALUE='N' )[231531] )[231529] )[231525] )[231507] 
1537640    proc freq data=EMWS8.Ensmbl32_VariableSet noprint;
MPRINT(EM_DIAGRAM):    proc freq data=EMWS8.Ensmbl32_VariableSet noprint;
1537641    table ROLE*LEVEL/out=WORK.Ensmbl32META;
MPRINT(EM_DIAGRAM):   table ROLE*LEVEL/out=WORK.Ensmbl32META;
1537642    run;
MPRINT(EM_DIAGRAM):   run;

NOTE: There were 34 observations read from the data set EMWS8.ENSMBL32_VARIABLESET.
NOTE: The data set WORK.ENSMBL32META has 5 observations and 4 variables.
NOTE: PROCEDURE FREQ used (Total process time):
      real time           0.00 seconds
      cpu time            0.01 seconds
      

1537643    proc print data=WORK.Ensmbl32META label noobs;
MPRINT(EM_DIAGRAM):   proc print data=WORK.Ensmbl32META label noobs;
1537644    var ROLE LEVEL COUNT;
MPRINT(EM_DIAGRAM):   var ROLE LEVEL COUNT;
1537645    label ROLE = "%sysfunc(sasmsg(sashelp.dmine, meta_role_vlabel, NOQUOTE))" LEVEL =
1537645  ! "%sysfunc(sasmsg(sashelp.dmine, meta_level_vlabel, NOQUOTE))" COUNT =
1537645  ! "%sysfunc(sasmsg(sashelp.dmine, rpt_count_vlabel, NOQUOTE))";
MPRINT(EM_DIAGRAM):   label ROLE = "Role" LEVEL = "Measurement Level" COUNT = "Frequency 
Count";
1537646    title9 ' ';
MPRINT(EM_DIAGRAM):   title9 ' ';
1537647    title10 "%sysfunc(sasmsg(sashelp.dmine, rpt_varSummary_title  , NOQUOTE))";
MPRINT(EM_DIAGRAM):   title10 "Variable Summary";
MPRINT(EM_DIAGRAM):   run;
1537648    run;

NOTE: There were 5 observations read from the data set WORK.ENSMBL32META.
NOTE: The PROCEDURE PRINT printed page 1776.
NOTE: PROCEDURE PRINT used (Total process time):
      real time           0.00 seconds
      cpu time            0.00 seconds
      

1537649    title10;
MPRINT(EM_DIAGRAM):   title10;
1537650    %let EMNORLEN = %DMNORLEN;
MPRINT(EM_DIAGRAM):   
EMWS8.Neural3_TRAIN EMWS8.Neural3_TRAIN 
EMWS8.Neural3_TRAIN EMWS8.Neural3_TRAIN EMWS8 Neural3_TRAIN 
EMWS8.Neural3_TRAIN EMWS8.Neural3_TRAIN 
EMWS8.Neural3_TRAIN EMWS8.Neural3_TRAIN EMWS8 Neural3_TRAIN 
MPRINT(EM_DIAGRAM):    proc dmdb data=EMWS8.Neural3_TRAIN 
classout=WORK._DMDBCLASSTARGET(keep=NAME NRAW CRAW LEVEL FREQUENCY NMISSPERCENT);
MPRINT(EM_DIAGRAM):   class DepVar(DESC) ;
MPRINT(EM_DIAGRAM):   run;
Executing  SASHELP.EMCORE.EMINFOITERATOR.SCL _INIT >> 
Executing  SASHELP.EMCORE.EMINFOITERATOR.SCL setMetaData >> 
Executing  SASHELP.EMCORE.EMINFOITERATOR.SCL next >> 
Executing  SASHELP.EMCORE.EMINFOITERATOR.SCL next >> 
Executing  SASHELP.EMCORE.EMINFOITERATOR.SCL setMetaData >> 
Executing  SASHELP.EMCORE.EMINFOITERATOR.SCL next >> 
Executing  SASHELP.EMCORE.EMINFOITERATOR.SCL next >> 
Executing  SASHELP.EMCORE.EMINFOITERATOR.SCL _term >> 
MPRINT(EM_DIAGRAM):    data _null_;
MPRINT(EM_DIAGRAM):   set WORK._DMDBCLASSTARGET;
MPRINT(EM_DIAGRAM):   where ^(NRAW eq . and CRAW eq '') and NAME="DepVar";
MPRINT(EM_DIAGRAM):   if _N_=1 then call symput('_newevent', strip(LEVEL));
MPRINT(EM_DIAGRAM):   run;
MPRINT(EM_DIAGRAM):   proc sort data=WORK._DMDBCLASSTARGET out=_TEMPCLASS(keep=LEVEL FREQUENCY 
NMISSPERCENT rename=(LEVEL=DepVar));
MPRINT(EM_DIAGRAM):   by LEVEL;
MPRINT(EM_DIAGRAM):   where ^(NRAW eq . and CRAW eq '') and NAME="DepVar";
MPRINT(EM_DIAGRAM):   run;
MPRINT(EM_DIAGRAM):   data _TEMPCLASS;
MPRINT(EM_DIAGRAM):   set _TEMPCLASS;
MPRINT(EM_DIAGRAM):   NMISSPERCENT= NMISSPERCENT/100;
MPRINT(EM_DIAGRAM):   run;
MPRINT(EM_DIAGRAM):    proc sort data=EMWS8.Neural3_DepVar_DD out=_sortedDecdata;
MPRINT(EM_DIAGRAM):   by DepVar;
MPRINT(EM_DIAGRAM):   run;
MPRINT(EM_DIAGRAM):   data _null_;
MPRINT(EM_DIAGRAM):   merge _TEMPCLASS(in=_a) _sortedDecdata(in=_b);
MPRINT(EM_DIAGRAM):   by DepVar;
MPRINT(EM_DIAGRAM):   if (_a and ^_b) or (^_a and _b) then call symput('_emresetDec', '1');
MPRINT(EM_DIAGRAM):   run;
1537679    data WORK.Ensmbl32_EVENT(KEEP=VARIABLE LABEL LEVEL EVENT NUMLEVELS ORDER);
MPRINT(EM_DIAGRAM):    data WORK.Ensmbl32_EVENT(KEEP=VARIABLE LABEL LEVEL EVENT NUMLEVELS 
ORDER);
1537680    length ORDER $20;
MPRINT(EM_DIAGRAM):   length ORDER $20;
1537681    label VARIABLE = "%sysfunc(sasmsg(sashelp.dmine, rpt_target_vlabel,  NOQUOTE))"
1537681  ! EVENT = "%sysfunc(sasmsg(sashelp.dmine, assmt_event_vlabel, NOQUOTE))" NUMLEVELS =
1537681  ! "%sysfunc(sasmsg(sashelp.dmine, rpt_numcat_vlabel, NOQUOTE))" LEVEL =
1537682       "%sysfunc(sasmsg(sashelp.dmine, meta_level_vlabel, NOQUOTE))" ORDER =
1537682  ! "%sysfunc(sasmsg(sashelp.dmine, meta_order_vlabel, NOQUOTE))" LABEL =
1537682  ! "%sysfunc(sasmsg(sashelp.dmine, meta_label_vlabel, NOQUOTE))";
MPRINT(EM_DIAGRAM):   label VARIABLE = "Target" EVENT = "Event" NUMLEVELS = "Number of Levels" 
LEVEL = "Measurement Level" ORDER = "Order" LABEL = "Label";
1537683    set EMWS8.NEURAL3_DEPVAR_DM( where=(_TYPE_="TARGET"));
MPRINT(EM_DIAGRAM):   set EMWS8.NEURAL3_DEPVAR_DM( where=(_TYPE_="TARGET"));
1537684    NumLevels=2;
MPRINT(EM_DIAGRAM):   NumLevels=2;
1537685    select(upcase(ORDER));
MPRINT(EM_DIAGRAM):   select(upcase(ORDER));
1537686    when('DESC') ORDER = 'Descending';
MPRINT(EM_DIAGRAM):   when('DESC') ORDER = 'Descending';
1537687    when('ASC') ORDER = 'Ascending';
MPRINT(EM_DIAGRAM):   when('ASC') ORDER = 'Ascending';
1537688    when('FMTDESC') ORDER = 'Formatted Descending';
MPRINT(EM_DIAGRAM):   when('FMTDESC') ORDER = 'Formatted Descending';
1537689    when('FMTASC') ORDER = 'Formatted Ascending';
MPRINT(EM_DIAGRAM):   when('FMTASC') ORDER = 'Formatted Ascending';
1537690    otherwise ORDER = 'Descending';
MPRINT(EM_DIAGRAM):   otherwise ORDER = 'Descending';
1537691    end;
MPRINT(EM_DIAGRAM):   end;
1537692    output;
MPRINT(EM_DIAGRAM):   output;
1537693    run;
MPRINT(EM_DIAGRAM):   run;

NOTE: There were 1 observations read from the data set EMWS8.NEURAL3_DEPVAR_DM.
      WHERE _TYPE_='TARGET';
NOTE: The data set WORK.ENSMBL32_EVENT has 1 observations and 6 variables.
NOTE: DATA statement used (Total process time):
      real time           0.00 seconds
      cpu time            0.01 seconds
      

1537694    title9 ' ';
MPRINT(EM_DIAGRAM):   title9 ' ';
1537695    proc print data=WORK.Ensmbl32_EVENT noobs label;
MPRINT(EM_DIAGRAM):   proc print data=WORK.Ensmbl32_EVENT noobs label;
1537696    var VARIABLE EVENT LEVEL NUMLEVELS ORDER LABEL;
MPRINT(EM_DIAGRAM):   var VARIABLE EVENT LEVEL NUMLEVELS ORDER LABEL;
1537697    title9 ' ';
MPRINT(EM_DIAGRAM):   title9 ' ';
1537698    title10 "%sysfunc(sasmsg(sashelp.dmine, rpt_modelEvent_title  , NOQUOTE))";
MPRINT(EM_DIAGRAM):   title10 "Model Events";
MPRINT(EM_DIAGRAM):   run;
1537699    run;

NOTE: There were 1 observations read from the data set WORK.ENSMBL32_EVENT.
NOTE: The PROCEDURE PRINT printed page 1777.
NOTE: PROCEDURE PRINT used (Total process time):
      real time           0.00 seconds
      cpu time            0.00 seconds
      

1537700    title10;
MPRINT(EM_DIAGRAM):   title10;
"No decisions defined for target "DepVar"." 
1537701    proc print data = EMWS8.Neural3_DepVar_DM noobs label;
MPRINT(EM_DIAGRAM):    proc print data = EMWS8.Neural3_DepVar_DM noobs label;
1537702    var _type_ variable label;
MPRINT(EM_DIAGRAM):   var _type_ variable label;
1537703    where _type_ ^in('MATRIX', 'DECISION', 'TRAINPRIOR', 'DATAPRIOR', 'DECPRIOR');
MPRINT(EM_DIAGRAM):   where _type_ ^in('MATRIX', 'DECISION', 'TRAINPRIOR', 'DATAPRIOR', 
'DECPRIOR');
1537704    label _TYPE_ = "%sysfunc(sasmsg(sashelp.dmine, rpt_type_vlabel,     NOQUOTE))"
1537704  ! VARIABLE = "%sysfunc(sasmsg(sashelp.dmine, rpt_variable_vlabel, NOQUOTE))" LABEL =
1537704  ! "%sysfunc(sasmsg(sashelp.dmine, meta_label_vlabel, NOQUOTE))";
MPRINT(EM_DIAGRAM):   label _TYPE_ = "Type" VARIABLE = "Variable" LABEL = "Label";
1537705    title9 ' ';
MPRINT(EM_DIAGRAM):   title9 ' ';
1537706    title10 "%sysfunc(sasmsg(sashelp.dmine, rpt_predDecVars_title  , NOQUOTE))";
MPRINT(EM_DIAGRAM):   title10 "Predicted and decision variables";
MPRINT(EM_DIAGRAM):   run;
1537707    run;

NOTE: There were 7 observations read from the data set EMWS8.NEURAL3_DEPVAR_DM.
      WHERE _type_ not in ('DATAPRIOR', 'DECISION', 'DECPRIOR', 'MATRIX', 'TRAINPRIOR');
NOTE: The PROCEDURE PRINT printed page 1778.
NOTE: PROCEDURE PRINT used (Total process time):
      real time           0.00 seconds
      cpu time            0.00 seconds
      

1537708    title10;
MPRINT(EM_DIAGRAM):   title10;
1537709    %let groupid =;
1537710    %let endGroupid =;
1537711    data _null_;
MPRINT(EM_DIAGRAM):    data _null_;
1537712    set EMWS8.Neural4_EMINFO;
MPRINT(EM_DIAGRAM):   set EMWS8.Neural4_EMINFO;
1537713    where key in('ENDGROUP', 'GROUPINFO', 'BOOSTINFO', 'BAGINFO', 'TARGETINFO',
1537713  ! 'INDEXINFO');
MPRINT(EM_DIAGRAM):   where key in('ENDGROUP', 'GROUPINFO', 'BOOSTINFO', 'BAGINFO', 
'TARGETINFO', 'INDEXINFO');
1537714    if key = 'ENDGROUP' then call symput('endGroupId', DATA);
MPRINT(EM_DIAGRAM):   if key = 'ENDGROUP' then call symput('endGroupId', DATA);
1537715    else call symput('groupId', DATA);
MPRINT(EM_DIAGRAM):   else call symput('groupId', DATA);
1537716    run;
MPRINT(EM_DIAGRAM):   run;

NOTE: There were 0 observations read from the data set EMWS8.NEURAL4_EMINFO.
      WHERE key in ('BAGINFO', 'BOOSTINFO', 'ENDGROUP', 'GROUPINFO', 'INDEXINFO', 
      'TARGETINFO');
NOTE: DATA statement used (Total process time):
      real time           0.00 seconds
      cpu time            0.00 seconds
      

1537717    %let groupid =;
1537718    %let endGroupid =;
1537719    data _null_;
MPRINT(EM_DIAGRAM):    data _null_;
1537720    set EMWS8.Neural2_EMINFO;
MPRINT(EM_DIAGRAM):   set EMWS8.Neural2_EMINFO;
1537721    where key in('ENDGROUP', 'GROUPINFO', 'BOOSTINFO', 'BAGINFO', 'TARGETINFO',
1537721  ! 'INDEXINFO');
MPRINT(EM_DIAGRAM):   where key in('ENDGROUP', 'GROUPINFO', 'BOOSTINFO', 'BAGINFO', 
'TARGETINFO', 'INDEXINFO');
1537722    if key = 'ENDGROUP' then call symput('endGroupId', DATA);
MPRINT(EM_DIAGRAM):   if key = 'ENDGROUP' then call symput('endGroupId', DATA);
1537723    else call symput('groupId', DATA);
MPRINT(EM_DIAGRAM):   else call symput('groupId', DATA);
1537724    run;
MPRINT(EM_DIAGRAM):   run;

NOTE: There were 0 observations read from the data set EMWS8.NEURAL2_EMINFO.
      WHERE key in ('BAGINFO', 'BOOSTINFO', 'ENDGROUP', 'GROUPINFO', 'INDEXINFO', 
      'TARGETINFO');
NOTE: DATA statement used (Total process time):
      real time           0.00 seconds
      cpu time            0.01 seconds
      

1537725    %let groupid =;
1537726    %let endGroupid =;
1537727    data _null_;
MPRINT(EM_DIAGRAM):    data _null_;
1537728    set EMWS8.Neural3_EMINFO;
MPRINT(EM_DIAGRAM):   set EMWS8.Neural3_EMINFO;
1537729    where key in('ENDGROUP', 'GROUPINFO', 'BOOSTINFO', 'BAGINFO', 'TARGETINFO',
1537729  ! 'INDEXINFO');
MPRINT(EM_DIAGRAM):   where key in('ENDGROUP', 'GROUPINFO', 'BOOSTINFO', 'BAGINFO', 
'TARGETINFO', 'INDEXINFO');
1537730    if key = 'ENDGROUP' then call symput('endGroupId', DATA);
MPRINT(EM_DIAGRAM):   if key = 'ENDGROUP' then call symput('endGroupId', DATA);
1537731    else call symput('groupId', DATA);
MPRINT(EM_DIAGRAM):   else call symput('groupId', DATA);
1537732    run;
MPRINT(EM_DIAGRAM):   run;

NOTE: There were 0 observations read from the data set EMWS8.NEURAL3_EMINFO.
      WHERE key in ('BAGINFO', 'BOOSTINFO', 'ENDGROUP', 'GROUPINFO', 'INDEXINFO', 
      'TARGETINFO');
NOTE: DATA statement used (Total process time):
      real time           0.00 seconds
      cpu time            0.00 seconds
      

1537733    %let groupid =;
1537734    %let endGroupid =;
1537735    data _null_;
MPRINT(EM_DIAGRAM):    data _null_;
1537736    set EMWS8.Neural9_EMINFO;
MPRINT(EM_DIAGRAM):   set EMWS8.Neural9_EMINFO;
1537737    where key in('ENDGROUP', 'GROUPINFO', 'BOOSTINFO', 'BAGINFO', 'TARGETINFO',
1537737  ! 'INDEXINFO');
MPRINT(EM_DIAGRAM):   where key in('ENDGROUP', 'GROUPINFO', 'BOOSTINFO', 'BAGINFO', 
'TARGETINFO', 'INDEXINFO');
1537738    if key = 'ENDGROUP' then call symput('endGroupId', DATA);
MPRINT(EM_DIAGRAM):   if key = 'ENDGROUP' then call symput('endGroupId', DATA);
1537739    else call symput('groupId', DATA);
MPRINT(EM_DIAGRAM):   else call symput('groupId', DATA);
1537740    run;
MPRINT(EM_DIAGRAM):   run;

NOTE: There were 0 observations read from the data set EMWS8.NEURAL9_EMINFO.
      WHERE key in ('BAGINFO', 'BOOSTINFO', 'ENDGROUP', 'GROUPINFO', 'INDEXINFO', 
      'TARGETINFO');
NOTE: DATA statement used (Total process time):
      real time           0.00 seconds
      cpu time            0.00 seconds
      

1537741    %let groupid =;
1537742    %let endGroupid =;
1537743    data _null_;
MPRINT(EM_DIAGRAM):    data _null_;
1537744    set EMWS8.Neural10_EMINFO;
MPRINT(EM_DIAGRAM):   set EMWS8.Neural10_EMINFO;
1537745    where key in('ENDGROUP', 'GROUPINFO', 'BOOSTINFO', 'BAGINFO', 'TARGETINFO',
1537745  ! 'INDEXINFO');
MPRINT(EM_DIAGRAM):   where key in('ENDGROUP', 'GROUPINFO', 'BOOSTINFO', 'BAGINFO', 
'TARGETINFO', 'INDEXINFO');
1537746    if key = 'ENDGROUP' then call symput('endGroupId', DATA);
MPRINT(EM_DIAGRAM):   if key = 'ENDGROUP' then call symput('endGroupId', DATA);
1537747    else call symput('groupId', DATA);
MPRINT(EM_DIAGRAM):   else call symput('groupId', DATA);
1537748    run;
MPRINT(EM_DIAGRAM):   run;

NOTE: There were 0 observations read from the data set EMWS8.NEURAL10_EMINFO.
      WHERE key in ('BAGINFO', 'BOOSTINFO', 'ENDGROUP', 'GROUPINFO', 'INDEXINFO', 
      'TARGETINFO');
NOTE: DATA statement used (Total process time):
      real time           0.00 seconds
      cpu time            0.00 seconds
      

1537749    data WORK.Ensmbl32;
MPRINT(EM_DIAGRAM):    data WORK.Ensmbl32;
1537750    length NodeId $32 Model $64;
MPRINT(EM_DIAGRAM):   length NodeId $32 Model $64;
1537751    label Nodeid = "%sysfunc(sasmsg(sashelp.dmine, rpt_nodeId_vlabel,  NOQUOTE))" Model
1537751  ! = "%sysfunc(sasmsg(sashelp.dmine, rpt_modeltype,      NOQUOTE))";
MPRINT(EM_DIAGRAM):   label Nodeid = "Node Id" Model = "rpt_modeltype";
1537752    nodeid="NEURAL4";
MPRINT(EM_DIAGRAM):   nodeid="NEURAL4";
1537753    model="Neural";
MPRINT(EM_DIAGRAM):   model="Neural";
1537754    output;
MPRINT(EM_DIAGRAM):   output;
1537755    nodeid="NEURAL2";
MPRINT(EM_DIAGRAM):   nodeid="NEURAL2";
1537756    model="Neural";
MPRINT(EM_DIAGRAM):   model="Neural";
1537757    output;
MPRINT(EM_DIAGRAM):   output;
1537758    nodeid="NEURAL3";
MPRINT(EM_DIAGRAM):   nodeid="NEURAL3";
1537759    model="Neural";
MPRINT(EM_DIAGRAM):   model="Neural";
1537760    output;
MPRINT(EM_DIAGRAM):   output;
1537761    nodeid="NEURAL9";
MPRINT(EM_DIAGRAM):   nodeid="NEURAL9";
1537762    model="Neural";
MPRINT(EM_DIAGRAM):   model="Neural";
1537763    output;
MPRINT(EM_DIAGRAM):   output;
1537764    nodeid="NEURAL10";
MPRINT(EM_DIAGRAM):   nodeid="NEURAL10";
1537765    model="Neural";
MPRINT(EM_DIAGRAM):   model="Neural";
1537766    output;
MPRINT(EM_DIAGRAM):   output;
1537767    ;
MPRINT(EM_DIAGRAM):   ;
1537768    run;
MPRINT(EM_DIAGRAM):   run;

NOTE: The data set WORK.ENSMBL32 has 5 observations and 2 variables.
NOTE: DATA statement used (Total process time):
      real time           0.00 seconds
      cpu time            0.01 seconds
      

1537769    title;
MPRINT(EM_DIAGRAM):   title;
1537770    proc print data=WORK.Ensmbl32 label noobs;
MPRINT(EM_DIAGRAM):   proc print data=WORK.Ensmbl32 label noobs;
1537771    title9 "%sysfunc(sasmsg(sashelp.dmine, rpt_combinemodels_title,  NOQUOTE))";
MPRINT(EM_DIAGRAM):   title9 "Imported Models to be Combined";
1537772    title10 "Probability Function: Voting";
MPRINT(EM_DIAGRAM):   title10 "Probability Function: Voting";
MPRINT(EM_DIAGRAM):   run;
1537773    run;

NOTE: There were 5 observations read from the data set WORK.ENSMBL32.
NOTE: The PROCEDURE PRINT printed page 1779.
NOTE: PROCEDURE PRINT used (Total process time):
      real time           0.00 seconds
      cpu time            0.00 seconds
      

1537774    title9;
MPRINT(EM_DIAGRAM):   title9;
1537775    title10;
MPRINT(EM_DIAGRAM):   title10;
1537776    data WORK.M2CS1WZ3;
MPRINT(EM_DIAGRAM):    data WORK.M2CS1WZ3;
1537777    set WORK.M2CS1WZ3;
MPRINT(EM_DIAGRAM):   set WORK.M2CS1WZ3;
1537778    where NAME = "DepVar";
MPRINT(EM_DIAGRAM):   where NAME = "DepVar";
1537779    run;
MPRINT(EM_DIAGRAM):   run;

NOTE: There were 1 observations read from the data set WORK.M2CS1WZ3.
      WHERE NAME='DepVar';
NOTE: The data set WORK.M2CS1WZ3 has 1 observations and 22 variables.
NOTE: DATA statement used (Total process time):
      real time           0.00 seconds
      cpu time            0.00 seconds
      

1537780    *------------------------------------------------------------* ;
MPRINT(EM_DIAGRAM):    *------------------------------------------------------------* ;
1537781    * EM: DMDBClass Macro ;
MPRINT(EM_DIAGRAM):   * EM: DMDBClass Macro ;
1537782    *------------------------------------------------------------* ;
MPRINT(EM_DIAGRAM):   *------------------------------------------------------------* ;
1537783    %macro DMDBClass;
1537784        DepVar(DESC)
1537785    %mend DMDBClass;
1537786    *------------------------------------------------------------* ;
MPRINT(EM_DIAGRAM):   *------------------------------------------------------------* ;
1537787    * EM: DMDBVar Macro ;
MPRINT(EM_DIAGRAM):   * EM: DMDBVar Macro ;
1537788    *------------------------------------------------------------* ;
MPRINT(EM_DIAGRAM):   *------------------------------------------------------------* ;
1537789    %macro DMDBVar;
1537790    
1537791    %mend DMDBVar;
1537792    *------------------------------------------------------------*;
MPRINT(EM_DIAGRAM):   *------------------------------------------------------------*;
1537793    * EM: Create DMDB;
MPRINT(EM_DIAGRAM):   * EM: Create DMDB;
1537794    *------------------------------------------------------------*;
MPRINT(EM_DIAGRAM):   *------------------------------------------------------------*;
1537795    proc dmdb batch data=EMWS8.Neural4_TRAIN
1537796    dmdbcat=WORK.EM_DMDB
1537797    maxlevel = 513
1537798    ;
MPRINT(EM_DIAGRAM):   proc dmdb batch data=EMWS8.Neural4_TRAIN dmdbcat=WORK.EM_DMDB maxlevel = 
513 ;
MPRINT(EM_DIAGRAM):   class
1537799    class %DMDBClass;
MPRINT(DMDBCLASS):   DepVar(DESC)
MPRINT(EM_DIAGRAM):  ;
1537800    target
1537801    DepVar
1537802    ;
MPRINT(EM_DIAGRAM):   target DepVar ;
1537803    run;
MPRINT(EM_DIAGRAM):   run;

NOTE: Records processed = 2374   Memory used = 511K.
NOTE: There were 2374 observations read from the data set EMWS8.PART_TRAIN.
NOTE: View EMWS8.NEURAL4_TRAIN.VIEW used (Total process time):
      real time           0.05 seconds
      cpu time            0.06 seconds
      
NOTE: There were 2374 observations read from the data set EMWS8.META_TRAIN.
NOTE: There were 2374 observations read from the data set EMWS8.NEURAL4_TRAIN.
NOTE: PROCEDURE DMDB used (Total process time):
      real time           0.06 seconds
      cpu time            0.06 seconds
      

MPRINT(EM_DIAGRAM):   quit;
MPRINT(EM_DIAGRAM):   *--- end code ---*;
1537804    quit;
1537805    *--- end code ---*;

MPRINT(EM_DIAGRAM):    proc printto;
MPRINT(EM_DIAGRAM):   run;
