 
                                                                                               
 
 
Fit Statistics

Target=DepVar Target Label=DepVar

   Fit
Statistics    Statistics Label                     Train    Validation

 _ASE_        Average Squared Error                 0.02         0.03 
 _DIV_        Divisor for ASE                    4748.00      2036.00 
 _MAX_        Maximum Absolute Error                0.98         1.00 
 _NOBS_       Sum of Frequencies                 2374.00      1018.00 
 _RASE_       Root Average Squared Error            0.15         0.18 
 _SSE_        Sum of Squared Errors               111.16        66.96 
 _DISF_       Frequency of Classified Cases      2374.00      1018.00 
 _MISC_       Misclassification Rate                0.03         0.05 
 _WRONG_      Number of Wrong Classifications      74.00        46.00 
 
                                                                                               
 
 
Classification Table

Data Role=TRAIN Target Variable=DepVar Target Label=DepVar

                       Target        Outcome     Frequency       Total
Target    Outcome    Percentage    Percentage      Count      Percentage

  0          0         97.9259       98.4119        1983        83.5299 
  1          0          2.0741       11.6992          42         1.7692 
  0          1          9.1691        1.5881          32         1.3479 
  1          1         90.8309       88.3008         317        13.3530 


Data Role=VALIDATE Target Variable=DepVar Target Label=DepVar

                       Target        Outcome     Frequency       Total
Target    Outcome    Percentage    Percentage      Count      Percentage

  0          0         97.1165       97.5666        842         82.7112 
  1          0          2.8835       16.1290         25          2.4558 
  0          1         13.9073        2.4334         21          2.0629 
  1          1         86.0927       83.8710        130         12.7701 
 
                                                                                               
 
 
Event Classification Table

Data Role=TRAIN Target=DepVar Target Label=DepVar

  False       True        False       True
Negative    Negative    Positive    Positive

   42         1983         32          317  


Data Role=VALIDATE Target=DepVar Target Label=DepVar

  False       True        False       True
Negative    Negative    Positive    Positive

   25          842         21          130  
 
                                                                                               
 
 
Assessment Score Rankings

Data Role=TRAIN Target Variable=DepVar Target Label=DepVar

                                                                                    Mean
                            Cumulative       %      Cumulative     Number of     Posterior
Depth      Gain     Lift       Lift      Response   % Response   Observations   Probability

   5    561.281   6.61281     6.61281     100.000     100.000         119         0.99335  
  10    558.503   6.55724     6.58503      99.160      99.580         119         0.91605  
  15    498.302   4.77901     5.98302      72.269      90.476         119         0.69812  
  20    381.691   1.28894     4.81691      19.492      72.842         118         0.26185  
  25    294.097   0.44456     3.94097       6.723      59.596         119         0.10509  
  30    231.104   0.16671     3.31104       2.521      50.070         119         0.04345  
  35    185.680   0.11208     2.85680       1.695      43.201         118         0.02202  
  40    149.895   0.00000     2.49895       0.000      37.789         119         0.01248  
  45    122.077   0.00000     2.22077       0.000      33.583         119         0.00665  
  50    100.000   0.00000     2.00000       0.000      30.244         118         0.00362  
  55     81.776   0.00000     1.81776       0.000      27.489         119         0.00189  
  60     66.596   0.00000     1.66596       0.000      25.193         119         0.00100  
  65     53.756   0.00000     1.53756       0.000      23.251         119         0.00062  
  70     42.840   0.00000     1.42840       0.000      21.600         118         0.00044  
  75     33.296   0.00000     1.33296       0.000      20.157         119         0.00034  
  80     24.947   0.00000     1.24947       0.000      18.895         119         0.00028  
  85     17.641   0.00000     1.17641       0.000      17.790         118         0.00023  
  90     11.090   0.00000     1.11090       0.000      16.799         119         0.00019  
  95      5.230   0.00000     1.05230       0.000      15.913         119         0.00016  
 100      0.000   0.00000     1.00000       0.000      15.122         118         0.00015  


Data Role=VALIDATE Target Variable=DepVar Target Label=DepVar

                                                                                    Mean
                            Cumulative       %      Cumulative     Number of     Posterior
Depth      Gain     Lift       Lift      Response   % Response   Observations   Probability

   5    556.774   6.56774     6.56774     100.000     100.000         51          0.99424  
  10    531.018   6.05262     6.31018      92.157      96.078         51          0.91130  
  15    466.629   4.37849     5.66629      66.667      86.275         51          0.70357  
  20    373.264   1.93169     4.73264      29.412      72.059         51          0.26594  
  25    288.913   0.51512     3.88913       7.843      59.216         51          0.13364  
  30    226.241   0.12878     3.26241       1.961      49.673         51          0.05538  
  35    183.314   0.25756     2.83314       3.922      43.137         51          0.02605  
  40    147.900   0.00000     2.47900       0.000      37.745         51          0.01427  
  45    120.356   0.00000     2.20356       0.000      33.551         51          0.00745  
  50    100.000   0.13135     2.00000       2.000      30.452         50          0.00414  
  55     81.786   0.00000     1.81786       0.000      27.679         51          0.00223  
  60     66.612   0.00000     1.66612       0.000      25.368         51          0.00123  
  65     53.776   0.00000     1.53776       0.000      23.414         51          0.00063  
  70     42.777   0.00000     1.42777       0.000      21.739         51          0.00045  
  75     33.246   0.00000     1.33246       0.000      20.288         51          0.00036  
  80     24.908   0.00000     1.24908       0.000      19.018         51          0.00030  
  85     17.552   0.00000     1.17552       0.000      17.898         51          0.00025  
  90     11.014   0.00000     1.11014       0.000      16.903         51          0.00020  
  95      5.165   0.00000     1.05165       0.000      16.012         51          0.00016  
 100      0.000   0.00000     1.00000       0.000      15.226         50          0.00015  
 
                                                                                               
 
 
Assessment Score Distribution

Data Role=TRAIN Target Variable=DepVar Target Label=DepVar

 Posterior     Number                     Mean
Probability      of      Number of     Posterior
   Range       Events    Nonevents    Probability    Percentage

 0.95-1.00       145           0        0.98811         6.1078 
 0.90-0.95        52           1        0.92792         2.2325 
 0.85-0.90        34           0        0.87423         1.4322 
 0.80-0.85        23           1        0.82422         1.0110 
 0.75-0.80        20           7        0.77456         1.1373 
 0.70-0.75        13           8        0.72578         0.8846 
 0.65-0.70        17           4        0.67474         0.8846 
 0.60-0.65         8           8        0.62404         0.6740 
 0.55-0.60         2           3        0.57415         0.2106 
 0.50-0.55         3           0        0.52288         0.1264 
 0.45-0.50         3           1        0.45871         0.1685 
 0.40-0.45         5           2        0.42580         0.2949 
 0.35-0.40         4           8        0.37138         0.5055 
 0.30-0.35         7          18        0.32254         1.0531 
 0.25-0.30         5          13        0.27183         0.7582 
 0.20-0.25         3          30        0.22486         1.3901 
 0.15-0.20         4          30        0.17457         1.4322 
 0.10-0.15         5          55        0.12065         2.5274 
 0.05-0.10         1          86        0.07058         3.6647 
 0.00-0.05         5        1740        0.00523        73.5046 


Data Role=VALIDATE Target Variable=DepVar Target Label=DepVar

 Posterior     Number                     Mean
Probability      of      Number of     Posterior
   Range       Events    Nonevents    Probability    Percentage

 0.95-1.00       57           0         0.99082         5.5992 
 0.90-0.95       23           3         0.92683         2.5540 
 0.85-0.90       16           1         0.87791         1.6699 
 0.80-0.85        6           2         0.82773         0.7859 
 0.75-0.80       10           4         0.78116         1.3752 
 0.70-0.75        6           1         0.73748         0.6876 
 0.65-0.70        7           5         0.67051         1.1788 
 0.60-0.65        1           2         0.62920         0.2947 
 0.55-0.60        3           3         0.57551         0.5894 
 0.50-0.55        1           0         0.53349         0.0982 
 0.45-0.50        2           0         0.46245         0.1965 
 0.40-0.45        1           2         0.43110         0.2947 
 0.30-0.35        4           3         0.32246         0.6876 
 0.25-0.30        6          12         0.27230         1.7682 
 0.20-0.25        4          23         0.21975         2.6523 
 0.15-0.20        2          12         0.17871         1.3752 
 0.10-0.15        0          15         0.12359         1.4735 
 0.05-0.10        2          44         0.07574         4.5187 
 0.00-0.05        4         731         0.00534        72.2004 
