MPRINT(EM_DIAGRAM):    data _null_;
MPRINT(EM_DIAGRAM):   call symput('NLDATE', strip(put(date(), NLDATE.)));
MPRINT(EM_DIAGRAM):   call symput('NLTIME', strip(put(datetime(), NLTIME.)));
MPRINT(EM_DIAGRAM):   run;
MPRINT(EM_DIAGRAM):   data _null_;
MPRINT(EM_DIAGRAM):   nldate= sasmsg("sashelp.dmine", "log_date_note", 'N', "19. April 2016" );
MPRINT(EM_DIAGRAM):   nltime= sasmsg("sashelp.dmine", "log_time_note", 'N', "17.32 Uhr" );
MPRINT(EM_DIAGRAM):   put "*------------------------------------------------------------*";
MPRINT(EM_DIAGRAM):   put "* Training Log";
MPRINT(EM_DIAGRAM):   put nldate;
MPRINT(EM_DIAGRAM):   put nltime;
MPRINT(EM_DIAGRAM):   put "*------------------------------------------------------------*";
MPRINT(EM_DIAGRAM):   run;
*------------------------------------------------------------*
* Training Log
Date:                19. April 2016
Time:                17.32 Uhr
*------------------------------------------------------------*
MPRINT(EM_DIAGRAM):    filename O3OE512E 
"C:\\predictive-models-project\Workspaces\EMWS8\Ensmbl15\EMTRAIN.out" encoding="UTF-8" NOBOM;
MPRINT(EM_DIAGRAM):   proc printto print=O3OE512E new;
MPRINT(EM_DIAGRAM):   run;
MPRINT(EM_DIAGRAM):    filename _LOG 
"C:\\predictive-models-project\Workspaces\EMWS8\Ensmbl15\EMLOG.log" encoding="UTF-8" NOBOM;
MPRINT(EM_DIAGRAM):    data _null_;
MPRINT(EM_DIAGRAM):   call symput('NLDATE', strip(put(date(), NLDATE.)));
MPRINT(EM_DIAGRAM):   call symput('NLTIME', strip(put(datetime(), NLTIME.)));
MPRINT(EM_DIAGRAM):   run;
MPRINT(EM_DIAGRAM):   data _null_;
MPRINT(EM_DIAGRAM):   nldate= sasmsg("sashelp.dmine", "log_date_note", 'N', "19. April 2016" );
MPRINT(EM_DIAGRAM):   nltime= sasmsg("sashelp.dmine", "log_time_note", 'N', "17.32 Uhr" );
MPRINT(EM_DIAGRAM):   file _LOG;
MPRINT(EM_DIAGRAM):   put "*------------------------------------------------------------*";
MPRINT(EM_DIAGRAM):   put "User:                Lukas Fahr";
MPRINT(EM_DIAGRAM):   put nldate;
MPRINT(EM_DIAGRAM):   put nltime;
MPRINT(EM_DIAGRAM):   put "Site:                70107571";
MPRINT(EM_DIAGRAM):   put "Platform:            X64_7PRO";
MPRINT(EM_DIAGRAM):   put "Maintenance Release: 9.03.01M2P081512";
MPRINT(EM_DIAGRAM):   put "EM Version:          12.1";
MPRINT(EM_DIAGRAM):   put "* ";
MPRINT(EM_DIAGRAM):   run;
MPRINT(EM_DIAGRAM):    filename _LOGIN 
"C:\\predictive-models-project\Workspaces\EMWS8\Ensmbl15\EMTRAIN.log" encoding="UTF-8" NOBOM;
MPRINT(EM_COPYFILE):   data _null_;
MPRINT(EM_COPYFILE):   length line $20000;
MPRINT(EM_COPYFILE):   file _LOG MOD lrecl=20000;
MPRINT(EM_COPYFILE):   fid=fopen("_LOGIN",'i',20000,'v');
MPRINT(EM_COPYFILE):   if fid > 0 then do;
MPRINT(EM_COPYFILE):   do while(^fread(fid));
MPRINT(EM_COPYFILE):   rlen = frlen(fid);
MPRINT(EM_COPYFILE):   rc= fget(fid,line,20000);
MPRINT(EM_COPYFILE):   start = length(line)-length(left(line))+1;
MPRINT(EM_COPYFILE):   line=strip(line);
MPRINT(EM_COPYFILE):   put @start line;
MPRINT(EM_COPYFILE):   end;
MPRINT(EM_COPYFILE):   if fid > 0 then rc=fclose(fid);
MPRINT(EM_COPYFILE):   end;
MPRINT(EM_COPYFILE):   run;
MPRINT(EM_DIAGRAM):  ;
MPRINT(EM_DIAGRAM):   filename _LOGIN;
MPRINT(EM_DIAGRAM):    data _null_;
MPRINT(EM_DIAGRAM):   file _LOG mod;
MPRINT(EM_DIAGRAM):   put _page_;
MPRINT(EM_DIAGRAM):   run;
MPRINT(EM_DIAGRAM):   filename _LOGIN 
"C:\\predictive-models-project\Workspaces\EMWS8\Ensmbl15\EMSCORE.log" encoding="UTF-8" NOBOM;
MPRINT(EM_DIAGRAM):  ;
MPRINT(EM_DIAGRAM):   data _null_;
MPRINT(EM_DIAGRAM):   file _LOG mod;
MPRINT(EM_DIAGRAM):   put _page_;
MPRINT(EM_DIAGRAM):   run;
MPRINT(EM_DIAGRAM):    filename _LOGIN 
"C:\\predictive-models-project\Workspaces\EMWS8\Ensmbl15\EMREPORT.log" encoding="UTF-8" NOBOM;
MPRINT(EM_DIAGRAM):  ;
MPRINT(EM_DIAGRAM):   filename _LOGIN;
MPRINT(EM_DIAGRAM):    filename _LOG;
MPRINT(EM_DIAGRAM):    filename _OUT 
"C:\\predictive-models-project\Workspaces\EMWS8\Ensmbl15\EMOUTPUT.out" encoding="UTF-8" NOBOM;
MPRINT(EM_DIAGRAM):    data _null_;
MPRINT(EM_DIAGRAM):   call symput('NLDATE', strip(put(date(), NLDATE.)));
MPRINT(EM_DIAGRAM):   call symput('NLTIME', strip(put(datetime(), NLTIME.)));
MPRINT(EM_DIAGRAM):   run;
MPRINT(EM_DIAGRAM):   data _null_;
MPRINT(EM_DIAGRAM):   nldate= sasmsg("sashelp.dmine", "log_date_note", 'N', "19. April 2016" );
MPRINT(EM_DIAGRAM):   nltime= sasmsg("sashelp.dmine", "log_time_note", 'N', "17.32 Uhr" );
MPRINT(EM_DIAGRAM):   file _OUT;
MPRINT(EM_DIAGRAM):   put "*------------------------------------------------------------*";
MPRINT(EM_DIAGRAM):   put "User:                Lukas Fahr";
MPRINT(EM_DIAGRAM):   put nldate;
MPRINT(EM_DIAGRAM):   put nltime;
MPRINT(EM_DIAGRAM):   put "*------------------------------------------------------------*";
MPRINT(EM_DIAGRAM):   put "* Training Output";
MPRINT(EM_DIAGRAM):   put "*------------------------------------------------------------*";
MPRINT(EM_DIAGRAM):   run;
MPRINT(EM_DIAGRAM):    filename _OUTIN 
"C:\\predictive-models-project\Workspaces\EMWS8\Ensmbl15\EMTRAIN.out" encoding="UTF-8" NOBOM;
MPRINT(EM_DIAGRAM):   ;
MPRINT(EM_COPYFILE):   data _null_;
MPRINT(EM_COPYFILE):   length line $20000;
MPRINT(EM_COPYFILE):   file _OUT MOD lrecl=20000;
MPRINT(EM_COPYFILE):   fid=fopen("_OUTIN",'i',20000,'v');
MPRINT(EM_COPYFILE):   if fid > 0 then do;
MPRINT(EM_COPYFILE):   do while(^fread(fid));
MPRINT(EM_COPYFILE):   rlen = frlen(fid);
MPRINT(EM_COPYFILE):   rc= fget(fid,line,20000);
MPRINT(EM_COPYFILE):   start = length(line)-length(left(line))+1;
MPRINT(EM_COPYFILE):   line=strip(line);
MPRINT(EM_COPYFILE):   put @start line;
MPRINT(EM_COPYFILE):   end;
MPRINT(EM_COPYFILE):   if fid > 0 then rc=fclose(fid);
MPRINT(EM_COPYFILE):   end;
MPRINT(EM_COPYFILE):   run;
MPRINT(EM_DIAGRAM):  ;
MPRINT(EM_DIAGRAM):   filename _OUTIN;
MPRINT(EM_DIAGRAM):    data _null_;
MPRINT(EM_DIAGRAM):   file _OUT mod;
MPRINT(EM_DIAGRAM):   put _page_;
MPRINT(EM_DIAGRAM):   put // "*------------------------------------------------------------*";
MPRINT(EM_DIAGRAM):   put "* Score Output";
MPRINT(EM_DIAGRAM):   put "*------------------------------------------------------------*";
MPRINT(EM_DIAGRAM):   run;
MPRINT(EM_DIAGRAM):    filename _OUTIN 
"C:\\predictive-models-project\Workspaces\EMWS8\Ensmbl15\EMSCORE.out" encoding="UTF-8" NOBOM;
MPRINT(EM_DIAGRAM):  ;
MPRINT(EM_DIAGRAM):   filename _OUTIN;
MPRINT(EM_DIAGRAM):    data _null_;
MPRINT(EM_DIAGRAM):   file _OUT mod;
MPRINT(EM_DIAGRAM):   put _page_;
MPRINT(EM_DIAGRAM):   put // "*------------------------------------------------------------*";
MPRINT(EM_DIAGRAM):   put "* Report Output";
MPRINT(EM_DIAGRAM):   put "*------------------------------------------------------------*";
MPRINT(EM_DIAGRAM):   run;
MPRINT(EM_DIAGRAM):    filename _OUTIN 
"C:\\predictive-models-project\Workspaces\EMWS8\Ensmbl15\EMREPORT.out" encoding="UTF-8" NOBOM;
MPRINT(EM_DIAGRAM):  ;
MPRINT(EM_DIAGRAM):   filename _OUTIN;
MPRINT(EM_DIAGRAM):    filename _OUT;
MPRINT(EM_DIAGRAM):    filename _emtool_ 
'C:\\predictive-models-project\Workspaces\EMWS8\Ensmbl15\EMRUNSTATUS.xml' encoding="UTF-8" 
NOBOM;
(FREQ=(WHERE='ROLE = "FREQ"' DEFAULT='Y' RULE=(RULE1=(DESCRIPTION='USEATMOST1FREQ' 
VALUES=(VALUE1='Y' )[222937] MAX=1 EXCEEDMAXVALUE='' )[222941] )[222935] 
VALIDCHOICES=(CHOICE1='Y' )[222939] )[223223] INPUTREJECT=(WHERE='ROLE in("INPUT", 
"REJECTED")' DEFAULT='D' VALIDCHOICES=(CHOICE1='D' )[222945] 
RULE=(RULE1=(DESCRIPTION='USEATLEAST1INPUTREJECT' WHERE='(ROLE = "INPUT" and USE in("Y" "D")) 
or (ROLE = "REJECTED" and USE = "Y")' MIN=. )[222949] )[222947] )[222943] TARGET=(WHERE='ROLE 
= "TARGET"' DEFAULT='Y' VALIDCHOICES=(CHOICE1='Y' CHOICE2='N' )[222953] 
RULE=(RULE1=(DESCRIPTION='METADATA.USE1TARGET' VALUES=(VALUE1='Y' )[222959] MIN=1 MAX=1 
EXCEEDMAXVALUE='N' )[222957] )[222955] )[222951] )[222933] 
1560180    proc freq data=EMWS8.Ensmbl15_VariableSet noprint;
MPRINT(EM_DIAGRAM):    proc freq data=EMWS8.Ensmbl15_VariableSet noprint;
1560181    table ROLE*LEVEL/out=WORK.Ensmbl15META;
MPRINT(EM_DIAGRAM):   table ROLE*LEVEL/out=WORK.Ensmbl15META;
1560182    run;
MPRINT(EM_DIAGRAM):   run;

NOTE: There were 19 observations read from the data set EMWS8.ENSMBL15_VARIABLESET.
NOTE: The data set WORK.ENSMBL15META has 2 observations and 4 variables.
NOTE: PROCEDURE FREQ used (Total process time):
      real time           0.00 seconds
      cpu time            0.00 seconds
      

1560183    proc print data=WORK.Ensmbl15META label noobs;
MPRINT(EM_DIAGRAM):   proc print data=WORK.Ensmbl15META label noobs;
1560184    var ROLE LEVEL COUNT;
MPRINT(EM_DIAGRAM):   var ROLE LEVEL COUNT;
1560185    label ROLE = "%sysfunc(sasmsg(sashelp.dmine, meta_role_vlabel, NOQUOTE))" LEVEL =
1560185  ! "%sysfunc(sasmsg(sashelp.dmine, meta_level_vlabel, NOQUOTE))" COUNT =
1560185  ! "%sysfunc(sasmsg(sashelp.dmine, rpt_count_vlabel, NOQUOTE))";
MPRINT(EM_DIAGRAM):   label ROLE = "Role" LEVEL = "Measurement Level" COUNT = "Frequency 
Count";
1560186    title9 ' ';
MPRINT(EM_DIAGRAM):   title9 ' ';
1560187    title10 "%sysfunc(sasmsg(sashelp.dmine, rpt_varSummary_title  , NOQUOTE))";
MPRINT(EM_DIAGRAM):   title10 "Variable Summary";
MPRINT(EM_DIAGRAM):   run;
1560188    run;

NOTE: There were 2 observations read from the data set WORK.ENSMBL15META.
NOTE: The PROCEDURE PRINT printed page 1067.
NOTE: PROCEDURE PRINT used (Total process time):
      real time           0.01 seconds
      cpu time            0.01 seconds
      

1560189    title10;
MPRINT(EM_DIAGRAM):   title10;
1560190    %let EMNORLEN = %DMNORLEN;
MPRINT(EM_DIAGRAM):   
EMWS8.Neural16_TRAIN EMWS8.Neural16_TRAIN 
EMWS8.Neural16_TRAIN EMWS8.Neural16_TRAIN EMWS8 Neural16_TRAIN 
EMWS8.Neural16_TRAIN EMWS8.Neural16_TRAIN 
EMWS8.Neural16_TRAIN EMWS8.Neural16_TRAIN EMWS8 Neural16_TRAIN 
MPRINT(EM_DIAGRAM):    proc dmdb data=EMWS8.Neural16_TRAIN 
classout=WORK._DMDBCLASSTARGET(keep=NAME NRAW CRAW LEVEL FREQUENCY NMISSPERCENT);
MPRINT(EM_DIAGRAM):   class DepVar(DESC) ;
MPRINT(EM_DIAGRAM):   run;
Executing  SASHELP.EMCORE.EMINFOITERATOR.SCL _INIT >> 
Executing  SASHELP.EMCORE.EMINFOITERATOR.SCL setMetaData >> 
Executing  SASHELP.EMCORE.EMINFOITERATOR.SCL next >> 
Executing  SASHELP.EMCORE.EMINFOITERATOR.SCL next >> 
Executing  SASHELP.EMCORE.EMINFOITERATOR.SCL setMetaData >> 
Executing  SASHELP.EMCORE.EMINFOITERATOR.SCL next >> 
Executing  SASHELP.EMCORE.EMINFOITERATOR.SCL next >> 
Executing  SASHELP.EMCORE.EMINFOITERATOR.SCL _term >> 
MPRINT(EM_DIAGRAM):    data _null_;
MPRINT(EM_DIAGRAM):   set WORK._DMDBCLASSTARGET;
MPRINT(EM_DIAGRAM):   where ^(NRAW eq . and CRAW eq '') and NAME="DepVar";
MPRINT(EM_DIAGRAM):   if _N_=1 then call symput('_newevent', strip(LEVEL));
MPRINT(EM_DIAGRAM):   run;
MPRINT(EM_DIAGRAM):   proc sort data=WORK._DMDBCLASSTARGET out=_TEMPCLASS(keep=LEVEL FREQUENCY 
NMISSPERCENT rename=(LEVEL=DepVar));
MPRINT(EM_DIAGRAM):   by LEVEL;
MPRINT(EM_DIAGRAM):   where ^(NRAW eq . and CRAW eq '') and NAME="DepVar";
MPRINT(EM_DIAGRAM):   run;
MPRINT(EM_DIAGRAM):   data _TEMPCLASS;
MPRINT(EM_DIAGRAM):   set _TEMPCLASS;
MPRINT(EM_DIAGRAM):   NMISSPERCENT= NMISSPERCENT/100;
MPRINT(EM_DIAGRAM):   run;
MPRINT(EM_DIAGRAM):    proc sort data=EMWS8.Neural16_DepVar_DD out=_sortedDecdata;
MPRINT(EM_DIAGRAM):   by DepVar;
MPRINT(EM_DIAGRAM):   run;
MPRINT(EM_DIAGRAM):   data _null_;
MPRINT(EM_DIAGRAM):   merge _TEMPCLASS(in=_a) _sortedDecdata(in=_b);
MPRINT(EM_DIAGRAM):   by DepVar;
MPRINT(EM_DIAGRAM):   if (_a and ^_b) or (^_a and _b) then call symput('_emresetDec', '1');
MPRINT(EM_DIAGRAM):   run;
1560219    data WORK.Ensmbl15_EVENT(KEEP=VARIABLE LABEL LEVEL EVENT NUMLEVELS ORDER);
MPRINT(EM_DIAGRAM):    data WORK.Ensmbl15_EVENT(KEEP=VARIABLE LABEL LEVEL EVENT NUMLEVELS 
ORDER);
1560220    length ORDER $20;
MPRINT(EM_DIAGRAM):   length ORDER $20;
1560221    label VARIABLE = "%sysfunc(sasmsg(sashelp.dmine, rpt_target_vlabel,  NOQUOTE))"
1560221  ! EVENT = "%sysfunc(sasmsg(sashelp.dmine, assmt_event_vlabel, NOQUOTE))" NUMLEVELS =
1560221  ! "%sysfunc(sasmsg(sashelp.dmine, rpt_numcat_vlabel, NOQUOTE))" LEVEL =
1560222       "%sysfunc(sasmsg(sashelp.dmine, meta_level_vlabel, NOQUOTE))" ORDER =
1560222  ! "%sysfunc(sasmsg(sashelp.dmine, meta_order_vlabel, NOQUOTE))" LABEL =
1560222  ! "%sysfunc(sasmsg(sashelp.dmine, meta_label_vlabel, NOQUOTE))";
MPRINT(EM_DIAGRAM):   label VARIABLE = "Target" EVENT = "Event" NUMLEVELS = "Number of Levels" 
LEVEL = "Measurement Level" ORDER = "Order" LABEL = "Label";
1560223    set EMWS8.NEURAL16_DEPVAR_DM( where=(_TYPE_="TARGET"));
MPRINT(EM_DIAGRAM):   set EMWS8.NEURAL16_DEPVAR_DM( where=(_TYPE_="TARGET"));
1560224    NumLevels=2;
MPRINT(EM_DIAGRAM):   NumLevels=2;
1560225    select(upcase(ORDER));
MPRINT(EM_DIAGRAM):   select(upcase(ORDER));
1560226    when('DESC') ORDER = 'Descending';
MPRINT(EM_DIAGRAM):   when('DESC') ORDER = 'Descending';
1560227    when('ASC') ORDER = 'Ascending';
MPRINT(EM_DIAGRAM):   when('ASC') ORDER = 'Ascending';
1560228    when('FMTDESC') ORDER = 'Formatted Descending';
MPRINT(EM_DIAGRAM):   when('FMTDESC') ORDER = 'Formatted Descending';
1560229    when('FMTASC') ORDER = 'Formatted Ascending';
MPRINT(EM_DIAGRAM):   when('FMTASC') ORDER = 'Formatted Ascending';
1560230    otherwise ORDER = 'Descending';
MPRINT(EM_DIAGRAM):   otherwise ORDER = 'Descending';
1560231    end;
MPRINT(EM_DIAGRAM):   end;
1560232    output;
MPRINT(EM_DIAGRAM):   output;
1560233    run;
MPRINT(EM_DIAGRAM):   run;

NOTE: There were 1 observations read from the data set EMWS8.NEURAL16_DEPVAR_DM.
      WHERE _TYPE_='TARGET';
NOTE: The data set WORK.ENSMBL15_EVENT has 1 observations and 6 variables.
NOTE: DATA statement used (Total process time):
      real time           0.01 seconds
      cpu time            0.01 seconds
      

1560234    title9 ' ';
MPRINT(EM_DIAGRAM):   title9 ' ';
1560235    proc print data=WORK.Ensmbl15_EVENT noobs label;
MPRINT(EM_DIAGRAM):   proc print data=WORK.Ensmbl15_EVENT noobs label;
1560236    var VARIABLE EVENT LEVEL NUMLEVELS ORDER LABEL;
MPRINT(EM_DIAGRAM):   var VARIABLE EVENT LEVEL NUMLEVELS ORDER LABEL;
1560237    title9 ' ';
MPRINT(EM_DIAGRAM):   title9 ' ';
1560238    title10 "%sysfunc(sasmsg(sashelp.dmine, rpt_modelEvent_title  , NOQUOTE))";
MPRINT(EM_DIAGRAM):   title10 "Model Events";
MPRINT(EM_DIAGRAM):   run;
1560239    run;

NOTE: There were 1 observations read from the data set WORK.ENSMBL15_EVENT.
NOTE: The PROCEDURE PRINT printed page 1068.
NOTE: PROCEDURE PRINT used (Total process time):
      real time           0.00 seconds
      cpu time            0.00 seconds
      

1560240    title10;
MPRINT(EM_DIAGRAM):   title10;
"No decisions defined for target "DepVar"." 
1560241    proc print data = EMWS8.Neural16_DepVar_DM noobs label;
MPRINT(EM_DIAGRAM):    proc print data = EMWS8.Neural16_DepVar_DM noobs label;
1560242    var _type_ variable label;
MPRINT(EM_DIAGRAM):   var _type_ variable label;
1560243    where _type_ ^in('MATRIX', 'DECISION', 'TRAINPRIOR', 'DATAPRIOR', 'DECPRIOR');
MPRINT(EM_DIAGRAM):   where _type_ ^in('MATRIX', 'DECISION', 'TRAINPRIOR', 'DATAPRIOR', 
'DECPRIOR');
1560244    label _TYPE_ = "%sysfunc(sasmsg(sashelp.dmine, rpt_type_vlabel,     NOQUOTE))"
1560244  ! VARIABLE = "%sysfunc(sasmsg(sashelp.dmine, rpt_variable_vlabel, NOQUOTE))" LABEL =
1560244  ! "%sysfunc(sasmsg(sashelp.dmine, meta_label_vlabel, NOQUOTE))";
MPRINT(EM_DIAGRAM):   label _TYPE_ = "Type" VARIABLE = "Variable" LABEL = "Label";
1560245    title9 ' ';
MPRINT(EM_DIAGRAM):   title9 ' ';
1560246    title10 "%sysfunc(sasmsg(sashelp.dmine, rpt_predDecVars_title  , NOQUOTE))";
MPRINT(EM_DIAGRAM):   title10 "Predicted and decision variables";
MPRINT(EM_DIAGRAM):   run;
1560247    run;

NOTE: There were 7 observations read from the data set EMWS8.NEURAL16_DEPVAR_DM.
      WHERE _type_ not in ('DATAPRIOR', 'DECISION', 'DECPRIOR', 'MATRIX', 'TRAINPRIOR');
NOTE: The PROCEDURE PRINT printed page 1069.
NOTE: PROCEDURE PRINT used (Total process time):
      real time           0.00 seconds
      cpu time            0.00 seconds
      

1560248    title10;
MPRINT(EM_DIAGRAM):   title10;
1560249    %let groupid =;
1560250    %let endGroupid =;
1560251    data _null_;
MPRINT(EM_DIAGRAM):    data _null_;
1560252    set EMWS8.Neural13_EMINFO;
MPRINT(EM_DIAGRAM):   set EMWS8.Neural13_EMINFO;
1560253    where key in('ENDGROUP', 'GROUPINFO', 'BOOSTINFO', 'BAGINFO', 'TARGETINFO',
1560253  ! 'INDEXINFO');
MPRINT(EM_DIAGRAM):   where key in('ENDGROUP', 'GROUPINFO', 'BOOSTINFO', 'BAGINFO', 
'TARGETINFO', 'INDEXINFO');
1560254    if key = 'ENDGROUP' then call symput('endGroupId', DATA);
MPRINT(EM_DIAGRAM):   if key = 'ENDGROUP' then call symput('endGroupId', DATA);
1560255    else call symput('groupId', DATA);
MPRINT(EM_DIAGRAM):   else call symput('groupId', DATA);
1560256    run;
MPRINT(EM_DIAGRAM):   run;

NOTE: There were 0 observations read from the data set EMWS8.NEURAL13_EMINFO.
      WHERE key in ('BAGINFO', 'BOOSTINFO', 'ENDGROUP', 'GROUPINFO', 'INDEXINFO', 
      'TARGETINFO');
NOTE: DATA statement used (Total process time):
      real time           0.00 seconds
      cpu time            0.00 seconds
      

1560257    %let groupid =;
1560258    %let endGroupid =;
1560259    data _null_;
MPRINT(EM_DIAGRAM):    data _null_;
1560260    set EMWS8.Neural14_EMINFO;
MPRINT(EM_DIAGRAM):   set EMWS8.Neural14_EMINFO;
1560261    where key in('ENDGROUP', 'GROUPINFO', 'BOOSTINFO', 'BAGINFO', 'TARGETINFO',
1560261  ! 'INDEXINFO');
MPRINT(EM_DIAGRAM):   where key in('ENDGROUP', 'GROUPINFO', 'BOOSTINFO', 'BAGINFO', 
'TARGETINFO', 'INDEXINFO');
1560262    if key = 'ENDGROUP' then call symput('endGroupId', DATA);
MPRINT(EM_DIAGRAM):   if key = 'ENDGROUP' then call symput('endGroupId', DATA);
1560263    else call symput('groupId', DATA);
MPRINT(EM_DIAGRAM):   else call symput('groupId', DATA);
1560264    run;
MPRINT(EM_DIAGRAM):   run;

NOTE: There were 0 observations read from the data set EMWS8.NEURAL14_EMINFO.
      WHERE key in ('BAGINFO', 'BOOSTINFO', 'ENDGROUP', 'GROUPINFO', 'INDEXINFO', 
      'TARGETINFO');
NOTE: DATA statement used (Total process time):
      real time           0.00 seconds
      cpu time            0.00 seconds
      

1560265    %let groupid =;
1560266    %let endGroupid =;
1560267    data _null_;
MPRINT(EM_DIAGRAM):    data _null_;
1560268    set EMWS8.Neural15_EMINFO;
MPRINT(EM_DIAGRAM):   set EMWS8.Neural15_EMINFO;
1560269    where key in('ENDGROUP', 'GROUPINFO', 'BOOSTINFO', 'BAGINFO', 'TARGETINFO',
1560269  ! 'INDEXINFO');
MPRINT(EM_DIAGRAM):   where key in('ENDGROUP', 'GROUPINFO', 'BOOSTINFO', 'BAGINFO', 
'TARGETINFO', 'INDEXINFO');
1560270    if key = 'ENDGROUP' then call symput('endGroupId', DATA);
MPRINT(EM_DIAGRAM):   if key = 'ENDGROUP' then call symput('endGroupId', DATA);
1560271    else call symput('groupId', DATA);
MPRINT(EM_DIAGRAM):   else call symput('groupId', DATA);
1560272    run;
MPRINT(EM_DIAGRAM):   run;

NOTE: There were 0 observations read from the data set EMWS8.NEURAL15_EMINFO.
      WHERE key in ('BAGINFO', 'BOOSTINFO', 'ENDGROUP', 'GROUPINFO', 'INDEXINFO', 
      'TARGETINFO');
NOTE: DATA statement used (Total process time):
      real time           0.00 seconds
      cpu time            0.00 seconds
      

1560273    %let groupid =;
1560274    %let endGroupid =;
1560275    data _null_;
MPRINT(EM_DIAGRAM):    data _null_;
1560276    set EMWS8.Neural16_EMINFO;
MPRINT(EM_DIAGRAM):   set EMWS8.Neural16_EMINFO;
1560277    where key in('ENDGROUP', 'GROUPINFO', 'BOOSTINFO', 'BAGINFO', 'TARGETINFO',
1560277  ! 'INDEXINFO');
MPRINT(EM_DIAGRAM):   where key in('ENDGROUP', 'GROUPINFO', 'BOOSTINFO', 'BAGINFO', 
'TARGETINFO', 'INDEXINFO');
1560278    if key = 'ENDGROUP' then call symput('endGroupId', DATA);
MPRINT(EM_DIAGRAM):   if key = 'ENDGROUP' then call symput('endGroupId', DATA);
1560279    else call symput('groupId', DATA);
MPRINT(EM_DIAGRAM):   else call symput('groupId', DATA);
1560280    run;
MPRINT(EM_DIAGRAM):   run;

NOTE: There were 0 observations read from the data set EMWS8.NEURAL16_EMINFO.
      WHERE key in ('BAGINFO', 'BOOSTINFO', 'ENDGROUP', 'GROUPINFO', 'INDEXINFO', 
      'TARGETINFO');
NOTE: DATA statement used (Total process time):
      real time           0.00 seconds
      cpu time            0.00 seconds
      

1560281    %let groupid =;
1560282    %let endGroupid =;
1560283    data _null_;
MPRINT(EM_DIAGRAM):    data _null_;
1560284    set EMWS8.Neural12_EMINFO;
MPRINT(EM_DIAGRAM):   set EMWS8.Neural12_EMINFO;
1560285    where key in('ENDGROUP', 'GROUPINFO', 'BOOSTINFO', 'BAGINFO', 'TARGETINFO',
1560285  ! 'INDEXINFO');
MPRINT(EM_DIAGRAM):   where key in('ENDGROUP', 'GROUPINFO', 'BOOSTINFO', 'BAGINFO', 
'TARGETINFO', 'INDEXINFO');
1560286    if key = 'ENDGROUP' then call symput('endGroupId', DATA);
MPRINT(EM_DIAGRAM):   if key = 'ENDGROUP' then call symput('endGroupId', DATA);
1560287    else call symput('groupId', DATA);
MPRINT(EM_DIAGRAM):   else call symput('groupId', DATA);
1560288    run;
MPRINT(EM_DIAGRAM):   run;

NOTE: There were 0 observations read from the data set EMWS8.NEURAL12_EMINFO.
      WHERE key in ('BAGINFO', 'BOOSTINFO', 'ENDGROUP', 'GROUPINFO', 'INDEXINFO', 
      'TARGETINFO');
NOTE: DATA statement used (Total process time):
      real time           0.00 seconds
      cpu time            0.00 seconds
      

1560289    data WORK.Ensmbl15;
MPRINT(EM_DIAGRAM):    data WORK.Ensmbl15;
1560290    length NodeId $32 Model $64;
MPRINT(EM_DIAGRAM):   length NodeId $32 Model $64;
1560291    label Nodeid = "%sysfunc(sasmsg(sashelp.dmine, rpt_nodeId_vlabel,  NOQUOTE))" Model
1560291  ! = "%sysfunc(sasmsg(sashelp.dmine, rpt_modeltype,      NOQUOTE))";
MPRINT(EM_DIAGRAM):   label Nodeid = "Node Id" Model = "rpt_modeltype";
1560292    nodeid="NEURAL13";
MPRINT(EM_DIAGRAM):   nodeid="NEURAL13";
1560293    model="Neural";
MPRINT(EM_DIAGRAM):   model="Neural";
1560294    output;
MPRINT(EM_DIAGRAM):   output;
1560295    nodeid="NEURAL14";
MPRINT(EM_DIAGRAM):   nodeid="NEURAL14";
1560296    model="Neural";
MPRINT(EM_DIAGRAM):   model="Neural";
1560297    output;
MPRINT(EM_DIAGRAM):   output;
1560298    nodeid="NEURAL15";
MPRINT(EM_DIAGRAM):   nodeid="NEURAL15";
1560299    model="Neural";
MPRINT(EM_DIAGRAM):   model="Neural";
1560300    output;
MPRINT(EM_DIAGRAM):   output;
1560301    nodeid="NEURAL16";
MPRINT(EM_DIAGRAM):   nodeid="NEURAL16";
1560302    model="Neural";
MPRINT(EM_DIAGRAM):   model="Neural";
1560303    output;
MPRINT(EM_DIAGRAM):   output;
1560304    nodeid="NEURAL12";
MPRINT(EM_DIAGRAM):   nodeid="NEURAL12";
1560305    model="Neural";
MPRINT(EM_DIAGRAM):   model="Neural";
1560306    output;
MPRINT(EM_DIAGRAM):   output;
1560307    ;
MPRINT(EM_DIAGRAM):   ;
1560308    run;
MPRINT(EM_DIAGRAM):   run;

NOTE: The data set WORK.ENSMBL15 has 5 observations and 2 variables.
NOTE: DATA statement used (Total process time):
      real time           0.00 seconds
      cpu time            0.00 seconds
      

1560309    title;
MPRINT(EM_DIAGRAM):   title;
1560310    proc print data=WORK.Ensmbl15 label noobs;
MPRINT(EM_DIAGRAM):   proc print data=WORK.Ensmbl15 label noobs;
1560311    title9 "%sysfunc(sasmsg(sashelp.dmine, rpt_combinemodels_title,  NOQUOTE))";
MPRINT(EM_DIAGRAM):   title9 "Imported Models to be Combined";
1560312    title10 "Probability Function: Average";
MPRINT(EM_DIAGRAM):   title10 "Probability Function: Average";
MPRINT(EM_DIAGRAM):   run;
1560313    run;

NOTE: There were 5 observations read from the data set WORK.ENSMBL15.
NOTE: The PROCEDURE PRINT printed page 1070.
NOTE: PROCEDURE PRINT used (Total process time):
      real time           0.00 seconds
      cpu time            0.00 seconds
      

1560314    title9;
MPRINT(EM_DIAGRAM):   title9;
1560315    title10;
MPRINT(EM_DIAGRAM):   title10;
1560316    data WORK.M2JMZS36;
MPRINT(EM_DIAGRAM):    data WORK.M2JMZS36;
1560317    set WORK.M2JMZS36;
MPRINT(EM_DIAGRAM):   set WORK.M2JMZS36;
1560318    where NAME = "DepVar";
MPRINT(EM_DIAGRAM):   where NAME = "DepVar";
1560319    run;
MPRINT(EM_DIAGRAM):   run;

NOTE: There were 1 observations read from the data set WORK.M2JMZS36.
      WHERE NAME='DepVar';
NOTE: The data set WORK.M2JMZS36 has 1 observations and 22 variables.
NOTE: DATA statement used (Total process time):
      real time           0.00 seconds
      cpu time            0.00 seconds
      

1560320    *------------------------------------------------------------* ;
MPRINT(EM_DIAGRAM):    *------------------------------------------------------------* ;
1560321    * EM: DMDBClass Macro ;
MPRINT(EM_DIAGRAM):   * EM: DMDBClass Macro ;
1560322    *------------------------------------------------------------* ;
MPRINT(EM_DIAGRAM):   *------------------------------------------------------------* ;
1560323    %macro DMDBClass;
1560324        DepVar(DESC)
1560325    %mend DMDBClass;
1560326    *------------------------------------------------------------* ;
MPRINT(EM_DIAGRAM):   *------------------------------------------------------------* ;
1560327    * EM: DMDBVar Macro ;
MPRINT(EM_DIAGRAM):   * EM: DMDBVar Macro ;
1560328    *------------------------------------------------------------* ;
MPRINT(EM_DIAGRAM):   *------------------------------------------------------------* ;
1560329    %macro DMDBVar;
1560330    
1560331    %mend DMDBVar;
1560332    *------------------------------------------------------------*;
MPRINT(EM_DIAGRAM):   *------------------------------------------------------------*;
1560333    * EM: Create DMDB;
MPRINT(EM_DIAGRAM):   * EM: Create DMDB;
1560334    *------------------------------------------------------------*;
MPRINT(EM_DIAGRAM):   *------------------------------------------------------------*;
1560335    proc dmdb batch data=EMWS8.Neural13_TRAIN
1560336    dmdbcat=WORK.EM_DMDB
1560337    maxlevel = 513
1560338    ;
MPRINT(EM_DIAGRAM):   proc dmdb batch data=EMWS8.Neural13_TRAIN dmdbcat=WORK.EM_DMDB maxlevel 
= 513 ;
MPRINT(EM_DIAGRAM):   class
1560339    class %DMDBClass;
MPRINT(DMDBCLASS):   DepVar(DESC)
MPRINT(EM_DIAGRAM):  ;
1560340    target
1560341    DepVar
1560342    ;
MPRINT(EM_DIAGRAM):   target DepVar ;
1560343    run;
MPRINT(EM_DIAGRAM):   run;

NOTE: Records processed = 2374   Memory used = 511K.
NOTE: There were 2374 observations read from the data set EMWS8.PART_TRAIN.
NOTE: View EMWS8.NEURAL13_TRAIN.VIEW used (Total process time):
      real time           0.06 seconds
      cpu time            0.06 seconds
      
NOTE: There were 2374 observations read from the data set EMWS8.PRINCOMP_TRAIN.
NOTE: There were 2374 observations read from the data set EMWS8.NEURAL13_TRAIN.
NOTE: PROCEDURE DMDB used (Total process time):
      real time           0.07 seconds
      cpu time            0.07 seconds
      

MPRINT(EM_DIAGRAM):   quit;
MPRINT(EM_DIAGRAM):   *--- end code ---*;
1560344    quit;
1560345    *--- end code ---*;

MPRINT(EM_DIAGRAM):    proc printto;
MPRINT(EM_DIAGRAM):   run;
