MPRINT(EM_DIAGRAM):    data _null_;
MPRINT(EM_DIAGRAM):   call symput('NLDATE', strip(put(date(), NLDATE.)));
MPRINT(EM_DIAGRAM):   call symput('NLTIME', strip(put(datetime(), NLTIME.)));
MPRINT(EM_DIAGRAM):   run;
MPRINT(EM_DIAGRAM):   data _null_;
MPRINT(EM_DIAGRAM):   nldate= sasmsg("sashelp.dmine", "log_date_note", 'N', "28. April 2016" );
MPRINT(EM_DIAGRAM):   nltime= sasmsg("sashelp.dmine", "log_time_note", 'N', "08.07 Uhr" );
MPRINT(EM_DIAGRAM):   put "*------------------------------------------------------------*";
MPRINT(EM_DIAGRAM):   put "* Training Log";
MPRINT(EM_DIAGRAM):   put nldate;
MPRINT(EM_DIAGRAM):   put nltime;
MPRINT(EM_DIAGRAM):   put "*------------------------------------------------------------*";
MPRINT(EM_DIAGRAM):   run;
*------------------------------------------------------------*
* Training Log
Date:                28. April 2016
Time:                08.07 Uhr
*------------------------------------------------------------*
MPRINT(EM_DIAGRAM):    filename O0X725NM 
"C:\\predictive-models-project\Workspaces\EMWS8\DMNeural\EMTRAIN.out" encoding="UTF-8" NOBOM;
MPRINT(EM_DIAGRAM):   proc printto print=O0X725NM new;
MPRINT(EM_DIAGRAM):   run;
MPRINT(EM_DIAGRAM):    filename _LOG 
"C:\\predictive-models-project\Workspaces\EMWS8\DMNeural\EMLOG.log" encoding="UTF-8" NOBOM;
MPRINT(EM_DIAGRAM):    data _null_;
MPRINT(EM_DIAGRAM):   call symput('NLDATE', strip(put(date(), NLDATE.)));
MPRINT(EM_DIAGRAM):   call symput('NLTIME', strip(put(datetime(), NLTIME.)));
MPRINT(EM_DIAGRAM):   run;
MPRINT(EM_DIAGRAM):   data _null_;
MPRINT(EM_DIAGRAM):   nldate= sasmsg("sashelp.dmine", "log_date_note", 'N', "28. April 2016" );
MPRINT(EM_DIAGRAM):   nltime= sasmsg("sashelp.dmine", "log_time_note", 'N', "08.07 Uhr" );
MPRINT(EM_DIAGRAM):   file _LOG;
MPRINT(EM_DIAGRAM):   put "*------------------------------------------------------------*";
MPRINT(EM_DIAGRAM):   put "User:                Lukas Fahr";
MPRINT(EM_DIAGRAM):   put nldate;
MPRINT(EM_DIAGRAM):   put nltime;
MPRINT(EM_DIAGRAM):   put "Site:                70107571";
MPRINT(EM_DIAGRAM):   put "Platform:            X64_7PRO";
MPRINT(EM_DIAGRAM):   put "Maintenance Release: 9.03.01M2P081512";
MPRINT(EM_DIAGRAM):   put "EM Version:          12.1";
MPRINT(EM_DIAGRAM):   put "* ";
MPRINT(EM_DIAGRAM):   run;
MPRINT(EM_DIAGRAM):    filename _LOGIN 
"C:\\predictive-models-project\Workspaces\EMWS8\DMNeural\EMTRAIN.log" encoding="UTF-8" NOBOM;
MPRINT(EM_COPYFILE):   data _null_;
MPRINT(EM_COPYFILE):   length line $20000;
MPRINT(EM_COPYFILE):   file _LOG MOD lrecl=20000;
MPRINT(EM_COPYFILE):   fid=fopen("_LOGIN",'i',20000,'v');
MPRINT(EM_COPYFILE):   if fid > 0 then do;
MPRINT(EM_COPYFILE):   do while(^fread(fid));
MPRINT(EM_COPYFILE):   rlen = frlen(fid);
MPRINT(EM_COPYFILE):   rc= fget(fid,line,20000);
MPRINT(EM_COPYFILE):   start = length(line)-length(left(line))+1;
MPRINT(EM_COPYFILE):   line=strip(line);
MPRINT(EM_COPYFILE):   put @start line;
MPRINT(EM_COPYFILE):   end;
MPRINT(EM_COPYFILE):   if fid > 0 then rc=fclose(fid);
MPRINT(EM_COPYFILE):   end;
MPRINT(EM_COPYFILE):   run;
MPRINT(EM_DIAGRAM):  ;
MPRINT(EM_DIAGRAM):   filename _LOGIN;
MPRINT(EM_DIAGRAM):    data _null_;
MPRINT(EM_DIAGRAM):   file _LOG mod;
MPRINT(EM_DIAGRAM):   put _page_;
MPRINT(EM_DIAGRAM):   run;
MPRINT(EM_DIAGRAM):   filename _LOGIN 
"C:\\predictive-models-project\Workspaces\EMWS8\DMNeural\EMSCORE.log" encoding="UTF-8" NOBOM;
MPRINT(EM_DIAGRAM):  ;
MPRINT(EM_DIAGRAM):   data _null_;
MPRINT(EM_DIAGRAM):   file _LOG mod;
MPRINT(EM_DIAGRAM):   put _page_;
MPRINT(EM_DIAGRAM):   run;
MPRINT(EM_DIAGRAM):    filename _LOGIN 
"C:\\predictive-models-project\Workspaces\EMWS8\DMNeural\EMREPORT.log" encoding="UTF-8" NOBOM;
MPRINT(EM_DIAGRAM):  ;
MPRINT(EM_DIAGRAM):   filename _LOGIN;
MPRINT(EM_DIAGRAM):    filename _LOG;
MPRINT(EM_DIAGRAM):    filename _OUT 
"C:\\predictive-models-project\Workspaces\EMWS8\DMNeural\EMOUTPUT.out" encoding="UTF-8" NOBOM;
MPRINT(EM_DIAGRAM):    data _null_;
MPRINT(EM_DIAGRAM):   call symput('NLDATE', strip(put(date(), NLDATE.)));
MPRINT(EM_DIAGRAM):   call symput('NLTIME', strip(put(datetime(), NLTIME.)));
MPRINT(EM_DIAGRAM):   run;
MPRINT(EM_DIAGRAM):   data _null_;
MPRINT(EM_DIAGRAM):   nldate= sasmsg("sashelp.dmine", "log_date_note", 'N', "28. April 2016" );
MPRINT(EM_DIAGRAM):   nltime= sasmsg("sashelp.dmine", "log_time_note", 'N', "08.07 Uhr" );
MPRINT(EM_DIAGRAM):   file _OUT;
MPRINT(EM_DIAGRAM):   put "*------------------------------------------------------------*";
MPRINT(EM_DIAGRAM):   put "User:                Lukas Fahr";
MPRINT(EM_DIAGRAM):   put nldate;
MPRINT(EM_DIAGRAM):   put nltime;
MPRINT(EM_DIAGRAM):   put "*------------------------------------------------------------*";
MPRINT(EM_DIAGRAM):   put "* Training Output";
MPRINT(EM_DIAGRAM):   put "*------------------------------------------------------------*";
MPRINT(EM_DIAGRAM):   run;
MPRINT(EM_DIAGRAM):    filename _OUTIN 
"C:\\predictive-models-project\Workspaces\EMWS8\DMNeural\EMTRAIN.out" encoding="UTF-8" NOBOM;
MPRINT(EM_DIAGRAM):   ;
MPRINT(EM_COPYFILE):   data _null_;
MPRINT(EM_COPYFILE):   length line $20000;
MPRINT(EM_COPYFILE):   file _OUT MOD lrecl=20000;
MPRINT(EM_COPYFILE):   fid=fopen("_OUTIN",'i',20000,'v');
MPRINT(EM_COPYFILE):   if fid > 0 then do;
MPRINT(EM_COPYFILE):   do while(^fread(fid));
MPRINT(EM_COPYFILE):   rlen = frlen(fid);
MPRINT(EM_COPYFILE):   rc= fget(fid,line,20000);
MPRINT(EM_COPYFILE):   start = length(line)-length(left(line))+1;
MPRINT(EM_COPYFILE):   line=strip(line);
MPRINT(EM_COPYFILE):   put @start line;
MPRINT(EM_COPYFILE):   end;
MPRINT(EM_COPYFILE):   if fid > 0 then rc=fclose(fid);
MPRINT(EM_COPYFILE):   end;
MPRINT(EM_COPYFILE):   run;
MPRINT(EM_DIAGRAM):  ;
MPRINT(EM_DIAGRAM):   filename _OUTIN;
MPRINT(EM_DIAGRAM):    data _null_;
MPRINT(EM_DIAGRAM):   file _OUT mod;
MPRINT(EM_DIAGRAM):   put _page_;
MPRINT(EM_DIAGRAM):   put // "*------------------------------------------------------------*";
MPRINT(EM_DIAGRAM):   put "* Score Output";
MPRINT(EM_DIAGRAM):   put "*------------------------------------------------------------*";
MPRINT(EM_DIAGRAM):   run;
MPRINT(EM_DIAGRAM):    filename _OUTIN 
"C:\\predictive-models-project\Workspaces\EMWS8\DMNeural\EMSCORE.out" encoding="UTF-8" NOBOM;
MPRINT(EM_DIAGRAM):  ;
MPRINT(EM_DIAGRAM):   filename _OUTIN;
MPRINT(EM_DIAGRAM):    data _null_;
MPRINT(EM_DIAGRAM):   file _OUT mod;
MPRINT(EM_DIAGRAM):   put _page_;
MPRINT(EM_DIAGRAM):   put // "*------------------------------------------------------------*";
MPRINT(EM_DIAGRAM):   put "* Report Output";
MPRINT(EM_DIAGRAM):   put "*------------------------------------------------------------*";
MPRINT(EM_DIAGRAM):   run;
MPRINT(EM_DIAGRAM):    filename _OUTIN 
"C:\\predictive-models-project\Workspaces\EMWS8\DMNeural\EMREPORT.out" encoding="UTF-8" NOBOM;
MPRINT(EM_DIAGRAM):  ;
MPRINT(EM_DIAGRAM):   filename _OUTIN;
MPRINT(EM_DIAGRAM):    filename _OUT;
MPRINT(EM_DIAGRAM):    filename _emtool_ 
'C:\\predictive-models-project\Workspaces\EMWS8\DMNeural\EMRUNSTATUS.xml' encoding="UTF-8" 
NOBOM;
343781     proc freq data=EMWS8.DMNeural_VariableSet noprint;
MPRINT(EM_DIAGRAM):    proc freq data=EMWS8.DMNeural_VariableSet noprint;
343782     table ROLE*LEVEL/out=WORK.DMNeuralMETA;
MPRINT(EM_DIAGRAM):   table ROLE*LEVEL/out=WORK.DMNeuralMETA;
343783     run;
MPRINT(EM_DIAGRAM):   run;

NOTE: There were 34 observations read from the data set EMWS8.DMNEURAL_VARIABLESET.
NOTE: The data set WORK.DMNEURALMETA has 5 observations and 4 variables.
NOTE: PROCEDURE FREQ used (Total process time):
      real time           0.00 seconds
      cpu time            0.01 seconds
      

343784     proc print data=WORK.DMNeuralMETA label noobs;
MPRINT(EM_DIAGRAM):   proc print data=WORK.DMNeuralMETA label noobs;
343785     var ROLE LEVEL COUNT;
MPRINT(EM_DIAGRAM):   var ROLE LEVEL COUNT;
343786     label ROLE = "%sysfunc(sasmsg(sashelp.dmine, meta_role_vlabel, NOQUOTE))" LEVEL =
343786   ! "%sysfunc(sasmsg(sashelp.dmine, meta_level_vlabel, NOQUOTE))" COUNT =
343786   ! "%sysfunc(sasmsg(sashelp.dmine, rpt_count_vlabel, NOQUOTE))";
MPRINT(EM_DIAGRAM):   label ROLE = "Role" LEVEL = "Measurement Level" COUNT = "Frequency 
Count";
343787     title9 ' ';
MPRINT(EM_DIAGRAM):   title9 ' ';
343788     title10 "%sysfunc(sasmsg(sashelp.dmine, rpt_varSummary_title  , NOQUOTE))";
MPRINT(EM_DIAGRAM):   title10 "Variable Summary";
MPRINT(EM_DIAGRAM):   run;
343789     run;

NOTE: There were 5 observations read from the data set WORK.DMNEURALMETA.
NOTE: The PROCEDURE PRINT printed page 95.
NOTE: PROCEDURE PRINT used (Total process time):
      real time           0.00 seconds
      cpu time            0.00 seconds
      

343790     title10;
MPRINT(EM_DIAGRAM):   title10;
343791     %let EMNORLEN = %DMNORLEN;
MPRINT(EM_DIAGRAM):   
EMWS8.Meta_TRAIN EMWS8.Meta_TRAIN 
EMWS8.Meta_TRAIN EMWS8.Meta_TRAIN EMWS8 Meta_TRAIN 
EMWS8.Meta_TRAIN EMWS8.Meta_TRAIN 
EMWS8.Meta_TRAIN EMWS8.Meta_TRAIN EMWS8 Meta_TRAIN 
MPRINT(EM_DIAGRAM):    proc dmdb data=EMWS8.Meta_TRAIN 
classout=WORK._DMDBCLASSTARGET(keep=NAME NRAW CRAW LEVEL FREQUENCY NMISSPERCENT);
MPRINT(EM_DIAGRAM):   class DepVar(DESC) ;
MPRINT(EM_DIAGRAM):   run;
Executing  SASHELP.EMCORE.EMINFOITERATOR.SCL _INIT >> 
Executing  SASHELP.EMCORE.EMINFOITERATOR.SCL setMetaData >> 
Executing  SASHELP.EMCORE.EMINFOITERATOR.SCL next >> 
Executing  SASHELP.EMCORE.EMINFOITERATOR.SCL setMetaData >> 
Executing  SASHELP.EMCORE.EMINFOITERATOR.SCL next >> 
Executing  SASHELP.EMCORE.EMINFOITERATOR.SCL _term >> 
MPRINT(EM_DIAGRAM):    data _null_;
MPRINT(EM_DIAGRAM):   set WORK._DMDBCLASSTARGET;
MPRINT(EM_DIAGRAM):   where ^(NRAW eq . and CRAW eq '') and NAME="DepVar";
MPRINT(EM_DIAGRAM):   if _N_=1 then call symput('_newevent', strip(LEVEL));
MPRINT(EM_DIAGRAM):   run;
MPRINT(EM_DIAGRAM):   proc sort data=WORK._DMDBCLASSTARGET out=_TEMPCLASS(keep=LEVEL FREQUENCY 
NMISSPERCENT rename=(LEVEL=DepVar));
MPRINT(EM_DIAGRAM):   by LEVEL;
MPRINT(EM_DIAGRAM):   where ^(NRAW eq . and CRAW eq '') and NAME="DepVar";
MPRINT(EM_DIAGRAM):   run;
MPRINT(EM_DIAGRAM):   data _TEMPCLASS;
MPRINT(EM_DIAGRAM):   set _TEMPCLASS;
MPRINT(EM_DIAGRAM):   NMISSPERCENT= NMISSPERCENT/100;
MPRINT(EM_DIAGRAM):   run;
MPRINT(EM_DIAGRAM):    data _sortedDecData;
MPRINT(EM_DIAGRAM):   set EMWS8.DMNeural_DepVar_DD;
MPRINT(EM_DIAGRAM):   _levelorder_=_N_;
MPRINT(EM_DIAGRAM):   run;
MPRINT(EM_DIAGRAM):   proc sort data=_sortedDecdata;
MPRINT(EM_DIAGRAM):   by DepVar;
MPRINT(EM_DIAGRAM):   run;
MPRINT(EM_DIAGRAM):   data _null_;
MPRINT(EM_DIAGRAM):   merge _TEMPCLASS(in=_a) _sortedDecdata(in=_b);
MPRINT(EM_DIAGRAM):   by DepVar;
MPRINT(EM_DIAGRAM):   if (_a and ^_b) or (^_a and _b) then call symput('_emresetDec', '1');
MPRINT(EM_DIAGRAM):   run;
MPRINT(EM_DIAGRAM):    data EMWS8.DMNeural_DepVar_DD;
MPRINT(EM_DIAGRAM):   set EMWS8.DMNeural_DepVar_DD;
MPRINT(EM_DIAGRAM):   _levelorder_=_N_;
MPRINT(EM_DIAGRAM):   run;
MPRINT(EM_DIAGRAM):   proc sort data=EMWS8.DMNeural_DepVar_DD;
MPRINT(EM_DIAGRAM):   by DepVar;
MPRINT(EM_DIAGRAM):   run;
MPRINT(EM_DIAGRAM):   data EMWS8.DMNeural_DepVar_DD;
MPRINT(EM_DIAGRAM):   merge EMWS8.DMNeural_DepVar_DD 
_TEMPCLASS(rename=(NMISSPERCENT=TRAINPRIOR FREQUENCY=COUNT));
MPRINT(EM_DIAGRAM):   by DepVar;
MPRINT(EM_DIAGRAM):   run;
MPRINT(EM_DIAGRAM):   proc sort data=EMWS8.DMNeural_DepVar_DD 
out=EMWS8.DMNeural_DepVar_DD(drop=_levelorder_);
MPRINT(EM_DIAGRAM):   by _levelorder_;
MPRINT(EM_DIAGRAM):   run;
343838     data WORK.DMNeural_EVENT(KEEP=VARIABLE LABEL LEVEL EVENT NUMLEVELS ORDER);
MPRINT(EM_DIAGRAM):    data WORK.DMNeural_EVENT(KEEP=VARIABLE LABEL LEVEL EVENT NUMLEVELS 
ORDER);
343839     length ORDER $20;
MPRINT(EM_DIAGRAM):   length ORDER $20;
343840     label VARIABLE = "%sysfunc(sasmsg(sashelp.dmine, rpt_target_vlabel,  NOQUOTE))"
343840   ! EVENT = "%sysfunc(sasmsg(sashelp.dmine, assmt_event_vlabel, NOQUOTE))" NUMLEVELS =
343840   ! "%sysfunc(sasmsg(sashelp.dmine, rpt_numcat_vlabel, NOQUOTE))" LEVEL =
343841        "%sysfunc(sasmsg(sashelp.dmine, meta_level_vlabel, NOQUOTE))" ORDER =
343841   ! "%sysfunc(sasmsg(sashelp.dmine, meta_order_vlabel, NOQUOTE))" LABEL =
343841   ! "%sysfunc(sasmsg(sashelp.dmine, meta_label_vlabel, NOQUOTE))";
MPRINT(EM_DIAGRAM):   label VARIABLE = "Target" EVENT = "Event" NUMLEVELS = "Number of Levels" 
LEVEL = "Measurement Level" ORDER = "Order" LABEL = "Label";
343842     set EMWS8.DMNEURAL_DEPVAR_DM( where=(_TYPE_="TARGET"));
MPRINT(EM_DIAGRAM):   set EMWS8.DMNEURAL_DEPVAR_DM( where=(_TYPE_="TARGET"));
343843     NumLevels=2;
MPRINT(EM_DIAGRAM):   NumLevels=2;
343844     select(upcase(ORDER));
MPRINT(EM_DIAGRAM):   select(upcase(ORDER));
343845     when('DESC') ORDER = 'Descending';
MPRINT(EM_DIAGRAM):   when('DESC') ORDER = 'Descending';
343846     when('ASC') ORDER = 'Ascending';
MPRINT(EM_DIAGRAM):   when('ASC') ORDER = 'Ascending';
343847     when('FMTDESC') ORDER = 'Formatted Descending';
MPRINT(EM_DIAGRAM):   when('FMTDESC') ORDER = 'Formatted Descending';
343848     when('FMTASC') ORDER = 'Formatted Ascending';
MPRINT(EM_DIAGRAM):   when('FMTASC') ORDER = 'Formatted Ascending';
343849     otherwise ORDER = 'Descending';
MPRINT(EM_DIAGRAM):   otherwise ORDER = 'Descending';
343850     end;
MPRINT(EM_DIAGRAM):   end;
343851     output;
MPRINT(EM_DIAGRAM):   output;
343852     run;
MPRINT(EM_DIAGRAM):   run;

NOTE: There were 1 observations read from the data set EMWS8.DMNEURAL_DEPVAR_DM.
      WHERE _TYPE_='TARGET';
NOTE: The data set WORK.DMNEURAL_EVENT has 1 observations and 6 variables.
NOTE: DATA statement used (Total process time):
      real time           0.00 seconds
      cpu time            0.00 seconds
      

343853     title9 ' ';
MPRINT(EM_DIAGRAM):   title9 ' ';
343854     proc print data=WORK.DMNeural_EVENT noobs label;
MPRINT(EM_DIAGRAM):   proc print data=WORK.DMNeural_EVENT noobs label;
343855     var VARIABLE EVENT LEVEL NUMLEVELS ORDER LABEL;
MPRINT(EM_DIAGRAM):   var VARIABLE EVENT LEVEL NUMLEVELS ORDER LABEL;
343856     title9 ' ';
MPRINT(EM_DIAGRAM):   title9 ' ';
343857     title10 "%sysfunc(sasmsg(sashelp.dmine, rpt_modelEvent_title  , NOQUOTE))";
MPRINT(EM_DIAGRAM):   title10 "Model Events";
MPRINT(EM_DIAGRAM):   run;
343858     run;

NOTE: There were 1 observations read from the data set WORK.DMNEURAL_EVENT.
NOTE: The PROCEDURE PRINT printed page 96.
NOTE: PROCEDURE PRINT used (Total process time):
      real time           0.00 seconds
      cpu time            0.00 seconds
      

343859     title10;
MPRINT(EM_DIAGRAM):   title10;
"No decisions defined for target "DepVar"." 
343860     proc print data = EMWS8.DMNeural_DepVar_DM noobs label;
MPRINT(EM_DIAGRAM):    proc print data = EMWS8.DMNeural_DepVar_DM noobs label;
343861     var _type_ variable label;
MPRINT(EM_DIAGRAM):   var _type_ variable label;
343862     where _type_ ^in('MATRIX', 'DECISION', 'TRAINPRIOR', 'DATAPRIOR', 'DECPRIOR');
MPRINT(EM_DIAGRAM):   where _type_ ^in('MATRIX', 'DECISION', 'TRAINPRIOR', 'DATAPRIOR', 
'DECPRIOR');
343863     label _TYPE_ = "%sysfunc(sasmsg(sashelp.dmine, rpt_type_vlabel,     NOQUOTE))"
343863   ! VARIABLE = "%sysfunc(sasmsg(sashelp.dmine, rpt_variable_vlabel, NOQUOTE))" LABEL =
343863   ! "%sysfunc(sasmsg(sashelp.dmine, meta_label_vlabel, NOQUOTE))";
MPRINT(EM_DIAGRAM):   label _TYPE_ = "Type" VARIABLE = "Variable" LABEL = "Label";
343864     title9 ' ';
MPRINT(EM_DIAGRAM):   title9 ' ';
343865     title10 "%sysfunc(sasmsg(sashelp.dmine, rpt_predDecVars_title  , NOQUOTE))";
MPRINT(EM_DIAGRAM):   title10 "Predicted and decision variables";
MPRINT(EM_DIAGRAM):   run;
343866     run;

NOTE: There were 7 observations read from the data set EMWS8.DMNEURAL_DEPVAR_DM.
      WHERE _type_ not in ('DATAPRIOR', 'DECISION', 'DECPRIOR', 'MATRIX', 'TRAINPRIOR');
NOTE: The PROCEDURE PRINT printed page 97.
NOTE: PROCEDURE PRINT used (Total process time):
      real time           0.00 seconds
      cpu time            0.00 seconds
      

343867     title10;
MPRINT(EM_DIAGRAM):   title10;
343868     data WORK.M0SD8PHP;
MPRINT(EM_DIAGRAM):    data WORK.M0SD8PHP;
343869     set WORK.M0SD8PHP;
MPRINT(EM_DIAGRAM):   set WORK.M0SD8PHP;
343870     if role = 'TARGET' and use = 'Y' then do;
MPRINT(EM_DIAGRAM):   if role = 'TARGET' and use = 'Y' then do;
343871     role = 'TARGET';
MPRINT(EM_DIAGRAM):   role = 'TARGET';
343872     output;
MPRINT(EM_DIAGRAM):   output;
343873     end;
MPRINT(EM_DIAGRAM):   end;
343874     if role = 'INPUT' and use in ('Y','D') then do;
MPRINT(EM_DIAGRAM):   if role = 'INPUT' and use in ('Y','D') then do;
343875     role = 'INPUT';
MPRINT(EM_DIAGRAM):   role = 'INPUT';
343876     output;
MPRINT(EM_DIAGRAM):   output;
343877     end;
MPRINT(EM_DIAGRAM):   end;
343878     if role = 'REJECTED' and use = 'Y' then do;
MPRINT(EM_DIAGRAM):   if role = 'REJECTED' and use = 'Y' then do;
343879     role = 'INPUT';
MPRINT(EM_DIAGRAM):   role = 'INPUT';
343880     output;
MPRINT(EM_DIAGRAM):   output;
343881     end;
MPRINT(EM_DIAGRAM):   end;
343882     if role = 'FREQ' then do;
MPRINT(EM_DIAGRAM):   if role = 'FREQ' then do;
343883     role = 'FREQ';
MPRINT(EM_DIAGRAM):   role = 'FREQ';
343884     output;
MPRINT(EM_DIAGRAM):   output;
343885     end;
MPRINT(EM_DIAGRAM):   end;
343886     run;
MPRINT(EM_DIAGRAM):   run;

NOTE: There were 34 observations read from the data set WORK.M0SD8PHP.
NOTE: The data set WORK.M0SD8PHP has 33 observations and 21 variables.
NOTE: DATA statement used (Total process time):
      real time           0.00 seconds
      cpu time            0.00 seconds
      

343887     data WORK.M0SD8PHP;
MPRINT(EM_DIAGRAM):    data WORK.M0SD8PHP;
343888     set WORK.M0SD8PHP end=eof;
MPRINT(EM_DIAGRAM):   set WORK.M0SD8PHP end=eof;
343889     output;
MPRINT(EM_DIAGRAM):   output;
343890     if eof then do;
MPRINT(EM_DIAGRAM):   if eof then do;
343891     NAME="";
MPRINT(EM_DIAGRAM):   NAME="";
343892     ROLE="COST";
MPRINT(EM_DIAGRAM):   ROLE="COST";
343893     LEVEL="INTERVAL";
MPRINT(EM_DIAGRAM):   LEVEL="INTERVAL";
343894     TYPE="N";
MPRINT(EM_DIAGRAM):   TYPE="N";
343895     output;
MPRINT(EM_DIAGRAM):   output;
343896     end;
MPRINT(EM_DIAGRAM):   end;
343897     run;
MPRINT(EM_DIAGRAM):   run;

NOTE: There were 33 observations read from the data set WORK.M0SD8PHP.
NOTE: The data set WORK.M0SD8PHP has 34 observations and 21 variables.
NOTE: DATA statement used (Total process time):
      real time           0.00 seconds
      cpu time            0.01 seconds
      

NOTE: There were 2 observations read from the data set EMWS8.DMNEURAL_DEPVAR_DD.
NOTE: The data set WORK.DEPVAR has 2 observations and 7 variables.
343898     *------------------------------------------------------------*;
MPRINT(EM_DIAGRAM):    *------------------------------------------------------------*;
343899     * DMNeural: Create decision matrix;
MPRINT(EM_DIAGRAM):   * DMNeural: Create decision matrix;
343900     *------------------------------------------------------------*;
MPRINT(EM_DIAGRAM):   *------------------------------------------------------------*;
343901     data WORK.DepVar;
MPRINT(EM_DIAGRAM):   data WORK.DepVar;
343902       length   DepVar                           $  32
343903                COUNT                                8
343904                DATAPRIOR                            8
343905                TRAINPRIOR                           8
343906                DECPRIOR                             8
343907                DECISION1                            8
343908                DECISION2                            8
343909                ;
MPRINT(EM_DIAGRAM):   length DepVar $ 32 COUNT 8 DATAPRIOR 8 TRAINPRIOR 8 DECPRIOR 8 DECISION1 
8 DECISION2 8 ;
343910     
343911       label    COUNT="Level Counts"
343912                DATAPRIOR="Data Proportions"
343913                TRAINPRIOR="Training Proportions"
343914                DECPRIOR="Decision Priors"
343915                DECISION1="1"
343916                DECISION2="0"
343917                ;
MPRINT(EM_DIAGRAM):   label COUNT= "Level Counts" DATAPRIOR= "Data Proportions" TRAINPRIOR= 
"Training Proportions" DECPRIOR= "Decision Priors" DECISION1= "1" DECISION2= "0" ;
343918       format   COUNT 10.
343919                ;
MPRINT(EM_DIAGRAM):   format COUNT 10. ;
343920     DepVar="1"; COUNT=359; DATAPRIOR=0.15122156697556; TRAINPRIOR=0.15122156697556;
343920   ! DECPRIOR=.; DECISION1=1; DECISION2=0;
MPRINT(EM_DIAGRAM):   DepVar="1";
MPRINT(EM_DIAGRAM):   COUNT=359;
MPRINT(EM_DIAGRAM):   DATAPRIOR=0.15122156697556;
MPRINT(EM_DIAGRAM):   TRAINPRIOR=0.15122156697556;
MPRINT(EM_DIAGRAM):   DECPRIOR=.;
MPRINT(EM_DIAGRAM):   DECISION1=1;
MPRINT(EM_DIAGRAM):   DECISION2=0;
343921     output;
MPRINT(EM_DIAGRAM):   output;
343922     DepVar="0"; COUNT=2015; DATAPRIOR=0.84877843302443; TRAINPRIOR=0.84877843302443;
343922   ! DECPRIOR=.; DECISION1=0; DECISION2=1;
MPRINT(EM_DIAGRAM):   DepVar="0";
MPRINT(EM_DIAGRAM):   COUNT=2015;
MPRINT(EM_DIAGRAM):   DATAPRIOR=0.84877843302443;
MPRINT(EM_DIAGRAM):   TRAINPRIOR=0.84877843302443;
MPRINT(EM_DIAGRAM):   DECPRIOR=.;
MPRINT(EM_DIAGRAM):   DECISION1=0;
MPRINT(EM_DIAGRAM):   DECISION2=1;
343923     output;
MPRINT(EM_DIAGRAM):   output;
343924     ;
MPRINT(EM_DIAGRAM):   ;
343925     run;
MPRINT(EM_DIAGRAM):   run;

NOTE: The data set WORK.DEPVAR has 2 observations and 7 variables.
NOTE: DATA statement used (Total process time):
      real time           0.00 seconds
      cpu time            0.00 seconds
      

343926     proc datasets lib=work nolist;
MPRINT(EM_DIAGRAM):   proc datasets lib=work nolist;
343927     modify DepVar(type=PROFIT label=DepVar);
MPRINT(EM_DIAGRAM):   modify DepVar(type=PROFIT label= DepVar);
MPRINT(EM_DIAGRAM):   label DECISION1= '1';
MPRINT(EM_DIAGRAM):   label DECISION2= '0';
MPRINT(EM_DIAGRAM):   run;
343928     label DECISION1= '1';
343929     label DECISION2= '0';
343930     run;

NOTE: MODIFY was successful for WORK.DEPVAR.DATA.
343931     quit;
MPRINT(EM_DIAGRAM):   quit;

NOTE: PROCEDURE DATASETS used (Total process time):
      real time           0.01 seconds
      cpu time            0.01 seconds
      

MPRINT(EM_DIAGRAM):   *------------------------------------------------------------* ;
MPRINT(EM_DIAGRAM):   * DMNeural: DMDBClass Macro ;
MPRINT(EM_DIAGRAM):   *------------------------------------------------------------* ;
343932     *------------------------------------------------------------* ;
343933     * DMNeural: DMDBClass Macro ;
343934     *------------------------------------------------------------* ;
343935     %macro DMDBClass;
343936         AcceptedCmp1(ASC) AcceptedCmp2(ASC) AcceptedCmp3(ASC) AcceptedCmp4(ASC)
343937        AcceptedCmp5(ASC) Complain(ASC) DepVar(DESC) Education(ASC)
343938        HigherEducationBinary(ASC) Marital_Status(ASC)
343939     %mend DMDBClass;
343940     *------------------------------------------------------------* ;
MPRINT(EM_DIAGRAM):   *------------------------------------------------------------* ;
343941     * DMNeural: DMDBVar Macro ;
MPRINT(EM_DIAGRAM):   * DMNeural: DMDBVar Macro ;
343942     *------------------------------------------------------------* ;
MPRINT(EM_DIAGRAM):   *------------------------------------------------------------* ;
343943     %macro DMDBVar;
343944         AcceptedCmpTotal Age Frq Income Kidhome Mnt MntFishProducts MntFruits
343945        MntGoldProds MntMeatProducts MntSweetProducts MntWines MonthsAsCustomer
343946        NumCatalogPurchases NumDealsPurchases NumDistPurchases NumStorePurchases
343947        NumWebPurchases NumWebVisitsMonth RFMstat RMntFrq Recency Teenhome
343948     %mend DMDBVar;
343949     *------------------------------------------------------------*;
MPRINT(EM_DIAGRAM):   *------------------------------------------------------------*;
343950     * DMNeural: Create DMDB;
MPRINT(EM_DIAGRAM):   * DMNeural: Create DMDB;
343951     *------------------------------------------------------------*;
MPRINT(EM_DIAGRAM):   *------------------------------------------------------------*;
343952     proc dmdb batch data=EMWS8.Meta_TRAIN
343953     dmdbcat=WORK.DMNeural_DMDB
343954     maxlevel = 513
343955     ;
MPRINT(EM_DIAGRAM):   proc dmdb batch data=EMWS8.Meta_TRAIN dmdbcat=WORK.DMNeural_DMDB 
maxlevel = 513 ;
MPRINT(EM_DIAGRAM):   class
343956     class %DMDBClass;
MPRINT(DMDBCLASS):   AcceptedCmp1(ASC) AcceptedCmp2(ASC) AcceptedCmp3(ASC) AcceptedCmp4(ASC) 
AcceptedCmp5(ASC) Complain(ASC) DepVar(DESC) Education(ASC) HigherEducationBinary(ASC) 
Marital_Status(ASC)
MPRINT(EM_DIAGRAM):  ;
MPRINT(EM_DIAGRAM):   var
343957     var %DMDBVar;
MPRINT(DMDBVAR):   AcceptedCmpTotal Age Frq Income Kidhome Mnt MntFishProducts MntFruits 
MntGoldProds MntMeatProducts MntSweetProducts MntWines MonthsAsCustomer NumCatalogPurchases 
NumDealsPurchases NumDistPurchases NumStorePurchases NumWebPurchases NumWebVisitsMonth RFMstat 
RMntFrq Recency Teenhome
MPRINT(EM_DIAGRAM):  ;
343958     target
343959     DepVar
343960     ;
MPRINT(EM_DIAGRAM):   target DepVar ;
343961     run;
MPRINT(EM_DIAGRAM):   run;

NOTE: Records processed = 2374   Memory used = 511K.
NOTE: View EMWS8.META_TRAIN.VIEW used (Total process time):
      real time           0.01 seconds
      cpu time            0.03 seconds
      
NOTE: There were 2374 observations read from the data set EMWS8.PART_TRAIN.
NOTE: There were 2374 observations read from the data set EMWS8.META_TRAIN.
NOTE: PROCEDURE DMDB used (Total process time):
      real time           0.02 seconds
      cpu time            0.03 seconds
      

MPRINT(EM_DIAGRAM):   quit;
MPRINT(EM_DIAGRAM):   *--- end code ---*;
343962     quit;
343963     *--- end code ---*;

343964     *------------------------------------------------------------* ;
MPRINT(EM_DIAGRAM):    *------------------------------------------------------------* ;
343965     * DMNeural: Input Variables Macro ;
MPRINT(EM_DIAGRAM):   * DMNeural: Input Variables Macro ;
343966     *------------------------------------------------------------* ;
MPRINT(EM_DIAGRAM):   *------------------------------------------------------------* ;
343967     %macro INPUTS;
343968         AcceptedCmp1 AcceptedCmp2 AcceptedCmp3 AcceptedCmp4 AcceptedCmp5
343969        AcceptedCmpTotal Age Complain Education Frq HigherEducationBinary Income
343970        Kidhome Marital_Status Mnt MntFishProducts MntFruits MntGoldProds
343971        MntMeatProducts MntSweetProducts MntWines MonthsAsCustomer NumCatalogPurchases
343972        NumDealsPurchases NumDistPurchases NumStorePurchases NumWebPurchases
343973        NumWebVisitsMonth RFMstat RMntFrq Recency Teenhome
343974     %mend INPUTS;
343975     proc dmneurl data=EMWS8.Meta_TRAIN dmdbcat=WORK.DMNeural_DMDB
343976     outest=EMWS8.DMNeural_ESTIMATE outfit=WORK._OUTFIT_DMNEURAL
343977     out=WORK._OUT_DMNEURAL outclass=WORK._OUTCLASSDMNEURL_3WSHPUI
343978     optcrit=ACC maxcomp=6 maxstage=10 maxfunc=1000
343979     selcrit=SSE
343980     maxiter=400 maxvect=800 memsiz=8 stopr2=0.00005 cutoff=0.5 maxrows = 3000
343981     absgconv=0.0005 gconv=1E-8
343982     NOMONITOR
343983     ;
MPRINT(EM_DIAGRAM):   proc dmneurl data=EMWS8.Meta_TRAIN dmdbcat=WORK.DMNeural_DMDB 
outest=EMWS8.DMNeural_ESTIMATE outfit=WORK._OUTFIT_DMNEURAL out=WORK._OUT_DMNEURAL 
outclass=WORK._OUTCLASSDMNEURL_3WSHPUI optcrit=ACC maxcomp=6 maxstage=10 maxfunc=1000 
selcrit=SSE maxiter=400 maxvect=800 memsiz=8 stopr2=0.00005 cutoff=0.5 maxrows = 3000 
absgconv=0.0005 gconv=1E-8 NOMONITOR ;
MPRINT(EM_DIAGRAM):   var
343984     var %INPUTS;
MPRINT(INPUTS):   AcceptedCmp1 AcceptedCmp2 AcceptedCmp3 AcceptedCmp4 AcceptedCmp5 
AcceptedCmpTotal Age Complain Education Frq HigherEducationBinary Income Kidhome 
Marital_Status Mnt MntFishProducts MntFruits MntGoldProds MntMeatProducts MntSweetProducts 
MntWines MonthsAsCustomer NumCatalogPurchases NumDealsPurchases NumDistPurchases 
NumStorePurchases NumWebPurchases NumWebVisitsMonth RFMstat RMntFrq Recency Teenhome
MPRINT(EM_DIAGRAM):  ;
343985     target DepVar;
MPRINT(EM_DIAGRAM):   target DepVar;
343986     ;
MPRINT(EM_DIAGRAM):   ;
343987     run;
MPRINT(EM_DIAGRAM):   run;

NOTE: The data set WORK._OUTCLASSDMNEURL_3WSHPUI has 26 observations and 3 variables.

Building X'X  for target: DepVar rows=48 memory=0.01 meg.
2374 records read
2374 records read
2374 records read
2374 records read
2374 records read
NOTE: Distinctive Patterns=601
NOTE: Sparsity  Percentage=0.0169624416
     ---------- Optimization Cycle (Stage=0) ----------
-------------------- Activation= SQUARE (Stage=0) --------------------
NOTE: ABSGCONV convergence criterion satisfied.
NOTE: SQUARE: Iter=7 Crit=0.04322828: SSE=410.495788 Acc= 88.6268
-------------------- Activation= TANH (Stage=0) --------------------
NOTE: ABSGCONV convergence criterion satisfied.
NOTE: Singular Hessian at result, nullity=4.
NOTE: TANH: Iter=24 Crit=0.04358823: SSE=413.913831 Acc= 88.5004
-------------------- Activation= ARCTAN (Stage=0) --------------------
NOTE: ABSGCONV convergence criterion satisfied.
NOTE: ARCTAN: Iter=12 Crit=0.04366629: SSE= 414.65511 Acc= 88.4162
-------------------- Activation= LOGIST (Stage=0) --------------------
NOTE: ABSGCONV convergence criterion satisfied.
NOTE: Singular Hessian at result, nullity=1.
NOTE: LOGIST: Iter=15 Crit=0.04713321: SSE=447.576941 Acc= 87.3631
-------------------- Activation= GAUSS (Stage=0) --------------------
NOTE: ABSGCONV convergence criterion satisfied.
NOTE: Singular Hessian at result, nullity=8.
NOTE: GAUSS: Iter=43 Crit=0.05611906: SSE=532.906587 Acc= 86.0994
-------------------- Activation= SIN (Stage=0) --------------------
NOTE: ABSGCONV convergence criterion satisfied.
NOTE: SIN: Iter=11 Crit=0.04360861: SSE=414.107357 Acc= 88.5004
-------------------- Activation= COS (Stage=0) --------------------
NOTE: ABSGCONV convergence criterion satisfied.
NOTE: COS: Iter=6 Crit=0.05098033: SSE=484.109182 Acc= 86.7313
-------------------- Activation= EXP (Stage=0) --------------------
NOTE: ABSGCONV convergence criterion satisfied.
NOTE: Singular Hessian at result, nullity=1.
NOTE: EXP: Iter=8 Crit=0.05815026: SSE=552.194875 Acc= 86.3943
2374 records read
2374 records read
2374 records read
2374 records read
NOTE: Distinctive Patterns=444
NOTE: Sparsity  Percentage=0.0125313212
2374 records read
     ---------- Optimization Cycle (Stage=1) ----------
-------------------- Activation= SQUARE (Stage=1) --------------------
NOTE: ABSGCONV convergence criterion satisfied.
NOTE: SQUARE: Iter=1 Crit=0.03704142: SSE=347.976292 Acc= 90.7751
-------------------- Activation= TANH (Stage=1) --------------------
NOTE: ABSGCONV convergence criterion satisfied.
NOTE: TANH: Iter=7 Crit= 0.0371728: SSE= 349.13707 Acc= 90.6066
-------------------- Activation= ARCTAN (Stage=1) --------------------
NOTE: ABSGCONV convergence criterion satisfied.
NOTE: ARCTAN: Iter=6 Crit=0.03717434: SSE= 349.10814 Acc= 90.6066
-------------------- Activation= LOGIST (Stage=1) --------------------
NOTE: ABSGCONV convergence criterion satisfied.
NOTE: LOGIST: Iter=8 Crit=0.03722226: SSE=349.717883 Acc= 90.4802
-------------------- Activation= GAUSS (Stage=1) --------------------
NOTE: ABSGCONV convergence criterion satisfied.
NOTE: Singular Hessian at result, nullity=2.
NOTE: GAUSS: Iter=6 Crit=0.04052594: SSE=384.616003 Acc= 89.5114
-------------------- Activation= SIN (Stage=1) --------------------
NOTE: ABSGCONV convergence criterion satisfied.
NOTE: SIN: Iter=4 Crit=0.03718514: SSE=349.131621 Acc= 90.5644
-------------------- Activation= COS (Stage=1) --------------------
NOTE: ABSGCONV convergence criterion satisfied.
NOTE: Singular Hessian at result, nullity=5.
NOTE: COS: Iter=7 Crit=  0.040994: SSE=389.257003 Acc= 89.6799
-------------------- Activation= EXP (Stage=1) --------------------
NOTE: ABSGCONV convergence criterion satisfied.
NOTE: EXP: Iter=3 Crit=0.03710951: SSE=348.912125 Acc= 90.6487
2374 records read
2374 records read
2374 records read
2374 records read
NOTE: Distinctive Patterns=1170
NOTE: Sparsity  Percentage=0.0330217249
2374 records read
     ---------- Optimization Cycle (Stage=2) ----------
-------------------- Activation= SQUARE (Stage=2) --------------------
NOTE: ABSGCONV convergence criterion satisfied.
NOTE: SQUARE: Iter=1 Crit=0.03427569: SSE=319.873276 Acc= 91.1120
-------------------- Activation= TANH (Stage=2) --------------------
NOTE: ABSGCONV convergence criterion satisfied.
NOTE: TANH: Iter=4 Crit=0.03449066: SSE=321.957102 Acc= 91.0699
-------------------- Activation= ARCTAN (Stage=2) --------------------
NOTE: ABSGCONV convergence criterion satisfied.
NOTE: ARCTAN: Iter=4 Crit=0.03449711: SSE=322.082997 Acc= 91.1542
-------------------- Activation= LOGIST (Stage=2) --------------------
NOTE: ABSGCONV convergence criterion satisfied.
NOTE: LOGIST: Iter=4 Crit=0.03449726: SSE=322.155686 Acc= 90.9436
-------------------- Activation= GAUSS (Stage=2) --------------------
NOTE: ABSGCONV convergence criterion satisfied.
NOTE: Singular Hessian at result, nullity=1.
NOTE: GAUSS: Iter=6 Crit=0.03571193: SSE=335.942338 Acc= 90.4381
-------------------- Activation= SIN (Stage=2) --------------------
NOTE: ABSGCONV convergence criterion satisfied.
NOTE: Singular Hessian at result, nullity=2.
NOTE: SIN: Iter=6 Crit=0.03446015: SSE=321.632852 Acc= 91.1120
-------------------- Activation= COS (Stage=2) --------------------
NOTE: ABSGCONV convergence criterion satisfied.
NOTE: Singular Hessian at result, nullity=2.
NOTE: COS: Iter=5 Crit=0.03582981: SSE=337.426619 Acc= 90.5644
-------------------- Activation= EXP (Stage=2) --------------------
NOTE: ABSGCONV convergence criterion satisfied.
NOTE: EXP: Iter=4 Crit= 0.0344095: SSE=321.757349 Acc= 91.0699
2374 records read
2374 records read
2374 records read
2374 records read
NOTE: Distinctive Patterns=528
NOTE: Sparsity  Percentage=0.0149021118
2374 records read
     ---------- Optimization Cycle (Stage=3) ----------
-------------------- Activation= SQUARE (Stage=3) --------------------
NOTE: ABSGCONV convergence criterion satisfied.
NOTE: SQUARE: Iter=1 Crit= 0.0333664: SSE=309.372869 Acc= 91.1542
-------------------- Activation= TANH (Stage=3) --------------------
NOTE: ABSGCONV convergence criterion satisfied.
NOTE: Singular Hessian at result, nullity=1.
NOTE: TANH: Iter=3 Crit=0.03338535: SSE=309.625656 Acc= 91.1542
-------------------- Activation= ARCTAN (Stage=3) --------------------
NOTE: ABSGCONV convergence criterion satisfied.
NOTE: Singular Hessian at result, nullity=1.
NOTE: ARCTAN: Iter=8 Crit=0.03338996: SSE=309.619594 Acc= 91.1542
-------------------- Activation= LOGIST (Stage=3) --------------------
NOTE: ABSGCONV convergence criterion satisfied.
NOTE: Singular Hessian at result, nullity=2.
NOTE: LOGIST: Iter=4 Crit=0.03339261: SSE=309.953835 Acc= 91.1542
-------------------- Activation= GAUSS (Stage=3) --------------------
NOTE: ABSGCONV convergence criterion satisfied.
NOTE: Singular Hessian at result, nullity=4.
NOTE: GAUSS: Iter=6 Crit=0.03410753: SSE=318.730354 Acc= 90.9014
-------------------- Activation= SIN (Stage=3) --------------------
NOTE: ABSGCONV convergence criterion satisfied.
NOTE: Singular Hessian at result, nullity=1.
NOTE: SIN: Iter=4 Crit=0.03338903: SSE= 309.64796 Acc= 91.2384
-------------------- Activation= COS (Stage=3) --------------------
NOTE: ABSGCONV convergence criterion satisfied.
NOTE: Singular Hessian at result, nullity=4.
NOTE: COS: Iter=4 Crit=0.03410234: SSE=318.569277 Acc= 90.9436
-------------------- Activation= EXP (Stage=3) --------------------
NOTE: ABSGCONV convergence criterion satisfied.
NOTE: EXP: Iter=2 Crit=0.03339838: SSE=309.852053 Acc= 91.1120
2374 records read
2374 records read
2374 records read
2374 records read
NOTE: Distinctive Patterns=419
NOTE: Sparsity  Percentage=0.0118257288
2374 records read
     ---------- Optimization Cycle (Stage=4) ----------
-------------------- Activation= SQUARE (Stage=4) --------------------
NOTE: ABSGCONV convergence criterion satisfied.
NOTE: SQUARE: Iter=1 Crit= 0.0325878: SSE=298.404303 Acc= 91.2805
-------------------- Activation= TANH (Stage=4) --------------------
NOTE: ABSGCONV convergence criterion satisfied.
NOTE: TANH: Iter=4 Crit=0.03264979: SSE=298.935722 Acc= 91.3648
-------------------- Activation= ARCTAN (Stage=4) --------------------
NOTE: ABSGCONV convergence criterion satisfied.
NOTE: ARCTAN: Iter=4 Crit=0.03265954: SSE=299.025504 Acc= 91.4069
-------------------- Activation= LOGIST (Stage=4) --------------------
NOTE: ABSGCONV convergence criterion satisfied.
NOTE: LOGIST: Iter=3 Crit=0.03264088: SSE=299.037572 Acc= 91.3227
-------------------- Activation= GAUSS (Stage=4) --------------------
NOTE: ABSGCONV convergence criterion satisfied.
NOTE: Singular Hessian at result, nullity=3.
NOTE: GAUSS: Iter=9 Crit=0.03305981: SSE=304.731731 Acc= 91.1963
-------------------- Activation= SIN (Stage=4) --------------------
NOTE: ABSGCONV convergence criterion satisfied.
NOTE: Singular Hessian at result, nullity=2.
NOTE: SIN: Iter=5 Crit=0.03263725: SSE=298.699754 Acc= 91.3227
-------------------- Activation= COS (Stage=4) --------------------
NOTE: ABSGCONV convergence criterion satisfied.
NOTE: Singular Hessian at result, nullity=5.
NOTE: COS: Iter=5 Crit=0.03308522: SSE=305.152379 Acc= 91.2805
-------------------- Activation= EXP (Stage=4) --------------------
NOTE: ABSGCONV convergence criterion satisfied.
NOTE: EXP: Iter=2 Crit=0.03263781: SSE=298.812025 Acc= 91.4069
2374 records read
2374 records read
2374 records read
2374 records read
NOTE: Distinctive Patterns=745
NOTE: Sparsity  Percentage=0.0210266539
2374 records read
     ---------- Optimization Cycle (Stage=5) ----------
-------------------- Activation= SQUARE (Stage=5) --------------------
NOTE: ABSGCONV convergence criterion satisfied.
NOTE: SQUARE: Iter=1 Crit=0.03214176: SSE=292.064415 Acc= 92.0809
-------------------- Activation= TANH (Stage=5) --------------------
NOTE: ABSGCONV convergence criterion satisfied.
NOTE: TANH: Iter=6 Crit=0.03224221: SSE=293.146929 Acc= 91.8703
-------------------- Activation= ARCTAN (Stage=5) --------------------
NOTE: ABSGCONV convergence criterion satisfied.
NOTE: ARCTAN: Iter=6 Crit=0.03223328: SSE=293.209827 Acc= 91.7860
-------------------- Activation= LOGIST (Stage=5) --------------------
NOTE: ABSGCONV convergence criterion satisfied.
NOTE: LOGIST: Iter=3 Crit=0.03223527: SSE=293.060193 Acc= 91.9124
-------------------- Activation= GAUSS (Stage=5) --------------------
NOTE: ABSGCONV convergence criterion satisfied.
NOTE: Singular Hessian at result, nullity=2.
NOTE: GAUSS: Iter=3 Crit=0.03244181: SSE=296.788806 Acc= 91.4069
-------------------- Activation= SIN (Stage=5) --------------------
NOTE: ABSGCONV convergence criterion satisfied.
NOTE: Singular Hessian at result, nullity=1.
NOTE: SIN: Iter=4 Crit= 0.0322343: SSE=292.938478 Acc= 91.9124
-------------------- Activation= COS (Stage=5) --------------------
NOTE: ABSGCONV convergence criterion satisfied.
NOTE: Singular Hessian at result, nullity=2.
NOTE: COS: Iter=5 Crit=0.03242467: SSE=296.609388 Acc= 91.5333
-------------------- Activation= EXP (Stage=5) --------------------
NOTE: ABSGCONV convergence criterion satisfied.
NOTE: EXP: Iter=2 Crit=0.03222477: SSE=292.918949 Acc= 91.9124
2374 records read
2374 records read
2374 records read
2374 records read
NOTE: Distinctive Patterns=575
NOTE: Sparsity  Percentage=0.0162286255
2374 records read
     ---------- Optimization Cycle (Stage=6) ----------
-------------------- Activation= SQUARE (Stage=6) --------------------
NOTE: ABSGCONV convergence criterion satisfied.
NOTE: Singular Hessian at result, nullity=1.
NOTE: SQUARE: Iter=1 Crit= 0.0317687: SSE=287.612763 Acc= 92.1230
-------------------- Activation= TANH (Stage=6) --------------------
NOTE: ABSGCONV convergence criterion satisfied.
NOTE: Singular Hessian at result, nullity=1.
NOTE: TANH: Iter=5 Crit=0.03184691: SSE=288.498531 Acc= 91.8281
-------------------- Activation= ARCTAN (Stage=6) --------------------
NOTE: ABSGCONV convergence criterion satisfied.
NOTE: Singular Hessian at result, nullity=2.
NOTE: ARCTAN: Iter=3 Crit=0.03188935: SSE=289.158478 Acc= 91.7860
-------------------- Activation= LOGIST (Stage=6) --------------------
NOTE: ABSGCONV convergence criterion satisfied.
NOTE: Singular Hessian at result, nullity=2.
NOTE: LOGIST: Iter=2 Crit=0.03185049: SSE=288.550297 Acc= 91.8703
-------------------- Activation= GAUSS (Stage=6) --------------------
NOTE: ABSGCONV convergence criterion satisfied.
NOTE: Singular Hessian at result, nullity=1.
NOTE: GAUSS: Iter=12 Crit=0.03194684: SSE=291.130467 Acc= 91.8703
-------------------- Activation= SIN (Stage=6) --------------------
NOTE: ABSGCONV convergence criterion satisfied.
NOTE: Singular Hessian at result, nullity=2.
NOTE: SIN: Iter=4 Crit=0.03185896: SSE= 288.57938 Acc= 91.8703
-------------------- Activation= COS (Stage=6) --------------------
NOTE: ABSGCONV convergence criterion satisfied.
NOTE: Singular Hessian at result, nullity=2.
NOTE: COS: Iter=4 Crit=0.03200998: SSE=291.106902 Acc= 91.9966
-------------------- Activation= EXP (Stage=6) --------------------
NOTE: ABSGCONV convergence criterion satisfied.
NOTE: Singular Hessian at result, nullity=1.
NOTE: EXP: Iter=2 Crit=0.03185238: SSE=288.678855 Acc= 91.9545
2374 records read
2374 records read
2374 records read
2374 records read
NOTE: Distinctive Patterns=571
NOTE: Sparsity  Percentage=0.0161157307
2374 records read
     ---------- Optimization Cycle (Stage=7) ----------
-------------------- Activation= SQUARE (Stage=7) --------------------
NOTE: ABSGCONV convergence criterion satisfied.
NOTE: SQUARE: Iter=1 Crit=0.03178695: SSE=287.187389 Acc= 92.0388
-------------------- Activation= TANH (Stage=7) --------------------
NOTE: ABSGCONV convergence criterion satisfied.
NOTE: TANH: Iter=4 Crit=0.03180292: SSE=287.504386 Acc= 91.9966
-------------------- Activation= ARCTAN (Stage=7) --------------------
NOTE: ABSGCONV convergence criterion satisfied.
NOTE: ARCTAN: Iter=4 Crit=0.03181404: SSE=287.542229 Acc= 91.9966
-------------------- Activation= LOGIST (Stage=7) --------------------
NOTE: ABSGCONV convergence criterion satisfied.
NOTE: LOGIST: Iter=1 Crit= 0.0318309: SSE=287.796275 Acc= 91.9545
-------------------- Activation= GAUSS (Stage=7) --------------------
NOTE: ABSGCONV convergence criterion satisfied.
NOTE: Singular Hessian at result, nullity=4.
NOTE: GAUSS: Iter=3 Crit=  0.031923: SSE= 289.25619 Acc= 91.7860
-------------------- Activation= SIN (Stage=7) --------------------
NOTE: ABSGCONV convergence criterion satisfied.
NOTE: SIN: Iter=5 Crit=0.03180622: SSE=287.833235 Acc= 91.9124
-------------------- Activation= COS (Stage=7) --------------------
NOTE: ABSGCONV convergence criterion satisfied.
NOTE: Singular Hessian at result, nullity=5.
NOTE: COS: Iter=6 Crit=0.03193539: SSE=289.266818 Acc= 91.8281
-------------------- Activation= EXP (Stage=7) --------------------
NOTE: ABSGCONV convergence criterion satisfied.
NOTE: EXP: Iter=2 Crit=0.03182932: SSE=287.555635 Acc= 92.0388
2374 records read
2374 records read
2374 records read
2374 records read
NOTE: Distinctive Patterns=1103
NOTE: Sparsity  Percentage=0.0311307372
2374 records read
     ---------- Optimization Cycle (Stage=8) ----------
-------------------- Activation= SQUARE (Stage=8) --------------------
NOTE: ABSGCONV convergence criterion satisfied.
NOTE: SQUARE: Iter=1 Crit=0.03176683: SSE=286.081566 Acc= 92.0388
-------------------- Activation= TANH (Stage=8) --------------------
NOTE: ABSGCONV convergence criterion satisfied.
NOTE: Singular Hessian at result, nullity=1.
NOTE: TANH: Iter=3 Crit=0.03182085: SSE=286.450848 Acc= 92.0388
-------------------- Activation= ARCTAN (Stage=8) --------------------
NOTE: ABSGCONV convergence criterion satisfied.
NOTE: Singular Hessian at result, nullity=2.
NOTE: ARCTAN: Iter=4 Crit= 0.0318188: SSE=286.530702 Acc= 92.0388
-------------------- Activation= LOGIST (Stage=8) --------------------
NOTE: ABSGCONV convergence criterion satisfied.
NOTE: Singular Hessian at result, nullity=2.
NOTE: LOGIST: Iter=1 Crit=0.03183914: SSE=287.173913 Acc= 91.9966
-------------------- Activation= GAUSS (Stage=8) --------------------
NOTE: ABSGCONV convergence criterion satisfied.
NOTE: Singular Hessian at result, nullity=5.
NOTE: GAUSS: Iter=3 Crit=0.03186112: SSE=287.937899 Acc= 91.9966
-------------------- Activation= SIN (Stage=8) --------------------
NOTE: ABSGCONV convergence criterion satisfied.
NOTE: Singular Hessian at result, nullity=5.
NOTE: SIN: Iter=3 Crit=0.03188042: SSE=286.766075 Acc= 92.1230
-------------------- Activation= COS (Stage=8) --------------------
NOTE: ABSGCONV convergence criterion satisfied.
NOTE: Singular Hessian at result, nullity=5.
NOTE: COS: Iter=6 Crit=0.03183016: SSE=287.314164 Acc= 91.8703
-------------------- Activation= EXP (Stage=8) --------------------
NOTE: ABSGCONV convergence criterion satisfied.
NOTE: Singular Hessian at result, nullity=1.
NOTE: EXP: Iter=2 Crit= 0.0318197: SSE=286.452646 Acc= 92.0388
2374 records read
2374 records read
2374 records read
2374 records read
NOTE: Distinctive Patterns=742
NOTE: Sparsity  Percentage=0.0209419828
2374 records read
     ---------- Optimization Cycle (Stage=9) ----------
-------------------- Activation= SQUARE (Stage=9) --------------------
NOTE: ABSGCONV convergence criterion satisfied.
NOTE: SQUARE: Iter=1 Crit=0.03166345: SSE=284.972642 Acc= 92.2072
-------------------- Activation= TANH (Stage=9) --------------------
NOTE: ABSGCONV convergence criterion satisfied.
NOTE: Singular Hessian at result, nullity=1.
NOTE: TANH: Iter=3 Crit=0.03177114: SSE=285.816554 Acc= 92.0809
-------------------- Activation= ARCTAN (Stage=9) --------------------
NOTE: ABSGCONV convergence criterion satisfied.
NOTE: Singular Hessian at result, nullity=2.
NOTE: ARCTAN: Iter=4 Crit=0.03177262: SSE=285.777961 Acc= 92.0809
-------------------- Activation= LOGIST (Stage=9) --------------------
NOTE: ABSGCONV convergence criterion satisfied.
NOTE: Singular Hessian at result, nullity=2.
NOTE: LOGIST: Iter=1 Crit=0.03177172: SSE=285.717721 Acc= 92.1230
-------------------- Activation= GAUSS (Stage=9) --------------------
NOTE: ABSGCONV convergence criterion satisfied.
NOTE: Singular Hessian at result, nullity=2.
NOTE: GAUSS: Iter=6 Crit=0.03172059: SSE=285.806589 Acc= 92.3757
-------------------- Activation= SIN (Stage=9) --------------------
NOTE: ABSGCONV convergence criterion satisfied.
NOTE: Singular Hessian at result, nullity=2.
NOTE: SIN: Iter=3 Crit=0.03177352: SSE=285.500247 Acc= 92.0809
-------------------- Activation= COS (Stage=9) --------------------
NOTE: ABSGCONV convergence criterion satisfied.
NOTE: COS: Iter=7 Crit=0.03172968: SSE=285.934606 Acc= 92.2915
-------------------- Activation= EXP (Stage=9) --------------------
NOTE: ABSGCONV convergence criterion satisfied.
NOTE: Singular Hessian at result, nullity=1.
NOTE: EXP: Iter=3 Crit=0.03176809: SSE=285.707981 Acc= 92.1651
     ---------- Optimization Cycle (Stage=9) ----------
-------------------- Activation= SQUARE (Stage=9) --------------------
NOTE: FCONV convergence criterion satisfied.
NOTE: SQUARE: Iter=8 Crit=7.79275484: SSE=284.972642 Acc= 92.2072
-------------------- Activation= TANH (Stage=9) --------------------
NOTE: FCONV convergence criterion satisfied.
NOTE: TANH: Iter=23 Crit=6.78180286: SSE=301.704539 Acc= 93.2182
-------------------- Activation= ARCTAN (Stage=9) --------------------
NOTE: FCONV convergence criterion satisfied.
NOTE: ARCTAN: Iter=22 Crit=6.78180286: SSE=306.967353 Acc= 93.2182
-------------------- Activation= LOGIST (Stage=9) --------------------
NOTE: FCONV convergence criterion satisfied.
NOTE: LOGIST: Iter=24 Crit=6.90817186: SSE=370.699158 Acc= 93.0918
-------------------- Activation= GAUSS (Stage=9) --------------------
NOTE: ABSCONV convergence criterion satisfied.
NOTE: GAUSS: Iter=18 Crit=6.61331087: SSE= 341.78809 Acc= 93.3867
-------------------- Activation= SIN (Stage=9) --------------------
NOTE: ABSCONV convergence criterion satisfied.
NOTE: SIN: Iter=17 Crit=6.65543387: SSE=324.331348 Acc= 93.3446
-------------------- Activation= COS (Stage=9) --------------------
NOTE: FCONV convergence criterion satisfied.
NOTE: COS: Iter=17 Crit=7.28727885: SSE=357.979588 Acc= 92.7127
-------------------- Activation= EXP (Stage=9) --------------------
NOTE: FCONV convergence criterion satisfied.
NOTE: EXP: Iter=29 Crit=6.65543387: SSE=360.149305 Acc= 93.3446
2374 records read
NOTE: The data set EMWS8.DMNEURAL_ESTIMATE has 146 observations and 53 variables.
2374 records read
NOTE: The data set WORK._OUT_DMNEURAL has 2374 observations and 4 variables.
NOTE: The data set WORK._OUTFIT_DMNEURAL has 11 observations and 9 variables.
*** Total Number of Runs through Data :       52
*** Total Number of NL Optimizations  :       88
*** Total Number of Iterations in NLP :      565
*** Total Number Function Calls in NLP:     2678
NOTE: View EMWS8.META_TRAIN.VIEW used (Total process time):
      real time           50.24 seconds
      cpu time            49.92 seconds
      
NOTE: There were 2374 observations read from the data set EMWS8.PART_TRAIN.
NOTE: The PROCEDURE DMNEURL printed pages 98-131.
NOTE: PROCEDURE DMNEURL used (Total process time):
      real time           50.24 seconds
      cpu time            49.92 seconds
      

343988     data WORK._OUTFIT_DMNEURAL;
MPRINT(EM_DIAGRAM):    data WORK._OUTFIT_DMNEURAL;
343989     set WORK._OUTFIT_DMNEURAL;
MPRINT(EM_DIAGRAM):   set WORK._OUTFIT_DMNEURAL;
343990     if _TYPE_^='_FITIND_' then delete;
MPRINT(EM_DIAGRAM):   if _TYPE_^='_FITIND_' then delete;
343991     label _STAGE_ = "%sysfunc(sasmsg(sashelp.dmine, rpt_dmneural_label_stage, noquote))"
343991   ! ;
MPRINT(EM_DIAGRAM):   label _STAGE_ = "Training Stage";
343992     _STAGE_=_STAGE_-1;
MPRINT(EM_DIAGRAM):   _STAGE_=_STAGE_-1;

NOTE: There were 11 observations read from the data set WORK._OUTFIT_DMNEURAL.
NOTE: The data set WORK._OUTFIT_DMNEURAL has 10 observations and 9 variables.
NOTE: DATA statement used (Total process time):
      real time           0.00 seconds
      cpu time            0.01 seconds
      

343993     proc transpose data=WORK._OUTFIT_DMNEURAL out=WORK._OUTFIT_DMNEURAL prefix=TRAINING;
MPRINT(EM_DIAGRAM):   proc transpose data=WORK._OUTFIT_DMNEURAL out=WORK._OUTFIT_DMNEURAL 
prefix=TRAINING;

NOTE: There were 10 observations read from the data set WORK._OUTFIT_DMNEURAL.
NOTE: The data set WORK._OUTFIT_DMNEURAL has 6 observations and 12 variables.
NOTE: PROCEDURE TRANSPOSE used (Total process time):
      real time           0.00 seconds
      cpu time            0.00 seconds
      

343994     data WORK._OUTFIT_DMNEURAL;
MPRINT(EM_DIAGRAM):   data WORK._OUTFIT_DMNEURAL;
343995     set WORK._OUTFIT_DMNEURAL;
MPRINT(EM_DIAGRAM):   set WORK._OUTFIT_DMNEURAL;
343996     label _NAME_ = "%sysfunc(sasmsg(sashelp.dmine, rpt_dmneural_label_stat, noquote))";
MPRINT(EM_DIAGRAM):   label _NAME_ = "Statistic";
343997     label _LABEL_ = "%sysfunc(sasmsg(sashelp.dmine, rpt_dmneural_label_statlabel,
343997   ! noquote))";
MPRINT(EM_DIAGRAM):   label _LABEL_ = "Label of Statistic";
343998     rename _NAME_=STATISTIC;
MPRINT(EM_DIAGRAM):   rename _NAME_=STATISTIC;
343999     rename _LABEL_=LABEL;
MPRINT(EM_DIAGRAM):   rename _LABEL_=LABEL;
344000     run;
MPRINT(EM_DIAGRAM):   run;

NOTE: There were 6 observations read from the data set WORK._OUTFIT_DMNEURAL.
NOTE: The data set WORK._OUTFIT_DMNEURAL has 6 observations and 12 variables.
NOTE: DATA statement used (Total process time):
      real time           0.00 seconds
      cpu time            0.00 seconds
      

344001     data WORK._DSSTAGEDMNEURL_3WSHPUI;
MPRINT(EM_DIAGRAM):    data WORK._DSSTAGEDMNEURL_3WSHPUI;
344002     set EMWS8.DMNeural_ESTIMATE;
MPRINT(EM_DIAGRAM):   set EMWS8.DMNeural_ESTIMATE;
344003     by _STAGE_;
MPRINT(EM_DIAGRAM):   by _STAGE_;
344004     if _TYPE_^='_EIGVEC_' then delete;
MPRINT(EM_DIAGRAM):   if _TYPE_^='_EIGVEC_' then delete;
344005     keep _STAGE_ _NAME_;
MPRINT(EM_DIAGRAM):   keep _STAGE_ _NAME_;
344006     if FIRST._STAGE_ then output;
MPRINT(EM_DIAGRAM):   if FIRST._STAGE_ then output;
344007     run;
MPRINT(EM_DIAGRAM):   run;

NOTE: There were 146 observations read from the data set EMWS8.DMNEURAL_ESTIMATE.
NOTE: The data set WORK._DSSTAGEDMNEURL_3WSHPUI has 10 observations and 2 variables.
NOTE: DATA statement used (Total process time):
      real time           0.00 seconds
      cpu time            0.00 seconds
      

344008     data WORK._DSSTDMEANDMNEURL_3WSHPUI;
MPRINT(EM_DIAGRAM):    data WORK._DSSTDMEANDMNEURL_3WSHPUI;
344009     set EMWS8.DMNeural_ESTIMATE;
MPRINT(EM_DIAGRAM):   set EMWS8.DMNeural_ESTIMATE;
344010     if _TYPE_='_STDEV_' or _TYPE_='_MEAN_' then output;
MPRINT(EM_DIAGRAM):   if _TYPE_='_STDEV_' or _TYPE_='_MEAN_' then output;
344011     DROP _TARGET_ _NAME_ _STAGE_ _MEAN_ _STDEV_;
MPRINT(EM_DIAGRAM):   DROP _TARGET_ _NAME_ _STAGE_ _MEAN_ _STDEV_;
344012     run;
MPRINT(EM_DIAGRAM):   run;

NOTE: There were 146 observations read from the data set EMWS8.DMNEURAL_ESTIMATE.
NOTE: The data set WORK._DSSTDMEANDMNEURL_3WSHPUI has 2 observations and 48 variables.
NOTE: DATA statement used (Total process time):
      real time           0.00 seconds
      cpu time            0.00 seconds
      

344013     data WORK._DSPARADMNEURL_3WSHPUI;
MPRINT(EM_DIAGRAM):    data WORK._DSPARADMNEURL_3WSHPUI;
344014     set EMWS8.DMNeural_ESTIMATE;
MPRINT(EM_DIAGRAM):   set EMWS8.DMNeural_ESTIMATE;
344015     if _TYPE_='_PARMS_' then if _STAGE_=0 then output;
MPRINT(EM_DIAGRAM):   if _TYPE_='_PARMS_' then if _STAGE_=0 then output;
344016     if _TYPE_='_PARMS_' then if _STAGE_=1 then output;
MPRINT(EM_DIAGRAM):   if _TYPE_='_PARMS_' then if _STAGE_=1 then output;
344017     if _TYPE_='_PARMS_' then if _STAGE_=2 then output;
MPRINT(EM_DIAGRAM):   if _TYPE_='_PARMS_' then if _STAGE_=2 then output;
344018     if _TYPE_='_PARMS_' then if _STAGE_=3 then output;
MPRINT(EM_DIAGRAM):   if _TYPE_='_PARMS_' then if _STAGE_=3 then output;
344019     if _TYPE_='_PARMS_' then if _STAGE_=4 then output;
MPRINT(EM_DIAGRAM):   if _TYPE_='_PARMS_' then if _STAGE_=4 then output;
344020     if _TYPE_='_PARMS_' then if _STAGE_=5 then output;
MPRINT(EM_DIAGRAM):   if _TYPE_='_PARMS_' then if _STAGE_=5 then output;
344021     if _TYPE_='_PARMS_' then if _STAGE_=6 then output;
MPRINT(EM_DIAGRAM):   if _TYPE_='_PARMS_' then if _STAGE_=6 then output;
344022     if _TYPE_='_PARMS_' then if _STAGE_=7 then output;
MPRINT(EM_DIAGRAM):   if _TYPE_='_PARMS_' then if _STAGE_=7 then output;
344023     if _TYPE_='_PARMS_' then if _STAGE_=8 then output;
MPRINT(EM_DIAGRAM):   if _TYPE_='_PARMS_' then if _STAGE_=8 then output;
344024     if _TYPE_='_PARMS_' then if _STAGE_=9 then output;
MPRINT(EM_DIAGRAM):   if _TYPE_='_PARMS_' then if _STAGE_=9 then output;
344025     run;
MPRINT(EM_DIAGRAM):   run;

NOTE: There were 146 observations read from the data set EMWS8.DMNEURAL_ESTIMATE.
NOTE: The data set WORK._DSPARADMNEURL_3WSHPUI has 80 observations and 53 variables.
NOTE: DATA statement used (Total process time):
      real time           0.00 seconds
      cpu time            0.01 seconds
      

344026     data WORK._DSPARADMNEURL_3WSHPUI;
MPRINT(EM_DIAGRAM):    data WORK._DSPARADMNEURL_3WSHPUI;
344027     set WORK._DSPARADMNEURL_3WSHPUI;
MPRINT(EM_DIAGRAM):   set WORK._DSPARADMNEURL_3WSHPUI;
344028     by _STAGE_;
MPRINT(EM_DIAGRAM):   by _STAGE_;
344029     if FIRST._STAGE_ then output;
MPRINT(EM_DIAGRAM):   if FIRST._STAGE_ then output;
344030     DROP _TARGET_ _TYPE_ _MEAN_ _STDEV_ _NAME_ _STAGE_;
MPRINT(EM_DIAGRAM):   DROP _TARGET_ _TYPE_ _MEAN_ _STDEV_ _NAME_ _STAGE_;

NOTE: There were 80 observations read from the data set WORK._DSPARADMNEURL_3WSHPUI.
NOTE: The data set WORK._DSPARADMNEURL_3WSHPUI has 10 observations and 47 variables.
NOTE: DATA statement used (Total process time):
      real time           0.00 seconds
      cpu time            0.00 seconds
      

344031     proc transpose data=WORK._DSPARADMNEURL_3WSHPUI out=WORK._DSPARADMNEURL_3WSHPUI
344031   ! prefix=STAGE;
MPRINT(EM_DIAGRAM):   proc transpose data=WORK._DSPARADMNEURL_3WSHPUI 
out=WORK._DSPARADMNEURL_3WSHPUI prefix=STAGE;

NOTE: There were 10 observations read from the data set WORK._DSPARADMNEURL_3WSHPUI.
NOTE: The data set WORK._DSPARADMNEURL_3WSHPUI has 47 observations and 12 variables.
NOTE: PROCEDURE TRANSPOSE used (Total process time):
      real time           0.00 seconds
      cpu time            0.00 seconds
      

344032     proc transpose data=WORK._DSPARADMNEURL_3WSHPUI out=WORK._DSPARADMNEURL_3WSHPUI
344032   ! prefix=PARA;
MPRINT(EM_DIAGRAM):   proc transpose data=WORK._DSPARADMNEURL_3WSHPUI 
out=WORK._DSPARADMNEURL_3WSHPUI prefix=PARA;
344033     run;
MPRINT(EM_DIAGRAM):   run;

NOTE: There were 47 observations read from the data set WORK._DSPARADMNEURL_3WSHPUI.
NOTE: The data set WORK._DSPARADMNEURL_3WSHPUI has 10 observations and 48 variables.
NOTE: PROCEDURE TRANSPOSE used (Total process time):
      real time           0.00 seconds
      cpu time            0.00 seconds
      

344034     data WORK._OUTCLASSDMNEURL_3WSHPUI;
MPRINT(EM_DIAGRAM):    data WORK._OUTCLASSDMNEURL_3WSHPUI;
344035     set WORK._OUTCLASSDMNEURL_3WSHPUI;
MPRINT(EM_DIAGRAM):   set WORK._OUTCLASSDMNEURL_3WSHPUI;
344036     if upcase(_VAR_)=upcase('DepVar') then delete;
MPRINT(EM_DIAGRAM):   if upcase(_VAR_)=upcase('DepVar') then delete;
344037     run;
MPRINT(EM_DIAGRAM):   run;

NOTE: There were 26 observations read from the data set WORK._OUTCLASSDMNEURL_3WSHPUI.
NOTE: The data set WORK._OUTCLASSDMNEURL_3WSHPUI has 24 observations and 3 variables.
NOTE: DATA statement used (Total process time):
      real time           0.00 seconds
      cpu time            0.00 seconds
      

344038     data WORK._SPRIN0;
MPRINT(EM_DIAGRAM):    data WORK._SPRIN0;
344039     set EMWS8.DMNeural_ESTIMATE;
MPRINT(EM_DIAGRAM):   set EMWS8.DMNeural_ESTIMATE;
344040     if _TYPE_^='_EIGVEC_' then delete;
MPRINT(EM_DIAGRAM):   if _TYPE_^='_EIGVEC_' then delete;
344041     if _STAGE_ ^='0' then delete;
MPRINT(EM_DIAGRAM):   if _STAGE_ ^='0' then delete;
344042     drop _TARGET_ _TYPE_ _STAGE_ _NAME_ _MEAN_ _STDEV_;
MPRINT(EM_DIAGRAM):   drop _TARGET_ _TYPE_ _STAGE_ _NAME_ _MEAN_ _STDEV_;

NOTE: Character values have been converted to numeric values at the places given by: 
      (Line):(Column).
      344041:14   
NOTE: There were 146 observations read from the data set EMWS8.DMNEURAL_ESTIMATE.
NOTE: The data set WORK._SPRIN0 has 6 observations and 47 variables.
NOTE: DATA statement used (Total process time):
      real time           0.00 seconds
      cpu time            0.00 seconds
      

344043     proc transpose data=WORK._SPRIN0 out=WORK._SPRIN0 prefix=_SPRIN0;
MPRINT(EM_DIAGRAM):   proc transpose data=WORK._SPRIN0 out=WORK._SPRIN0 prefix=_SPRIN0;

NOTE: There were 6 observations read from the data set WORK._SPRIN0.
NOTE: The data set WORK._SPRIN0 has 47 observations and 8 variables.
NOTE: PROCEDURE TRANSPOSE used (Total process time):
      real time           0.00 seconds
      cpu time            0.01 seconds
      

344044     data WORK._SPRIN0;
MPRINT(EM_DIAGRAM):   data WORK._SPRIN0;
344045     set WORK._SPRIN0;
MPRINT(EM_DIAGRAM):   set WORK._SPRIN0;
344046     if _SPRIN01=. then delete;
MPRINT(EM_DIAGRAM):   if _SPRIN01=. then delete;
344047     /* to delete _v_ variables */

NOTE: There were 47 observations read from the data set WORK._SPRIN0.
NOTE: The data set WORK._SPRIN0 has 47 observations and 8 variables.
NOTE: DATA statement used (Total process time):
      real time           0.00 seconds
      cpu time            0.00 seconds
      

344048     proc transpose data=WORK._SPRIN0 out=WORK._SPRIN0;
MPRINT(EM_DIAGRAM):   proc transpose data=WORK._SPRIN0 out=WORK._SPRIN0;
344049     run;
MPRINT(EM_DIAGRAM):   run;

NOTE: There were 47 observations read from the data set WORK._SPRIN0.
NOTE: The data set WORK._SPRIN0 has 6 observations and 48 variables.
NOTE: PROCEDURE TRANSPOSE used (Total process time):
      real time           0.00 seconds
      cpu time            0.00 seconds
      

344050     data WORK._SPRIN1;
MPRINT(EM_DIAGRAM):    data WORK._SPRIN1;
344051     set EMWS8.DMNeural_ESTIMATE;
MPRINT(EM_DIAGRAM):   set EMWS8.DMNeural_ESTIMATE;
344052     if _TYPE_^='_EIGVEC_' then delete;
MPRINT(EM_DIAGRAM):   if _TYPE_^='_EIGVEC_' then delete;
344053     if _STAGE_ ^='1' then delete;
MPRINT(EM_DIAGRAM):   if _STAGE_ ^='1' then delete;
344054     drop _TARGET_ _TYPE_ _STAGE_ _NAME_ _MEAN_ _STDEV_;
MPRINT(EM_DIAGRAM):   drop _TARGET_ _TYPE_ _STAGE_ _NAME_ _MEAN_ _STDEV_;

NOTE: Character values have been converted to numeric values at the places given by: 
      (Line):(Column).
      344053:14   
NOTE: There were 146 observations read from the data set EMWS8.DMNEURAL_ESTIMATE.
NOTE: The data set WORK._SPRIN1 has 6 observations and 47 variables.
NOTE: DATA statement used (Total process time):
      real time           0.00 seconds
      cpu time            0.01 seconds
      

344055     proc transpose data=WORK._SPRIN1 out=WORK._SPRIN1 prefix=_SPRIN1;
MPRINT(EM_DIAGRAM):   proc transpose data=WORK._SPRIN1 out=WORK._SPRIN1 prefix=_SPRIN1;

NOTE: There were 6 observations read from the data set WORK._SPRIN1.
NOTE: The data set WORK._SPRIN1 has 47 observations and 8 variables.
NOTE: PROCEDURE TRANSPOSE used (Total process time):
      real time           0.00 seconds
      cpu time            0.00 seconds
      

344056     data WORK._SPRIN1;
MPRINT(EM_DIAGRAM):   data WORK._SPRIN1;
344057     set WORK._SPRIN1;
MPRINT(EM_DIAGRAM):   set WORK._SPRIN1;
344058     if _SPRIN11=. then delete;
MPRINT(EM_DIAGRAM):   if _SPRIN11=. then delete;
344059     /* to delete _v_ variables */

NOTE: There were 47 observations read from the data set WORK._SPRIN1.
NOTE: The data set WORK._SPRIN1 has 47 observations and 8 variables.
NOTE: DATA statement used (Total process time):
      real time           0.00 seconds
      cpu time            0.00 seconds
      

344060     proc transpose data=WORK._SPRIN1 out=WORK._SPRIN1;
MPRINT(EM_DIAGRAM):   proc transpose data=WORK._SPRIN1 out=WORK._SPRIN1;
344061     run;
MPRINT(EM_DIAGRAM):   run;

NOTE: There were 47 observations read from the data set WORK._SPRIN1.
NOTE: The data set WORK._SPRIN1 has 6 observations and 48 variables.
NOTE: PROCEDURE TRANSPOSE used (Total process time):
      real time           0.00 seconds
      cpu time            0.01 seconds
      

344062     data WORK._SPRIN2;
MPRINT(EM_DIAGRAM):    data WORK._SPRIN2;
344063     set EMWS8.DMNeural_ESTIMATE;
MPRINT(EM_DIAGRAM):   set EMWS8.DMNeural_ESTIMATE;
344064     if _TYPE_^='_EIGVEC_' then delete;
MPRINT(EM_DIAGRAM):   if _TYPE_^='_EIGVEC_' then delete;
344065     if _STAGE_ ^='2' then delete;
MPRINT(EM_DIAGRAM):   if _STAGE_ ^='2' then delete;
344066     drop _TARGET_ _TYPE_ _STAGE_ _NAME_ _MEAN_ _STDEV_;
MPRINT(EM_DIAGRAM):   drop _TARGET_ _TYPE_ _STAGE_ _NAME_ _MEAN_ _STDEV_;

NOTE: Character values have been converted to numeric values at the places given by: 
      (Line):(Column).
      344065:14   
NOTE: There were 146 observations read from the data set EMWS8.DMNEURAL_ESTIMATE.
NOTE: The data set WORK._SPRIN2 has 6 observations and 47 variables.
NOTE: DATA statement used (Total process time):
      real time           0.00 seconds
      cpu time            0.00 seconds
      

344067     proc transpose data=WORK._SPRIN2 out=WORK._SPRIN2 prefix=_SPRIN2;
MPRINT(EM_DIAGRAM):   proc transpose data=WORK._SPRIN2 out=WORK._SPRIN2 prefix=_SPRIN2;

NOTE: There were 6 observations read from the data set WORK._SPRIN2.
NOTE: The data set WORK._SPRIN2 has 47 observations and 8 variables.
NOTE: PROCEDURE TRANSPOSE used (Total process time):
      real time           0.00 seconds
      cpu time            0.00 seconds
      

344068     data WORK._SPRIN2;
MPRINT(EM_DIAGRAM):   data WORK._SPRIN2;
344069     set WORK._SPRIN2;
MPRINT(EM_DIAGRAM):   set WORK._SPRIN2;
344070     if _SPRIN21=. then delete;
MPRINT(EM_DIAGRAM):   if _SPRIN21=. then delete;
344071     /* to delete _v_ variables */

NOTE: There were 47 observations read from the data set WORK._SPRIN2.
NOTE: The data set WORK._SPRIN2 has 47 observations and 8 variables.
NOTE: DATA statement used (Total process time):
      real time           0.00 seconds
      cpu time            0.01 seconds
      

344072     proc transpose data=WORK._SPRIN2 out=WORK._SPRIN2;
MPRINT(EM_DIAGRAM):   proc transpose data=WORK._SPRIN2 out=WORK._SPRIN2;
344073     run;
MPRINT(EM_DIAGRAM):   run;

NOTE: There were 47 observations read from the data set WORK._SPRIN2.
NOTE: The data set WORK._SPRIN2 has 6 observations and 48 variables.
NOTE: PROCEDURE TRANSPOSE used (Total process time):
      real time           0.00 seconds
      cpu time            0.00 seconds
      

344074     data WORK._SPRIN3;
MPRINT(EM_DIAGRAM):    data WORK._SPRIN3;
344075     set EMWS8.DMNeural_ESTIMATE;
MPRINT(EM_DIAGRAM):   set EMWS8.DMNeural_ESTIMATE;
344076     if _TYPE_^='_EIGVEC_' then delete;
MPRINT(EM_DIAGRAM):   if _TYPE_^='_EIGVEC_' then delete;
344077     if _STAGE_ ^='3' then delete;
MPRINT(EM_DIAGRAM):   if _STAGE_ ^='3' then delete;
344078     drop _TARGET_ _TYPE_ _STAGE_ _NAME_ _MEAN_ _STDEV_;
MPRINT(EM_DIAGRAM):   drop _TARGET_ _TYPE_ _STAGE_ _NAME_ _MEAN_ _STDEV_;

NOTE: Character values have been converted to numeric values at the places given by: 
      (Line):(Column).
      344077:14   
NOTE: There were 146 observations read from the data set EMWS8.DMNEURAL_ESTIMATE.
NOTE: The data set WORK._SPRIN3 has 6 observations and 47 variables.
NOTE: DATA statement used (Total process time):
      real time           0.00 seconds
      cpu time            0.00 seconds
      

344079     proc transpose data=WORK._SPRIN3 out=WORK._SPRIN3 prefix=_SPRIN3;
MPRINT(EM_DIAGRAM):   proc transpose data=WORK._SPRIN3 out=WORK._SPRIN3 prefix=_SPRIN3;

NOTE: There were 6 observations read from the data set WORK._SPRIN3.
NOTE: The data set WORK._SPRIN3 has 47 observations and 8 variables.
NOTE: PROCEDURE TRANSPOSE used (Total process time):
      real time           0.00 seconds
      cpu time            0.01 seconds
      

344080     data WORK._SPRIN3;
MPRINT(EM_DIAGRAM):   data WORK._SPRIN3;
344081     set WORK._SPRIN3;
MPRINT(EM_DIAGRAM):   set WORK._SPRIN3;
344082     if _SPRIN31=. then delete;
MPRINT(EM_DIAGRAM):   if _SPRIN31=. then delete;
344083     /* to delete _v_ variables */

NOTE: There were 47 observations read from the data set WORK._SPRIN3.
NOTE: The data set WORK._SPRIN3 has 47 observations and 8 variables.
NOTE: DATA statement used (Total process time):
      real time           0.00 seconds
      cpu time            0.00 seconds
      

344084     proc transpose data=WORK._SPRIN3 out=WORK._SPRIN3;
MPRINT(EM_DIAGRAM):   proc transpose data=WORK._SPRIN3 out=WORK._SPRIN3;
344085     run;
MPRINT(EM_DIAGRAM):   run;

NOTE: There were 47 observations read from the data set WORK._SPRIN3.
NOTE: The data set WORK._SPRIN3 has 6 observations and 48 variables.
NOTE: PROCEDURE TRANSPOSE used (Total process time):
      real time           0.00 seconds
      cpu time            0.00 seconds
      

344086     data WORK._SPRIN4;
MPRINT(EM_DIAGRAM):    data WORK._SPRIN4;
344087     set EMWS8.DMNeural_ESTIMATE;
MPRINT(EM_DIAGRAM):   set EMWS8.DMNeural_ESTIMATE;
344088     if _TYPE_^='_EIGVEC_' then delete;
MPRINT(EM_DIAGRAM):   if _TYPE_^='_EIGVEC_' then delete;
344089     if _STAGE_ ^='4' then delete;
MPRINT(EM_DIAGRAM):   if _STAGE_ ^='4' then delete;
344090     drop _TARGET_ _TYPE_ _STAGE_ _NAME_ _MEAN_ _STDEV_;
MPRINT(EM_DIAGRAM):   drop _TARGET_ _TYPE_ _STAGE_ _NAME_ _MEAN_ _STDEV_;

NOTE: Character values have been converted to numeric values at the places given by: 
      (Line):(Column).
      344089:14   
NOTE: There were 146 observations read from the data set EMWS8.DMNEURAL_ESTIMATE.
NOTE: The data set WORK._SPRIN4 has 6 observations and 47 variables.
NOTE: DATA statement used (Total process time):
      real time           0.00 seconds
      cpu time            0.00 seconds
      

344091     proc transpose data=WORK._SPRIN4 out=WORK._SPRIN4 prefix=_SPRIN4;
MPRINT(EM_DIAGRAM):   proc transpose data=WORK._SPRIN4 out=WORK._SPRIN4 prefix=_SPRIN4;

NOTE: There were 6 observations read from the data set WORK._SPRIN4.
NOTE: The data set WORK._SPRIN4 has 47 observations and 8 variables.
NOTE: PROCEDURE TRANSPOSE used (Total process time):
      real time           0.00 seconds
      cpu time            0.00 seconds
      

344092     data WORK._SPRIN4;
MPRINT(EM_DIAGRAM):   data WORK._SPRIN4;
344093     set WORK._SPRIN4;
MPRINT(EM_DIAGRAM):   set WORK._SPRIN4;
344094     if _SPRIN41=. then delete;
MPRINT(EM_DIAGRAM):   if _SPRIN41=. then delete;
344095     /* to delete _v_ variables */

NOTE: There were 47 observations read from the data set WORK._SPRIN4.
NOTE: The data set WORK._SPRIN4 has 47 observations and 8 variables.
NOTE: DATA statement used (Total process time):
      real time           0.00 seconds
      cpu time            0.01 seconds
      

344096     proc transpose data=WORK._SPRIN4 out=WORK._SPRIN4;
MPRINT(EM_DIAGRAM):   proc transpose data=WORK._SPRIN4 out=WORK._SPRIN4;
344097     run;
MPRINT(EM_DIAGRAM):   run;

NOTE: There were 47 observations read from the data set WORK._SPRIN4.
NOTE: The data set WORK._SPRIN4 has 6 observations and 48 variables.
NOTE: PROCEDURE TRANSPOSE used (Total process time):
      real time           0.00 seconds
      cpu time            0.00 seconds
      

344098     data WORK._SPRIN5;
MPRINT(EM_DIAGRAM):    data WORK._SPRIN5;
344099     set EMWS8.DMNeural_ESTIMATE;
MPRINT(EM_DIAGRAM):   set EMWS8.DMNeural_ESTIMATE;
344100     if _TYPE_^='_EIGVEC_' then delete;
MPRINT(EM_DIAGRAM):   if _TYPE_^='_EIGVEC_' then delete;
344101     if _STAGE_ ^='5' then delete;
MPRINT(EM_DIAGRAM):   if _STAGE_ ^='5' then delete;
344102     drop _TARGET_ _TYPE_ _STAGE_ _NAME_ _MEAN_ _STDEV_;
MPRINT(EM_DIAGRAM):   drop _TARGET_ _TYPE_ _STAGE_ _NAME_ _MEAN_ _STDEV_;

NOTE: Character values have been converted to numeric values at the places given by: 
      (Line):(Column).
      344101:14   
NOTE: There were 146 observations read from the data set EMWS8.DMNEURAL_ESTIMATE.
NOTE: The data set WORK._SPRIN5 has 6 observations and 47 variables.
NOTE: DATA statement used (Total process time):
      real time           0.00 seconds
      cpu time            0.00 seconds
      

344103     proc transpose data=WORK._SPRIN5 out=WORK._SPRIN5 prefix=_SPRIN5;
MPRINT(EM_DIAGRAM):   proc transpose data=WORK._SPRIN5 out=WORK._SPRIN5 prefix=_SPRIN5;

NOTE: There were 6 observations read from the data set WORK._SPRIN5.
NOTE: The data set WORK._SPRIN5 has 47 observations and 8 variables.
NOTE: PROCEDURE TRANSPOSE used (Total process time):
      real time           0.00 seconds
      cpu time            0.01 seconds
      

344104     data WORK._SPRIN5;
MPRINT(EM_DIAGRAM):   data WORK._SPRIN5;
344105     set WORK._SPRIN5;
MPRINT(EM_DIAGRAM):   set WORK._SPRIN5;
344106     if _SPRIN51=. then delete;
MPRINT(EM_DIAGRAM):   if _SPRIN51=. then delete;
344107     /* to delete _v_ variables */

NOTE: There were 47 observations read from the data set WORK._SPRIN5.
NOTE: The data set WORK._SPRIN5 has 47 observations and 8 variables.
NOTE: DATA statement used (Total process time):
      real time           0.00 seconds
      cpu time            0.00 seconds
      

344108     proc transpose data=WORK._SPRIN5 out=WORK._SPRIN5;
MPRINT(EM_DIAGRAM):   proc transpose data=WORK._SPRIN5 out=WORK._SPRIN5;
344109     run;
MPRINT(EM_DIAGRAM):   run;

NOTE: There were 47 observations read from the data set WORK._SPRIN5.
NOTE: The data set WORK._SPRIN5 has 6 observations and 48 variables.
NOTE: PROCEDURE TRANSPOSE used (Total process time):
      real time           0.00 seconds
      cpu time            0.00 seconds
      

344110     data WORK._SPRIN6;
MPRINT(EM_DIAGRAM):    data WORK._SPRIN6;
344111     set EMWS8.DMNeural_ESTIMATE;
MPRINT(EM_DIAGRAM):   set EMWS8.DMNeural_ESTIMATE;
344112     if _TYPE_^='_EIGVEC_' then delete;
MPRINT(EM_DIAGRAM):   if _TYPE_^='_EIGVEC_' then delete;
344113     if _STAGE_ ^='6' then delete;
MPRINT(EM_DIAGRAM):   if _STAGE_ ^='6' then delete;
344114     drop _TARGET_ _TYPE_ _STAGE_ _NAME_ _MEAN_ _STDEV_;
MPRINT(EM_DIAGRAM):   drop _TARGET_ _TYPE_ _STAGE_ _NAME_ _MEAN_ _STDEV_;

NOTE: Character values have been converted to numeric values at the places given by: 
      (Line):(Column).
      344113:14   
NOTE: There were 146 observations read from the data set EMWS8.DMNEURAL_ESTIMATE.
NOTE: The data set WORK._SPRIN6 has 6 observations and 47 variables.
NOTE: DATA statement used (Total process time):
      real time           0.00 seconds
      cpu time            0.01 seconds
      

344115     proc transpose data=WORK._SPRIN6 out=WORK._SPRIN6 prefix=_SPRIN6;
MPRINT(EM_DIAGRAM):   proc transpose data=WORK._SPRIN6 out=WORK._SPRIN6 prefix=_SPRIN6;

NOTE: There were 6 observations read from the data set WORK._SPRIN6.
NOTE: The data set WORK._SPRIN6 has 47 observations and 8 variables.
NOTE: PROCEDURE TRANSPOSE used (Total process time):
      real time           0.00 seconds
      cpu time            0.00 seconds
      

344116     data WORK._SPRIN6;
MPRINT(EM_DIAGRAM):   data WORK._SPRIN6;
344117     set WORK._SPRIN6;
MPRINT(EM_DIAGRAM):   set WORK._SPRIN6;
344118     if _SPRIN61=. then delete;
MPRINT(EM_DIAGRAM):   if _SPRIN61=. then delete;
344119     /* to delete _v_ variables */

NOTE: There were 47 observations read from the data set WORK._SPRIN6.
NOTE: The data set WORK._SPRIN6 has 47 observations and 8 variables.
NOTE: DATA statement used (Total process time):
      real time           0.00 seconds
      cpu time            0.00 seconds
      

344120     proc transpose data=WORK._SPRIN6 out=WORK._SPRIN6;
MPRINT(EM_DIAGRAM):   proc transpose data=WORK._SPRIN6 out=WORK._SPRIN6;
344121     run;
MPRINT(EM_DIAGRAM):   run;

NOTE: There were 47 observations read from the data set WORK._SPRIN6.
NOTE: The data set WORK._SPRIN6 has 6 observations and 48 variables.
NOTE: PROCEDURE TRANSPOSE used (Total process time):
      real time           0.00 seconds
      cpu time            0.01 seconds
      

344122     data WORK._SPRIN7;
MPRINT(EM_DIAGRAM):    data WORK._SPRIN7;
344123     set EMWS8.DMNeural_ESTIMATE;
MPRINT(EM_DIAGRAM):   set EMWS8.DMNeural_ESTIMATE;
344124     if _TYPE_^='_EIGVEC_' then delete;
MPRINT(EM_DIAGRAM):   if _TYPE_^='_EIGVEC_' then delete;
344125     if _STAGE_ ^='7' then delete;
MPRINT(EM_DIAGRAM):   if _STAGE_ ^='7' then delete;
344126     drop _TARGET_ _TYPE_ _STAGE_ _NAME_ _MEAN_ _STDEV_;
MPRINT(EM_DIAGRAM):   drop _TARGET_ _TYPE_ _STAGE_ _NAME_ _MEAN_ _STDEV_;

NOTE: Character values have been converted to numeric values at the places given by: 
      (Line):(Column).
      344125:14   
NOTE: There were 146 observations read from the data set EMWS8.DMNEURAL_ESTIMATE.
NOTE: The data set WORK._SPRIN7 has 6 observations and 47 variables.
NOTE: DATA statement used (Total process time):
      real time           0.00 seconds
      cpu time            0.00 seconds
      

344127     proc transpose data=WORK._SPRIN7 out=WORK._SPRIN7 prefix=_SPRIN7;
MPRINT(EM_DIAGRAM):   proc transpose data=WORK._SPRIN7 out=WORK._SPRIN7 prefix=_SPRIN7;

NOTE: There were 6 observations read from the data set WORK._SPRIN7.
NOTE: The data set WORK._SPRIN7 has 47 observations and 8 variables.
NOTE: PROCEDURE TRANSPOSE used (Total process time):
      real time           0.00 seconds
      cpu time            0.01 seconds
      

344128     data WORK._SPRIN7;
MPRINT(EM_DIAGRAM):   data WORK._SPRIN7;
344129     set WORK._SPRIN7;
MPRINT(EM_DIAGRAM):   set WORK._SPRIN7;
344130     if _SPRIN71=. then delete;
MPRINT(EM_DIAGRAM):   if _SPRIN71=. then delete;
344131     /* to delete _v_ variables */

NOTE: There were 47 observations read from the data set WORK._SPRIN7.
NOTE: The data set WORK._SPRIN7 has 47 observations and 8 variables.
NOTE: DATA statement used (Total process time):
      real time           0.00 seconds
      cpu time            0.00 seconds
      

344132     proc transpose data=WORK._SPRIN7 out=WORK._SPRIN7;
MPRINT(EM_DIAGRAM):   proc transpose data=WORK._SPRIN7 out=WORK._SPRIN7;
344133     run;
MPRINT(EM_DIAGRAM):   run;

NOTE: There were 47 observations read from the data set WORK._SPRIN7.
NOTE: The data set WORK._SPRIN7 has 6 observations and 48 variables.
NOTE: PROCEDURE TRANSPOSE used (Total process time):
      real time           0.00 seconds
      cpu time            0.00 seconds
      

344134     data WORK._SPRIN8;
MPRINT(EM_DIAGRAM):    data WORK._SPRIN8;
344135     set EMWS8.DMNeural_ESTIMATE;
MPRINT(EM_DIAGRAM):   set EMWS8.DMNeural_ESTIMATE;
344136     if _TYPE_^='_EIGVEC_' then delete;
MPRINT(EM_DIAGRAM):   if _TYPE_^='_EIGVEC_' then delete;
344137     if _STAGE_ ^='8' then delete;
MPRINT(EM_DIAGRAM):   if _STAGE_ ^='8' then delete;
344138     drop _TARGET_ _TYPE_ _STAGE_ _NAME_ _MEAN_ _STDEV_;
MPRINT(EM_DIAGRAM):   drop _TARGET_ _TYPE_ _STAGE_ _NAME_ _MEAN_ _STDEV_;

NOTE: Character values have been converted to numeric values at the places given by: 
      (Line):(Column).
      344137:14   
NOTE: There were 146 observations read from the data set EMWS8.DMNEURAL_ESTIMATE.
NOTE: The data set WORK._SPRIN8 has 6 observations and 47 variables.
NOTE: DATA statement used (Total process time):
      real time           0.00 seconds
      cpu time            0.00 seconds
      

344139     proc transpose data=WORK._SPRIN8 out=WORK._SPRIN8 prefix=_SPRIN8;
MPRINT(EM_DIAGRAM):   proc transpose data=WORK._SPRIN8 out=WORK._SPRIN8 prefix=_SPRIN8;

NOTE: There were 6 observations read from the data set WORK._SPRIN8.
NOTE: The data set WORK._SPRIN8 has 47 observations and 8 variables.
NOTE: PROCEDURE TRANSPOSE used (Total process time):
      real time           0.00 seconds
      cpu time            0.00 seconds
      

344140     data WORK._SPRIN8;
MPRINT(EM_DIAGRAM):   data WORK._SPRIN8;
344141     set WORK._SPRIN8;
MPRINT(EM_DIAGRAM):   set WORK._SPRIN8;
344142     if _SPRIN81=. then delete;
MPRINT(EM_DIAGRAM):   if _SPRIN81=. then delete;
344143     /* to delete _v_ variables */

NOTE: There were 47 observations read from the data set WORK._SPRIN8.
NOTE: The data set WORK._SPRIN8 has 47 observations and 8 variables.
NOTE: DATA statement used (Total process time):
      real time           0.00 seconds
      cpu time            0.00 seconds
      

344144     proc transpose data=WORK._SPRIN8 out=WORK._SPRIN8;
MPRINT(EM_DIAGRAM):   proc transpose data=WORK._SPRIN8 out=WORK._SPRIN8;
344145     run;
MPRINT(EM_DIAGRAM):   run;

NOTE: There were 47 observations read from the data set WORK._SPRIN8.
NOTE: The data set WORK._SPRIN8 has 6 observations and 48 variables.
NOTE: PROCEDURE TRANSPOSE used (Total process time):
      real time           0.00 seconds
      cpu time            0.01 seconds
      

344146     data WORK._SPRIN9;
MPRINT(EM_DIAGRAM):    data WORK._SPRIN9;
344147     set EMWS8.DMNeural_ESTIMATE;
MPRINT(EM_DIAGRAM):   set EMWS8.DMNeural_ESTIMATE;
344148     if _TYPE_^='_EIGVEC_' then delete;
MPRINT(EM_DIAGRAM):   if _TYPE_^='_EIGVEC_' then delete;
344149     if _STAGE_ ^='9' then delete;
MPRINT(EM_DIAGRAM):   if _STAGE_ ^='9' then delete;
344150     drop _TARGET_ _TYPE_ _STAGE_ _NAME_ _MEAN_ _STDEV_;
MPRINT(EM_DIAGRAM):   drop _TARGET_ _TYPE_ _STAGE_ _NAME_ _MEAN_ _STDEV_;

NOTE: Character values have been converted to numeric values at the places given by: 
      (Line):(Column).
      344149:14   
NOTE: There were 146 observations read from the data set EMWS8.DMNEURAL_ESTIMATE.
NOTE: The data set WORK._SPRIN9 has 6 observations and 47 variables.
NOTE: DATA statement used (Total process time):
      real time           0.00 seconds
      cpu time            0.00 seconds
      

344151     proc transpose data=WORK._SPRIN9 out=WORK._SPRIN9 prefix=_SPRIN9;
MPRINT(EM_DIAGRAM):   proc transpose data=WORK._SPRIN9 out=WORK._SPRIN9 prefix=_SPRIN9;

NOTE: There were 6 observations read from the data set WORK._SPRIN9.
NOTE: The data set WORK._SPRIN9 has 47 observations and 8 variables.
NOTE: PROCEDURE TRANSPOSE used (Total process time):
      real time           0.00 seconds
      cpu time            0.00 seconds
      

344152     data WORK._SPRIN9;
MPRINT(EM_DIAGRAM):   data WORK._SPRIN9;
344153     set WORK._SPRIN9;
MPRINT(EM_DIAGRAM):   set WORK._SPRIN9;
344154     if _SPRIN91=. then delete;
MPRINT(EM_DIAGRAM):   if _SPRIN91=. then delete;
344155     /* to delete _v_ variables */

NOTE: There were 47 observations read from the data set WORK._SPRIN9.
NOTE: The data set WORK._SPRIN9 has 47 observations and 8 variables.
NOTE: DATA statement used (Total process time):
      real time           0.00 seconds
      cpu time            0.01 seconds
      

344156     proc transpose data=WORK._SPRIN9 out=WORK._SPRIN9;
MPRINT(EM_DIAGRAM):   proc transpose data=WORK._SPRIN9 out=WORK._SPRIN9;
344157     run;
MPRINT(EM_DIAGRAM):   run;

NOTE: There were 47 observations read from the data set WORK._SPRIN9.
NOTE: The data set WORK._SPRIN9 has 6 observations and 48 variables.
NOTE: PROCEDURE TRANSPOSE used (Total process time):
      real time           0.00 seconds
      cpu time            0.00 seconds
      

MPRINT(EM_DIAGRAM):    proc printto;
MPRINT(EM_DIAGRAM):   run;
