 
                                                                                               
 
 
Fit Statistics

Target=DepVar Target Label=DepVar

   Fit
Statistics    Statistics Label                     Train    Validation

 _DFT_        Total Degrees of Freedom           2374.00          .   
 _DFE_        Degrees of Freedom for Error       2307.00          .   
 _DFM_        Model Degrees of Freedom             67.00          .   
 _NW_         Number of Estimated Weights          67.00          .   
 _AIC_        Akaike's Information Criterion      977.80          .   
 _SBC_        Schwarz's Bayesian Criterion       1364.55          .   
 _ASE_        Average Squared Error                 0.05         0.06 
 _MAX_        Maximum Absolute Error                0.99         1.00 
 _DIV_        Divisor for ASE                    4748.00      2036.00 
 _NOBS_       Sum of Frequencies                 2374.00      1018.00 
 _RASE_       Root Average Squared Error            0.23         0.24 
 _SSE_        Sum of Squared Errors               255.45       117.66 
 _SUMW_       Sum of Case Weights Times Freq     4748.00      2036.00 
 _FPE_        Final Prediction Error                0.06          .   
 _MSE_        Mean Squared Error                    0.06         0.06 
 _RFPE_       Root Final Prediction Error           0.24          .   
 _RMSE_       Root Mean Squared Error               0.24         0.24 
 _AVERR_      Average Error Function                0.18         0.20 
 _ERR_        Error Function                      843.80       398.08 
 _MISC_       Misclassification Rate                0.08         0.07 
 _WRONG_      Number of Wrong Classifications     181.00        68.00 
 
                                                                                               
 
 
Classification Table

Data Role=TRAIN Target Variable=DepVar Target Label=DepVar

                       Target        Outcome     Frequency       Total
Target    Outcome    Percentage    Percentage      Count      Percentage

  0          0         94.0442       97.1712        1958        82.4768 
  1          0          5.9558       34.5404         124         5.2233 
  0          1         19.5205        2.8288          57         2.4010 
  1          1         80.4795       65.4596         235         9.8989 


Data Role=VALIDATE Target Variable=DepVar Target Label=DepVar

                       Target        Outcome     Frequency       Total
Target    Outcome    Percentage    Percentage      Count      Percentage

  0          0         95.0170       97.2190        839         82.4165 
  1          0          4.9830       28.3871         44          4.3222 
  0          1         17.7778        2.7810         24          2.3576 
  1          1         82.2222       71.6129        111         10.9037 
 
                                                                                               
 
 
Event Classification Table

Data Role=TRAIN Target=DepVar Target Label=DepVar

  False       True        False       True
Negative    Negative    Positive    Positive

   124        1958         57          235  


Data Role=VALIDATE Target=DepVar Target Label=DepVar

  False       True        False       True
Negative    Negative    Positive    Positive

   44          839         24          111  
 
                                                                                               
 
 
Assessment Score Rankings

Data Role=TRAIN Target Variable=DepVar Target Label=DepVar

                                                                                    Mean
                            Cumulative       %      Cumulative     Number of     Posterior
Depth      Gain     Lift       Lift      Response   % Response   Observations   Probability

   5    539.053   6.39053     6.39053     96.6387     96.6387         119         0.97155  
  10    483.484   5.27914     5.83484     79.8319     88.2353         119         0.76528  
  15    396.424   3.22305     4.96424     48.7395     75.0700         119         0.49864  
  20    321.828   1.96143     4.21828     29.6610     63.7895         118         0.30044  
  25    262.925   1.27811     3.62925     19.3277     54.8822         119         0.18381  
  30    210.700   0.50013     3.10700      7.5630     46.9846         119         0.10850  
  35    174.539   0.56041     2.74539      8.4746     41.5162         118         0.06032  
  40    144.326   0.33342     2.44326      5.0420     36.9474         119         0.03721  
  45    119.602   0.22228     2.19602      3.3613     33.2086         119         0.02408  
  50     98.886   0.11208     1.98886      1.6949     30.0758         118         0.01563  
  55     81.776   0.11114     1.81776      1.6807     27.4885         119         0.01003  
  60     66.596   0.00000     1.66596      0.0000     25.1930         119         0.00696  
  65     53.756   0.00000     1.53756      0.0000     23.2513         119         0.00513  
  70     42.840   0.00000     1.42840      0.0000     21.6005         118         0.00390  
  75     33.296   0.00000     1.33296      0.0000     20.1572         119         0.00308  
  80     24.947   0.00000     1.24947      0.0000     18.8947         119         0.00242  
  85     17.641   0.00000     1.17641      0.0000     17.7899         118         0.00194  
  90     11.090   0.00000     1.11090      0.0000     16.7993         119         0.00162  
  95      5.230   0.00000     1.05230      0.0000     15.9131         119         0.00137  
 100      0.000   0.00000     1.00000      0.0000     15.1222         118         0.00115  


Data Role=VALIDATE Target Variable=DepVar Target Label=DepVar

                                                                                    Mean
                            Cumulative       %      Cumulative     Number of     Posterior
Depth      Gain     Lift       Lift      Response   % Response   Observations   Probability

   5    518.140   6.18140     6.18140     94.1176     94.1176         51          0.97748  
  10    447.312   4.76483     5.47312     72.5490     83.3333         51          0.80228  
  15    406.532   4.24972     5.06532     64.7059     77.1242         51          0.53877  
  20    305.655   1.03023     4.05655     15.6863     61.7647         51          0.30649  
  25    255.431   1.54535     3.55431     23.5294     54.1176         51          0.17461  
  30    206.924   0.64390     3.06924      9.8039     46.7320         51          0.09527  
  35    170.436   0.51512     2.70436      7.8431     41.1765         51          0.05487  
  40    143.071   0.51512     2.43071      7.8431     37.0098         51          0.03388  
  45    118.925   0.25756     2.18925      3.9216     33.3333         51          0.02004  
  50     98.710   0.13135     1.98710      2.0000     30.2554         50          0.01215  
  55     80.613   0.00000     1.80613      0.0000     27.5000         51          0.00889  
  60     65.537   0.00000     1.65537      0.0000     25.2046         51          0.00667  
  65     52.784   0.00000     1.52784      0.0000     23.2628         51          0.00512  
  70     42.777   0.12878     1.42777      1.9608     21.7391         51          0.00394  
  75     33.246   0.00000     1.33246      0.0000     20.2880         51          0.00299  
  80     24.908   0.00000     1.24908      0.0000     19.0184         51          0.00245  
  85     17.552   0.00000     1.17552      0.0000     17.8984         51          0.00200  
  90     11.014   0.00000     1.11014      0.0000     16.9029         51          0.00165  
  95      5.165   0.00000     1.05165      0.0000     16.0124         51          0.00140  
 100      0.000   0.00000     1.00000      0.0000     15.2259         50          0.00115  
 
                                                                                               
 
 
Assessment Score Distribution

Data Role=TRAIN Target Variable=DepVar Target Label=DepVar

 Posterior     Number                     Mean
Probability      of      Number of     Posterior
   Range       Events    Nonevents    Probability    Percentage

 0.95-1.00       92            1        0.98314         3.9174 
 0.90-0.95       32            4        0.92402         1.5164 
 0.85-0.90       10            2        0.87676         0.5055 
 0.80-0.85       16            3        0.82399         0.8003 
 0.75-0.80       14            6        0.77265         0.8425 
 0.70-0.75       25            6        0.72527         1.3058 
 0.65-0.70       15            3        0.67211         0.7582 
 0.60-0.65       14           10        0.62517         1.0110 
 0.55-0.60        6            9        0.57646         0.6318 
 0.50-0.55       11           13        0.52798         1.0110 
 0.45-0.50       17           14        0.47490         1.3058 
 0.40-0.45       10           12        0.42618         0.9267 
 0.35-0.40       13           19        0.37350         1.3479 
 0.30-0.35       13           27        0.32506         1.6849 
 0.25-0.30       12           30        0.27072         1.7692 
 0.20-0.25        9           44        0.22008         2.2325 
 0.15-0.20       14           56        0.17558         2.9486 
 0.10-0.15        7           80        0.12324         3.6647 
 0.05-0.10       14          124        0.07170         5.8130 
 0.00-0.05       15         1552        0.00941        66.0067 


Data Role=VALIDATE Target Variable=DepVar Target Label=DepVar

 Posterior     Number                     Mean
Probability      of      Number of     Posterior
   Range       Events    Nonevents    Probability    Percentage

 0.95-1.00       41           2         0.98619         4.2240 
 0.90-0.95       11           2         0.92082         1.2770 
 0.85-0.90        4           3         0.88432         0.6876 
 0.80-0.85        9           6         0.82153         1.4735 
 0.75-0.80        8           2         0.78992         0.9823 
 0.70-0.75       10           1         0.71872         1.0806 
 0.65-0.70        7           1         0.67859         0.7859 
 0.60-0.65        3           3         0.61829         0.5894 
 0.55-0.60        8           2         0.57825         0.9823 
 0.50-0.55       10           2         0.52757         1.1788 
 0.45-0.50        3           9         0.47231         1.1788 
 0.40-0.45        5           6         0.42563         1.0806 
 0.35-0.40        1           8         0.36634         0.8841 
 0.30-0.35        2           6         0.32408         0.7859 
 0.25-0.30        3          18         0.27430         2.0629 
 0.20-0.25        4          19         0.22109         2.2593 
 0.15-0.20        6          17         0.17164         2.2593 
 0.10-0.15        5          26         0.12411         3.0452 
 0.05-0.10        6          60         0.07250         6.4833 
 0.00-0.05        9         670         0.00888        66.6994 
