 
                                                                                               
 
 
Variable Summary

            Measurement    Frequency
Role           Level         Count

INPUT        INTERVAL           1   
INPUT        NOMINAL           17   
REJECTED     BINARY             7   
REJECTED     INTERVAL          23   
REJECTED     NOMINAL            2   
TARGET       BINARY             1   
 
                                                                                               
 
 
Model Events

                                  Number
                   Measurement      of
Target    Event       Level       Levels      Order       Label

DepVar      1        BINARY          2      Descending    DepVar
 
                                                                                               
 
 
Predicted and decision variables

Type         Variable     Label

TARGET       DepVar       DepVar             
PREDICTED    P_DepVar1    Predicted: DepVar=1
RESIDUAL     R_DepVar1    Residual: DepVar=1 
PREDICTED    P_DepVar0    Predicted: DepVar=0
RESIDUAL     R_DepVar0    Residual: DepVar=0 
FROM         F_DepVar     From: DepVar       
INTO         I_DepVar     Into: DepVar       
 
                                                                                               
 
 

The NEURAL Procedure

Preliminary       Starting         Objective         Number
 Training          Random           Function           of        Terminating
    Run             Seed             Value         Iterations     Criteria

        1               12345    0.213704482144           10                
        2          1224076002    0.233503504859           10                
        3          1627081008    0.230195307136           10                
        4           424127142    0.228049082051           10                
        5           413626704    0.248226467623           10                
 
                                                                                               
 
 

The NEURAL Procedure

                       Optimization Start
                       Parameter Estimates
                                                        Gradient
                                                       Objective
  N Parameter                           Estimate        Function

  1 Year_Birth_H11                     -0.033807       -0.001980
  2 Year_Birth_H12                      0.083608       -0.016725
  3 Year_Birth_H13                     -0.013682       -0.009034
  4 Year_Birth_H14                     -0.028695        0.001259
  5 Year_Birth_H15                      0.003589        0.000357
  6 GRP_AcceptedCmp52_H11               0.063668        0.010849
  7 GRP_AcceptedCmpTotal3_H11          -0.138229        0.037195
  8 GRP_Frq2_H11                        0.039814        0.020645
  9 GRP_Frq3_H11                        0.078010        0.016565
 10 GRP_Frq4_H11                        0.055451        0.020816
 11 GRP_Frq5_H11                       -0.099018        0.028084
 12 GRP_Frq6_H11                        0.013747        0.024500
 13 GRP_Frq7_H11                       -0.073812        0.016740
 14 GRP_Frq8_H11                        0.165966        0.015346
 15 GRP_Frq9_H11                       -0.051893        0.007242
 16 GRP_Frq10_H11                       0.071973        0.010796
 17 GRP_Income2_H11                     0.036420        0.021118
 18 GRP_Income3_H11                     0.110511        0.024477
 19 GRP_Income4_H11                     0.190790        0.030885
 20 GRP_Income5_H11                     0.200005        0.029037
 21 GRP_Income6_H11                     0.107263        0.021754
 22 GRP_Income7_H11                     0.061745        0.022587
 23 GRP_Income8_H11                    -0.072692        0.022067
 24 GRP_Income9_H11                     0.092824        0.015572
 25 GRP_Income10_H11                    0.255922        0.009933
 26 GRP_Mnt2_H11                        0.211733        0.029074
 27 GRP_Mnt3_H11                       -0.034072        0.031044
 28 GRP_Mnt4_H11                       -0.047165        0.032423
 29 GRP_Mnt5_H11                       -0.062289        0.042496
 30 GRP_Mnt6_H11                       -0.053388        0.038245
 31 GRP_Mnt7_H11                        0.005163        0.028493
 32 GRP_Mnt8_H11                       -0.005722        0.026459
 33 GRP_Mnt9_H11                        0.085477        0.028836
 34 GRP_Mnt10_H11                       0.107035        0.020716
 35 GRP_MntFishProducts3_H11            0.107505        0.013203
 36 GRP_MntFishProducts4_H11            0.024599        0.014283
 37 GRP_MntFishProducts5_H11            0.002936        0.012567
 38 GRP_MntFishProducts6_H11           -0.056033        0.007850
 39 GRP_MntFishProducts7_H11           -0.004171        0.009424
 40 GRP_MntFishProducts8_H11            0.087033        0.008170
 41 GRP_MntFishProducts9_H11           -0.048269        0.001493
 42 GRP_MntFishProducts10_H11           0.082250        0.000885
 43 GRP_MntGoldProds2_H11              -0.025282        0.013045
 44 GRP_MntGoldProds3_H11               0.216500        0.019342
 45 GRP_MntGoldProds4_H11               0.044704        0.014816
 46 GRP_MntGoldProds5_H11              -0.010678        0.010936
 47 GRP_MntGoldProds6_H11              -0.030881        0.012260
 48 GRP_MntGoldProds7_H11               0.205414        0.015225
 49 GRP_MntGoldProds8_H11               0.038459        0.010736
 50 GRP_MntGoldProds9_H11              -0.064263        0.004493
 51 GRP_MntGoldProds10_H11             -0.167932        0.001572
 52 GRP_MntMeatProducts2_H11           -0.064081        0.030669
 53 GRP_MntMeatProducts3_H11           -0.018634        0.025586
 54 GRP_MntMeatProducts4_H11           -0.194920        0.030007
 55 GRP_MntMeatProducts5_H11           -0.071990        0.029785
 56 GRP_MntMeatProducts6_H11            0.071929        0.033702
 57 GRP_MntMeatProducts7_H11           -0.159316        0.017993
 58 GRP_MntMeatProducts8_H11           -0.072594        0.019861
 59 GRP_MntMeatProducts9_H11           -0.004932        0.017086
 60 GRP_MntMeatProducts10_H11           0.186348        0.006998
 61 GRP_MntSweetProducts3_H11          -0.049390        0.019232
 62 GRP_MntSweetProducts4_H11           0.059014        0.019262
 63 GRP_MntSweetProducts5_H11           0.165789        0.015597
 64 GRP_MntSweetProducts6_H11           0.073820        0.013123
 65 GRP_MntSweetProducts7_H11          -0.106679        0.012077
 66 GRP_MntSweetProducts8_H11           0.115662        0.009590
 67 GRP_MntSweetProducts9_H11           0.015894        0.003985
 68 GRP_MntSweetProducts10_H11         -0.074448        0.001200
 69 GRP_MntWines2_H11                   0.127051        0.018160
 70 GRP_MntWines3_H11                  -0.015330        0.021003
 71 GRP_MntWines4_H11                  -0.023708        0.019566
 72 GRP_MntWines5_H11                   0.044470        0.030966
 73 GRP_MntWines6_H11                  -0.025325        0.025897
 74 GRP_MntWines7_H11                   0.083289        0.022687
 75 GRP_MntWines8_H11                  -0.023376        0.018811
 76 GRP_MntWines9_H11                   0.027240        0.017406
 77 GRP_MntWines10_H11                 -0.213887        0.011185
 78 GRP_NumCatalogPurchases3_H11       -0.226641        0.043718
 79 GRP_NumCatalogPurchases4_H11        0.014014        0.041253
 80 GRP_NumCatalogPurchases5_H11       -0.047277        0.015279
 81 GRP_NumCatalogPurchases6_H11        0.005458        0.015922
 82 GRP_NumCatalogPurchases7_H11       -0.057971        0.013468
 83 GRP_NumDistPurchases2_H11           0.044157        0.019801
 84 GRP_NumDistPurchases3_H11          -0.068953        0.021853
 85 GRP_NumDistPurchases4_H11          -0.053839        0.024894
 86 GRP_NumDistPurchases5_H11          -0.109664        0.029114
 87 GRP_NumDistPurchases6_H11          -0.123841        0.021987
 88 GRP_NumDistPurchases7_H11          -0.030135        0.019527
 89 GRP_NumDistPurchases8_H11          -0.060370        0.025771
 90 GRP_NumDistPurchases9_H11           0.079747        0.003118
 91 GRP_NumDistPurchases10_H11          0.098867        0.006781
 92 GRP_NumWebPurchases2_H11            0.039249        0.010960
 93 GRP_NumWebPurchases3_H11           -0.101772        0.009145
 94 GRP_NumWebPurchases4_H11            0.054299        0.016740
 95 GRP_NumWebPurchases5_H11            0.063182        0.007997
 96 GRP_NumWebPurchases6_H11           -0.056882        0.008779
 97 GRP_NumWebPurchases7_H11            0.048900        0.007533
 98 GRP_NumWebPurchases8_H11            0.016815        0.001710
 99 GRP_NumWebVisitsMonth2_H11          0.068724       -0.014574
100 GRP_NumWebVisitsMonth3_H11          0.003296       -0.016347
101 GRP_NumWebVisitsMonth4_H11         -0.027449       -0.015712
102 GRP_NumWebVisitsMonth5_H11         -0.129902       -0.009338
103 GRP_NumWebVisitsMonth6_H11         -0.114908       -0.016500
104 GRP_NumWebVisitsMonth7_H11         -0.041029       -0.015571
105 GRP_NumWebVisitsMonth8_H11          0.162904       -0.011930
106 GRP_RFMstat2_H11                    0.071891        0.020746
107 GRP_RFMstat3_H11                   -0.059946        0.025213
108 GRP_RFMstat4_H11                   -0.130206        0.021944
109 GRP_RFMstat5_H11                   -0.115539        0.020640
110 GRP_RFMstat6_H11                    0.003804        0.019134
111 GRP_RFMstat7_H11                   -0.124832        0.020716
112 GRP_RFMstat8_H11                   -0.274832        0.017539
113 GRP_RFMstat9_H11                   -0.191407        0.008217
114 GRP_RFMstat10_H11                  -0.065799        0.015876
115 GRP_RMntFrq2_H11                   -0.008703        0.012927
116 GRP_RMntFrq3_H11                    0.069803        0.017596
117 GRP_RMntFrq4_H11                    0.132031        0.019114
118 GRP_RMntFrq5_H11                    0.201270        0.026566
119 GRP_RMntFrq6_H11                    0.037434        0.026335
120 GRP_RMntFrq7_H11                   -0.015591        0.014870
121 GRP_RMntFrq8_H11                    0.004174        0.011595
122 GRP_RMntFrq9_H11                    0.241761        0.005131
123 GRP_RMntFrq10_H11                   0.046602        0.000578
124 GRP_Recency2_H11                    0.226875        0.003616
125 GRP_Recency3_H11                    0.259718       -0.001880
126 GRP_Recency4_H11                    0.259654        0.000206
127 GRP_Recency5_H11                    0.011850       -0.000744
128 GRP_Recency6_H11                    0.058198        0.002450
129 GRP_Recency7_H11                    0.010512       -0.002298
130 GRP_Recency8_H11                   -0.178073        0.002402
131 GRP_Recency9_H11                   -0.163377        0.003172
132 GRP_Recency10_H11                  -0.236794        0.004122
133 GRP_AcceptedCmp52_H12              -0.205027       -0.000378
134 GRP_AcceptedCmpTotal3_H12          -0.234287        0.052048
135 GRP_Frq2_H12                        0.011905        0.034217
136 GRP_Frq3_H12                        0.027724        0.031542
137 GRP_Frq4_H12                        0.058131        0.036300
138 GRP_Frq5_H12                        0.048535        0.046130
139 GRP_Frq6_H12                        0.109605        0.034254
140 GRP_Frq7_H12                        0.097250        0.028992
141 GRP_Frq8_H12                        0.103898        0.022146
142 GRP_Frq9_H12                       -0.132841        0.013902
143 GRP_Frq10_H12                      -0.096200        0.017466
144 GRP_Income2_H12                    -0.060730        0.050328
145 GRP_Income3_H12                     0.039607        0.054135
146 GRP_Income4_H12                     0.064767        0.063774
147 GRP_Income5_H12                     0.149006        0.061265
148 GRP_Income6_H12                    -0.028659        0.048755
149 GRP_Income7_H12                    -0.196576        0.050751
150 GRP_Income8_H12                    -0.181012        0.045832
151 GRP_Income9_H12                    -0.220503        0.044943
152 GRP_Income10_H12                   -0.219350        0.031421
153 GRP_Mnt2_H12                       -0.072256        0.050202
154 GRP_Mnt3_H12                        0.175294        0.053807
155 GRP_Mnt4_H12                        0.045189        0.057243
156 GRP_Mnt5_H12                        0.136759        0.068681
157 GRP_Mnt6_H12                        0.128160        0.062016
158 GRP_Mnt7_H12                        0.061074        0.049147
159 GRP_Mnt8_H12                       -0.015588        0.044257
160 GRP_Mnt9_H12                       -0.003293        0.039371
161 GRP_Mnt10_H12                       0.025821        0.038723
162 GRP_MntFishProducts3_H12            0.003819        0.033623
163 GRP_MntFishProducts4_H12           -0.160490        0.032981
164 GRP_MntFishProducts5_H12           -0.022021        0.032403
165 GRP_MntFishProducts6_H12           -0.020835        0.025207
166 GRP_MntFishProducts7_H12           -0.081033        0.024065
167 GRP_MntFishProducts8_H12            0.152469        0.022937
168 GRP_MntFishProducts9_H12           -0.116001        0.024244
169 GRP_MntFishProducts10_H12          -0.036940        0.006543
170 GRP_MntGoldProds2_H12              -0.128429        0.018819
171 GRP_MntGoldProds3_H12              -0.022549        0.028253
172 GRP_MntGoldProds4_H12              -0.048217        0.023851
173 GRP_MntGoldProds5_H12               0.043808        0.028032
174 GRP_MntGoldProds6_H12              -0.011710        0.023350
175 GRP_MntGoldProds7_H12              -0.077866        0.019754
176 GRP_MntGoldProds8_H12              -0.051186        0.017541
177 GRP_MntGoldProds9_H12              -0.005305        0.005789
178 GRP_MntGoldProds10_H12              0.006176       -0.005253
179 GRP_MntMeatProducts2_H12           -0.168398        0.049693
180 GRP_MntMeatProducts3_H12           -0.080592        0.046443
181 GRP_MntMeatProducts4_H12            0.099555        0.054154
182 GRP_MntMeatProducts5_H12           -0.074022        0.052495
183 GRP_MntMeatProducts6_H12            0.099205        0.055671
184 GRP_MntMeatProducts7_H12           -0.027768        0.028164
185 GRP_MntMeatProducts8_H12            0.093001        0.033229
186 GRP_MntMeatProducts9_H12            0.063243        0.033137
187 GRP_MntMeatProducts10_H12          -0.024951        0.017960
188 GRP_MntSweetProducts3_H12           0.066087        0.032960
189 GRP_MntSweetProducts4_H12           0.112325        0.031603
190 GRP_MntSweetProducts5_H12           0.024483        0.028677
191 GRP_MntSweetProducts6_H12          -0.045608        0.022696
192 GRP_MntSweetProducts7_H12           0.099674        0.021525
193 GRP_MntSweetProducts8_H12          -0.020847        0.016362
194 GRP_MntSweetProducts9_H12          -0.023649        0.005400
195 GRP_MntSweetProducts10_H12         -0.052502        0.001566
196 GRP_MntWines2_H12                   0.036589        0.032667
197 GRP_MntWines3_H12                   0.015889        0.034718
198 GRP_MntWines4_H12                   0.130727        0.032343
199 GRP_MntWines5_H12                   0.139517        0.047854
200 GRP_MntWines6_H12                   0.022484        0.038659
201 GRP_MntWines7_H12                  -0.047609        0.038147
202 GRP_MntWines8_H12                  -0.056749        0.030352
203 GRP_MntWines9_H12                  -0.115989        0.027300
204 GRP_MntWines10_H12                 -0.123645        0.010375
205 GRP_NumCatalogPurchases3_H12       -0.267998        0.069712
206 GRP_NumCatalogPurchases4_H12       -0.148510        0.063800
207 GRP_NumCatalogPurchases5_H12        0.002293        0.022004
208 GRP_NumCatalogPurchases6_H12        0.060032        0.027101
209 GRP_NumCatalogPurchases7_H12        0.055421        0.018169
210 GRP_NumDistPurchases2_H12          -0.090028        0.040608
211 GRP_NumDistPurchases3_H12          -0.138370        0.042096
212 GRP_NumDistPurchases4_H12           0.075296        0.049306
213 GRP_NumDistPurchases5_H12           0.096729        0.051847
214 GRP_NumDistPurchases6_H12           0.018840        0.043872
215 GRP_NumDistPurchases7_H12          -0.104861        0.030069
216 GRP_NumDistPurchases8_H12          -0.070001        0.046452
217 GRP_NumDistPurchases9_H12          -0.083295        0.015113
218 GRP_NumDistPurchases10_H12          0.058770        0.023644
219 GRP_NumWebPurchases2_H12            0.030741        0.022398
220 GRP_NumWebPurchases3_H12            0.013183        0.018591
221 GRP_NumWebPurchases4_H12            0.051213        0.026085
222 GRP_NumWebPurchases5_H12           -0.019061        0.021020
223 GRP_NumWebPurchases6_H12            0.013077        0.010138
224 GRP_NumWebPurchases7_H12           -0.003896        0.009841
225 GRP_NumWebPurchases8_H12            0.021211        0.008194
226 GRP_NumWebVisitsMonth2_H12         -0.177959       -0.019299
227 GRP_NumWebVisitsMonth3_H12         -0.035038       -0.027784
228 GRP_NumWebVisitsMonth4_H12         -0.172295       -0.030256
229 GRP_NumWebVisitsMonth5_H12         -0.084992       -0.019197
230 GRP_NumWebVisitsMonth6_H12         -0.037992       -0.030134
231 GRP_NumWebVisitsMonth7_H12          0.043494       -0.026704
232 GRP_NumWebVisitsMonth8_H12          0.014313       -0.016693
233 GRP_RFMstat2_H12                   -0.019446        0.038105
234 GRP_RFMstat3_H12                   -0.021576        0.044351
235 GRP_RFMstat4_H12                   -0.018166        0.044347
236 GRP_RFMstat5_H12                   -0.094178        0.035974
237 GRP_RFMstat6_H12                   -0.134097        0.034273
238 GRP_RFMstat7_H12                    0.144634        0.035872
239 GRP_RFMstat8_H12                    0.107086        0.028974
240 GRP_RFMstat9_H12                   -0.056445        0.017345
241 GRP_RFMstat10_H12                   0.310296        0.031131
242 GRP_RMntFrq2_H12                   -0.000309        0.030214
243 GRP_RMntFrq3_H12                    0.026040        0.034786
244 GRP_RMntFrq4_H12                    0.033316        0.042167
245 GRP_RMntFrq5_H12                   -0.078076        0.048037
246 GRP_RMntFrq6_H12                    0.136848        0.046317
247 GRP_RMntFrq7_H12                   -0.127566        0.032923
248 GRP_RMntFrq8_H12                   -0.280347        0.024333
249 GRP_RMntFrq9_H12                   -0.159106        0.014809
250 GRP_RMntFrq10_H12                  -0.086816        0.007690
251 GRP_Recency2_H12                    0.366383       -0.001005
252 GRP_Recency3_H12                    0.204248       -0.006679
253 GRP_Recency4_H12                    0.275339        0.000525
254 GRP_Recency5_H12                    0.159459       -0.008447
255 GRP_Recency6_H12                   -0.094120       -0.000448
256 GRP_Recency7_H12                   -0.059419       -0.005948
257 GRP_Recency8_H12                   -0.039865       -0.003846
258 GRP_Recency9_H12                   -0.093561       -0.002375
259 GRP_Recency10_H12                  -0.244707        0.004888
260 GRP_AcceptedCmp52_H13              -0.088557        0.003543
261 GRP_AcceptedCmpTotal3_H13           0.020794        0.027917
262 GRP_Frq2_H13                       -0.055451        0.019145
263 GRP_Frq3_H13                       -0.024478        0.017998
264 GRP_Frq4_H13                       -0.089134        0.019304
265 GRP_Frq5_H13                        0.105191        0.018352
266 GRP_Frq6_H13                        0.060655        0.019684
267 GRP_Frq7_H13                       -0.055631        0.017663
268 GRP_Frq8_H13                        0.177724        0.016185
269 GRP_Frq9_H13                        0.071474        0.013483
270 GRP_Frq10_H13                      -0.026648        0.007754
271 GRP_Income2_H13                     0.088549        0.023807
272 GRP_Income3_H13                     0.014109        0.023802
273 GRP_Income4_H13                     0.085477        0.026087
274 GRP_Income5_H13                     0.034002        0.026254
275 GRP_Income6_H13                     0.034909        0.022984
276 GRP_Income7_H13                     0.044982        0.024434
277 GRP_Income8_H13                     0.043468        0.023590
278 GRP_Income9_H13                     0.068758        0.021433
279 GRP_Income10_H13                   -0.021928        0.016470
280 GRP_Mnt2_H13                       -0.055341        0.023104
281 GRP_Mnt3_H13                        0.001180        0.023718
282 GRP_Mnt4_H13                       -0.176164        0.023106
283 GRP_Mnt5_H13                        0.020905        0.023966
284 GRP_Mnt6_H13                        0.091565        0.024586
285 GRP_Mnt7_H13                       -0.018177        0.020551
286 GRP_Mnt8_H13                       -0.086736        0.020538
287 GRP_Mnt9_H13                       -0.017158        0.019098
288 GRP_Mnt10_H13                       0.042747        0.016302
289 GRP_MntFishProducts3_H13            0.110207        0.012852
290 GRP_MntFishProducts4_H13            0.155531        0.015739
291 GRP_MntFishProducts5_H13            0.145743        0.014292
292 GRP_MntFishProducts6_H13           -0.067624        0.013363
293 GRP_MntFishProducts7_H13            0.051727        0.012539
294 GRP_MntFishProducts8_H13            0.124029        0.009305
295 GRP_MntFishProducts9_H13            0.147445        0.010773
296 GRP_MntFishProducts10_H13          -0.019781        0.006989
297 GRP_MntGoldProds2_H13               0.067071        0.009437
298 GRP_MntGoldProds3_H13              -0.114899        0.012604
299 GRP_MntGoldProds4_H13               0.012353        0.010514
300 GRP_MntGoldProds5_H13              -0.123042        0.011352
301 GRP_MntGoldProds6_H13               0.038558        0.005707
302 GRP_MntGoldProds7_H13               0.133396        0.008092
303 GRP_MntGoldProds8_H13               0.016624        0.005455
304 GRP_MntGoldProds9_H13               0.146351        0.004767
305 GRP_MntGoldProds10_H13             -0.072671       -0.001043
306 GRP_MntMeatProducts2_H13           -0.076764        0.019459
307 GRP_MntMeatProducts3_H13            0.012056        0.018055
308 GRP_MntMeatProducts4_H13           -0.096365        0.018394
309 GRP_MntMeatProducts5_H13           -0.062159        0.018435
310 GRP_MntMeatProducts6_H13           -0.083867        0.018406
311 GRP_MntMeatProducts7_H13           -0.203160        0.012309
312 GRP_MntMeatProducts8_H13           -0.013796        0.012642
313 GRP_MntMeatProducts9_H13            0.014648        0.015520
314 GRP_MntMeatProducts10_H13           0.062541        0.004133
315 GRP_MntSweetProducts3_H13          -0.058771        0.013217
316 GRP_MntSweetProducts4_H13           0.104992        0.015049
317 GRP_MntSweetProducts5_H13          -0.121643        0.013685
318 GRP_MntSweetProducts6_H13           0.050248        0.012129
319 GRP_MntSweetProducts7_H13           0.054256        0.010867
320 GRP_MntSweetProducts8_H13           0.135990        0.009049
321 GRP_MntSweetProducts9_H13          -0.009914        0.003347
322 GRP_MntSweetProducts10_H13          0.091009        0.003447
323 GRP_MntWines2_H13                   0.045379        0.015179
324 GRP_MntWines3_H13                   0.084292        0.015035
325 GRP_MntWines4_H13                   0.163211        0.016592
326 GRP_MntWines5_H13                   0.233232        0.019003
327 GRP_MntWines6_H13                   0.101695        0.011447
328 GRP_MntWines7_H13                  -0.079070        0.015477
329 GRP_MntWines8_H13                  -0.060302        0.014753
330 GRP_MntWines9_H13                  -0.142407        0.013658
331 GRP_MntWines10_H13                  0.091525        0.009711
332 GRP_NumCatalogPurchases3_H13       -0.100937        0.031063
333 GRP_NumCatalogPurchases4_H13       -0.069599        0.029935
334 GRP_NumCatalogPurchases5_H13       -0.075109        0.021118
335 GRP_NumCatalogPurchases6_H13       -0.006426        0.021790
336 GRP_NumCatalogPurchases7_H13        0.096670        0.014615
337 GRP_NumDistPurchases2_H13          -0.042951        0.023928
338 GRP_NumDistPurchases3_H13          -0.052380        0.025141
339 GRP_NumDistPurchases4_H13           0.074518        0.025671
340 GRP_NumDistPurchases5_H13          -0.038686        0.024809
341 GRP_NumDistPurchases6_H13           0.056721        0.023420
342 GRP_NumDistPurchases7_H13           0.167197        0.022569
343 GRP_NumDistPurchases8_H13          -0.024942        0.027230
344 GRP_NumDistPurchases9_H13          -0.033103        0.013542
345 GRP_NumDistPurchases10_H13          0.127252        0.018052
346 GRP_NumWebPurchases2_H13           -0.108898        0.009143
347 GRP_NumWebPurchases3_H13            0.099130        0.009059
348 GRP_NumWebPurchases4_H13           -0.041437        0.010186
349 GRP_NumWebPurchases5_H13            0.178821        0.007482
350 GRP_NumWebPurchases6_H13           -0.084678       -0.000917
351 GRP_NumWebPurchases7_H13           -0.027453        0.004951
352 GRP_NumWebPurchases8_H13           -0.186938       -0.001453
353 GRP_NumWebVisitsMonth2_H13         -0.258097       -0.004396
354 GRP_NumWebVisitsMonth3_H13         -0.200521       -0.006223
355 GRP_NumWebVisitsMonth4_H13         -0.137578       -0.010523
356 GRP_NumWebVisitsMonth5_H13         -0.008111       -0.003214
357 GRP_NumWebVisitsMonth6_H13          0.018929       -0.007522
358 GRP_NumWebVisitsMonth7_H13         -0.082494       -0.004382
359 GRP_NumWebVisitsMonth8_H13          0.154615       -0.005410
360 GRP_RFMstat2_H13                   -0.184429        0.012063
361 GRP_RFMstat3_H13                   -0.123269        0.013135
362 GRP_RFMstat4_H13                   -0.037553        0.010327
363 GRP_RFMstat5_H13                    0.082587        0.010873
364 GRP_RFMstat6_H13                    0.002670        0.009499
365 GRP_RFMstat7_H13                   -0.017820        0.010206
366 GRP_RFMstat8_H13                   -0.157204        0.008399
367 GRP_RFMstat9_H13                   -0.023659        0.000116
368 GRP_RFMstat10_H13                   0.029768        0.004270
369 GRP_RMntFrq2_H13                    0.039938        0.009690
370 GRP_RMntFrq3_H13                   -0.047838        0.010444
371 GRP_RMntFrq4_H13                    0.138163        0.009399
372 GRP_RMntFrq5_H13                   -0.007186        0.011580
373 GRP_RMntFrq6_H13                   -0.113726        0.011080
374 GRP_RMntFrq7_H13                    0.089524        0.008990
375 GRP_RMntFrq8_H13                    0.016815        0.006969
376 GRP_RMntFrq9_H13                   -0.084773       -0.002608
377 GRP_RMntFrq10_H13                  -0.176405       -0.000479
378 GRP_Recency2_H13                    0.217444        0.000901
379 GRP_Recency3_H13                    0.182411       -0.000601
380 GRP_Recency4_H13                    0.249375        0.002721
381 GRP_Recency5_H13                    0.171923       -0.000225
382 GRP_Recency6_H13                   -0.006072        0.001382
383 GRP_Recency7_H13                   -0.039424       -0.001418
384 GRP_Recency8_H13                    0.001608       -0.001594
385 GRP_Recency9_H13                    0.004176       -0.002130
386 GRP_Recency10_H13                  -0.066309        0.002814
387 GRP_AcceptedCmp52_H14               0.082029       -0.000595
388 GRP_AcceptedCmpTotal3_H14          -0.015318       -0.007077
389 GRP_Frq2_H14                        0.100486       -0.004838
390 GRP_Frq3_H14                       -0.067993       -0.003897
391 GRP_Frq4_H14                       -0.034243       -0.004837
392 GRP_Frq5_H14                        0.035903       -0.006314
393 GRP_Frq6_H14                       -0.031217       -0.005138
394 GRP_Frq7_H14                       -0.107635       -0.003935
395 GRP_Frq8_H14                       -0.000445       -0.003074
396 GRP_Frq9_H14                       -0.001471       -0.001967
397 GRP_Frq10_H14                      -0.115299       -0.001686
398 GRP_Income2_H14                     0.023909       -0.005880
399 GRP_Income3_H14                    -0.028279       -0.006163
400 GRP_Income4_H14                     0.026139       -0.007665
401 GRP_Income5_H14                     0.118856       -0.007843
402 GRP_Income6_H14                     0.034474       -0.005476
403 GRP_Income7_H14                    -0.071076       -0.005935
404 GRP_Income8_H14                     0.073162       -0.006071
405 GRP_Income9_H14                     0.058148       -0.003896
406 GRP_Income10_H14                   -0.032526       -0.002941
407 GRP_Mnt2_H14                        0.154464       -0.007472
408 GRP_Mnt3_H14                        0.072003       -0.007990
409 GRP_Mnt4_H14                       -0.013234       -0.008107
410 GRP_Mnt5_H14                       -0.110761       -0.010315
411 GRP_Mnt6_H14                       -0.028232       -0.009531
412 GRP_Mnt7_H14                        0.114268       -0.007690
413 GRP_Mnt8_H14                        0.060669       -0.006558
414 GRP_Mnt9_H14                        0.095425       -0.006668
415 GRP_Mnt10_H14                      -0.080641       -0.005415
416 GRP_MntFishProducts3_H14           -0.067627       -0.004287
417 GRP_MntFishProducts4_H14           -0.091360       -0.004595
418 GRP_MntFishProducts5_H14            0.066695       -0.004596
419 GRP_MntFishProducts6_H14            0.054635       -0.003490
420 GRP_MntFishProducts7_H14           -0.088194       -0.003673
421 GRP_MntFishProducts8_H14           -0.071413       -0.002739
422 GRP_MntFishProducts9_H14            0.115695       -0.002130
423 GRP_MntFishProducts10_H14           0.005755       -0.001244
424 GRP_MntGoldProds2_H14              -0.087822       -0.002878
425 GRP_MntGoldProds3_H14               0.015322       -0.004389
426 GRP_MntGoldProds4_H14               0.079517       -0.003355
427 GRP_MntGoldProds5_H14               0.015425       -0.002974
428 GRP_MntGoldProds6_H14              -0.008514       -0.002846
429 GRP_MntGoldProds7_H14               0.112402       -0.003501
430 GRP_MntGoldProds8_H14              -0.103467       -0.002746
431 GRP_MntGoldProds9_H14              -0.048914       -0.000997
432 GRP_MntGoldProds10_H14              0.068281        0.000853
433 GRP_MntMeatProducts2_H14            0.071270       -0.007965
434 GRP_MntMeatProducts3_H14            0.011221       -0.007012
435 GRP_MntMeatProducts4_H14           -0.039800       -0.007672
436 GRP_MntMeatProducts5_H14            0.101731       -0.007951
437 GRP_MntMeatProducts6_H14            0.047454       -0.008747
438 GRP_MntMeatProducts7_H14            0.082382       -0.005137
439 GRP_MntMeatProducts8_H14           -0.085336       -0.005509
440 GRP_MntMeatProducts9_H14           -0.023925       -0.005349
441 GRP_MntMeatProducts10_H14           0.036810       -0.002027
442 GRP_MntSweetProducts3_H14           0.035645       -0.005482
443 GRP_MntSweetProducts4_H14           0.050840       -0.005346
444 GRP_MntSweetProducts5_H14          -0.124594       -0.004602
445 GRP_MntSweetProducts6_H14          -0.028306       -0.004316
446 GRP_MntSweetProducts7_H14           0.046344       -0.003238
447 GRP_MntSweetProducts8_H14           0.067720       -0.003041
448 GRP_MntSweetProducts9_H14          -0.133732       -0.002338
449 GRP_MntSweetProducts10_H14          0.171907       -0.000684
450 GRP_MntWines2_H14                   0.042079       -0.004765
451 GRP_MntWines3_H14                  -0.119989       -0.005206
452 GRP_MntWines4_H14                  -0.027253       -0.004800
453 GRP_MntWines5_H14                   0.071580       -0.007185
454 GRP_MntWines6_H14                  -0.026204       -0.006024
455 GRP_MntWines7_H14                  -0.092193       -0.005265
456 GRP_MntWines8_H14                  -0.104052       -0.004507
457 GRP_MntWines9_H14                   0.063691       -0.004556
458 GRP_MntWines10_H14                  0.100356       -0.002685
459 GRP_NumCatalogPurchases3_H14       -0.121049       -0.011166
460 GRP_NumCatalogPurchases4_H14        0.000835       -0.010608
461 GRP_NumCatalogPurchases5_H14        0.083662       -0.005607
462 GRP_NumCatalogPurchases6_H14        0.017402       -0.005138
463 GRP_NumCatalogPurchases7_H14        0.028354       -0.003687
464 GRP_NumDistPurchases2_H14           0.044449       -0.006892
465 GRP_NumDistPurchases3_H14          -0.114779       -0.007199
466 GRP_NumDistPurchases4_H14           0.121243       -0.007930
467 GRP_NumDistPurchases5_H14           0.035857       -0.008693
468 GRP_NumDistPurchases6_H14          -0.186299       -0.007300
469 GRP_NumDistPurchases7_H14           0.098089       -0.006435
470 GRP_NumDistPurchases8_H14           0.040697       -0.007986
471 GRP_NumDistPurchases9_H14          -0.046537       -0.003394
472 GRP_NumDistPurchases10_H14         -0.114030       -0.004410
473 GRP_NumWebPurchases2_H14           -0.051402       -0.003227
474 GRP_NumWebPurchases3_H14           -0.081807       -0.002679
475 GRP_NumWebPurchases4_H14           -0.087905       -0.003897
476 GRP_NumWebPurchases5_H14           -0.020251       -0.002562
477 GRP_NumWebPurchases6_H14           -0.090665       -0.001274
478 GRP_NumWebPurchases7_H14           -0.031699       -0.002517
479 GRP_NumWebPurchases8_H14            0.035868       -0.001065
480 GRP_NumWebVisitsMonth2_H14          0.090050        0.002997
481 GRP_NumWebVisitsMonth3_H14         -0.031776        0.002609
482 GRP_NumWebVisitsMonth4_H14          0.125461        0.003314
483 GRP_NumWebVisitsMonth5_H14          0.032462        0.002564
484 GRP_NumWebVisitsMonth6_H14         -0.170401        0.003477
485 GRP_NumWebVisitsMonth7_H14          0.117756        0.002964
486 GRP_NumWebVisitsMonth8_H14         -0.044019        0.002512
487 GRP_RFMstat2_H14                   -0.048086       -0.004604
488 GRP_RFMstat3_H14                    0.065830       -0.005577
489 GRP_RFMstat4_H14                   -0.000289       -0.004724
490 GRP_RFMstat5_H14                    0.137854       -0.004287
491 GRP_RFMstat6_H14                   -0.041669       -0.004268
492 GRP_RFMstat7_H14                   -0.016500       -0.004417
493 GRP_RFMstat8_H14                    0.040027       -0.003476
494 GRP_RFMstat9_H14                   -0.067821       -0.000782
495 GRP_RFMstat10_H14                   0.079588       -0.003179
496 GRP_RMntFrq2_H14                    0.064298       -0.004007
497 GRP_RMntFrq3_H14                   -0.093483       -0.004766
498 GRP_RMntFrq4_H14                   -0.026040       -0.005417
499 GRP_RMntFrq5_H14                    0.098668       -0.007154
500 GRP_RMntFrq6_H14                   -0.024238       -0.006380
501 GRP_RMntFrq7_H14                    0.151343       -0.004578
502 GRP_RMntFrq8_H14                   -0.115937       -0.003905
503 GRP_RMntFrq9_H14                   -0.027453       -0.000838
504 GRP_RMntFrq10_H14                  -0.017870       -0.001308
505 GRP_Recency2_H14                    0.058614       -0.000474
506 GRP_Recency3_H14                   -0.056799        0.000883
507 GRP_Recency4_H14                   -0.076879        0.000118
508 GRP_Recency5_H14                   -0.080969        0.001196
509 GRP_Recency6_H14                   -0.013461       -0.000282
510 GRP_Recency7_H14                    0.113463        0.000335
511 GRP_Recency8_H14                    0.018233        0.000255
512 GRP_Recency9_H14                    0.277463        0.000381
513 GRP_Recency10_H14                   0.031656       -0.000685
514 GRP_AcceptedCmp52_H15              -0.027612        0.000244
515 GRP_AcceptedCmpTotal3_H15          -0.008399       -0.000779
516 GRP_Frq2_H15                        0.000744       -0.000727
517 GRP_Frq3_H15                        0.009401       -0.000623
518 GRP_Frq4_H15                        0.135913       -0.000742
519 GRP_Frq5_H15                       -0.019744       -0.000972
520 GRP_Frq6_H15                        0.120781       -0.000795
521 GRP_Frq7_H15                       -0.052209       -0.000442
522 GRP_Frq8_H15                        0.040116       -0.000271
523 GRP_Frq9_H15                        0.030688       -0.000365
524 GRP_Frq10_H15                      -0.061371     0.000013703
525 GRP_Income2_H15                     0.072445       -0.000966
526 GRP_Income3_H15                     0.048790       -0.001088
527 GRP_Income4_H15                    -0.000659       -0.001083
528 GRP_Income5_H15                    -0.117387       -0.001070
529 GRP_Income6_H15                    -0.184405       -0.000822
530 GRP_Income7_H15                     0.053476       -0.000931
531 GRP_Income8_H15                    -0.096694       -0.000725
532 GRP_Income9_H15                    -0.001113       -0.000521
533 GRP_Income10_H15                    0.004463       -0.000250
534 GRP_Mnt2_H15                        0.109109       -0.001447
535 GRP_Mnt3_H15                       -0.089158       -0.001561
536 GRP_Mnt4_H15                        0.191292       -0.001822
537 GRP_Mnt5_H15                       -0.033246       -0.002007
538 GRP_Mnt6_H15                       -0.002645       -0.001797
539 GRP_Mnt7_H15                       -0.115365       -0.001522
540 GRP_Mnt8_H15                       -0.087563       -0.001404
541 GRP_Mnt9_H15                       -0.038561       -0.001307
542 GRP_Mnt10_H15                      -0.036888       -0.001256
543 GRP_MntFishProducts3_H15           -0.135036       -0.001298
544 GRP_MntFishProducts4_H15           -0.008550       -0.001224
545 GRP_MntFishProducts5_H15            0.053737       -0.001268
546 GRP_MntFishProducts6_H15           -0.056011       -0.001085
547 GRP_MntFishProducts7_H15           -0.010386       -0.001199
548 GRP_MntFishProducts8_H15           -0.034236       -0.001154
549 GRP_MntFishProducts9_H15            0.107076       -0.000830
550 GRP_MntFishProducts10_H15          -0.132413       -0.000903
551 GRP_MntGoldProds2_H15               0.022500       -0.000280
552 GRP_MntGoldProds3_H15              -0.071906       -0.000509
553 GRP_MntGoldProds4_H15               0.084805       -0.000287
554 GRP_MntGoldProds5_H15               0.093852       -0.000473
555 GRP_MntGoldProds6_H15              -0.003446       -0.000451
556 GRP_MntGoldProds7_H15               0.007146    -0.000048873
557 GRP_MntGoldProds8_H15               0.076731       -0.000364
558 GRP_MntGoldProds9_H15              -0.087875        0.000145
559 GRP_MntGoldProds10_H15             -0.135770        0.000148
560 GRP_MntMeatProducts2_H15            0.130231       -0.001393
561 GRP_MntMeatProducts3_H15            0.122351       -0.001221
562 GRP_MntMeatProducts4_H15           -0.021864       -0.001329
563 GRP_MntMeatProducts5_H15            0.119121       -0.000990
564 GRP_MntMeatProducts6_H15            0.121539       -0.001387
565 GRP_MntMeatProducts7_H15           -0.007803       -0.000768
566 GRP_MntMeatProducts8_H15           -0.022408       -0.000812
567 GRP_MntMeatProducts9_H15           -0.000274       -0.000847
568 GRP_MntMeatProducts10_H15          -0.068159       -0.000299
569 GRP_MntSweetProducts3_H15          -0.013454       -0.001023
570 GRP_MntSweetProducts4_H15          -0.021439       -0.000767
571 GRP_MntSweetProducts5_H15           0.011539       -0.000710
572 GRP_MntSweetProducts6_H15          -0.069971       -0.000630
573 GRP_MntSweetProducts7_H15          -0.080870       -0.000753
574 GRP_MntSweetProducts8_H15           0.027113       -0.000652
575 GRP_MntSweetProducts9_H15          -0.096775       -0.000136
576 GRP_MntSweetProducts10_H15          0.019072       -0.000193
577 GRP_MntWines2_H15                  -0.057762       -0.001060
578 GRP_MntWines3_H15                   0.069861       -0.001055
579 GRP_MntWines4_H15                   0.088325       -0.000933
580 GRP_MntWines5_H15                  -0.172202       -0.001568
581 GRP_MntWines6_H15                  -0.174628       -0.001177
582 GRP_MntWines7_H15                  -0.013312       -0.001110
583 GRP_MntWines8_H15                  -0.082761       -0.000935
584 GRP_MntWines9_H15                   0.089055       -0.000723
585 GRP_MntWines10_H15                 -0.018323       -0.000500
586 GRP_NumCatalogPurchases3_H15        0.079397       -0.002060
587 GRP_NumCatalogPurchases4_H15       -0.026317       -0.001806
588 GRP_NumCatalogPurchases5_H15       -0.054044       -0.001014
589 GRP_NumCatalogPurchases6_H15       -0.124797       -0.000999
590 GRP_NumCatalogPurchases7_H15       -0.065104       -0.000804
591 GRP_NumDistPurchases2_H15           0.015245       -0.001022
592 GRP_NumDistPurchases3_H15          -0.018931       -0.001083
593 GRP_NumDistPurchases4_H15           0.125619       -0.001334
594 GRP_NumDistPurchases5_H15          -0.160566       -0.001241
595 GRP_NumDistPurchases6_H15           0.115850       -0.001134
596 GRP_NumDistPurchases7_H15          -0.061725       -0.000828
597 GRP_NumDistPurchases8_H15           0.096799       -0.001226
598 GRP_NumDistPurchases9_H15           0.151980       -0.000261
599 GRP_NumDistPurchases10_H15         -0.031386       -0.000737
600 GRP_NumWebPurchases2_H15           -0.120557       -0.000452
601 GRP_NumWebPurchases3_H15           -0.187792       -0.000444
602 GRP_NumWebPurchases4_H15            0.074533       -0.000461
603 GRP_NumWebPurchases5_H15            0.086913    -0.000090890
604 GRP_NumWebPurchases6_H15            0.031542       -0.000301
605 GRP_NumWebPurchases7_H15           -0.072020       -0.000404
606 GRP_NumWebPurchases8_H15            0.049443       -0.000122
607 GRP_NumWebVisitsMonth2_H15          0.047535        0.000752
608 GRP_NumWebVisitsMonth3_H15         -0.078364        0.000439
609 GRP_NumWebVisitsMonth4_H15         -0.065084        0.000881
610 GRP_NumWebVisitsMonth5_H15         -0.084129        0.000573
611 GRP_NumWebVisitsMonth6_H15         -0.160371        0.000659
612 GRP_NumWebVisitsMonth7_H15          0.064304        0.000661
613 GRP_NumWebVisitsMonth8_H15         -0.004090        0.000759
614 GRP_RFMstat2_H15                    0.027265       -0.000852
615 GRP_RFMstat3_H15                    0.149093       -0.001047
616 GRP_RFMstat4_H15                   -0.005598       -0.001074
617 GRP_RFMstat5_H15                    0.129774       -0.000807
618 GRP_RFMstat6_H15                    0.063391       -0.000845
619 GRP_RFMstat7_H15                   -0.092129       -0.000825
620 GRP_RFMstat8_H15                    0.062901       -0.000500
621 GRP_RFMstat9_H15                   -0.147109       -0.000252
622 GRP_RFMstat10_H15                   0.153141       -0.000343
623 GRP_RMntFrq2_H15                   -0.023709       -0.000782
624 GRP_RMntFrq3_H15                   -0.088270       -0.001021
625 GRP_RMntFrq4_H15                   -0.007101       -0.001371
626 GRP_RMntFrq5_H15                    0.043858       -0.001482
627 GRP_RMntFrq6_H15                   -0.154314       -0.001279
628 GRP_RMntFrq7_H15                   -0.036911       -0.000984
629 GRP_RMntFrq8_H15                   -0.248101       -0.000926
630 GRP_RMntFrq9_H15                    0.144953       -0.000471
631 GRP_RMntFrq10_H15                   0.059393       -0.000388
632 GRP_Recency2_H15                    0.002699        0.000277
633 GRP_Recency3_H15                   -0.257844     0.000017623
634 GRP_Recency4_H15                    0.052113       -0.000155
635 GRP_Recency5_H15                    0.017769        0.000185
636 GRP_Recency6_H15                   -0.042682       -0.000156
637 GRP_Recency7_H15                   -0.044061        0.000154
638 GRP_Recency8_H15                   -0.039926    -0.000006586
639 GRP_Recency9_H15                   -0.002386     0.000040440
640 GRP_Recency10_H15                   0.136238       -0.000239
641 BIAS_H11                           -0.307411       -0.020424
642 BIAS_H12                           -0.722734       -0.060999
643 BIAS_H13                            0.877363       -0.031438
644 BIAS_H14                           -0.258415        0.007586
645 BIAS_H15                           -1.342113        0.001228
646 H11_DepVar1                         3.592905        0.004681
647 H12_DepVar1                         6.009953        0.004021
648 H13_DepVar1                         3.767608       -0.004942
649 H14_DepVar1                        -0.779716        0.006333
650 H15_DepVar1                        -0.399368        0.011350
651 BIAS_DepVar1                       -1.872202       -0.013118

Value of Objective Function = 0.2137044821

 
                                                                                               
 
 

The NEURAL Procedure

Conjugate-Gradient Optimization


Minimum Iterations                                0
Maximum Iterations                               50
Maximum Function Calls                   2147483647
Maximum CPU Time                              14400
ABSGCONV Gradient Criterion                 0.00001
GCONV Gradient Criterion                       1E-8
ABSFCONV Function Criterion                       0
FCONV Function Criterion                     0.0001
FCONV2 Function Criterion                         0
FSIZE Parameter                                   0
ABSXCONV Parameter Change Criterion               0
XCONV Parameter Change Criterion                  0
XSIZE Parameter                                   0
ABSCONV Function Criterion             0.0020529663
Line Search Method                                2
Starting Alpha for Line Search                    1
Line Search Precision LSPRECISION               0.1
DAMPSTEP Parameter for Line Search                .
Singularity Tolerance (SINGULAR)               1E-8

Conjugate-Gradient Optimization

Automatic Restart Update (Powell, 1977; Beale, 1972)

Parameter Estimates             651

                                      Optimization Start

Active Constraints                           0  Objective Function                0.2137044821
Max Abs Gradient Element          0.0697121362                                                


                                                       Objective   Max Abs            Slope of
                 Function       Active      Objective   Function  Gradient     Step     Search
Iter   Restarts     Calls  Constraints       Function     Change   Element     Size  Direction

   1          0         6            0        0.20486    0.00885    0.0652    0.200     -0.240
   2          1         9            0        0.20029    0.00457    0.0356    0.350    -0.0236
   3          1        13            0        0.18527     0.0150    0.0546    1.610    -0.0193
   4          2        16            0        0.17846    0.00681    0.0686    0.128    -0.0951
   5          2        18            0        0.17201    0.00645    0.0689    0.941    -0.0181
   6          2        20            0        0.17060    0.00141    0.0515    0.532    -0.0303
   7          3        22            0        0.16906    0.00154    0.0548    0.220    -0.0160
   8          3        24            0        0.16718    0.00188    0.0385    0.209    -0.0184
   9          4        28            0        0.16184    0.00535    0.0275    0.523    -0.0203
  10          4        30            0        0.15575    0.00609    0.0328    0.365    -0.0366
  11          5        33            0        0.15237    0.00337    0.0305    0.479    -0.0138
  12          5        36            0        0.15064    0.00173    0.0248    0.297    -0.0119
  13          5        38            0        0.14904    0.00160    0.0116    0.503    -0.0086
  14          6        41            0        0.14818   0.000867    0.0233    0.475    -0.0036
  15          6        43            0        0.14717    0.00101    0.0204    0.311    -0.0070
  16          6        45            0        0.14582    0.00135    0.0102    0.490    -0.0051
  17          7        47            0        0.14417    0.00165    0.0220    0.663    -0.0051
  18          7        49            0        0.14241    0.00176    0.0211    0.371    -0.0111
  19          7        53            0        0.14075    0.00166    0.0606    0.955    -0.0092
  20          7        57            0        0.13863    0.00212    0.0344    0.456    -0.0182
  21          8        61            0        0.13697    0.00166    0.0297    0.507    -0.0209
  22          8        65            0        0.13431    0.00267    0.0296    0.251    -0.0331
  23          9        69            0        0.13195    0.00235    0.0566    0.542    -0.0246
  24          9        71            0        0.13026    0.00169    0.0422    0.505    -0.0117
  25         10        75            0        0.12613    0.00412    0.0189    0.366    -0.0232
  26         10        77            0        0.12515   0.000989    0.0527    0.934    -0.0110
  27         10        81            0        0.12142    0.00372    0.0303    0.200    -0.0425
  28         11        83            0        0.12018    0.00124    0.0271    0.360    -0.0259
  29         11        87            0        0.11742    0.00276    0.0308    0.642    -0.0097
  30         12        89            0        0.11642    0.00100    0.0456    0.356    -0.0194
  31         12        93            0        0.11299    0.00342    0.0432    0.439    -0.0154
  32         13        96            0        0.11113    0.00186    0.0135    0.193    -0.0200
  33         13        98            0        0.10897    0.00216    0.0236    0.979    -0.0048
  34         13       102            0        0.10722    0.00174    0.0262    1.328    -0.0081
  35         13       104            0        0.10681   0.000411    0.0295    0.428    -0.0102
  36         13       108            0        0.10565    0.00117    0.0205    0.459    -0.0051
  37         14       112            0        0.10295    0.00270    0.0258    0.706    -0.0083
  38         14       114            0        0.09946    0.00349    0.0265    0.511    -0.0132
  39         14       117            0        0.09768    0.00178    0.0140    0.555    -0.0064
  40         14       121            0        0.09568    0.00200    0.0262    2.430    -0.0037
  41         14       123            0        0.09396    0.00172    0.0399    0.502    -0.0099
  42         14       127            0        0.09151    0.00245    0.0237    0.875    -0.0098
  43         14       129            0        0.08952    0.00199    0.0227    1.033    -0.0059
  44         14       133            0        0.08594    0.00358    0.0320    1.711    -0.0058
  45         14       135            0        0.08133    0.00461    0.0159    0.927    -0.0096
  46         15       137            0        0.07986    0.00147    0.0205    1.000    -0.0048
  47         15       139            0        0.07850    0.00136    0.0224    0.397    -0.0093
  48         16       143            0        0.07585    0.00264    0.0160    1.164    -0.0058
  49         16       145            0        0.07522   0.000633    0.0208    1.000    -0.0053
  50         17       147            0        0.07469   0.000533    0.0110    0.411    -0.0039

                                     Optimization Results

Iterations                                  50  Function Calls                             149
Gradient Calls                              71  Active Constraints                           0
Objective Function                0.0746864688  Max Abs Gradient Element          0.0109895545
Slope of Search Direction         -0.003855888                                                

CONGRA needs more than 50 iterations or 2147483647 function calls.                             

WARNING: CONGRA Optimization cannot be completed.

 
                                                                                               
 
 

The NEURAL Procedure

                      Optimization Results
                       Parameter Estimates
                                                        Gradient
                                                       Objective
  N Parameter                           Estimate        Function

  1 Year_Birth_H11                     -0.285433       -0.001923
  2 Year_Birth_H12                      0.023277       -0.000628
  3 Year_Birth_H13                      0.393777       -0.002811
  4 Year_Birth_H14                      0.096340        0.000668
  5 Year_Birth_H15                     -0.003409        0.000537
  6 GRP_AcceptedCmp52_H11              -0.149466     0.000061507
  7 GRP_AcceptedCmpTotal3_H11          -0.669300       -0.002655
  8 GRP_Frq2_H11                        0.212204       -0.000128
  9 GRP_Frq3_H11                        0.314681       -0.001093
 10 GRP_Frq4_H11                        0.239767       -0.000766
 11 GRP_Frq5_H11                       -0.072442        0.001858
 12 GRP_Frq6_H11                       -0.221267        0.003173
 13 GRP_Frq7_H11                       -0.085052       -0.002505
 14 GRP_Frq8_H11                       -0.088556       -0.001986
 15 GRP_Frq9_H11                       -0.052293       -0.000252
 16 GRP_Frq10_H11                      -0.156068        0.000124
 17 GRP_Income2_H11                     0.183238        0.000299
 18 GRP_Income3_H11                    -0.186270        0.000769
 19 GRP_Income4_H11                     0.420770        0.002611
 20 GRP_Income5_H11                     0.497300     0.000039738
 21 GRP_Income6_H11                    -0.119747        0.001307
 22 GRP_Income7_H11                     0.025513        0.000733
 23 GRP_Income8_H11                    -0.202225        0.000723
 24 GRP_Income9_H11                     0.096124       -0.000104
 25 GRP_Income10_H11                    0.166259        0.001637
 26 GRP_Mnt2_H11                        0.664533        0.000874
 27 GRP_Mnt3_H11                        0.227452        0.001008
 28 GRP_Mnt4_H11                        0.034116        0.002037
 29 GRP_Mnt5_H11                       -0.143575        0.003521
 30 GRP_Mnt6_H11                       -0.087138        0.002391
 31 GRP_Mnt7_H11                        0.144735       -0.000208
 32 GRP_Mnt8_H11                        0.132117       -0.000167
 33 GRP_Mnt9_H11                       -0.558593        0.002213
 34 GRP_Mnt10_H11                       0.613114        0.003860
 35 GRP_MntFishProducts3_H11            0.281546        0.001196
 36 GRP_MntFishProducts4_H11            0.054583        0.003374
 37 GRP_MntFishProducts5_H11            0.043725        0.001314
 38 GRP_MntFishProducts6_H11            0.226532        0.001572
 39 GRP_MntFishProducts7_H11            0.326025        0.001721
 40 GRP_MntFishProducts8_H11            0.288108        0.001516
 41 GRP_MntFishProducts9_H11            0.380535        0.000505
 42 GRP_MntFishProducts10_H11          -0.129638        0.002051
 43 GRP_MntGoldProds2_H11              -0.053636       -0.001998
 44 GRP_MntGoldProds3_H11               0.051884       -0.001523
 45 GRP_MntGoldProds4_H11               0.196519       -0.001337
 46 GRP_MntGoldProds5_H11               0.297932       -0.001088
 47 GRP_MntGoldProds6_H11               0.191464       -0.000612
 48 GRP_MntGoldProds7_H11              -0.187780       -0.001488
 49 GRP_MntGoldProds8_H11               0.164166       -0.002095
 50 GRP_MntGoldProds9_H11               0.090822       -0.003407
 51 GRP_MntGoldProds10_H11             -0.520203       -0.000460
 52 GRP_MntMeatProducts2_H11           -1.067362       -0.000308
 53 GRP_MntMeatProducts3_H11           -0.338862       -0.000575
 54 GRP_MntMeatProducts4_H11           -0.411427       -0.000931
 55 GRP_MntMeatProducts5_H11           -0.052723        0.001527
 56 GRP_MntMeatProducts6_H11            0.126649       -0.001194
 57 GRP_MntMeatProducts7_H11           -0.211670       -0.001124
 58 GRP_MntMeatProducts8_H11           -0.166332    -0.000075113
 59 GRP_MntMeatProducts9_H11            0.362861        0.000298
 60 GRP_MntMeatProducts10_H11           0.644055       -0.003624
 61 GRP_MntSweetProducts3_H11          -0.161020       -0.004628
 62 GRP_MntSweetProducts4_H11           0.180886       -0.001524
 63 GRP_MntSweetProducts5_H11           0.105372       -0.005027
 64 GRP_MntSweetProducts6_H11           0.345276       -0.004000
 65 GRP_MntSweetProducts7_H11          -0.104312       -0.006211
 66 GRP_MntSweetProducts8_H11           0.039712       -0.004171
 67 GRP_MntSweetProducts9_H11           0.235397       -0.005865
 68 GRP_MntSweetProducts10_H11         -0.498300       -0.004998
 69 GRP_MntWines2_H11                   0.877483       -0.002288
 70 GRP_MntWines3_H11                   0.171568        0.000495
 71 GRP_MntWines4_H11                   0.100970        0.000576
 72 GRP_MntWines5_H11                  -0.061115        0.000989
 73 GRP_MntWines6_H11                   0.216984        0.001419
 74 GRP_MntWines7_H11                   0.248255       -0.001665
 75 GRP_MntWines8_H11                  -0.529932        0.000752
 76 GRP_MntWines9_H11                  -0.006412       -0.000975
 77 GRP_MntWines10_H11                 -0.933335    -0.000025114
 78 GRP_NumCatalogPurchases3_H11       -0.773956        0.004487
 79 GRP_NumCatalogPurchases4_H11       -0.277917        0.005145
 80 GRP_NumCatalogPurchases5_H11       -0.215659        0.004876
 81 GRP_NumCatalogPurchases6_H11        0.225643        0.004480
 82 GRP_NumCatalogPurchases7_H11       -0.230296        0.003087
 83 GRP_NumDistPurchases2_H11           0.116583        0.000145
 84 GRP_NumDistPurchases3_H11           0.038544     0.000025374
 85 GRP_NumDistPurchases4_H11          -0.079866       -0.001893
 86 GRP_NumDistPurchases5_H11          -0.021225        0.001661
 87 GRP_NumDistPurchases6_H11           0.138372        0.000831
 88 GRP_NumDistPurchases7_H11          -0.182399        0.000751
 89 GRP_NumDistPurchases8_H11          -0.454308        0.000551
 90 GRP_NumDistPurchases9_H11           0.599822       -0.002453
 91 GRP_NumDistPurchases10_H11          0.304512       -0.001223
 92 GRP_NumWebPurchases2_H11           -0.050412       -0.002058
 93 GRP_NumWebPurchases3_H11           -0.095549       -0.003348
 94 GRP_NumWebPurchases4_H11           -0.051034       -0.003792
 95 GRP_NumWebPurchases5_H11           -0.157533       -0.000928
 96 GRP_NumWebPurchases6_H11           -0.265459       -0.001875
 97 GRP_NumWebPurchases7_H11           -0.262415       -0.004409
 98 GRP_NumWebPurchases8_H11            0.199398       -0.002378
 99 GRP_NumWebVisitsMonth2_H11          0.037254       -0.005090
100 GRP_NumWebVisitsMonth3_H11         -0.084517       -0.000516
101 GRP_NumWebVisitsMonth4_H11         -0.340194       -0.001561
102 GRP_NumWebVisitsMonth5_H11         -0.497403       -0.001733
103 GRP_NumWebVisitsMonth6_H11          0.206600       -0.001655
104 GRP_NumWebVisitsMonth7_H11          0.075835       -0.001065
105 GRP_NumWebVisitsMonth8_H11          0.754142       -0.002318
106 GRP_RFMstat2_H11                    0.200130       -0.000438
107 GRP_RFMstat3_H11                   -0.317727       -0.000627
108 GRP_RFMstat4_H11                    0.002840       -0.000446
109 GRP_RFMstat5_H11                   -0.455467        0.001284
110 GRP_RFMstat6_H11                   -0.075238        0.001071
111 GRP_RFMstat7_H11                   -0.086274       -0.000132
112 GRP_RFMstat8_H11                   -0.311264       -0.002269
113 GRP_RFMstat9_H11                   -0.406131        0.000411
114 GRP_RFMstat10_H11                   0.005531       -0.002028
115 GRP_RMntFrq2_H11                    0.333050       -0.000348
116 GRP_RMntFrq3_H11                    0.003573        0.000516
117 GRP_RMntFrq4_H11                    0.164415        0.001325
118 GRP_RMntFrq5_H11                    0.431688        0.001285
119 GRP_RMntFrq6_H11                   -0.176599        0.001093
120 GRP_RMntFrq7_H11                    0.082805       -0.001025
121 GRP_RMntFrq8_H11                   -0.185258       -0.000191
122 GRP_RMntFrq9_H11                    0.284807        0.000684
123 GRP_RMntFrq10_H11                  -0.181965        0.000987
124 GRP_Recency2_H11                    0.166209        0.000596
125 GRP_Recency3_H11                    0.106463        0.000568
126 GRP_Recency4_H11                    1.019797       -0.002788
127 GRP_Recency5_H11                    0.040210       -0.001288
128 GRP_Recency6_H11                    0.170874    -0.000099688
129 GRP_Recency7_H11                   -0.046484        0.001965
130 GRP_Recency8_H11                   -0.057810       -0.001466
131 GRP_Recency9_H11                   -0.483115    -0.000070065
132 GRP_Recency10_H11                  -0.503578     0.000025313
133 GRP_AcceptedCmp52_H12              -0.197276       -0.003403
134 GRP_AcceptedCmpTotal3_H12          -0.233432       -0.005012
135 GRP_Frq2_H12                        0.069553       -0.001285
136 GRP_Frq3_H12                        0.511767       -0.005413
137 GRP_Frq4_H12                        0.442944       -0.002261
138 GRP_Frq5_H12                        0.290678        0.003702
139 GRP_Frq6_H12                        0.217131        0.004602
140 GRP_Frq7_H12                        0.230933       -0.003532
141 GRP_Frq8_H12                       -0.054466       -0.001978
142 GRP_Frq9_H12                       -0.294777       -0.003125
143 GRP_Frq10_H12                      -0.719528       -0.000839
144 GRP_Income2_H12                    -0.302754       -0.001784
145 GRP_Income3_H12                    -0.158318       -0.003114
146 GRP_Income4_H12                    -0.221706    -0.000020133
147 GRP_Income5_H12                     0.166353       -0.001246
148 GRP_Income6_H12                     0.129819        0.001488
149 GRP_Income7_H12                    -0.290500       -0.000613
150 GRP_Income8_H12                    -0.338117       -0.002583
151 GRP_Income9_H12                    -0.542634       -0.003018
152 GRP_Income10_H12                    0.084631        0.000109
153 GRP_Mnt2_H12                        0.380628       -0.002491
154 GRP_Mnt3_H12                        0.430401       -0.002814
155 GRP_Mnt4_H12                        0.263131        0.000420
156 GRP_Mnt5_H12                       -0.241145        0.005574
157 GRP_Mnt6_H12                       -0.247388        0.005401
158 GRP_Mnt7_H12                       -0.350403       -0.001342
159 GRP_Mnt8_H12                       -0.201802       -0.003744
160 GRP_Mnt9_H12                        0.361705       -0.000984
161 GRP_Mnt10_H12                       0.028129        0.002009
162 GRP_MntFishProducts3_H12           -0.111951        0.004427
163 GRP_MntFishProducts4_H12            0.159441        0.005610
164 GRP_MntFishProducts5_H12            0.152864        0.005197
165 GRP_MntFishProducts6_H12            0.068479        0.002925
166 GRP_MntFishProducts7_H12           -0.122391        0.005335
167 GRP_MntFishProducts8_H12            0.032596        0.005747
168 GRP_MntFishProducts9_H12           -0.585796        0.001500
169 GRP_MntFishProducts10_H12           0.073941        0.003956
170 GRP_MntGoldProds2_H12              -0.142454       -0.003566
171 GRP_MntGoldProds3_H12               0.039008       -0.003716
172 GRP_MntGoldProds4_H12               0.061670       -0.002495
173 GRP_MntGoldProds5_H12              -0.099203       -0.004231
174 GRP_MntGoldProds6_H12              -0.360484       -0.000811
175 GRP_MntGoldProds7_H12               0.121622       -0.004053
176 GRP_MntGoldProds8_H12              -0.079924       -0.002149
177 GRP_MntGoldProds9_H12               0.015315       -0.004732
178 GRP_MntGoldProds10_H12              0.100887       -0.002816
179 GRP_MntMeatProducts2_H12           -1.275425       -0.003889
180 GRP_MntMeatProducts3_H12           -0.697563       -0.003793
181 GRP_MntMeatProducts4_H12           -0.467596       -0.003653
182 GRP_MntMeatProducts5_H12           -0.351463        0.000677
183 GRP_MntMeatProducts6_H12            0.286953        0.002017
184 GRP_MntMeatProducts7_H12            0.524549       -0.002638
185 GRP_MntMeatProducts8_H12            0.886378       -0.005440
186 GRP_MntMeatProducts9_H12            0.432290       -0.003414
187 GRP_MntMeatProducts10_H12           0.340508       -0.007705
188 GRP_MntSweetProducts3_H12           0.029299       -0.009558
189 GRP_MntSweetProducts4_H12           0.306887       -0.002941
190 GRP_MntSweetProducts5_H12           0.198643       -0.006909
191 GRP_MntSweetProducts6_H12          -0.167370       -0.003170
192 GRP_MntSweetProducts7_H12           0.199657       -0.006793
193 GRP_MntSweetProducts8_H12          -0.122355       -0.008789
194 GRP_MntSweetProducts9_H12          -0.210261       -0.009792
195 GRP_MntSweetProducts10_H12          0.063372       -0.007321
196 GRP_MntWines2_H12                   0.518897       -0.003887
197 GRP_MntWines3_H12                   0.392408       -0.004395
198 GRP_MntWines4_H12                   0.548633       -0.002842
199 GRP_MntWines5_H12                   0.404714        0.001854
200 GRP_MntWines6_H12                  -0.333531        0.001868
201 GRP_MntWines7_H12                  -0.385406       -0.002540
202 GRP_MntWines8_H12                  -0.243130       -0.002821
203 GRP_MntWines9_H12                  -0.636251       -0.002699
204 GRP_MntWines10_H12                 -0.390034       -0.003986
205 GRP_NumCatalogPurchases3_H12       -1.219064        0.005563
206 GRP_NumCatalogPurchases4_H12       -0.365652        0.010990
207 GRP_NumCatalogPurchases5_H12        0.132566        0.010334
208 GRP_NumCatalogPurchases6_H12        0.447228        0.006557
209 GRP_NumCatalogPurchases7_H12        0.580591        0.006379
210 GRP_NumDistPurchases2_H12          -0.141043        0.000366
211 GRP_NumDistPurchases3_H12          -0.311499       -0.001062
212 GRP_NumDistPurchases4_H12           0.070331       -0.002339
213 GRP_NumDistPurchases5_H12          -0.051857        0.004742
214 GRP_NumDistPurchases6_H12           0.005866        0.003430
215 GRP_NumDistPurchases7_H12           0.038253        0.004605
216 GRP_NumDistPurchases8_H12          -0.213631        0.000471
217 GRP_NumDistPurchases9_H12          -0.036618       -0.003459
218 GRP_NumDistPurchases10_H12          0.122095        0.002174
219 GRP_NumWebPurchases2_H12            0.033436       -0.001735
220 GRP_NumWebPurchases3_H12           -0.025201       -0.004513
221 GRP_NumWebPurchases4_H12            0.140175       -0.003923
222 GRP_NumWebPurchases5_H12            0.267893        0.001517
223 GRP_NumWebPurchases6_H12            0.024803        0.001462
224 GRP_NumWebPurchases7_H12            0.311927       -0.001651
225 GRP_NumWebPurchases8_H12           -0.370890        0.000340
226 GRP_NumWebVisitsMonth2_H12         -0.512457       -0.002784
227 GRP_NumWebVisitsMonth3_H12         -0.209868        0.001978
228 GRP_NumWebVisitsMonth4_H12         -0.492910       -0.002219
229 GRP_NumWebVisitsMonth5_H12          0.043264       -0.001550
230 GRP_NumWebVisitsMonth6_H12         -0.217053        0.000109
231 GRP_NumWebVisitsMonth7_H12          0.330070        0.000669
232 GRP_NumWebVisitsMonth8_H12          0.099136        0.001523
233 GRP_RFMstat2_H12                   -0.100650       -0.001740
234 GRP_RFMstat3_H12                   -0.383606       -0.003169
235 GRP_RFMstat4_H12                   -0.251743       -0.002365
236 GRP_RFMstat5_H12                   -0.011470       -0.001128
237 GRP_RFMstat6_H12                   -0.109024        0.001427
238 GRP_RFMstat7_H12                    0.220082     0.000062971
239 GRP_RFMstat8_H12                    0.245965       -0.004138
240 GRP_RFMstat9_H12                   -0.143161       -0.000909
241 GRP_RFMstat10_H12                   0.271743       -0.004635
242 GRP_RMntFrq2_H12                    0.343296       -0.004349
243 GRP_RMntFrq3_H12                    0.310824       -0.004077
244 GRP_RMntFrq4_H12                    0.014814       -0.002481
245 GRP_RMntFrq5_H12                   -0.027757        0.003948
246 GRP_RMntFrq6_H12                    0.136037        0.001451
247 GRP_RMntFrq7_H12                   -0.464991       -0.003087
248 GRP_RMntFrq8_H12                   -0.447276       -0.002884
249 GRP_RMntFrq9_H12                   -0.181697       -0.002280
250 GRP_RMntFrq10_H12                  -0.070125       -0.003631
251 GRP_Recency2_H12                    0.961605        0.001289
252 GRP_Recency3_H12                    0.696416        0.003609
253 GRP_Recency4_H12                    0.355141       -0.002949
254 GRP_Recency5_H12                    0.511289       -0.000504
255 GRP_Recency6_H12                    0.096490       -0.000807
256 GRP_Recency7_H12                    0.049108        0.001749
257 GRP_Recency8_H12                   -0.304002    -0.000029220
258 GRP_Recency9_H12                   -0.298225        0.000989
259 GRP_Recency10_H12                  -0.682985       -0.000509
260 GRP_AcceptedCmp52_H13              -0.329102       -0.001302
261 GRP_AcceptedCmpTotal3_H13          -0.136076        0.000476
262 GRP_Frq2_H13                        0.108581        0.000474
263 GRP_Frq3_H13                        0.078314       -0.000188
264 GRP_Frq4_H13                       -0.032314       -0.000409
265 GRP_Frq5_H13                        0.489748        0.001189
266 GRP_Frq6_H13                        0.302646        0.001597
267 GRP_Frq7_H13                       -0.202120       -0.001633
268 GRP_Frq8_H13                        0.322048       -0.001130
269 GRP_Frq9_H13                       -0.337172       -0.003498
270 GRP_Frq10_H13                       0.212320        0.000444
271 GRP_Income2_H13                     0.168632        0.003693
272 GRP_Income3_H13                     0.322645        0.002464
273 GRP_Income4_H13                     0.361410        0.002702
274 GRP_Income5_H13                    -0.143816        0.003949
275 GRP_Income6_H13                     0.179263        0.004134
276 GRP_Income7_H13                     0.080841        0.003794
277 GRP_Income8_H13                    -0.025666        0.002794
278 GRP_Income9_H13                     0.577638        0.002944
279 GRP_Income10_H13                    0.005843        0.001445
280 GRP_Mnt2_H13                       -0.017363        0.003056
281 GRP_Mnt3_H13                       -0.230584        0.002246
282 GRP_Mnt4_H13                       -0.315562        0.003622
283 GRP_Mnt5_H13                        0.269465        0.004133
284 GRP_Mnt6_H13                        0.075484        0.003395
285 GRP_Mnt7_H13                       -0.261768        0.003005
286 GRP_Mnt8_H13                       -0.336595        0.001238
287 GRP_Mnt9_H13                       -0.141728        0.002834
288 GRP_Mnt10_H13                      -0.195726        0.002850
289 GRP_MntFishProducts3_H13            0.404240        0.001296
290 GRP_MntFishProducts4_H13           -0.015974        0.003550
291 GRP_MntFishProducts5_H13            0.094244        0.003093
292 GRP_MntFishProducts6_H13           -0.396763        0.003520
293 GRP_MntFishProducts7_H13           -0.097378        0.004223
294 GRP_MntFishProducts8_H13            0.107180        0.002302
295 GRP_MntFishProducts9_H13            0.300491        0.001104
296 GRP_MntFishProducts10_H13          -0.158036        0.002695
297 GRP_MntGoldProds2_H13              -0.090494       -0.000259
298 GRP_MntGoldProds3_H13              -0.242099       -0.000619
299 GRP_MntGoldProds4_H13              -0.174928        0.000983
300 GRP_MntGoldProds5_H13              -0.105501       -0.000440
301 GRP_MntGoldProds6_H13               0.587183       -0.000280
302 GRP_MntGoldProds7_H13              -0.091735       -0.000602
303 GRP_MntGoldProds8_H13               0.018673       -0.001502
304 GRP_MntGoldProds9_H13              -0.116132       -0.001522
305 GRP_MntGoldProds10_H13             -0.033070       -0.000659
306 GRP_MntMeatProducts2_H13           -0.620243        0.003909
307 GRP_MntMeatProducts3_H13           -0.225233        0.003363
308 GRP_MntMeatProducts4_H13           -0.179887        0.002791
309 GRP_MntMeatProducts5_H13            0.076980        0.004041
310 GRP_MntMeatProducts6_H13           -0.058944        0.003742
311 GRP_MntMeatProducts7_H13           -0.387940        0.002108
312 GRP_MntMeatProducts8_H13           -0.126819        0.005898
313 GRP_MntMeatProducts9_H13            0.105443        0.001838
314 GRP_MntMeatProducts10_H13           0.447445        0.000695
315 GRP_MntSweetProducts3_H13           0.217929       -0.003432
316 GRP_MntSweetProducts4_H13          -0.217034       -0.000942
317 GRP_MntSweetProducts5_H13          -0.223303       -0.001508
318 GRP_MntSweetProducts6_H13           0.038380       -0.001896
319 GRP_MntSweetProducts7_H13           0.120991       -0.004513
320 GRP_MntSweetProducts8_H13           0.408185       -0.004091
321 GRP_MntSweetProducts9_H13          -0.206249       -0.005161
322 GRP_MntSweetProducts10_H13          0.098502       -0.004106
323 GRP_MntWines2_H13                   0.509378        0.002294
324 GRP_MntWines3_H13                   0.561722        0.002066
325 GRP_MntWines4_H13                   0.308426        0.002884
326 GRP_MntWines5_H13                   0.114061        0.003854
327 GRP_MntWines6_H13                   0.846063        0.002114
328 GRP_MntWines7_H13                   0.033570        0.002283
329 GRP_MntWines8_H13                   0.053869        0.001949
330 GRP_MntWines9_H13                  -0.273243        0.003750
331 GRP_MntWines10_H13                 -0.120065        0.000853
332 GRP_NumCatalogPurchases3_H13       -0.510243        0.003409
333 GRP_NumCatalogPurchases4_H13       -0.362050        0.004809
334 GRP_NumCatalogPurchases5_H13       -0.101982        0.004413
335 GRP_NumCatalogPurchases6_H13        0.023951        0.002798
336 GRP_NumCatalogPurchases7_H13        0.284547        0.000713
337 GRP_NumDistPurchases2_H13          -0.159776        0.001834
338 GRP_NumDistPurchases3_H13          -0.249553        0.001831
339 GRP_NumDistPurchases4_H13          -0.217389        0.000545
340 GRP_NumDistPurchases5_H13          -0.197178        0.003003
341 GRP_NumDistPurchases6_H13           0.256753        0.001874
342 GRP_NumDistPurchases7_H13          -0.025956        0.001699
343 GRP_NumDistPurchases8_H13          -0.350527        0.001314
344 GRP_NumDistPurchases9_H13          -0.062826       -0.002667
345 GRP_NumDistPurchases10_H13          0.193490        0.000700
346 GRP_NumWebPurchases2_H13           -0.052104       -0.000607
347 GRP_NumWebPurchases3_H13           -0.020672       -0.000773
348 GRP_NumWebPurchases4_H13           -0.388596       -0.001815
349 GRP_NumWebPurchases5_H13            0.276579       -0.001371
350 GRP_NumWebPurchases6_H13            0.378862       -0.001328
351 GRP_NumWebPurchases7_H13           -0.061720       -0.003507
352 GRP_NumWebPurchases8_H13            0.272968       -0.003321
353 GRP_NumWebVisitsMonth2_H13         -0.935666       -0.002287
354 GRP_NumWebVisitsMonth3_H13         -0.613274       -0.001657
355 GRP_NumWebVisitsMonth4_H13         -0.214662       -0.002184
356 GRP_NumWebVisitsMonth5_H13         -0.341675       -0.000880
357 GRP_NumWebVisitsMonth6_H13          0.302015        0.000132
358 GRP_NumWebVisitsMonth7_H13         -0.256459       -0.001229
359 GRP_NumWebVisitsMonth8_H13          0.400494       -0.001942
360 GRP_RFMstat2_H13                   -0.052441        0.002545
361 GRP_RFMstat3_H13                   -0.193886        0.002178
362 GRP_RFMstat4_H13                    0.406730        0.001622
363 GRP_RFMstat5_H13                    0.081962        0.002402
364 GRP_RFMstat6_H13                    0.148439        0.002388
365 GRP_RFMstat7_H13                    0.085724        0.002925
366 GRP_RFMstat8_H13                   -0.293735        0.002138
367 GRP_RFMstat9_H13                    0.578560        0.002528
368 GRP_RFMstat10_H13                  -0.135682       -0.002853
369 GRP_RMntFrq2_H13                    0.107816        0.003633
370 GRP_RMntFrq3_H13                   -0.221300        0.003753
371 GRP_RMntFrq4_H13                    0.142400        0.004037
372 GRP_RMntFrq5_H13                    0.237817        0.005060
373 GRP_RMntFrq6_H13                    0.101950        0.004784
374 GRP_RMntFrq7_H13                    0.029296        0.001626
375 GRP_RMntFrq8_H13                   -0.154962        0.003886
376 GRP_RMntFrq9_H13                   -0.076745        0.005159
377 GRP_RMntFrq10_H13                  -0.465761        0.003121
378 GRP_Recency2_H13                    0.567698       -0.003136
379 GRP_Recency3_H13                    0.116422       -0.000315
380 GRP_Recency4_H13                    0.348586       -0.004241
381 GRP_Recency5_H13                    0.029528        0.000962
382 GRP_Recency6_H13                   -0.478126        0.001151
383 GRP_Recency7_H13                   -0.046732       -0.000515
384 GRP_Recency8_H13                   -0.158742       -0.000309
385 GRP_Recency9_H13                    0.305947     0.000080735
386 GRP_Recency10_H13                  -0.270124       -0.000407
387 GRP_AcceptedCmp52_H14               0.166695       -0.000857
388 GRP_AcceptedCmpTotal3_H14          -0.027114     0.000022768
389 GRP_Frq2_H14                        0.008363       -0.000460
390 GRP_Frq3_H14                       -0.225415        0.000625
391 GRP_Frq4_H14                       -0.184548    -0.000027050
392 GRP_Frq5_H14                       -0.085900       -0.001487
393 GRP_Frq6_H14                       -0.046357       -0.002017
394 GRP_Frq7_H14                       -0.168699        0.000229
395 GRP_Frq8_H14                       -0.097501       -0.000731
396 GRP_Frq9_H14                       -0.080306        0.000610
397 GRP_Frq10_H14                      -0.360047        0.000612
398 GRP_Income2_H14                     0.263949       -0.000806
399 GRP_Income3_H14                     0.101900        0.000141
400 GRP_Income4_H14                     0.171776       -0.000844
401 GRP_Income5_H14                     0.320918       -0.000812
402 GRP_Income6_H14                     0.225091       -0.001611
403 GRP_Income7_H14                     0.107546       -0.000495
404 GRP_Income8_H14                     0.316336       -0.000586
405 GRP_Income9_H14                     0.118814       -0.000275
406 GRP_Income10_H14                    0.139549        0.000407
407 GRP_Mnt2_H14                        0.124853    -0.000004890
408 GRP_Mnt3_H14                        0.054964        0.000468
409 GRP_Mnt4_H14                       -0.043926       -0.000304
410 GRP_Mnt5_H14                        0.008702       -0.001742
411 GRP_Mnt6_H14                        0.105658       -0.001315
412 GRP_Mnt7_H14                        0.067598       -0.000269
413 GRP_Mnt8_H14                        0.092832        0.000486
414 GRP_Mnt9_H14                        0.038627        0.000842
415 GRP_Mnt10_H14                       0.023274       -0.000606
416 GRP_MntFishProducts3_H14           -0.298266       -0.000440
417 GRP_MntFishProducts4_H14           -0.140103       -0.001659
418 GRP_MntFishProducts5_H14            0.060428       -0.001544
419 GRP_MntFishProducts6_H14            0.057589       -0.001413
420 GRP_MntFishProducts7_H14           -0.062376       -0.001621
421 GRP_MntFishProducts8_H14           -0.224581       -0.000611
422 GRP_MntFishProducts9_H14           -0.008402       -0.000555
423 GRP_MntFishProducts10_H14          -0.011040       -0.001366
424 GRP_MntGoldProds2_H14              -0.056147        0.000270
425 GRP_MntGoldProds3_H14               0.075565       -0.000136
426 GRP_MntGoldProds4_H14               0.082572     0.000090501
427 GRP_MntGoldProds5_H14               0.099143       -0.000534
428 GRP_MntGoldProds6_H14              -0.103398       -0.000412
429 GRP_MntGoldProds7_H14               0.304308       -0.000189
430 GRP_MntGoldProds8_H14              -0.205308     0.000047275
431 GRP_MntGoldProds9_H14               0.039708        0.000267
432 GRP_MntGoldProds10_H14              0.098827        0.000336
433 GRP_MntMeatProducts2_H14            0.425703       -0.000303
434 GRP_MntMeatProducts3_H14            0.164021        0.000457
435 GRP_MntMeatProducts4_H14            0.146338    -0.000023682
436 GRP_MntMeatProducts5_H14            0.191555       -0.000780
437 GRP_MntMeatProducts6_H14            0.102475       -0.000765
438 GRP_MntMeatProducts7_H14            0.237137       -0.000183
439 GRP_MntMeatProducts8_H14           -0.123962        0.000425
440 GRP_MntMeatProducts9_H14           -0.131173        0.001347
441 GRP_MntMeatProducts10_H14          -0.028157        0.000968
442 GRP_MntSweetProducts3_H14           0.186891        0.000382
443 GRP_MntSweetProducts4_H14           0.299200       -0.001507
444 GRP_MntSweetProducts5_H14           0.089511       -0.000170
445 GRP_MntSweetProducts6_H14           0.115833       -0.000338
446 GRP_MntSweetProducts7_H14           0.183956        0.000197
447 GRP_MntSweetProducts8_H14           0.311824       -0.000266
448 GRP_MntSweetProducts9_H14           0.012910        0.001403
449 GRP_MntSweetProducts10_H14          0.329083        0.000520
450 GRP_MntWines2_H14                  -0.051490     0.000047969
451 GRP_MntWines3_H14                  -0.190545    -0.000052400
452 GRP_MntWines4_H14                  -0.155953    -0.000095752
453 GRP_MntWines5_H14                   0.047837       -0.001068
454 GRP_MntWines6_H14                  -0.125900       -0.000990
455 GRP_MntWines7_H14                  -0.237305       -0.000179
456 GRP_MntWines8_H14                  -0.039467       -0.000266
457 GRP_MntWines9_H14                   0.112548       -0.000273
458 GRP_MntWines10_H14                  0.328133        0.000152
459 GRP_NumCatalogPurchases3_H14       -0.048082       -0.001548
460 GRP_NumCatalogPurchases4_H14        0.227018       -0.003749
461 GRP_NumCatalogPurchases5_H14       -0.099711       -0.001728
462 GRP_NumCatalogPurchases6_H14       -0.180801       -0.001241
463 GRP_NumCatalogPurchases7_H14       -0.007208       -0.001478
464 GRP_NumDistPurchases2_H14           0.063436       -0.000792
465 GRP_NumDistPurchases3_H14          -0.140973       -0.000137
466 GRP_NumDistPurchases4_H14           0.129069        0.000132
467 GRP_NumDistPurchases5_H14           0.018997       -0.001506
468 GRP_NumDistPurchases6_H14          -0.215755       -0.001311
469 GRP_NumDistPurchases7_H14           0.205834       -0.001416
470 GRP_NumDistPurchases8_H14           0.012685       -0.000531
471 GRP_NumDistPurchases9_H14          -0.152056    -0.000060660
472 GRP_NumDistPurchases10_H14         -0.317775        0.000309
473 GRP_NumWebPurchases2_H14           -0.015743     0.000083681
474 GRP_NumWebPurchases3_H14           -0.089272        0.001129
475 GRP_NumWebPurchases4_H14           -0.147894        0.001081
476 GRP_NumWebPurchases5_H14            0.103686       -0.001015
477 GRP_NumWebPurchases6_H14           -0.251534        0.000481
478 GRP_NumWebPurchases7_H14            0.064877        0.000372
479 GRP_NumWebPurchases8_H14           -0.161977        0.000744
480 GRP_NumWebVisitsMonth2_H14          0.118071        0.001218
481 GRP_NumWebVisitsMonth3_H14         -0.115008        0.001444
482 GRP_NumWebVisitsMonth4_H14          0.209072        0.000900
483 GRP_NumWebVisitsMonth5_H14          0.057667        0.001166
484 GRP_NumWebVisitsMonth6_H14         -0.151464        0.000160
485 GRP_NumWebVisitsMonth7_H14          0.052139        0.001153
486 GRP_NumWebVisitsMonth8_H14         -0.151643        0.000469
487 GRP_RFMstat2_H14                   -0.019869       -0.000303
488 GRP_RFMstat3_H14                    0.186491    -0.000002123
489 GRP_RFMstat4_H14                   -0.021272       -0.000255
490 GRP_RFMstat5_H14                    0.207345       -0.000705
491 GRP_RFMstat6_H14                   -0.059142       -0.000960
492 GRP_RFMstat7_H14                    0.029113       -0.000422
493 GRP_RFMstat8_H14                    0.133911       -0.000381
494 GRP_RFMstat9_H14                   -0.296545        0.001151
495 GRP_RFMstat10_H14                   0.192058        0.000427
496 GRP_RMntFrq2_H14                    0.107687        0.000112
497 GRP_RMntFrq3_H14                   -0.050462        0.000323
498 GRP_RMntFrq4_H14                   -0.050418        0.000400
499 GRP_RMntFrq5_H14                    0.225289       -0.001568
500 GRP_RMntFrq6_H14                    0.096048       -0.001269
501 GRP_RMntFrq7_H14                    0.208609        0.000272
502 GRP_RMntFrq8_H14                   -0.069482        0.000590
503 GRP_RMntFrq9_H14                   -0.012812    -0.000048467
504 GRP_RMntFrq10_H14                   0.228008        0.000487
505 GRP_Recency2_H14                    0.085182    -0.000099750
506 GRP_Recency3_H14                   -0.201405        0.000199
507 GRP_Recency4_H14                   -0.160953        0.000706
508 GRP_Recency5_H14                   -0.022451    -0.000086791
509 GRP_Recency6_H14                   -0.016321        0.000497
510 GRP_Recency7_H14                    0.169188     0.000067178
511 GRP_Recency8_H14                    0.094385        0.000118
512 GRP_Recency9_H14                    0.243026        0.000672
513 GRP_Recency10_H14                   0.162630       -0.000311
514 GRP_AcceptedCmp52_H15              -0.208145        0.000903
515 GRP_AcceptedCmpTotal3_H15          -0.207817        0.000803
516 GRP_Frq2_H15                        0.075936       -0.000144
517 GRP_Frq3_H15                        0.095482    -0.000039734
518 GRP_Frq4_H15                        0.151321    -0.000027105
519 GRP_Frq5_H15                        0.044808       -0.000158
520 GRP_Frq6_H15                        0.193916       -0.000263
521 GRP_Frq7_H15                        0.025137     0.000052143
522 GRP_Frq8_H15                        0.118582       -0.000181
523 GRP_Frq9_H15                        0.192513       -0.000120
524 GRP_Frq10_H15                       0.010508        0.000178
525 GRP_Income2_H15                     0.089569       -0.000200
526 GRP_Income3_H15                     0.047352    -0.000043986
527 GRP_Income4_H15                    -0.023288       -0.000238
528 GRP_Income5_H15                    -0.178317        0.000215
529 GRP_Income6_H15                    -0.201611    -0.000079990
530 GRP_Income7_H15                     0.122806       -0.000184
531 GRP_Income8_H15                    -0.141804     0.000071667
532 GRP_Income9_H15                    -0.048407        0.000255
533 GRP_Income10_H15                    0.033505       -0.000508
534 GRP_Mnt2_H15                        0.075781       -0.000384
535 GRP_Mnt3_H15                       -0.145096       -0.000243
536 GRP_Mnt4_H15                        0.161775       -0.000456
537 GRP_Mnt5_H15                       -0.026887       -0.000756
538 GRP_Mnt6_H15                       -0.013337       -0.000542
539 GRP_Mnt7_H15                       -0.148546       -0.000251
540 GRP_Mnt8_H15                       -0.094008       -0.000301
541 GRP_Mnt9_H15                       -0.100607       -0.000378
542 GRP_Mnt10_H15                      -0.049312       -0.000670
543 GRP_MntFishProducts3_H15           -0.023124       -0.000748
544 GRP_MntFishProducts4_H15            0.042365       -0.000493
545 GRP_MntFishProducts5_H15            0.091819       -0.000179
546 GRP_MntFishProducts6_H15           -0.003496       -0.000352
547 GRP_MntFishProducts7_H15            0.054906       -0.000313
548 GRP_MntFishProducts8_H15           -0.025977       -0.000142
549 GRP_MntFishProducts9_H15            0.210517       -0.000105
550 GRP_MntFishProducts10_H15          -0.001786       -0.000678
551 GRP_MntGoldProds2_H15              -0.048242        0.000622
552 GRP_MntGoldProds3_H15              -0.117962        0.000466
553 GRP_MntGoldProds4_H15              -0.005625        0.000567
554 GRP_MntGoldProds5_H15               0.054011        0.000391
555 GRP_MntGoldProds6_H15              -0.015947        0.000106
556 GRP_MntGoldProds7_H15              -0.113307        0.000830
557 GRP_MntGoldProds8_H15               0.074491        0.000246
558 GRP_MntGoldProds9_H15              -0.175048        0.000997
559 GRP_MntGoldProds10_H15             -0.134582        0.000481
560 GRP_MntMeatProducts2_H15            0.192005       -0.000123
561 GRP_MntMeatProducts3_H15            0.158171    -0.000067099
562 GRP_MntMeatProducts4_H15            0.000885     0.000036969
563 GRP_MntMeatProducts5_H15            0.043080     0.000088067
564 GRP_MntMeatProducts6_H15            0.145678       -0.000563
565 GRP_MntMeatProducts7_H15           -0.009576    -0.000037938
566 GRP_MntMeatProducts8_H15           -0.060691    -0.000000256
567 GRP_MntMeatProducts9_H15            0.044440    -0.000080612
568 GRP_MntMeatProducts10_H15          -0.052173        0.000612
569 GRP_MntSweetProducts3_H15           0.075801    -0.000012418
570 GRP_MntSweetProducts4_H15          -0.052485        0.000354
571 GRP_MntSweetProducts5_H15          -0.024870        0.000635
572 GRP_MntSweetProducts6_H15          -0.102461        0.000324
573 GRP_MntSweetProducts7_H15          -0.114335        0.000586
574 GRP_MntSweetProducts8_H15           0.120952        0.000145
575 GRP_MntSweetProducts9_H15          -0.202264        0.001128
576 GRP_MntSweetProducts10_H15          0.084226        0.000633
577 GRP_MntWines2_H15                  -0.075746       -0.000550
578 GRP_MntWines3_H15                   0.058220       -0.000701
579 GRP_MntWines4_H15                   0.052274       -0.000629
580 GRP_MntWines5_H15                  -0.135927       -0.000812
581 GRP_MntWines6_H15                  -0.199426       -0.000690
582 GRP_MntWines7_H15                  -0.003232       -0.000719
583 GRP_MntWines8_H15                  -0.099878       -0.000446
584 GRP_MntWines9_H15                   0.041235       -0.000558
585 GRP_MntWines10_H15                  0.022098       -0.001111
586 GRP_NumCatalogPurchases3_H15        0.072126       -0.000540
587 GRP_NumCatalogPurchases4_H15        0.031578       -0.000806
588 GRP_NumCatalogPurchases5_H15       -0.048440       -0.000625
589 GRP_NumCatalogPurchases6_H15       -0.082846       -0.000430
590 GRP_NumCatalogPurchases7_H15       -0.054301       -0.000915
591 GRP_NumDistPurchases2_H15           0.038367    -0.000080850
592 GRP_NumDistPurchases3_H15           0.000428     0.000012909
593 GRP_NumDistPurchases4_H15           0.137119    -0.000015094
594 GRP_NumDistPurchases5_H15          -0.160230    -0.000010954
595 GRP_NumDistPurchases6_H15           0.154408       -0.000457
596 GRP_NumDistPurchases7_H15          -0.088751        0.000217
597 GRP_NumDistPurchases8_H15           0.162813    -0.000095505
598 GRP_NumDistPurchases9_H15           0.190006        0.000106
599 GRP_NumDistPurchases10_H15          0.013577     0.000025815
600 GRP_NumWebPurchases2_H15           -0.146778        0.000272
601 GRP_NumWebPurchases3_H15           -0.195581        0.000338
602 GRP_NumWebPurchases4_H15           -0.031460        0.000594
603 GRP_NumWebPurchases5_H15            0.079023        0.000383
604 GRP_NumWebPurchases6_H15            0.062260     0.000021947
605 GRP_NumWebPurchases7_H15           -0.065136        0.000277
606 GRP_NumWebPurchases8_H15           -0.064612        0.000750
607 GRP_NumWebVisitsMonth2_H15          0.059041        0.000190
608 GRP_NumWebVisitsMonth3_H15         -0.016345       -0.000501
609 GRP_NumWebVisitsMonth4_H15         -0.145925        0.000439
610 GRP_NumWebVisitsMonth5_H15         -0.136662        0.000340
611 GRP_NumWebVisitsMonth6_H15         -0.199544     0.000089239
612 GRP_NumWebVisitsMonth7_H15          0.037633        0.000108
613 GRP_NumWebVisitsMonth8_H15         -0.109803        0.000292
614 GRP_RFMstat2_H15                    0.099167       -0.000446
615 GRP_RFMstat3_H15                    0.226306       -0.000329
616 GRP_RFMstat4_H15                    0.076480       -0.000479
617 GRP_RFMstat5_H15                    0.182103       -0.000426
618 GRP_RFMstat6_H15                    0.155182       -0.000610
619 GRP_RFMstat7_H15                   -0.064579       -0.000452
620 GRP_RFMstat8_H15                    0.088162     0.000045356
621 GRP_RFMstat9_H15                -0.000021393       -0.000909
622 GRP_RFMstat10_H15                   0.216483    -0.000030000
623 GRP_RMntFrq2_H15                   -0.116823    -0.000087299
624 GRP_RMntFrq3_H15                   -0.194200     0.000058627
625 GRP_RMntFrq4_H15                   -0.087038       -0.000127
626 GRP_RMntFrq5_H15                    0.003246       -0.000562
627 GRP_RMntFrq6_H15                   -0.219269       -0.000243
628 GRP_RMntFrq7_H15                   -0.106182    -0.000090868
629 GRP_RMntFrq8_H15                   -0.340112     0.000019747
630 GRP_RMntFrq9_H15                    0.068514       -0.000413
631 GRP_RMntFrq10_H15                  -0.059119        0.000235
632 GRP_Recency2_H15                   -0.152185        0.000673
633 GRP_Recency3_H15                   -0.313000        0.000337
634 GRP_Recency4_H15                    0.069462        0.000431
635 GRP_Recency5_H15                    0.029842        0.000151
636 GRP_Recency6_H15                   -0.037110    -0.000051268
637 GRP_Recency7_H15                   -0.029403       -0.000251
638 GRP_Recency8_H15                   -0.046800        0.000309
639 GRP_Recency9_H15                   -0.007905    -0.000036117
640 GRP_Recency10_H15                   0.185910        0.000136
641 BIAS_H11                           -0.881321        0.000807
642 BIAS_H12                           -0.817012        0.005858
643 BIAS_H13                            0.560250       -0.006323
644 BIAS_H14                           -0.539195        0.000572
645 BIAS_H15                           -1.339812        0.000248
646 H11_DepVar1                         4.369606       -0.001934
647 H12_DepVar1                         6.204495       -0.001153
648 H13_DepVar1                         4.201180       -0.001340
649 H14_DepVar1                        -1.490143        0.003200
650 H15_DepVar1                        -0.976612        0.002932
651 BIAS_DepVar1                       -1.638240       -0.000744

Value of Objective Function = 0.0746864688

