 
                                                                                               
 
 
Fit Statistics

Target=DepVar Target Label=DepVar

   Fit
Statistics    Statistics Label                Train    Validation

  _NOBS_      Sum of Frequencies            2374.00      1018.00 
  _MISC_      Misclassification Rate           0.11         0.12 
  _MAX_       Maximum Absolute Error           0.94         0.94 
  _SSE_       Sum of Squared Errors          429.65       199.83 
  _ASE_       Average Squared Error            0.09         0.10 
  _RASE_      Root Average Squared Error       0.30         0.31 
  _DIV_       Divisor for ASE               4748.00      2036.00 
  _DFT_       Total Degrees of Freedom      2374.00          .   
 
                                                                                               
 
 
Classification Table

Data Role=TRAIN Target Variable=DepVar Target Label=DepVar

                       Target        Outcome     Frequency       Total
Target    Outcome    Percentage    Percentage      Count      Percentage

  0          0         89.5023       98.1638        1978        83.3193 
  1          0         10.4977       64.6240         232         9.7725 
  0          1         22.5610        1.8362          37         1.5586 
  1          1         77.4390       35.3760         127         5.3496 


Data Role=VALIDATE Target Variable=DepVar Target Label=DepVar

                       Target        Outcome     Frequency       Total
Target    Outcome    Percentage    Percentage      Count      Percentage

  0          0         88.3333       98.2619        848         83.3006 
  1          0         11.6667       72.2581        112         11.0020 
  0          1         25.8621        1.7381         15          1.4735 
  1          1         74.1379       27.7419         43          4.2240 
 
                                                                                               
 
 
Event Classification Table

Data Role=TRAIN Target=DepVar Target Label=DepVar

  False       True        False       True
Negative    Negative    Positive    Positive

   232        1978         37          127  


Data Role=VALIDATE Target=DepVar Target Label=DepVar

  False       True        False       True
Negative    Negative    Positive    Positive

   112         848         15          43   
 
                                                                                               
 
 
Assessment Score Rankings

Data Role=TRAIN Target Variable=DepVar Target Label=DepVar

                                                                                    Mean
                            Cumulative       %      Cumulative     Number of     Posterior
Depth      Gain     Lift       Lift      Response   % Response   Observations   Probability

   5    440.695   5.40695     5.40695     81.7647     81.7647         119         0.81765  
  10    331.834   3.22974     4.31834     48.8406     65.3026         119         0.48841  
  15    265.251   2.32083     3.65251     35.0960     55.2338         119         0.35096  
  20    211.882   1.50420     3.11882     22.7468     47.1633         118         0.22747  
  25    177.277   1.39146     2.77277     21.0419     41.9302         119         0.21042  
  30    139.837   0.52950     2.39837      8.0072     36.2685         119         0.08007  
  35    111.457   0.39974     2.11457      6.0449     31.9768         118         0.06045  
  40     89.976   0.39974     1.89976      6.0449     28.7285         119         0.06045  
  45     73.278   0.39974     1.73278      6.0449     26.2034         119         0.06045  
  50     60.026   0.39974     1.60026      6.0449     24.1994         118         0.06045  
  55     49.087   0.39974     1.49087      6.0449     22.5452         119         0.06045  
  60     39.975   0.39974     1.39975      6.0449     21.1673         119         0.06045  
  65     32.268   0.39974     1.32268      6.0449     20.0018         119         0.06045  
  70     25.715   0.39974     1.25715      6.0449     19.0108         118         0.06045  
  75     19.986   0.39974     1.19986      6.0449     18.1445         119         0.06045  
  80     14.975   0.39974     1.14975      6.0449     17.3867         119         0.06045  
  85     10.589   0.39974     1.10589      6.0449     16.7235         118         0.06045  
  90      6.657   0.39974     1.06657      6.0449     16.1289         119         0.06045  
  95      3.140   0.39974     1.03140      6.0449     15.5969         119         0.06045  
 100      0.000   0.39974     1.00000      6.0449     15.1222         118         0.06045  


Data Role=VALIDATE Target Variable=DepVar Target Label=DepVar

                                                                                    Mean
                            Cumulative       %      Cumulative     Number of     Posterior
Depth      Gain     Lift       Lift      Response   % Response   Observations   Probability

   5    405.673   5.05673     5.05673     76.9935     76.9935         51          0.78935  
  10    279.455   2.53236     3.79455     38.5576     57.7755         51          0.42193  
  15    223.436   2.11398     3.23436     32.1873     49.2461         51          0.31292  
  20    191.347   1.95081     2.91347     29.7030     44.3603         51          0.22747  
  25    172.239   1.95808     2.72239     29.8136     41.4510         51          0.18548  
  30    139.201   0.74007     2.39201     11.2683     36.4205         51          0.07216  
  35    110.768   0.40175     2.10768      6.1170     32.0915         51          0.06045  
  40     89.444   0.40175     1.89444      6.1170     28.8446         51          0.06045  
  45     72.859   0.40175     1.72859      6.1170     26.3194         51          0.06045  
  50     59.825   0.40175     1.59825      6.1170     24.3348         50          0.06045  
  55     48.928   0.40175     1.48928      6.1170     22.6757         51          0.06045  
  60     39.851   0.40175     1.39851      6.1170     21.2936         51          0.06045  
  65     32.172   0.40175     1.32172      6.1170     20.1244         51          0.06045  
  70     25.591   0.40175     1.25591      6.1170     19.1225         51          0.06045  
  75     19.889   0.40175     1.19889      6.1170     18.2543         51          0.06045  
  80     14.901   0.40175     1.14901      6.1170     17.4948         51          0.06045  
  85     10.500   0.40175     1.10500      6.1170     16.8247         51          0.06045  
  90      6.589   0.40175     1.06589      6.1170     16.2292         51          0.06045  
  95      3.090   0.40175     1.03090      6.1170     15.6964         51          0.06045  
 100      0.000   0.40175     1.00000      6.1170     15.2259         50          0.06045  
 
                                                                                               
 
 
Assessment Score Distribution

Data Role=TRAIN Target Variable=DepVar Target Label=DepVar

 Posterior     Number                     Mean
Probability      of      Number of     Posterior
   Range       Events    Nonevents    Probability    Percentage

 0.95-1.00         9           0        1.00000         0.3791 
 0.90-0.95        11           1        0.91667         0.5055 
 0.85-0.90        13           2        0.86667         0.6318 
 0.75-0.80        61          17        0.78205         3.2856 
 0.65-0.70        33          17        0.66000         2.1061 
 0.35-0.40        53          85        0.38406         5.8130 
 0.30-0.35        14          27        0.34146         1.7270 
 0.20-0.25        53         180        0.22747         9.8147 
 0.10-0.15         7          54        0.11475         2.5695 
 0.05-0.10       105        1632        0.06045        73.1676 


Data Role=VALIDATE Target Variable=DepVar Target Label=DepVar

 Posterior     Number                     Mean
Probability      of      Number of     Posterior
   Range       Events    Nonevents    Probability    Percentage

 0.95-1.00        1           0         1.00000         0.0982 
 0.90-0.95        4           0         0.91667         0.3929 
 0.85-0.90        6           1         0.86667         0.6876 
 0.75-0.80       24           7         0.78205         3.0452 
 0.65-0.70        8           7         0.66000         1.4735 
 0.35-0.40       21          37         0.38406         5.6974 
 0.30-0.35        6          13         0.34146         1.8664 
 0.20-0.25       30          71         0.22747         9.9214 
 0.10-0.15        9          21         0.11475         2.9470 
 0.05-0.10       46         706         0.06045        73.8703 
