MPRINT(EM_DIAGRAM):    data _null_;
MPRINT(EM_DIAGRAM):   call symput('NLDATE', strip(put(date(), NLDATE.)));
MPRINT(EM_DIAGRAM):   call symput('NLTIME', strip(put(datetime(), NLTIME.)));
MPRINT(EM_DIAGRAM):   run;
MPRINT(EM_DIAGRAM):   data _null_;
MPRINT(EM_DIAGRAM):   nldate= sasmsg("sashelp.dmine", "log_date_note", 'N', "19. April 2016" );
MPRINT(EM_DIAGRAM):   nltime= sasmsg("sashelp.dmine", "log_time_note", 'N', "11.12 Uhr" );
MPRINT(EM_DIAGRAM):   put "*------------------------------------------------------------*";
MPRINT(EM_DIAGRAM):   put "* Score Log";
MPRINT(EM_DIAGRAM):   put nldate;
MPRINT(EM_DIAGRAM):   put nltime;
MPRINT(EM_DIAGRAM):   put "*------------------------------------------------------------*";
MPRINT(EM_DIAGRAM):   run;
*------------------------------------------------------------*
* Score Log
Date:                19. April 2016
Time:                11.12 Uhr
*------------------------------------------------------------*
MPRINT(EM_DIAGRAM):    filename O3MUSAIV 
"C:\\predictive-models-project\Workspaces\EMWS8\Tree2\EMSCORE.out" encoding="UTF-8" NOBOM;
MPRINT(EM_DIAGRAM):   proc printto print=O3MUSAIV new;
MPRINT(EM_DIAGRAM):   run;
690781     filename emflow
690781   ! "C:\\predictive-models-project\Workspaces\EMWS8\Tree2\EMFLOWSCORE.sas";
MPRINT(EM_DIAGRAM):    filename emflow 
"C:\\predictive-models-project\Workspaces\EMWS8\Tree2\EMFLOWSCORE.sas";
MPRINT(EM_DIAGRAM):   *------------------------------------------------------------*;
MPRINT(EM_DIAGRAM):   * Tree2: Scoring DATA data;
MPRINT(EM_DIAGRAM):   *------------------------------------------------------------*;
690782     *------------------------------------------------------------*;
690783     * Tree2: Scoring DATA data;
690784     *------------------------------------------------------------*;
690785     data EMWS8.Tree2_TRAIN
690786     / view=EMWS8.Tree2_TRAIN
690787     ;
MPRINT(EM_DIAGRAM):   data EMWS8.Tree2_TRAIN / view=EMWS8.Tree2_TRAIN ;
690788     set EMWS8.PRINCOMP_TRAIN
690789     ;
MPRINT(EM_DIAGRAM):   set EMWS8.PRINCOMP_TRAIN ;
690790     %inc emflow;
NOTE: %INCLUDE (level 1) file EMFLOW is file 
      C:\\predictive-models-project\Workspaces\EMWS8\Tree2\EMFLOWSCORE.sas.
690791    +****************************************************************;
MPRINT(EM_DIAGRAM):   ****************************************************************;
690792    +******             DECISION TREE SCORING CODE             ******;
MPRINT(EM_DIAGRAM):   ****** DECISION TREE SCORING CODE ******;
690793    +****************************************************************;
MPRINT(EM_DIAGRAM):   ****************************************************************;
690794    +
690795    +******         LENGTHS OF NEW CHARACTER VARIABLES         ******;
MPRINT(EM_DIAGRAM):   ****** LENGTHS OF NEW CHARACTER VARIABLES ******;
690796    +LENGTH F_DepVar  $   12;
MPRINT(EM_DIAGRAM):   LENGTH F_DepVar $ 12;
690797    +LENGTH I_DepVar  $   12;
MPRINT(EM_DIAGRAM):   LENGTH I_DepVar $ 12;
690798    +LENGTH _WARN_  $    4;
MPRINT(EM_DIAGRAM):   LENGTH _WARN_ $ 4;
690799    +
690800    +******              LABELS FOR NEW VARIABLES              ******;
MPRINT(EM_DIAGRAM):   ****** LABELS FOR NEW VARIABLES ******;
690801    +LABEL _NODE_  = 'Node' ;
MPRINT(EM_DIAGRAM):   LABEL _NODE_ = 'Node' ;
690802    +LABEL _LEAF_  = 'Leaf' ;
MPRINT(EM_DIAGRAM):   LABEL _LEAF_ = 'Leaf' ;
690803    +LABEL P_DepVar0  = 'Predicted: DepVar=0' ;
MPRINT(EM_DIAGRAM):   LABEL P_DepVar0 = 'Predicted: DepVar=0' ;
690804    +LABEL P_DepVar1  = 'Predicted: DepVar=1' ;
MPRINT(EM_DIAGRAM):   LABEL P_DepVar1 = 'Predicted: DepVar=1' ;
690805    +LABEL Q_DepVar0  = 'Unadjusted P: DepVar=0' ;
MPRINT(EM_DIAGRAM):   LABEL Q_DepVar0 = 'Unadjusted P: DepVar=0' ;
690806    +LABEL Q_DepVar1  = 'Unadjusted P: DepVar=1' ;
MPRINT(EM_DIAGRAM):   LABEL Q_DepVar1 = 'Unadjusted P: DepVar=1' ;
690807    +LABEL V_DepVar0  = 'Validated: DepVar=0' ;
MPRINT(EM_DIAGRAM):   LABEL V_DepVar0 = 'Validated: DepVar=0' ;
690808    +LABEL V_DepVar1  = 'Validated: DepVar=1' ;
MPRINT(EM_DIAGRAM):   LABEL V_DepVar1 = 'Validated: DepVar=1' ;
690809    +LABEL R_DepVar0  = 'Residual: DepVar=0' ;
MPRINT(EM_DIAGRAM):   LABEL R_DepVar0 = 'Residual: DepVar=0' ;
690810    +LABEL R_DepVar1  = 'Residual: DepVar=1' ;
MPRINT(EM_DIAGRAM):   LABEL R_DepVar1 = 'Residual: DepVar=1' ;
690811    +LABEL F_DepVar  = 'From: DepVar' ;
MPRINT(EM_DIAGRAM):   LABEL F_DepVar = 'From: DepVar' ;
690812    +LABEL I_DepVar  = 'Into: DepVar' ;
MPRINT(EM_DIAGRAM):   LABEL I_DepVar = 'Into: DepVar' ;
690813    +LABEL U_DepVar  = 'Unnormalized Into: DepVar' ;
MPRINT(EM_DIAGRAM):   LABEL U_DepVar = 'Unnormalized Into: DepVar' ;
690814    +LABEL _WARN_  = 'Warnings' ;
MPRINT(EM_DIAGRAM):   LABEL _WARN_ = 'Warnings' ;
690815    +
690816    +
690817    +******      TEMPORARY VARIABLES FOR FORMATTED VALUES      ******;
MPRINT(EM_DIAGRAM):   ****** TEMPORARY VARIABLES FOR FORMATTED VALUES ******;
690818    +LENGTH _ARBFMT_12 $     12; DROP _ARBFMT_12;
MPRINT(EM_DIAGRAM):   LENGTH _ARBFMT_12 $ 12;
MPRINT(EM_DIAGRAM):   DROP _ARBFMT_12;
690819    +_ARBFMT_12 = ' '; /* Initialize to avoid warning. */
MPRINT(EM_DIAGRAM):   _ARBFMT_12 = ' ';
690820    +
690821    +
690822    +_ARBFMT_12 = PUT( DepVar , BEST.);
MPRINT(EM_DIAGRAM):   _ARBFMT_12 = PUT( DepVar , BEST.);
690823    + %DMNORMCP( _ARBFMT_12, F_DepVar );
MPRINT(DMNORMCP):   F_DepVar=dmnorm(_ARBFMT_12,
MPRINT(DMNORLEN):  32
MPRINT(DMNORMCP):  );
MPRINT(EM_DIAGRAM):  ;
690824    +
690825    +******             ASSIGN OBSERVATION TO NODE             ******;
MPRINT(EM_DIAGRAM):   ****** ASSIGN OBSERVATION TO NODE ******;
690826    +IF  NOT MISSING(PC_1 ) AND
690827    +      4.72890391929894 <= PC_1  THEN DO;
MPRINT(EM_DIAGRAM):   IF NOT MISSING(PC_1 ) AND 4.72890391929894 <= PC_1 THEN DO;
690828    +  IF  NOT MISSING(PC_13 ) AND
690829    +         0.7934719529821 <= PC_13  THEN DO;
MPRINT(EM_DIAGRAM):   IF NOT MISSING(PC_13 ) AND 0.7934719529821 <= PC_13 THEN DO;
690830    +    IF  NOT MISSING(PC_3 ) AND
690831    +      PC_3  <    -0.89919177649188 THEN DO;
MPRINT(EM_DIAGRAM):   IF NOT MISSING(PC_3 ) AND PC_3 < -0.89919177649188 THEN DO;
690832    +      IF  NOT MISSING(PC_14 ) AND
690833    +        PC_14  <    -0.28662782595399 THEN DO;
MPRINT(EM_DIAGRAM):   IF NOT MISSING(PC_14 ) AND PC_14 < -0.28662782595399 THEN DO;
690834    +        _NODE_  =                   28;
MPRINT(EM_DIAGRAM):   _NODE_ = 28;
690835    +        _LEAF_  =                    9;
MPRINT(EM_DIAGRAM):   _LEAF_ = 9;
690836    +        P_DepVar0  =      0.9090909090909;
MPRINT(EM_DIAGRAM):   P_DepVar0 = 0.9090909090909;
690837    +        P_DepVar1  =     0.09090909090909;
MPRINT(EM_DIAGRAM):   P_DepVar1 = 0.09090909090909;
690838    +        Q_DepVar0  =      0.9090909090909;
MPRINT(EM_DIAGRAM):   Q_DepVar0 = 0.9090909090909;
690839    +        Q_DepVar1  =     0.09090909090909;
MPRINT(EM_DIAGRAM):   Q_DepVar1 = 0.09090909090909;
690840    +        V_DepVar0  =                  0.8;
MPRINT(EM_DIAGRAM):   V_DepVar0 = 0.8;
690841    +        V_DepVar1  =                  0.2;
MPRINT(EM_DIAGRAM):   V_DepVar1 = 0.2;
690842    +        I_DepVar  = '0' ;
MPRINT(EM_DIAGRAM):   I_DepVar = '0' ;
690843    +        U_DepVar  =                    0;
MPRINT(EM_DIAGRAM):   U_DepVar = 0;
690844    +        END;
MPRINT(EM_DIAGRAM):   END;
690845    +      ELSE DO;
MPRINT(EM_DIAGRAM):   ELSE DO;
690846    +        _NODE_  =                   29;
MPRINT(EM_DIAGRAM):   _NODE_ = 29;
690847    +        _LEAF_  =                   10;
MPRINT(EM_DIAGRAM):   _LEAF_ = 10;
690848    +        P_DepVar0  =     0.35714285714285;
MPRINT(EM_DIAGRAM):   P_DepVar0 = 0.35714285714285;
690849    +        P_DepVar1  =     0.64285714285714;
MPRINT(EM_DIAGRAM):   P_DepVar1 = 0.64285714285714;
690850    +        Q_DepVar0  =     0.35714285714285;
MPRINT(EM_DIAGRAM):   Q_DepVar0 = 0.35714285714285;
690851    +        Q_DepVar1  =     0.64285714285714;
MPRINT(EM_DIAGRAM):   Q_DepVar1 = 0.64285714285714;
690852    +        V_DepVar0  =     0.33333333333333;
MPRINT(EM_DIAGRAM):   V_DepVar0 = 0.33333333333333;
690853    +        V_DepVar1  =     0.66666666666666;
MPRINT(EM_DIAGRAM):   V_DepVar1 = 0.66666666666666;
690854    +        I_DepVar  = '1' ;
MPRINT(EM_DIAGRAM):   I_DepVar = '1' ;
690855    +        U_DepVar  =                    1;
MPRINT(EM_DIAGRAM):   U_DepVar = 1;
690856    +        END;
MPRINT(EM_DIAGRAM):   END;
690857    +      END;
MPRINT(EM_DIAGRAM):   END;
690858    +    ELSE DO;
MPRINT(EM_DIAGRAM):   ELSE DO;
690859    +      _NODE_  =                   15;
MPRINT(EM_DIAGRAM):   _NODE_ = 15;
690860    +      _LEAF_  =                   11;
MPRINT(EM_DIAGRAM):   _LEAF_ = 11;
690861    +      P_DepVar0  =                 0.92;
MPRINT(EM_DIAGRAM):   P_DepVar0 = 0.92;
690862    +      P_DepVar1  =                 0.08;
MPRINT(EM_DIAGRAM):   P_DepVar1 = 0.08;
690863    +      Q_DepVar0  =                 0.92;
MPRINT(EM_DIAGRAM):   Q_DepVar0 = 0.92;
690864    +      Q_DepVar1  =                 0.08;
MPRINT(EM_DIAGRAM):   Q_DepVar1 = 0.08;
690865    +      V_DepVar0  =     0.78947368421052;
MPRINT(EM_DIAGRAM):   V_DepVar0 = 0.78947368421052;
690866    +      V_DepVar1  =     0.21052631578947;
MPRINT(EM_DIAGRAM):   V_DepVar1 = 0.21052631578947;
690867    +      I_DepVar  = '0' ;
MPRINT(EM_DIAGRAM):   I_DepVar = '0' ;
690868    +      U_DepVar  =                    0;
MPRINT(EM_DIAGRAM):   U_DepVar = 0;
690869    +      END;
MPRINT(EM_DIAGRAM):   END;
690870    +    END;
MPRINT(EM_DIAGRAM):   END;
690871    +  ELSE DO;
MPRINT(EM_DIAGRAM):   ELSE DO;
690872    +    IF  NOT MISSING(PC_10 ) AND
690873    +           2.8283843484414 <= PC_10  THEN DO;
MPRINT(EM_DIAGRAM):   IF NOT MISSING(PC_10 ) AND 2.8283843484414 <= PC_10 THEN DO;
690874    +      _NODE_  =                   13;
MPRINT(EM_DIAGRAM):   _NODE_ = 13;
690875    +      _LEAF_  =                    8;
MPRINT(EM_DIAGRAM):   _LEAF_ = 8;
690876    +      P_DepVar0  =     0.69444444444444;
MPRINT(EM_DIAGRAM):   P_DepVar0 = 0.69444444444444;
690877    +      P_DepVar1  =     0.30555555555555;
MPRINT(EM_DIAGRAM):   P_DepVar1 = 0.30555555555555;
690878    +      Q_DepVar0  =     0.69444444444444;
MPRINT(EM_DIAGRAM):   Q_DepVar0 = 0.69444444444444;
690879    +      Q_DepVar1  =     0.30555555555555;
MPRINT(EM_DIAGRAM):   Q_DepVar1 = 0.30555555555555;
690880    +      V_DepVar0  =     0.63157894736842;
MPRINT(EM_DIAGRAM):   V_DepVar0 = 0.63157894736842;
690881    +      V_DepVar1  =     0.36842105263157;
MPRINT(EM_DIAGRAM):   V_DepVar1 = 0.36842105263157;
690882    +      I_DepVar  = '0' ;
MPRINT(EM_DIAGRAM):   I_DepVar = '0' ;
690883    +      U_DepVar  =                    0;
MPRINT(EM_DIAGRAM):   U_DepVar = 0;
690884    +      END;
MPRINT(EM_DIAGRAM):   END;
690885    +    ELSE DO;
MPRINT(EM_DIAGRAM):   ELSE DO;
690886    +      IF  NOT MISSING(PC_2 ) AND
690887    +            0.57994817718225 <= PC_2  THEN DO;
MPRINT(EM_DIAGRAM):   IF NOT MISSING(PC_2 ) AND 0.57994817718225 <= PC_2 THEN DO;
690888    +        IF  NOT MISSING(PC_10 ) AND
690889    +          PC_10  <    -1.00979078933032 THEN DO;
MPRINT(EM_DIAGRAM):   IF NOT MISSING(PC_10 ) AND PC_10 < -1.00979078933032 THEN DO;
690890    +          _NODE_  =                   44;
MPRINT(EM_DIAGRAM):   _NODE_ = 44;
690891    +          _LEAF_  =                    6;
MPRINT(EM_DIAGRAM):   _LEAF_ = 6;
690892    +          P_DepVar0  =     0.14285714285714;
MPRINT(EM_DIAGRAM):   P_DepVar0 = 0.14285714285714;
690893    +          P_DepVar1  =     0.85714285714285;
MPRINT(EM_DIAGRAM):   P_DepVar1 = 0.85714285714285;
690894    +          Q_DepVar0  =     0.14285714285714;
MPRINT(EM_DIAGRAM):   Q_DepVar0 = 0.14285714285714;
690895    +          Q_DepVar1  =     0.85714285714285;
MPRINT(EM_DIAGRAM):   Q_DepVar1 = 0.85714285714285;
690896    +          V_DepVar0  =                    0;
MPRINT(EM_DIAGRAM):   V_DepVar0 = 0;
690897    +          V_DepVar1  =                    1;
MPRINT(EM_DIAGRAM):   V_DepVar1 = 1;
690898    +          I_DepVar  = '1' ;
MPRINT(EM_DIAGRAM):   I_DepVar = '1' ;
690899    +          U_DepVar  =                    1;
MPRINT(EM_DIAGRAM):   U_DepVar = 1;
690900    +          END;
MPRINT(EM_DIAGRAM):   END;
690901    +        ELSE DO;
MPRINT(EM_DIAGRAM):   ELSE DO;
690902    +          _NODE_  =                   45;
MPRINT(EM_DIAGRAM):   _NODE_ = 45;
690903    +          _LEAF_  =                    7;
MPRINT(EM_DIAGRAM):   _LEAF_ = 7;
690904    +          P_DepVar0  =                0.875;
MPRINT(EM_DIAGRAM):   P_DepVar0 = 0.875;
690905    +          P_DepVar1  =                0.125;
MPRINT(EM_DIAGRAM):   P_DepVar1 = 0.125;
690906    +          Q_DepVar0  =                0.875;
MPRINT(EM_DIAGRAM):   Q_DepVar0 = 0.875;
690907    +          Q_DepVar1  =                0.125;
MPRINT(EM_DIAGRAM):   Q_DepVar1 = 0.125;
690908    +          V_DepVar0  =                    1;
MPRINT(EM_DIAGRAM):   V_DepVar0 = 1;
690909    +          V_DepVar1  =                    0;
MPRINT(EM_DIAGRAM):   V_DepVar1 = 0;
690910    +          I_DepVar  = '0' ;
MPRINT(EM_DIAGRAM):   I_DepVar = '0' ;
690911    +          U_DepVar  =                    0;
MPRINT(EM_DIAGRAM):   U_DepVar = 0;
690912    +          END;
MPRINT(EM_DIAGRAM):   END;
690913    +        END;
MPRINT(EM_DIAGRAM):   END;
690914    +      ELSE DO;
MPRINT(EM_DIAGRAM):   ELSE DO;
690915    +        IF  NOT MISSING(PC_9 ) AND
690916    +          PC_9  <    -1.25942381578662 THEN DO;
MPRINT(EM_DIAGRAM):   IF NOT MISSING(PC_9 ) AND PC_9 < -1.25942381578662 THEN DO;
690917    +          _NODE_  =                   42;
MPRINT(EM_DIAGRAM):   _NODE_ = 42;
690918    +          _LEAF_  =                    4;
MPRINT(EM_DIAGRAM):   _LEAF_ = 4;
690919    +          P_DepVar0  =     0.53333333333333;
MPRINT(EM_DIAGRAM):   P_DepVar0 = 0.53333333333333;
690920    +          P_DepVar1  =     0.46666666666666;
MPRINT(EM_DIAGRAM):   P_DepVar1 = 0.46666666666666;
690921    +          Q_DepVar0  =     0.53333333333333;
MPRINT(EM_DIAGRAM):   Q_DepVar0 = 0.53333333333333;
690922    +          Q_DepVar1  =     0.46666666666666;
MPRINT(EM_DIAGRAM):   Q_DepVar1 = 0.46666666666666;
690923    +          V_DepVar0  =                    1;
MPRINT(EM_DIAGRAM):   V_DepVar0 = 1;
690924    +          V_DepVar1  =                    0;
MPRINT(EM_DIAGRAM):   V_DepVar1 = 0;
690925    +          I_DepVar  = '0' ;
MPRINT(EM_DIAGRAM):   I_DepVar = '0' ;
690926    +          U_DepVar  =                    0;
MPRINT(EM_DIAGRAM):   U_DepVar = 0;
690927    +          END;
MPRINT(EM_DIAGRAM):   END;
690928    +        ELSE DO;
MPRINT(EM_DIAGRAM):   ELSE DO;
690929    +          _NODE_  =                   43;
MPRINT(EM_DIAGRAM):   _NODE_ = 43;
690930    +          _LEAF_  =                    5;
MPRINT(EM_DIAGRAM):   _LEAF_ = 5;
690931    +          P_DepVar0  =     0.05617977528089;
MPRINT(EM_DIAGRAM):   P_DepVar0 = 0.05617977528089;
690932    +          P_DepVar1  =      0.9438202247191;
MPRINT(EM_DIAGRAM):   P_DepVar1 = 0.9438202247191;
690933    +          Q_DepVar0  =     0.05617977528089;
MPRINT(EM_DIAGRAM):   Q_DepVar0 = 0.05617977528089;
690934    +          Q_DepVar1  =      0.9438202247191;
MPRINT(EM_DIAGRAM):   Q_DepVar1 = 0.9438202247191;
690935    +          V_DepVar0  =     0.23684210526315;
MPRINT(EM_DIAGRAM):   V_DepVar0 = 0.23684210526315;
690936    +          V_DepVar1  =     0.76315789473684;
MPRINT(EM_DIAGRAM):   V_DepVar1 = 0.76315789473684;
690937    +          I_DepVar  = '1' ;
MPRINT(EM_DIAGRAM):   I_DepVar = '1' ;
690938    +          U_DepVar  =                    1;
MPRINT(EM_DIAGRAM):   U_DepVar = 1;
690939    +          END;
MPRINT(EM_DIAGRAM):   END;
690940    +        END;
MPRINT(EM_DIAGRAM):   END;
690941    +      END;
MPRINT(EM_DIAGRAM):   END;
690942    +    END;
MPRINT(EM_DIAGRAM):   END;
690943    +  END;
MPRINT(EM_DIAGRAM):   END;
690944    +ELSE DO;
MPRINT(EM_DIAGRAM):   ELSE DO;
690945    +  IF  NOT MISSING(PC_10 ) AND
690946    +    PC_10  <    -1.17632487738677 THEN DO;
MPRINT(EM_DIAGRAM):   IF NOT MISSING(PC_10 ) AND PC_10 < -1.17632487738677 THEN DO;
690947    +    IF  NOT MISSING(PC_13 ) AND
690948    +      PC_13  <    -0.26517164611357 THEN DO;
MPRINT(EM_DIAGRAM):   IF NOT MISSING(PC_13 ) AND PC_13 < -0.26517164611357 THEN DO;
690949    +      _NODE_  =                    8;
MPRINT(EM_DIAGRAM):   _NODE_ = 8;
690950    +      _LEAF_  =                    1;
MPRINT(EM_DIAGRAM):   _LEAF_ = 1;
690951    +      P_DepVar0  =                0.375;
MPRINT(EM_DIAGRAM):   P_DepVar0 = 0.375;
690952    +      P_DepVar1  =                0.625;
MPRINT(EM_DIAGRAM):   P_DepVar1 = 0.625;
690953    +      Q_DepVar0  =                0.375;
MPRINT(EM_DIAGRAM):   Q_DepVar0 = 0.375;
690954    +      Q_DepVar1  =                0.625;
MPRINT(EM_DIAGRAM):   Q_DepVar1 = 0.625;
690955    +      V_DepVar0  =                  0.4;
MPRINT(EM_DIAGRAM):   V_DepVar0 = 0.4;
690956    +      V_DepVar1  =                  0.6;
MPRINT(EM_DIAGRAM):   V_DepVar1 = 0.6;
690957    +      I_DepVar  = '1' ;
MPRINT(EM_DIAGRAM):   I_DepVar = '1' ;
690958    +      U_DepVar  =                    1;
MPRINT(EM_DIAGRAM):   U_DepVar = 1;
690959    +      END;
MPRINT(EM_DIAGRAM):   END;
690960    +    ELSE DO;
MPRINT(EM_DIAGRAM):   ELSE DO;
690961    +      _NODE_  =                    9;
MPRINT(EM_DIAGRAM):   _NODE_ = 9;
690962    +      _LEAF_  =                    2;
MPRINT(EM_DIAGRAM):   _LEAF_ = 2;
690963    +      P_DepVar0  =     0.75524475524475;
MPRINT(EM_DIAGRAM):   P_DepVar0 = 0.75524475524475;
690964    +      P_DepVar1  =     0.24475524475524;
MPRINT(EM_DIAGRAM):   P_DepVar1 = 0.24475524475524;
690965    +      Q_DepVar0  =     0.75524475524475;
MPRINT(EM_DIAGRAM):   Q_DepVar0 = 0.75524475524475;
690966    +      Q_DepVar1  =     0.24475524475524;
MPRINT(EM_DIAGRAM):   Q_DepVar1 = 0.24475524475524;
690967    +      V_DepVar0  =     0.75675675675675;
MPRINT(EM_DIAGRAM):   V_DepVar0 = 0.75675675675675;
690968    +      V_DepVar1  =     0.24324324324324;
MPRINT(EM_DIAGRAM):   V_DepVar1 = 0.24324324324324;
690969    +      I_DepVar  = '0' ;
MPRINT(EM_DIAGRAM):   I_DepVar = '0' ;
690970    +      U_DepVar  =                    0;
MPRINT(EM_DIAGRAM):   U_DepVar = 0;
690971    +      END;
MPRINT(EM_DIAGRAM):   END;
690972    +    END;
MPRINT(EM_DIAGRAM):   END;
690973    +  ELSE DO;
MPRINT(EM_DIAGRAM):   ELSE DO;
690974    +    _NODE_  =                    5;
MPRINT(EM_DIAGRAM):   _NODE_ = 5;
690975    +    _LEAF_  =                    3;
MPRINT(EM_DIAGRAM):   _LEAF_ = 3;
690976    +    P_DepVar0  =     0.92388451443569;
MPRINT(EM_DIAGRAM):   P_DepVar0 = 0.92388451443569;
690977    +    P_DepVar1  =      0.0761154855643;
MPRINT(EM_DIAGRAM):   P_DepVar1 = 0.0761154855643;
690978    +    Q_DepVar0  =     0.92388451443569;
MPRINT(EM_DIAGRAM):   Q_DepVar0 = 0.92388451443569;
690979    +    Q_DepVar1  =      0.0761154855643;
MPRINT(EM_DIAGRAM):   Q_DepVar1 = 0.0761154855643;
690980    +    V_DepVar0  =     0.91219512195121;
MPRINT(EM_DIAGRAM):   V_DepVar0 = 0.91219512195121;
690981    +    V_DepVar1  =     0.08780487804878;
MPRINT(EM_DIAGRAM):   V_DepVar1 = 0.08780487804878;
690982    +    I_DepVar  = '0' ;
MPRINT(EM_DIAGRAM):   I_DepVar = '0' ;
690983    +    U_DepVar  =                    0;
MPRINT(EM_DIAGRAM):   U_DepVar = 0;
690984    +    END;
MPRINT(EM_DIAGRAM):   END;
690985    +  END;
MPRINT(EM_DIAGRAM):   END;
690986    +
690987    +*****  RESIDUALS R_ *************;
MPRINT(EM_DIAGRAM):   ***** RESIDUALS R_ *************;
690988    +IF  F_DepVar  NE '0'
690989    +AND F_DepVar  NE '1'  THEN DO;
MPRINT(EM_DIAGRAM):   IF F_DepVar NE '0' AND F_DepVar NE '1' THEN DO;
690990    +        R_DepVar0  = .;
MPRINT(EM_DIAGRAM):   R_DepVar0 = .;
690991    +        R_DepVar1  = .;
MPRINT(EM_DIAGRAM):   R_DepVar1 = .;
690992    + END;
MPRINT(EM_DIAGRAM):   END;
690993    + ELSE DO;
MPRINT(EM_DIAGRAM):   ELSE DO;
690994    +       R_DepVar0  =  -P_DepVar0 ;
MPRINT(EM_DIAGRAM):   R_DepVar0 = -P_DepVar0 ;
690995    +       R_DepVar1  =  -P_DepVar1 ;
MPRINT(EM_DIAGRAM):   R_DepVar1 = -P_DepVar1 ;
690996    +       SELECT( F_DepVar  );
MPRINT(EM_DIAGRAM):   SELECT( F_DepVar );
690997    +          WHEN( '0'  ) R_DepVar0  = R_DepVar0  +1;
MPRINT(EM_DIAGRAM):   WHEN( '0' ) R_DepVar0 = R_DepVar0 +1;
690998    +          WHEN( '1'  ) R_DepVar1  = R_DepVar1  +1;
MPRINT(EM_DIAGRAM):   WHEN( '1' ) R_DepVar1 = R_DepVar1 +1;
690999    +       END;
MPRINT(EM_DIAGRAM):   END;
691000    + END;
MPRINT(EM_DIAGRAM):   END;
691001    +
691002    +****************************************************************;
MPRINT(EM_DIAGRAM):   ****************************************************************;
691003    +******          END OF DECISION TREE SCORING CODE         ******;
MPRINT(EM_DIAGRAM):   ****** END OF DECISION TREE SCORING CODE ******;
691004    +****************************************************************;
MPRINT(EM_DIAGRAM):   ****************************************************************;
691005    +drop _LEAF_;
MPRINT(EM_DIAGRAM):   drop _LEAF_;
NOTE: %INCLUDE (level 1) ending.
MPRINT(EM_DIAGRAM):   run;
691006     run;

NOTE: DATA STEP view saved on file EMWS8.TREE2_TRAIN.
NOTE: A stored DATA STEP view cannot run under a different operating system.
NOTE: View EMWS8.PRINCOMP_TRAIN.VIEW used (Total process time):
      real time           0.06 seconds
      cpu time            0.06 seconds
      
NOTE: DATA statement used (Total process time):
      real time           0.07 seconds
      cpu time            0.07 seconds
      

MPRINT(EM_DIAGRAM):   quit;
691007     quit;
691008     filename emflow;
MPRINT(EM_DIAGRAM):   filename emflow;
NOTE: Fileref EMFLOW has been deassigned.
691009     filename emflow
691009   ! "C:\\predictive-models-project\Workspaces\EMWS8\Tree2\EMFLOWSCORE.sas";
MPRINT(EM_DIAGRAM):    filename emflow 
"C:\\predictive-models-project\Workspaces\EMWS8\Tree2\EMFLOWSCORE.sas";
MPRINT(EM_DIAGRAM):   *------------------------------------------------------------*;
MPRINT(EM_DIAGRAM):   * Tree2: Scoring VALIDATE data;
MPRINT(EM_DIAGRAM):   *------------------------------------------------------------*;
691010     *------------------------------------------------------------*;
691011     * Tree2: Scoring VALIDATE data;
691012     *------------------------------------------------------------*;
691013     data EMWS8.Tree2_VALIDATE
691014     / view=EMWS8.Tree2_VALIDATE
691015     ;
MPRINT(EM_DIAGRAM):   data EMWS8.Tree2_VALIDATE / view=EMWS8.Tree2_VALIDATE ;
691016     set EMWS8.PRINCOMP_VALIDATE
691017     ;
MPRINT(EM_DIAGRAM):   set EMWS8.PRINCOMP_VALIDATE ;
691018     %inc emflow;
NOTE: %INCLUDE (level 1) file EMFLOW is file 
      C:\\predictive-models-project\Workspaces\EMWS8\Tree2\EMFLOWSCORE.sas.
691019    +****************************************************************;
MPRINT(EM_DIAGRAM):   ****************************************************************;
691020    +******             DECISION TREE SCORING CODE             ******;
MPRINT(EM_DIAGRAM):   ****** DECISION TREE SCORING CODE ******;
691021    +****************************************************************;
MPRINT(EM_DIAGRAM):   ****************************************************************;
691022    +
691023    +******         LENGTHS OF NEW CHARACTER VARIABLES         ******;
MPRINT(EM_DIAGRAM):   ****** LENGTHS OF NEW CHARACTER VARIABLES ******;
691024    +LENGTH F_DepVar  $   12;
MPRINT(EM_DIAGRAM):   LENGTH F_DepVar $ 12;
691025    +LENGTH I_DepVar  $   12;
MPRINT(EM_DIAGRAM):   LENGTH I_DepVar $ 12;
691026    +LENGTH _WARN_  $    4;
MPRINT(EM_DIAGRAM):   LENGTH _WARN_ $ 4;
691027    +
691028    +******              LABELS FOR NEW VARIABLES              ******;
MPRINT(EM_DIAGRAM):   ****** LABELS FOR NEW VARIABLES ******;
691029    +LABEL _NODE_  = 'Node' ;
MPRINT(EM_DIAGRAM):   LABEL _NODE_ = 'Node' ;
691030    +LABEL _LEAF_  = 'Leaf' ;
MPRINT(EM_DIAGRAM):   LABEL _LEAF_ = 'Leaf' ;
691031    +LABEL P_DepVar0  = 'Predicted: DepVar=0' ;
MPRINT(EM_DIAGRAM):   LABEL P_DepVar0 = 'Predicted: DepVar=0' ;
691032    +LABEL P_DepVar1  = 'Predicted: DepVar=1' ;
MPRINT(EM_DIAGRAM):   LABEL P_DepVar1 = 'Predicted: DepVar=1' ;
691033    +LABEL Q_DepVar0  = 'Unadjusted P: DepVar=0' ;
MPRINT(EM_DIAGRAM):   LABEL Q_DepVar0 = 'Unadjusted P: DepVar=0' ;
691034    +LABEL Q_DepVar1  = 'Unadjusted P: DepVar=1' ;
MPRINT(EM_DIAGRAM):   LABEL Q_DepVar1 = 'Unadjusted P: DepVar=1' ;
691035    +LABEL V_DepVar0  = 'Validated: DepVar=0' ;
MPRINT(EM_DIAGRAM):   LABEL V_DepVar0 = 'Validated: DepVar=0' ;
691036    +LABEL V_DepVar1  = 'Validated: DepVar=1' ;
MPRINT(EM_DIAGRAM):   LABEL V_DepVar1 = 'Validated: DepVar=1' ;
691037    +LABEL R_DepVar0  = 'Residual: DepVar=0' ;
MPRINT(EM_DIAGRAM):   LABEL R_DepVar0 = 'Residual: DepVar=0' ;
691038    +LABEL R_DepVar1  = 'Residual: DepVar=1' ;
MPRINT(EM_DIAGRAM):   LABEL R_DepVar1 = 'Residual: DepVar=1' ;
691039    +LABEL F_DepVar  = 'From: DepVar' ;
MPRINT(EM_DIAGRAM):   LABEL F_DepVar = 'From: DepVar' ;
691040    +LABEL I_DepVar  = 'Into: DepVar' ;
MPRINT(EM_DIAGRAM):   LABEL I_DepVar = 'Into: DepVar' ;
691041    +LABEL U_DepVar  = 'Unnormalized Into: DepVar' ;
MPRINT(EM_DIAGRAM):   LABEL U_DepVar = 'Unnormalized Into: DepVar' ;
691042    +LABEL _WARN_  = 'Warnings' ;
MPRINT(EM_DIAGRAM):   LABEL _WARN_ = 'Warnings' ;
691043    +
691044    +
691045    +******      TEMPORARY VARIABLES FOR FORMATTED VALUES      ******;
MPRINT(EM_DIAGRAM):   ****** TEMPORARY VARIABLES FOR FORMATTED VALUES ******;
691046    +LENGTH _ARBFMT_12 $     12; DROP _ARBFMT_12;
MPRINT(EM_DIAGRAM):   LENGTH _ARBFMT_12 $ 12;
MPRINT(EM_DIAGRAM):   DROP _ARBFMT_12;
691047    +_ARBFMT_12 = ' '; /* Initialize to avoid warning. */
MPRINT(EM_DIAGRAM):   _ARBFMT_12 = ' ';
691048    +
691049    +
691050    +_ARBFMT_12 = PUT( DepVar , BEST.);
MPRINT(EM_DIAGRAM):   _ARBFMT_12 = PUT( DepVar , BEST.);
691051    + %DMNORMCP( _ARBFMT_12, F_DepVar );
MPRINT(DMNORMCP):   F_DepVar=dmnorm(_ARBFMT_12,
MPRINT(DMNORLEN):  32
MPRINT(DMNORMCP):  );
MPRINT(EM_DIAGRAM):  ;
691052    +
691053    +******             ASSIGN OBSERVATION TO NODE             ******;
MPRINT(EM_DIAGRAM):   ****** ASSIGN OBSERVATION TO NODE ******;
691054    +IF  NOT MISSING(PC_1 ) AND
691055    +      4.72890391929894 <= PC_1  THEN DO;
MPRINT(EM_DIAGRAM):   IF NOT MISSING(PC_1 ) AND 4.72890391929894 <= PC_1 THEN DO;
691056    +  IF  NOT MISSING(PC_13 ) AND
691057    +         0.7934719529821 <= PC_13  THEN DO;
MPRINT(EM_DIAGRAM):   IF NOT MISSING(PC_13 ) AND 0.7934719529821 <= PC_13 THEN DO;
691058    +    IF  NOT MISSING(PC_3 ) AND
691059    +      PC_3  <    -0.89919177649188 THEN DO;
MPRINT(EM_DIAGRAM):   IF NOT MISSING(PC_3 ) AND PC_3 < -0.89919177649188 THEN DO;
691060    +      IF  NOT MISSING(PC_14 ) AND
691061    +        PC_14  <    -0.28662782595399 THEN DO;
MPRINT(EM_DIAGRAM):   IF NOT MISSING(PC_14 ) AND PC_14 < -0.28662782595399 THEN DO;
691062    +        _NODE_  =                   28;
MPRINT(EM_DIAGRAM):   _NODE_ = 28;
691063    +        _LEAF_  =                    9;
MPRINT(EM_DIAGRAM):   _LEAF_ = 9;
691064    +        P_DepVar0  =      0.9090909090909;
MPRINT(EM_DIAGRAM):   P_DepVar0 = 0.9090909090909;
691065    +        P_DepVar1  =     0.09090909090909;
MPRINT(EM_DIAGRAM):   P_DepVar1 = 0.09090909090909;
691066    +        Q_DepVar0  =      0.9090909090909;
MPRINT(EM_DIAGRAM):   Q_DepVar0 = 0.9090909090909;
691067    +        Q_DepVar1  =     0.09090909090909;
MPRINT(EM_DIAGRAM):   Q_DepVar1 = 0.09090909090909;
691068    +        V_DepVar0  =                  0.8;
MPRINT(EM_DIAGRAM):   V_DepVar0 = 0.8;
691069    +        V_DepVar1  =                  0.2;
MPRINT(EM_DIAGRAM):   V_DepVar1 = 0.2;
691070    +        I_DepVar  = '0' ;
MPRINT(EM_DIAGRAM):   I_DepVar = '0' ;
691071    +        U_DepVar  =                    0;
MPRINT(EM_DIAGRAM):   U_DepVar = 0;
691072    +        END;
MPRINT(EM_DIAGRAM):   END;
691073    +      ELSE DO;
MPRINT(EM_DIAGRAM):   ELSE DO;
691074    +        _NODE_  =                   29;
MPRINT(EM_DIAGRAM):   _NODE_ = 29;
691075    +        _LEAF_  =                   10;
MPRINT(EM_DIAGRAM):   _LEAF_ = 10;
691076    +        P_DepVar0  =     0.35714285714285;
MPRINT(EM_DIAGRAM):   P_DepVar0 = 0.35714285714285;
691077    +        P_DepVar1  =     0.64285714285714;
MPRINT(EM_DIAGRAM):   P_DepVar1 = 0.64285714285714;
691078    +        Q_DepVar0  =     0.35714285714285;
MPRINT(EM_DIAGRAM):   Q_DepVar0 = 0.35714285714285;
691079    +        Q_DepVar1  =     0.64285714285714;
MPRINT(EM_DIAGRAM):   Q_DepVar1 = 0.64285714285714;
691080    +        V_DepVar0  =     0.33333333333333;
MPRINT(EM_DIAGRAM):   V_DepVar0 = 0.33333333333333;
691081    +        V_DepVar1  =     0.66666666666666;
MPRINT(EM_DIAGRAM):   V_DepVar1 = 0.66666666666666;
691082    +        I_DepVar  = '1' ;
MPRINT(EM_DIAGRAM):   I_DepVar = '1' ;
691083    +        U_DepVar  =                    1;
MPRINT(EM_DIAGRAM):   U_DepVar = 1;
691084    +        END;
MPRINT(EM_DIAGRAM):   END;
691085    +      END;
MPRINT(EM_DIAGRAM):   END;
691086    +    ELSE DO;
MPRINT(EM_DIAGRAM):   ELSE DO;
691087    +      _NODE_  =                   15;
MPRINT(EM_DIAGRAM):   _NODE_ = 15;
691088    +      _LEAF_  =                   11;
MPRINT(EM_DIAGRAM):   _LEAF_ = 11;
691089    +      P_DepVar0  =                 0.92;
MPRINT(EM_DIAGRAM):   P_DepVar0 = 0.92;
691090    +      P_DepVar1  =                 0.08;
MPRINT(EM_DIAGRAM):   P_DepVar1 = 0.08;
691091    +      Q_DepVar0  =                 0.92;
MPRINT(EM_DIAGRAM):   Q_DepVar0 = 0.92;
691092    +      Q_DepVar1  =                 0.08;
MPRINT(EM_DIAGRAM):   Q_DepVar1 = 0.08;
691093    +      V_DepVar0  =     0.78947368421052;
MPRINT(EM_DIAGRAM):   V_DepVar0 = 0.78947368421052;
691094    +      V_DepVar1  =     0.21052631578947;
MPRINT(EM_DIAGRAM):   V_DepVar1 = 0.21052631578947;
691095    +      I_DepVar  = '0' ;
MPRINT(EM_DIAGRAM):   I_DepVar = '0' ;
691096    +      U_DepVar  =                    0;
MPRINT(EM_DIAGRAM):   U_DepVar = 0;
691097    +      END;
MPRINT(EM_DIAGRAM):   END;
691098    +    END;
MPRINT(EM_DIAGRAM):   END;
691099    +  ELSE DO;
MPRINT(EM_DIAGRAM):   ELSE DO;
691100    +    IF  NOT MISSING(PC_10 ) AND
691101    +           2.8283843484414 <= PC_10  THEN DO;
MPRINT(EM_DIAGRAM):   IF NOT MISSING(PC_10 ) AND 2.8283843484414 <= PC_10 THEN DO;
691102    +      _NODE_  =                   13;
MPRINT(EM_DIAGRAM):   _NODE_ = 13;
691103    +      _LEAF_  =                    8;
MPRINT(EM_DIAGRAM):   _LEAF_ = 8;
691104    +      P_DepVar0  =     0.69444444444444;
MPRINT(EM_DIAGRAM):   P_DepVar0 = 0.69444444444444;
691105    +      P_DepVar1  =     0.30555555555555;
MPRINT(EM_DIAGRAM):   P_DepVar1 = 0.30555555555555;
691106    +      Q_DepVar0  =     0.69444444444444;
MPRINT(EM_DIAGRAM):   Q_DepVar0 = 0.69444444444444;
691107    +      Q_DepVar1  =     0.30555555555555;
MPRINT(EM_DIAGRAM):   Q_DepVar1 = 0.30555555555555;
691108    +      V_DepVar0  =     0.63157894736842;
MPRINT(EM_DIAGRAM):   V_DepVar0 = 0.63157894736842;
691109    +      V_DepVar1  =     0.36842105263157;
MPRINT(EM_DIAGRAM):   V_DepVar1 = 0.36842105263157;
691110    +      I_DepVar  = '0' ;
MPRINT(EM_DIAGRAM):   I_DepVar = '0' ;
691111    +      U_DepVar  =                    0;
MPRINT(EM_DIAGRAM):   U_DepVar = 0;
691112    +      END;
MPRINT(EM_DIAGRAM):   END;
691113    +    ELSE DO;
MPRINT(EM_DIAGRAM):   ELSE DO;
691114    +      IF  NOT MISSING(PC_2 ) AND
691115    +            0.57994817718225 <= PC_2  THEN DO;
MPRINT(EM_DIAGRAM):   IF NOT MISSING(PC_2 ) AND 0.57994817718225 <= PC_2 THEN DO;
691116    +        IF  NOT MISSING(PC_10 ) AND
691117    +          PC_10  <    -1.00979078933032 THEN DO;
MPRINT(EM_DIAGRAM):   IF NOT MISSING(PC_10 ) AND PC_10 < -1.00979078933032 THEN DO;
691118    +          _NODE_  =                   44;
MPRINT(EM_DIAGRAM):   _NODE_ = 44;
691119    +          _LEAF_  =                    6;
MPRINT(EM_DIAGRAM):   _LEAF_ = 6;
691120    +          P_DepVar0  =     0.14285714285714;
MPRINT(EM_DIAGRAM):   P_DepVar0 = 0.14285714285714;
691121    +          P_DepVar1  =     0.85714285714285;
MPRINT(EM_DIAGRAM):   P_DepVar1 = 0.85714285714285;
691122    +          Q_DepVar0  =     0.14285714285714;
MPRINT(EM_DIAGRAM):   Q_DepVar0 = 0.14285714285714;
691123    +          Q_DepVar1  =     0.85714285714285;
MPRINT(EM_DIAGRAM):   Q_DepVar1 = 0.85714285714285;
691124    +          V_DepVar0  =                    0;
MPRINT(EM_DIAGRAM):   V_DepVar0 = 0;
691125    +          V_DepVar1  =                    1;
MPRINT(EM_DIAGRAM):   V_DepVar1 = 1;
691126    +          I_DepVar  = '1' ;
MPRINT(EM_DIAGRAM):   I_DepVar = '1' ;
691127    +          U_DepVar  =                    1;
MPRINT(EM_DIAGRAM):   U_DepVar = 1;
691128    +          END;
MPRINT(EM_DIAGRAM):   END;
691129    +        ELSE DO;
MPRINT(EM_DIAGRAM):   ELSE DO;
691130    +          _NODE_  =                   45;
MPRINT(EM_DIAGRAM):   _NODE_ = 45;
691131    +          _LEAF_  =                    7;
MPRINT(EM_DIAGRAM):   _LEAF_ = 7;
691132    +          P_DepVar0  =                0.875;
MPRINT(EM_DIAGRAM):   P_DepVar0 = 0.875;
691133    +          P_DepVar1  =                0.125;
MPRINT(EM_DIAGRAM):   P_DepVar1 = 0.125;
691134    +          Q_DepVar0  =                0.875;
MPRINT(EM_DIAGRAM):   Q_DepVar0 = 0.875;
691135    +          Q_DepVar1  =                0.125;
MPRINT(EM_DIAGRAM):   Q_DepVar1 = 0.125;
691136    +          V_DepVar0  =                    1;
MPRINT(EM_DIAGRAM):   V_DepVar0 = 1;
691137    +          V_DepVar1  =                    0;
MPRINT(EM_DIAGRAM):   V_DepVar1 = 0;
691138    +          I_DepVar  = '0' ;
MPRINT(EM_DIAGRAM):   I_DepVar = '0' ;
691139    +          U_DepVar  =                    0;
MPRINT(EM_DIAGRAM):   U_DepVar = 0;
691140    +          END;
MPRINT(EM_DIAGRAM):   END;
691141    +        END;
MPRINT(EM_DIAGRAM):   END;
691142    +      ELSE DO;
MPRINT(EM_DIAGRAM):   ELSE DO;
691143    +        IF  NOT MISSING(PC_9 ) AND
691144    +          PC_9  <    -1.25942381578662 THEN DO;
MPRINT(EM_DIAGRAM):   IF NOT MISSING(PC_9 ) AND PC_9 < -1.25942381578662 THEN DO;
691145    +          _NODE_  =                   42;
MPRINT(EM_DIAGRAM):   _NODE_ = 42;
691146    +          _LEAF_  =                    4;
MPRINT(EM_DIAGRAM):   _LEAF_ = 4;
691147    +          P_DepVar0  =     0.53333333333333;
MPRINT(EM_DIAGRAM):   P_DepVar0 = 0.53333333333333;
691148    +          P_DepVar1  =     0.46666666666666;
MPRINT(EM_DIAGRAM):   P_DepVar1 = 0.46666666666666;
691149    +          Q_DepVar0  =     0.53333333333333;
MPRINT(EM_DIAGRAM):   Q_DepVar0 = 0.53333333333333;
691150    +          Q_DepVar1  =     0.46666666666666;
MPRINT(EM_DIAGRAM):   Q_DepVar1 = 0.46666666666666;
691151    +          V_DepVar0  =                    1;
MPRINT(EM_DIAGRAM):   V_DepVar0 = 1;
691152    +          V_DepVar1  =                    0;
MPRINT(EM_DIAGRAM):   V_DepVar1 = 0;
691153    +          I_DepVar  = '0' ;
MPRINT(EM_DIAGRAM):   I_DepVar = '0' ;
691154    +          U_DepVar  =                    0;
MPRINT(EM_DIAGRAM):   U_DepVar = 0;
691155    +          END;
MPRINT(EM_DIAGRAM):   END;
691156    +        ELSE DO;
MPRINT(EM_DIAGRAM):   ELSE DO;
691157    +          _NODE_  =                   43;
MPRINT(EM_DIAGRAM):   _NODE_ = 43;
691158    +          _LEAF_  =                    5;
MPRINT(EM_DIAGRAM):   _LEAF_ = 5;
691159    +          P_DepVar0  =     0.05617977528089;
MPRINT(EM_DIAGRAM):   P_DepVar0 = 0.05617977528089;
691160    +          P_DepVar1  =      0.9438202247191;
MPRINT(EM_DIAGRAM):   P_DepVar1 = 0.9438202247191;
691161    +          Q_DepVar0  =     0.05617977528089;
MPRINT(EM_DIAGRAM):   Q_DepVar0 = 0.05617977528089;
691162    +          Q_DepVar1  =      0.9438202247191;
MPRINT(EM_DIAGRAM):   Q_DepVar1 = 0.9438202247191;
691163    +          V_DepVar0  =     0.23684210526315;
MPRINT(EM_DIAGRAM):   V_DepVar0 = 0.23684210526315;
691164    +          V_DepVar1  =     0.76315789473684;
MPRINT(EM_DIAGRAM):   V_DepVar1 = 0.76315789473684;
691165    +          I_DepVar  = '1' ;
MPRINT(EM_DIAGRAM):   I_DepVar = '1' ;
691166    +          U_DepVar  =                    1;
MPRINT(EM_DIAGRAM):   U_DepVar = 1;
691167    +          END;
MPRINT(EM_DIAGRAM):   END;
691168    +        END;
MPRINT(EM_DIAGRAM):   END;
691169    +      END;
MPRINT(EM_DIAGRAM):   END;
691170    +    END;
MPRINT(EM_DIAGRAM):   END;
691171    +  END;
MPRINT(EM_DIAGRAM):   END;
691172    +ELSE DO;
MPRINT(EM_DIAGRAM):   ELSE DO;
691173    +  IF  NOT MISSING(PC_10 ) AND
691174    +    PC_10  <    -1.17632487738677 THEN DO;
MPRINT(EM_DIAGRAM):   IF NOT MISSING(PC_10 ) AND PC_10 < -1.17632487738677 THEN DO;
691175    +    IF  NOT MISSING(PC_13 ) AND
691176    +      PC_13  <    -0.26517164611357 THEN DO;
MPRINT(EM_DIAGRAM):   IF NOT MISSING(PC_13 ) AND PC_13 < -0.26517164611357 THEN DO;
691177    +      _NODE_  =                    8;
MPRINT(EM_DIAGRAM):   _NODE_ = 8;
691178    +      _LEAF_  =                    1;
MPRINT(EM_DIAGRAM):   _LEAF_ = 1;
691179    +      P_DepVar0  =                0.375;
MPRINT(EM_DIAGRAM):   P_DepVar0 = 0.375;
691180    +      P_DepVar1  =                0.625;
MPRINT(EM_DIAGRAM):   P_DepVar1 = 0.625;
691181    +      Q_DepVar0  =                0.375;
MPRINT(EM_DIAGRAM):   Q_DepVar0 = 0.375;
691182    +      Q_DepVar1  =                0.625;
MPRINT(EM_DIAGRAM):   Q_DepVar1 = 0.625;
691183    +      V_DepVar0  =                  0.4;
MPRINT(EM_DIAGRAM):   V_DepVar0 = 0.4;
691184    +      V_DepVar1  =                  0.6;
MPRINT(EM_DIAGRAM):   V_DepVar1 = 0.6;
691185    +      I_DepVar  = '1' ;
MPRINT(EM_DIAGRAM):   I_DepVar = '1' ;
691186    +      U_DepVar  =                    1;
MPRINT(EM_DIAGRAM):   U_DepVar = 1;
691187    +      END;
MPRINT(EM_DIAGRAM):   END;
691188    +    ELSE DO;
MPRINT(EM_DIAGRAM):   ELSE DO;
691189    +      _NODE_  =                    9;
MPRINT(EM_DIAGRAM):   _NODE_ = 9;
691190    +      _LEAF_  =                    2;
MPRINT(EM_DIAGRAM):   _LEAF_ = 2;
691191    +      P_DepVar0  =     0.75524475524475;
MPRINT(EM_DIAGRAM):   P_DepVar0 = 0.75524475524475;
691192    +      P_DepVar1  =     0.24475524475524;
MPRINT(EM_DIAGRAM):   P_DepVar1 = 0.24475524475524;
691193    +      Q_DepVar0  =     0.75524475524475;
MPRINT(EM_DIAGRAM):   Q_DepVar0 = 0.75524475524475;
691194    +      Q_DepVar1  =     0.24475524475524;
MPRINT(EM_DIAGRAM):   Q_DepVar1 = 0.24475524475524;
691195    +      V_DepVar0  =     0.75675675675675;
MPRINT(EM_DIAGRAM):   V_DepVar0 = 0.75675675675675;
691196    +      V_DepVar1  =     0.24324324324324;
MPRINT(EM_DIAGRAM):   V_DepVar1 = 0.24324324324324;
691197    +      I_DepVar  = '0' ;
MPRINT(EM_DIAGRAM):   I_DepVar = '0' ;
691198    +      U_DepVar  =                    0;
MPRINT(EM_DIAGRAM):   U_DepVar = 0;
691199    +      END;
MPRINT(EM_DIAGRAM):   END;
691200    +    END;
MPRINT(EM_DIAGRAM):   END;
691201    +  ELSE DO;
MPRINT(EM_DIAGRAM):   ELSE DO;
691202    +    _NODE_  =                    5;
MPRINT(EM_DIAGRAM):   _NODE_ = 5;
691203    +    _LEAF_  =                    3;
MPRINT(EM_DIAGRAM):   _LEAF_ = 3;
691204    +    P_DepVar0  =     0.92388451443569;
MPRINT(EM_DIAGRAM):   P_DepVar0 = 0.92388451443569;
691205    +    P_DepVar1  =      0.0761154855643;
MPRINT(EM_DIAGRAM):   P_DepVar1 = 0.0761154855643;
691206    +    Q_DepVar0  =     0.92388451443569;
MPRINT(EM_DIAGRAM):   Q_DepVar0 = 0.92388451443569;
691207    +    Q_DepVar1  =      0.0761154855643;
MPRINT(EM_DIAGRAM):   Q_DepVar1 = 0.0761154855643;
691208    +    V_DepVar0  =     0.91219512195121;
MPRINT(EM_DIAGRAM):   V_DepVar0 = 0.91219512195121;
691209    +    V_DepVar1  =     0.08780487804878;
MPRINT(EM_DIAGRAM):   V_DepVar1 = 0.08780487804878;
691210    +    I_DepVar  = '0' ;
MPRINT(EM_DIAGRAM):   I_DepVar = '0' ;
691211    +    U_DepVar  =                    0;
MPRINT(EM_DIAGRAM):   U_DepVar = 0;
691212    +    END;
MPRINT(EM_DIAGRAM):   END;
691213    +  END;
MPRINT(EM_DIAGRAM):   END;
691214    +
691215    +*****  RESIDUALS R_ *************;
MPRINT(EM_DIAGRAM):   ***** RESIDUALS R_ *************;
691216    +IF  F_DepVar  NE '0'
691217    +AND F_DepVar  NE '1'  THEN DO;
MPRINT(EM_DIAGRAM):   IF F_DepVar NE '0' AND F_DepVar NE '1' THEN DO;
691218    +        R_DepVar0  = .;
MPRINT(EM_DIAGRAM):   R_DepVar0 = .;
691219    +        R_DepVar1  = .;
MPRINT(EM_DIAGRAM):   R_DepVar1 = .;
691220    + END;
MPRINT(EM_DIAGRAM):   END;
691221    + ELSE DO;
MPRINT(EM_DIAGRAM):   ELSE DO;
691222    +       R_DepVar0  =  -P_DepVar0 ;
MPRINT(EM_DIAGRAM):   R_DepVar0 = -P_DepVar0 ;
691223    +       R_DepVar1  =  -P_DepVar1 ;
MPRINT(EM_DIAGRAM):   R_DepVar1 = -P_DepVar1 ;
691224    +       SELECT( F_DepVar  );
MPRINT(EM_DIAGRAM):   SELECT( F_DepVar );
691225    +          WHEN( '0'  ) R_DepVar0  = R_DepVar0  +1;
MPRINT(EM_DIAGRAM):   WHEN( '0' ) R_DepVar0 = R_DepVar0 +1;
691226    +          WHEN( '1'  ) R_DepVar1  = R_DepVar1  +1;
MPRINT(EM_DIAGRAM):   WHEN( '1' ) R_DepVar1 = R_DepVar1 +1;
691227    +       END;
MPRINT(EM_DIAGRAM):   END;
691228    + END;
MPRINT(EM_DIAGRAM):   END;
691229    +
691230    +****************************************************************;
MPRINT(EM_DIAGRAM):   ****************************************************************;
691231    +******          END OF DECISION TREE SCORING CODE         ******;
MPRINT(EM_DIAGRAM):   ****** END OF DECISION TREE SCORING CODE ******;
691232    +****************************************************************;
MPRINT(EM_DIAGRAM):   ****************************************************************;
691233    +drop _LEAF_;
MPRINT(EM_DIAGRAM):   drop _LEAF_;
NOTE: %INCLUDE (level 1) ending.
MPRINT(EM_DIAGRAM):   run;
691234     run;

NOTE: DATA STEP view saved on file EMWS8.TREE2_VALIDATE.
NOTE: A stored DATA STEP view cannot run under a different operating system.
NOTE: View EMWS8.PRINCOMP_VALIDATE.VIEW used (Total process time):
      real time           0.06 seconds
      cpu time            0.06 seconds
      
NOTE: DATA statement used (Total process time):
      real time           0.08 seconds
      cpu time            0.07 seconds
      

MPRINT(EM_DIAGRAM):   quit;
691235     quit;
691236     filename emflow;
MPRINT(EM_DIAGRAM):   filename emflow;
NOTE: Fileref EMFLOW has been deassigned.
691237     *------------------------------------------------------------*;
MPRINT(EM_DIAGRAM):    *------------------------------------------------------------*;
691238     * Tree2: Computing metadata for TRAIN data;
MPRINT(EM_DIAGRAM):   * Tree2: Computing metadata for TRAIN data;
691239     *------------------------------------------------------------*;
MPRINT(EM_DIAGRAM):   *------------------------------------------------------------*;

NOTE: View EMWS8.TREE2_TRAIN.VIEW used (Total process time):
      real time           0.08 seconds
      cpu time            0.07 seconds
      
MPRINT(EM_DIAGRAM):    *------------------------------------------------------------*;
MPRINT(EM_DIAGRAM):   * &nodeid: Computing Metadata for TRAIN data;
MPRINT(EM_DIAGRAM):   *------------------------------------------------------------*;
MPRINT(EM_DIAGRAM):   filename _delta 
"C:\\predictive-models-project\Workspaces\EMWS8\Tree2\CDELTA_TRAIN.sas";
MPRINT(EMADVISECOLUMNS):   proc display c=sashelp.emmeta.advisecolumns.scl;
MPRINT(EMADVISECOLUMNS):   run;
MPRINT(EMADVISECOLUMNS):    options validvarname=any;
MPRINT(EMADVISECOLUMNS):   proc contents data=EMWS8.Tree2_TRAIN out=_tempAdvisor noprint;
MPRINT(EMADVISECOLUMNS):   run;
MPRINT(EMADVISECOLUMNS):   options validvarname=V7;
MPRINT(EMADVISECOLUMNS):    data _null_;
MPRINT(EMADVISECOLUMNS):   dsid = open('EMWS8.Tree2_TRAIN');
MPRINT(EMADVISECOLUMNS):   call symput('_dsidTable', strip(put(dsid, best.)));
MPRINT(EMADVISECOLUMNS):   if dsid then do;
MPRINT(EMADVISECOLUMNS):   call symput('_engineTable', attrc(dsid, 'ENGINE'));
MPRINT(EMADVISECOLUMNS):   dsid = close(dsid);
MPRINT(EMADVISECOLUMNS):   end;
MPRINT(EMADVISECOLUMNS):   run;
MPRINT(EMADVISECOLUMNS):    proc contents data=EMWS8.Tree2_TRAIN out=WORK.M0COK6Z1 noprint;
MPRINT(EMADVISECOLUMNS):   run;
MPRINT(EMADVISECOLUMNS):    data WORK.M0COK6Z1;
MPRINT(EMADVISECOLUMNS):   length NAME $ 64 TYPE $ 1 LABEL $ 200 FORMAT $ 20 INFORMAT $20 
INDEX $ 1 INDEXTYPE $ 9;
MPRINT(EMADVISECOLUMNS):   label NAME =;
MPRINT(EMADVISECOLUMNS):   set WORK.M0COK6Z1(keep=name type length label format formatl 
formatd informat informl informd idxusage rename=(type=itype));
MPRINT(EMADVISECOLUMNS):   if itype = 1 then type = 'N';
MPRINT(EMADVISECOLUMNS):   else type = 'C';
MPRINT(EMADVISECOLUMNS):   if formatl > 0 then do;
MPRINT(EMADVISECOLUMNS):   if format ne ' ' then format = strip(format)!!strip(put(formatl, 
best12.))!!'.'!!strip(put(formatd, best12.));
MPRINT(EMADVISECOLUMNS):   else format = strip(put(formatl, best12.))!!'.'!!strip(put(formatd, 
best12.));
MPRINT(EMADVISECOLUMNS):   end;
MPRINT(EMADVISECOLUMNS):   else if format ne '' then format = strip(format)!!'.';
MPRINT(EMADVISECOLUMNS):   if informl > 0 then do;
MPRINT(EMADVISECOLUMNS):   if informat ne ' ' then informat = 
strip(informat)!!strip(put(informl, best12.))!!'.'!!strip(put(informd, best12.));
MPRINT(EMADVISECOLUMNS):   else informat = strip(put(informl, 
best12.))!!'.'!!strip(put(informd, best12.));
MPRINT(EMADVISECOLUMNS):   end;
MPRINT(EMADVISECOLUMNS):   else if informat ne '' then informat = strip(informat)!!'.';
MPRINT(EMADVISECOLUMNS):   if idxusage = 'NONE' then index ="N";
MPRINT(EMADVISECOLUMNS):   else index = "Y";
MPRINT(EMADVISECOLUMNS):   indextype = idxusage;
MPRINT(EMADVISECOLUMNS):   drop idxusage itype formatl formatd informl informd;
MPRINT(EMADVISECOLUMNS):   run;
MPRINT(EMADVISECOLUMNS):    data WORK.M0COK6Z1;
MPRINT(EMADVISECOLUMNS):   length UNAME $64;
MPRINT(EMADVISECOLUMNS):   set WORK.M0COK6Z1;
MPRINT(EMADVISECOLUMNS):   UNAME = upcase(NAME);
MPRINT(EMADVISECOLUMNS):   run;
MPRINT(EMADVISECOLUMNS):    proc sort data=WORK.M38W39ER NOTHREADS;
MPRINT(EMADVISECOLUMNS):   by UNAME;
MPRINT(EMADVISECOLUMNS):   run;
MPRINT(EMADVISECOLUMNS):    data WORK.M38W39ER;
MPRINT(EMADVISECOLUMNS):   drop UNAME;
MPRINT(EMADVISECOLUMNS):   set WORK.M38W39ER;
MPRINT(EMADVISECOLUMNS):   run;
MPRINT(EMADVISECOLUMNS):    data WORK.M3EKR1MU(keep=NAME ATTR);
MPRINT(EMADVISECOLUMNS):   length ATTR $ 20;
MPRINT(EMADVISECOLUMNS):   set WORK.M38W39ER;
MPRINT(EMADVISECOLUMNS):   if level ne "INTERVAL" then do;
MPRINT(EMADVISECOLUMNS):   if order = ' ' then do;
MPRINT(EMADVISECOLUMNS):   attr = 'ORDER';
MPRINT(EMADVISECOLUMNS):   output;
MPRINT(EMADVISECOLUMNS):   end;
MPRINT(EMADVISECOLUMNS):   end;
MPRINT(EMADVISECOLUMNS):   if format ne ' ' and formattype = ' ' then do;
MPRINT(EMADVISECOLUMNS):   attr = 'FORMATTYPE';
MPRINT(EMADVISECOLUMNS):   output;
MPRINT(EMADVISECOLUMNS):   end;
MPRINT(EMADVISECOLUMNS):   if role = ' ' then do;
MPRINT(EMADVISECOLUMNS):   attr = 'ROLE';
MPRINT(EMADVISECOLUMNS):   output;
MPRINT(EMADVISECOLUMNS):   end;
MPRINT(EMADVISECOLUMNS):   if level = ' ' then do;
MPRINT(EMADVISECOLUMNS):   attr = 'LEVEL';
MPRINT(EMADVISECOLUMNS):   output;
MPRINT(EMADVISECOLUMNS):   end;
MPRINT(EMADVISECOLUMNS):   if type = ' ' then do;
MPRINT(EMADVISECOLUMNS):   attr = 'TYPE';
MPRINT(EMADVISECOLUMNS):   output;
MPRINT(EMADVISECOLUMNS):   end;
MPRINT(EMADVISECOLUMNS):   if index = ' ' then do;
MPRINT(EMADVISECOLUMNS):   attr = 'INDEX';
MPRINT(EMADVISECOLUMNS):   output;
MPRINT(EMADVISECOLUMNS):   end;
MPRINT(EMADVISECOLUMNS):   if report = ' ' then do;
MPRINT(EMADVISECOLUMNS):   attr = 'REPORT';
MPRINT(EMADVISECOLUMNS):   output;
MPRINT(EMADVISECOLUMNS):   end;
MPRINT(EMADVISECOLUMNS):   run;
MPRINT(EMADVISECOLUMNS):   proc sort NOTHREADS;
MPRINT(EMADVISECOLUMNS):   by attr;
MPRINT(EMADVISECOLUMNS):   run;
MPRINT(EMADVISECOLUMNS):    data WORK.M38W39ER;
MPRINT(EMADVISECOLUMNS):   length NAME $64 ROLE $ 32 LEVEL $ 10 ORDER $ 8 CREATOR $32 
FORMATTYPE $ 10 FAMILY $ 10 LOWERLIMIT 8 UPPERLIMIT 8 REPORT $1 DISTRIBUTION $ 20 COMMENT $64;
MPRINT(EMADVISECOLUMNS):   length levelAssigned 8 roleAssigned 8 PRICE 8;
MPRINT(EMADVISECOLUMNS):   set WORK.M38W39ER;
MPRINT(EMADVISECOLUMNS):   if formattype = ' ' then do;
MPRINT(EMADVISECOLUMNS):   if format ne ' ' then do;
MPRINT(EMADVISECOLUMNS):   if type = 'N' then do;
MPRINT(EMADVISECOLUMNS):   pos = indexc(format,'.1234567890');
MPRINT(EMADVISECOLUMNS):   if pos > 1 then tempfmt = substr(format,1, pos-1);
MPRINT(EMADVISECOLUMNS):   else tempfmt = ' ';
MPRINT(EMADVISECOLUMNS):   flen = length(tempfmt);
MPRINT(EMADVISECOLUMNS):   select;
MPRINT(EMADVISECOLUMNS):   when(tempfmt in ("DATE" "DAY" "DDMMYY" "DOWNAME" "JULDAY" "JULIAN" 
"MMDDYY" "MMDDYYD" "MMDDYYC" "MMDDYYN" "MMDDYYP" "MMDDYYS" "MONNAME" "MONTH" "MONYY" "NENGO" 
"QTR" "QTRR" "WEEKDATE" "WEEKDATX" "WEEKDAY" "WORDDATE" "WORDDATX" "YEAR" "YYMMDD" "YYMON" 
"YYMMDDC" "YYMMDDD" "YYMMDDN" "YYMMDDP" "YYMMDDS" "EURDFDE" "NJDATE" "NLDATE" "EURDFDD" 
"EURDFDWN" "EURDFMN" "EURDFMY" "EURDFWK" "EURDFWKX" "EURDFWDX" "EURDFDN" "EURDFDE" )) 
formattype = 'DATE';
MPRINT(EMADVISECOLUMNS):   when(tempfmt in ("DATETIME" "EURDFDT" "TOD" )) formattype = 
"DATETIME";
MPRINT(EMADVISECOLUMNS):   when(tempfmt in ("HHMM" "HOUR" "MMSS" "TIME" "TIMEAMPM" )) 
formattype = "TIME";
MPRINT(EMADVISECOLUMNS):   when(tempfmt in ("COMMA" "COMMAX" "DOLLAR" "DOLLARX" "E" "FRACT" 
"NEGPAREN" "PERCENT")) formattype="QUANTITY";
MPRINT(EMADVISECOLUMNS):   when(tempfmt in ("BINARY" "HEX" "IB" "OCTAL" "PD" "PIB" "PK" "RB" 
"SSN" "Z" "ZD")) formattype = "CODING";
MPRINT(EMADVISECOLUMNS):   otherwise do;
MPRINT(EMADVISECOLUMNS):   formattype = "USER";
MPRINT(EMADVISECOLUMNS):   if substr(tempfmt, 1, 6)='NLDATE' then formattype = "DATE";
MPRINT(EMADVISECOLUMNS):   else if substr(tempfmt, 1, 6)='NLDATM' then formattype = "DATETIME";
MPRINT(EMADVISECOLUMNS):   else if substr(tempfmt, 1, 4)='NLTIM' then formattype = "TIME";
MPRINT(EMADVISECOLUMNS):   else if flen >= 4 then do;
MPRINT(EMADVISECOLUMNS):   str = substr(tempfmt,1,4);
MPRINT(EMADVISECOLUMNS):   if str in ("MMYY" "YYMM" "YYQR") then formattype ="DATE";
MPRINT(EMADVISECOLUMNS):   else if str = "S370" then formattype = "CODING";
MPRINT(EMADVISECOLUMNS):   else if str = "BEST" then formattype = "NUM";
MPRINT(EMADVISECOLUMNS):   drop str;
MPRINT(EMADVISECOLUMNS):   end;
MPRINT(EMADVISECOLUMNS):   else if flen >=3 and substr(tempfmt,1,3) = "YYQ" then formatType = 
"DATE";
MPRINT(EMADVISECOLUMNS):   end;
MPRINT(EMADVISECOLUMNS):   end;
MPRINT(EMADVISECOLUMNS):   drop flen tempfmt pos;
MPRINT(EMADVISECOLUMNS):   end;
MPRINT(EMADVISECOLUMNS):   else do;
MPRINT(EMADVISECOLUMNS):   formatType = "CATEGORY";
MPRINT(EMADVISECOLUMNS):   end;
MPRINT(EMADVISECOLUMNS):   end;
MPRINT(EMADVISECOLUMNS):   if formatType = "NUM" then do;
MPRINT(EMADVISECOLUMNS):   if index = "Y" then formatType = "DISCRETE";
MPRINT(EMADVISECOLUMNS):   else formatType = "QUANTITY";
MPRINT(EMADVISECOLUMNS):   end;
MPRINT(EMADVISECOLUMNS):   end;
MPRINT(EMADVISECOLUMNS):   if level = ' ' then do;
MPRINT(EMADVISECOLUMNS):   if formatType in ("CATEGORY", "CODING", "ID") or type = "C" then 
level = "NOMINAL";
MPRINT(EMADVISECOLUMNS):   else level = "INTERVAL";
MPRINT(EMADVISECOLUMNS):   levelAssigned = 1;
MPRINT(EMADVISECOLUMNS):   end;
MPRINT(EMADVISECOLUMNS):   else level = upcase(level);
MPRINT(EMADVISECOLUMNS):   if role = ' ' then do;
MPRINT(EMADVISECOLUMNS):   length name_prefix $8 _uname $64;
MPRINT(EMADVISECOLUMNS):   drop name_prefix _uname _freqflag;
MPRINT(EMADVISECOLUMNS):   retain _freqflag;
MPRINT(EMADVISECOLUMNS):   if LENGTH> 80 then ROLE = 'TEXT';
MPRINT(EMADVISECOLUMNS):   _uname = upcase(NAME);
MPRINT(EMADVISECOLUMNS):   select(_uname);
MPRINT(EMADVISECOLUMNS):   when('_WARN_') ROLE = 'ASSESS';
MPRINT(EMADVISECOLUMNS):   when('EM_SEGMENT') do;
MPRINT(EMADVISECOLUMNS):   ROLE = 'SEGMENT';
MPRINT(EMADVISECOLUMNS):   LEVEL = 'NOMINAL';
MPRINT(EMADVISECOLUMNS):   end;
MPRINT(EMADVISECOLUMNS):   when('_NODE_') do;
MPRINT(EMADVISECOLUMNS):   ROLE = 'SEGMENT';
MPRINT(EMADVISECOLUMNS):   LEVEL = 'NOMINAL';
MPRINT(EMADVISECOLUMNS):   end;
MPRINT(EMADVISECOLUMNS):   when('EM_CLASSTARGET') ROLE = 'ASSESS';
MPRINT(EMADVISECOLUMNS):   when('EM_VALUETARGET') ROLE = 'ASSESS';
MPRINT(EMADVISECOLUMNS):   when('EM_PREDICTION') ROLE = 'PREDICT';
MPRINT(EMADVISECOLUMNS):   when('EM_PROBABILITY') ROLE = 'PREDICT';
MPRINT(EMADVISECOLUMNS):   when('EM_EVENTPROBABILITY') ROLE = 'PREDICT';
MPRINT(EMADVISECOLUMNS):   when('EM_CLASSIFICATION') ROLE = 'CLASSIFICATION';
MPRINT(EMADVISECOLUMNS):   when('EM_DECISION') ROLE = 'DECISION';
MPRINT(EMADVISECOLUMNS):   when('EM_PROFIT') ROLE = 'ASSESS';
MPRINT(EMADVISECOLUMNS):   when('EM_LOSS') ROLE = 'ASSESS';
MPRINT(EMADVISECOLUMNS):   when('EM_ROI') ROLE = 'ASSESS';
MPRINT(EMADVISECOLUMNS):   when('URI') ROLE = 'URL';
MPRINT(EMADVISECOLUMNS):   when('FILTERED') ROLE = 'TEXTLOC';
MPRINT(EMADVISECOLUMNS):   otherwise do;
MPRINT(EMADVISECOLUMNS):   if upcase(NAME) =: 'ZIP' then do;
MPRINT(EMADVISECOLUMNS):   ROLE = 'REJECTED';
MPRINT(EMADVISECOLUMNS):   LEVEL = 'NOMINAL';
MPRINT(EMADVISECOLUMNS):   COMMENT = 'Rejected by: Exceed the maximum class level of %s';
MPRINT(EMADVISECOLUMNS):   end;
MPRINT(EMADVISECOLUMNS):   else if upcase(NAME) in('FREQ', 'FREQUENCY') then do;
MPRINT(EMADVISECOLUMNS):   ROLE = 'FREQ';
MPRINT(EMADVISECOLUMNS):   if TYPE = 'C' then ROLE = 'INPUT';
MPRINT(EMADVISECOLUMNS):   else if _freqflag =1 then ROLE='REJECTED';
MPRINT(EMADVISECOLUMNS):   end;
MPRINT(EMADVISECOLUMNS):   else do;
MPRINT(EMADVISECOLUMNS):   name_prefix = scan(_uname, 1, '_');
MPRINT(EMADVISECOLUMNS):   if scan(_uname, 2, '_') = '' then name_prefix='';
MPRINT(EMADVISECOLUMNS):   if name_prefix in('F', 'I', 'U') then do;
MPRINT(EMADVISECOLUMNS):   ROLE = 'CLASSIFICATION';
MPRINT(EMADVISECOLUMNS):   LEVEL = 'NOMINAL';
MPRINT(EMADVISECOLUMNS):   end;
MPRINT(EMADVISECOLUMNS):   else if name_prefix in('P', 'V') then ROLE = 'PREDICT';
MPRINT(EMADVISECOLUMNS):   else if name_prefix in('R', 'RS', 'RT', 'RD', 'RDS', 'RDT', 'RA', 
'RAS', 'RAT') then ROLE = 'RESIDUAL';
MPRINT(EMADVISECOLUMNS):   else if name_prefix ='D' then do;
MPRINT(EMADVISECOLUMNS):   ROLE = 'DECISION';
MPRINT(EMADVISECOLUMNS):   LEVEL = 'NOMINAL';
MPRINT(EMADVISECOLUMNS):   end;
MPRINT(EMADVISECOLUMNS):   else if name_prefix ='B' then do;
MPRINT(EMADVISECOLUMNS):   ROLE = 'SEGMENT';
MPRINT(EMADVISECOLUMNS):   LEVEL = 'NOMINAL';
MPRINT(EMADVISECOLUMNS):   end;
MPRINT(EMADVISECOLUMNS):   else if name_prefix in('EP', 'BP', 'CP', 'EL', 'CL', 'BL', 'W', 
'ROI', 'IC') then ROLE = 'ASSESS';
MPRINT(EMADVISECOLUMNS):   else do;
MPRINT(EMADVISECOLUMNS):   array _ROLE_ (19) $32 _TEMPORARY_ 
('ASSESS','CLASSIFICATION','CENSOR', 'COST', 'CROSSID', 'DECISION', 'ID','INPUT', 'LABEL', 
'MISSING','PREDICT','REFERRER','REJECTED', 'RESIDUAL','SEGMENT', 'SEQUENCE','TARGET', 'TEXT', 
'TIMEID');
MPRINT(EMADVISECOLUMNS):   drop _found_ i;
MPRINT(EMADVISECOLUMNS):   _found_=0;
MPRINT(EMADVISECOLUMNS):   do i=1 to 19 until(_found_=1);
MPRINT(EMADVISECOLUMNS):   if index(_uname, trim(_ROLE_{i}))=1 then do;
MPRINT(EMADVISECOLUMNS):   ROLE=_ROLE_{i};
MPRINT(EMADVISECOLUMNS):   if ROLE = 'ID' then LEVEL = 'NOMINAL';
MPRINT(EMADVISECOLUMNS):   else if ROLE = 'SEGMENT' then LEVEL = 'NOMINAL';
MPRINT(EMADVISECOLUMNS):   else if ROLE = 'TIMEID' and TYPE='N' then LEVEL = 'INTERVAL';
MPRINT(EMADVISECOLUMNS):   _found_=1;
MPRINT(EMADVISECOLUMNS):   end;
MPRINT(EMADVISECOLUMNS):   end;
MPRINT(EMADVISECOLUMNS):   if length(_uname)>2 then do;
MPRINT(EMADVISECOLUMNS):   if substr(reverse(trim(_uname)), 1, 3) = 'DI_' then do;
MPRINT(EMADVISECOLUMNS):   ROLE = 'ID';
MPRINT(EMADVISECOLUMNS):   LEVEL = 'NOMINAL';
MPRINT(EMADVISECOLUMNS):   end;
MPRINT(EMADVISECOLUMNS):   end;
MPRINT(EMADVISECOLUMNS):   end;
MPRINT(EMADVISECOLUMNS):   end;
MPRINT(EMADVISECOLUMNS):   end;
MPRINT(EMADVISECOLUMNS):   end;
MPRINT(EMADVISECOLUMNS):   if ROLE='FREQ' then _freqflag=1;
MPRINT(EMADVISECOLUMNS):   else if ROLE = 'CLASSIFICATION' then LEVEL = 'NOMINAL';
MPRINT(EMADVISECOLUMNS):   end;
MPRINT(EMADVISECOLUMNS):   if role = ' ' then do;
MPRINT(EMADVISECOLUMNS):   if formattype in('DATE', 'DATETIME', 'TIME') then role = 'TIMEID';
MPRINT(EMADVISECOLUMNS):   else role = 'INPUT';
MPRINT(EMADVISECOLUMNS):   roleAssigned = 1;
MPRINT(EMADVISECOLUMNS):   end;
MPRINT(EMADVISECOLUMNS):   else role = upcase(role);
MPRINT(EMADVISECOLUMNS):   if REPORT = '' then REPORT = 'N';
MPRINT(EMADVISECOLUMNS):   run;
MPRINT(EMADVISECOLUMNS):    data WORK.M38W39ER;
MPRINT(EMADVISECOLUMNS):   set WORK.M38W39ER;
MPRINT(EMADVISECOLUMNS):   label NAME = "Variable Name" TYPE = "Type" ROLE = "Role" LEVEL= 
"Measurement Level" ORDER= "Order" CREATOR= "Creator" FORMATTYPE= "Format Type" FAMILY= 
"Family" DISTRIBUTION= "Distribution" PRICE= "Price" LOWERLIMIT= "Lower limit" UPPERLIMIT= 
"Upper Limit" REPORT= "Report" COMMENT= "Comment" INDEX= "Index" INDEXTYPE= "IndexType" LABEL= 
"Label" LENGTH= "Length";
MPRINT(EMADVISECOLUMNS):   drop levelAssigned roleAssigned;
MPRINT(EMADVISECOLUMNS):   run;
MPRINT(EMADVISECOLUMNS):   
MPRINT(EM_DIAGRAM):  ;
MPRINT(EM_DIAGRAM):   proc sort data=WORK.COLUMNMETA;
MPRINT(EM_DIAGRAM):   by NAME;
MPRINT(EM_DIAGRAM):   run;
MPRINT(EM_DIAGRAM):   *------------------------------------------------------------*;
MPRINT(EM_DIAGRAM):   * &nodeid: Merge incoming metadata;
MPRINT(EM_DIAGRAM):   *------------------------------------------------------------*;
MPRINT(EM_DIAGRAM):   proc contents data=EMWS8.PRINCOMP_TRAIN noprint out=_temp2(keep=NAME);
MPRINT(EM_DIAGRAM):   run;
MPRINT(EM_DIAGRAM):   proc sort data=_temp2;
MPRINT(EM_DIAGRAM):   by NAME;
MPRINT(EM_DIAGRAM):   run;
MPRINT(EM_DIAGRAM):   proc sort data=EMWS8.PRINCOMP_CMeta_TRAIN out=_temp;
MPRINT(EM_DIAGRAM):   by NAME;
MPRINT(EM_DIAGRAM):   run;
MPRINT(EM_DIAGRAM):   data EMWS8.Tree2_CMeta_TRAIN;
MPRINT(EM_DIAGRAM):   merge WORK.COLUMNMETA(in=_a) _temp2(in=_b) _temp(drop=FORMAT INFORMAT 
LENGTH INDEX INDEXTYPE in=_c) end=_eof_;
MPRINT(EM_DIAGRAM):   by NAME;
MPRINT(EM_DIAGRAM):   if (^_a and _b) or (^_c and _a and _b) then delete;
MPRINT(EM_DIAGRAM):   if ^_b then CREATOR = "Tree2";
MPRINT(EM_DIAGRAM):   select(upcase(name));
MPRINT(EM_DIAGRAM):   when("P_DEPVAR1") creator = "Tree2";
MPRINT(EM_DIAGRAM):   when("R_DEPVAR1") creator = "Tree2";
MPRINT(EM_DIAGRAM):   when("P_DEPVAR0") creator = "Tree2";
MPRINT(EM_DIAGRAM):   when("R_DEPVAR0") creator = "Tree2";
MPRINT(EM_DIAGRAM):   when("F_DEPVAR") creator = "Tree2";
MPRINT(EM_DIAGRAM):   when("I_DEPVAR") creator = "Tree2";
MPRINT(EM_DIAGRAM):   when("U_DEPVAR") creator = "Tree2";
MPRINT(EM_DIAGRAM):   when("_WARN_") creator = "Tree2";
MPRINT(EM_DIAGRAM):   when("DEPVAR") model = "Tree2";
MPRINT(EM_DIAGRAM):   when('');
MPRINT(EM_DIAGRAM):   otherwise;
MPRINT(EM_DIAGRAM):   end;
MPRINT(EM_DIAGRAM):   *------------------------------------------------------------*;
MPRINT(EM_DIAGRAM):   * Tree2: Apply Delta Code;
MPRINT(EM_DIAGRAM):   *------------------------------------------------------------*;
MPRINT(EM_DIAGRAM):   if name = '_NODE_' then do;
MPRINT(EM_DIAGRAM):   role = 'SEGMENT';
MPRINT(EM_DIAGRAM):   level = 'NOMINAL';
MPRINT(EM_DIAGRAM):   end;
MPRINT(EM_DIAGRAM):   if upcase(name) = 'PC_1' then role = 'INPUT';
MPRINT(EM_DIAGRAM):   else if upcase(name) = 'PC_10' then role = 'INPUT';
MPRINT(EM_DIAGRAM):   else if upcase(name) = 'PC_13' then role = 'INPUT';
MPRINT(EM_DIAGRAM):   else if upcase(name) = 'PC_2' then role = 'INPUT';
MPRINT(EM_DIAGRAM):   else if upcase(name) = 'PC_9' then role = 'INPUT';
MPRINT(EM_DIAGRAM):   else if upcase(name) = 'PC_14' then role = 'INPUT';
MPRINT(EM_DIAGRAM):   else if upcase(name) = 'PC_3' then role = 'INPUT';
MPRINT(EM_DIAGRAM):   else if upcase(name) = 'PC_12' then do;
MPRINT(EM_DIAGRAM):   role = 'REJECTED';
MPRINT(EM_DIAGRAM):   comment = "Tree2: TREELOWIMPORTANCE";
MPRINT(EM_DIAGRAM):   end;
MPRINT(EM_DIAGRAM):   else if upcase(name) = 'PC_16' then do;
MPRINT(EM_DIAGRAM):   role = 'REJECTED';
MPRINT(EM_DIAGRAM):   comment = "Tree2: TREELOWIMPORTANCE";
MPRINT(EM_DIAGRAM):   end;
MPRINT(EM_DIAGRAM):   else if upcase(name) = 'PC_11' then do;
MPRINT(EM_DIAGRAM):   role = 'REJECTED';
MPRINT(EM_DIAGRAM):   comment = "Tree2: TREELOWIMPORTANCE";
MPRINT(EM_DIAGRAM):   end;
MPRINT(EM_DIAGRAM):   else if upcase(name) = 'PC_7' then do;
MPRINT(EM_DIAGRAM):   role = 'REJECTED';
MPRINT(EM_DIAGRAM):   comment = "Tree2: TREELOWIMPORTANCE";
MPRINT(EM_DIAGRAM):   end;
MPRINT(EM_DIAGRAM):   else if upcase(name) = 'PC_17' then do;
MPRINT(EM_DIAGRAM):   role = 'REJECTED';
MPRINT(EM_DIAGRAM):   comment = "Tree2: TREELOWIMPORTANCE";
MPRINT(EM_DIAGRAM):   end;
MPRINT(EM_DIAGRAM):   else if upcase(name) = 'PC_4' then do;
MPRINT(EM_DIAGRAM):   role = 'REJECTED';
MPRINT(EM_DIAGRAM):   comment = "Tree2: TREELOWIMPORTANCE";
MPRINT(EM_DIAGRAM):   end;
MPRINT(EM_DIAGRAM):   else if upcase(name) = 'PC_5' then do;
MPRINT(EM_DIAGRAM):   role = 'REJECTED';
MPRINT(EM_DIAGRAM):   comment = "Tree2: TREELOWIMPORTANCE";
MPRINT(EM_DIAGRAM):   end;
MPRINT(EM_DIAGRAM):   else if upcase(name) = 'PC_6' then do;
MPRINT(EM_DIAGRAM):   role = 'REJECTED';
MPRINT(EM_DIAGRAM):   comment = "Tree2: TREELOWIMPORTANCE";
MPRINT(EM_DIAGRAM):   end;
MPRINT(EM_DIAGRAM):   else if upcase(name) = 'PC_15' then do;
MPRINT(EM_DIAGRAM):   role = 'REJECTED';
MPRINT(EM_DIAGRAM):   comment = "Tree2: TREELOWIMPORTANCE";
MPRINT(EM_DIAGRAM):   end;
MPRINT(EM_DIAGRAM):   else if upcase(name) = 'PC_8' then do;
MPRINT(EM_DIAGRAM):   role = 'REJECTED';
MPRINT(EM_DIAGRAM):   comment = "Tree2: TREELOWIMPORTANCE";
MPRINT(EM_DIAGRAM):   end;
MPRINT(EM_DIAGRAM):   else if upcase(name) = 'YEAR_BIRTH' then do;
MPRINT(EM_DIAGRAM):   role = 'REJECTED';
MPRINT(EM_DIAGRAM):   comment = "Tree2: TREELOWIMPORTANCE";
MPRINT(EM_DIAGRAM):   end;
MPRINT(EM_DIAGRAM):   if upcase(name) = 'Q_DepVar1' then role = "ASSESS";
MPRINT(EM_DIAGRAM):   if upcase(name) = 'Q_DepVar0' then role = "ASSESS";
MPRINT(EM_DIAGRAM):   run;
MPRINT(EM_DIAGRAM):   filename _delta;
691625     data WORK.MODELTEMP_INFO;
MPRINT(EM_DIAGRAM):    data WORK.MODELTEMP_INFO;
691626     set EMWS8.Tree2_EMINFO;
MPRINT(EM_DIAGRAM):   set EMWS8.Tree2_EMINFO;
691627     where DATA='Tree2' and KEY ^in('DECDATA', 'DECMETA', 'IMPORTANCE', 'MODEL');
MPRINT(EM_DIAGRAM):   where DATA='Tree2' and KEY ^in('DECDATA', 'DECMETA', 'IMPORTANCE', 
'MODEL');
691628     run;
MPRINT(EM_DIAGRAM):   run;

NOTE: There were 0 observations read from the data set EMWS8.TREE2_EMINFO.
      WHERE (DATA='Tree2') and KEY not in ('DECDATA', 'DECMETA', 'IMPORTANCE', 'MODEL');
NOTE: The data set WORK.MODELTEMP_INFO has 0 observations and 3 variables.
NOTE: DATA statement used (Total process time):
      real time           0.00 seconds
      cpu time            0.00 seconds
      

691629     data EMWS8.Tree2_EMINFO;
MPRINT(EM_DIAGRAM):    data EMWS8.Tree2_EMINFO;
691630     length TARGET KEY $32 DATA $43;
MPRINT(EM_DIAGRAM):   length TARGET KEY $32 DATA $43;
691631     input TARGET KEY DATA $;
MPRINT(EM_DIAGRAM):   input TARGET KEY DATA $;
691632     cards;
MPRINT(EM_DIAGRAM):   cards;

NOTE: The data set EMWS8.TREE2_EMINFO has 3 observations and 3 variables.
NOTE: DATA statement used (Total process time):
      real time           0.00 seconds
      cpu time            0.00 seconds
      

MPRINT(EM_DIAGRAM):   run;
691636     run;
691637     data EMWS8.Tree2_EMINFO;
MPRINT(EM_DIAGRAM):   data EMWS8.Tree2_EMINFO;
691638     set EMWS8.Tree2_EMINFO WORK.MODELTEMP_INFO;
MPRINT(EM_DIAGRAM):   set EMWS8.Tree2_EMINFO WORK.MODELTEMP_INFO;
691639     run;
MPRINT(EM_DIAGRAM):   run;

NOTE: There were 3 observations read from the data set EMWS8.TREE2_EMINFO.
NOTE: There were 0 observations read from the data set WORK.MODELTEMP_INFO.
NOTE: The data set EMWS8.TREE2_EMINFO has 3 observations and 3 variables.
NOTE: DATA statement used (Total process time):
      real time           0.00 seconds
      cpu time            0.01 seconds
      

691640     proc sort data = EMWS8.Tree2_EMINFO NOTHREADS;
MPRINT(EM_DIAGRAM):    proc sort data = EMWS8.Tree2_EMINFO NOTHREADS;
691641     by TARGET KEY;
MPRINT(EM_DIAGRAM):   by TARGET KEY;
691642     run;
MPRINT(EM_DIAGRAM):   run;

NOTE: There were 3 observations read from the data set EMWS8.TREE2_EMINFO.
NOTE: The data set EMWS8.TREE2_EMINFO has 3 observations and 3 variables.
NOTE: PROCEDURE SORT used (Total process time):
      real time           0.00 seconds
      cpu time            0.01 seconds
      

691643     proc sort data = EMWS8.FIMPORT_EMINFO OUT=WORK.SORTEDEMINFO NOTHREADS;
MPRINT(EM_DIAGRAM):    proc sort data = EMWS8.FIMPORT_EMINFO OUT=WORK.SORTEDEMINFO NOTHREADS;
691644     by TARGET KEY;
MPRINT(EM_DIAGRAM):   by TARGET KEY;
691645     run;
MPRINT(EM_DIAGRAM):   run;

NOTE: There were 1 observations read from the data set EMWS8.FIMPORT_EMINFO.
NOTE: The data set WORK.SORTEDEMINFO has 1 observations and 3 variables.
NOTE: PROCEDURE SORT used (Total process time):
      real time           0.01 seconds
      cpu time            0.01 seconds
      

691646     proc sort data = EMWS8.Tree2_EMINFO OUT=WORK.TEMP_INFO NOTHREADS;
MPRINT(EM_DIAGRAM):   proc sort data = EMWS8.Tree2_EMINFO OUT=WORK.TEMP_INFO NOTHREADS;
691647     by TARGET KEY;
MPRINT(EM_DIAGRAM):   by TARGET KEY;
691648     run;
MPRINT(EM_DIAGRAM):   run;

NOTE: Input data set is already sorted; it has been copied to the output data set.
NOTE: There were 3 observations read from the data set EMWS8.TREE2_EMINFO.
NOTE: The data set WORK.TEMP_INFO has 3 observations and 3 variables.
NOTE: PROCEDURE SORT used (Total process time):
      real time           0.00 seconds
      cpu time            0.00 seconds
      

691649     data EMWS8.Tree2_EMINFO;
MPRINT(EM_DIAGRAM):   data EMWS8.Tree2_EMINFO;
691650     merge WORK.SORTEDEMINFO WORK.TEMP_INFO;
MPRINT(EM_DIAGRAM):   merge WORK.SORTEDEMINFO WORK.TEMP_INFO;
691651     by TARGET KEY;
MPRINT(EM_DIAGRAM):   by TARGET KEY;
691652     run;
MPRINT(EM_DIAGRAM):   run;

NOTE: There were 1 observations read from the data set WORK.SORTEDEMINFO.
NOTE: There were 3 observations read from the data set WORK.TEMP_INFO.
NOTE: The data set EMWS8.TREE2_EMINFO has 4 observations and 3 variables.
NOTE: DATA statement used (Total process time):
      real time           0.00 seconds
      cpu time            0.01 seconds
      

691653     proc datasets lib=work nolist;
MPRINT(EM_DIAGRAM):   proc datasets lib=work nolist;
691654     delete TEMP_INFO SORTEDEMINFO;
MPRINT(EM_DIAGRAM):   delete TEMP_INFO SORTEDEMINFO;
691655     run;
MPRINT(EM_DIAGRAM):   run;

NOTE: Deleting WORK.TEMP_INFO (memtype=DATA).
NOTE: Deleting WORK.SORTEDEMINFO (memtype=DATA).
691656     quit;
MPRINT(EM_DIAGRAM):   quit;

NOTE: PROCEDURE DATASETS used (Total process time):
      real time           0.07 seconds
      cpu time            0.07 seconds
      

NOTE: View EMWS8.TREE2_TRAIN.VIEW used (Total process time):
      real time           0.08 seconds
      cpu time            0.09 seconds
      
NOTE: View EMWS8.TREE2_VALIDATE.VIEW used (Total process time):
      real time           0.08 seconds
      cpu time            0.10 seconds
      
MPRINT(EM_DIAGRAM):    proc printto;
MPRINT(EM_DIAGRAM):   run;
