 
                                                                                               
 
 
Fit Statistics

Target=DepVar Target Label=DepVar

   Fit
Statistics    Statistics Label                     Train    Validation

 _DFT_        Total Degrees of Freedom           2374.00          .   
 _DFE_        Degrees of Freedom for Error       2274.00          .   
 _DFM_        Model Degrees of Freedom            100.00          .   
 _NW_         Number of Estimated Weights         100.00          .   
 _AIC_        Akaike's Information Criterion      963.63          .   
 _SBC_        Schwarz's Bayesian Criterion       1540.87          .   
 _ASE_        Average Squared Error                 0.05         0.06 
 _MAX_        Maximum Absolute Error                1.00         1.00 
 _DIV_        Divisor for ASE                    4748.00      2036.00 
 _NOBS_       Sum of Frequencies                 2374.00      1018.00 
 _RASE_       Root Average Squared Error            0.22         0.25 
 _SSE_        Sum of Squared Errors               225.39       132.24 
 _SUMW_       Sum of Case Weights Times Freq     4748.00      2036.00 
 _FPE_        Final Prediction Error                0.05          .   
 _MSE_        Mean Squared Error                    0.05         0.06 
 _RFPE_       Root Final Prediction Error           0.23          .   
 _RMSE_       Root Mean Squared Error               0.22         0.25 
 _AVERR_      Average Error Function                0.16         0.22 
 _ERR_        Error Function                      763.63       443.57 
 _MISC_       Misclassification Rate                0.07         0.09 
 _WRONG_      Number of Wrong Classifications     155.00        93.00 
 
                                                                                               
 
 
Classification Table

Data Role=TRAIN Target Variable=DepVar Target Label=DepVar

                       Target        Outcome     Frequency       Total
Target    Outcome    Percentage    Percentage      Count      Percentage

  0          0         95.1018       97.3201        1961        82.6032 
  1          0          4.8982       28.1337         101         4.2544 
  0          1         17.3077        2.6799          54         2.2746 
  1          1         82.6923       71.8663         258        10.8677 


Data Role=VALIDATE Target Variable=DepVar Target Label=DepVar

                       Target        Outcome     Frequency       Total
Target    Outcome    Percentage    Percentage      Count      Percentage

  0          0         93.6508       95.7126        826         81.1395 
  1          0          6.3492       36.1290         56          5.5010 
  0          1         27.2059        4.2874         37          3.6346 
  1          1         72.7941       63.8710         99          9.7250 
 
                                                                                               
 
 
Event Classification Table

Data Role=TRAIN Target=DepVar Target Label=DepVar

  False       True        False       True
Negative    Negative    Positive    Positive

   101        1961         54          258  


Data Role=VALIDATE Target=DepVar Target Label=DepVar

  False       True        False       True
Negative    Negative    Positive    Positive

   56          826         37          99   
 
                                                                                               
 
 
Assessment Score Rankings

Data Role=TRAIN Target Variable=DepVar Target Label=DepVar

                                                                                    Mean
                            Cumulative       %      Cumulative     Number of     Posterior
Depth      Gain     Lift       Lift      Response   % Response   Observations   Probability

   5    561.281   6.61281     6.61281     100.000     100.000         119         0.97574  
  10    497.376   5.33471     5.97376      80.672      90.336         119         0.79436  
  15    424.209   3.77875     5.24209      57.143      79.272         119         0.53219  
  20    337.142   1.73726     4.37142      26.271      66.105         118         0.31630  
  25    264.039   0.72241     3.64039      10.924      55.051         119         0.17773  
  30    218.120   0.88912     3.18120      13.445      48.107         119         0.09559  
  35    176.926   0.28020     2.76926       4.237      41.877         118         0.05469  
  40    143.630   0.11114     2.43630       1.681      36.842         119         0.03104  
  45    117.747   0.11114     2.17747       1.681      32.928         119         0.01746  
  50     97.214   0.11208     1.97214       1.695      29.823         118         0.01073  
  55     80.257   0.11114     1.80257       1.681      27.259         119         0.00578  
  60     66.596   0.16671     1.66596       2.521      25.193         119         0.00343  
  65     53.756   0.00000     1.53756       0.000      23.251         119         0.00189  
  70     42.840   0.00000     1.42840       0.000      21.600         118         0.00096  
  75     33.296   0.00000     1.33296       0.000      20.157         119         0.00040  
  80     24.947   0.00000     1.24947       0.000      18.895         119         0.00019  
  85     17.641   0.00000     1.17641       0.000      17.790         118         0.00008  
  90     11.090   0.00000     1.11090       0.000      16.799         119         0.00003  
  95      5.230   0.00000     1.05230       0.000      15.913         119         0.00001  
 100      0.000   0.00000     1.00000       0.000      15.122         118         0.00000  


Data Role=VALIDATE Target Variable=DepVar Target Label=DepVar

                                                                                    Mean
                            Cumulative       %      Cumulative     Number of     Posterior
Depth      Gain     Lift       Lift      Response   % Response   Observations   Probability

   5    492.385   5.92385     5.92385     90.1961     90.1961         51          0.97305  
  10    402.239   4.12094     5.02239     62.7451     76.4706         51          0.78897  
  15    372.191   4.12094     4.72191     62.7451     71.8954         51          0.54242  
  20    318.533   2.57559     4.18533     39.2157     63.7255         51          0.33507  
  25    250.280   0.77268     3.50280     11.7647     53.3333         51          0.17100  
  30    206.924   0.90145     3.06924     13.7255     46.7320         51          0.08885  
  35    168.597   0.38634     2.68597      5.8824     40.8964         51          0.05140  
  40    141.461   0.51512     2.41461      7.8431     36.7647         51          0.02736  
  45    117.494   0.25756     2.17494      3.9216     33.1155         51          0.01579  
  50     96.129   0.00000     1.96129      0.0000     29.8625         50          0.00896  
  55     78.267   0.00000     1.78267      0.0000     27.1429         51          0.00541  
  60     65.537   0.25756     1.65537      3.9216     25.2046         51          0.00300  
  65     52.784   0.00000     1.52784      0.0000     23.2628         51          0.00140  
  70     42.777   0.12878     1.42777      1.9608     21.7391         51          0.00079  
  75     33.246   0.00000     1.33246      0.0000     20.2880         51          0.00037  
  80     24.908   0.00000     1.24908      0.0000     19.0184         51          0.00018  
  85     17.552   0.00000     1.17552      0.0000     17.8984         51          0.00010  
  90     11.014   0.00000     1.11014      0.0000     16.9029         51          0.00004  
  95      5.165   0.00000     1.05165      0.0000     16.0124         51          0.00001  
 100      0.000   0.00000     1.00000      0.0000     15.2259         50          0.00000  
 
                                                                                               
 
 
Assessment Score Distribution

Data Role=TRAIN Target Variable=DepVar Target Label=DepVar

 Posterior     Number                     Mean
Probability      of      Number of     Posterior
   Range       Events    Nonevents    Probability    Percentage

 0.95-1.00       95            0        0.98657         4.0017 
 0.90-0.95       34            0        0.92612         1.4322 
 0.85-0.90       23            5        0.87721         1.1794 
 0.80-0.85       16            4        0.82313         0.8425 
 0.75-0.80       17            3        0.77607         0.8425 
 0.70-0.75       18            5        0.72516         0.9688 
 0.65-0.70       14            7        0.67437         0.8846 
 0.60-0.65       19            8        0.62636         1.1373 
 0.55-0.60       12           11        0.56927         0.9688 
 0.50-0.55       10           11        0.52231         0.8846 
 0.45-0.50       11            9        0.47280         0.8425 
 0.40-0.45       15           17        0.43251         1.3479 
 0.35-0.40        8           16        0.37530         1.0110 
 0.30-0.35        9           26        0.32461         1.4743 
 0.25-0.30       10           33        0.27647         1.8113 
 0.20-0.25        8           34        0.22274         1.7692 
 0.15-0.20        5           49        0.17548         2.2746 
 0.10-0.15       13           67        0.12326         3.3698 
 0.05-0.10       10          133        0.07293         6.0236 
 0.00-0.05       12         1577        0.00666        66.9334 


Data Role=VALIDATE Target Variable=DepVar Target Label=DepVar

 Posterior     Number                     Mean
Probability      of      Number of     Posterior
   Range       Events    Nonevents    Probability    Percentage

 0.95-1.00       39           2         0.98375         4.0275 
 0.90-0.95       10           4         0.92259         1.3752 
 0.85-0.90        6           6         0.86934         1.1788 
 0.80-0.85        4           4         0.82612         0.7859 
 0.75-0.80        5           3         0.78161         0.7859 
 0.70-0.75        8           2         0.71984         0.9823 
 0.65-0.70       10           5         0.67281         1.4735 
 0.60-0.65        4           4         0.62364         0.7859 
 0.55-0.60        4           2         0.57125         0.5894 
 0.50-0.55        9           5         0.52005         1.3752 
 0.45-0.50       12           6         0.46915         1.7682 
 0.40-0.45        5           4         0.42613         0.8841 
 0.35-0.40        4           5         0.37980         0.8841 
 0.30-0.35        4          12         0.31794         1.5717 
 0.25-0.30        5           7         0.27717         1.1788 
 0.20-0.25        4          11         0.22755         1.4735 
 0.15-0.20        3          20         0.17624         2.2593 
 0.10-0.15        3          29         0.12107         3.1434 
 0.05-0.10        6          56         0.07157         6.0904 
 0.00-0.05       10         676         0.00626        67.3870 
