 
                                                                                               
 
 
Variable Summary

            Measurement    Frequency
Role           Level         Count

INPUT        BINARY             7   
INPUT        INTERVAL          16   
INPUT        NOMINAL            2   
REJECTED     INTERVAL           8   
TARGET       BINARY             1   
 
                                                                                               
 
 
Model Events

                                  Number
                   Measurement      of
Target    Event       Level       Levels      Order       Label

DepVar      1        BINARY          2      Descending    DepVar
 
                                                                                               
 
 
Predicted and decision variables

Type         Variable     Label

TARGET       DepVar       DepVar             
PREDICTED    P_DepVar1    Predicted: DepVar=1
RESIDUAL     R_DepVar1    Residual: DepVar=1 
PREDICTED    P_DepVar0    Predicted: DepVar=0
RESIDUAL     R_DepVar0    Residual: DepVar=0 
FROM         F_DepVar     From: DepVar       
INTO         I_DepVar     Into: DepVar       
 
                                                                                               
 
 

The NEURAL Procedure

Preliminary       Starting         Objective         Number
 Training          Random           Function           of        Terminating
    Run             Seed             Value         Iterations     Criteria

        1               12345    0.196402177594           10                
        2           600222438    0.178154789792           10                
        3            60270049    0.174295664215           10                
        4          1489754846    0.185595655467           10                
        5            75976549    0.190557433513           10                
 
                                                                                               
 
 

The NEURAL Procedure

                      Optimization Start
                      Parameter Estimates
                                                      Gradient
                                                     Objective
  N Parameter                         Estimate        Function

  1 AcceptedCmpTotal_H11             -0.185084        0.002887
  2 Age_H11                           0.067156       -0.000191
  3 Frq_H11                           0.511306        0.006618
  4 Income_H11                        0.263715        0.008613
  5 Kidhome_H11                      -0.565837       -0.005313
  6 MntFishProducts_H11               0.105332        0.009393
  7 MntFruits_H11                    -0.418051        0.007960
  8 MntGoldProds_H11                  0.046027        0.008864
  9 MntSweetProducts_H11             -0.026174        0.007065
 10 MonthsAsCustomer_H11             -0.109526        0.002169
 11 NumDealsPurchases_H11            -0.474907       -0.002449
 12 NumWebVisitsMonth_H11            -0.019909       -0.007709
 13 RFMstat_H11                      -0.190825        0.003326
 14 RMntFrq_H11                      -0.579352        0.009788
 15 Recency_H11                       0.085429        0.004278
 16 Teenhome_H11                     -0.203629       -0.001539
 17 AcceptedCmpTotal_H12             -0.569276       -0.004925
 18 Age_H12                           0.222423       -0.000378
 19 Frq_H12                           0.957892       -0.008453
 20 Income_H12                        0.983365       -0.012864
 21 Kidhome_H12                      -0.646638        0.007895
 22 MntFishProducts_H12               0.026064       -0.012541
 23 MntFruits_H12                    -0.411262       -0.012978
 24 MntGoldProds_H12                  0.089008       -0.006652
 25 MntSweetProducts_H12             -0.241542       -0.016480
 26 MonthsAsCustomer_H12              0.354249        0.002045
 27 NumDealsPurchases_H12            -0.474864        0.007066
 28 NumWebVisitsMonth_H12            -0.296575        0.011763
 29 RFMstat_H12                      -0.149574       -0.003873
 30 RMntFrq_H12                       0.148863       -0.014293
 31 Recency_H12                      -0.222214        0.002639
 32 Teenhome_H12                     -0.666698        0.008564
 33 AcceptedCmpTotal_H13             -0.138171        0.004511
 34 Age_H13                           0.130199       -0.000418
 35 Frq_H13                           0.291825        0.006166
 36 Income_H13                       -0.385745        0.004673
 37 Kidhome_H13                       0.398700       -0.002507
 38 MntFishProducts_H13               0.001326        0.004006
 39 MntFruits_H13                     0.085933       -0.001449
 40 MntGoldProds_H13                 -0.027877       -0.003106
 41 MntSweetProducts_H13             -0.015092        0.001253
 42 MonthsAsCustomer_H13              0.151991       -0.002187
 43 NumDealsPurchases_H13            -0.169865       -0.002037
 44 NumWebVisitsMonth_H13            -0.504398       -0.004632
 45 RFMstat_H13                      -0.041194        0.001402
 46 RMntFrq_H13                       0.142319        0.001090
 47 Recency_H13                       0.682295        0.002958
 48 Teenhome_H13                      0.233662       -0.001776
 49 AcceptedCmp10_H11                 0.847226       -0.001747
 50 AcceptedCmp20_H11                -0.343216       -0.002125
 51 AcceptedCmp30_H11                 0.278921       -0.003945
 52 AcceptedCmp40_H11                -0.001453       -0.001498
 53 AcceptedCmp50_H11                 0.715606       -0.003754
 54 Complain0_H11                     0.123900       -0.001743
 55 HigherEducationBinary0_H11        0.205428     0.000011664
 56 AcceptedCmp10_H12                -0.177092       -0.007198
 57 AcceptedCmp20_H12                -0.690074       -0.008379
 58 AcceptedCmp30_H12                -0.431470       -0.007234
 59 AcceptedCmp40_H12                -0.660821       -0.008342
 60 AcceptedCmp50_H12                 0.268393       -0.001674
 61 Complain0_H12                    -0.581761       -0.009275
 62 HigherEducationBinary0_H12        0.333320        0.007134
 63 AcceptedCmp10_H13                -0.029259       -0.000118
 64 AcceptedCmp20_H13                 0.256540        0.001015
 65 AcceptedCmp30_H13                 0.193806        0.002594
 66 AcceptedCmp40_H13                -0.002202       -0.000892
 67 AcceptedCmp50_H13                 0.168935        0.000192
 68 Complain0_H13                    -0.361156        0.001809
 69 HigherEducationBinary0_H13       -0.033010       -0.002600
 70 Education2nCycle_H11              0.285676     0.000052544
 71 EducationBasic_H11               -0.388953        0.000553
 72 EducationGraduation_H11          -0.040939        0.000793
 73 EducationMaster_H11              -0.195317        0.000627
 74 Marital_StatusDivorced_H11        0.328981        0.000900
 75 Marital_StatusMarried_H11         0.046251       -0.001664
 76 Marital_StatusSingle_H11          0.099585        0.001342
 77 Marital_StatusTogether_H11        0.221833    -0.000020035
 78 Education2nCycle_H12             -0.001785    -0.000082374
 79 EducationBasic_H12                0.102686        0.000842
 80 EducationGraduation_H12           0.000258       -0.005500
 81 EducationMaster_H12              -0.263710    -0.000026129
 82 Marital_StatusDivorced_H12        0.196196       -0.001060
 83 Marital_StatusMarried_H12        -0.837881       -0.002621
 84 Marital_StatusSingle_H12          0.930279       -0.002967
 85 Marital_StatusTogether_H12       -0.672084       -0.001641
 86 Education2nCycle_H13             -0.374514       -0.001826
 87 EducationBasic_H13                0.361560       -0.002021
 88 EducationGraduation_H13          -0.091484       -0.001724
 89 EducationMaster_H13               0.205304       -0.001300
 90 Marital_StatusDivorced_H13       -0.301372        0.001541
 91 Marital_StatusMarried_H13         0.102454    -0.000029452
 92 Marital_StatusSingle_H13         -0.006107        0.003459
 93 Marital_StatusTogether_H13        0.046404        0.001152
 94 BIAS_H11                         -1.239511       -0.002105
 95 BIAS_H12                         -0.631947       -0.009008
 96 BIAS_H13                         -0.034208        0.002016
 97 H11_DepVar1                      -2.987882        0.000638
 98 H12_DepVar1                       3.139348       -0.003499
 99 H13_DepVar1                      -4.258790       -0.000202
100 BIAS_DepVar1                     -1.259272       -0.001198

Value of Objective Function = 0.1742956642

 
                                                                                               
 
 

The NEURAL Procedure

Levenberg-Marquardt Optimization


Minimum Iterations                                0
Maximum Iterations                               50
Maximum Function Calls                   2147483647
Maximum CPU Time                              14400
ABSGCONV Gradient Criterion                 0.00001
GCONV Gradient Criterion                       1E-8
GCONV2 Gradient Criterion                         0
ABSFCONV Function Criterion                       0
FCONV Function Criterion                     0.0001
FCONV2 Function Criterion                         0
FSIZE Parameter                                   0
ABSXCONV Parameter Change Criterion               0
XCONV Parameter Change Criterion                  0
XSIZE Parameter                                   0
ABSCONV Function Criterion             0.0020529663
Trust Region Initial Radius Factor                1
Singularity Tolerance (SINGULAR)               1E-8

Levenberg-Marquardt Optimization

Scaling Update of More (1978)

Parameter Estimates             100

                                      Optimization Start

Active Constraints                           0  Objective Function                0.1742956642
Max Abs Gradient Element           0.016479677  Radius                                       1


                                                                                         Ratio
                                                                                       Between
                                                                                        Actual
                                                       Objective   Max Abs                 and
                 Function       Active      Objective   Function  Gradient           Predicted
Iter   Restarts     Calls  Constraints       Function     Change   Element   Lambda     Change

   1*         0         3            0        0.17277    0.00152    0.0205    0.233      0.270
   2*         0         4            0        0.17093    0.00185   0.00585    0.141      0.560
   3*         0         5            0        0.17050   0.000424   0.00536   0.0375      0.585
   4*         0         6            0        0.17023   0.000271   0.00559   0.0355      0.464
   5*         0         7            0        0.16996   0.000273   0.00550   0.0331      0.463
   6*         0         8            0        0.16972   0.000236   0.00606   0.0338      0.385
   7*         0         9            0        0.16947   0.000256   0.00577   0.0332      0.402
   8*         0        10            0        0.16923   0.000235   0.00634   0.0338      0.362
   9*         0        11            0        0.16897   0.000259   0.00579   0.0334      0.393
  10*         0        12            0        0.16873   0.000240   0.00632   0.0329      0.365
  11*         0        13            0        0.16848   0.000251   0.00581   0.0316      0.387
  12*         0        14            0        0.16826   0.000224   0.00618   0.0327      0.347
  13*         0        15            0        0.16803   0.000229   0.00593   0.0288      0.363
  14*         0        16            0        0.16783   0.000199   0.00613   0.0320      0.308
  15*         0        17            0        0.16763   0.000199   0.00608   0.0272      0.316
  16*         0        18            0        0.16746   0.000170   0.00626   0.0301      0.260
  17*         0        19            0        0.16729   0.000167   0.00622   0.0259      0.263
  18*         0        20            0        0.16715   0.000143   0.00647   0.0285      0.217
  19*         0        21            0        0.16701   0.000140   0.00654   0.0245      0.218
  20*         0        22            0        0.16689   0.000121   0.00664   0.0262      0.182
  21*         0        23            0        0.16677   0.000116   0.00703   0.0232      0.180
  22*         0        24            0        0.16667   0.000103   0.00695   0.0242      0.155
  23*         0        25            0        0.16658   0.000094   0.00747   0.0220      0.144
  24*         0        26            0        0.16649   0.000090   0.00722   0.0227      0.133
  25*         0        27            0        0.16641   0.000073   0.00783   0.0211      0.111
  26*         0        28            0        0.16633   0.000080   0.00742   0.0215      0.116
  27*         0        29            0        0.16628   0.000054   0.00812   0.0204     0.0815
  28*         0        30            0        0.16606   0.000224   0.00382   0.0946      0.412
  29*         0        31            0        0.16599   0.000065   0.00363   0.0249      0.344
  30*         0        32            0        0.16594   0.000053   0.00338   0.0264      0.310
  31*         0        33            0        0.16589   0.000047   0.00332   0.0241      0.309
  32*         0        34            0        0.16585   0.000045   0.00318   0.0239      0.304
  33*         0        35            0        0.16581   0.000040   0.00321   0.0226      0.289
  34*         0        36            0        0.16577   0.000040   0.00313   0.0222      0.286
  35*         0        37            0        0.16573   0.000034   0.00322   0.0214      0.258
  36*         0        38            0        0.16570   0.000035   0.00316   0.0211      0.258
  37*         0        39            0        0.16567   0.000029   0.00330   0.0207      0.222
  38*         0        40            0        0.16564   0.000032   0.00324   0.0205      0.228
  39*         0        41            0        0.16561   0.000025   0.00341   0.0203      0.185
  40*         0        42            0        0.16558   0.000029   0.00334   0.0201      0.200
  41*         0        43            0        0.16556   0.000022   0.00354   0.0202      0.153
  42*         0        44            0        0.16553   0.000027   0.00345   0.0201      0.178
  43*         0        45            0        0.16551   0.000019   0.00367   0.0202      0.128
  44*         0        46            0        0.16549   0.000025   0.00356   0.0201      0.160
  45*         0        47            0        0.16547   0.000017   0.00381   0.0201      0.108
  46*         0        48            0        0.16545   0.000024   0.00367   0.0202      0.146
  47*         0        49            0        0.16543   0.000015   0.00392   0.0205     0.0948
  48*         0        50            0        0.16538   0.000055   0.00180   0.0966      0.434
  49*         0        51            0        0.16536   0.000018   0.00164   0.0299      0.420
  50*         0        52            0        0.16534   0.000016   0.00145   0.0304      0.433

                                     Optimization Results

Iterations                                  50  Function Calls                              54
Jacobian Calls                              52  Active Constraints                           0
Objective Function                0.1653443955  Max Abs Gradient Element          0.0014487129
Lambda                            0.0304307098  Actual Over Pred Change           0.4329908007
Radius                                   0.025                                                

LEVMAR needs more than 50 iterations or 2147483647 function calls.                             

WARNING: LEVMAR Optimization cannot be completed.

 
                                                                                               
 
 

The NEURAL Procedure

                     Optimization Results
                      Parameter Estimates
                                                      Gradient
                                                     Objective
  N Parameter                         Estimate        Function

  1 AcceptedCmpTotal_H11             -0.094375       -0.000109
  2 Age_H11                           0.043483     0.000038015
  3 Frq_H11                           0.569425        0.000109
  4 Income_H11                        0.104590     0.000070899
  5 Kidhome_H11                      -0.443525    -0.000002579
  6 MntFishProducts_H11               0.010450        0.000188
  7 MntFruits_H11                    -0.413958        0.000120
  8 MntGoldProds_H11                 -0.117412        0.000282
  9 MntSweetProducts_H11              0.038335        0.000330
 10 MonthsAsCustomer_H11             -0.100068        0.000312
 11 NumDealsPurchases_H11            -0.500819    -0.000029504
 12 NumWebVisitsMonth_H11            -0.002347       -0.000132
 13 RFMstat_H11                      -0.155736       -0.000539
 14 RMntFrq_H11                      -0.410700    -0.000007933
 15 Recency_H11                       0.186125        0.000248
 16 Teenhome_H11                     -0.143415    -0.000032067
 17 AcceptedCmpTotal_H12             -0.680345       -0.000462
 18 Age_H12                           0.225497        0.000142
 19 Frq_H12                           1.496829       -0.000910
 20 Income_H12                        0.933593       -0.001112
 21 Kidhome_H12                      -0.795897        0.000614
 22 MntFishProducts_H12               0.108896       -0.001018
 23 MntFruits_H12                    -0.515421       -0.001251
 24 MntGoldProds_H12                 -0.281871       -0.000585
 25 MntSweetProducts_H12              0.041218       -0.001449
 26 MonthsAsCustomer_H12              0.347424       -0.000224
 27 NumDealsPurchases_H12            -0.236731        0.000466
 28 NumWebVisitsMonth_H12            -0.381915        0.000894
 29 RFMstat_H12                      -0.267276       -0.000779
 30 RMntFrq_H12                       0.273357       -0.001092
 31 Recency_H12                      -0.279489        0.000551
 32 Teenhome_H12                     -0.755433        0.000573
 33 AcceptedCmpTotal_H13             -0.119947    -0.000032171
 34 Age_H13                           0.122824     0.000008898
 35 Frq_H13                           0.370794        0.000418
 36 Income_H13                       -0.244616        0.000234
 37 Kidhome_H13                       0.319973       -0.000171
 38 MntFishProducts_H13               0.046908        0.000291
 39 MntFruits_H13                     0.051582        0.000214
 40 MntGoldProds_H13                 -0.064334     0.000032886
 41 MntSweetProducts_H13              0.042078        0.000320
 42 MonthsAsCustomer_H13              0.135085        0.000204
 43 NumDealsPurchases_H13            -0.100944       -0.000138
 44 NumWebVisitsMonth_H13            -0.437806       -0.000270
 45 RFMstat_H13                      -0.067846    -0.000036827
 46 RMntFrq_H13                       0.128843        0.000130
 47 Recency_H13                       0.481887    -0.000036756
 48 Teenhome_H13                      0.166427       -0.000152
 49 AcceptedCmp10_H11                 0.835755    -0.000076447
 50 AcceptedCmp20_H11                -0.143295       -0.000105
 51 AcceptedCmp30_H11                 0.257659     0.000040675
 52 AcceptedCmp40_H11                 0.056403     0.000079809
 53 AcceptedCmp50_H11                 0.640124    -0.000099517
 54 Complain0_H11                     0.060925       -0.000112
 55 HigherEducationBinary0_H11        0.167677     0.000086903
 56 AcceptedCmp10_H12                -0.091550       -0.000556
 57 AcceptedCmp20_H12                -0.934447       -0.000748
 58 AcceptedCmp30_H12                -0.782583       -0.000741
 59 AcceptedCmp40_H12                -0.712769       -0.000663
 60 AcceptedCmp50_H12                 0.366878       -0.000161
 61 Complain0_H12                    -0.464954       -0.000800
 62 HigherEducationBinary0_H12        0.350657        0.000600
 63 AcceptedCmp10_H13                -0.024090     0.000088277
 64 AcceptedCmp20_H13                 0.081702        0.000254
 65 AcceptedCmp30_H13                 0.096411        0.000246
 66 AcceptedCmp40_H13                 0.013901        0.000264
 67 AcceptedCmp50_H13                 0.227188        0.000128
 68 Complain0_H13                    -0.180110        0.000139
 69 HigherEducationBinary0_H13       -0.005408       -0.000169
 70 Education2nCycle_H11              0.270678        0.000115
 71 EducationBasic_H11               -0.383515        0.000152
 72 EducationGraduation_H11           0.039776        0.000153
 73 EducationMaster_H11              -0.242591        0.000156
 74 Marital_StatusDivorced_H11        0.413262    -0.000015734
 75 Marital_StatusMarried_H11         0.025600    -0.000064226
 76 Marital_StatusSingle_H11          0.131504    -0.000006512
 77 Marital_StatusTogether_H11        0.259192     0.000065060
 78 Education2nCycle_H12              0.025125        0.000103
 79 EducationBasic_H12                0.225568        0.000194
 80 EducationGraduation_H12           0.198932       -0.000161
 81 EducationMaster_H12              -0.275510     0.000056835
 82 Marital_StatusDivorced_H12       -0.117131    -0.000062950
 83 Marital_StatusMarried_H12        -0.615523       -0.000314
 84 Marital_StatusSingle_H12          0.853163       -0.000117
 85 Marital_StatusTogether_H12       -0.597134       -0.000257
 86 Education2nCycle_H13             -0.323669    -0.000090730
 87 EducationBasic_H13                0.369764    -0.000086742
 88 EducationGraduation_H13          -0.076350    -0.000051410
 89 EducationMaster_H13               0.212866    -0.000056541
 90 Marital_StatusDivorced_H13       -0.416711    -0.000005358
 91 Marital_StatusMarried_H13         0.113384    -0.000024181
 92 Marital_StatusSingle_H13         -0.037322     0.000025520
 93 Marital_StatusTogether_H13        0.015399        0.000147
 94 BIAS_H11                         -1.177417    -0.000070060
 95 BIAS_H12                         -0.775916       -0.000797
 96 BIAS_H13                         -0.073827        0.000214
 97 H11_DepVar1                      -3.845018        0.000230
 98 H12_DepVar1                       4.525516       -0.000228
 99 H13_DepVar1                      -5.651792        0.000481
100 BIAS_DepVar1                     -0.404778       -0.000106

Value of Objective Function = 0.1653443955

