MPRINT(EM_DIAGRAM):    data _null_;
MPRINT(EM_DIAGRAM):   call symput('NLDATE', strip(put(date(), NLDATE.)));
MPRINT(EM_DIAGRAM):   call symput('NLTIME', strip(put(datetime(), NLTIME.)));
MPRINT(EM_DIAGRAM):   run;
MPRINT(EM_DIAGRAM):   data _null_;
MPRINT(EM_DIAGRAM):   nldate= sasmsg("sashelp.dmine", "log_date_note", 'N', "19. April 2016" );
MPRINT(EM_DIAGRAM):   nltime= sasmsg("sashelp.dmine", "log_time_note", 'N', "11.02 Uhr" );
MPRINT(EM_DIAGRAM):   put "*------------------------------------------------------------*";
MPRINT(EM_DIAGRAM):   put "* Training Log";
MPRINT(EM_DIAGRAM):   put nldate;
MPRINT(EM_DIAGRAM):   put nltime;
MPRINT(EM_DIAGRAM):   put "*------------------------------------------------------------*";
MPRINT(EM_DIAGRAM):   run;
*------------------------------------------------------------*
* Training Log
Date:                19. April 2016
Time:                11.02 Uhr
*------------------------------------------------------------*
MPRINT(EM_DIAGRAM):    filename O0ACN42P 
"C:\\predictive-models-project\Workspaces\EMWS8\Neural38\EMTRAIN.out" encoding="UTF-8" NOBOM;
MPRINT(EM_DIAGRAM):   proc printto print=O0ACN42P new;
MPRINT(EM_DIAGRAM):   run;
MPRINT(EM_DIAGRAM):    filename _LOG 
"C:\\predictive-models-project\Workspaces\EMWS8\Neural38\EMLOG.log" encoding="UTF-8" NOBOM;
MPRINT(EM_DIAGRAM):    data _null_;
MPRINT(EM_DIAGRAM):   call symput('NLDATE', strip(put(date(), NLDATE.)));
MPRINT(EM_DIAGRAM):   call symput('NLTIME', strip(put(datetime(), NLTIME.)));
MPRINT(EM_DIAGRAM):   run;
MPRINT(EM_DIAGRAM):   data _null_;
MPRINT(EM_DIAGRAM):   nldate= sasmsg("sashelp.dmine", "log_date_note", 'N', "19. April 2016" );
MPRINT(EM_DIAGRAM):   nltime= sasmsg("sashelp.dmine", "log_time_note", 'N', "11.02 Uhr" );
MPRINT(EM_DIAGRAM):   file _LOG;
MPRINT(EM_DIAGRAM):   put "*------------------------------------------------------------*";
MPRINT(EM_DIAGRAM):   put "User:                Lukas Fahr";
MPRINT(EM_DIAGRAM):   put nldate;
MPRINT(EM_DIAGRAM):   put nltime;
MPRINT(EM_DIAGRAM):   put "Site:                70107571";
MPRINT(EM_DIAGRAM):   put "Platform:            X64_7PRO";
MPRINT(EM_DIAGRAM):   put "Maintenance Release: 9.03.01M2P081512";
MPRINT(EM_DIAGRAM):   put "EM Version:          12.1";
MPRINT(EM_DIAGRAM):   put "* ";
MPRINT(EM_DIAGRAM):   run;
MPRINT(EM_DIAGRAM):    filename _LOGIN 
"C:\\predictive-models-project\Workspaces\EMWS8\Neural38\EMTRAIN.log" encoding="UTF-8" NOBOM;
MPRINT(EM_COPYFILE):   data _null_;
MPRINT(EM_COPYFILE):   length line $20000;
MPRINT(EM_COPYFILE):   file _LOG MOD lrecl=20000;
MPRINT(EM_COPYFILE):   fid=fopen("_LOGIN",'i',20000,'v');
MPRINT(EM_COPYFILE):   if fid > 0 then do;
MPRINT(EM_COPYFILE):   do while(^fread(fid));
MPRINT(EM_COPYFILE):   rlen = frlen(fid);
MPRINT(EM_COPYFILE):   rc= fget(fid,line,20000);
MPRINT(EM_COPYFILE):   start = length(line)-length(left(line))+1;
MPRINT(EM_COPYFILE):   line=strip(line);
MPRINT(EM_COPYFILE):   put @start line;
MPRINT(EM_COPYFILE):   end;
MPRINT(EM_COPYFILE):   if fid > 0 then rc=fclose(fid);
MPRINT(EM_COPYFILE):   end;
MPRINT(EM_COPYFILE):   run;
MPRINT(EM_DIAGRAM):  ;
MPRINT(EM_DIAGRAM):   filename _LOGIN;
MPRINT(EM_DIAGRAM):    data _null_;
MPRINT(EM_DIAGRAM):   file _LOG mod;
MPRINT(EM_DIAGRAM):   put _page_;
MPRINT(EM_DIAGRAM):   run;
MPRINT(EM_DIAGRAM):   filename _LOGIN 
"C:\\predictive-models-project\Workspaces\EMWS8\Neural38\EMSCORE.log" encoding="UTF-8" NOBOM;
MPRINT(EM_DIAGRAM):  ;
MPRINT(EM_DIAGRAM):   data _null_;
MPRINT(EM_DIAGRAM):   file _LOG mod;
MPRINT(EM_DIAGRAM):   put _page_;
MPRINT(EM_DIAGRAM):   run;
MPRINT(EM_DIAGRAM):    filename _LOGIN 
"C:\\predictive-models-project\Workspaces\EMWS8\Neural38\EMREPORT.log" encoding="UTF-8" NOBOM;
MPRINT(EM_DIAGRAM):  ;
MPRINT(EM_DIAGRAM):   filename _LOGIN;
MPRINT(EM_DIAGRAM):    filename _LOG;
MPRINT(EM_DIAGRAM):    filename _OUT 
"C:\\predictive-models-project\Workspaces\EMWS8\Neural38\EMOUTPUT.out" encoding="UTF-8" NOBOM;
MPRINT(EM_DIAGRAM):    data _null_;
MPRINT(EM_DIAGRAM):   call symput('NLDATE', strip(put(date(), NLDATE.)));
MPRINT(EM_DIAGRAM):   call symput('NLTIME', strip(put(datetime(), NLTIME.)));
MPRINT(EM_DIAGRAM):   run;
MPRINT(EM_DIAGRAM):   data _null_;
MPRINT(EM_DIAGRAM):   nldate= sasmsg("sashelp.dmine", "log_date_note", 'N', "19. April 2016" );
MPRINT(EM_DIAGRAM):   nltime= sasmsg("sashelp.dmine", "log_time_note", 'N', "11.02 Uhr" );
MPRINT(EM_DIAGRAM):   file _OUT;
MPRINT(EM_DIAGRAM):   put "*------------------------------------------------------------*";
MPRINT(EM_DIAGRAM):   put "User:                Lukas Fahr";
MPRINT(EM_DIAGRAM):   put nldate;
MPRINT(EM_DIAGRAM):   put nltime;
MPRINT(EM_DIAGRAM):   put "*------------------------------------------------------------*";
MPRINT(EM_DIAGRAM):   put "* Training Output";
MPRINT(EM_DIAGRAM):   put "*------------------------------------------------------------*";
MPRINT(EM_DIAGRAM):   run;
MPRINT(EM_DIAGRAM):    filename _OUTIN 
"C:\\predictive-models-project\Workspaces\EMWS8\Neural38\EMTRAIN.out" encoding="UTF-8" NOBOM;
MPRINT(EM_DIAGRAM):   ;
MPRINT(EM_COPYFILE):   data _null_;
MPRINT(EM_COPYFILE):   length line $20000;
MPRINT(EM_COPYFILE):   file _OUT MOD lrecl=20000;
MPRINT(EM_COPYFILE):   fid=fopen("_OUTIN",'i',20000,'v');
MPRINT(EM_COPYFILE):   if fid > 0 then do;
MPRINT(EM_COPYFILE):   do while(^fread(fid));
MPRINT(EM_COPYFILE):   rlen = frlen(fid);
MPRINT(EM_COPYFILE):   rc= fget(fid,line,20000);
MPRINT(EM_COPYFILE):   start = length(line)-length(left(line))+1;
MPRINT(EM_COPYFILE):   line=strip(line);
MPRINT(EM_COPYFILE):   put @start line;
MPRINT(EM_COPYFILE):   end;
MPRINT(EM_COPYFILE):   if fid > 0 then rc=fclose(fid);
MPRINT(EM_COPYFILE):   end;
MPRINT(EM_COPYFILE):   run;
MPRINT(EM_DIAGRAM):  ;
MPRINT(EM_DIAGRAM):   filename _OUTIN;
MPRINT(EM_DIAGRAM):    data _null_;
MPRINT(EM_DIAGRAM):   file _OUT mod;
MPRINT(EM_DIAGRAM):   put _page_;
MPRINT(EM_DIAGRAM):   put // "*------------------------------------------------------------*";
MPRINT(EM_DIAGRAM):   put "* Score Output";
MPRINT(EM_DIAGRAM):   put "*------------------------------------------------------------*";
MPRINT(EM_DIAGRAM):   run;
MPRINT(EM_DIAGRAM):    filename _OUTIN 
"C:\\predictive-models-project\Workspaces\EMWS8\Neural38\EMSCORE.out" encoding="UTF-8" NOBOM;
MPRINT(EM_DIAGRAM):  ;
MPRINT(EM_DIAGRAM):   filename _OUTIN;
MPRINT(EM_DIAGRAM):    data _null_;
MPRINT(EM_DIAGRAM):   file _OUT mod;
MPRINT(EM_DIAGRAM):   put _page_;
MPRINT(EM_DIAGRAM):   put // "*------------------------------------------------------------*";
MPRINT(EM_DIAGRAM):   put "* Report Output";
MPRINT(EM_DIAGRAM):   put "*------------------------------------------------------------*";
MPRINT(EM_DIAGRAM):   run;
MPRINT(EM_DIAGRAM):    filename _OUTIN 
"C:\\predictive-models-project\Workspaces\EMWS8\Neural38\EMREPORT.out" encoding="UTF-8" NOBOM;
MPRINT(EM_DIAGRAM):  ;
MPRINT(EM_DIAGRAM):   filename _OUTIN;
MPRINT(EM_DIAGRAM):    filename _OUT;
MPRINT(EM_DIAGRAM):    filename _emtool_ 
'C:\\predictive-models-project\Workspaces\EMWS8\Neural38\EMRUNSTATUS.xml' encoding="UTF-8" 
NOBOM;
MPRINT(EM_DIAGRAM):    filename _emtool_ 
'C:\\predictive-models-project\Workspaces\EMWS8\Neural38\EMRUNSTATUS.xml' encoding="UTF-8" 
NOBOM;
120025     proc freq data=EMWS8.Neural38_VariableSet noprint;
MPRINT(EM_DIAGRAM):    proc freq data=EMWS8.Neural38_VariableSet noprint;
120026     table ROLE*LEVEL/out=WORK.Neural38META;
MPRINT(EM_DIAGRAM):   table ROLE*LEVEL/out=WORK.Neural38META;
120027     run;
MPRINT(EM_DIAGRAM):   run;

NOTE: There were 34 observations read from the data set EMWS8.NEURAL38_VARIABLESET.
NOTE: The data set WORK.NEURAL38META has 5 observations and 4 variables.
NOTE: PROCEDURE FREQ used (Total process time):
      real time           0.02 seconds
      cpu time            0.03 seconds
      

120028     proc print data=WORK.Neural38META label noobs;
MPRINT(EM_DIAGRAM):   proc print data=WORK.Neural38META label noobs;
120029     var ROLE LEVEL COUNT;
MPRINT(EM_DIAGRAM):   var ROLE LEVEL COUNT;
120030     label ROLE = "%sysfunc(sasmsg(sashelp.dmine, meta_role_vlabel, NOQUOTE))" LEVEL =
120030   ! "%sysfunc(sasmsg(sashelp.dmine, meta_level_vlabel, NOQUOTE))" COUNT =
120030   ! "%sysfunc(sasmsg(sashelp.dmine, rpt_count_vlabel, NOQUOTE))";
MPRINT(EM_DIAGRAM):   label ROLE = "Role" LEVEL = "Measurement Level" COUNT = "Frequency 
Count";
120031     title9 ' ';
MPRINT(EM_DIAGRAM):   title9 ' ';
120032     title10 "%sysfunc(sasmsg(sashelp.dmine, rpt_varSummary_title  , NOQUOTE))";
MPRINT(EM_DIAGRAM):   title10 "Variable Summary";
MPRINT(EM_DIAGRAM):   run;
120033     run;

NOTE: There were 5 observations read from the data set WORK.NEURAL38META.
NOTE: The PROCEDURE PRINT printed page 92.
NOTE: PROCEDURE PRINT used (Total process time):
      real time           0.01 seconds
      cpu time            0.01 seconds
      

120034     title10;
MPRINT(EM_DIAGRAM):   title10;
120035     %let EMNORLEN = %DMNORLEN;
MPRINT(EM_DIAGRAM):   
EMWS8.Meta3_TRAIN EMWS8.Meta3_TRAIN 
EMWS8.Meta3_TRAIN EMWS8.Meta3_TRAIN EMWS8 Meta3_TRAIN 
EMWS8.Meta3_TRAIN EMWS8.Meta3_TRAIN 
EMWS8.Meta3_TRAIN EMWS8.Meta3_TRAIN EMWS8 Meta3_TRAIN 
MPRINT(EM_DIAGRAM):    proc dmdb data=EMWS8.Meta3_TRAIN 
classout=WORK._DMDBCLASSTARGET(keep=NAME NRAW CRAW LEVEL FREQUENCY NMISSPERCENT);
MPRINT(EM_DIAGRAM):   class DepVar(DESC) ;
MPRINT(EM_DIAGRAM):   run;
Executing  SASHELP.EMCORE.EMINFOITERATOR.SCL _INIT >> 
Executing  SASHELP.EMCORE.EMINFOITERATOR.SCL setMetaData >> 
Executing  SASHELP.EMCORE.EMINFOITERATOR.SCL next >> 
Executing  SASHELP.EMCORE.EMINFOITERATOR.SCL setMetaData >> 
Executing  SASHELP.EMCORE.EMINFOITERATOR.SCL next >> 
Executing  SASHELP.EMCORE.EMINFOITERATOR.SCL _term >> 
MPRINT(EM_DIAGRAM):    data _null_;
MPRINT(EM_DIAGRAM):   set WORK._DMDBCLASSTARGET;
MPRINT(EM_DIAGRAM):   where ^(NRAW eq . and CRAW eq '') and NAME="DepVar";
MPRINT(EM_DIAGRAM):   if _N_=1 then call symput('_newevent', strip(LEVEL));
MPRINT(EM_DIAGRAM):   run;
MPRINT(EM_DIAGRAM):   proc sort data=WORK._DMDBCLASSTARGET out=_TEMPCLASS(keep=LEVEL FREQUENCY 
NMISSPERCENT rename=(LEVEL=DepVar));
MPRINT(EM_DIAGRAM):   by LEVEL;
MPRINT(EM_DIAGRAM):   where ^(NRAW eq . and CRAW eq '') and NAME="DepVar";
MPRINT(EM_DIAGRAM):   run;
MPRINT(EM_DIAGRAM):   data _TEMPCLASS;
MPRINT(EM_DIAGRAM):   set _TEMPCLASS;
MPRINT(EM_DIAGRAM):   NMISSPERCENT= NMISSPERCENT/100;
MPRINT(EM_DIAGRAM):   run;
MPRINT(EM_DIAGRAM):    data _sortedDecData;
MPRINT(EM_DIAGRAM):   set EMWS8.Neural38_DepVar_DD;
MPRINT(EM_DIAGRAM):   _levelorder_=_N_;
MPRINT(EM_DIAGRAM):   run;
MPRINT(EM_DIAGRAM):   proc sort data=_sortedDecdata;
MPRINT(EM_DIAGRAM):   by DepVar;
MPRINT(EM_DIAGRAM):   run;
MPRINT(EM_DIAGRAM):   data _null_;
MPRINT(EM_DIAGRAM):   merge _TEMPCLASS(in=_a) _sortedDecdata(in=_b);
MPRINT(EM_DIAGRAM):   by DepVar;
MPRINT(EM_DIAGRAM):   if (_a and ^_b) or (^_a and _b) then call symput('_emresetDec', '1');
MPRINT(EM_DIAGRAM):   run;
MPRINT(EM_DIAGRAM):    data EMWS8.Neural38_DepVar_DD;
MPRINT(EM_DIAGRAM):   set EMWS8.Neural38_DepVar_DD;
MPRINT(EM_DIAGRAM):   _levelorder_=_N_;
MPRINT(EM_DIAGRAM):   run;
MPRINT(EM_DIAGRAM):   proc sort data=EMWS8.Neural38_DepVar_DD;
MPRINT(EM_DIAGRAM):   by DepVar;
MPRINT(EM_DIAGRAM):   run;
MPRINT(EM_DIAGRAM):   data EMWS8.Neural38_DepVar_DD;
MPRINT(EM_DIAGRAM):   merge EMWS8.Neural38_DepVar_DD 
_TEMPCLASS(rename=(NMISSPERCENT=TRAINPRIOR FREQUENCY=COUNT));
MPRINT(EM_DIAGRAM):   by DepVar;
MPRINT(EM_DIAGRAM):   run;
MPRINT(EM_DIAGRAM):   proc sort data=EMWS8.Neural38_DepVar_DD 
out=EMWS8.Neural38_DepVar_DD(drop=_levelorder_);
MPRINT(EM_DIAGRAM):   by _levelorder_;
MPRINT(EM_DIAGRAM):   run;
120082     data WORK.Neural38_EVENT(KEEP=VARIABLE LABEL LEVEL EVENT NUMLEVELS ORDER);
MPRINT(EM_DIAGRAM):    data WORK.Neural38_EVENT(KEEP=VARIABLE LABEL LEVEL EVENT NUMLEVELS 
ORDER);
120083     length ORDER $20;
MPRINT(EM_DIAGRAM):   length ORDER $20;
120084     label VARIABLE = "%sysfunc(sasmsg(sashelp.dmine, rpt_target_vlabel,  NOQUOTE))"
120084   ! EVENT = "%sysfunc(sasmsg(sashelp.dmine, assmt_event_vlabel, NOQUOTE))" NUMLEVELS =
120084   ! "%sysfunc(sasmsg(sashelp.dmine, rpt_numcat_vlabel, NOQUOTE))" LEVEL =
120085        "%sysfunc(sasmsg(sashelp.dmine, meta_level_vlabel, NOQUOTE))" ORDER =
120085   ! "%sysfunc(sasmsg(sashelp.dmine, meta_order_vlabel, NOQUOTE))" LABEL =
120085   ! "%sysfunc(sasmsg(sashelp.dmine, meta_label_vlabel, NOQUOTE))";
MPRINT(EM_DIAGRAM):   label VARIABLE = "Target" EVENT = "Event" NUMLEVELS = "Number of Levels" 
LEVEL = "Measurement Level" ORDER = "Order" LABEL = "Label";
120086     set EMWS8.NEURAL38_DEPVAR_DM( where=(_TYPE_="TARGET"));
MPRINT(EM_DIAGRAM):   set EMWS8.NEURAL38_DEPVAR_DM( where=(_TYPE_="TARGET"));
120087     NumLevels=2;
MPRINT(EM_DIAGRAM):   NumLevels=2;
120088     select(upcase(ORDER));
MPRINT(EM_DIAGRAM):   select(upcase(ORDER));
120089     when('DESC') ORDER = 'Descending';
MPRINT(EM_DIAGRAM):   when('DESC') ORDER = 'Descending';
120090     when('ASC') ORDER = 'Ascending';
MPRINT(EM_DIAGRAM):   when('ASC') ORDER = 'Ascending';
120091     when('FMTDESC') ORDER = 'Formatted Descending';
MPRINT(EM_DIAGRAM):   when('FMTDESC') ORDER = 'Formatted Descending';
120092     when('FMTASC') ORDER = 'Formatted Ascending';
MPRINT(EM_DIAGRAM):   when('FMTASC') ORDER = 'Formatted Ascending';
120093     otherwise ORDER = 'Descending';
MPRINT(EM_DIAGRAM):   otherwise ORDER = 'Descending';
120094     end;
MPRINT(EM_DIAGRAM):   end;
120095     output;
MPRINT(EM_DIAGRAM):   output;
120096     run;
MPRINT(EM_DIAGRAM):   run;

NOTE: There were 1 observations read from the data set EMWS8.NEURAL38_DEPVAR_DM.
      WHERE _TYPE_='TARGET';
NOTE: The data set WORK.NEURAL38_EVENT has 1 observations and 6 variables.
NOTE: DATA statement used (Total process time):
      real time           0.02 seconds
      cpu time            0.03 seconds
      

120097     title9 ' ';
MPRINT(EM_DIAGRAM):   title9 ' ';
120098     proc print data=WORK.Neural38_EVENT noobs label;
MPRINT(EM_DIAGRAM):   proc print data=WORK.Neural38_EVENT noobs label;
120099     var VARIABLE EVENT LEVEL NUMLEVELS ORDER LABEL;
MPRINT(EM_DIAGRAM):   var VARIABLE EVENT LEVEL NUMLEVELS ORDER LABEL;
120100     title9 ' ';
MPRINT(EM_DIAGRAM):   title9 ' ';
120101     title10 "%sysfunc(sasmsg(sashelp.dmine, rpt_modelEvent_title  , NOQUOTE))";
MPRINT(EM_DIAGRAM):   title10 "Model Events";
MPRINT(EM_DIAGRAM):   run;
120102     run;

NOTE: There were 1 observations read from the data set WORK.NEURAL38_EVENT.
NOTE: The PROCEDURE PRINT printed page 93.
NOTE: PROCEDURE PRINT used (Total process time):
      real time           0.00 seconds
      cpu time            0.00 seconds
      

120103     title10;
MPRINT(EM_DIAGRAM):   title10;
"No decisions defined for target "DepVar"." 
120104     proc print data = EMWS8.Neural38_DepVar_DM noobs label;
MPRINT(EM_DIAGRAM):    proc print data = EMWS8.Neural38_DepVar_DM noobs label;
120105     var _type_ variable label;
MPRINT(EM_DIAGRAM):   var _type_ variable label;
120106     where _type_ ^in('MATRIX', 'DECISION', 'TRAINPRIOR', 'DATAPRIOR', 'DECPRIOR');
MPRINT(EM_DIAGRAM):   where _type_ ^in('MATRIX', 'DECISION', 'TRAINPRIOR', 'DATAPRIOR', 
'DECPRIOR');
120107     label _TYPE_ = "%sysfunc(sasmsg(sashelp.dmine, rpt_type_vlabel,     NOQUOTE))"
120107   ! VARIABLE = "%sysfunc(sasmsg(sashelp.dmine, rpt_variable_vlabel, NOQUOTE))" LABEL =
120107   ! "%sysfunc(sasmsg(sashelp.dmine, meta_label_vlabel, NOQUOTE))";
MPRINT(EM_DIAGRAM):   label _TYPE_ = "Type" VARIABLE = "Variable" LABEL = "Label";
120108     title9 ' ';
MPRINT(EM_DIAGRAM):   title9 ' ';
120109     title10 "%sysfunc(sasmsg(sashelp.dmine, rpt_predDecVars_title  , NOQUOTE))";
MPRINT(EM_DIAGRAM):   title10 "Predicted and decision variables";
MPRINT(EM_DIAGRAM):   run;
120110     run;

NOTE: There were 7 observations read from the data set EMWS8.NEURAL38_DEPVAR_DM.
      WHERE _type_ not in ('DATAPRIOR', 'DECISION', 'DECPRIOR', 'MATRIX', 'TRAINPRIOR');
NOTE: The PROCEDURE PRINT printed page 94.
NOTE: PROCEDURE PRINT used (Total process time):
      real time           0.01 seconds
      cpu time            0.01 seconds
      

120111     title10;
MPRINT(EM_DIAGRAM):   title10;
MPRINT(EM_DIAGRAM):    *------------------------------------------------------------*;
MPRINT(EM_DIAGRAM):   * Neural38: Preparing metadata for training;
MPRINT(EM_DIAGRAM):   ;
MPRINT(EM_DIAGRAM):   *------------------------------------------------------------*;
MPRINT(EM_DIAGRAM):   data WORK.M3SVEP65;
MPRINT(EM_DIAGRAM):   set WORK.M3SVEP65;
MPRINT(EM_DIAGRAM):   where(use = 'Y' or (role = 'INPUT' and use = 'D'));
MPRINT(EM_DIAGRAM):   if (role = 'REJECTED') then role = 'INPUT';
MPRINT(EM_DIAGRAM):   run;
120121     data WORK.M3SVEP65;
MPRINT(EM_DIAGRAM):    data WORK.M3SVEP65;
120122     set WORK.M3SVEP65 end=eof;
MPRINT(EM_DIAGRAM):   set WORK.M3SVEP65 end=eof;
120123     output;
MPRINT(EM_DIAGRAM):   output;
120124     if eof then do;
MPRINT(EM_DIAGRAM):   if eof then do;
120125     NAME="";
MPRINT(EM_DIAGRAM):   NAME="";
120126     ROLE="COST";
MPRINT(EM_DIAGRAM):   ROLE="COST";
120127     LEVEL="INTERVAL";
MPRINT(EM_DIAGRAM):   LEVEL="INTERVAL";
120128     TYPE="N";
MPRINT(EM_DIAGRAM):   TYPE="N";
120129     output;
MPRINT(EM_DIAGRAM):   output;
120130     end;
MPRINT(EM_DIAGRAM):   end;
120131     run;
MPRINT(EM_DIAGRAM):   run;

NOTE: There were 26 observations read from the data set WORK.M3SVEP65.
NOTE: The data set WORK.M3SVEP65 has 27 observations and 21 variables.
NOTE: DATA statement used (Total process time):
      real time           0.00 seconds
      cpu time            0.00 seconds
      

NOTE: There were 2 observations read from the data set EMWS8.NEURAL38_DEPVAR_DD.
NOTE: The data set WORK.DEPVAR has 2 observations and 7 variables.
120132     *------------------------------------------------------------*;
MPRINT(EM_DIAGRAM):    *------------------------------------------------------------*;
120133     * Neural38: Create decision matrix;
MPRINT(EM_DIAGRAM):   * Neural38: Create decision matrix;
120134     *------------------------------------------------------------*;
MPRINT(EM_DIAGRAM):   *------------------------------------------------------------*;
120135     data WORK.DepVar;
MPRINT(EM_DIAGRAM):   data WORK.DepVar;
120136       length   DepVar                           $  32
120137                COUNT                                8
120138                DATAPRIOR                            8
120139                TRAINPRIOR                           8
120140                DECPRIOR                             8
120141                DECISION1                            8
120142                DECISION2                            8
120143                ;
MPRINT(EM_DIAGRAM):   length DepVar $ 32 COUNT 8 DATAPRIOR 8 TRAINPRIOR 8 DECPRIOR 8 DECISION1 
8 DECISION2 8 ;
120144     
120145       label    COUNT="Level Counts"
120146                DATAPRIOR="Data Proportions"
120147                TRAINPRIOR="Training Proportions"
120148                DECPRIOR="Decision Priors"
120149                DECISION1="1"
120150                DECISION2="0"
120151                ;
MPRINT(EM_DIAGRAM):   label COUNT= "Level Counts" DATAPRIOR= "Data Proportions" TRAINPRIOR= 
"Training Proportions" DECPRIOR= "Decision Priors" DECISION1= "1" DECISION2= "0" ;
120152       format   COUNT 10.
120153                ;
MPRINT(EM_DIAGRAM):   format COUNT 10. ;
120154     DepVar="1"; COUNT=359; DATAPRIOR=0.0643642072; TRAINPRIOR=0.15122156697556;
120154   ! DECPRIOR=.; DECISION1=1; DECISION2=0;
MPRINT(EM_DIAGRAM):   DepVar="1";
MPRINT(EM_DIAGRAM):   COUNT=359;
MPRINT(EM_DIAGRAM):   DATAPRIOR=0.0643642072;
MPRINT(EM_DIAGRAM):   TRAINPRIOR=0.15122156697556;
MPRINT(EM_DIAGRAM):   DECPRIOR=.;
MPRINT(EM_DIAGRAM):   DECISION1=1;
MPRINT(EM_DIAGRAM):   DECISION2=0;
120155     output;
MPRINT(EM_DIAGRAM):   output;
120156     DepVar="0"; COUNT=2015; DATAPRIOR=0.9356357928; TRAINPRIOR=0.84877843302443;
120156   ! DECPRIOR=.; DECISION1=0; DECISION2=1;
MPRINT(EM_DIAGRAM):   DepVar="0";
MPRINT(EM_DIAGRAM):   COUNT=2015;
MPRINT(EM_DIAGRAM):   DATAPRIOR=0.9356357928;
MPRINT(EM_DIAGRAM):   TRAINPRIOR=0.84877843302443;
MPRINT(EM_DIAGRAM):   DECPRIOR=.;
MPRINT(EM_DIAGRAM):   DECISION1=0;
MPRINT(EM_DIAGRAM):   DECISION2=1;
120157     output;
MPRINT(EM_DIAGRAM):   output;
120158     ;
MPRINT(EM_DIAGRAM):   ;
120159     run;
MPRINT(EM_DIAGRAM):   run;

NOTE: The data set WORK.DEPVAR has 2 observations and 7 variables.
NOTE: DATA statement used (Total process time):
      real time           0.00 seconds
      cpu time            0.00 seconds
      

120160     proc datasets lib=work nolist;
MPRINT(EM_DIAGRAM):   proc datasets lib=work nolist;
120161     modify DepVar(type=PROFIT label=DepVar);
MPRINT(EM_DIAGRAM):   modify DepVar(type=PROFIT label= DepVar);
MPRINT(EM_DIAGRAM):   label DECISION1= '1';
MPRINT(EM_DIAGRAM):   label DECISION2= '0';
MPRINT(EM_DIAGRAM):   run;
120162     label DECISION1= '1';
120163     label DECISION2= '0';
120164     run;

NOTE: MODIFY was successful for WORK.DEPVAR.DATA.
120165     quit;
MPRINT(EM_DIAGRAM):   quit;

NOTE: PROCEDURE DATASETS used (Total process time):
      real time           0.02 seconds
      cpu time            0.01 seconds
      

120166     data EM_Neural38;
MPRINT(EM_DIAGRAM):   data EM_Neural38;
120167     set EMWS8.Meta3_TRAIN(keep=
120168     AcceptedCmp1 AcceptedCmp2 AcceptedCmp3 AcceptedCmp4 AcceptedCmp5
120169     AcceptedCmpTotal Age Complain DepVar Education Frq HigherEducationBinary Income
120170     Kidhome Marital_Status MntFishProducts MntFruits MntGoldProds MntSweetProducts
120171     MonthsAsCustomer NumDealsPurchases NumWebVisitsMonth RFMstat RMntFrq Recency
120172     Teenhome );
MPRINT(EM_DIAGRAM):   set EMWS8.Meta3_TRAIN(keep= AcceptedCmp1 AcceptedCmp2 AcceptedCmp3 
AcceptedCmp4 AcceptedCmp5 AcceptedCmpTotal Age Complain DepVar Education Frq 
HigherEducationBinary Income Kidhome Marital_Status MntFishProducts MntFruits MntGoldProds 
MntSweetProducts MonthsAsCustomer NumDealsPurchases NumWebVisitsMonth RFMstat RMntFrq Recency 
Teenhome );
120173     run;
MPRINT(EM_DIAGRAM):   run;

NOTE: View EMWS8.META3_TRAIN.VIEW used (Total process time):
      real time           0.04 seconds
      cpu time            0.03 seconds
      
NOTE: There were 2374 observations read from the data set EMWS8.PART_TRAIN.
NOTE: There were 2374 observations read from the data set EMWS8.META3_TRAIN.
NOTE: The data set WORK.EM_NEURAL38 has 2374 observations and 26 variables.
NOTE: DATA statement used (Total process time):
      real time           0.06 seconds
      cpu time            0.06 seconds
      

MPRINT(EM_DIAGRAM):   *------------------------------------------------------------* ;
MPRINT(EM_DIAGRAM):   * Neural38: DMDBClass Macro ;
MPRINT(EM_DIAGRAM):   *------------------------------------------------------------* ;
120174     *------------------------------------------------------------* ;
120175     * Neural38: DMDBClass Macro ;
120176     *------------------------------------------------------------* ;
120177     %macro DMDBClass;
120178         AcceptedCmp1(ASC) AcceptedCmp2(ASC) AcceptedCmp3(ASC) AcceptedCmp4(ASC)
120179        AcceptedCmp5(ASC) Complain(ASC) DepVar(DESC) Education(ASC)
120180        HigherEducationBinary(ASC) Marital_Status(ASC)
120181     %mend DMDBClass;
120182     *------------------------------------------------------------* ;
MPRINT(EM_DIAGRAM):   *------------------------------------------------------------* ;
120183     * Neural38: DMDBVar Macro ;
MPRINT(EM_DIAGRAM):   * Neural38: DMDBVar Macro ;
120184     *------------------------------------------------------------* ;
MPRINT(EM_DIAGRAM):   *------------------------------------------------------------* ;
120185     %macro DMDBVar;
120186         AcceptedCmpTotal Age Frq Income Kidhome MntFishProducts MntFruits MntGoldProds
120187        MntSweetProducts MonthsAsCustomer NumDealsPurchases NumWebVisitsMonth RFMstat
120188        RMntFrq Recency Teenhome
120189     %mend DMDBVar;
120190     *------------------------------------------------------------*;
MPRINT(EM_DIAGRAM):   *------------------------------------------------------------*;
120191     * Neural38: Create DMDB;
MPRINT(EM_DIAGRAM):   * Neural38: Create DMDB;
120192     *------------------------------------------------------------*;
MPRINT(EM_DIAGRAM):   *------------------------------------------------------------*;
120193     proc dmdb batch data=WORK.EM_Neural38
120194     dmdbcat=WORK.Neural38_DMDB
120195     maxlevel = 513
120196     ;
MPRINT(EM_DIAGRAM):   proc dmdb batch data=WORK.EM_Neural38 dmdbcat=WORK.Neural38_DMDB 
maxlevel = 513 ;
MPRINT(EM_DIAGRAM):   class
120197     class %DMDBClass;
MPRINT(DMDBCLASS):   AcceptedCmp1(ASC) AcceptedCmp2(ASC) AcceptedCmp3(ASC) AcceptedCmp4(ASC) 
AcceptedCmp5(ASC) Complain(ASC) DepVar(DESC) Education(ASC) HigherEducationBinary(ASC) 
Marital_Status(ASC)
MPRINT(EM_DIAGRAM):  ;
MPRINT(EM_DIAGRAM):   var
120198     var %DMDBVar;
MPRINT(DMDBVAR):   AcceptedCmpTotal Age Frq Income Kidhome MntFishProducts MntFruits 
MntGoldProds MntSweetProducts MonthsAsCustomer NumDealsPurchases NumWebVisitsMonth RFMstat 
RMntFrq Recency Teenhome
MPRINT(EM_DIAGRAM):  ;
120199     target
120200     DepVar
120201     ;
MPRINT(EM_DIAGRAM):   target DepVar ;
120202     run;
MPRINT(EM_DIAGRAM):   run;

NOTE: Records processed = 2374   Memory used = 511K.
NOTE: There were 2374 observations read from the data set WORK.EM_NEURAL38.
NOTE: PROCEDURE DMDB used (Total process time):
      real time           0.01 seconds
      cpu time            0.01 seconds
      

MPRINT(EM_DIAGRAM):   quit;
MPRINT(EM_DIAGRAM):   *--- end code ---*;
120203     quit;
120204     *--- end code ---*;

120205     *------------------------------------------------------------* ;
MPRINT(EM_DIAGRAM):    *------------------------------------------------------------* ;
120206     * Neural38: Interval Input Variables Macro ;
MPRINT(EM_DIAGRAM):   * Neural38: Interval Input Variables Macro ;
120207     *------------------------------------------------------------* ;
MPRINT(EM_DIAGRAM):   *------------------------------------------------------------* ;
120208     %macro INTINPUTS;
120209         AcceptedCmpTotal Age Frq Income Kidhome MntFishProducts MntFruits MntGoldProds
120210        MntSweetProducts MonthsAsCustomer NumDealsPurchases NumWebVisitsMonth RFMstat
120211        RMntFrq Recency Teenhome
120212     %mend INTINPUTS;
120213     *------------------------------------------------------------* ;
MPRINT(EM_DIAGRAM):   *------------------------------------------------------------* ;
120214     * Neural38: Binary Inputs Macro ;
MPRINT(EM_DIAGRAM):   * Neural38: Binary Inputs Macro ;
120215     *------------------------------------------------------------* ;
MPRINT(EM_DIAGRAM):   *------------------------------------------------------------* ;
120216     %macro BININPUTS;
120217         AcceptedCmp1 AcceptedCmp2 AcceptedCmp3 AcceptedCmp4 AcceptedCmp5 Complain
120218        HigherEducationBinary
120219     %mend BININPUTS;
120220     *------------------------------------------------------------* ;
MPRINT(EM_DIAGRAM):   *------------------------------------------------------------* ;
120221     * Neural38: Nominal Inputs Macro ;
MPRINT(EM_DIAGRAM):   * Neural38: Nominal Inputs Macro ;
120222     *------------------------------------------------------------* ;
MPRINT(EM_DIAGRAM):   *------------------------------------------------------------* ;
120223     %macro NOMINPUTS;
120224         Education Marital_Status
120225     %mend NOMINPUTS;
120226     *------------------------------------------------------------* ;
MPRINT(EM_DIAGRAM):   *------------------------------------------------------------* ;
120227     * Neural38: Ordinal Inputs Macro ;
MPRINT(EM_DIAGRAM):   * Neural38: Ordinal Inputs Macro ;
120228     *------------------------------------------------------------* ;
MPRINT(EM_DIAGRAM):   *------------------------------------------------------------* ;
120229     %macro ORDINPUTS;
120230     
120231     %mend ORDINPUTS;
120232     *------------------------------------------------------------*;
MPRINT(EM_DIAGRAM):   *------------------------------------------------------------*;
120233     * Neural Network Training;
MPRINT(EM_DIAGRAM):   * Neural Network Training;
120234     ;
MPRINT(EM_DIAGRAM):   ;
120235     *------------------------------------------------------------*;
MPRINT(EM_DIAGRAM):   *------------------------------------------------------------*;
120236     proc neural data=EM_Neural38 dmdbcat=WORK.Neural38_DMDB
120237     validdata = EMWS8.Meta3_VALIDATE
120238     random=12345
120239     ;
MPRINT(EM_DIAGRAM):   proc neural data=EM_Neural38 dmdbcat=WORK.Neural38_DMDB validdata = 
EMWS8.Meta3_VALIDATE random=12345 ;
120240     nloptions
120241     ;
MPRINT(EM_DIAGRAM):   nloptions ;
120242     performance alldetails noutilfile;
MPRINT(EM_DIAGRAM):   performance alldetails noutilfile;
120243     netopts
120244     decay=0;
MPRINT(EM_DIAGRAM):   netopts decay=0;
MPRINT(EM_DIAGRAM):   input
120245     input %INTINPUTS / level=interval id=intvl
MPRINT(INTINPUTS):   AcceptedCmpTotal Age Frq Income Kidhome MntFishProducts MntFruits 
MntGoldProds MntSweetProducts MonthsAsCustomer NumDealsPurchases NumWebVisitsMonth RFMstat 
RMntFrq Recency Teenhome
120246     ;
MPRINT(EM_DIAGRAM):   / level=interval id=intvl ;
MPRINT(EM_DIAGRAM):   input
120247     input %BININPUTS / level=nominal id=bin
MPRINT(BININPUTS):   AcceptedCmp1 AcceptedCmp2 AcceptedCmp3 AcceptedCmp4 AcceptedCmp5 Complain 
HigherEducationBinary
120248     ;
MPRINT(EM_DIAGRAM):   / level=nominal id=bin ;
MPRINT(EM_DIAGRAM):   input
120249     input %NOMINPUTS / level=nominal id=nom
MPRINT(NOMINPUTS):   Education Marital_Status
120250     ;
MPRINT(EM_DIAGRAM):   / level=nominal id=nom ;
120251     target DepVar / level=NOMINAL id=DepVar
120252     bias
120253     ;
MPRINT(EM_DIAGRAM):   target DepVar / level=NOMINAL id=DepVar bias ;
120254     arch MLP
120255     Hidden=3
120256     ;
MPRINT(EM_DIAGRAM):   arch MLP Hidden=3 ;
120257     Prelim 5 preiter=10
120258     pretime=3600
120259     Outest=EMWS8.Neural38_PRELIM_OUTEST
120260     ;
MPRINT(EM_DIAGRAM):   Prelim 5 preiter=10 pretime=3600 Outest=EMWS8.Neural38_PRELIM_OUTEST ;
NOTE:  Synchronizing the objectives and the Solution.
NOTE: LEVMAR Optimization cannot be completed.
NOTE: LEVMAR needs more than 10 iterations or 2147483647 function calls.
NOTE: LEVMAR Optimization cannot be completed.
NOTE: LEVMAR needs more than 10 iterations or 2147483647 function calls.
NOTE: LEVMAR Optimization cannot be completed.
NOTE: LEVMAR needs more than 10 iterations or 2147483647 function calls.
NOTE: LEVMAR Optimization cannot be completed.
NOTE: LEVMAR needs more than 10 iterations or 2147483647 function calls.
NOTE: LEVMAR Optimization cannot be completed.
NOTE: LEVMAR needs more than 10 iterations or 2147483647 function calls.
NOTE: The data set EMWS8.NEURAL38_PRELIM_OUTEST has 11 observations and 115 variables.
120261     save network=EMWS8.Neural38_NETWORK.dm_neural;
MPRINT(EM_DIAGRAM):   save network=EMWS8.Neural38_NETWORK.dm_neural;
NOTE: Creating a new Catalogue with entry EMWS8.NEURAL38_NETWORK.DM_NEURAL.
NOTE: Entry EMWS8.NEURAL38_NETWORK.DM_NEURAL has been opened.
NOTE: Entry EMWS8.NEURAL38_NETWORK.DM_NEURAL has been closed.
120262     train Maxiter=50
120263     maxtime=14400
120264     Outest=EMWS8.Neural38_outest estiter=1
120265     Outfit=EMWS8.Neural38_OUTFIT
120266     ;
MPRINT(EM_DIAGRAM):   train Maxiter=50 maxtime=14400 Outest=EMWS8.Neural38_outest estiter=1 
Outfit=EMWS8.Neural38_OUTFIT ;
NOTE: Convergence criterion (FCONV=0.0001) satisfied.
NOTE: The data set EMWS8.NEURAL38_OUTEST has 133 observations and 115 variables.
NOTE: The data set EMWS8.NEURAL38_OUTFIT has 64 observations and 36 variables.
120267     run;
MPRINT(EM_DIAGRAM):   run;

NOTE: The data set WORK.EM_NEURAL38 has 2374 observations and 26 variables.
NOTE: The data set EMWS8.META3_VALIDATE has . observations and 45 variables.
NOTE: View EMWS8.META3_VALIDATE.VIEW used (Total process time):
      real time           17.02 seconds
      cpu time            16.95 seconds
      
NOTE: There were 1018 observations read from the data set EMWS8.PART_VALIDATE.
NOTE: Closing the Neural Application.
NOTE: The PROCEDURE NEURAL printed pages 95-98.
NOTE: PROCEDURE NEURAL used (Total process time):
      real time           17.04 seconds
      cpu time            16.98 seconds
      

MPRINT(EM_DIAGRAM):   quit;
120268     quit;

120269     proc sort data=EMWS8.Neural38_OUTFIT(where=(_iter_ ne . and _NAME_="OVERALL"))
120269   ! out=fit_Neural38;
MPRINT(EM_DIAGRAM):    proc sort data=EMWS8.Neural38_OUTFIT(where=(_iter_ ne . and 
_NAME_="OVERALL")) out=fit_Neural38;
120270     by _VAVERR_;
MPRINT(EM_DIAGRAM):   by _VAVERR_;
120271     run;
MPRINT(EM_DIAGRAM):   run;

NOTE: There were 32 observations read from the data set EMWS8.NEURAL38_OUTFIT.
      WHERE (_iter_ not = .) and (_NAME_='OVERALL');
NOTE: The data set WORK.FIT_NEURAL38 has 32 observations and 36 variables.
NOTE: PROCEDURE SORT used (Total process time):
      real time           0.01 seconds
      cpu time            0.01 seconds
      

120272     %GLOBAL ITER;
120273     data _null_;
MPRINT(EM_DIAGRAM):   data _null_;
120274     set fit_Neural38(obs=1);
MPRINT(EM_DIAGRAM):   set fit_Neural38(obs=1);
120275     call symput('ITER',put(_ITER_, 6.));
MPRINT(EM_DIAGRAM):   call symput('ITER',put(_ITER_, 6.));
120276     run;
MPRINT(EM_DIAGRAM):   run;

NOTE: There were 1 observations read from the data set WORK.FIT_NEURAL38.
NOTE: DATA statement used (Total process time):
      real time           0.00 seconds
      cpu time            0.00 seconds
      

120277     data EMWS8.Neural38_INITIAL;
MPRINT(EM_DIAGRAM):   data EMWS8.Neural38_INITIAL;
120278     set EMWS8.Neural38_outest(where=(_ITER_ eq &ITER and _OBJ_ ne .));
MPRINT(EM_DIAGRAM):   set EMWS8.Neural38_outest(where=(_ITER_ eq 30 and _OBJ_ ne .));
120279     run;
MPRINT(EM_DIAGRAM):   run;

NOTE: There were 2 observations read from the data set EMWS8.NEURAL38_OUTEST.
      WHERE (_ITER_=30) and (_OBJ_ not = .);
NOTE: The data set EMWS8.NEURAL38_INITIAL has 2 observations and 115 variables.
NOTE: DATA statement used (Total process time):
      real time           0.00 seconds
      cpu time            0.01 seconds
      

120280     *------------------------------------------------------------*;
MPRINT(EM_DIAGRAM):    *------------------------------------------------------------*;
120281     * Neural Network Model Selection;
MPRINT(EM_DIAGRAM):   * Neural Network Model Selection;
120282     ;
MPRINT(EM_DIAGRAM):   ;
120283     *------------------------------------------------------------*;
MPRINT(EM_DIAGRAM):   *------------------------------------------------------------*;
120284     proc neural data=EM_Neural38 dmdbcat=WORK.Neural38_DMDB
120285     validdata = EMWS8.Meta3_VALIDATE
120286     network = EMWS8.Neural38_NETWORK.dm_neural
120287     random=12345
120288     ;
MPRINT(EM_DIAGRAM):   proc neural data=EM_Neural38 dmdbcat=WORK.Neural38_DMDB validdata = 
EMWS8.Meta3_VALIDATE network = EMWS8.Neural38_NETWORK.dm_neural random=12345 ;
NOTE: Entry EMWS8.NEURAL38_NETWORK.DM_NEURAL has been opened.
NOTE: Entry EMWS8.NEURAL38_NETWORK.DM_NEURAL has been closed.
120289     nloptions noprint;
MPRINT(EM_DIAGRAM):   nloptions noprint;
120290     performance alldetails noutilfile;
MPRINT(EM_DIAGRAM):   performance alldetails noutilfile;
120291     initial inest=EMWS8.Neural38_INITIAL;
MPRINT(EM_DIAGRAM):   initial inest=EMWS8.Neural38_INITIAL;
NOTE: The data set EMWS8.NEURAL38_INITIAL has 2 observations and 115 variables.
120292     train tech=NONE;
MPRINT(EM_DIAGRAM):   train tech=NONE;
NOTE: No optimization performed.
120293     code file="C:\\predictive-models-project\Workspaces\EMWS8\Neural38\SCORECODE.sas"
120294     group=Neural38
120295     ;
MPRINT(EM_DIAGRAM):   code 
file="C:\\predictive-models-project\Workspaces\EMWS8\Neural38\SCORECODE.sas" group=Neural38 ;
NOTE: External file C:\\predictive-models-project\Workspaces\EMWS8\Neural38\SCORECODE.sas 
      opened.
120296     ;
MPRINT(EM_DIAGRAM):   ;
120297     code
120297   ! file="C:\\predictive-models-project\Workspaces\EMWS8\Neural38\RESIDUALSCORECODE.sas"
120298     group=Neural38
120299     residual
120300     ;
MPRINT(EM_DIAGRAM):   code 
file="C:\\predictive-models-project\Workspaces\EMWS8\Neural38\RESIDUALSCORECODE.sas" 
group=Neural38 residual ;
NOTE: External file 
      C:\\predictive-models-project\Workspaces\EMWS8\Neural38\RESIDUALSCORECODE.sas opened.
120301     ;
MPRINT(EM_DIAGRAM):   ;
120302     score data=EMWS8.Meta3_TRAIN out=_NULL_
NOTE: View EMWS8.META3_TRAIN.VIEW used (Total process time):
      real time           0.05 seconds
      cpu time            0.06 seconds
      
120303     outfit=WORK.FIT1
120304     role=TRAIN
120305     outkey=EMWS8.Neural38_OUTKEY;
MPRINT(EM_DIAGRAM):   score data=EMWS8.Meta3_TRAIN out=_NULL_ outfit=WORK.FIT1 role=TRAIN 
outkey=EMWS8.Neural38_OUTKEY;
NOTE: The data set EMWS8.NEURAL38_OUTKEY has 46 observations and 8 variables.
NOTE: The data set EMWS8.META3_TRAIN has . observations and 45 variables.
NOTE: There were 2374 observations read from the data set EMWS8.PART_TRAIN.
NOTE: The data set WORK.FIT1 has 2 observations and 23 variables.
120306     score data=EMWS8.Meta3_VALIDATE out=_NULL_
NOTE: View EMWS8.META3_VALIDATE.VIEW used (Total process time):
      real time           0.05 seconds
      cpu time            0.06 seconds
      
120307     outfit=WORK.FIT2
120308     role=VALID
120309     outkey=EMWS8.Neural38_OUTKEY;
MPRINT(EM_DIAGRAM):   score data=EMWS8.Meta3_VALIDATE out=_NULL_ outfit=WORK.FIT2 role=VALID 
outkey=EMWS8.Neural38_OUTKEY;
NOTE: The data set EMWS8.NEURAL38_OUTKEY has 46 observations and 8 variables.
NOTE: The data set EMWS8.META3_VALIDATE has . observations and 45 variables.
NOTE: There were 1018 observations read from the data set EMWS8.PART_VALIDATE.
NOTE: The data set WORK.FIT2 has 2 observations and 15 variables.
120310     run;
MPRINT(EM_DIAGRAM):   run;

NOTE: The data set WORK.EM_NEURAL38 has 2374 observations and 26 variables.
NOTE: The data set EMWS8.META3_VALIDATE has . observations and 45 variables.
NOTE: View EMWS8.META3_VALIDATE.VIEW used (Total process time):
      real time           0.71 seconds
      cpu time            0.68 seconds
      
NOTE: There were 1018 observations read from the data set EMWS8.PART_VALIDATE.
NOTE: Closing the Neural Application.
NOTE: PROCEDURE NEURAL used (Total process time):
      real time           0.73 seconds
      cpu time            0.70 seconds
      

MPRINT(EM_DIAGRAM):   quit;
120311     quit;
120312     data EMWS8.Neural38_OUTFIT;
MPRINT(EM_DIAGRAM):   data EMWS8.Neural38_OUTFIT;
120313     merge WORK.FIT1 WORK.FIT2;
MPRINT(EM_DIAGRAM):   merge WORK.FIT1 WORK.FIT2;
120314     run;
MPRINT(EM_DIAGRAM):   run;

NOTE: There were 2 observations read from the data set WORK.FIT1.
NOTE: There were 2 observations read from the data set WORK.FIT2.
NOTE: The data set EMWS8.NEURAL38_OUTFIT has 2 observations and 36 variables.
NOTE: DATA statement used (Total process time):
      real time           0.00 seconds
      cpu time            0.01 seconds
      

120315     data EMWS8.Neural38_EMESTIMATE;
MPRINT(EM_DIAGRAM):   data EMWS8.Neural38_EMESTIMATE;
120316     set EMWS8.Neural38_outest;
MPRINT(EM_DIAGRAM):   set EMWS8.Neural38_outest;
120317     if _type_ ^in('HESSIAN' 'GRAD');
MPRINT(EM_DIAGRAM):   if _type_ ^in('HESSIAN' 'GRAD');
120318     run;
MPRINT(EM_DIAGRAM):   run;

NOTE: There were 133 observations read from the data set EMWS8.NEURAL38_OUTEST.
NOTE: The data set EMWS8.NEURAL38_EMESTIMATE has 32 observations and 115 variables.
NOTE: DATA statement used (Total process time):
      real time           0.00 seconds
      cpu time            0.00 seconds
      

120319     proc datasets lib=work nolist;
MPRINT(EM_DIAGRAM):   proc datasets lib=work nolist;
120320     delete EM_Neural38;
MPRINT(EM_DIAGRAM):   delete EM_Neural38;
120321     run;
MPRINT(EM_DIAGRAM):   run;

NOTE: Deleting WORK.EM_NEURAL38 (memtype=DATA).
120322     quit;
MPRINT(EM_DIAGRAM):   quit;

NOTE: PROCEDURE DATASETS used (Total process time):
      real time           0.03 seconds
      cpu time            0.04 seconds
      

120323     data EMWS8.Neural38_PLOTDS(where=(_iter_ ne . and _NAME_="OVERALL"));
MPRINT(EM_DIAGRAM):    data EMWS8.Neural38_PLOTDS(where=(_iter_ ne . and _NAME_="OVERALL"));
120324     set fit_Neural38;
MPRINT(EM_DIAGRAM):   set fit_Neural38;
120325     attrib _ITER_ label="%sysfunc(sasmsg(sashelp.dmine, rpt_trainiterations_vlabel  ,
120325   ! NOQUOTE))";
MPRINT(EM_DIAGRAM):   attrib _ITER_ label="Training Iterations";
120326     attrib _NAME_ label="%sysfunc(sasmsg(sashelp.dmine, rpt_varsel_label_name  ,
120326   ! NOQUOTE))";
MPRINT(EM_DIAGRAM):   attrib _NAME_ label="Name";
120327     run;
MPRINT(EM_DIAGRAM):   run;

NOTE: There were 32 observations read from the data set WORK.FIT_NEURAL38.
NOTE: The data set EMWS8.NEURAL38_PLOTDS has 32 observations and 36 variables.
NOTE: DATA statement used (Total process time):
      real time           0.01 seconds
      cpu time            0.01 seconds
      

120328     proc sort data=EMWS8.Neural38_PLOTDS;
MPRINT(EM_DIAGRAM):   proc sort data=EMWS8.Neural38_PLOTDS;
120329     by _ITER_;
MPRINT(EM_DIAGRAM):   by _ITER_;
The SAS System

120330     run;
MPRINT(EM_DIAGRAM):   run;

NOTE: There were 32 observations read from the data set EMWS8.NEURAL38_PLOTDS.
NOTE: The data set EMWS8.NEURAL38_PLOTDS has 32 observations and 36 variables.
NOTE: PROCEDURE SORT used (Total process time):
      real time           0.00 seconds
      cpu time            0.01 seconds
      

120331     data tempweight (drop= _tech_ _decay_ _seed_ _nobj_ _obj_ _objerr_ _averr_ _p_num_
120331   ! where=(_type_ eq "PARMS" and _iter_ eq 30) );
MPRINT(EM_DIAGRAM):    data tempweight (drop= _tech_ _decay_ _seed_ _nobj_ _obj_ _objerr_ 
_averr_ _p_num_ where=(_type_ eq "PARMS" and _iter_ eq 30) );
120332     set EMWS8.Neural38_EMESTIMATE;
MPRINT(EM_DIAGRAM):   set EMWS8.Neural38_EMESTIMATE;
120333     run;
MPRINT(EM_DIAGRAM):   run;

NOTE: There were 32 observations read from the data set EMWS8.NEURAL38_EMESTIMATE.
NOTE: The data set WORK.TEMPWEIGHT has 2 observations and 107 variables.
NOTE: DATA statement used (Total process time):
      real time           0.00 seconds
      cpu time            0.00 seconds
      

120334     proc sort;
MPRINT(EM_DIAGRAM):   proc sort;
120335     by _name_;
MPRINT(EM_DIAGRAM):   by _name_;
120336     run;
MPRINT(EM_DIAGRAM):   run;

NOTE: There were 2 observations read from the data set WORK.TEMPWEIGHT.
NOTE: The data set WORK.TEMPWEIGHT has 2 observations and 107 variables.
NOTE: PROCEDURE SORT used (Total process time):
      real time           0.01 seconds
      cpu time            0.01 seconds
      

120337     proc transpose data=tempweight out=EMWS8.Neural38_WEIGHTDS;
MPRINT(EM_DIAGRAM):   proc transpose data=tempweight out=EMWS8.Neural38_WEIGHTDS;
120338     by _name_;
MPRINT(EM_DIAGRAM):   by _name_;
120339     run;
MPRINT(EM_DIAGRAM):   run;

NOTE: There were 2 observations read from the data set WORK.TEMPWEIGHT.
NOTE: The data set EMWS8.NEURAL38_WEIGHTDS has 210 observations and 3 variables.
NOTE: PROCEDURE TRANSPOSE used (Total process time):
      real time           0.01 seconds
      cpu time            0.01 seconds
      

120340     data EMWS8.Neural38_WEIGHTDS;
MPRINT(EM_DIAGRAM):   data EMWS8.Neural38_WEIGHTDS;
120341     set EMWS8.Neural38_WEIGHTDS;
MPRINT(EM_DIAGRAM):   set EMWS8.Neural38_WEIGHTDS;
120342     FROM = trim(left(scan(_LABEL_, 1, '->')));
MPRINT(EM_DIAGRAM):   FROM = trim(left(scan(_LABEL_, 1, '->')));
120343     TO = trim(left(scan(_LABEL_, 2, '>')));
MPRINT(EM_DIAGRAM):   TO = trim(left(scan(_LABEL_, 2, '>')));
120344     WEIGHT = COL1;
MPRINT(EM_DIAGRAM):   WEIGHT = COL1;
120345     if (TO eq '') or (FROM eq '') then delete;
MPRINT(EM_DIAGRAM):   if (TO eq '') or (FROM eq '') then delete;
120346     label _LABEL_ ="%sysfunc(sasmsg(sashelp.dmine, meta_label_vlabel  , NOQUOTE))" FROM
120346   ! = "%sysfunc(sasmsg(sashelp.dmine, rpt_from_vlabel  , NOQUOTE))" TO =
120346   ! "%sysfunc(sasmsg(sashelp.dmine, rpt_into_vlabel  , NOQUOTE))" WEIGHT =
120347        "%sysfunc(sasmsg(sashelp.dmine, rpt_weight_vlabel  , NOQUOTE))";
MPRINT(EM_DIAGRAM):   label _LABEL_ = "Label" FROM = "From" TO = "Into" WEIGHT = "Weight";
120348     keep FROM TO WEIGHT _LABEL_;
MPRINT(EM_DIAGRAM):   keep FROM TO WEIGHT _LABEL_;
120349     run;
MPRINT(EM_DIAGRAM):   run;

NOTE: There were 210 observations read from the data set EMWS8.NEURAL38_WEIGHTDS.
NOTE: The data set EMWS8.NEURAL38_WEIGHTDS has 200 observations and 4 variables.
NOTE: DATA statement used (Total process time):
      real time           0.02 seconds
      cpu time            0.01 seconds
      

120350     proc sort data=EMWS8.Neural38_WEIGHTDS nodupkey;
MPRINT(EM_DIAGRAM):   proc sort data=EMWS8.Neural38_WEIGHTDS nodupkey;
120351     by _LABEL_;
MPRINT(EM_DIAGRAM):   by _LABEL_;
120352     run;
MPRINT(EM_DIAGRAM):   run;

NOTE: There were 200 observations read from the data set EMWS8.NEURAL38_WEIGHTDS.
NOTE: 100 observations with duplicate key values were deleted.
NOTE: The data set EMWS8.NEURAL38_WEIGHTDS has 100 observations and 4 variables.
NOTE: PROCEDURE SORT used (Total process time):
      real time           0.01 seconds
      cpu time            0.00 seconds
      

MPRINT(EM_DIAGRAM):    proc printto;
MPRINT(EM_DIAGRAM):   run;
