MPRINT(EM_DIAGRAM):    data _null_;
MPRINT(EM_DIAGRAM):   call symput('NLDATE', strip(put(date(), NLDATE.)));
MPRINT(EM_DIAGRAM):   call symput('NLTIME', strip(put(datetime(), NLTIME.)));
MPRINT(EM_DIAGRAM):   run;
MPRINT(EM_DIAGRAM):   data _null_;
MPRINT(EM_DIAGRAM):   nldate= sasmsg("sashelp.dmine", "log_date_note", 'N', "19. April 2016" );
MPRINT(EM_DIAGRAM):   nltime= sasmsg("sashelp.dmine", "log_time_note", 'N', "11.01 Uhr" );
MPRINT(EM_DIAGRAM):   put "*------------------------------------------------------------*";
MPRINT(EM_DIAGRAM):   put "* Report Log";
MPRINT(EM_DIAGRAM):   put nldate;
MPRINT(EM_DIAGRAM):   put nltime;
MPRINT(EM_DIAGRAM):   put "*------------------------------------------------------------*";
MPRINT(EM_DIAGRAM):   run;
*------------------------------------------------------------*
* Report Log
Date:                19. April 2016
Time:                11.01 Uhr
*------------------------------------------------------------*
MPRINT(EM_DIAGRAM):    filename O06IT38J "C:\\predictive-models-project\Workspaces\EMWS8\PRINCOMP\EMREPORT.out" encoding="UTF-8" NOBOM;
MPRINT(EM_DIAGRAM):   proc printto print=O06IT38J new;
MPRINT(EM_DIAGRAM):   run;
70116      %em_getActionStatus(emlib=EMWS8, nodeid=PRINCOMP);
MPRINT(EM_DIAGRAM):   
MPRINT(EM_GETACTIONSTATUS):   proc display c=sashelp.emutil.getactionstatus.scl;
MPRINT(EM_GETACTIONSTATUS):   run;

70117      %let em_Train = Y;
70118      %let em_Report = Y;
70119      %let em_Score = Y;
70120      %let em_Run = Y;
NOTE: PROCEDURE DISPLAY used (Total process time):
      real time           0.00 seconds
      cpu time            0.01 seconds
      

MPRINT(EM_GETACTIONSTATUS):   
MPRINT(EM_DIAGRAM):  ;

MPRINT(EM_DIAGRAM):    proc printto;
MPRINT(EM_DIAGRAM):   run;
