 
                                                                                               
 
 
Fit Statistics

Target=DepVar Target Label=DepVar

   Fit
Statistics    Statistics Label                     Train    Validation

 _DFT_        Total Degrees of Freedom           2374.00          .   
 _DFE_        Degrees of Freedom for Error       2289.00          .   
 _DFM_        Model Degrees of Freedom             85.00          .   
 _NW_         Number of Estimated Weights          85.00          .   
 _AIC_        Akaike's Information Criterion     1347.55          .   
 _SBC_        Schwarz's Bayesian Criterion       1838.20          .   
 _ASE_        Average Squared Error                 0.08         0.09 
 _MAX_        Maximum Absolute Error                0.99         1.00 
 _DIV_        Divisor for ASE                    4748.00      2036.00 
 _NOBS_       Sum of Frequencies                 2374.00      1018.00 
 _RASE_       Root Average Squared Error            0.27         0.30 
 _SSE_        Sum of Squared Errors               357.41       187.12 
 _SUMW_       Sum of Case Weights Times Freq     4748.00      2036.00 
 _FPE_        Final Prediction Error                0.08          .   
 _MSE_        Mean Squared Error                    0.08         0.09 
 _RFPE_       Root Final Prediction Error           0.28          .   
 _RMSE_       Root Mean Squared Error               0.28         0.30 
 _AVERR_      Average Error Function                0.25         0.30 
 _ERR_        Error Function                     1177.55       607.32 
 _MISC_       Misclassification Rate                0.10         0.13 
 _WRONG_      Number of Wrong Classifications     243.00       131.00 
 
                                                                                               
 
 
Classification Table

Data Role=TRAIN Target Variable=DepVar Target Label=DepVar

                       Target        Outcome     Frequency       Total
Target    Outcome    Percentage    Percentage      Count      Percentage

  0          0         91.5183       96.9231        1953        82.2662 
  1          0          8.4817       50.4178         181         7.6243 
  0          1         25.8333        3.0769          62         2.6116 
  1          1         74.1667       49.5822         178         7.4979 


Data Role=VALIDATE Target Variable=DepVar Target Label=DepVar

                       Target        Outcome     Frequency       Total
Target    Outcome    Percentage    Percentage      Count      Percentage

  0          0         89.6104       95.9444        828         81.3360 
  1          0         10.3896       61.9355         96          9.4303 
  0          1         37.2340        4.0556         35          3.4381 
  1          1         62.7660       38.0645         59          5.7957 
 
                                                                                               
 
 
Event Classification Table

Data Role=TRAIN Target=DepVar Target Label=DepVar

  False       True        False       True
Negative    Negative    Positive    Positive

   181        1953         62          178  


Data Role=VALIDATE Target=DepVar Target Label=DepVar

  False       True        False       True
Negative    Negative    Positive    Positive

   96          828         35          59   
 
                                                                                               
 
 
Assessment Score Rankings

Data Role=TRAIN Target Variable=DepVar Target Label=DepVar

                                                                                    Mean
                            Cumulative       %      Cumulative     Number of     Posterior
Depth      Gain     Lift       Lift      Response   % Response   Observations   Probability

   5    461.256   5.61256     5.61256     84.8739     84.8739         119         0.84708  
  10    391.793   4.22331     4.91793     63.8655     74.3697         119         0.61581  
  15    326.036   2.94520     4.26036     44.5378     64.4258         119         0.42430  
  20    273.102   2.12955     3.73102     32.2034     56.4211         118         0.29349  
  25    222.848   1.22254     3.22848     18.4874     48.8215         119         0.21110  
  30    185.659   1.00026     2.85659     15.1261     43.1978         119         0.15160  
  35    156.237   0.78457     2.56237     11.8644     38.7485         118         0.11501  
  40    129.708   0.44456     2.29708      6.7227     34.7368         119         0.09190  
  45    110.323   0.55570     2.10323      8.4034     31.8054         119         0.07096  
  50     92.201   0.28020     1.92201      4.2373     29.0649         118         0.05303  
  55     75.194   0.05557     1.75194      0.8403     26.4931         119         0.04209  
  60     62.884   0.27785     1.62884      4.2017     24.6316         119         0.03186  
  65     52.043   0.22228     1.52043      3.3613     22.9922         119         0.02449  
  70     41.646   0.05604     1.41646      0.8475     21.4200         118         0.01908  
  75     33.296   0.16671     1.33296      2.5210     20.1572         119         0.01321  
  80     24.947   0.00000     1.24947      0.0000     18.8947         119         0.00810  
  85     17.641   0.00000     1.17641      0.0000     17.7899         118         0.00433  
  90     11.090   0.00000     1.11090      0.0000     16.7993         119         0.00202  
  95      5.230   0.00000     1.05230      0.0000     15.9131         119         0.00074  
 100      0.000   0.00000     1.00000      0.0000     15.1222         118         0.00020  


Data Role=VALIDATE Target Variable=DepVar Target Label=DepVar

                                                                                    Mean
                            Cumulative       %      Cumulative     Number of     Posterior
Depth      Gain     Lift       Lift      Response   % Response   Observations   Probability

   5    350.727   4.50727     4.50727     68.6275     68.6275         51          0.81578  
  10    305.655   3.60582     4.05655     54.9020     61.7647         51          0.57623  
  15    264.875   2.83314     3.64875     43.1373     55.5556         51          0.40030  
  20    228.387   2.18925     3.28387     33.3333     50.0000         51          0.27616  
  25    196.192   1.67413     2.96192     25.4902     45.0980         51          0.19197  
  30    168.290   1.28779     2.68290     19.6078     40.8497         51          0.14248  
  35    144.681   1.03023     2.44681     15.6863     37.2549         51          0.11054  
  40    118.925   0.38634     2.18925      5.8824     33.3333         51          0.08579  
  45    101.754   0.64390     2.01754      9.8039     30.7190         51          0.06517  
  50     85.806   0.39406     1.85806      6.0000     28.2908         50          0.05188  
  55     72.403   0.38634     1.72403      5.8824     26.2500         51          0.04342  
  60     60.163   0.25756     1.60163      3.9216     24.3863         51          0.03381  
  65     49.808   0.25756     1.49808      3.9216     22.8097         51          0.02576  
  70     40.014   0.12878     1.40014      1.9608     21.3184         51          0.01993  
  75     31.527   0.12878     1.31527      1.9608     20.0262         51          0.01337  
  80     23.296   0.00000     1.23296      0.0000     18.7730         51          0.00807  
  85     17.552   0.25756     1.17552      3.9216     17.8984         51          0.00403  
  90     11.014   0.00000     1.11014      0.0000     16.9029         51          0.00167  
  95      5.165   0.00000     1.05165      0.0000     16.0124         51          0.00067  
 100      0.000   0.00000     1.00000      0.0000     15.2259         50          0.00017  
 
                                                                                               
 
 
Assessment Score Distribution

Data Role=TRAIN Target Variable=DepVar Target Label=DepVar

 Posterior     Number                     Mean
Probability      of      Number of     Posterior
   Range       Events    Nonevents    Probability    Percentage

 0.95-1.00        3            0        0.95294         0.1264 
 0.90-0.95       23            0        0.92214         0.9688 
 0.85-0.90       30            8        0.87928         1.6007 
 0.80-0.85       19            2        0.82786         0.8846 
 0.75-0.80       17            4        0.77618         0.8846 
 0.70-0.75       17            8        0.73020         1.0531 
 0.65-0.70       21           11        0.67513         1.3479 
 0.60-0.65       17            6        0.62350         0.9688 
 0.55-0.60       13           15        0.57446         1.1794 
 0.50-0.55       18            8        0.52455         1.0952 
 0.45-0.50       13           20        0.47769         1.3901 
 0.40-0.45       26           18        0.42445         1.8534 
 0.35-0.40       14           28        0.37496         1.7692 
 0.30-0.35       13           36        0.32108         2.0640 
 0.25-0.30       24           41        0.27229         2.7380 
 0.20-0.25       16           62        0.22525         3.2856 
 0.15-0.20       14           85        0.17453         4.1702 
 0.10-0.15       25          176        0.12143         8.4667 
 0.05-0.10       22          282        0.07260        12.8054 
 0.00-0.05       14         1205        0.01551        51.3479 


Data Role=VALIDATE Target Variable=DepVar Target Label=DepVar

 Posterior     Number                     Mean
Probability      of      Number of     Posterior
   Range       Events    Nonevents    Probability    Percentage

 0.90-0.95        8           2         0.92733         0.9823 
 0.85-0.90        5           1         0.88021         0.5894 
 0.80-0.85        5           4         0.82691         0.8841 
 0.75-0.80       12           2         0.78353         1.3752 
 0.70-0.75        4           5         0.72900         0.8841 
 0.65-0.70        7           5         0.67385         1.1788 
 0.60-0.65        6           7         0.62545         1.2770 
 0.55-0.60        4           4         0.57548         0.7859 
 0.50-0.55        8           5         0.52326         1.2770 
 0.45-0.50       10           5         0.47061         1.4735 
 0.40-0.45        9          12         0.42421         2.0629 
 0.35-0.40        5          12         0.36750         1.6699 
 0.30-0.35        6          14         0.32736         1.9646 
 0.25-0.30        7          16         0.27338         2.2593 
 0.20-0.25       13          18         0.22167         3.0452 
 0.15-0.20        9          38         0.17543         4.6169 
 0.10-0.15       15          65         0.12473         7.8585 
 0.05-0.10       10         139         0.07112        14.6365 
 0.00-0.05       12         509         0.01590        51.1788 
