 
                                                                                               
 
 
Fit Statistics

Target=DepVar Target Label=DepVar

   Fit
Statistics    Statistics Label                     Train    Validation

 _ASE_        Average Squared Error                 0.04         0.05 
 _DIV_        Divisor for ASE                    4748.00      2036.00 
 _MAX_        Maximum Absolute Error                1.00         1.00 
 _NOBS_       Sum of Frequencies                 2374.00      1018.00 
 _RASE_       Root Average Squared Error            0.21         0.22 
 _SSE_        Sum of Squared Errors               206.77        96.38 
 _DISF_       Frequency of Classified Cases      2374.00      1018.00 
 _MISC_       Misclassification Rate                0.06         0.07 
 _WRONG_      Number of Wrong Classifications     136.00        68.00 
 
                                                                                               
 
 
Classification Table

Data Role=TRAIN Target Variable=DepVar Target Label=DepVar

                       Target        Outcome     Frequency       Total
Target    Outcome    Percentage    Percentage      Count      Percentage

  0          0         95.8516       97.4690        1964        82.7296 
  1          0          4.1484       23.6769          85         3.5805 
  0          1         15.6923        2.5310          51         2.1483 
  1          1         84.3077       76.3231         274        11.5417 


Data Role=VALIDATE Target Variable=DepVar Target Label=DepVar

                       Target        Outcome     Frequency       Total
Target    Outcome    Percentage    Percentage      Count      Percentage

  0          0         95.1192       97.1031        838         82.3183 
  1          0          4.8808       27.7419         43          4.2240 
  0          1         18.2482        2.8969         25          2.4558 
  1          1         81.7518       72.2581        112         11.0020 
 
                                                                                               
 
 
Event Classification Table

Data Role=TRAIN Target=DepVar Target Label=DepVar

  False       True        False       True
Negative    Negative    Positive    Positive

   85         1964         51          274  


Data Role=VALIDATE Target=DepVar Target Label=DepVar

  False       True        False       True
Negative    Negative    Positive    Positive

   43          838         25          112  
 
                                                                                               
 
 
Assessment Score Rankings

Data Role=TRAIN Target Variable=DepVar Target Label=DepVar

                                                                                    Mean
                            Cumulative       %      Cumulative     Number of     Posterior
Depth      Gain     Lift       Lift      Response   % Response   Observations   Probability

   5    539.053   6.39053     6.39053     96.6387     96.6387         119         0.96048  
  10    508.490   5.77927     6.08490     87.3950     92.0168         119         0.89343  
  15    439.028   4.00103     5.39028     60.5042     81.5126         119         0.69951  
  20    345.495   1.62518     4.45495     24.5763     67.3684         118         0.30051  
  25    279.624   1.16697     3.79624     17.6471     57.4074         119         0.13709  
  30    225.540   0.55570     3.25540      8.4034     49.2286         119         0.07338  
  35    180.905   0.11208     2.80905      1.6949     42.4789         118         0.03947  
  40    148.503   0.22228     2.48503      3.3613     37.5789         119         0.02040  
  45    120.840   0.00000     2.20840      0.0000     33.3957         119         0.01112  
  50     98.886   0.00000     1.98886      0.0000     30.0758         118         0.00609  
  55     81.270   0.05557     1.81270      0.8403     27.4119         119         0.00337  
  60     66.596   0.05557     1.66596      0.8403     25.1930         119         0.00184  
  65     53.756   0.00000     1.53756      0.0000     23.2513         119         0.00102  
  70     42.840   0.00000     1.42840      0.0000     21.6005         118         0.00055  
  75     33.296   0.00000     1.33296      0.0000     20.1572         119         0.00028  
  80     24.947   0.00000     1.24947      0.0000     18.8947         119         0.00013  
  85     17.641   0.00000     1.17641      0.0000     17.7899         118         0.00006  
  90     11.090   0.00000     1.11090      0.0000     16.7993         119         0.00002  
  95      5.230   0.00000     1.05230      0.0000     15.9131         119         0.00001  
 100      0.000   0.00000     1.00000      0.0000     15.1222         118         0.00000  


Data Role=VALIDATE Target Variable=DepVar Target Label=DepVar

                                                                                    Mean
                            Cumulative       %      Cumulative     Number of     Posterior
Depth      Gain     Lift       Lift      Response   % Response   Observations   Probability

   5    505.262   6.05262     6.05262     92.1569     92.1569         51          0.95975  
  10    485.946   5.66629     5.85946     86.2745     89.2157         51          0.89002  
  15    432.288   4.24972     5.32288     64.7059     81.0458         51          0.67686  
  20    347.508   1.93169     4.47508     29.4118     68.1373         51          0.29745  
  25    278.611   1.03023     3.78611     15.6863     57.6471         51          0.16706  
  30    224.094   0.51512     3.24094      7.8431     49.3464         51          0.08616  
  35    183.314   0.38634     2.83314      5.8824     43.1373         51          0.04514  
  40    147.900   0.00000     2.47900      0.0000     37.7451         51          0.02332  
  45    120.356   0.00000     2.20356      0.0000     33.5512         51          0.01292  
  50     98.710   0.00000     1.98710      0.0000     30.2554         50          0.00700  
  55     80.613   0.00000     1.80613      0.0000     27.5000         51          0.00379  
  60     66.612   0.12878     1.66612      1.9608     25.3682         51          0.00209  
  65     53.776   0.00000     1.53776      0.0000     23.4139         51          0.00113  
  70     42.777   0.00000     1.42777      0.0000     21.7391         51          0.00063  
  75     33.246   0.00000     1.33246      0.0000     20.2880         51          0.00033  
  80     24.908   0.00000     1.24908      0.0000     19.0184         51          0.00018  
  85     17.552   0.00000     1.17552      0.0000     17.8984         51          0.00009  
  90     11.014   0.00000     1.11014      0.0000     16.9029         51          0.00003  
  95      5.165   0.00000     1.05165      0.0000     16.0124         51          0.00001  
 100      0.000   0.00000     1.00000      0.0000     15.2259         50          0.00000  
 
                                                                                               
 
 
Assessment Score Distribution

Data Role=TRAIN Target Variable=DepVar Target Label=DepVar

 Posterior     Number                     Mean
Probability      of      Number of     Posterior
   Range       Events    Nonevents    Probability    Percentage

 0.95-1.00       72            1        0.97392         3.0750 
 0.90-0.95       83           10        0.92646         3.9174 
 0.85-0.90       71            9        0.87752         3.3698 
 0.80-0.85       29           10        0.82660         1.6428 
 0.75-0.80        9           12        0.77406         0.8846 
 0.70-0.75        8            5        0.73122         0.5476 
 0.65-0.70        1            1        0.68254         0.0842 
 0.60-0.65        1            3        0.63105         0.1685 
 0.45-0.50       12            5        0.47349         0.7161 
 0.40-0.45        6           16        0.42516         0.9267 
 0.35-0.40        7           22        0.37514         1.2216 
 0.30-0.35        9           16        0.32460         1.0531 
 0.25-0.30        5           17        0.27209         0.9267 
 0.20-0.25        5           20        0.22575         1.0531 
 0.15-0.20        8           35        0.17560         1.8113 
 0.10-0.15       15           75        0.12348         3.7911 
 0.05-0.10       10          119        0.07008         5.4339 
 0.00-0.05        8         1639        0.00563        69.3766 


Data Role=VALIDATE Target Variable=DepVar Target Label=DepVar

 Posterior     Number                     Mean
Probability      of      Number of     Posterior
   Range       Events    Nonevents    Probability    Percentage

 0.95-1.00       30           2         0.97296         3.1434 
 0.90-0.95       30           7         0.92646         3.6346 
 0.85-0.90       28           2         0.87933         2.9470 
 0.80-0.85       15           5         0.82951         1.9646 
 0.75-0.80        6           5         0.76697         1.0806 
 0.70-0.75        3           1         0.72425         0.3929 
 0.65-0.70        0           1         0.68659         0.0982 
 0.60-0.65        0           2         0.63442         0.1965 
 0.45-0.50        5           2         0.47664         0.6876 
 0.40-0.45        8           2         0.42508         0.9823 
 0.35-0.40        5           7         0.37165         1.1788 
 0.30-0.35        2           5         0.32415         0.6876 
 0.25-0.30        3          16         0.27853         1.8664 
 0.20-0.25        5          14         0.22127         1.8664 
 0.15-0.20        4          23         0.17427         2.6523 
 0.10-0.15        4          27         0.12693         3.0452 
 0.05-0.10        5          51         0.06859         5.5010 
 0.00-0.05        2         691         0.00563        68.0747 
