 
                                                                                               
 
 
Fit Statistics

Target=DepVar Target Label=DepVar

   Fit
Statistics    Statistics Label                     Train    Validation

 _ASE_        Average Squared Error                 0.09         0.10 
 _DIV_        Divisor for ASE                    4748.00      2036.00 
 _MAX_        Maximum Absolute Error                0.97         1.00 
 _NOBS_       Sum of Frequencies                 2374.00      1018.00 
 _RASE_       Root Average Squared Error            0.30         0.31 
 _SSE_        Sum of Squared Errors               433.39       199.92 
 _DISF_       Frequency of Classified Cases      2374.00      1018.00 
 _MISC_       Misclassification Rate                0.11         0.13 
 _WRONG_      Number of Wrong Classifications     259.00       131.00 
 _ERR_        Error Function                     1462.53          .   
 _AVERR_      Average Error Function                0.31          .   
 _DFT_        Total Degrees of Freedom           2374.00          .   
 _DFE_        Degrees of Freedom for Error       2244.00          .   
 _MSE_        Mean Squared Error                    0.10          .   
 _RMSE_       Root Mean Squared Error               0.31          .   
 _NW_         Number of Weights                   130.00          .   
 _FPE_        Final Prediction Error                0.10          .   
 _RFPE_       Root Final Prediction Error           0.32          .   
 _AIC_        Akaike's Information Criterion     1722.53          .   
 _SBC_        Schwarz's Bayesian Criterion       2472.93          .   
 
                                                                                               
 
 
Classification Table

Data Role=TRAIN Target Variable=DepVar Target Label=DepVar

                       Target        Outcome     Frequency       Total
Target    Outcome    Percentage    Percentage      Count      Percentage

  0          0         91.2594       96.3772        1942        81.8029 
  1          0          8.7406       51.8106         186         7.8349 
  0          1         29.6748        3.6228          73         3.0750 
  1          1         70.3252       48.1894         173         7.2873 


Data Role=VALIDATE Target Variable=DepVar Target Label=DepVar

                       Target        Outcome     Frequency       Total
Target    Outcome    Percentage    Percentage      Count      Percentage

  0          0         89.5248       96.0603        829         81.4342 
  1          0         10.4752       62.5806         97          9.5285 
  0          1         36.9565        3.9397         34          3.3399 
  1          1         63.0435       37.4194         58          5.6974 
 
                                                                                               
 
 
Event Classification Table

Data Role=TRAIN Target=DepVar Target Label=DepVar

  False       True        False       True
Negative    Negative    Positive    Positive

   186        1942         73          173  


Data Role=VALIDATE Target=DepVar Target Label=DepVar

  False       True        False       True
Negative    Negative    Positive    Positive

   97          829         34          58   
 
                                                                                               
 
 
Assessment Score Rankings

Data Role=TRAIN Target Variable=DepVar Target Label=DepVar

                                                                                    Mean
                            Cumulative       %      Cumulative     Number of     Posterior
Depth      Gain     Lift       Lift      Response   % Response   Observations   Probability

   5    416.800   5.16800     5.16800     78.1513     78.1513         119         0.79820  
  10    369.565   4.22331     4.69565     63.8655     71.0084         119         0.57252  
  15    298.251   2.55621     3.98251     38.6555     60.2241         119         0.46434  
  20    245.258   1.84935     3.45258     27.9661     52.2105         118         0.39868  
  25    209.489   1.66710     3.09489     25.2101     46.8013         119         0.34728  
  30    175.457   1.05583     2.75457     15.9664     41.6550         119         0.30305  
  35    145.892   0.67249     2.45892     10.1695     37.1841         118         0.26727  
  40    125.532   0.83355     2.25532     12.6050     34.1053         119         0.23814  
  45    103.519   0.27785     2.03519      4.2017     30.7764         119         0.21161  
  50     86.630   0.33624     1.86630      5.0847     28.2224         118         0.18558  
  55     73.675   0.44456     1.73675      6.7227     26.2634         119         0.16345  
  60     60.564   0.16671     1.60564      2.5210     24.2807         119         0.14059  
  65     49.902   0.22228     1.49902      3.3613     22.6684         119         0.11999  
  70     40.453   0.16812     1.40453      2.5424     21.2395         118         0.10238  
  75     32.925   0.27785     1.32925      4.2017     20.1011         119         0.08623  
  80     24.599   0.00000     1.24599      0.0000     18.8421         119         0.06622  
  85     17.641   0.05604     1.17641      0.8475     17.7899         118         0.04886  
  90     11.090   0.00000     1.11090      0.0000     16.7993         119         0.02714  
  95      5.230   0.00000     1.05230      0.0000     15.9131         119         0.00408  
 100      0.000   0.00000     1.00000      0.0000     15.1222         118         0.00000  


Data Role=VALIDATE Target Variable=DepVar Target Label=DepVar

                                                                                    Mean
                            Cumulative       %      Cumulative     Number of     Posterior
Depth      Gain     Lift       Lift      Response   % Response   Observations   Probability

   5    389.361   4.89361     4.89361     74.5098     74.5098         51          0.74414  
  10    312.094   3.34826     4.12094     50.9804     62.7451         51          0.54196  
  15    260.582   2.57559     3.60582     39.2157     54.9020         51          0.46059  
  20    215.509   1.80291     3.15509     27.4510     48.0392         51          0.39881  
  25    188.466   1.80291     2.88466     27.4510     43.9216         51          0.35382  
  30    163.997   1.41657     2.63997     21.5686     40.1961         51          0.30835  
  35    139.161   0.90145     2.39161     13.7255     36.4146         51          0.26849  
  40    117.315   0.64390     2.17315      9.8039     33.0882         51          0.23708  
  45     97.462   0.38634     1.97462      5.8824     30.0654         51          0.21175  
  50     87.097   0.91948     1.87097     14.0000     28.4872         50          0.18602  
  55     72.403   0.25756     1.72403      3.9216     26.2500         51          0.16428  
  60     59.088   0.12878     1.59088      1.9608     24.2226         51          0.14078  
  65     50.800   0.51512     1.50800      7.8431     22.9607         51          0.11725  
  70     40.935   0.12878     1.40935      1.9608     21.4586         51          0.10232  
  75     32.386   0.12878     1.32386      1.9608     20.1571         51          0.08718  
  80     24.102   0.00000     1.24102      0.0000     18.8957         51          0.07168  
  85     16.794   0.00000     1.16794      0.0000     17.7829         51          0.05199  
  90     10.298   0.00000     1.10298      0.0000     16.7939         51          0.03117  
  95      4.694   0.03935     1.04694      0.5991     15.9407         51          0.00574  
 100      0.000   0.09122     1.00000      1.3889     15.2259         50          0.00000  
 
                                                                                               
 
 
Assessment Score Distribution

Data Role=TRAIN Target Variable=DepVar Target Label=DepVar

 Posterior     Number                     Mean
Probability      of      Number of     Posterior
   Range       Events    Nonevents    Probability    Percentage

 0.95-1.00       15           2         0.98556         0.7161 
 0.90-0.95        9           0         0.93149         0.3791 
 0.85-0.90        7           0         0.87150         0.2949 
 0.80-0.85       11           2         0.82581         0.5476 
 0.75-0.80       16           6         0.77730         0.9267 
 0.70-0.75       18          10         0.72667         1.1794 
 0.65-0.70       17           6         0.67673         0.9688 
 0.60-0.65       24          11         0.62298         1.4743 
 0.55-0.60       21          21         0.57333         1.7692 
 0.50-0.55       35          15         0.52588         2.1061 
 0.45-0.50       28          45         0.47355         3.0750 
 0.40-0.45       36          55         0.42434         3.8332 
 0.35-0.40       24          92         0.37414         4.8863 
 0.30-0.35       25         107         0.32538         5.5602 
 0.25-0.30       24         160         0.27394         7.7506 
 0.20-0.25       18         196         0.22519         9.0143 
 0.15-0.20       15         247         0.17455        11.0362 
 0.10-0.15        9         299         0.12265        12.9739 
 0.05-0.10        7         318         0.07498        13.6900 
 0.00-0.05        0         423         0.01596        17.8180 


Data Role=VALIDATE Target Variable=DepVar Target Label=DepVar

 Posterior     Number                     Mean
Probability      of      Number of     Posterior
   Range       Events    Nonevents    Probability    Percentage

 0.95-1.00        5           0         0.99224         0.4912 
 0.90-0.95        2           0         0.94722         0.1965 
 0.85-0.90        2           1         0.88191         0.2947 
 0.80-0.85        2           2         0.82178         0.3929 
 0.75-0.80        6           1         0.76359         0.6876 
 0.70-0.75        5           2         0.71753         0.6876 
 0.65-0.70        6           3         0.67186         0.8841 
 0.60-0.65       13           6         0.61887         1.8664 
 0.55-0.60       10           7         0.57646         1.6699 
 0.50-0.55        7          12         0.51908         1.8664 
 0.45-0.50       17          27         0.47812         4.3222 
 0.40-0.45       17          25         0.42104         4.1257 
 0.35-0.40       16          41         0.37341         5.5992 
 0.30-0.35       12          43         0.32532         5.4028 
 0.25-0.30       10          63         0.27225         7.1709 
 0.20-0.25        8          87         0.22294         9.3320 
 0.15-0.20        9          98         0.17420        10.5108 
 0.10-0.15        5         126         0.12180        12.8684 
 0.05-0.10        2         145         0.07712        14.4401 
 0.00-0.05        1         174         0.01691        17.1906 
