MPRINT(EM_DIAGRAM):    data _null_;
MPRINT(EM_DIAGRAM):   call symput('NLDATE', strip(put(date(), NLDATE.)));
MPRINT(EM_DIAGRAM):   call symput('NLTIME', strip(put(datetime(), NLTIME.)));
MPRINT(EM_DIAGRAM):   run;
MPRINT(EM_DIAGRAM):   data _null_;
MPRINT(EM_DIAGRAM):   nldate= sasmsg("sashelp.dmine", "log_date_note", 'N', "28. April 2016" );
MPRINT(EM_DIAGRAM):   nltime= sasmsg("sashelp.dmine", "log_time_note", 'N', "16.24 Uhr" );
MPRINT(EM_DIAGRAM):   put "*------------------------------------------------------------*";
MPRINT(EM_DIAGRAM):   put "* Training Log";
MPRINT(EM_DIAGRAM):   put nldate;
MPRINT(EM_DIAGRAM):   put nltime;
MPRINT(EM_DIAGRAM):   put "*------------------------------------------------------------*";
MPRINT(EM_DIAGRAM):   run;
*------------------------------------------------------------*
* Training Log
Date:                28. April 2016
Time:                16.24 Uhr
*------------------------------------------------------------*
MPRINT(EM_DIAGRAM):    filename O32A0MEF 
"C:\\predictive-models-project\Workspaces\EMWS8\DMNeural4\EMTRAIN.out" encoding="UTF-8" NOBOM;
MPRINT(EM_DIAGRAM):   proc printto print=O32A0MEF new;
MPRINT(EM_DIAGRAM):   run;
MPRINT(EM_DIAGRAM):    filename _LOG 
"C:\\predictive-models-project\Workspaces\EMWS8\DMNeural4\EMLOG.log" encoding="UTF-8" NOBOM;
MPRINT(EM_DIAGRAM):    data _null_;
MPRINT(EM_DIAGRAM):   call symput('NLDATE', strip(put(date(), NLDATE.)));
MPRINT(EM_DIAGRAM):   call symput('NLTIME', strip(put(datetime(), NLTIME.)));
MPRINT(EM_DIAGRAM):   run;
MPRINT(EM_DIAGRAM):   data _null_;
MPRINT(EM_DIAGRAM):   nldate= sasmsg("sashelp.dmine", "log_date_note", 'N', "28. April 2016" );
MPRINT(EM_DIAGRAM):   nltime= sasmsg("sashelp.dmine", "log_time_note", 'N', "16.24 Uhr" );
MPRINT(EM_DIAGRAM):   file _LOG;
MPRINT(EM_DIAGRAM):   put "*------------------------------------------------------------*";
MPRINT(EM_DIAGRAM):   put "User:                Lukas Fahr";
MPRINT(EM_DIAGRAM):   put nldate;
MPRINT(EM_DIAGRAM):   put nltime;
MPRINT(EM_DIAGRAM):   put "Site:                70107571";
MPRINT(EM_DIAGRAM):   put "Platform:            X64_7PRO";
MPRINT(EM_DIAGRAM):   put "Maintenance Release: 9.03.01M2P081512";
MPRINT(EM_DIAGRAM):   put "EM Version:          12.1";
MPRINT(EM_DIAGRAM):   put "* ";
MPRINT(EM_DIAGRAM):   run;
MPRINT(EM_DIAGRAM):    filename _LOGIN 
"C:\\predictive-models-project\Workspaces\EMWS8\DMNeural4\EMTRAIN.log" encoding="UTF-8" NOBOM;
MPRINT(EM_COPYFILE):   data _null_;
MPRINT(EM_COPYFILE):   length line $20000;
MPRINT(EM_COPYFILE):   file _LOG MOD lrecl=20000;
MPRINT(EM_COPYFILE):   fid=fopen("_LOGIN",'i',20000,'v');
MPRINT(EM_COPYFILE):   if fid > 0 then do;
MPRINT(EM_COPYFILE):   do while(^fread(fid));
MPRINT(EM_COPYFILE):   rlen = frlen(fid);
MPRINT(EM_COPYFILE):   rc= fget(fid,line,20000);
MPRINT(EM_COPYFILE):   start = length(line)-length(left(line))+1;
MPRINT(EM_COPYFILE):   line=strip(line);
MPRINT(EM_COPYFILE):   put @start line;
MPRINT(EM_COPYFILE):   end;
MPRINT(EM_COPYFILE):   if fid > 0 then rc=fclose(fid);
MPRINT(EM_COPYFILE):   end;
MPRINT(EM_COPYFILE):   run;
MPRINT(EM_DIAGRAM):  ;
MPRINT(EM_DIAGRAM):   filename _LOGIN;
MPRINT(EM_DIAGRAM):    data _null_;
MPRINT(EM_DIAGRAM):   file _LOG mod;
MPRINT(EM_DIAGRAM):   put _page_;
MPRINT(EM_DIAGRAM):   run;
MPRINT(EM_DIAGRAM):   filename _LOGIN 
"C:\\predictive-models-project\Workspaces\EMWS8\DMNeural4\EMSCORE.log" encoding="UTF-8" NOBOM;
MPRINT(EM_DIAGRAM):  ;
MPRINT(EM_DIAGRAM):   data _null_;
MPRINT(EM_DIAGRAM):   file _LOG mod;
MPRINT(EM_DIAGRAM):   put _page_;
MPRINT(EM_DIAGRAM):   run;
MPRINT(EM_DIAGRAM):    filename _LOGIN 
"C:\\predictive-models-project\Workspaces\EMWS8\DMNeural4\EMREPORT.log" encoding="UTF-8" NOBOM;
MPRINT(EM_DIAGRAM):  ;
MPRINT(EM_DIAGRAM):   filename _LOGIN;
MPRINT(EM_DIAGRAM):    filename _LOG;
MPRINT(EM_DIAGRAM):    filename _OUT 
"C:\\predictive-models-project\Workspaces\EMWS8\DMNeural4\EMOUTPUT.out" encoding="UTF-8" NOBOM;
MPRINT(EM_DIAGRAM):    data _null_;
MPRINT(EM_DIAGRAM):   call symput('NLDATE', strip(put(date(), NLDATE.)));
MPRINT(EM_DIAGRAM):   call symput('NLTIME', strip(put(datetime(), NLTIME.)));
MPRINT(EM_DIAGRAM):   run;
MPRINT(EM_DIAGRAM):   data _null_;
MPRINT(EM_DIAGRAM):   nldate= sasmsg("sashelp.dmine", "log_date_note", 'N', "28. April 2016" );
MPRINT(EM_DIAGRAM):   nltime= sasmsg("sashelp.dmine", "log_time_note", 'N', "16.24 Uhr" );
MPRINT(EM_DIAGRAM):   file _OUT;
MPRINT(EM_DIAGRAM):   put "*------------------------------------------------------------*";
MPRINT(EM_DIAGRAM):   put "User:                Lukas Fahr";
MPRINT(EM_DIAGRAM):   put nldate;
MPRINT(EM_DIAGRAM):   put nltime;
MPRINT(EM_DIAGRAM):   put "*------------------------------------------------------------*";
MPRINT(EM_DIAGRAM):   put "* Training Output";
MPRINT(EM_DIAGRAM):   put "*------------------------------------------------------------*";
MPRINT(EM_DIAGRAM):   run;
MPRINT(EM_DIAGRAM):    filename _OUTIN 
"C:\\predictive-models-project\Workspaces\EMWS8\DMNeural4\EMTRAIN.out" encoding="UTF-8" NOBOM;
MPRINT(EM_DIAGRAM):   ;
MPRINT(EM_COPYFILE):   data _null_;
MPRINT(EM_COPYFILE):   length line $20000;
MPRINT(EM_COPYFILE):   file _OUT MOD lrecl=20000;
MPRINT(EM_COPYFILE):   fid=fopen("_OUTIN",'i',20000,'v');
MPRINT(EM_COPYFILE):   if fid > 0 then do;
MPRINT(EM_COPYFILE):   do while(^fread(fid));
MPRINT(EM_COPYFILE):   rlen = frlen(fid);
MPRINT(EM_COPYFILE):   rc= fget(fid,line,20000);
MPRINT(EM_COPYFILE):   start = length(line)-length(left(line))+1;
MPRINT(EM_COPYFILE):   line=strip(line);
MPRINT(EM_COPYFILE):   put @start line;
MPRINT(EM_COPYFILE):   end;
MPRINT(EM_COPYFILE):   if fid > 0 then rc=fclose(fid);
MPRINT(EM_COPYFILE):   end;
MPRINT(EM_COPYFILE):   run;
MPRINT(EM_DIAGRAM):  ;
MPRINT(EM_DIAGRAM):   filename _OUTIN;
MPRINT(EM_DIAGRAM):    data _null_;
MPRINT(EM_DIAGRAM):   file _OUT mod;
MPRINT(EM_DIAGRAM):   put _page_;
MPRINT(EM_DIAGRAM):   put // "*------------------------------------------------------------*";
MPRINT(EM_DIAGRAM):   put "* Score Output";
MPRINT(EM_DIAGRAM):   put "*------------------------------------------------------------*";
MPRINT(EM_DIAGRAM):   run;
MPRINT(EM_DIAGRAM):    filename _OUTIN 
"C:\\predictive-models-project\Workspaces\EMWS8\DMNeural4\EMSCORE.out" encoding="UTF-8" NOBOM;
MPRINT(EM_DIAGRAM):  ;
MPRINT(EM_DIAGRAM):   filename _OUTIN;
MPRINT(EM_DIAGRAM):    data _null_;
MPRINT(EM_DIAGRAM):   file _OUT mod;
MPRINT(EM_DIAGRAM):   put _page_;
MPRINT(EM_DIAGRAM):   put // "*------------------------------------------------------------*";
MPRINT(EM_DIAGRAM):   put "* Report Output";
MPRINT(EM_DIAGRAM):   put "*------------------------------------------------------------*";
MPRINT(EM_DIAGRAM):   run;
MPRINT(EM_DIAGRAM):    filename _OUTIN 
"C:\\predictive-models-project\Workspaces\EMWS8\DMNeural4\EMREPORT.out" encoding="UTF-8" NOBOM;
MPRINT(EM_DIAGRAM):  ;
MPRINT(EM_DIAGRAM):   filename _OUTIN;
MPRINT(EM_DIAGRAM):    filename _OUT;
MPRINT(EM_DIAGRAM):    filename _emtool_ 
'C:\\predictive-models-project\Workspaces\EMWS8\DMNeural4\EMRUNSTATUS.xml' encoding="UTF-8" 
NOBOM;
568776     proc freq data=EMWS8.DMNeural4_VariableSet noprint;
MPRINT(EM_DIAGRAM):    proc freq data=EMWS8.DMNeural4_VariableSet noprint;
568777     table ROLE*LEVEL/out=WORK.DMNeural4META;
MPRINT(EM_DIAGRAM):   table ROLE*LEVEL/out=WORK.DMNeural4META;
568778     run;
MPRINT(EM_DIAGRAM):   run;

NOTE: There were 51 observations read from the data set EMWS8.DMNEURAL4_VARIABLESET.
NOTE: The data set WORK.DMNEURAL4META has 6 observations and 4 variables.
NOTE: PROCEDURE FREQ used (Total process time):
      real time           0.01 seconds
      cpu time            0.01 seconds
      

568779     proc print data=WORK.DMNeural4META label noobs;
MPRINT(EM_DIAGRAM):   proc print data=WORK.DMNeural4META label noobs;
568780     var ROLE LEVEL COUNT;
MPRINT(EM_DIAGRAM):   var ROLE LEVEL COUNT;
568781     label ROLE = "%sysfunc(sasmsg(sashelp.dmine, meta_role_vlabel, NOQUOTE))" LEVEL =
568781   ! "%sysfunc(sasmsg(sashelp.dmine, meta_level_vlabel, NOQUOTE))" COUNT =
568781   ! "%sysfunc(sasmsg(sashelp.dmine, rpt_count_vlabel, NOQUOTE))";
MPRINT(EM_DIAGRAM):   label ROLE = "Role" LEVEL = "Measurement Level" COUNT = "Frequency 
Count";
568782     title9 ' ';
MPRINT(EM_DIAGRAM):   title9 ' ';
568783     title10 "%sysfunc(sasmsg(sashelp.dmine, rpt_varSummary_title  , NOQUOTE))";
MPRINT(EM_DIAGRAM):   title10 "Variable Summary";
MPRINT(EM_DIAGRAM):   run;
568784     run;

NOTE: There were 6 observations read from the data set WORK.DMNEURAL4META.
NOTE: The PROCEDURE PRINT printed page 546.
NOTE: PROCEDURE PRINT used (Total process time):
      real time           0.00 seconds
      cpu time            0.00 seconds
      

568785     title10;
MPRINT(EM_DIAGRAM):   title10;
568786     %let EMNORLEN = %DMNORLEN;
MPRINT(EM_DIAGRAM):   
EMWS8.BINNING_TRAIN EMWS8.BINNING_TRAIN 
EMWS8.BINNING_TRAIN EMWS8.BINNING_TRAIN EMWS8 BINNING_TRAIN 
EMWS8.BINNING_TRAIN EMWS8.BINNING_TRAIN 
EMWS8.BINNING_TRAIN EMWS8.BINNING_TRAIN EMWS8 BINNING_TRAIN 
MPRINT(EM_DIAGRAM):    proc dmdb data=EMWS8.BINNING_TRAIN 
classout=WORK._DMDBCLASSTARGET(keep=NAME NRAW CRAW LEVEL FREQUENCY NMISSPERCENT);
MPRINT(EM_DIAGRAM):   class DepVar(DESC) ;
MPRINT(EM_DIAGRAM):   run;
Executing  SASHELP.EMCORE.EMINFOITERATOR.SCL _INIT >> 
Executing  SASHELP.EMCORE.EMINFOITERATOR.SCL setMetaData >> 
Executing  SASHELP.EMCORE.EMINFOITERATOR.SCL next >> 
Executing  SASHELP.EMCORE.EMINFOITERATOR.SCL setMetaData >> 
Executing  SASHELP.EMCORE.EMINFOITERATOR.SCL next >> 
Executing  SASHELP.EMCORE.EMINFOITERATOR.SCL _term >> 
MPRINT(EM_DIAGRAM):    data _null_;
MPRINT(EM_DIAGRAM):   set WORK._DMDBCLASSTARGET;
MPRINT(EM_DIAGRAM):   where ^(NRAW eq . and CRAW eq '') and NAME="DepVar";
MPRINT(EM_DIAGRAM):   if _N_=1 then call symput('_newevent', strip(LEVEL));
MPRINT(EM_DIAGRAM):   run;
MPRINT(EM_DIAGRAM):   proc sort data=WORK._DMDBCLASSTARGET out=_TEMPCLASS(keep=LEVEL FREQUENCY 
NMISSPERCENT rename=(LEVEL=DepVar));
MPRINT(EM_DIAGRAM):   by LEVEL;
MPRINT(EM_DIAGRAM):   where ^(NRAW eq . and CRAW eq '') and NAME="DepVar";
MPRINT(EM_DIAGRAM):   run;
MPRINT(EM_DIAGRAM):   data _TEMPCLASS;
MPRINT(EM_DIAGRAM):   set _TEMPCLASS;
MPRINT(EM_DIAGRAM):   NMISSPERCENT= NMISSPERCENT/100;
MPRINT(EM_DIAGRAM):   run;
MPRINT(EM_DIAGRAM):    data _sortedDecData;
MPRINT(EM_DIAGRAM):   set EMWS8.DMNeural4_DepVar_DD;
MPRINT(EM_DIAGRAM):   _levelorder_=_N_;
MPRINT(EM_DIAGRAM):   run;
MPRINT(EM_DIAGRAM):   proc sort data=_sortedDecdata;
MPRINT(EM_DIAGRAM):   by DepVar;
MPRINT(EM_DIAGRAM):   run;
MPRINT(EM_DIAGRAM):   data _null_;
MPRINT(EM_DIAGRAM):   merge _TEMPCLASS(in=_a) _sortedDecdata(in=_b);
MPRINT(EM_DIAGRAM):   by DepVar;
MPRINT(EM_DIAGRAM):   if (_a and ^_b) or (^_a and _b) then call symput('_emresetDec', '1');
MPRINT(EM_DIAGRAM):   run;
MPRINT(EM_DIAGRAM):    data EMWS8.DMNeural4_DepVar_DD;
MPRINT(EM_DIAGRAM):   set EMWS8.DMNeural4_DepVar_DD;
MPRINT(EM_DIAGRAM):   _levelorder_=_N_;
MPRINT(EM_DIAGRAM):   run;
MPRINT(EM_DIAGRAM):   proc sort data=EMWS8.DMNeural4_DepVar_DD;
MPRINT(EM_DIAGRAM):   by DepVar;
MPRINT(EM_DIAGRAM):   run;
MPRINT(EM_DIAGRAM):   data EMWS8.DMNeural4_DepVar_DD;
MPRINT(EM_DIAGRAM):   merge EMWS8.DMNeural4_DepVar_DD 
_TEMPCLASS(rename=(NMISSPERCENT=TRAINPRIOR FREQUENCY=COUNT));
MPRINT(EM_DIAGRAM):   by DepVar;
MPRINT(EM_DIAGRAM):   run;
MPRINT(EM_DIAGRAM):   proc sort data=EMWS8.DMNeural4_DepVar_DD 
out=EMWS8.DMNeural4_DepVar_DD(drop=_levelorder_);
MPRINT(EM_DIAGRAM):   by _levelorder_;
MPRINT(EM_DIAGRAM):   run;
568833     data WORK.DMNeural4_EVENT(KEEP=VARIABLE LABEL LEVEL EVENT NUMLEVELS ORDER);
MPRINT(EM_DIAGRAM):    data WORK.DMNeural4_EVENT(KEEP=VARIABLE LABEL LEVEL EVENT NUMLEVELS 
ORDER);
568834     length ORDER $20;
MPRINT(EM_DIAGRAM):   length ORDER $20;
568835     label VARIABLE = "%sysfunc(sasmsg(sashelp.dmine, rpt_target_vlabel,  NOQUOTE))"
568835   ! EVENT = "%sysfunc(sasmsg(sashelp.dmine, assmt_event_vlabel, NOQUOTE))" NUMLEVELS =
568835   ! "%sysfunc(sasmsg(sashelp.dmine, rpt_numcat_vlabel, NOQUOTE))" LEVEL =
568836        "%sysfunc(sasmsg(sashelp.dmine, meta_level_vlabel, NOQUOTE))" ORDER =
568836   ! "%sysfunc(sasmsg(sashelp.dmine, meta_order_vlabel, NOQUOTE))" LABEL =
568836   ! "%sysfunc(sasmsg(sashelp.dmine, meta_label_vlabel, NOQUOTE))";
MPRINT(EM_DIAGRAM):   label VARIABLE = "Target" EVENT = "Event" NUMLEVELS = "Number of Levels" 
LEVEL = "Measurement Level" ORDER = "Order" LABEL = "Label";
568837     set EMWS8.DMNEURAL4_DEPVAR_DM( where=(_TYPE_="TARGET"));
MPRINT(EM_DIAGRAM):   set EMWS8.DMNEURAL4_DEPVAR_DM( where=(_TYPE_="TARGET"));
568838     NumLevels=2;
MPRINT(EM_DIAGRAM):   NumLevels=2;
568839     select(upcase(ORDER));
MPRINT(EM_DIAGRAM):   select(upcase(ORDER));
568840     when('DESC') ORDER = 'Descending';
MPRINT(EM_DIAGRAM):   when('DESC') ORDER = 'Descending';
568841     when('ASC') ORDER = 'Ascending';
MPRINT(EM_DIAGRAM):   when('ASC') ORDER = 'Ascending';
568842     when('FMTDESC') ORDER = 'Formatted Descending';
MPRINT(EM_DIAGRAM):   when('FMTDESC') ORDER = 'Formatted Descending';
568843     when('FMTASC') ORDER = 'Formatted Ascending';
MPRINT(EM_DIAGRAM):   when('FMTASC') ORDER = 'Formatted Ascending';
568844     otherwise ORDER = 'Descending';
MPRINT(EM_DIAGRAM):   otherwise ORDER = 'Descending';
568845     end;
MPRINT(EM_DIAGRAM):   end;
568846     output;
MPRINT(EM_DIAGRAM):   output;
568847     run;
MPRINT(EM_DIAGRAM):   run;

NOTE: There were 1 observations read from the data set EMWS8.DMNEURAL4_DEPVAR_DM.
      WHERE _TYPE_='TARGET';
NOTE: The data set WORK.DMNEURAL4_EVENT has 1 observations and 6 variables.
NOTE: DATA statement used (Total process time):
      real time           0.01 seconds
      cpu time            0.01 seconds
      

568848     title9 ' ';
MPRINT(EM_DIAGRAM):   title9 ' ';
568849     proc print data=WORK.DMNeural4_EVENT noobs label;
MPRINT(EM_DIAGRAM):   proc print data=WORK.DMNeural4_EVENT noobs label;
568850     var VARIABLE EVENT LEVEL NUMLEVELS ORDER LABEL;
MPRINT(EM_DIAGRAM):   var VARIABLE EVENT LEVEL NUMLEVELS ORDER LABEL;
568851     title9 ' ';
MPRINT(EM_DIAGRAM):   title9 ' ';
568852     title10 "%sysfunc(sasmsg(sashelp.dmine, rpt_modelEvent_title  , NOQUOTE))";
MPRINT(EM_DIAGRAM):   title10 "Model Events";
MPRINT(EM_DIAGRAM):   run;
568853     run;

NOTE: There were 1 observations read from the data set WORK.DMNEURAL4_EVENT.
NOTE: The PROCEDURE PRINT printed page 547.
NOTE: PROCEDURE PRINT used (Total process time):
      real time           0.00 seconds
      cpu time            0.00 seconds
      

568854     title10;
MPRINT(EM_DIAGRAM):   title10;
"No decisions defined for target "DepVar"." 
568855     proc print data = EMWS8.DMNeural4_DepVar_DM noobs label;
MPRINT(EM_DIAGRAM):    proc print data = EMWS8.DMNeural4_DepVar_DM noobs label;
568856     var _type_ variable label;
MPRINT(EM_DIAGRAM):   var _type_ variable label;
568857     where _type_ ^in('MATRIX', 'DECISION', 'TRAINPRIOR', 'DATAPRIOR', 'DECPRIOR');
MPRINT(EM_DIAGRAM):   where _type_ ^in('MATRIX', 'DECISION', 'TRAINPRIOR', 'DATAPRIOR', 
'DECPRIOR');
568858     label _TYPE_ = "%sysfunc(sasmsg(sashelp.dmine, rpt_type_vlabel,     NOQUOTE))"
568858   ! VARIABLE = "%sysfunc(sasmsg(sashelp.dmine, rpt_variable_vlabel, NOQUOTE))" LABEL =
568858   ! "%sysfunc(sasmsg(sashelp.dmine, meta_label_vlabel, NOQUOTE))";
MPRINT(EM_DIAGRAM):   label _TYPE_ = "Type" VARIABLE = "Variable" LABEL = "Label";
568859     title9 ' ';
MPRINT(EM_DIAGRAM):   title9 ' ';
568860     title10 "%sysfunc(sasmsg(sashelp.dmine, rpt_predDecVars_title  , NOQUOTE))";
MPRINT(EM_DIAGRAM):   title10 "Predicted and decision variables";
MPRINT(EM_DIAGRAM):   run;
568861     run;

NOTE: There were 7 observations read from the data set EMWS8.DMNEURAL4_DEPVAR_DM.
      WHERE _type_ not in ('DATAPRIOR', 'DECISION', 'DECPRIOR', 'MATRIX', 'TRAINPRIOR');
NOTE: The PROCEDURE PRINT printed page 548.
NOTE: PROCEDURE PRINT used (Total process time):
      real time           0.00 seconds
      cpu time            0.00 seconds
      

568862     title10;
MPRINT(EM_DIAGRAM):   title10;
568863     data WORK.M08LL8SV;
MPRINT(EM_DIAGRAM):    data WORK.M08LL8SV;
568864     set WORK.M08LL8SV;
MPRINT(EM_DIAGRAM):   set WORK.M08LL8SV;
568865     if role = 'TARGET' and use = 'Y' then do;
MPRINT(EM_DIAGRAM):   if role = 'TARGET' and use = 'Y' then do;
568866     role = 'TARGET';
MPRINT(EM_DIAGRAM):   role = 'TARGET';
568867     output;
MPRINT(EM_DIAGRAM):   output;
568868     end;
MPRINT(EM_DIAGRAM):   end;
568869     if role = 'INPUT' and use in ('Y','D') then do;
MPRINT(EM_DIAGRAM):   if role = 'INPUT' and use in ('Y','D') then do;
568870     role = 'INPUT';
MPRINT(EM_DIAGRAM):   role = 'INPUT';
568871     output;
MPRINT(EM_DIAGRAM):   output;
568872     end;
MPRINT(EM_DIAGRAM):   end;
568873     if role = 'REJECTED' and use = 'Y' then do;
MPRINT(EM_DIAGRAM):   if role = 'REJECTED' and use = 'Y' then do;
568874     role = 'INPUT';
MPRINT(EM_DIAGRAM):   role = 'INPUT';
568875     output;
MPRINT(EM_DIAGRAM):   output;
568876     end;
MPRINT(EM_DIAGRAM):   end;
568877     if role = 'FREQ' then do;
MPRINT(EM_DIAGRAM):   if role = 'FREQ' then do;
568878     role = 'FREQ';
MPRINT(EM_DIAGRAM):   role = 'FREQ';
568879     output;
MPRINT(EM_DIAGRAM):   output;
568880     end;
MPRINT(EM_DIAGRAM):   end;
568881     run;
MPRINT(EM_DIAGRAM):   run;

NOTE: There were 51 observations read from the data set WORK.M08LL8SV.
NOTE: The data set WORK.M08LL8SV has 19 observations and 21 variables.
NOTE: DATA statement used (Total process time):
      real time           0.00 seconds
      cpu time            0.00 seconds
      

568882     data WORK.M08LL8SV;
MPRINT(EM_DIAGRAM):    data WORK.M08LL8SV;
568883     set WORK.M08LL8SV end=eof;
MPRINT(EM_DIAGRAM):   set WORK.M08LL8SV end=eof;
568884     output;
MPRINT(EM_DIAGRAM):   output;
568885     if eof then do;
MPRINT(EM_DIAGRAM):   if eof then do;
568886     NAME="";
MPRINT(EM_DIAGRAM):   NAME="";
568887     ROLE="COST";
MPRINT(EM_DIAGRAM):   ROLE="COST";
568888     LEVEL="INTERVAL";
MPRINT(EM_DIAGRAM):   LEVEL="INTERVAL";
568889     TYPE="N";
MPRINT(EM_DIAGRAM):   TYPE="N";
568890     output;
MPRINT(EM_DIAGRAM):   output;
568891     end;
MPRINT(EM_DIAGRAM):   end;
568892     run;
MPRINT(EM_DIAGRAM):   run;

NOTE: There were 19 observations read from the data set WORK.M08LL8SV.
NOTE: The data set WORK.M08LL8SV has 20 observations and 21 variables.
NOTE: DATA statement used (Total process time):
      real time           0.00 seconds
      cpu time            0.00 seconds
      

NOTE: There were 2 observations read from the data set EMWS8.DMNEURAL4_DEPVAR_DD.
NOTE: The data set WORK.DEPVAR has 2 observations and 7 variables.
568893     *------------------------------------------------------------*;
MPRINT(EM_DIAGRAM):    *------------------------------------------------------------*;
568894     * DMNeural4: Create decision matrix;
MPRINT(EM_DIAGRAM):   * DMNeural4: Create decision matrix;
568895     *------------------------------------------------------------*;
MPRINT(EM_DIAGRAM):   *------------------------------------------------------------*;
568896     data WORK.DepVar;
MPRINT(EM_DIAGRAM):   data WORK.DepVar;
568897       length   DepVar                           $  32
568898                COUNT                                8
568899                DATAPRIOR                            8
568900                TRAINPRIOR                           8
568901                DECPRIOR                             8
568902                DECISION1                            8
568903                DECISION2                            8
568904                ;
MPRINT(EM_DIAGRAM):   length DepVar $ 32 COUNT 8 DATAPRIOR 8 TRAINPRIOR 8 DECPRIOR 8 DECISION1 
8 DECISION2 8 ;
568905     
568906       label    COUNT="Level Counts"
568907                DATAPRIOR="Data Proportions"
568908                TRAINPRIOR="Training Proportions"
568909                DECPRIOR="Decision Priors"
568910                DECISION1="1"
568911                DECISION2="0"
568912                ;
MPRINT(EM_DIAGRAM):   label COUNT= "Level Counts" DATAPRIOR= "Data Proportions" TRAINPRIOR= 
"Training Proportions" DECPRIOR= "Decision Priors" DECISION1= "1" DECISION2= "0" ;
568913       format   COUNT 10.
568914                ;
MPRINT(EM_DIAGRAM):   format COUNT 10. ;
568915     DepVar="1"; COUNT=359; DATAPRIOR=0.151221567; TRAINPRIOR=0.15122156697556;
568915   ! DECPRIOR=.; DECISION1=1; DECISION2=0;
MPRINT(EM_DIAGRAM):   DepVar="1";
MPRINT(EM_DIAGRAM):   COUNT=359;
MPRINT(EM_DIAGRAM):   DATAPRIOR=0.151221567;
MPRINT(EM_DIAGRAM):   TRAINPRIOR=0.15122156697556;
MPRINT(EM_DIAGRAM):   DECPRIOR=.;
MPRINT(EM_DIAGRAM):   DECISION1=1;
MPRINT(EM_DIAGRAM):   DECISION2=0;
568916     output;
MPRINT(EM_DIAGRAM):   output;
568917     DepVar="0"; COUNT=2015; DATAPRIOR=0.848778433; TRAINPRIOR=0.84877843302443;
568917   ! DECPRIOR=.; DECISION1=0; DECISION2=1;
MPRINT(EM_DIAGRAM):   DepVar="0";
MPRINT(EM_DIAGRAM):   COUNT=2015;
MPRINT(EM_DIAGRAM):   DATAPRIOR=0.848778433;
MPRINT(EM_DIAGRAM):   TRAINPRIOR=0.84877843302443;
MPRINT(EM_DIAGRAM):   DECPRIOR=.;
MPRINT(EM_DIAGRAM):   DECISION1=0;
MPRINT(EM_DIAGRAM):   DECISION2=1;
568918     output;
MPRINT(EM_DIAGRAM):   output;
568919     ;
MPRINT(EM_DIAGRAM):   ;
568920     run;
MPRINT(EM_DIAGRAM):   run;

NOTE: The data set WORK.DEPVAR has 2 observations and 7 variables.
NOTE: DATA statement used (Total process time):
      real time           0.00 seconds
      cpu time            0.00 seconds
      

568921     proc datasets lib=work nolist;
MPRINT(EM_DIAGRAM):   proc datasets lib=work nolist;
568922     modify DepVar(type=PROFIT label=DepVar);
MPRINT(EM_DIAGRAM):   modify DepVar(type=PROFIT label= DepVar);
MPRINT(EM_DIAGRAM):   label DECISION1= '1';
MPRINT(EM_DIAGRAM):   label DECISION2= '0';
MPRINT(EM_DIAGRAM):   run;
568923     label DECISION1= '1';
568924     label DECISION2= '0';
568925     run;

NOTE: MODIFY was successful for WORK.DEPVAR.DATA.
568926     quit;
MPRINT(EM_DIAGRAM):   quit;

NOTE: PROCEDURE DATASETS used (Total process time):
      real time           0.01 seconds
      cpu time            0.01 seconds
      

MPRINT(EM_DIAGRAM):   *------------------------------------------------------------* ;
MPRINT(EM_DIAGRAM):   * DMNeural4: DMDBClass Macro ;
MPRINT(EM_DIAGRAM):   *------------------------------------------------------------* ;
568927     *------------------------------------------------------------* ;
568928     * DMNeural4: DMDBClass Macro ;
568929     *------------------------------------------------------------* ;
568930     %macro DMDBClass;
568931         DepVar(DESC) GRP_AcceptedCmp5(ASC) GRP_AcceptedCmpTotal(ASC) GRP_Frq(ASC)
568932        GRP_Income(ASC) GRP_Mnt(ASC) GRP_MntFishProducts(ASC) GRP_MntGoldProds(ASC)
568933        GRP_MntMeatProducts(ASC) GRP_MntSweetProducts(ASC) GRP_MntWines(ASC)
568934        GRP_NumCatalogPurchases(ASC) GRP_NumDistPurchases(ASC) GRP_NumWebPurchases(ASC)
568935        GRP_NumWebVisitsMonth(ASC) GRP_RFMstat(ASC) GRP_RMntFrq(ASC) GRP_Recency(ASC)
568936     %mend DMDBClass;
568937     *------------------------------------------------------------* ;
MPRINT(EM_DIAGRAM):   *------------------------------------------------------------* ;
568938     * DMNeural4: DMDBVar Macro ;
MPRINT(EM_DIAGRAM):   * DMNeural4: DMDBVar Macro ;
568939     *------------------------------------------------------------* ;
MPRINT(EM_DIAGRAM):   *------------------------------------------------------------* ;
568940     %macro DMDBVar;
568941         Year_Birth
568942     %mend DMDBVar;
568943     *------------------------------------------------------------*;
MPRINT(EM_DIAGRAM):   *------------------------------------------------------------*;
568944     * DMNeural4: Create DMDB;
MPRINT(EM_DIAGRAM):   * DMNeural4: Create DMDB;
568945     *------------------------------------------------------------*;
MPRINT(EM_DIAGRAM):   *------------------------------------------------------------*;
568946     proc dmdb batch data=EMWS8.BINNING_TRAIN
568947     dmdbcat=WORK.DMNeural4_DMDB
568948     maxlevel = 513
568949     ;
MPRINT(EM_DIAGRAM):   proc dmdb batch data=EMWS8.BINNING_TRAIN dmdbcat=WORK.DMNeural4_DMDB 
maxlevel = 513 ;
MPRINT(EM_DIAGRAM):   class
568950     class %DMDBClass;
MPRINT(DMDBCLASS):   DepVar(DESC) GRP_AcceptedCmp5(ASC) GRP_AcceptedCmpTotal(ASC) GRP_Frq(ASC) 
GRP_Income(ASC) GRP_Mnt(ASC) GRP_MntFishProducts(ASC) GRP_MntGoldProds(ASC) 
GRP_MntMeatProducts(ASC) GRP_MntSweetProducts(ASC) GRP_MntWines(ASC) 
GRP_NumCatalogPurchases(ASC) GRP_NumDistPurchases(ASC) GRP_NumWebPurchases(ASC) 
GRP_NumWebVisitsMonth(ASC) GRP_RFMstat(ASC) GRP_RMntFrq(ASC) GRP_Recency(ASC)
MPRINT(EM_DIAGRAM):  ;
MPRINT(EM_DIAGRAM):   var
568951     var %DMDBVar;
MPRINT(DMDBVAR):   Year_Birth
MPRINT(EM_DIAGRAM):  ;
568952     target
568953     DepVar
568954     ;
MPRINT(EM_DIAGRAM):   target DepVar ;
568955     run;
MPRINT(EM_DIAGRAM):   run;

NOTE: Records processed = 2374   Memory used = 511K.
NOTE: View EMWS8.BINNING_TRAIN.VIEW used (Total process time):
      real time           0.03 seconds
      cpu time            0.01 seconds
      
NOTE: There were 2374 observations read from the data set EMWS8.PART_TRAIN.
NOTE: There were 2374 observations read from the data set EMWS8.BINNING_TRAIN.
NOTE: PROCEDURE DMDB used (Total process time):
      real time           0.04 seconds
      cpu time            0.03 seconds
      

MPRINT(EM_DIAGRAM):   quit;
MPRINT(EM_DIAGRAM):   *--- end code ---*;
568956     quit;
568957     *--- end code ---*;

568958     *------------------------------------------------------------* ;
MPRINT(EM_DIAGRAM):    *------------------------------------------------------------* ;
568959     * DMNeural4: Input Variables Macro ;
MPRINT(EM_DIAGRAM):   * DMNeural4: Input Variables Macro ;
568960     *------------------------------------------------------------* ;
MPRINT(EM_DIAGRAM):   *------------------------------------------------------------* ;
568961     %macro INPUTS;
568962         GRP_AcceptedCmp5 GRP_AcceptedCmpTotal GRP_Frq GRP_Income GRP_Mnt
568963        GRP_MntFishProducts GRP_MntGoldProds GRP_MntMeatProducts GRP_MntSweetProducts
568964        GRP_MntWines GRP_NumCatalogPurchases GRP_NumDistPurchases GRP_NumWebPurchases
568965        GRP_NumWebVisitsMonth GRP_RFMstat GRP_RMntFrq GRP_Recency Year_Birth
568966     %mend INPUTS;
568967     proc dmneurl data=EMWS8.BINNING_TRAIN dmdbcat=WORK.DMNeural4_DMDB
568968     outest=EMWS8.DMNeural4_ESTIMATE outfit=WORK._OUTFIT_DMNEURAL
568969     out=WORK._OUT_DMNEURAL outclass=WORK._OUTCLASSDMNEURL_35VUB4I
568970     optcrit=ACC maxcomp=6 maxstage=10 maxfunc=1000
568971     selcrit=SSE
568972     maxiter=400 maxvect=800 memsiz=8 stopr2=0.00005 cutoff=0.5 maxrows = 3000
568973     absgconv=0.0005 gconv=1E-8
568974     NOMONITOR
568975     ;
MPRINT(EM_DIAGRAM):   proc dmneurl data=EMWS8.BINNING_TRAIN dmdbcat=WORK.DMNeural4_DMDB 
outest=EMWS8.DMNeural4_ESTIMATE outfit=WORK._OUTFIT_DMNEURAL out=WORK._OUT_DMNEURAL 
outclass=WORK._OUTCLASSDMNEURL_35VUB4I optcrit=ACC maxcomp=6 maxstage=10 maxfunc=1000 
selcrit=SSE maxiter=400 maxvect=800 memsiz=8 stopr2=0.00005 cutoff=0.5 maxrows = 3000 
absgconv=0.0005 gconv=1E-8 NOMONITOR ;
MPRINT(EM_DIAGRAM):   var
568976     var %INPUTS;
MPRINT(INPUTS):   GRP_AcceptedCmp5 GRP_AcceptedCmpTotal GRP_Frq GRP_Income GRP_Mnt 
GRP_MntFishProducts GRP_MntGoldProds GRP_MntMeatProducts GRP_MntSweetProducts GRP_MntWines 
GRP_NumCatalogPurchases GRP_NumDistPurchases GRP_NumWebPurchases GRP_NumWebVisitsMonth 
GRP_RFMstat GRP_RMntFrq GRP_Recency Year_Birth
MPRINT(EM_DIAGRAM):  ;
568977     target DepVar;
MPRINT(EM_DIAGRAM):   target DepVar;
568978     ;
MPRINT(EM_DIAGRAM):   ;
568979     run;
MPRINT(EM_DIAGRAM):   run;

NOTE: The data set WORK._OUTCLASSDMNEURL_35VUB4I has 146 observations and 3 variables.

Building X'X  for target: DepVar rows=146 memory=0.09 meg.
2374 records read
2374 records read
2374 records read
2374 records read
2374 records read
NOTE: Distinctive Patterns=1672
NOTE: Sparsity  Percentage=0.0471900206
     ---------- Optimization Cycle (Stage=0) ----------
-------------------- Activation= SQUARE (Stage=0) --------------------
NOTE: ABSGCONV convergence criterion satisfied.
NOTE: SQUARE: Iter=5 Crit=0.04866499: SSE=462.122738 Acc= 86.9419
-------------------- Activation= TANH (Stage=0) --------------------
NOTE: ABSGCONV convergence criterion satisfied.
NOTE: TANH: Iter=4 Crit= 0.0494096: SSE=469.193529 Acc= 87.0261
-------------------- Activation= ARCTAN (Stage=0) --------------------
NOTE: ABSGCONV convergence criterion satisfied.
NOTE: ARCTAN: Iter=5 Crit=0.04934339: SSE=468.564842 Acc= 87.1104
-------------------- Activation= LOGIST (Stage=0) --------------------
NOTE: ABSGCONV convergence criterion satisfied.
NOTE: LOGIST: Iter=11 Crit=0.04963205: SSE=471.305974 Acc= 86.8576
-------------------- Activation= GAUSS (Stage=0) --------------------
NOTE: ABSGCONV convergence criterion satisfied.
NOTE: Singular Hessian at result, nullity=3.
NOTE: GAUSS: Iter=3 Crit=0.06366087: SSE=604.523602 Acc= 84.8778
-------------------- Activation= SIN (Stage=0) --------------------
NOTE: ABSGCONV convergence criterion satisfied.
NOTE: SIN: Iter=5 Crit=0.04919456: SSE=467.151575 Acc= 86.9840
-------------------- Activation= COS (Stage=0) --------------------
NOTE: ABSGCONV convergence criterion satisfied.
NOTE: Singular Hessian at result, nullity=2.
NOTE: COS: Iter=10 Crit=0.06179158: SSE=586.772838 Acc= 84.9200
-------------------- Activation= EXP (Stage=0) --------------------
NOTE: ABSGCONV convergence criterion satisfied.
NOTE: Singular Hessian at result, nullity=1.
NOTE: EXP: Iter=8 Crit=0.04958358: SSE=470.845696 Acc= 86.7734
2374 records read
2374 records read
2374 records read
2374 records read
NOTE: Distinctive Patterns=1461
NOTE: Sparsity  Percentage=0.0412348206
2374 records read
     ---------- Optimization Cycle (Stage=1) ----------
-------------------- Activation= SQUARE (Stage=1) --------------------
NOTE: ABSGCONV convergence criterion satisfied.
NOTE: SQUARE: Iter=1 Crit= 0.0435436: SSE=407.936265 Acc= 88.3741
-------------------- Activation= TANH (Stage=1) --------------------
NOTE: ABSGCONV convergence criterion satisfied.
NOTE: TANH: Iter=3 Crit= 0.0435767: SSE=408.697293 Acc= 88.2898
-------------------- Activation= ARCTAN (Stage=1) --------------------
NOTE: ABSGCONV convergence criterion satisfied.
NOTE: ARCTAN: Iter=3 Crit=0.04360063: SSE= 408.91405 Acc= 88.2056
-------------------- Activation= LOGIST (Stage=1) --------------------
NOTE: ABSGCONV convergence criterion satisfied.
NOTE: LOGIST: Iter=5 Crit=0.04357056: SSE= 408.62658 Acc= 88.3741
-------------------- Activation= GAUSS (Stage=1) --------------------
NOTE: ABSGCONV convergence criterion satisfied.
NOTE: Singular Hessian at result, nullity=5.
NOTE: GAUSS: Iter=15 Crit= 0.0473048: SSE=448.691984 Acc= 87.1525
-------------------- Activation= SIN (Stage=1) --------------------
NOTE: ABSGCONV convergence criterion satisfied.
NOTE: SIN: Iter=3 Crit=0.04361471: SSE=409.102473 Acc= 88.2477
-------------------- Activation= COS (Stage=1) --------------------
NOTE: ABSGCONV convergence criterion satisfied.
NOTE: Singular Hessian at result, nullity=6.
NOTE: COS: Iter=5 Crit=0.04791898: SSE=455.024157 Acc= 87.1525
-------------------- Activation= EXP (Stage=1) --------------------
NOTE: ABSGCONV convergence criterion satisfied.
NOTE: EXP: Iter=4 Crit=0.04362357: SSE=408.916012 Acc= 88.3741
2374 records read
2374 records read
2374 records read
2374 records read
NOTE: Distinctive Patterns=1539
NOTE: Sparsity  Percentage=0.0434362689
2374 records read
     ---------- Optimization Cycle (Stage=2) ----------
-------------------- Activation= SQUARE (Stage=2) --------------------
NOTE: ABSGCONV convergence criterion satisfied.
NOTE: SQUARE: Iter=1 Crit=0.04106514: SSE= 381.78652 Acc= 89.1744
-------------------- Activation= TANH (Stage=2) --------------------
NOTE: ABSGCONV convergence criterion satisfied.
NOTE: TANH: Iter=7 Crit=0.04118239: SSE=383.149638 Acc= 89.2586
-------------------- Activation= ARCTAN (Stage=2) --------------------
NOTE: ABSGCONV convergence criterion satisfied.
NOTE: Singular Hessian at result, nullity=1.
NOTE: ARCTAN: Iter=6 Crit=0.04118194: SSE=383.078791 Acc= 89.2586
-------------------- Activation= LOGIST (Stage=2) --------------------
NOTE: ABSGCONV convergence criterion satisfied.
NOTE: LOGIST: Iter=6 Crit=0.04116784: SSE=383.301873 Acc= 89.1744
-------------------- Activation= GAUSS (Stage=2) --------------------
NOTE: ABSGCONV convergence criterion satisfied.
NOTE: Singular Hessian at result, nullity=5.
NOTE: GAUSS: Iter=11 Crit=0.04294737: SSE=402.717396 Acc= 88.1634
-------------------- Activation= SIN (Stage=2) --------------------
NOTE: ABSGCONV convergence criterion satisfied.
NOTE: SIN: Iter=4 Crit=0.04118687: SSE=383.114339 Acc= 89.2586
-------------------- Activation= COS (Stage=2) --------------------
NOTE: ABSGCONV convergence criterion satisfied.
NOTE: Singular Hessian at result, nullity=5.
NOTE: COS: Iter=5 Crit=0.04324591: SSE=406.246723 Acc= 88.2898
-------------------- Activation= EXP (Stage=2) --------------------
NOTE: ABSGCONV convergence criterion satisfied.
NOTE: EXP: Iter=2 Crit= 0.0412142: SSE=383.471415 Acc= 89.0901
2374 records read
2374 records read
2374 records read
2374 records read
NOTE: Distinctive Patterns=1457
NOTE: Sparsity  Percentage=0.0411219258
2374 records read
     ---------- Optimization Cycle (Stage=3) ----------
-------------------- Activation= SQUARE (Stage=3) --------------------
NOTE: ABSGCONV convergence criterion satisfied.
NOTE: SQUARE: Iter=1 Crit=0.03946845: SSE=366.485847 Acc= 89.2165
-------------------- Activation= TANH (Stage=3) --------------------
NOTE: ABSGCONV convergence criterion satisfied.
NOTE: TANH: Iter=4 Crit=0.03953954: SSE=367.409383 Acc= 89.1744
-------------------- Activation= ARCTAN (Stage=3) --------------------
NOTE: ABSGCONV convergence criterion satisfied.
NOTE: ARCTAN: Iter=5 Crit=0.03953266: SSE=367.347389 Acc= 89.1744
-------------------- Activation= LOGIST (Stage=3) --------------------
NOTE: ABSGCONV convergence criterion satisfied.
NOTE: LOGIST: Iter=2 Crit=0.03955882: SSE=367.825225 Acc= 89.1323
-------------------- Activation= GAUSS (Stage=3) --------------------
NOTE: ABSGCONV convergence criterion satisfied.
NOTE: Singular Hessian at result, nullity=3.
NOTE: GAUSS: Iter=4 Crit=0.04081889: SSE=379.439923 Acc= 88.7532
-------------------- Activation= SIN (Stage=3) --------------------
NOTE: ABSGCONV convergence criterion satisfied.
NOTE: Singular Hessian at result, nullity=1.
NOTE: SIN: Iter=4 Crit=0.03966117: SSE=369.224169 Acc= 89.0901
-------------------- Activation= COS (Stage=3) --------------------
NOTE: ABSGCONV convergence criterion satisfied.
NOTE: Singular Hessian at result, nullity=2.
NOTE: COS: Iter=6 Crit=0.04073799: SSE=377.902559 Acc= 89.0059
-------------------- Activation= EXP (Stage=3) --------------------
NOTE: ABSGCONV convergence criterion satisfied.
NOTE: EXP: Iter=2 Crit=0.03954082: SSE= 367.59308 Acc= 89.0059
2374 records read
2374 records read
2374 records read
2374 records read
NOTE: Distinctive Patterns=1877
NOTE: Sparsity  Percentage=0.0529758783
2374 records read
     ---------- Optimization Cycle (Stage=4) ----------
-------------------- Activation= SQUARE (Stage=4) --------------------
NOTE: ABSGCONV convergence criterion satisfied.
NOTE: SQUARE: Iter=1 Crit=0.03785117: SSE=349.885339 Acc= 89.7220
-------------------- Activation= TANH (Stage=4) --------------------
NOTE: ABSGCONV convergence criterion satisfied.
NOTE: TANH: Iter=6 Crit=0.03790622: SSE=350.362814 Acc= 89.6377
-------------------- Activation= ARCTAN (Stage=4) --------------------
NOTE: ABSGCONV convergence criterion satisfied.
NOTE: ARCTAN: Iter=4 Crit=0.03791233: SSE=350.423588 Acc= 89.6377
-------------------- Activation= LOGIST (Stage=4) --------------------
NOTE: ABSGCONV convergence criterion satisfied.
NOTE: LOGIST: Iter=6 Crit=0.03792421: SSE=350.689191 Acc= 89.6377
-------------------- Activation= GAUSS (Stage=4) --------------------
NOTE: ABSGCONV convergence criterion satisfied.
NOTE: Singular Hessian at result, nullity=6.
NOTE: GAUSS: Iter=7 Crit=0.03914408: SSE=363.927607 Acc= 89.1744
-------------------- Activation= SIN (Stage=4) --------------------
NOTE: ABSGCONV convergence criterion satisfied.
NOTE: Singular Hessian at result, nullity=2.
NOTE: SIN: Iter=5 Crit=0.03806983: SSE=  352.4374 Acc= 89.6799
-------------------- Activation= COS (Stage=4) --------------------
NOTE: ABSGCONV convergence criterion satisfied.
NOTE: Singular Hessian at result, nullity=6.
NOTE: COS: Iter=7 Crit=0.03913434: SSE= 363.69972 Acc= 89.1744
-------------------- Activation= EXP (Stage=4) --------------------
NOTE: ABSGCONV convergence criterion satisfied.
NOTE: EXP: Iter=2 Crit=0.03801562: SSE=351.673917 Acc= 89.6799
2374 records read
2374 records read
2374 records read
2374 records read
NOTE: Distinctive Patterns=2062
NOTE: Sparsity  Percentage=0.0581972622
2374 records read
     ---------- Optimization Cycle (Stage=5) ----------
-------------------- Activation= SQUARE (Stage=5) --------------------
NOTE: ABSGCONV convergence criterion satisfied.
NOTE: SQUARE: Iter=1 Crit=0.03701804: SSE=340.405339 Acc= 90.2275
-------------------- Activation= TANH (Stage=5) --------------------
NOTE: ABSGCONV convergence criterion satisfied.
NOTE: TANH: Iter=5 Crit=0.03693588: SSE=339.614882 Acc= 90.2696
-------------------- Activation= ARCTAN (Stage=5) --------------------
NOTE: ABSGCONV convergence criterion satisfied.
NOTE: ARCTAN: Iter=6 Crit=0.03699391: SSE=340.391891 Acc= 90.1011
-------------------- Activation= LOGIST (Stage=5) --------------------
NOTE: ABSGCONV convergence criterion satisfied.
NOTE: LOGIST: Iter=7 Crit=0.03689836: SSE= 339.38267 Acc= 90.1853
-------------------- Activation= GAUSS (Stage=5) --------------------
NOTE: ABSGCONV convergence criterion satisfied.
NOTE: Singular Hessian at result, nullity=2.
NOTE: GAUSS: Iter=3 Crit=0.03785784: SSE=349.744074 Acc= 89.6799
-------------------- Activation= SIN (Stage=5) --------------------
NOTE: ABSGCONV convergence criterion satisfied.
NOTE: Singular Hessian at result, nullity=2.
NOTE: SIN: Iter=8 Crit=0.03692666: SSE=339.706625 Acc= 90.1011
-------------------- Activation= COS (Stage=5) --------------------
NOTE: ABSGCONV convergence criterion satisfied.
NOTE: Singular Hessian at result, nullity=6.
NOTE: COS: Iter=6 Crit= 0.0378907: SSE=350.262282 Acc= 89.6377
-------------------- Activation= EXP (Stage=5) --------------------
NOTE: ABSGCONV convergence criterion satisfied.
NOTE: EXP: Iter=2 Crit=0.03704096: SSE=340.730249 Acc= 90.2275
2374 records read
2374 records read
2374 records read
2374 records read
NOTE: Distinctive Patterns=2220
NOTE: Sparsity  Percentage=0.0626566062
2374 records read
     ---------- Optimization Cycle (Stage=6) ----------
-------------------- Activation= SQUARE (Stage=6) --------------------
NOTE: ABSGCONV convergence criterion satisfied.
NOTE: SQUARE: Iter=1 Crit=0.03613812: SSE=331.552819 Acc= 90.7751
-------------------- Activation= TANH (Stage=6) --------------------
NOTE: ABSGCONV convergence criterion satisfied.
NOTE: TANH: Iter=3 Crit=0.03617575: SSE=331.660283 Acc= 90.9014
-------------------- Activation= ARCTAN (Stage=6) --------------------
NOTE: ABSGCONV convergence criterion satisfied.
NOTE: ARCTAN: Iter=4 Crit=0.03616204: SSE=331.524806 Acc= 90.8593
-------------------- Activation= LOGIST (Stage=6) --------------------
NOTE: ABSGCONV convergence criterion satisfied.
NOTE: LOGIST: Iter=4 Crit=0.03617628: SSE=331.757784 Acc= 90.8593
-------------------- Activation= GAUSS (Stage=6) --------------------
NOTE: ABSGCONV convergence criterion satisfied.
NOTE: Singular Hessian at result, nullity=6.
NOTE: GAUSS: Iter=4 Crit=0.03679223: SSE=338.573584 Acc= 90.1853
-------------------- Activation= SIN (Stage=6) --------------------
NOTE: ABSGCONV convergence criterion satisfied.
NOTE: Singular Hessian at result, nullity=1.
NOTE: SIN: Iter=3 Crit= 0.0361831: SSE=331.791401 Acc= 90.9014
-------------------- Activation= COS (Stage=6) --------------------
NOTE: ABSGCONV convergence criterion satisfied.
NOTE: Singular Hessian at result, nullity=7.
NOTE: COS: Iter=5 Crit= 0.0367793: SSE=338.516963 Acc= 90.1011
-------------------- Activation= EXP (Stage=6) --------------------
NOTE: ABSGCONV convergence criterion satisfied.
NOTE: EXP: Iter=2 Crit=0.03617122: SSE=331.834691 Acc= 90.8593
2374 records read
2374 records read
2374 records read
2374 records read
NOTE: Distinctive Patterns=1925
NOTE: Sparsity  Percentage=0.0543306158
2374 records read
     ---------- Optimization Cycle (Stage=7) ----------
-------------------- Activation= SQUARE (Stage=7) --------------------
NOTE: ABSGCONV convergence criterion satisfied.
NOTE: SQUARE: Iter=1 Crit=0.03551093: SSE=323.368396 Acc= 90.7751
-------------------- Activation= TANH (Stage=7) --------------------
NOTE: ABSGCONV convergence criterion satisfied.
NOTE: TANH: Iter=5 Crit=0.03557604: SSE=323.734705 Acc= 90.6487
-------------------- Activation= ARCTAN (Stage=7) --------------------
NOTE: ABSGCONV convergence criterion satisfied.
NOTE: ARCTAN: Iter=4 Crit=0.03563339: SSE=324.328438 Acc= 90.6487
-------------------- Activation= LOGIST (Stage=7) --------------------
NOTE: ABSGCONV convergence criterion satisfied.
NOTE: Singular Hessian at result, nullity=3.
NOTE: LOGIST: Iter=0 Crit=0.03597209: SSE=329.514016 Acc= 90.8593
-------------------- Activation= GAUSS (Stage=7) --------------------
NOTE: ABSGCONV convergence criterion satisfied.
NOTE: Singular Hessian at result, nullity=2.
NOTE: GAUSS: Iter=14 Crit= 0.0358104: SSE=327.332877 Acc= 91.0699
-------------------- Activation= SIN (Stage=7) --------------------
NOTE: ABSGCONV convergence criterion satisfied.
NOTE: Singular Hessian at result, nullity=1.
NOTE: SIN: Iter=9 Crit=0.03561125: SSE=324.042654 Acc= 90.6908
-------------------- Activation= COS (Stage=7) --------------------
NOTE: ABSGCONV convergence criterion satisfied.
NOTE: Singular Hessian at result, nullity=2.
NOTE: COS: Iter=5 Crit=0.03599904: SSE=330.005572 Acc= 90.9014
-------------------- Activation= EXP (Stage=7) --------------------
NOTE: ABSGCONV convergence criterion satisfied.
NOTE: EXP: Iter=2 Crit=0.03564321: SSE=324.697313 Acc= 90.7751
2374 records read
2374 records read
2374 records read
2374 records read
NOTE: Distinctive Patterns=1996
NOTE: Sparsity  Percentage=0.0563344982
2374 records read
     ---------- Optimization Cycle (Stage=8) ----------
-------------------- Activation= SQUARE (Stage=8) --------------------
NOTE: ABSGCONV convergence criterion satisfied.
NOTE: SQUARE: Iter=1 Crit=0.03493302: SSE=316.784217 Acc= 91.1963
-------------------- Activation= TANH (Stage=8) --------------------
NOTE: ABSGCONV convergence criterion satisfied.
NOTE: TANH: Iter=3 Crit=0.03512138: SSE=318.978986 Acc= 90.9014
-------------------- Activation= ARCTAN (Stage=8) --------------------
NOTE: ABSGCONV convergence criterion satisfied.
NOTE: Singular Hessian at result, nullity=1.
NOTE: ARCTAN: Iter=4 Crit=0.03511619: SSE=318.936948 Acc= 90.9014
-------------------- Activation= LOGIST (Stage=8) --------------------
NOTE: ABSGCONV convergence criterion satisfied.
NOTE: Singular Hessian at result, nullity=3.
NOTE: LOGIST: Iter=0 Crit=0.03539604: SSE= 322.30438 Acc= 90.6066
-------------------- Activation= GAUSS (Stage=8) --------------------
NOTE: ABSGCONV convergence criterion satisfied.
NOTE: Singular Hessian at result, nullity=2.
NOTE: GAUSS: Iter=3 Crit=0.03536141: SSE=321.437695 Acc= 90.9014
-------------------- Activation= SIN (Stage=8) --------------------
NOTE: ABSGCONV convergence criterion satisfied.
NOTE: Singular Hessian at result, nullity=1.
NOTE: SIN: Iter=4 Crit=0.03511794: SSE=318.960762 Acc= 90.9857
-------------------- Activation= COS (Stage=8) --------------------
NOTE: ABSGCONV convergence criterion satisfied.
NOTE: Singular Hessian at result, nullity=4.
NOTE: COS: Iter=10 Crit=0.03535624: SSE=321.428211 Acc= 90.8593
-------------------- Activation= EXP (Stage=8) --------------------
NOTE: ABSGCONV convergence criterion satisfied.
NOTE: EXP: Iter=2 Crit=0.03513252: SSE=  319.1985 Acc= 90.8172
2374 records read
2374 records read
2374 records read
2374 records read
NOTE: Distinctive Patterns=2080
NOTE: Sparsity  Percentage=0.0587052887
2374 records read
     ---------- Optimization Cycle (Stage=9) ----------
-------------------- Activation= SQUARE (Stage=9) --------------------
NOTE: ABSGCONV convergence criterion satisfied.
NOTE: SQUARE: Iter=1 Crit=0.03460035: SSE=312.309123 Acc= 91.4490
-------------------- Activation= TANH (Stage=9) --------------------
NOTE: ABSGCONV convergence criterion satisfied.
NOTE: TANH: Iter=3 Crit=0.03461645: SSE=312.421778 Acc= 91.4069
-------------------- Activation= ARCTAN (Stage=9) --------------------
NOTE: ABSGCONV convergence criterion satisfied.
NOTE: ARCTAN: Iter=4 Crit=0.03461814: SSE=312.402106 Acc= 91.4490
-------------------- Activation= LOGIST (Stage=9) --------------------
NOTE: ABSGCONV convergence criterion satisfied.
NOTE: Singular Hessian at result, nullity=5.
NOTE: LOGIST: Iter=0 Crit=0.03489148: SSE=316.429411 Acc= 91.4069
-------------------- Activation= GAUSS (Stage=9) --------------------
NOTE: ABSGCONV convergence criterion satisfied.
NOTE: Singular Hessian at result, nullity=4.
NOTE: GAUSS: Iter=5 Crit=0.03499017: SSE=317.513873 Acc= 91.2384
-------------------- Activation= SIN (Stage=9) --------------------
NOTE: ABSGCONV convergence criterion satisfied.
NOTE: Singular Hessian at result, nullity=2.
NOTE: SIN: Iter=5 Crit= 0.0346671: SSE=313.535412 Acc= 91.4490
-------------------- Activation= COS (Stage=9) --------------------
NOTE: ABSGCONV convergence criterion satisfied.
NOTE: Singular Hessian at result, nullity=2.
NOTE: COS: Iter=7 Crit=0.03498298: SSE=317.457216 Acc= 91.1963
-------------------- Activation= EXP (Stage=9) --------------------
NOTE: ABSGCONV convergence criterion satisfied.
NOTE: EXP: Iter=1 Crit= 0.0346501: SSE=313.405508 Acc= 91.3227
     ---------- Optimization Cycle (Stage=9) ----------
-------------------- Activation= SQUARE (Stage=9) --------------------
NOTE: FCONV2 convergence criterion satisfied.
NOTE: SQUARE: Iter=27 Crit=7.66638585: SSE=334.415201 Acc= 92.3336
-------------------- Activation= TANH (Stage=9) --------------------
NOTE: FCONV convergence criterion satisfied.
NOTE: TANH: Iter=22 Crit=7.87700084: SSE=325.772492 Acc= 92.1230
-------------------- Activation= ARCTAN (Stage=9) --------------------
NOTE: FCONV convergence criterion satisfied.
NOTE: ARCTAN: Iter=22 Crit=7.83487784: SSE=328.327119 Acc= 92.1651
-------------------- Activation= LOGIST (Stage=9) --------------------
NOTE: FCONV2 convergence criterion satisfied.
NOTE: LOGIST: Iter=21 Crit=8.08761584: SSE=347.481886 Acc= 91.9124
-------------------- Activation= GAUSS (Stage=9) --------------------
NOTE: FCONV convergence criterion satisfied.
NOTE: GAUSS: Iter=18 Crit=8.29823083: SSE=328.236094 Acc= 91.7018
-------------------- Activation= SIN (Stage=9) --------------------
NOTE: FCONV convergence criterion satisfied.
NOTE: SIN: Iter=20 Crit=7.96124684: SSE=321.657103 Acc= 92.0388
-------------------- Activation= COS (Stage=9) --------------------
NOTE: FCONV convergence criterion satisfied.
NOTE: COS: Iter=21 Crit=8.25610783: SSE=324.599431 Acc= 91.7439
-------------------- Activation= EXP (Stage=9) --------------------
NOTE: ABSCONV convergence criterion satisfied.
NOTE: EXP: Iter=21 Crit=7.87700084: SSE=333.525297 Acc= 92.1230
2374 records read
NOTE: The data set EMWS8.DMNEURAL4_ESTIMATE has 146 observations and 151 variables.
2374 records read
NOTE: The data set WORK._OUT_DMNEURAL has 2374 observations and 4 variables.
NOTE: The data set WORK._OUTFIT_DMNEURAL has 11 observations and 9 variables.
*** Total Number of Runs through Data :       52
*** Total Number of NL Optimizations  :       88
*** Total Number of Iterations in NLP :      527
*** Total Number Function Calls in NLP:     2839
NOTE: View EMWS8.BINNING_TRAIN.VIEW used (Total process time):
      real time           1:32.59
      cpu time            1:32.46
      
NOTE: There were 2374 observations read from the data set EMWS8.PART_TRAIN.
NOTE: The PROCEDURE DMNEURL printed pages 549-582.
NOTE: PROCEDURE DMNEURL used (Total process time):
      real time           1:32.61
      cpu time            1:32.47
      

568980     data WORK._OUTFIT_DMNEURAL;
MPRINT(EM_DIAGRAM):    data WORK._OUTFIT_DMNEURAL;
568981     set WORK._OUTFIT_DMNEURAL;
MPRINT(EM_DIAGRAM):   set WORK._OUTFIT_DMNEURAL;
568982     if _TYPE_^='_FITIND_' then delete;
MPRINT(EM_DIAGRAM):   if _TYPE_^='_FITIND_' then delete;
568983     label _STAGE_ = "%sysfunc(sasmsg(sashelp.dmine, rpt_dmneural_label_stage, noquote))"
568983   ! ;
MPRINT(EM_DIAGRAM):   label _STAGE_ = "Training Stage";
568984     _STAGE_=_STAGE_-1;
MPRINT(EM_DIAGRAM):   _STAGE_=_STAGE_-1;

NOTE: There were 11 observations read from the data set WORK._OUTFIT_DMNEURAL.
NOTE: The data set WORK._OUTFIT_DMNEURAL has 10 observations and 9 variables.
NOTE: DATA statement used (Total process time):
      real time           0.00 seconds
      cpu time            0.00 seconds
      

568985     proc transpose data=WORK._OUTFIT_DMNEURAL out=WORK._OUTFIT_DMNEURAL prefix=TRAINING;
MPRINT(EM_DIAGRAM):   proc transpose data=WORK._OUTFIT_DMNEURAL out=WORK._OUTFIT_DMNEURAL 
prefix=TRAINING;

NOTE: There were 10 observations read from the data set WORK._OUTFIT_DMNEURAL.
NOTE: The data set WORK._OUTFIT_DMNEURAL has 6 observations and 12 variables.
NOTE: PROCEDURE TRANSPOSE used (Total process time):
      real time           0.01 seconds
      cpu time            0.01 seconds
      

568986     data WORK._OUTFIT_DMNEURAL;
MPRINT(EM_DIAGRAM):   data WORK._OUTFIT_DMNEURAL;
568987     set WORK._OUTFIT_DMNEURAL;
MPRINT(EM_DIAGRAM):   set WORK._OUTFIT_DMNEURAL;
568988     label _NAME_ = "%sysfunc(sasmsg(sashelp.dmine, rpt_dmneural_label_stat, noquote))";
MPRINT(EM_DIAGRAM):   label _NAME_ = "Statistic";
568989     label _LABEL_ = "%sysfunc(sasmsg(sashelp.dmine, rpt_dmneural_label_statlabel,
568989   ! noquote))";
MPRINT(EM_DIAGRAM):   label _LABEL_ = "Label of Statistic";
568990     rename _NAME_=STATISTIC;
MPRINT(EM_DIAGRAM):   rename _NAME_=STATISTIC;
568991     rename _LABEL_=LABEL;
MPRINT(EM_DIAGRAM):   rename _LABEL_=LABEL;
568992     run;
MPRINT(EM_DIAGRAM):   run;

NOTE: There were 6 observations read from the data set WORK._OUTFIT_DMNEURAL.
NOTE: The data set WORK._OUTFIT_DMNEURAL has 6 observations and 12 variables.
NOTE: DATA statement used (Total process time):
      real time           0.00 seconds
      cpu time            0.00 seconds
      

568993     data WORK._DSSTAGEDMNEURL_35VUB4I;
MPRINT(EM_DIAGRAM):    data WORK._DSSTAGEDMNEURL_35VUB4I;
568994     set EMWS8.DMNeural4_ESTIMATE;
MPRINT(EM_DIAGRAM):   set EMWS8.DMNeural4_ESTIMATE;
568995     by _STAGE_;
MPRINT(EM_DIAGRAM):   by _STAGE_;
568996     if _TYPE_^='_EIGVEC_' then delete;
MPRINT(EM_DIAGRAM):   if _TYPE_^='_EIGVEC_' then delete;
568997     keep _STAGE_ _NAME_;
MPRINT(EM_DIAGRAM):   keep _STAGE_ _NAME_;
568998     if FIRST._STAGE_ then output;
MPRINT(EM_DIAGRAM):   if FIRST._STAGE_ then output;
568999     run;
MPRINT(EM_DIAGRAM):   run;

NOTE: There were 146 observations read from the data set EMWS8.DMNEURAL4_ESTIMATE.
NOTE: The data set WORK._DSSTAGEDMNEURL_35VUB4I has 10 observations and 2 variables.
NOTE: DATA statement used (Total process time):
      real time           0.01 seconds
      cpu time            0.01 seconds
      

569000     data WORK._DSSTDMEANDMNEURL_35VUB4I;
MPRINT(EM_DIAGRAM):    data WORK._DSSTDMEANDMNEURL_35VUB4I;
569001     set EMWS8.DMNeural4_ESTIMATE;
MPRINT(EM_DIAGRAM):   set EMWS8.DMNeural4_ESTIMATE;
569002     if _TYPE_='_STDEV_' or _TYPE_='_MEAN_' then output;
MPRINT(EM_DIAGRAM):   if _TYPE_='_STDEV_' or _TYPE_='_MEAN_' then output;
569003     DROP _TARGET_ _NAME_ _STAGE_ _MEAN_ _STDEV_;
MPRINT(EM_DIAGRAM):   DROP _TARGET_ _NAME_ _STAGE_ _MEAN_ _STDEV_;
569004     run;
MPRINT(EM_DIAGRAM):   run;

NOTE: There were 146 observations read from the data set EMWS8.DMNEURAL4_ESTIMATE.
NOTE: The data set WORK._DSSTDMEANDMNEURL_35VUB4I has 2 observations and 146 variables.
NOTE: DATA statement used (Total process time):
      real time           0.00 seconds
      cpu time            0.00 seconds
      

569005     data WORK._DSPARADMNEURL_35VUB4I;
MPRINT(EM_DIAGRAM):    data WORK._DSPARADMNEURL_35VUB4I;
569006     set EMWS8.DMNeural4_ESTIMATE;
MPRINT(EM_DIAGRAM):   set EMWS8.DMNeural4_ESTIMATE;
569007     if _TYPE_='_PARMS_' then if _STAGE_=0 then output;
MPRINT(EM_DIAGRAM):   if _TYPE_='_PARMS_' then if _STAGE_=0 then output;
569008     if _TYPE_='_PARMS_' then if _STAGE_=1 then output;
MPRINT(EM_DIAGRAM):   if _TYPE_='_PARMS_' then if _STAGE_=1 then output;
569009     if _TYPE_='_PARMS_' then if _STAGE_=2 then output;
MPRINT(EM_DIAGRAM):   if _TYPE_='_PARMS_' then if _STAGE_=2 then output;
569010     if _TYPE_='_PARMS_' then if _STAGE_=3 then output;
MPRINT(EM_DIAGRAM):   if _TYPE_='_PARMS_' then if _STAGE_=3 then output;
569011     if _TYPE_='_PARMS_' then if _STAGE_=4 then output;
MPRINT(EM_DIAGRAM):   if _TYPE_='_PARMS_' then if _STAGE_=4 then output;
569012     if _TYPE_='_PARMS_' then if _STAGE_=5 then output;
MPRINT(EM_DIAGRAM):   if _TYPE_='_PARMS_' then if _STAGE_=5 then output;
569013     if _TYPE_='_PARMS_' then if _STAGE_=6 then output;
MPRINT(EM_DIAGRAM):   if _TYPE_='_PARMS_' then if _STAGE_=6 then output;
569014     if _TYPE_='_PARMS_' then if _STAGE_=7 then output;
MPRINT(EM_DIAGRAM):   if _TYPE_='_PARMS_' then if _STAGE_=7 then output;
569015     if _TYPE_='_PARMS_' then if _STAGE_=8 then output;
MPRINT(EM_DIAGRAM):   if _TYPE_='_PARMS_' then if _STAGE_=8 then output;
569016     if _TYPE_='_PARMS_' then if _STAGE_=9 then output;
MPRINT(EM_DIAGRAM):   if _TYPE_='_PARMS_' then if _STAGE_=9 then output;
569017     run;
MPRINT(EM_DIAGRAM):   run;

NOTE: There were 146 observations read from the data set EMWS8.DMNEURAL4_ESTIMATE.
NOTE: The data set WORK._DSPARADMNEURL_35VUB4I has 80 observations and 151 variables.
NOTE: DATA statement used (Total process time):
      real time           0.00 seconds
      cpu time            0.00 seconds
      

569018     data WORK._DSPARADMNEURL_35VUB4I;
MPRINT(EM_DIAGRAM):    data WORK._DSPARADMNEURL_35VUB4I;
569019     set WORK._DSPARADMNEURL_35VUB4I;
MPRINT(EM_DIAGRAM):   set WORK._DSPARADMNEURL_35VUB4I;
569020     by _STAGE_;
MPRINT(EM_DIAGRAM):   by _STAGE_;
569021     if FIRST._STAGE_ then output;
MPRINT(EM_DIAGRAM):   if FIRST._STAGE_ then output;
569022     DROP _TARGET_ _TYPE_ _MEAN_ _STDEV_ _NAME_ _STAGE_;
MPRINT(EM_DIAGRAM):   DROP _TARGET_ _TYPE_ _MEAN_ _STDEV_ _NAME_ _STAGE_;

NOTE: There were 80 observations read from the data set WORK._DSPARADMNEURL_35VUB4I.
NOTE: The data set WORK._DSPARADMNEURL_35VUB4I has 10 observations and 145 variables.
NOTE: DATA statement used (Total process time):
      real time           0.00 seconds
      cpu time            0.00 seconds
      

569023     proc transpose data=WORK._DSPARADMNEURL_35VUB4I out=WORK._DSPARADMNEURL_35VUB4I
569023   ! prefix=STAGE;
MPRINT(EM_DIAGRAM):   proc transpose data=WORK._DSPARADMNEURL_35VUB4I 
out=WORK._DSPARADMNEURL_35VUB4I prefix=STAGE;

NOTE: There were 10 observations read from the data set WORK._DSPARADMNEURL_35VUB4I.
NOTE: The data set WORK._DSPARADMNEURL_35VUB4I has 145 observations and 12 variables.
NOTE: PROCEDURE TRANSPOSE used (Total process time):
      real time           0.01 seconds
      cpu time            0.01 seconds
      

569024     proc transpose data=WORK._DSPARADMNEURL_35VUB4I out=WORK._DSPARADMNEURL_35VUB4I
569024   ! prefix=PARA;
MPRINT(EM_DIAGRAM):   proc transpose data=WORK._DSPARADMNEURL_35VUB4I 
out=WORK._DSPARADMNEURL_35VUB4I prefix=PARA;
569025     run;
MPRINT(EM_DIAGRAM):   run;

NOTE: There were 145 observations read from the data set WORK._DSPARADMNEURL_35VUB4I.
NOTE: The data set WORK._DSPARADMNEURL_35VUB4I has 10 observations and 146 variables.
NOTE: PROCEDURE TRANSPOSE used (Total process time):
      real time           0.00 seconds
      cpu time            0.00 seconds
      

569026     data WORK._OUTCLASSDMNEURL_35VUB4I;
MPRINT(EM_DIAGRAM):    data WORK._OUTCLASSDMNEURL_35VUB4I;
569027     set WORK._OUTCLASSDMNEURL_35VUB4I;
MPRINT(EM_DIAGRAM):   set WORK._OUTCLASSDMNEURL_35VUB4I;
569028     if upcase(_VAR_)=upcase('DepVar') then delete;
MPRINT(EM_DIAGRAM):   if upcase(_VAR_)=upcase('DepVar') then delete;
569029     run;
MPRINT(EM_DIAGRAM):   run;

NOTE: There were 146 observations read from the data set WORK._OUTCLASSDMNEURL_35VUB4I.
NOTE: The data set WORK._OUTCLASSDMNEURL_35VUB4I has 144 observations and 3 variables.
NOTE: DATA statement used (Total process time):
      real time           0.01 seconds
      cpu time            0.00 seconds
      

569030     data WORK._SPRIN0;
MPRINT(EM_DIAGRAM):    data WORK._SPRIN0;
569031     set EMWS8.DMNeural4_ESTIMATE;
MPRINT(EM_DIAGRAM):   set EMWS8.DMNeural4_ESTIMATE;
569032     if _TYPE_^='_EIGVEC_' then delete;
MPRINT(EM_DIAGRAM):   if _TYPE_^='_EIGVEC_' then delete;
569033     if _STAGE_ ^='0' then delete;
MPRINT(EM_DIAGRAM):   if _STAGE_ ^='0' then delete;
569034     drop _TARGET_ _TYPE_ _STAGE_ _NAME_ _MEAN_ _STDEV_;
MPRINT(EM_DIAGRAM):   drop _TARGET_ _TYPE_ _STAGE_ _NAME_ _MEAN_ _STDEV_;

NOTE: Character values have been converted to numeric values at the places given by: 
      (Line):(Column).
      569033:14   
NOTE: There were 146 observations read from the data set EMWS8.DMNEURAL4_ESTIMATE.
NOTE: The data set WORK._SPRIN0 has 6 observations and 145 variables.
NOTE: DATA statement used (Total process time):
      real time           0.00 seconds
      cpu time            0.00 seconds
      

569035     proc transpose data=WORK._SPRIN0 out=WORK._SPRIN0 prefix=_SPRIN0;
MPRINT(EM_DIAGRAM):   proc transpose data=WORK._SPRIN0 out=WORK._SPRIN0 prefix=_SPRIN0;

NOTE: There were 6 observations read from the data set WORK._SPRIN0.
NOTE: The data set WORK._SPRIN0 has 145 observations and 8 variables.
NOTE: PROCEDURE TRANSPOSE used (Total process time):
      real time           0.00 seconds
      cpu time            0.00 seconds
      

569036     data WORK._SPRIN0;
MPRINT(EM_DIAGRAM):   data WORK._SPRIN0;
569037     set WORK._SPRIN0;
MPRINT(EM_DIAGRAM):   set WORK._SPRIN0;
569038     if _SPRIN01=. then delete;
MPRINT(EM_DIAGRAM):   if _SPRIN01=. then delete;
569039     /* to delete _v_ variables */

NOTE: There were 145 observations read from the data set WORK._SPRIN0.
NOTE: The data set WORK._SPRIN0 has 145 observations and 8 variables.
NOTE: DATA statement used (Total process time):
      real time           0.01 seconds
      cpu time            0.01 seconds
      

569040     proc transpose data=WORK._SPRIN0 out=WORK._SPRIN0;
MPRINT(EM_DIAGRAM):   proc transpose data=WORK._SPRIN0 out=WORK._SPRIN0;
569041     run;
MPRINT(EM_DIAGRAM):   run;

NOTE: There were 145 observations read from the data set WORK._SPRIN0.
NOTE: The data set WORK._SPRIN0 has 6 observations and 146 variables.
NOTE: PROCEDURE TRANSPOSE used (Total process time):
      real time           0.00 seconds
      cpu time            0.00 seconds
      

569042     data WORK._SPRIN1;
MPRINT(EM_DIAGRAM):    data WORK._SPRIN1;
569043     set EMWS8.DMNeural4_ESTIMATE;
MPRINT(EM_DIAGRAM):   set EMWS8.DMNeural4_ESTIMATE;
569044     if _TYPE_^='_EIGVEC_' then delete;
MPRINT(EM_DIAGRAM):   if _TYPE_^='_EIGVEC_' then delete;
569045     if _STAGE_ ^='1' then delete;
MPRINT(EM_DIAGRAM):   if _STAGE_ ^='1' then delete;
569046     drop _TARGET_ _TYPE_ _STAGE_ _NAME_ _MEAN_ _STDEV_;
MPRINT(EM_DIAGRAM):   drop _TARGET_ _TYPE_ _STAGE_ _NAME_ _MEAN_ _STDEV_;

NOTE: Character values have been converted to numeric values at the places given by: 
      (Line):(Column).
      569045:14   
NOTE: There were 146 observations read from the data set EMWS8.DMNEURAL4_ESTIMATE.
NOTE: The data set WORK._SPRIN1 has 6 observations and 145 variables.
NOTE: DATA statement used (Total process time):
      real time           0.01 seconds
      cpu time            0.01 seconds
      

569047     proc transpose data=WORK._SPRIN1 out=WORK._SPRIN1 prefix=_SPRIN1;
MPRINT(EM_DIAGRAM):   proc transpose data=WORK._SPRIN1 out=WORK._SPRIN1 prefix=_SPRIN1;

NOTE: There were 6 observations read from the data set WORK._SPRIN1.
NOTE: The data set WORK._SPRIN1 has 145 observations and 8 variables.
NOTE: PROCEDURE TRANSPOSE used (Total process time):
      real time           0.00 seconds
      cpu time            0.00 seconds
      

569048     data WORK._SPRIN1;
MPRINT(EM_DIAGRAM):   data WORK._SPRIN1;
569049     set WORK._SPRIN1;
MPRINT(EM_DIAGRAM):   set WORK._SPRIN1;
569050     if _SPRIN11=. then delete;
MPRINT(EM_DIAGRAM):   if _SPRIN11=. then delete;
569051     /* to delete _v_ variables */

NOTE: There were 145 observations read from the data set WORK._SPRIN1.
NOTE: The data set WORK._SPRIN1 has 145 observations and 8 variables.
NOTE: DATA statement used (Total process time):
      real time           0.00 seconds
      cpu time            0.00 seconds
      

569052     proc transpose data=WORK._SPRIN1 out=WORK._SPRIN1;
MPRINT(EM_DIAGRAM):   proc transpose data=WORK._SPRIN1 out=WORK._SPRIN1;
569053     run;
MPRINT(EM_DIAGRAM):   run;

NOTE: There were 145 observations read from the data set WORK._SPRIN1.
NOTE: The data set WORK._SPRIN1 has 6 observations and 146 variables.
NOTE: PROCEDURE TRANSPOSE used (Total process time):
      real time           0.00 seconds
      cpu time            0.00 seconds
      

569054     data WORK._SPRIN2;
MPRINT(EM_DIAGRAM):    data WORK._SPRIN2;
569055     set EMWS8.DMNeural4_ESTIMATE;
MPRINT(EM_DIAGRAM):   set EMWS8.DMNeural4_ESTIMATE;
569056     if _TYPE_^='_EIGVEC_' then delete;
MPRINT(EM_DIAGRAM):   if _TYPE_^='_EIGVEC_' then delete;
569057     if _STAGE_ ^='2' then delete;
MPRINT(EM_DIAGRAM):   if _STAGE_ ^='2' then delete;
569058     drop _TARGET_ _TYPE_ _STAGE_ _NAME_ _MEAN_ _STDEV_;
MPRINT(EM_DIAGRAM):   drop _TARGET_ _TYPE_ _STAGE_ _NAME_ _MEAN_ _STDEV_;

NOTE: Character values have been converted to numeric values at the places given by: 
      (Line):(Column).
      569057:14   
NOTE: There were 146 observations read from the data set EMWS8.DMNEURAL4_ESTIMATE.
NOTE: The data set WORK._SPRIN2 has 6 observations and 145 variables.
NOTE: DATA statement used (Total process time):
      real time           0.00 seconds
      cpu time            0.00 seconds
      

569059     proc transpose data=WORK._SPRIN2 out=WORK._SPRIN2 prefix=_SPRIN2;
MPRINT(EM_DIAGRAM):   proc transpose data=WORK._SPRIN2 out=WORK._SPRIN2 prefix=_SPRIN2;

NOTE: There were 6 observations read from the data set WORK._SPRIN2.
NOTE: The data set WORK._SPRIN2 has 145 observations and 8 variables.
NOTE: PROCEDURE TRANSPOSE used (Total process time):
      real time           0.01 seconds
      cpu time            0.01 seconds
      

569060     data WORK._SPRIN2;
MPRINT(EM_DIAGRAM):   data WORK._SPRIN2;
569061     set WORK._SPRIN2;
MPRINT(EM_DIAGRAM):   set WORK._SPRIN2;
569062     if _SPRIN21=. then delete;
MPRINT(EM_DIAGRAM):   if _SPRIN21=. then delete;
569063     /* to delete _v_ variables */

NOTE: There were 145 observations read from the data set WORK._SPRIN2.
NOTE: The data set WORK._SPRIN2 has 145 observations and 8 variables.
NOTE: DATA statement used (Total process time):
      real time           0.00 seconds
      cpu time            0.00 seconds
      

569064     proc transpose data=WORK._SPRIN2 out=WORK._SPRIN2;
MPRINT(EM_DIAGRAM):   proc transpose data=WORK._SPRIN2 out=WORK._SPRIN2;
569065     run;
MPRINT(EM_DIAGRAM):   run;

NOTE: There were 145 observations read from the data set WORK._SPRIN2.
NOTE: The data set WORK._SPRIN2 has 6 observations and 146 variables.
NOTE: PROCEDURE TRANSPOSE used (Total process time):
      real time           0.01 seconds
      cpu time            0.01 seconds
      

569066     data WORK._SPRIN3;
MPRINT(EM_DIAGRAM):    data WORK._SPRIN3;
569067     set EMWS8.DMNeural4_ESTIMATE;
MPRINT(EM_DIAGRAM):   set EMWS8.DMNeural4_ESTIMATE;
569068     if _TYPE_^='_EIGVEC_' then delete;
MPRINT(EM_DIAGRAM):   if _TYPE_^='_EIGVEC_' then delete;
569069     if _STAGE_ ^='3' then delete;
MPRINT(EM_DIAGRAM):   if _STAGE_ ^='3' then delete;
569070     drop _TARGET_ _TYPE_ _STAGE_ _NAME_ _MEAN_ _STDEV_;
MPRINT(EM_DIAGRAM):   drop _TARGET_ _TYPE_ _STAGE_ _NAME_ _MEAN_ _STDEV_;

NOTE: Character values have been converted to numeric values at the places given by: 
      (Line):(Column).
      569069:14   
NOTE: There were 146 observations read from the data set EMWS8.DMNEURAL4_ESTIMATE.
NOTE: The data set WORK._SPRIN3 has 6 observations and 145 variables.
NOTE: DATA statement used (Total process time):
      real time           0.00 seconds
      cpu time            0.00 seconds
      

569071     proc transpose data=WORK._SPRIN3 out=WORK._SPRIN3 prefix=_SPRIN3;
MPRINT(EM_DIAGRAM):   proc transpose data=WORK._SPRIN3 out=WORK._SPRIN3 prefix=_SPRIN3;

NOTE: There were 6 observations read from the data set WORK._SPRIN3.
NOTE: The data set WORK._SPRIN3 has 145 observations and 8 variables.
NOTE: PROCEDURE TRANSPOSE used (Total process time):
      real time           0.01 seconds
      cpu time            0.01 seconds
      

569072     data WORK._SPRIN3;
MPRINT(EM_DIAGRAM):   data WORK._SPRIN3;
569073     set WORK._SPRIN3;
MPRINT(EM_DIAGRAM):   set WORK._SPRIN3;
569074     if _SPRIN31=. then delete;
MPRINT(EM_DIAGRAM):   if _SPRIN31=. then delete;
569075     /* to delete _v_ variables */

NOTE: There were 145 observations read from the data set WORK._SPRIN3.
NOTE: The data set WORK._SPRIN3 has 145 observations and 8 variables.
NOTE: DATA statement used (Total process time):
      real time           0.00 seconds
      cpu time            0.00 seconds
      

569076     proc transpose data=WORK._SPRIN3 out=WORK._SPRIN3;
MPRINT(EM_DIAGRAM):   proc transpose data=WORK._SPRIN3 out=WORK._SPRIN3;
569077     run;
MPRINT(EM_DIAGRAM):   run;

NOTE: There were 145 observations read from the data set WORK._SPRIN3.
NOTE: The data set WORK._SPRIN3 has 6 observations and 146 variables.
NOTE: PROCEDURE TRANSPOSE used (Total process time):
      real time           0.00 seconds
      cpu time            0.00 seconds
      

569078     data WORK._SPRIN4;
MPRINT(EM_DIAGRAM):    data WORK._SPRIN4;
569079     set EMWS8.DMNeural4_ESTIMATE;
MPRINT(EM_DIAGRAM):   set EMWS8.DMNeural4_ESTIMATE;
569080     if _TYPE_^='_EIGVEC_' then delete;
MPRINT(EM_DIAGRAM):   if _TYPE_^='_EIGVEC_' then delete;
569081     if _STAGE_ ^='4' then delete;
MPRINT(EM_DIAGRAM):   if _STAGE_ ^='4' then delete;
569082     drop _TARGET_ _TYPE_ _STAGE_ _NAME_ _MEAN_ _STDEV_;
MPRINT(EM_DIAGRAM):   drop _TARGET_ _TYPE_ _STAGE_ _NAME_ _MEAN_ _STDEV_;

NOTE: Character values have been converted to numeric values at the places given by: 
      (Line):(Column).
      569081:14   
NOTE: There were 146 observations read from the data set EMWS8.DMNEURAL4_ESTIMATE.
NOTE: The data set WORK._SPRIN4 has 6 observations and 145 variables.
NOTE: DATA statement used (Total process time):
      real time           0.00 seconds
      cpu time            0.00 seconds
      

569083     proc transpose data=WORK._SPRIN4 out=WORK._SPRIN4 prefix=_SPRIN4;
MPRINT(EM_DIAGRAM):   proc transpose data=WORK._SPRIN4 out=WORK._SPRIN4 prefix=_SPRIN4;

NOTE: There were 6 observations read from the data set WORK._SPRIN4.
NOTE: The data set WORK._SPRIN4 has 145 observations and 8 variables.
NOTE: PROCEDURE TRANSPOSE used (Total process time):
      real time           0.00 seconds
      cpu time            0.00 seconds
      

569084     data WORK._SPRIN4;
MPRINT(EM_DIAGRAM):   data WORK._SPRIN4;
569085     set WORK._SPRIN4;
MPRINT(EM_DIAGRAM):   set WORK._SPRIN4;
569086     if _SPRIN41=. then delete;
MPRINT(EM_DIAGRAM):   if _SPRIN41=. then delete;
569087     /* to delete _v_ variables */

NOTE: There were 145 observations read from the data set WORK._SPRIN4.
NOTE: The data set WORK._SPRIN4 has 145 observations and 8 variables.
NOTE: DATA statement used (Total process time):
      real time           0.01 seconds
      cpu time            0.01 seconds
      

569088     proc transpose data=WORK._SPRIN4 out=WORK._SPRIN4;
MPRINT(EM_DIAGRAM):   proc transpose data=WORK._SPRIN4 out=WORK._SPRIN4;
569089     run;
MPRINT(EM_DIAGRAM):   run;

NOTE: There were 145 observations read from the data set WORK._SPRIN4.
NOTE: The data set WORK._SPRIN4 has 6 observations and 146 variables.
NOTE: PROCEDURE TRANSPOSE used (Total process time):
      real time           0.00 seconds
      cpu time            0.00 seconds
      

569090     data WORK._SPRIN5;
MPRINT(EM_DIAGRAM):    data WORK._SPRIN5;
569091     set EMWS8.DMNeural4_ESTIMATE;
MPRINT(EM_DIAGRAM):   set EMWS8.DMNeural4_ESTIMATE;
569092     if _TYPE_^='_EIGVEC_' then delete;
MPRINT(EM_DIAGRAM):   if _TYPE_^='_EIGVEC_' then delete;
569093     if _STAGE_ ^='5' then delete;
MPRINT(EM_DIAGRAM):   if _STAGE_ ^='5' then delete;
569094     drop _TARGET_ _TYPE_ _STAGE_ _NAME_ _MEAN_ _STDEV_;
MPRINT(EM_DIAGRAM):   drop _TARGET_ _TYPE_ _STAGE_ _NAME_ _MEAN_ _STDEV_;

NOTE: Character values have been converted to numeric values at the places given by: 
      (Line):(Column).
      569093:14   
NOTE: There were 146 observations read from the data set EMWS8.DMNEURAL4_ESTIMATE.
NOTE: The data set WORK._SPRIN5 has 6 observations and 145 variables.
NOTE: DATA statement used (Total process time):
      real time           0.01 seconds
      cpu time            0.01 seconds
      

569095     proc transpose data=WORK._SPRIN5 out=WORK._SPRIN5 prefix=_SPRIN5;
MPRINT(EM_DIAGRAM):   proc transpose data=WORK._SPRIN5 out=WORK._SPRIN5 prefix=_SPRIN5;

NOTE: There were 6 observations read from the data set WORK._SPRIN5.
NOTE: The data set WORK._SPRIN5 has 145 observations and 8 variables.
NOTE: PROCEDURE TRANSPOSE used (Total process time):
      real time           0.00 seconds
      cpu time            0.00 seconds
      

569096     data WORK._SPRIN5;
MPRINT(EM_DIAGRAM):   data WORK._SPRIN5;
569097     set WORK._SPRIN5;
MPRINT(EM_DIAGRAM):   set WORK._SPRIN5;
569098     if _SPRIN51=. then delete;
MPRINT(EM_DIAGRAM):   if _SPRIN51=. then delete;
569099     /* to delete _v_ variables */

NOTE: There were 145 observations read from the data set WORK._SPRIN5.
NOTE: The data set WORK._SPRIN5 has 145 observations and 8 variables.
NOTE: DATA statement used (Total process time):
      real time           0.01 seconds
      cpu time            0.01 seconds
      

569100     proc transpose data=WORK._SPRIN5 out=WORK._SPRIN5;
MPRINT(EM_DIAGRAM):   proc transpose data=WORK._SPRIN5 out=WORK._SPRIN5;
569101     run;
MPRINT(EM_DIAGRAM):   run;

NOTE: There were 145 observations read from the data set WORK._SPRIN5.
NOTE: The data set WORK._SPRIN5 has 6 observations and 146 variables.
NOTE: PROCEDURE TRANSPOSE used (Total process time):
      real time           0.00 seconds
      cpu time            0.00 seconds
      

569102     data WORK._SPRIN6;
MPRINT(EM_DIAGRAM):    data WORK._SPRIN6;
569103     set EMWS8.DMNeural4_ESTIMATE;
MPRINT(EM_DIAGRAM):   set EMWS8.DMNeural4_ESTIMATE;
569104     if _TYPE_^='_EIGVEC_' then delete;
MPRINT(EM_DIAGRAM):   if _TYPE_^='_EIGVEC_' then delete;
569105     if _STAGE_ ^='6' then delete;
MPRINT(EM_DIAGRAM):   if _STAGE_ ^='6' then delete;
569106     drop _TARGET_ _TYPE_ _STAGE_ _NAME_ _MEAN_ _STDEV_;
MPRINT(EM_DIAGRAM):   drop _TARGET_ _TYPE_ _STAGE_ _NAME_ _MEAN_ _STDEV_;

NOTE: Character values have been converted to numeric values at the places given by: 
      (Line):(Column).
      569105:14   
NOTE: There were 146 observations read from the data set EMWS8.DMNEURAL4_ESTIMATE.
NOTE: The data set WORK._SPRIN6 has 6 observations and 145 variables.
NOTE: DATA statement used (Total process time):
      real time           0.01 seconds
      cpu time            0.00 seconds
      

569107     proc transpose data=WORK._SPRIN6 out=WORK._SPRIN6 prefix=_SPRIN6;
MPRINT(EM_DIAGRAM):   proc transpose data=WORK._SPRIN6 out=WORK._SPRIN6 prefix=_SPRIN6;

NOTE: There were 6 observations read from the data set WORK._SPRIN6.
NOTE: The data set WORK._SPRIN6 has 145 observations and 8 variables.
NOTE: PROCEDURE TRANSPOSE used (Total process time):
      real time           0.00 seconds
      cpu time            0.00 seconds
      

569108     data WORK._SPRIN6;
MPRINT(EM_DIAGRAM):   data WORK._SPRIN6;
569109     set WORK._SPRIN6;
MPRINT(EM_DIAGRAM):   set WORK._SPRIN6;
569110     if _SPRIN61=. then delete;
MPRINT(EM_DIAGRAM):   if _SPRIN61=. then delete;
569111     /* to delete _v_ variables */

NOTE: There were 145 observations read from the data set WORK._SPRIN6.
NOTE: The data set WORK._SPRIN6 has 145 observations and 8 variables.
NOTE: DATA statement used (Total process time):
      real time           0.00 seconds
      cpu time            0.00 seconds
      

569112     proc transpose data=WORK._SPRIN6 out=WORK._SPRIN6;
MPRINT(EM_DIAGRAM):   proc transpose data=WORK._SPRIN6 out=WORK._SPRIN6;
569113     run;
MPRINT(EM_DIAGRAM):   run;

NOTE: There were 145 observations read from the data set WORK._SPRIN6.
NOTE: The data set WORK._SPRIN6 has 6 observations and 146 variables.
NOTE: PROCEDURE TRANSPOSE used (Total process time):
      real time           0.00 seconds
      cpu time            0.00 seconds
      

569114     data WORK._SPRIN7;
MPRINT(EM_DIAGRAM):    data WORK._SPRIN7;
569115     set EMWS8.DMNeural4_ESTIMATE;
MPRINT(EM_DIAGRAM):   set EMWS8.DMNeural4_ESTIMATE;
569116     if _TYPE_^='_EIGVEC_' then delete;
MPRINT(EM_DIAGRAM):   if _TYPE_^='_EIGVEC_' then delete;
569117     if _STAGE_ ^='7' then delete;
MPRINT(EM_DIAGRAM):   if _STAGE_ ^='7' then delete;
569118     drop _TARGET_ _TYPE_ _STAGE_ _NAME_ _MEAN_ _STDEV_;
MPRINT(EM_DIAGRAM):   drop _TARGET_ _TYPE_ _STAGE_ _NAME_ _MEAN_ _STDEV_;

NOTE: Character values have been converted to numeric values at the places given by: 
      (Line):(Column).
      569117:14   
NOTE: There were 146 observations read from the data set EMWS8.DMNEURAL4_ESTIMATE.
NOTE: The data set WORK._SPRIN7 has 6 observations and 145 variables.
NOTE: DATA statement used (Total process time):
      real time           0.00 seconds
      cpu time            0.00 seconds
      

569119     proc transpose data=WORK._SPRIN7 out=WORK._SPRIN7 prefix=_SPRIN7;
MPRINT(EM_DIAGRAM):   proc transpose data=WORK._SPRIN7 out=WORK._SPRIN7 prefix=_SPRIN7;

NOTE: There were 6 observations read from the data set WORK._SPRIN7.
NOTE: The data set WORK._SPRIN7 has 145 observations and 8 variables.
NOTE: PROCEDURE TRANSPOSE used (Total process time):
      real time           0.00 seconds
      cpu time            0.00 seconds
      

569120     data WORK._SPRIN7;
MPRINT(EM_DIAGRAM):   data WORK._SPRIN7;
569121     set WORK._SPRIN7;
MPRINT(EM_DIAGRAM):   set WORK._SPRIN7;
569122     if _SPRIN71=. then delete;
MPRINT(EM_DIAGRAM):   if _SPRIN71=. then delete;
569123     /* to delete _v_ variables */

NOTE: There were 145 observations read from the data set WORK._SPRIN7.
NOTE: The data set WORK._SPRIN7 has 145 observations and 8 variables.
NOTE: DATA statement used (Total process time):
      real time           0.00 seconds
      cpu time            0.00 seconds
      

569124     proc transpose data=WORK._SPRIN7 out=WORK._SPRIN7;
MPRINT(EM_DIAGRAM):   proc transpose data=WORK._SPRIN7 out=WORK._SPRIN7;
569125     run;
MPRINT(EM_DIAGRAM):   run;

NOTE: There were 145 observations read from the data set WORK._SPRIN7.
NOTE: The data set WORK._SPRIN7 has 6 observations and 146 variables.
NOTE: PROCEDURE TRANSPOSE used (Total process time):
      real time           0.01 seconds
      cpu time            0.01 seconds
      

569126     data WORK._SPRIN8;
MPRINT(EM_DIAGRAM):    data WORK._SPRIN8;
569127     set EMWS8.DMNeural4_ESTIMATE;
MPRINT(EM_DIAGRAM):   set EMWS8.DMNeural4_ESTIMATE;
569128     if _TYPE_^='_EIGVEC_' then delete;
MPRINT(EM_DIAGRAM):   if _TYPE_^='_EIGVEC_' then delete;
569129     if _STAGE_ ^='8' then delete;
MPRINT(EM_DIAGRAM):   if _STAGE_ ^='8' then delete;
569130     drop _TARGET_ _TYPE_ _STAGE_ _NAME_ _MEAN_ _STDEV_;
MPRINT(EM_DIAGRAM):   drop _TARGET_ _TYPE_ _STAGE_ _NAME_ _MEAN_ _STDEV_;

NOTE: Character values have been converted to numeric values at the places given by: 
      (Line):(Column).
      569129:14   
NOTE: There were 146 observations read from the data set EMWS8.DMNEURAL4_ESTIMATE.
NOTE: The data set WORK._SPRIN8 has 6 observations and 145 variables.
NOTE: DATA statement used (Total process time):
      real time           0.00 seconds
      cpu time            0.00 seconds
      

569131     proc transpose data=WORK._SPRIN8 out=WORK._SPRIN8 prefix=_SPRIN8;
MPRINT(EM_DIAGRAM):   proc transpose data=WORK._SPRIN8 out=WORK._SPRIN8 prefix=_SPRIN8;

NOTE: There were 6 observations read from the data set WORK._SPRIN8.
NOTE: The data set WORK._SPRIN8 has 145 observations and 8 variables.
NOTE: PROCEDURE TRANSPOSE used (Total process time):
      real time           0.01 seconds
      cpu time            0.01 seconds
      

569132     data WORK._SPRIN8;
MPRINT(EM_DIAGRAM):   data WORK._SPRIN8;
569133     set WORK._SPRIN8;
MPRINT(EM_DIAGRAM):   set WORK._SPRIN8;
569134     if _SPRIN81=. then delete;
MPRINT(EM_DIAGRAM):   if _SPRIN81=. then delete;
569135     /* to delete _v_ variables */

NOTE: There were 145 observations read from the data set WORK._SPRIN8.
NOTE: The data set WORK._SPRIN8 has 145 observations and 8 variables.
NOTE: DATA statement used (Total process time):
      real time           0.00 seconds
      cpu time            0.00 seconds
      

569136     proc transpose data=WORK._SPRIN8 out=WORK._SPRIN8;
MPRINT(EM_DIAGRAM):   proc transpose data=WORK._SPRIN8 out=WORK._SPRIN8;
569137     run;
MPRINT(EM_DIAGRAM):   run;

NOTE: There were 145 observations read from the data set WORK._SPRIN8.
NOTE: The data set WORK._SPRIN8 has 6 observations and 146 variables.
NOTE: PROCEDURE TRANSPOSE used (Total process time):
      real time           0.01 seconds
      cpu time            0.01 seconds
      

569138     data WORK._SPRIN9;
MPRINT(EM_DIAGRAM):    data WORK._SPRIN9;
569139     set EMWS8.DMNeural4_ESTIMATE;
MPRINT(EM_DIAGRAM):   set EMWS8.DMNeural4_ESTIMATE;
569140     if _TYPE_^='_EIGVEC_' then delete;
MPRINT(EM_DIAGRAM):   if _TYPE_^='_EIGVEC_' then delete;
569141     if _STAGE_ ^='9' then delete;
MPRINT(EM_DIAGRAM):   if _STAGE_ ^='9' then delete;
569142     drop _TARGET_ _TYPE_ _STAGE_ _NAME_ _MEAN_ _STDEV_;
MPRINT(EM_DIAGRAM):   drop _TARGET_ _TYPE_ _STAGE_ _NAME_ _MEAN_ _STDEV_;

NOTE: Character values have been converted to numeric values at the places given by: 
      (Line):(Column).
      569141:14   
NOTE: There were 146 observations read from the data set EMWS8.DMNEURAL4_ESTIMATE.
NOTE: The data set WORK._SPRIN9 has 6 observations and 145 variables.
NOTE: DATA statement used (Total process time):
      real time           0.00 seconds
      cpu time            0.00 seconds
      

569143     proc transpose data=WORK._SPRIN9 out=WORK._SPRIN9 prefix=_SPRIN9;
MPRINT(EM_DIAGRAM):   proc transpose data=WORK._SPRIN9 out=WORK._SPRIN9 prefix=_SPRIN9;

NOTE: There were 6 observations read from the data set WORK._SPRIN9.
NOTE: The data set WORK._SPRIN9 has 145 observations and 8 variables.
NOTE: PROCEDURE TRANSPOSE used (Total process time):
      real time           0.01 seconds
      cpu time            0.01 seconds
      

569144     data WORK._SPRIN9;
MPRINT(EM_DIAGRAM):   data WORK._SPRIN9;
569145     set WORK._SPRIN9;
MPRINT(EM_DIAGRAM):   set WORK._SPRIN9;
569146     if _SPRIN91=. then delete;
MPRINT(EM_DIAGRAM):   if _SPRIN91=. then delete;
569147     /* to delete _v_ variables */

NOTE: There were 145 observations read from the data set WORK._SPRIN9.
NOTE: The data set WORK._SPRIN9 has 145 observations and 8 variables.
NOTE: DATA statement used (Total process time):
      real time           0.00 seconds
      cpu time            0.00 seconds
      

569148     proc transpose data=WORK._SPRIN9 out=WORK._SPRIN9;
MPRINT(EM_DIAGRAM):   proc transpose data=WORK._SPRIN9 out=WORK._SPRIN9;
569149     run;
MPRINT(EM_DIAGRAM):   run;

NOTE: There were 145 observations read from the data set WORK._SPRIN9.
NOTE: The data set WORK._SPRIN9 has 6 observations and 146 variables.
NOTE: PROCEDURE TRANSPOSE used (Total process time):
      real time           0.01 seconds
      cpu time            0.01 seconds
      

MPRINT(EM_DIAGRAM):    proc printto;
MPRINT(EM_DIAGRAM):   run;
