 
                                                                                               
 
 
Fit Statistics

Target=DepVar Target Label=DepVar

   Fit
Statistics    Statistics Label                     Train    Validation

 _ASE_        Average Squared Error                 0.01         0.03 
 _DIV_        Divisor for ASE                    4748.00      2036.00 
 _MAX_        Maximum Absolute Error                0.98         1.00 
 _NOBS_       Sum of Frequencies                 2374.00      1018.00 
 _RASE_       Root Average Squared Error            0.10         0.18 
 _SSE_        Sum of Squared Errors                49.56        63.73 
 _DISF_       Frequency of Classified Cases      2374.00      1018.00 
 _MISC_       Misclassification Rate                0.01         0.04 
 _WRONG_      Number of Wrong Classifications      27.00        39.00 
 
                                                                                               
 
 
Classification Table

Data Role=TRAIN Target Variable=DepVar Target Label=DepVar

                       Target        Outcome     Frequency       Total
Target    Outcome    Percentage    Percentage      Count      Percentage

  0          0         99.0138       99.6526        2008        84.5830 
  1          0          0.9862        5.5710          20         0.8425 
  0          1          2.0231        0.3474           7         0.2949 
  1          1         97.9769       94.4290         339        14.2797 


Data Role=VALIDATE Target Variable=DepVar Target Label=DepVar

                       Target        Outcome     Frequency       Total
Target    Outcome    Percentage    Percentage      Count      Percentage

  0          0         97.4654       98.0301        846         83.1041 
  1          0          2.5346       14.1935         22          2.1611 
  0          1         11.3333        1.9699         17          1.6699 
  1          1         88.6667       85.8065        133         13.0648 
 
                                                                                               
 
 
Event Classification Table

Data Role=TRAIN Target=DepVar Target Label=DepVar

  False       True        False       True
Negative    Negative    Positive    Positive

   20         2008          7          339  


Data Role=VALIDATE Target=DepVar Target Label=DepVar

  False       True        False       True
Negative    Negative    Positive    Positive

   22          846         17          133  
 
                                                                                               
 
 
Assessment Score Rankings

Data Role=TRAIN Target Variable=DepVar Target Label=DepVar

                                                                                    Mean
                            Cumulative       %      Cumulative     Number of     Posterior
Depth      Gain     Lift       Lift      Response   % Response   Observations   Probability

   5    561.281   6.61281     6.61281     100.000     100.000         119         0.99966  
  10    561.281   6.61281     6.61281     100.000     100.000         119         0.98948  
  15    533.496   5.77927     6.33496      87.395      95.798         119         0.79146  
  20    392.829   0.67249     4.92829      10.169      74.526         118         0.17705  
  25    299.663   0.27785     3.99663       4.202      60.438         119         0.04129  
  30    232.959   0.00000     3.32959       0.000      50.351         119         0.01101  
  35    185.680   0.00000     2.85680       0.000      43.201         118         0.00393  
  40    149.895   0.00000     2.49895       0.000      37.789         119         0.00189  
  45    122.077   0.00000     2.22077       0.000      33.583         119         0.00102  
  50    100.000   0.00000     2.00000       0.000      30.244         118         0.00062  
  55     81.776   0.00000     1.81776       0.000      27.489         119         0.00044  
  60     66.596   0.00000     1.66596       0.000      25.193         119         0.00034  
  65     53.756   0.00000     1.53756       0.000      23.251         119         0.00027  
  70     42.840   0.00000     1.42840       0.000      21.600         118         0.00018  
  75     33.296   0.00000     1.33296       0.000      20.157         119         0.00009  
  80     24.947   0.00000     1.24947       0.000      18.895         119         0.00004  
  85     17.641   0.00000     1.17641       0.000      17.790         118         0.00002  
  90     11.090   0.00000     1.11090       0.000      16.799         119         0.00001  
  95      5.230   0.00000     1.05230       0.000      15.913         119         0.00001  
 100      0.000   0.00000     1.00000       0.000      15.122         118         0.00001  


Data Role=VALIDATE Target Variable=DepVar Target Label=DepVar

                                                                                    Mean
                            Cumulative       %      Cumulative     Number of     Posterior
Depth      Gain     Lift       Lift      Response   % Response   Observations   Probability

   5    556.774   6.56774     6.56774     100.000     100.000         51          0.99968  
  10    531.018   6.05262     6.31018      92.157      96.078         51          0.99166  
  15    475.214   4.63605     5.75214      70.588      87.582         51          0.78823  
  20    370.044   1.54535     4.70044      23.529      71.569         51          0.16279  
  25    288.913   0.64390     3.88913       9.804      59.216         51          0.03288  
  30    228.387   0.25756     3.28387       3.922      50.000         51          0.01015  
  35    183.314   0.12878     2.83314       1.961      43.137         51          0.00415  
  40    147.900   0.00000     2.47900       0.000      37.745         51          0.00146  
  45    121.786   0.12878     2.21786       1.961      33.769         51          0.00083  
  50    100.000   0.00000     2.00000       0.000      30.452         50          0.00058  
  55     81.786   0.00000     1.81786       0.000      27.679         51          0.00042  
  60     66.612   0.00000     1.66612       0.000      25.368         51          0.00033  
  65     53.776   0.00000     1.53776       0.000      23.414         51          0.00027  
  70     42.777   0.00000     1.42777       0.000      21.739         51          0.00019  
  75     33.246   0.00000     1.33246       0.000      20.288         51          0.00011  
  80     24.908   0.00000     1.24908       0.000      19.018         51          0.00006  
  85     17.552   0.00000     1.17552       0.000      17.898         51          0.00003  
  90     11.014   0.00000     1.11014       0.000      16.903         51          0.00001  
  95      5.165   0.00000     1.05165       0.000      16.012         51          0.00001  
 100      0.000   0.00000     1.00000       0.000      15.226         50          0.00001  
 
                                                                                               
 
 
Assessment Score Distribution

Data Role=TRAIN Target Variable=DepVar Target Label=DepVar

 Posterior     Number                     Mean
Probability      of      Number of     Posterior
   Range       Events    Nonevents    Probability    Percentage

 0.95-1.00       244           0        0.99361        10.2780 
 0.90-0.95        36           0        0.92853         1.5164 
 0.85-0.90        17           0        0.88044         0.7161 
 0.80-0.85        10           1        0.83488         0.4634 
 0.75-0.80        13           1        0.77315         0.5897 
 0.70-0.75         6           0        0.72273         0.2527 
 0.65-0.70         5           2        0.67088         0.2949 
 0.60-0.65         5           3        0.62548         0.3370 
 0.55-0.60         2           0        0.56944         0.0842 
 0.50-0.55         1           0        0.50769         0.0421 
 0.45-0.50         2           0        0.46067         0.0842 
 0.40-0.45         0           2        0.41210         0.0842 
 0.35-0.40         1           6        0.37433         0.2949 
 0.30-0.35         1           5        0.32042         0.2527 
 0.25-0.30         4          16        0.27359         0.8425 
 0.20-0.25         3          11        0.22503         0.5897 
 0.15-0.20         3          25        0.17331         1.1794 
 0.10-0.15         1          29        0.12491         1.2637 
 0.05-0.10         4          52        0.07163         2.3589 
 0.00-0.05         1        1862        0.00269        78.4751 


Data Role=VALIDATE Target Variable=DepVar Target Label=DepVar

 Posterior     Number                     Mean
Probability      of      Number of     Posterior
   Range       Events    Nonevents    Probability    Percentage

 0.95-1.00       101          4         0.99469        10.3143 
 0.90-0.95         6          2         0.92491         0.7859 
 0.85-0.90         6          4         0.87977         0.9823 
 0.80-0.85         4          1         0.81844         0.4912 
 0.75-0.80         6          3         0.77910         0.8841 
 0.70-0.75         6          0         0.72849         0.5894 
 0.65-0.70         2          1         0.67348         0.2947 
 0.60-0.65         1          1         0.64849         0.1965 
 0.55-0.60         0          1         0.57840         0.0982 
 0.50-0.55         1          0         0.51868         0.0982 
 0.40-0.45         1          1         0.41762         0.1965 
 0.35-0.40         1          1         0.39264         0.1965 
 0.30-0.35         2          4         0.32355         0.5894 
 0.25-0.30         1          1         0.25817         0.1965 
 0.20-0.25         3          5         0.21977         0.7859 
 0.15-0.20         3          4         0.16210         0.6876 
 0.10-0.15         0         11         0.11804         1.0806 
 0.05-0.10         3         20         0.07145         2.2593 
 0.00-0.05         8        799         0.00278        79.2731 
