 
                                                                                               
 
 
Fit Statistics

Target=DepVar Target Label=DepVar

   Fit
Statistics    Statistics Label                     Train    Validation

 _ASE_        Average Squared Error                 0.05         0.05 
 _DIV_        Divisor for ASE                    4748.00      2036.00 
 _MAX_        Maximum Absolute Error                1.00         1.00 
 _NOBS_       Sum of Frequencies                 2374.00      1018.00 
 _RASE_       Root Average Squared Error            0.21         0.23 
 _SSE_        Sum of Squared Errors               215.16       103.11 
 _DISF_       Frequency of Classified Cases      2374.00      1018.00 
 _MISC_       Misclassification Rate                0.06         0.07 
 _WRONG_      Number of Wrong Classifications     141.00        72.00 
 
                                                                                               
 
 
Classification Table

Data Role=TRAIN Target Variable=DepVar Target Label=DepVar

                       Target        Outcome     Frequency       Total
Target    Outcome    Percentage    Percentage      Count      Percentage

  0          0         95.7520       97.3201        1961        82.6032 
  1          0          4.2480       24.2340          87         3.6647 
  0          1         16.5644        2.6799          54         2.2746 
  1          1         83.4356       75.7660         272        11.4575 


Data Role=VALIDATE Target Variable=DepVar Target Label=DepVar

                       Target        Outcome     Frequency       Total
Target    Outcome    Percentage    Percentage      Count      Percentage

  0          0         95.0969       96.6396        834         81.9253 
  1          0          4.9031       27.7419         43          4.2240 
  0          1         20.5674        3.3604         29          2.8487 
  1          1         79.4326       72.2581        112         11.0020 
 
                                                                                               
 
 
Event Classification Table

Data Role=TRAIN Target=DepVar Target Label=DepVar

  False       True        False       True
Negative    Negative    Positive    Positive

   87         1961         54          272  


Data Role=VALIDATE Target=DepVar Target Label=DepVar

  False       True        False       True
Negative    Negative    Positive    Positive

   43          834         29          112  
 
                                                                                               
 
 
Assessment Score Rankings

Data Role=TRAIN Target Variable=DepVar Target Label=DepVar

                                                                                    Mean
                            Cumulative       %      Cumulative     Number of     Posterior
Depth      Gain     Lift       Lift      Response   % Response   Observations   Probability

   5    522.382   6.22382     6.22382     94.1176     94.1176         119         0.95279  
  10    500.154   5.77927     6.00154     87.3950     90.7563         119         0.88935  
  15    429.766   3.88989     5.29766     58.8235     80.1120         119         0.70514  
  20    345.495   1.90539     4.45495     28.8136     67.3684         118         0.29701  
  25    272.945   0.83355     3.72945     12.6050     56.3973         119         0.14267  
  30    222.757   0.72241     3.22757     10.9244     48.8079         119         0.07692  
  35    181.701   0.33624     2.81701      5.0847     42.5993         118         0.04266  
  40    148.503   0.16671     2.48503      2.5210     37.5789         119         0.02308  
  45    120.840   0.00000     2.20840      0.0000     33.3957         119         0.01243  
  50     98.886   0.00000     1.98886      0.0000     30.0758         118         0.00698  
  55     81.270   0.05557     1.81270      0.8403     27.4119         119         0.00394  
  60     66.596   0.05557     1.66596      0.8403     25.1930         119         0.00218  
  65     53.756   0.00000     1.53756      0.0000     23.2513         119         0.00123  
  70     42.840   0.00000     1.42840      0.0000     21.6005         118         0.00067  
  75     33.296   0.00000     1.33296      0.0000     20.1572         119         0.00035  
  80     24.947   0.00000     1.24947      0.0000     18.8947         119         0.00017  
  85     17.641   0.00000     1.17641      0.0000     17.7899         118         0.00007  
  90     11.090   0.00000     1.11090      0.0000     16.7993         119         0.00003  
  95      5.230   0.00000     1.05230      0.0000     15.9131         119         0.00001  
 100      0.000   0.00000     1.00000      0.0000     15.1222         118         0.00000  


Data Role=VALIDATE Target Variable=DepVar Target Label=DepVar

                                                                                    Mean
                            Cumulative       %      Cumulative     Number of     Posterior
Depth      Gain     Lift       Lift      Response   % Response   Observations   Probability

   5    440.873   5.40873     5.40873     82.3529     82.3529         51          0.94816  
  10    447.312   5.53751     5.47312     84.3137     83.3333         51          0.89001  
  15    419.410   4.63605     5.19410     70.5882     79.0850         51          0.71689  
  20    357.166   2.70436     4.57166     41.1765     69.6078         51          0.31283  
  25    276.035   0.51512     3.76035      7.8431     57.2549         51          0.16705  
  30    226.241   0.77268     3.26241     11.7647     49.6732         51          0.09275  
  35    183.314   0.25756     2.83314      3.9216     43.1373         51          0.04657  
  40    147.900   0.00000     2.47900      0.0000     37.7451         51          0.02703  
  45    120.356   0.00000     2.20356      0.0000     33.5512         51          0.01503  
  50     98.710   0.00000     1.98710      0.0000     30.2554         50          0.00834  
  55     81.786   0.12878     1.81786      1.9608     27.6786         51          0.00435  
  60     66.612   0.00000     1.66612      0.0000     25.3682         51          0.00253  
  65     53.776   0.00000     1.53776      0.0000     23.4139         51          0.00140  
  70     42.777   0.00000     1.42777      0.0000     21.7391         51          0.00075  
  75     33.246   0.00000     1.33246      0.0000     20.2880         51          0.00042  
  80     24.908   0.00000     1.24908      0.0000     19.0184         51          0.00023  
  85     17.552   0.00000     1.17552      0.0000     17.8984         51          0.00011  
  90     11.014   0.00000     1.11014      0.0000     16.9029         51          0.00005  
  95      5.165   0.00000     1.05165      0.0000     16.0124         51          0.00002  
 100      0.000   0.00000     1.00000      0.0000     15.2259         50          0.00000  
 
                                                                                               
 
 
Assessment Score Distribution

Data Role=TRAIN Target Variable=DepVar Target Label=DepVar

 Posterior     Number                     Mean
Probability      of      Number of     Posterior
   Range       Events    Nonevents    Probability    Percentage

 0.95-1.00       66            1        0.96516         2.8222 
 0.90-0.95       86            8        0.92493         3.9596 
 0.85-0.90       64           14        0.87763         3.2856 
 0.80-0.85       30           12        0.82484         1.7692 
 0.75-0.80       21           10        0.78113         1.3058 
 0.70-0.75        4            6        0.72965         0.4212 
 0.65-0.70        1            2        0.68583         0.1264 
 0.60-0.65        0            1        0.60486         0.0421 
 0.45-0.50        8           11        0.48195         0.8003 
 0.40-0.45        6            8        0.42103         0.5897 
 0.35-0.40       11           14        0.37828         1.0531 
 0.30-0.35       13           23        0.32848         1.5164 
 0.25-0.30        3           15        0.27325         0.7582 
 0.20-0.25        4           27        0.22201         1.3058 
 0.15-0.20        9           44        0.17172         2.2325 
 0.10-0.15       12           75        0.12148         3.6647 
 0.05-0.10       13          111        0.07001         5.2233 
 0.00-0.05        8         1633        0.00612        69.1238 


Data Role=VALIDATE Target Variable=DepVar Target Label=DepVar

 Posterior     Number                     Mean
Probability      of      Number of     Posterior
   Range       Events    Nonevents    Probability    Percentage

 0.95-1.00       19           3         0.96736         2.1611 
 0.90-0.95       35          11         0.92397         4.5187 
 0.85-0.90       34           6         0.87723         3.9293 
 0.80-0.85       16           2         0.82580         1.7682 
 0.75-0.80        5           2         0.77055         0.6876 
 0.70-0.75        2           4         0.72315         0.5894 
 0.65-0.70        1           0         0.68172         0.0982 
 0.60-0.65        0           1         0.61395         0.0982 
 0.45-0.50        6           2         0.47708         0.7859 
 0.40-0.45        4           1         0.42500         0.4912 
 0.35-0.40       10           8         0.37109         1.7682 
 0.30-0.35        4           9         0.32158         1.2770 
 0.25-0.30        1           4         0.27725         0.4912 
 0.20-0.25        7          16         0.22574         2.2593 
 0.15-0.20        2          24         0.17102         2.5540 
 0.10-0.15        3          30         0.12384         3.2417 
 0.05-0.10        4          45         0.07534         4.8134 
 0.00-0.05        2         695         0.00657        68.4676 
