 
                                                                                               
 
 
Fit Statistics

Target=DepVar Target Label=DepVar

   Fit
Statistics    Statistics Label                    Train    Validation

  _NOBS_      Sum of Frequencies                2374.00      1018.00 
  _SUMW_      Sum of Case Weights Times Freq    4748.00      2036.00 
  _MISC_      Misclassification Rate               0.05         0.11 
  _MAX_       Maximum Absolute Error               0.97         1.00 
  _SSE_       Sum of Squared Errors              176.05       164.75 
  _ASE_       Average Squared Error                0.04         0.08 
  _RASE_      Root Average Squared Error           0.19         0.28 
  _DIV_       Divisor for ASE                   4748.00      2036.00 
  _DFT_       Total Degrees of Freedom          2374.00          .   
 
                                                                                               
 
 
Classification Table

Data Role=TRAIN Target Variable=DepVar Target Label=DepVar

                       Target        Outcome     Frequency       Total
Target    Outcome    Percentage    Percentage      Count      Percentage

  0          0         95.7570       98.5608        1986        83.6563 
  1          0          4.2430       24.5125          88         3.7068 
  0          1          9.6667        1.4392          29         1.2216 
  1          1         90.3333       75.4875         271        11.4153 


Data Role=VALIDATE Target Variable=DepVar Target Label=DepVar

                       Target        Outcome     Frequency       Total
Target    Outcome    Percentage    Percentage      Count      Percentage

  0          0         91.5105       96.1761        830         81.5324 
  1          0          8.4895       49.6774         77          7.5639 
  0          1         29.7297        3.8239         33          3.2417 
  1          1         70.2703       50.3226         78          7.6621 
 
                                                                                               
 
 
Event Classification Table

Data Role=TRAIN Target=DepVar Target Label=DepVar

  False       True        False       True
Negative    Negative    Positive    Positive

   88         1986         29          271  


Data Role=VALIDATE Target=DepVar Target Label=DepVar

  False       True        False       True
Negative    Negative    Positive    Positive

   77          830         33          78   
 
                                                                                               
 
 
Assessment Score Rankings

Data Role=TRAIN Target Variable=DepVar Target Label=DepVar

                                                                                    Mean
                            Cumulative       %      Cumulative     Number of     Posterior
Depth      Gain     Lift       Lift      Response   % Response   Observations   Probability

   5    561.281   6.61281     6.61281     100.000     100.000         119         0.92932  
  10    530.718   6.00154     6.30718      90.756      95.378         119         0.72882  
  15    461.256   4.22331     5.61256      63.866      84.874         119         0.50941  
  20    374.730   2.12955     4.74730      32.203      71.789         118         0.32412  
  25    289.644   0.50013     3.89644       7.563      58.923         119         0.19234  
  30    229.249   0.27785     3.29249       4.202      49.790         119         0.11658  
  35    184.088   0.11208     2.84088       1.695      42.960         118         0.07696  
  40    149.199   0.05557     2.49199       0.840      37.684         119         0.04885  
  45    122.077   0.05557     2.22077       0.840      33.583         119         0.03239  
  50    100.000   0.00000     2.00000       0.000      30.244         118         0.02219  
  55     81.776   0.00000     1.81776       0.000      27.489         119         0.01500  
  60     66.596   0.00000     1.66596       0.000      25.193         119         0.00903  
  65     53.756   0.00000     1.53756       0.000      23.251         119         0.00593  
  70     42.840   0.00000     1.42840       0.000      21.600         118         0.00378  
  75     33.296   0.00000     1.33296       0.000      20.157         119         0.00248  
  80     24.947   0.00000     1.24947       0.000      18.895         119         0.00155  
  85     17.641   0.00000     1.17641       0.000      17.790         118         0.00091  
  90     11.090   0.00000     1.11090       0.000      16.799         119         0.00052  
  95      5.230   0.00000     1.05230       0.000      15.913         119         0.00027  
 100      0.000   0.00000     1.00000       0.000      15.122         118         0.00010  


Data Role=VALIDATE Target Variable=DepVar Target Label=DepVar

                                                                                    Mean
                            Cumulative       %      Cumulative     Number of     Posterior
Depth      Gain     Lift       Lift      Response   % Response   Observations   Probability

   5    415.117   5.15117     5.15117     78.4314     78.4314         51          0.91815  
  10    357.166   3.99216     4.57166     60.7843     69.6078         51          0.69963  
  15    312.094   3.21948     4.12094     49.0196     62.7451         51          0.43699  
  20    257.362   1.93169     3.57362     29.4118     54.4118         51          0.27746  
  25    219.373   1.67413     3.19373     25.4902     48.6275         51          0.17544  
  30    189.753   1.41657     2.89753     21.5686     44.1176         51          0.11488  
  35    164.917   1.15901     2.64917     17.6471     40.3361         51          0.07590  
  40    138.242   0.51512     2.38242      7.8431     36.2745         51          0.05148  
  45    114.632   0.25756     2.14632      3.9216     32.6797         51          0.03443  
  50     93.548   0.00000     1.93548      0.0000     29.4695         50          0.02260  
  55     77.094   0.12878     1.77094      1.9608     26.9643         51          0.01476  
  60     63.387   0.12878     1.63387      1.9608     24.8773         51          0.00984  
  65     52.784   0.25756     1.52784      3.9216     23.2628         51          0.00624  
  70     42.777   0.12878     1.42777      1.9608     21.7391         51          0.00390  
  75     33.246   0.00000     1.33246      0.0000     20.2880         51          0.00253  
  80     24.908   0.00000     1.24908      0.0000     19.0184         51          0.00173  
  85     17.552   0.00000     1.17552      0.0000     17.8984         51          0.00114  
  90     11.014   0.00000     1.11014      0.0000     16.9029         51          0.00070  
  95      5.165   0.00000     1.05165      0.0000     16.0124         51          0.00034  
 100      0.000   0.00000     1.00000      0.0000     15.2259         50          0.00010  
 
                                                                                               
 
 
Assessment Score Distribution

Data Role=TRAIN Target Variable=DepVar Target Label=DepVar

 Posterior     Number                     Mean
Probability      of      Number of     Posterior
   Range       Events    Nonevents    Probability    Percentage

 0.95-1.00       53            0        0.97936         2.2325 
 0.90-0.95       31            0        0.92686         1.3058 
 0.85-0.90       19            0        0.87364         0.8003 
 0.80-0.85       31            0        0.82224         1.3058 
 0.75-0.80       36            1        0.77564         1.5586 
 0.70-0.75       19            4        0.72293         0.9688 
 0.65-0.70       26            4        0.67760         1.2637 
 0.60-0.65       19            2        0.62901         0.8846 
 0.55-0.60       19           11        0.57587         1.2637 
 0.50-0.55       18            7        0.52424         1.0531 
 0.45-0.50       23           10        0.47683         1.3901 
 0.40-0.45       10           15        0.42521         1.0531 
 0.35-0.40       16           17        0.37822         1.3901 
 0.30-0.35       11           34        0.32515         1.8955 
 0.25-0.30       10           27        0.27668         1.5586 
 0.20-0.25        7           42        0.22414         2.0640 
 0.15-0.20        2           64        0.17442         2.7801 
 0.10-0.15        3           95        0.12417         4.1281 
 0.05-0.10        5          194        0.07354         8.3825 
 0.00-0.05        1         1488        0.00942        62.7211 


Data Role=VALIDATE Target Variable=DepVar Target Label=DepVar

 Posterior     Number                     Mean
Probability      of      Number of     Posterior
   Range       Events    Nonevents    Probability    Percentage

 0.95-1.00       17           2         0.97565         1.8664 
 0.90-0.95        9           4         0.92494         1.2770 
 0.85-0.90        8           3         0.87251         1.0806 
 0.80-0.85        7           4         0.82803         1.0806 
 0.75-0.80       10           4         0.77651         1.3752 
 0.70-0.75        5           3         0.71603         0.7859 
 0.65-0.70        7           5         0.67693         1.1788 
 0.60-0.65        5           5         0.62098         0.9823 
 0.55-0.60        4           1         0.57393         0.4912 
 0.50-0.55        6           2         0.52806         0.7859 
 0.45-0.50        5           6         0.47055         1.0806 
 0.40-0.45        7           6         0.42640         1.2770 
 0.35-0.40        7          12         0.37544         1.8664 
 0.30-0.35        5           9         0.32857         1.3752 
 0.25-0.30        8          14         0.27266         2.1611 
 0.20-0.25        2          17         0.22203         1.8664 
 0.15-0.20       12          28         0.17655         3.9293 
 0.10-0.15        9          36         0.12368         4.4204 
 0.05-0.10       12          79         0.07255         8.9391 
 0.00-0.05       10         623         0.00955        62.1807 
