MPRINT(EM_DIAGRAM):    data _null_;
MPRINT(EM_DIAGRAM):   call symput('NLDATE', strip(put(date(), NLDATE.)));
MPRINT(EM_DIAGRAM):   call symput('NLTIME', strip(put(datetime(), NLTIME.)));
MPRINT(EM_DIAGRAM):   run;
MPRINT(EM_DIAGRAM):   data _null_;
MPRINT(EM_DIAGRAM):   nldate= sasmsg("sashelp.dmine", "log_date_note", 'N', "19. April 2016" );
MPRINT(EM_DIAGRAM):   nltime= sasmsg("sashelp.dmine", "log_time_note", 'N', "12.31 Uhr" );
MPRINT(EM_DIAGRAM):   put "*------------------------------------------------------------*";
MPRINT(EM_DIAGRAM):   put "* Training Log";
MPRINT(EM_DIAGRAM):   put nldate;
MPRINT(EM_DIAGRAM):   put nltime;
MPRINT(EM_DIAGRAM):   put "*------------------------------------------------------------*";
MPRINT(EM_DIAGRAM):   run;
*------------------------------------------------------------*
* Training Log
Date:                19. April 2016
Time:                12.31 Uhr
*------------------------------------------------------------*
MPRINT(EM_DIAGRAM):    filename O0C_5NAC 
"C:\\predictive-models-project\Workspaces\EMWS8\Neural25\EMTRAIN.out" encoding="UTF-8" NOBOM;
MPRINT(EM_DIAGRAM):   proc printto print=O0C_5NAC new;
MPRINT(EM_DIAGRAM):   run;
MPRINT(EM_DIAGRAM):    filename _LOG 
"C:\\predictive-models-project\Workspaces\EMWS8\Neural25\EMLOG.log" encoding="UTF-8" NOBOM;
MPRINT(EM_DIAGRAM):    data _null_;
MPRINT(EM_DIAGRAM):   call symput('NLDATE', strip(put(date(), NLDATE.)));
MPRINT(EM_DIAGRAM):   call symput('NLTIME', strip(put(datetime(), NLTIME.)));
MPRINT(EM_DIAGRAM):   run;
MPRINT(EM_DIAGRAM):   data _null_;
MPRINT(EM_DIAGRAM):   nldate= sasmsg("sashelp.dmine", "log_date_note", 'N', "19. April 2016" );
MPRINT(EM_DIAGRAM):   nltime= sasmsg("sashelp.dmine", "log_time_note", 'N', "12.31 Uhr" );
MPRINT(EM_DIAGRAM):   file _LOG;
MPRINT(EM_DIAGRAM):   put "*------------------------------------------------------------*";
MPRINT(EM_DIAGRAM):   put "User:                Lukas Fahr";
MPRINT(EM_DIAGRAM):   put nldate;
MPRINT(EM_DIAGRAM):   put nltime;
MPRINT(EM_DIAGRAM):   put "Site:                70107571";
MPRINT(EM_DIAGRAM):   put "Platform:            X64_7PRO";
MPRINT(EM_DIAGRAM):   put "Maintenance Release: 9.03.01M2P081512";
MPRINT(EM_DIAGRAM):   put "EM Version:          12.1";
MPRINT(EM_DIAGRAM):   put "* ";
MPRINT(EM_DIAGRAM):   run;
MPRINT(EM_DIAGRAM):    filename _LOGIN 
"C:\\predictive-models-project\Workspaces\EMWS8\Neural25\EMTRAIN.log" encoding="UTF-8" NOBOM;
MPRINT(EM_COPYFILE):   data _null_;
MPRINT(EM_COPYFILE):   length line $20000;
MPRINT(EM_COPYFILE):   file _LOG MOD lrecl=20000;
MPRINT(EM_COPYFILE):   fid=fopen("_LOGIN",'i',20000,'v');
MPRINT(EM_COPYFILE):   if fid > 0 then do;
MPRINT(EM_COPYFILE):   do while(^fread(fid));
MPRINT(EM_COPYFILE):   rlen = frlen(fid);
MPRINT(EM_COPYFILE):   rc= fget(fid,line,20000);
MPRINT(EM_COPYFILE):   start = length(line)-length(left(line))+1;
MPRINT(EM_COPYFILE):   line=strip(line);
MPRINT(EM_COPYFILE):   put @start line;
MPRINT(EM_COPYFILE):   end;
MPRINT(EM_COPYFILE):   if fid > 0 then rc=fclose(fid);
MPRINT(EM_COPYFILE):   end;
MPRINT(EM_COPYFILE):   run;
MPRINT(EM_DIAGRAM):  ;
MPRINT(EM_DIAGRAM):   filename _LOGIN;
MPRINT(EM_DIAGRAM):    data _null_;
MPRINT(EM_DIAGRAM):   file _LOG mod;
MPRINT(EM_DIAGRAM):   put _page_;
MPRINT(EM_DIAGRAM):   run;
MPRINT(EM_DIAGRAM):   filename _LOGIN 
"C:\\predictive-models-project\Workspaces\EMWS8\Neural25\EMSCORE.log" encoding="UTF-8" NOBOM;
MPRINT(EM_DIAGRAM):  ;
MPRINT(EM_DIAGRAM):   data _null_;
MPRINT(EM_DIAGRAM):   file _LOG mod;
MPRINT(EM_DIAGRAM):   put _page_;
MPRINT(EM_DIAGRAM):   run;
MPRINT(EM_DIAGRAM):    filename _LOGIN 
"C:\\predictive-models-project\Workspaces\EMWS8\Neural25\EMREPORT.log" encoding="UTF-8" NOBOM;
MPRINT(EM_DIAGRAM):  ;
MPRINT(EM_DIAGRAM):   filename _LOGIN;
MPRINT(EM_DIAGRAM):    filename _LOG;
MPRINT(EM_DIAGRAM):    filename _OUT 
"C:\\predictive-models-project\Workspaces\EMWS8\Neural25\EMOUTPUT.out" encoding="UTF-8" NOBOM;
MPRINT(EM_DIAGRAM):    data _null_;
MPRINT(EM_DIAGRAM):   call symput('NLDATE', strip(put(date(), NLDATE.)));
MPRINT(EM_DIAGRAM):   call symput('NLTIME', strip(put(datetime(), NLTIME.)));
MPRINT(EM_DIAGRAM):   run;
MPRINT(EM_DIAGRAM):   data _null_;
MPRINT(EM_DIAGRAM):   nldate= sasmsg("sashelp.dmine", "log_date_note", 'N', "19. April 2016" );
MPRINT(EM_DIAGRAM):   nltime= sasmsg("sashelp.dmine", "log_time_note", 'N', "12.31 Uhr" );
MPRINT(EM_DIAGRAM):   file _OUT;
MPRINT(EM_DIAGRAM):   put "*------------------------------------------------------------*";
MPRINT(EM_DIAGRAM):   put "User:                Lukas Fahr";
MPRINT(EM_DIAGRAM):   put nldate;
MPRINT(EM_DIAGRAM):   put nltime;
MPRINT(EM_DIAGRAM):   put "*------------------------------------------------------------*";
MPRINT(EM_DIAGRAM):   put "* Training Output";
MPRINT(EM_DIAGRAM):   put "*------------------------------------------------------------*";
MPRINT(EM_DIAGRAM):   run;
MPRINT(EM_DIAGRAM):    filename _OUTIN 
"C:\\predictive-models-project\Workspaces\EMWS8\Neural25\EMTRAIN.out" encoding="UTF-8" NOBOM;
MPRINT(EM_DIAGRAM):   ;
MPRINT(EM_COPYFILE):   data _null_;
MPRINT(EM_COPYFILE):   length line $20000;
MPRINT(EM_COPYFILE):   file _OUT MOD lrecl=20000;
MPRINT(EM_COPYFILE):   fid=fopen("_OUTIN",'i',20000,'v');
MPRINT(EM_COPYFILE):   if fid > 0 then do;
MPRINT(EM_COPYFILE):   do while(^fread(fid));
MPRINT(EM_COPYFILE):   rlen = frlen(fid);
MPRINT(EM_COPYFILE):   rc= fget(fid,line,20000);
MPRINT(EM_COPYFILE):   start = length(line)-length(left(line))+1;
MPRINT(EM_COPYFILE):   line=strip(line);
MPRINT(EM_COPYFILE):   put @start line;
MPRINT(EM_COPYFILE):   end;
MPRINT(EM_COPYFILE):   if fid > 0 then rc=fclose(fid);
MPRINT(EM_COPYFILE):   end;
MPRINT(EM_COPYFILE):   run;
MPRINT(EM_DIAGRAM):  ;
MPRINT(EM_DIAGRAM):   filename _OUTIN;
MPRINT(EM_DIAGRAM):    data _null_;
MPRINT(EM_DIAGRAM):   file _OUT mod;
MPRINT(EM_DIAGRAM):   put _page_;
MPRINT(EM_DIAGRAM):   put // "*------------------------------------------------------------*";
MPRINT(EM_DIAGRAM):   put "* Score Output";
MPRINT(EM_DIAGRAM):   put "*------------------------------------------------------------*";
MPRINT(EM_DIAGRAM):   run;
MPRINT(EM_DIAGRAM):    filename _OUTIN 
"C:\\predictive-models-project\Workspaces\EMWS8\Neural25\EMSCORE.out" encoding="UTF-8" NOBOM;
MPRINT(EM_DIAGRAM):  ;
MPRINT(EM_DIAGRAM):   filename _OUTIN;
MPRINT(EM_DIAGRAM):    data _null_;
MPRINT(EM_DIAGRAM):   file _OUT mod;
MPRINT(EM_DIAGRAM):   put _page_;
MPRINT(EM_DIAGRAM):   put // "*------------------------------------------------------------*";
MPRINT(EM_DIAGRAM):   put "* Report Output";
MPRINT(EM_DIAGRAM):   put "*------------------------------------------------------------*";
MPRINT(EM_DIAGRAM):   run;
MPRINT(EM_DIAGRAM):    filename _OUTIN 
"C:\\predictive-models-project\Workspaces\EMWS8\Neural25\EMREPORT.out" encoding="UTF-8" NOBOM;
MPRINT(EM_DIAGRAM):  ;
MPRINT(EM_DIAGRAM):   filename _OUTIN;
MPRINT(EM_DIAGRAM):    filename _OUT;
MPRINT(EM_DIAGRAM):    filename _emtool_ 
'C:\\predictive-models-project\Workspaces\EMWS8\Neural25\EMRUNSTATUS.xml' encoding="UTF-8" 
NOBOM;
768924     proc freq data=EMWS8.Neural25_VariableSet noprint;
MPRINT(EM_DIAGRAM):    proc freq data=EMWS8.Neural25_VariableSet noprint;
768925     table ROLE*LEVEL/out=WORK.Neural25META;
MPRINT(EM_DIAGRAM):   table ROLE*LEVEL/out=WORK.Neural25META;
768926     run;
MPRINT(EM_DIAGRAM):   run;

NOTE: There were 15 observations read from the data set EMWS8.NEURAL25_VARIABLESET.
NOTE: The data set WORK.NEURAL25META has 3 observations and 4 variables.
NOTE: PROCEDURE FREQ used (Total process time):
      real time           0.00 seconds
      cpu time            0.01 seconds
      

768927     proc print data=WORK.Neural25META label noobs;
MPRINT(EM_DIAGRAM):   proc print data=WORK.Neural25META label noobs;
768928     var ROLE LEVEL COUNT;
MPRINT(EM_DIAGRAM):   var ROLE LEVEL COUNT;
768929     label ROLE = "%sysfunc(sasmsg(sashelp.dmine, meta_role_vlabel, NOQUOTE))" LEVEL =
768929   ! "%sysfunc(sasmsg(sashelp.dmine, meta_level_vlabel, NOQUOTE))" COUNT =
768929   ! "%sysfunc(sasmsg(sashelp.dmine, rpt_count_vlabel, NOQUOTE))";
MPRINT(EM_DIAGRAM):   label ROLE = "Role" LEVEL = "Measurement Level" COUNT = "Frequency 
Count";
768930     title9 ' ';
MPRINT(EM_DIAGRAM):   title9 ' ';
768931     title10 "%sysfunc(sasmsg(sashelp.dmine, rpt_varSummary_title  , NOQUOTE))";
MPRINT(EM_DIAGRAM):   title10 "Variable Summary";
MPRINT(EM_DIAGRAM):   run;
768932     run;

NOTE: There were 3 observations read from the data set WORK.NEURAL25META.
NOTE: The PROCEDURE PRINT printed page 666.
NOTE: PROCEDURE PRINT used (Total process time):
      real time           0.00 seconds
      cpu time            0.01 seconds
      

768933     title10;
MPRINT(EM_DIAGRAM):   title10;
768934     %let EMNORLEN = %DMNORLEN;
MPRINT(EM_DIAGRAM):   
EMWS8.Varsel_TRAIN EMWS8.Varsel_TRAIN 
EMWS8.Varsel_TRAIN EMWS8.Varsel_TRAIN EMWS8 Varsel_TRAIN 
EMWS8.Varsel_TRAIN EMWS8.Varsel_TRAIN 
EMWS8.Varsel_TRAIN EMWS8.Varsel_TRAIN EMWS8 Varsel_TRAIN 
MPRINT(EM_DIAGRAM):    proc dmdb data=EMWS8.Varsel_TRAIN 
classout=WORK._DMDBCLASSTARGET(keep=NAME NRAW CRAW LEVEL FREQUENCY NMISSPERCENT);
MPRINT(EM_DIAGRAM):   class DepVar(DESC) ;
MPRINT(EM_DIAGRAM):   run;
Executing  SASHELP.EMCORE.EMINFOITERATOR.SCL _INIT >> 
Executing  SASHELP.EMCORE.EMINFOITERATOR.SCL setMetaData >> 
Executing  SASHELP.EMCORE.EMINFOITERATOR.SCL next >> 
Executing  SASHELP.EMCORE.EMINFOITERATOR.SCL setMetaData >> 
Executing  SASHELP.EMCORE.EMINFOITERATOR.SCL next >> 
Executing  SASHELP.EMCORE.EMINFOITERATOR.SCL _term >> 
MPRINT(EM_DIAGRAM):    data _null_;
MPRINT(EM_DIAGRAM):   set WORK._DMDBCLASSTARGET;
MPRINT(EM_DIAGRAM):   where ^(NRAW eq . and CRAW eq '') and NAME="DepVar";
MPRINT(EM_DIAGRAM):   if _N_=1 then call symput('_newevent', strip(LEVEL));
MPRINT(EM_DIAGRAM):   run;
MPRINT(EM_DIAGRAM):   proc sort data=WORK._DMDBCLASSTARGET out=_TEMPCLASS(keep=LEVEL FREQUENCY 
NMISSPERCENT rename=(LEVEL=DepVar));
MPRINT(EM_DIAGRAM):   by LEVEL;
MPRINT(EM_DIAGRAM):   where ^(NRAW eq . and CRAW eq '') and NAME="DepVar";
MPRINT(EM_DIAGRAM):   run;
MPRINT(EM_DIAGRAM):   data _TEMPCLASS;
MPRINT(EM_DIAGRAM):   set _TEMPCLASS;
MPRINT(EM_DIAGRAM):   NMISSPERCENT= NMISSPERCENT/100;
MPRINT(EM_DIAGRAM):   run;
MPRINT(EM_DIAGRAM):    data _sortedDecData;
MPRINT(EM_DIAGRAM):   set EMWS8.Neural25_DepVar_DD;
MPRINT(EM_DIAGRAM):   _levelorder_=_N_;
MPRINT(EM_DIAGRAM):   run;
MPRINT(EM_DIAGRAM):   proc sort data=_sortedDecdata;
MPRINT(EM_DIAGRAM):   by DepVar;
MPRINT(EM_DIAGRAM):   run;
MPRINT(EM_DIAGRAM):   data _null_;
MPRINT(EM_DIAGRAM):   merge _TEMPCLASS(in=_a) _sortedDecdata(in=_b);
MPRINT(EM_DIAGRAM):   by DepVar;
MPRINT(EM_DIAGRAM):   if (_a and ^_b) or (^_a and _b) then call symput('_emresetDec', '1');
MPRINT(EM_DIAGRAM):   run;
MPRINT(EM_DIAGRAM):    data EMWS8.Neural25_DepVar_DD;
MPRINT(EM_DIAGRAM):   set EMWS8.Neural25_DepVar_DD;
MPRINT(EM_DIAGRAM):   _levelorder_=_N_;
MPRINT(EM_DIAGRAM):   run;
MPRINT(EM_DIAGRAM):   proc sort data=EMWS8.Neural25_DepVar_DD;
MPRINT(EM_DIAGRAM):   by DepVar;
MPRINT(EM_DIAGRAM):   run;
MPRINT(EM_DIAGRAM):   data EMWS8.Neural25_DepVar_DD;
MPRINT(EM_DIAGRAM):   merge EMWS8.Neural25_DepVar_DD 
_TEMPCLASS(rename=(NMISSPERCENT=TRAINPRIOR FREQUENCY=COUNT));
MPRINT(EM_DIAGRAM):   by DepVar;
MPRINT(EM_DIAGRAM):   run;
MPRINT(EM_DIAGRAM):   proc sort data=EMWS8.Neural25_DepVar_DD 
out=EMWS8.Neural25_DepVar_DD(drop=_levelorder_);
MPRINT(EM_DIAGRAM):   by _levelorder_;
MPRINT(EM_DIAGRAM):   run;
768981     data WORK.Neural25_EVENT(KEEP=VARIABLE LABEL LEVEL EVENT NUMLEVELS ORDER);
MPRINT(EM_DIAGRAM):    data WORK.Neural25_EVENT(KEEP=VARIABLE LABEL LEVEL EVENT NUMLEVELS 
ORDER);
768982     length ORDER $20;
MPRINT(EM_DIAGRAM):   length ORDER $20;
768983     label VARIABLE = "%sysfunc(sasmsg(sashelp.dmine, rpt_target_vlabel,  NOQUOTE))"
768983   ! EVENT = "%sysfunc(sasmsg(sashelp.dmine, assmt_event_vlabel, NOQUOTE))" NUMLEVELS =
768983   ! "%sysfunc(sasmsg(sashelp.dmine, rpt_numcat_vlabel, NOQUOTE))" LEVEL =
768984        "%sysfunc(sasmsg(sashelp.dmine, meta_level_vlabel, NOQUOTE))" ORDER =
768984   ! "%sysfunc(sasmsg(sashelp.dmine, meta_order_vlabel, NOQUOTE))" LABEL =
768984   ! "%sysfunc(sasmsg(sashelp.dmine, meta_label_vlabel, NOQUOTE))";
MPRINT(EM_DIAGRAM):   label VARIABLE = "Target" EVENT = "Event" NUMLEVELS = "Number of Levels" 
LEVEL = "Measurement Level" ORDER = "Order" LABEL = "Label";
768985     set EMWS8.NEURAL25_DEPVAR_DM( where=(_TYPE_="TARGET"));
MPRINT(EM_DIAGRAM):   set EMWS8.NEURAL25_DEPVAR_DM( where=(_TYPE_="TARGET"));
768986     NumLevels=2;
MPRINT(EM_DIAGRAM):   NumLevels=2;
768987     select(upcase(ORDER));
MPRINT(EM_DIAGRAM):   select(upcase(ORDER));
768988     when('DESC') ORDER = 'Descending';
MPRINT(EM_DIAGRAM):   when('DESC') ORDER = 'Descending';
768989     when('ASC') ORDER = 'Ascending';
MPRINT(EM_DIAGRAM):   when('ASC') ORDER = 'Ascending';
768990     when('FMTDESC') ORDER = 'Formatted Descending';
MPRINT(EM_DIAGRAM):   when('FMTDESC') ORDER = 'Formatted Descending';
768991     when('FMTASC') ORDER = 'Formatted Ascending';
MPRINT(EM_DIAGRAM):   when('FMTASC') ORDER = 'Formatted Ascending';
768992     otherwise ORDER = 'Descending';
MPRINT(EM_DIAGRAM):   otherwise ORDER = 'Descending';
768993     end;
MPRINT(EM_DIAGRAM):   end;
768994     output;
MPRINT(EM_DIAGRAM):   output;
768995     run;
MPRINT(EM_DIAGRAM):   run;

NOTE: There were 1 observations read from the data set EMWS8.NEURAL25_DEPVAR_DM.
      WHERE _TYPE_='TARGET';
NOTE: The data set WORK.NEURAL25_EVENT has 1 observations and 6 variables.
NOTE: DATA statement used (Total process time):
      real time           0.00 seconds
      cpu time            0.01 seconds
      

768996     title9 ' ';
MPRINT(EM_DIAGRAM):   title9 ' ';
768997     proc print data=WORK.Neural25_EVENT noobs label;
MPRINT(EM_DIAGRAM):   proc print data=WORK.Neural25_EVENT noobs label;
768998     var VARIABLE EVENT LEVEL NUMLEVELS ORDER LABEL;
MPRINT(EM_DIAGRAM):   var VARIABLE EVENT LEVEL NUMLEVELS ORDER LABEL;
768999     title9 ' ';
MPRINT(EM_DIAGRAM):   title9 ' ';
769000     title10 "%sysfunc(sasmsg(sashelp.dmine, rpt_modelEvent_title  , NOQUOTE))";
MPRINT(EM_DIAGRAM):   title10 "Model Events";
MPRINT(EM_DIAGRAM):   run;
769001     run;

NOTE: There were 1 observations read from the data set WORK.NEURAL25_EVENT.
NOTE: The PROCEDURE PRINT printed page 667.
NOTE: PROCEDURE PRINT used (Total process time):
      real time           0.00 seconds
      cpu time            0.00 seconds
      

769002     title10;
MPRINT(EM_DIAGRAM):   title10;
"No decisions defined for target "DepVar"." 
769003     proc print data = EMWS8.Neural25_DepVar_DM noobs label;
MPRINT(EM_DIAGRAM):    proc print data = EMWS8.Neural25_DepVar_DM noobs label;
769004     var _type_ variable label;
MPRINT(EM_DIAGRAM):   var _type_ variable label;
769005     where _type_ ^in('MATRIX', 'DECISION', 'TRAINPRIOR', 'DATAPRIOR', 'DECPRIOR');
MPRINT(EM_DIAGRAM):   where _type_ ^in('MATRIX', 'DECISION', 'TRAINPRIOR', 'DATAPRIOR', 
'DECPRIOR');
769006     label _TYPE_ = "%sysfunc(sasmsg(sashelp.dmine, rpt_type_vlabel,     NOQUOTE))"
769006   ! VARIABLE = "%sysfunc(sasmsg(sashelp.dmine, rpt_variable_vlabel, NOQUOTE))" LABEL =
769006   ! "%sysfunc(sasmsg(sashelp.dmine, meta_label_vlabel, NOQUOTE))";
MPRINT(EM_DIAGRAM):   label _TYPE_ = "Type" VARIABLE = "Variable" LABEL = "Label";
769007     title9 ' ';
MPRINT(EM_DIAGRAM):   title9 ' ';
769008     title10 "%sysfunc(sasmsg(sashelp.dmine, rpt_predDecVars_title  , NOQUOTE))";
MPRINT(EM_DIAGRAM):   title10 "Predicted and decision variables";
MPRINT(EM_DIAGRAM):   run;
769009     run;

NOTE: There were 7 observations read from the data set EMWS8.NEURAL25_DEPVAR_DM.
      WHERE _type_ not in ('DATAPRIOR', 'DECISION', 'DECPRIOR', 'MATRIX', 'TRAINPRIOR');
NOTE: The PROCEDURE PRINT printed page 668.
NOTE: PROCEDURE PRINT used (Total process time):
      real time           0.00 seconds
      cpu time            0.00 seconds
      

769010     title10;
MPRINT(EM_DIAGRAM):   title10;
MPRINT(EM_DIAGRAM):    *------------------------------------------------------------*;
MPRINT(EM_DIAGRAM):   * Neural25: Preparing metadata for training;
MPRINT(EM_DIAGRAM):   ;
MPRINT(EM_DIAGRAM):   *------------------------------------------------------------*;
MPRINT(EM_DIAGRAM):   data WORK.M21__XB7;
MPRINT(EM_DIAGRAM):   set WORK.M21__XB7;
MPRINT(EM_DIAGRAM):   where(use = 'Y' or (role = 'INPUT' and use = 'D'));
MPRINT(EM_DIAGRAM):   if (role = 'REJECTED') then role = 'INPUT';
MPRINT(EM_DIAGRAM):   run;
769020     data WORK.M21__XB7;
MPRINT(EM_DIAGRAM):    data WORK.M21__XB7;
769021     set WORK.M21__XB7 end=eof;
MPRINT(EM_DIAGRAM):   set WORK.M21__XB7 end=eof;
769022     output;
MPRINT(EM_DIAGRAM):   output;
769023     if eof then do;
MPRINT(EM_DIAGRAM):   if eof then do;
769024     NAME="";
MPRINT(EM_DIAGRAM):   NAME="";
769025     ROLE="COST";
MPRINT(EM_DIAGRAM):   ROLE="COST";
769026     LEVEL="INTERVAL";
MPRINT(EM_DIAGRAM):   LEVEL="INTERVAL";
769027     TYPE="N";
MPRINT(EM_DIAGRAM):   TYPE="N";
769028     output;
MPRINT(EM_DIAGRAM):   output;
769029     end;
MPRINT(EM_DIAGRAM):   end;
769030     run;
MPRINT(EM_DIAGRAM):   run;

NOTE: There were 15 observations read from the data set WORK.M21__XB7.
NOTE: The data set WORK.M21__XB7 has 16 observations and 21 variables.
NOTE: DATA statement used (Total process time):
      real time           0.00 seconds
      cpu time            0.00 seconds
      

NOTE: There were 2 observations read from the data set EMWS8.NEURAL25_DEPVAR_DD.
NOTE: The data set WORK.DEPVAR has 2 observations and 7 variables.
769031     *------------------------------------------------------------*;
MPRINT(EM_DIAGRAM):    *------------------------------------------------------------*;
769032     * Neural25: Create decision matrix;
MPRINT(EM_DIAGRAM):   * Neural25: Create decision matrix;
769033     *------------------------------------------------------------*;
MPRINT(EM_DIAGRAM):   *------------------------------------------------------------*;
769034     data WORK.DepVar;
MPRINT(EM_DIAGRAM):   data WORK.DepVar;
769035       length   DepVar                           $  32
769036                COUNT                                8
769037                DATAPRIOR                            8
769038                TRAINPRIOR                           8
769039                DECPRIOR                             8
769040                DECISION1                            8
769041                DECISION2                            8
769042                ;
MPRINT(EM_DIAGRAM):   length DepVar $ 32 COUNT 8 DATAPRIOR 8 TRAINPRIOR 8 DECPRIOR 8 DECISION1 
8 DECISION2 8 ;
769043     
769044       label    COUNT="Level Counts"
769045                DATAPRIOR="Data Proportions"
769046                TRAINPRIOR="Training Proportions"
769047                DECPRIOR="Decision Priors"
769048                DECISION1="1"
769049                DECISION2="0"
769050                ;
MPRINT(EM_DIAGRAM):   label COUNT= "Level Counts" DATAPRIOR= "Data Proportions" TRAINPRIOR= 
"Training Proportions" DECPRIOR= "Decision Priors" DECISION1= "1" DECISION2= "0" ;
769051       format   COUNT 10.
769052                ;
MPRINT(EM_DIAGRAM):   format COUNT 10. ;
769053     DepVar="1"; COUNT=359; DATAPRIOR=0.0643642072; TRAINPRIOR=0.15122156697556;
769053   ! DECPRIOR=.; DECISION1=1; DECISION2=0;
MPRINT(EM_DIAGRAM):   DepVar="1";
MPRINT(EM_DIAGRAM):   COUNT=359;
MPRINT(EM_DIAGRAM):   DATAPRIOR=0.0643642072;
MPRINT(EM_DIAGRAM):   TRAINPRIOR=0.15122156697556;
MPRINT(EM_DIAGRAM):   DECPRIOR=.;
MPRINT(EM_DIAGRAM):   DECISION1=1;
MPRINT(EM_DIAGRAM):   DECISION2=0;
769054     output;
MPRINT(EM_DIAGRAM):   output;
769055     DepVar="0"; COUNT=2015; DATAPRIOR=0.9356357928; TRAINPRIOR=0.84877843302443;
769055   ! DECPRIOR=.; DECISION1=0; DECISION2=1;
MPRINT(EM_DIAGRAM):   DepVar="0";
MPRINT(EM_DIAGRAM):   COUNT=2015;
MPRINT(EM_DIAGRAM):   DATAPRIOR=0.9356357928;
MPRINT(EM_DIAGRAM):   TRAINPRIOR=0.84877843302443;
MPRINT(EM_DIAGRAM):   DECPRIOR=.;
MPRINT(EM_DIAGRAM):   DECISION1=0;
MPRINT(EM_DIAGRAM):   DECISION2=1;
769056     output;
MPRINT(EM_DIAGRAM):   output;
769057     ;
MPRINT(EM_DIAGRAM):   ;
769058     run;
MPRINT(EM_DIAGRAM):   run;

NOTE: The data set WORK.DEPVAR has 2 observations and 7 variables.
NOTE: DATA statement used (Total process time):
      real time           0.00 seconds
      cpu time            0.01 seconds
      

769059     proc datasets lib=work nolist;
MPRINT(EM_DIAGRAM):   proc datasets lib=work nolist;
769060     modify DepVar(type=PROFIT label=DepVar);
MPRINT(EM_DIAGRAM):   modify DepVar(type=PROFIT label= DepVar);
MPRINT(EM_DIAGRAM):   label DECISION1= '1';
MPRINT(EM_DIAGRAM):   label DECISION2= '0';
MPRINT(EM_DIAGRAM):   run;
769061     label DECISION1= '1';
769062     label DECISION2= '0';
769063     run;

NOTE: MODIFY was successful for WORK.DEPVAR.DATA.
769064     quit;
MPRINT(EM_DIAGRAM):   quit;

NOTE: PROCEDURE DATASETS used (Total process time):
      real time           0.02 seconds
      cpu time            0.01 seconds
      

769065     data EM_Neural25;
MPRINT(EM_DIAGRAM):   data EM_Neural25;
769066     set EMWS8.Varsel_TRAIN(keep=
769067     AcceptedCmpTotal DepVar Frq G_Marital_Status Income Mnt MntFruits MntGoldProds
769068     MntMeatProducts MntSweetProducts NumCatalogPurchases NumWebPurchases RFMstat
769069     RMntFrq Recency );
MPRINT(EM_DIAGRAM):   set EMWS8.Varsel_TRAIN(keep= AcceptedCmpTotal DepVar Frq 
G_Marital_Status Income Mnt MntFruits MntGoldProds MntMeatProducts MntSweetProducts 
NumCatalogPurchases NumWebPurchases RFMstat RMntFrq Recency );
769070     run;
MPRINT(EM_DIAGRAM):   run;

NOTE: View EMWS8.VARSEL_TRAIN.VIEW used (Total process time):
      real time           0.98 seconds
      cpu time            0.01 seconds
      
NOTE: There were 2374 observations read from the data set EMWS8.PART_TRAIN.
NOTE: There were 2374 observations read from the data set EMWS8.VARSEL_TRAIN.
NOTE: The data set WORK.EM_NEURAL25 has 2374 observations and 15 variables.
NOTE: DATA statement used (Total process time):
      real time           0.98 seconds
      cpu time            0.01 seconds
      

MPRINT(EM_DIAGRAM):   *------------------------------------------------------------* ;
MPRINT(EM_DIAGRAM):   * Neural25: DMDBClass Macro ;
MPRINT(EM_DIAGRAM):   *------------------------------------------------------------* ;
769071     *------------------------------------------------------------* ;
769072     * Neural25: DMDBClass Macro ;
769073     *------------------------------------------------------------* ;
769074     %macro DMDBClass;
769075         DepVar(DESC) G_Marital_Status(ASC)
769076     %mend DMDBClass;
769077     *------------------------------------------------------------* ;
MPRINT(EM_DIAGRAM):   *------------------------------------------------------------* ;
769078     * Neural25: DMDBVar Macro ;
MPRINT(EM_DIAGRAM):   * Neural25: DMDBVar Macro ;
769079     *------------------------------------------------------------* ;
MPRINT(EM_DIAGRAM):   *------------------------------------------------------------* ;
769080     %macro DMDBVar;
769081         AcceptedCmpTotal Frq Income Mnt MntFruits MntGoldProds MntMeatProducts
769082        MntSweetProducts NumCatalogPurchases NumWebPurchases RFMstat RMntFrq Recency
769083     %mend DMDBVar;
769084     *------------------------------------------------------------*;
MPRINT(EM_DIAGRAM):   *------------------------------------------------------------*;
769085     * Neural25: Create DMDB;
MPRINT(EM_DIAGRAM):   * Neural25: Create DMDB;
769086     *------------------------------------------------------------*;
MPRINT(EM_DIAGRAM):   *------------------------------------------------------------*;
769087     proc dmdb batch data=WORK.EM_Neural25
769088     dmdbcat=WORK.Neural25_DMDB
769089     maxlevel = 513
769090     ;
MPRINT(EM_DIAGRAM):   proc dmdb batch data=WORK.EM_Neural25 dmdbcat=WORK.Neural25_DMDB 
maxlevel = 513 ;
MPRINT(EM_DIAGRAM):   class
769091     class %DMDBClass;
MPRINT(DMDBCLASS):   DepVar(DESC) G_Marital_Status(ASC)
MPRINT(EM_DIAGRAM):  ;
MPRINT(EM_DIAGRAM):   var
769092     var %DMDBVar;
MPRINT(DMDBVAR):   AcceptedCmpTotal Frq Income Mnt MntFruits MntGoldProds MntMeatProducts 
MntSweetProducts NumCatalogPurchases NumWebPurchases RFMstat RMntFrq Recency
MPRINT(EM_DIAGRAM):  ;
769093     target
769094     DepVar
769095     ;
MPRINT(EM_DIAGRAM):   target DepVar ;
769096     run;
MPRINT(EM_DIAGRAM):   run;

NOTE: Records processed = 2374   Memory used = 511K.
NOTE: There were 2374 observations read from the data set WORK.EM_NEURAL25.
NOTE: PROCEDURE DMDB used (Total process time):
      real time           0.00 seconds
      cpu time            0.00 seconds
      

MPRINT(EM_DIAGRAM):   quit;
MPRINT(EM_DIAGRAM):   *--- end code ---*;
769097     quit;
769098     *--- end code ---*;

769099     *------------------------------------------------------------* ;
MPRINT(EM_DIAGRAM):    *------------------------------------------------------------* ;
769100     * Neural25: Interval Input Variables Macro ;
MPRINT(EM_DIAGRAM):   * Neural25: Interval Input Variables Macro ;
769101     *------------------------------------------------------------* ;
MPRINT(EM_DIAGRAM):   *------------------------------------------------------------* ;
769102     %macro INTINPUTS;
769103         AcceptedCmpTotal Frq Income Mnt MntFruits MntGoldProds MntMeatProducts
769104        MntSweetProducts NumCatalogPurchases NumWebPurchases RFMstat RMntFrq Recency
769105     %mend INTINPUTS;
769106     *------------------------------------------------------------* ;
MPRINT(EM_DIAGRAM):   *------------------------------------------------------------* ;
769107     * Neural25: Binary Inputs Macro ;
MPRINT(EM_DIAGRAM):   * Neural25: Binary Inputs Macro ;
769108     *------------------------------------------------------------* ;
MPRINT(EM_DIAGRAM):   *------------------------------------------------------------* ;
769109     %macro BININPUTS;
769110     
769111     %mend BININPUTS;
769112     *------------------------------------------------------------* ;
MPRINT(EM_DIAGRAM):   *------------------------------------------------------------* ;
769113     * Neural25: Nominal Inputs Macro ;
MPRINT(EM_DIAGRAM):   * Neural25: Nominal Inputs Macro ;
769114     *------------------------------------------------------------* ;
MPRINT(EM_DIAGRAM):   *------------------------------------------------------------* ;
769115     %macro NOMINPUTS;
769116         G_Marital_Status
769117     %mend NOMINPUTS;
769118     *------------------------------------------------------------* ;
MPRINT(EM_DIAGRAM):   *------------------------------------------------------------* ;
769119     * Neural25: Ordinal Inputs Macro ;
MPRINT(EM_DIAGRAM):   * Neural25: Ordinal Inputs Macro ;
769120     *------------------------------------------------------------* ;
MPRINT(EM_DIAGRAM):   *------------------------------------------------------------* ;
769121     %macro ORDINPUTS;
769122     
769123     %mend ORDINPUTS;
769124     *------------------------------------------------------------*;
MPRINT(EM_DIAGRAM):   *------------------------------------------------------------*;
769125     * Neural Network Training;
MPRINT(EM_DIAGRAM):   * Neural Network Training;
769126     ;
MPRINT(EM_DIAGRAM):   ;
769127     *------------------------------------------------------------*;
MPRINT(EM_DIAGRAM):   *------------------------------------------------------------*;
769128     proc neural data=EM_Neural25 dmdbcat=WORK.Neural25_DMDB
769129     validdata = EMWS8.Varsel_VALIDATE
769130     random=12345
769131     ;
MPRINT(EM_DIAGRAM):   proc neural data=EM_Neural25 dmdbcat=WORK.Neural25_DMDB validdata = 
EMWS8.Varsel_VALIDATE random=12345 ;
769132     nloptions
769133     ;
MPRINT(EM_DIAGRAM):   nloptions ;
769134     performance alldetails noutilfile;
MPRINT(EM_DIAGRAM):   performance alldetails noutilfile;
769135     netopts
769136     decay=0;
MPRINT(EM_DIAGRAM):   netopts decay=0;
MPRINT(EM_DIAGRAM):   input
769137     input %INTINPUTS / level=interval id=intvl
MPRINT(INTINPUTS):   AcceptedCmpTotal Frq Income Mnt MntFruits MntGoldProds MntMeatProducts 
MntSweetProducts NumCatalogPurchases NumWebPurchases RFMstat RMntFrq Recency
769138     ;
MPRINT(EM_DIAGRAM):   / level=interval id=intvl ;
MPRINT(EM_DIAGRAM):   input
769139     input %NOMINPUTS / level=nominal id=nom
MPRINT(NOMINPUTS):   G_Marital_Status
769140     ;
MPRINT(EM_DIAGRAM):   / level=nominal id=nom ;
769141     target DepVar / level=NOMINAL id=DepVar
769142     bias
769143     ;
MPRINT(EM_DIAGRAM):   target DepVar / level=NOMINAL id=DepVar bias ;
769144     arch MLP
769145     Hidden=3
769146     ;
MPRINT(EM_DIAGRAM):   arch MLP Hidden=3 ;
769147     Prelim 5 preiter=10
769148     pretime=3600
769149     Outest=EMWS8.Neural25_PRELIM_OUTEST
769150     ;
MPRINT(EM_DIAGRAM):   Prelim 5 preiter=10 pretime=3600 Outest=EMWS8.Neural25_PRELIM_OUTEST ;
NOTE:  Synchronizing the objectives and the Solution.
NOTE: LEVMAR Optimization cannot be completed.
NOTE: LEVMAR needs more than 10 iterations or 2147483647 function calls.
NOTE: LEVMAR Optimization cannot be completed.
NOTE: LEVMAR needs more than 10 iterations or 2147483647 function calls.
NOTE: LEVMAR Optimization cannot be completed.
NOTE: LEVMAR needs more than 10 iterations or 2147483647 function calls.
NOTE: LEVMAR Optimization cannot be completed.
NOTE: LEVMAR needs more than 10 iterations or 2147483647 function calls.
NOTE: LEVMAR Optimization cannot be completed.
NOTE: LEVMAR needs more than 10 iterations or 2147483647 function calls.
NOTE: The data set EMWS8.NEURAL25_PRELIM_OUTEST has 11 observations and 67 variables.
769151     save network=EMWS8.Neural25_NETWORK.dm_neural;
MPRINT(EM_DIAGRAM):   save network=EMWS8.Neural25_NETWORK.dm_neural;
NOTE: Entry EMWS8.NEURAL25_NETWORK.DM_NEURAL has been opened.
NOTE: Entry EMWS8.NEURAL25_NETWORK.DM_NEURAL has been closed.
769152     train Maxiter=50
769153     maxtime=14400
769154     Outest=EMWS8.Neural25_outest estiter=1
769155     Outfit=EMWS8.Neural25_OUTFIT
769156     ;
MPRINT(EM_DIAGRAM):   train Maxiter=50 maxtime=14400 Outest=EMWS8.Neural25_outest estiter=1 
Outfit=EMWS8.Neural25_OUTFIT ;
NOTE: Convergence criterion (FCONV=0.0001) satisfied.
NOTE: The data set EMWS8.NEURAL25_OUTEST has 93 observations and 67 variables.
NOTE: The data set EMWS8.NEURAL25_OUTFIT has 80 observations and 36 variables.
769157     run;
MPRINT(EM_DIAGRAM):   run;

NOTE: The data set WORK.EM_NEURAL25 has 2374 observations and 15 variables.
NOTE: The data set EMWS8.VARSEL_VALIDATE has . observations and 47 variables.
NOTE: View EMWS8.VARSEL_VALIDATE.VIEW used (Total process time):
      real time           2.42 seconds
      cpu time            2.40 seconds
      
NOTE: There were 1018 observations read from the data set EMWS8.PART_VALIDATE.
NOTE: Closing the Neural Application.
NOTE: The PROCEDURE NEURAL printed pages 669-672.
NOTE: PROCEDURE NEURAL used (Total process time):
      real time           2.43 seconds
      cpu time            2.40 seconds
      

MPRINT(EM_DIAGRAM):   quit;
769158     quit;

769159     proc sort data=EMWS8.Neural25_OUTFIT(where=(_iter_ ne . and _NAME_="OVERALL"))
769159   ! out=fit_Neural25;
MPRINT(EM_DIAGRAM):    proc sort data=EMWS8.Neural25_OUTFIT(where=(_iter_ ne . and 
_NAME_="OVERALL")) out=fit_Neural25;
769160     by _VAVERR_;
MPRINT(EM_DIAGRAM):   by _VAVERR_;
769161     run;
MPRINT(EM_DIAGRAM):   run;

NOTE: There were 40 observations read from the data set EMWS8.NEURAL25_OUTFIT.
      WHERE (_iter_ not = .) and (_NAME_='OVERALL');
NOTE: The data set WORK.FIT_NEURAL25 has 40 observations and 36 variables.
NOTE: PROCEDURE SORT used (Total process time):
      real time           0.00 seconds
      cpu time            0.00 seconds
      

769162     %GLOBAL ITER;
769163     data _null_;
MPRINT(EM_DIAGRAM):   data _null_;
769164     set fit_Neural25(obs=1);
MPRINT(EM_DIAGRAM):   set fit_Neural25(obs=1);
769165     call symput('ITER',put(_ITER_, 6.));
MPRINT(EM_DIAGRAM):   call symput('ITER',put(_ITER_, 6.));
769166     run;
MPRINT(EM_DIAGRAM):   run;

NOTE: There were 1 observations read from the data set WORK.FIT_NEURAL25.
NOTE: DATA statement used (Total process time):
      real time           0.00 seconds
      cpu time            0.00 seconds
      

769167     data EMWS8.Neural25_INITIAL;
MPRINT(EM_DIAGRAM):   data EMWS8.Neural25_INITIAL;
769168     set EMWS8.Neural25_outest(where=(_ITER_ eq &ITER and _OBJ_ ne .));
MPRINT(EM_DIAGRAM):   set EMWS8.Neural25_outest(where=(_ITER_ eq 0 and _OBJ_ ne .));
769169     run;
MPRINT(EM_DIAGRAM):   run;

NOTE: There were 1 observations read from the data set EMWS8.NEURAL25_OUTEST.
      WHERE (_ITER_=0) and (_OBJ_ not = .);
NOTE: The data set EMWS8.NEURAL25_INITIAL has 1 observations and 67 variables.
NOTE: DATA statement used (Total process time):
      real time           0.00 seconds
      cpu time            0.00 seconds
      

769170     *------------------------------------------------------------*;
MPRINT(EM_DIAGRAM):    *------------------------------------------------------------*;
769171     * Neural Network Model Selection;
MPRINT(EM_DIAGRAM):   * Neural Network Model Selection;
769172     ;
MPRINT(EM_DIAGRAM):   ;
769173     *------------------------------------------------------------*;
MPRINT(EM_DIAGRAM):   *------------------------------------------------------------*;
769174     proc neural data=EM_Neural25 dmdbcat=WORK.Neural25_DMDB
769175     validdata = EMWS8.Varsel_VALIDATE
769176     network = EMWS8.Neural25_NETWORK.dm_neural
769177     random=12345
769178     ;
MPRINT(EM_DIAGRAM):   proc neural data=EM_Neural25 dmdbcat=WORK.Neural25_DMDB validdata = 
EMWS8.Varsel_VALIDATE network = EMWS8.Neural25_NETWORK.dm_neural random=12345 ;
NOTE: Entry EMWS8.NEURAL25_NETWORK.DM_NEURAL has been opened.
NOTE: Entry EMWS8.NEURAL25_NETWORK.DM_NEURAL has been closed.
769179     nloptions noprint;
MPRINT(EM_DIAGRAM):   nloptions noprint;
769180     performance alldetails noutilfile;
MPRINT(EM_DIAGRAM):   performance alldetails noutilfile;
769181     initial inest=EMWS8.Neural25_INITIAL;
MPRINT(EM_DIAGRAM):   initial inest=EMWS8.Neural25_INITIAL;
NOTE: The data set EMWS8.NEURAL25_INITIAL has 1 observations and 67 variables.
769182     train tech=NONE;
MPRINT(EM_DIAGRAM):   train tech=NONE;
NOTE: No optimization performed.
769183     code file="C:\\predictive-models-project\Workspaces\EMWS8\Neural25\SCORECODE.sas"
769184     group=Neural25
769185     ;
MPRINT(EM_DIAGRAM):   code 
file="C:\\predictive-models-project\Workspaces\EMWS8\Neural25\SCORECODE.sas" group=Neural25 ;
NOTE: External file C:\\predictive-models-project\Workspaces\EMWS8\Neural25\SCORECODE.sas 
      opened.
769186     ;
MPRINT(EM_DIAGRAM):   ;
769187     code
769187   ! file="C:\\predictive-models-project\Workspaces\EMWS8\Neural25\RESIDUALSCORECODE.sas"
769188     group=Neural25
769189     residual
769190     ;
MPRINT(EM_DIAGRAM):   code 
file="C:\\predictive-models-project\Workspaces\EMWS8\Neural25\RESIDUALSCORECODE.sas" 
group=Neural25 residual ;
NOTE: External file 
      C:\\predictive-models-project\Workspaces\EMWS8\Neural25\RESIDUALSCORECODE.sas opened.
769191     ;
MPRINT(EM_DIAGRAM):   ;
769192     score data=EMWS8.Varsel_TRAIN out=_NULL_
NOTE: View EMWS8.VARSEL_TRAIN.VIEW used (Total process time):
      real time           0.02 seconds
      cpu time            0.03 seconds
      
769193     outfit=WORK.FIT1
769194     role=TRAIN
769195     outkey=EMWS8.Neural25_OUTKEY;
MPRINT(EM_DIAGRAM):   score data=EMWS8.Varsel_TRAIN out=_NULL_ outfit=WORK.FIT1 role=TRAIN 
outkey=EMWS8.Neural25_OUTKEY;
NOTE: The data set EMWS8.NEURAL25_OUTKEY has 30 observations and 8 variables.
NOTE: The data set EMWS8.VARSEL_TRAIN has . observations and 47 variables.
NOTE: There were 2374 observations read from the data set EMWS8.PART_TRAIN.
NOTE: The data set WORK.FIT1 has 2 observations and 23 variables.
769196     score data=EMWS8.Varsel_VALIDATE out=_NULL_
NOTE: View EMWS8.VARSEL_VALIDATE.VIEW used (Total process time):
      real time           0.02 seconds
      cpu time            0.01 seconds
      
769197     outfit=WORK.FIT2
769198     role=VALID
769199     outkey=EMWS8.Neural25_OUTKEY;
MPRINT(EM_DIAGRAM):   score data=EMWS8.Varsel_VALIDATE out=_NULL_ outfit=WORK.FIT2 role=VALID 
outkey=EMWS8.Neural25_OUTKEY;
NOTE: The data set EMWS8.NEURAL25_OUTKEY has 30 observations and 8 variables.
NOTE: The data set EMWS8.VARSEL_VALIDATE has . observations and 47 variables.
NOTE: There were 1018 observations read from the data set EMWS8.PART_VALIDATE.
NOTE: The data set WORK.FIT2 has 2 observations and 15 variables.
769200     run;
MPRINT(EM_DIAGRAM):   run;

NOTE: The data set WORK.EM_NEURAL25 has 2374 observations and 15 variables.
NOTE: The data set EMWS8.VARSEL_VALIDATE has . observations and 47 variables.
NOTE: View EMWS8.VARSEL_VALIDATE.VIEW used (Total process time):
      real time           0.22 seconds
      cpu time            0.23 seconds
      
NOTE: There were 1018 observations read from the data set EMWS8.PART_VALIDATE.
NOTE: Closing the Neural Application.
NOTE: PROCEDURE NEURAL used (Total process time):
      real time           0.22 seconds
      cpu time            0.23 seconds
      

MPRINT(EM_DIAGRAM):   quit;
769201     quit;
769202     data EMWS8.Neural25_OUTFIT;
MPRINT(EM_DIAGRAM):   data EMWS8.Neural25_OUTFIT;
769203     merge WORK.FIT1 WORK.FIT2;
MPRINT(EM_DIAGRAM):   merge WORK.FIT1 WORK.FIT2;
769204     run;
MPRINT(EM_DIAGRAM):   run;

NOTE: There were 2 observations read from the data set WORK.FIT1.
NOTE: There were 2 observations read from the data set WORK.FIT2.
NOTE: The data set EMWS8.NEURAL25_OUTFIT has 2 observations and 36 variables.
NOTE: DATA statement used (Total process time):
      real time           0.00 seconds
      cpu time            0.00 seconds
      

769205     data EMWS8.Neural25_EMESTIMATE;
MPRINT(EM_DIAGRAM):   data EMWS8.Neural25_EMESTIMATE;
769206     set EMWS8.Neural25_outest;
MPRINT(EM_DIAGRAM):   set EMWS8.Neural25_outest;
769207     if _type_ ^in('HESSIAN' 'GRAD');
MPRINT(EM_DIAGRAM):   if _type_ ^in('HESSIAN' 'GRAD');
769208     run;
MPRINT(EM_DIAGRAM):   run;

NOTE: There were 93 observations read from the data set EMWS8.NEURAL25_OUTEST.
NOTE: The data set EMWS8.NEURAL25_EMESTIMATE has 40 observations and 67 variables.
NOTE: DATA statement used (Total process time):
      real time           0.00 seconds
      cpu time            0.01 seconds
      

769209     proc datasets lib=work nolist;
MPRINT(EM_DIAGRAM):   proc datasets lib=work nolist;
769210     delete EM_Neural25;
MPRINT(EM_DIAGRAM):   delete EM_Neural25;
769211     run;
MPRINT(EM_DIAGRAM):   run;

NOTE: Deleting WORK.EM_NEURAL25 (memtype=DATA).
769212     quit;
MPRINT(EM_DIAGRAM):   quit;

NOTE: PROCEDURE DATASETS used (Total process time):
      real time           0.02 seconds
      cpu time            0.01 seconds
      

769213     data EMWS8.Neural25_PLOTDS(where=(_iter_ ne . and _NAME_="OVERALL"));
MPRINT(EM_DIAGRAM):    data EMWS8.Neural25_PLOTDS(where=(_iter_ ne . and _NAME_="OVERALL"));
769214     set fit_Neural25;
MPRINT(EM_DIAGRAM):   set fit_Neural25;
769215     attrib _ITER_ label="%sysfunc(sasmsg(sashelp.dmine, rpt_trainiterations_vlabel  ,
769215   ! NOQUOTE))";
MPRINT(EM_DIAGRAM):   attrib _ITER_ label="Training Iterations";
769216     attrib _NAME_ label="%sysfunc(sasmsg(sashelp.dmine, rpt_varsel_label_name  ,
769216   ! NOQUOTE))";
MPRINT(EM_DIAGRAM):   attrib _NAME_ label="Name";
769217     run;
MPRINT(EM_DIAGRAM):   run;

NOTE: There were 40 observations read from the data set WORK.FIT_NEURAL25.
NOTE: The data set EMWS8.NEURAL25_PLOTDS has 40 observations and 36 variables.
NOTE: DATA statement used (Total process time):
      real time           0.00 seconds
      cpu time            0.00 seconds
      

769218     proc sort data=EMWS8.Neural25_PLOTDS;
MPRINT(EM_DIAGRAM):   proc sort data=EMWS8.Neural25_PLOTDS;
769219     by _ITER_;
MPRINT(EM_DIAGRAM):   by _ITER_;
769220     run;
MPRINT(EM_DIAGRAM):   run;

NOTE: There were 40 observations read from the data set EMWS8.NEURAL25_PLOTDS.
NOTE: The data set EMWS8.NEURAL25_PLOTDS has 40 observations and 36 variables.
NOTE: PROCEDURE SORT used (Total process time):
      real time           0.00 seconds
      cpu time            0.00 seconds
      

769221     data tempweight (drop= _tech_ _decay_ _seed_ _nobj_ _obj_ _objerr_ _averr_ _p_num_
769221   ! where=(_type_ eq "PARMS" and _iter_ eq 0) );
MPRINT(EM_DIAGRAM):    data tempweight (drop= _tech_ _decay_ _seed_ _nobj_ _obj_ _objerr_ 
_averr_ _p_num_ where=(_type_ eq "PARMS" and _iter_ eq 0) );
769222     set EMWS8.Neural25_EMESTIMATE;
MPRINT(EM_DIAGRAM):   set EMWS8.Neural25_EMESTIMATE;
769223     run;
MPRINT(EM_DIAGRAM):   run;

NOTE: There were 40 observations read from the data set EMWS8.NEURAL25_EMESTIMATE.
NOTE: The data set WORK.TEMPWEIGHT has 1 observations and 59 variables.
NOTE: DATA statement used (Total process time):
      real time           0.00 seconds
      cpu time            0.01 seconds
      

769224     proc sort;
MPRINT(EM_DIAGRAM):   proc sort;
769225     by _name_;
MPRINT(EM_DIAGRAM):   by _name_;
769226     run;
MPRINT(EM_DIAGRAM):   run;

NOTE: There were 1 observations read from the data set WORK.TEMPWEIGHT.
NOTE: The data set WORK.TEMPWEIGHT has 1 observations and 59 variables.
NOTE: PROCEDURE SORT used (Total process time):
      real time           0.00 seconds
      cpu time            0.00 seconds
      

769227     proc transpose data=tempweight out=EMWS8.Neural25_WEIGHTDS;
MPRINT(EM_DIAGRAM):   proc transpose data=tempweight out=EMWS8.Neural25_WEIGHTDS;
769228     by _name_;
MPRINT(EM_DIAGRAM):   by _name_;
769229     run;
MPRINT(EM_DIAGRAM):   run;

NOTE: There were 1 observations read from the data set WORK.TEMPWEIGHT.
NOTE: The data set EMWS8.NEURAL25_WEIGHTDS has 57 observations and 3 variables.
NOTE: PROCEDURE TRANSPOSE used (Total process time):
      real time           0.00 seconds
      cpu time            0.00 seconds
      

769230     data EMWS8.Neural25_WEIGHTDS;
MPRINT(EM_DIAGRAM):   data EMWS8.Neural25_WEIGHTDS;
769231     set EMWS8.Neural25_WEIGHTDS;
MPRINT(EM_DIAGRAM):   set EMWS8.Neural25_WEIGHTDS;
769232     FROM = trim(left(scan(_LABEL_, 1, '->')));
MPRINT(EM_DIAGRAM):   FROM = trim(left(scan(_LABEL_, 1, '->')));
769233     TO = trim(left(scan(_LABEL_, 2, '>')));
MPRINT(EM_DIAGRAM):   TO = trim(left(scan(_LABEL_, 2, '>')));
769234     WEIGHT = COL1;
MPRINT(EM_DIAGRAM):   WEIGHT = COL1;
769235     if (TO eq '') or (FROM eq '') then delete;
MPRINT(EM_DIAGRAM):   if (TO eq '') or (FROM eq '') then delete;
769236     label _LABEL_ ="%sysfunc(sasmsg(sashelp.dmine, meta_label_vlabel  , NOQUOTE))" FROM
769236   ! = "%sysfunc(sasmsg(sashelp.dmine, rpt_from_vlabel  , NOQUOTE))" TO =
769236   ! "%sysfunc(sasmsg(sashelp.dmine, rpt_into_vlabel  , NOQUOTE))" WEIGHT =
769237        "%sysfunc(sasmsg(sashelp.dmine, rpt_weight_vlabel  , NOQUOTE))";
MPRINT(EM_DIAGRAM):   label _LABEL_ = "Label" FROM = "From" TO = "Into" WEIGHT = "Weight";
769238     keep FROM TO WEIGHT _LABEL_;
MPRINT(EM_DIAGRAM):   keep FROM TO WEIGHT _LABEL_;
769239     run;
MPRINT(EM_DIAGRAM):   run;

NOTE: There were 57 observations read from the data set EMWS8.NEURAL25_WEIGHTDS.
NOTE: The data set EMWS8.NEURAL25_WEIGHTDS has 52 observations and 4 variables.
NOTE: DATA statement used (Total process time):
      real time           0.00 seconds
      cpu time            0.01 seconds
      

769240     proc sort data=EMWS8.Neural25_WEIGHTDS nodupkey;
MPRINT(EM_DIAGRAM):   proc sort data=EMWS8.Neural25_WEIGHTDS nodupkey;
769241     by _LABEL_;
MPRINT(EM_DIAGRAM):   by _LABEL_;
769242     run;
MPRINT(EM_DIAGRAM):   run;

NOTE: There were 52 observations read from the data set EMWS8.NEURAL25_WEIGHTDS.
NOTE: 0 observations with duplicate key values were deleted.
NOTE: The data set EMWS8.NEURAL25_WEIGHTDS has 52 observations and 4 variables.
NOTE: PROCEDURE SORT used (Total process time):
      real time           0.00 seconds
      cpu time            0.00 seconds
      

MPRINT(EM_DIAGRAM):    proc printto;
MPRINT(EM_DIAGRAM):   run;
